2017-02-12 16:12:09.211 INFO  model.board.RandomBoard 129 setNumberTokensRandom - 
 outerTerrains :
{{20}=model.board.Field@296cd8d9, {13}=model.board.Field@235ca801, {6}=model.board.Desert@40392c45, {7}=model.board.Field@69e30a40, {10}=model.board.Forest@2686adb5, {31}=model.board.Pasture@60dc15c4, {23}=model.board.Field@690e469e, {26}=model.board.Forest@184ee0f5, {29}=model.board.Hill@bb60d4c, {30}=model.board.Hill@b444bcb, {5}=model.board.Hill@10e5d68b}
2017-02-12 16:12:09.216 INFO  model.board.Board 262 printBoardIDs - 
  null  null  null   {0}   {1}   {2}   {3}
  null  null   {4}   {5}   {6}   {7}   {8}
  null   {9}  {10}  {11}  {12}  {13}  {14}
  {15}  {16}  {17}  {18}  {19}  {20}  {21}
  {22}  {23}  {24}  {25}  {26}  {27}  null
  {28}  {29}  {30}  {31}  {32}  null  null
  {33}  {34}  {35}  {36}  null  null  null

2017-02-12 16:12:09.217 INFO  model.board.Board 339 printNumberTokens - 
  null  null  null  null  null  null  null
  null  null  null     4     0    11  null
  null  null     8     3     6    12  null
  null     5    10    11     5     9  null
  null     2     9     4    10  null  null
  null     6     3     8  null  null  null
  null  null  null  null  null  null  null

2017-02-12 16:12:09.220 INFO  model.board.Board 280 printBoardSpecialCo - 
(     )(     )(     )( 0,-3)( 1,-3)( 2,-3)( 3,-3)
(     )(     )(-1,-2)( 0,-2)( 1,-2)( 2,-2)( 3,-2)
(     )(-2,-1)(-1,-1)( 0,-1)( 1,-1)( 2,-1)( 3,-1)
(-3, 0)(-2, 0)(-1, 0)( 0, 0)( 1, 0)( 2, 0)( 3, 0)
(-3, 1)(-2, 1)(-1, 1)( 0, 1)( 1, 1)( 2, 1)(     )
(-3, 2)(-2, 2)(-1, 2)( 0, 2)( 1, 2)(     )(     )
(-3, 3)(-2, 3)(-1, 3)( 0, 3)(     )(     )(     )

2017-02-12 16:12:09.223 INFO  model.board.Board 300 printTileNeighbors - 
Row: 0
                          null : 
                          null : 
                          null : 
      model.board.Sea@7fc3d52a : [model.board.Sea@44a46bf3, model.board.Hill@10e5d68b, model.board.Sea@6d177abf]
      model.board.Sea@44a46bf3 : [model.board.Desert@40392c45, model.board.Hill@10e5d68b, model.board.Sea@7fc3d52a, model.board.Sea@5378a818]
      model.board.Sea@5378a818 : [model.board.Sea@44a46bf3, model.board.Field@69e30a40, model.board.Desert@40392c45, model.board.Sea@32734dd8]
      model.board.Sea@32734dd8 : [model.board.Sea@556f4396, model.board.Field@69e30a40, model.board.Sea@5378a818]
Row: 1
                          null : 
                          null : 
      model.board.Sea@6d177abf : [model.board.Hill@10e5d68b, model.board.Forest@2686adb5, model.board.Sea@37b1906, model.board.Sea@7fc3d52a]
     model.board.Hill@10e5d68b : [model.board.Sea@44a46bf3, model.board.Desert@40392c45, model.board.Mountain@15d54919, model.board.Forest@2686adb5, model.board.Sea@6d177abf, model.board.Sea@7fc3d52a]
   model.board.Desert@40392c45 : [model.board.Sea@44a46bf3, model.board.Field@69e30a40, model.board.Forest@3d60cbf6, model.board.Mountain@15d54919, model.board.Hill@10e5d68b, model.board.Sea@5378a818]
    model.board.Field@69e30a40 : [model.board.Sea@556f4396, model.board.Field@235ca801, model.board.Forest@3d60cbf6, model.board.Desert@40392c45, model.board.Sea@5378a818, model.board.Sea@32734dd8]
      model.board.Sea@556f4396 : [model.board.Sea@12bc4c3f, model.board.Field@235ca801, model.board.Field@69e30a40, model.board.Sea@32734dd8]
Row: 2
                          null : 
       model.board.Sea@37b1906 : [model.board.Sea@6d177abf, model.board.Forest@2686adb5, model.board.Sea@49d4c447, model.board.Mountain@7676d1e5]
   model.board.Forest@2686adb5 : [model.board.Pasture@4d729ba6, model.board.Sea@6d177abf, model.board.Hill@10e5d68b, model.board.Mountain@15d54919, model.board.Sea@37b1906, model.board.Mountain@7676d1e5]
 model.board.Mountain@15d54919 : [model.board.Pasture@4d729ba6, model.board.Hill@10e5d68b, model.board.Desert@40392c45, model.board.Forest@3d60cbf6, model.board.Forest@2686adb5, model.board.Forest@3ddffb83]
   model.board.Forest@3d60cbf6 : [model.board.Desert@40392c45, model.board.Field@69e30a40, model.board.Field@235ca801, model.board.Mountain@15d54919, model.board.Forest@3ddffb83, model.board.Pasture@52c6f683]
    model.board.Field@235ca801 : [model.board.Field@69e30a40, model.board.Sea@556f4396, model.board.Sea@12bc4c3f, model.board.Field@296cd8d9, model.board.Forest@3d60cbf6, model.board.Pasture@52c6f683]
      model.board.Sea@12bc4c3f : [model.board.Sea@556f4396, model.board.Sea@12ffecc7, model.board.Field@296cd8d9, model.board.Field@235ca801]
Row: 3
      model.board.Sea@49d4c447 : [model.board.Sea@37b1906, model.board.Sea@4b89ea95, model.board.Mountain@7676d1e5]
 model.board.Mountain@7676d1e5 : [model.board.Pasture@4d729ba6, model.board.Sea@37b1906, model.board.Forest@2686adb5, model.board.Field@690e469e, model.board.Sea@4b89ea95, model.board.Sea@49d4c447]
  model.board.Pasture@4d729ba6 : [model.board.Forest@2686adb5, model.board.Mountain@15d54919, model.board.Mountain@9481384, model.board.Field@690e469e, model.board.Mountain@7676d1e5, model.board.Forest@3ddffb83]
   model.board.Forest@3ddffb83 : [model.board.Pasture@4d729ba6, model.board.Mountain@15d54919, model.board.Forest@3d60cbf6, model.board.Pasture@6cdf8ec0, model.board.Mountain@9481384, model.board.Pasture@52c6f683]
  model.board.Pasture@52c6f683 : [model.board.Forest@3d60cbf6, model.board.Field@235ca801, model.board.Field@296cd8d9, model.board.Forest@184ee0f5, model.board.Pasture@6cdf8ec0, model.board.Forest@3ddffb83]
    model.board.Field@296cd8d9 : [model.board.Field@235ca801, model.board.Sea@12bc4c3f, model.board.Sea@12ffecc7, model.board.Sea@1abde48, model.board.Forest@184ee0f5, model.board.Pasture@52c6f683]
      model.board.Sea@12ffecc7 : [model.board.Sea@12bc4c3f, model.board.Sea@1abde48, model.board.Field@296cd8d9]
Row: 4
      model.board.Sea@4b89ea95 : [model.board.Sea@49d4c447, model.board.Field@690e469e, model.board.Sea@5f241aa, model.board.Mountain@7676d1e5]
    model.board.Field@690e469e : [model.board.Pasture@4d729ba6, model.board.Mountain@9481384, model.board.Hill@bb60d4c, model.board.Sea@5f241aa, model.board.Sea@4b89ea95, model.board.Mountain@7676d1e5]
  model.board.Mountain@9481384 : [model.board.Pasture@4d729ba6, model.board.Pasture@6cdf8ec0, model.board.Hill@b444bcb, model.board.Hill@bb60d4c, model.board.Field@690e469e, model.board.Forest@3ddffb83]
  model.board.Pasture@6cdf8ec0 : [model.board.Forest@184ee0f5, model.board.Pasture@60dc15c4, model.board.Hill@b444bcb, model.board.Mountain@9481384, model.board.Forest@3ddffb83, model.board.Pasture@52c6f683]
   model.board.Forest@184ee0f5 : [model.board.Field@296cd8d9, model.board.Sea@1abde48, model.board.Pasture@60dc15c4, model.board.Pasture@6cdf8ec0, model.board.Sea@4c6fb6a3, model.board.Pasture@52c6f683]
       model.board.Sea@1abde48 : [model.board.Field@296cd8d9, model.board.Sea@12ffecc7, model.board.Forest@184ee0f5, model.board.Sea@4c6fb6a3]
                          null : 
Row: 5
       model.board.Sea@5f241aa : [model.board.Sea@5cd68860, model.board.Sea@4b89ea95, model.board.Field@690e469e, model.board.Hill@bb60d4c]
      model.board.Hill@bb60d4c : [model.board.Sea@5cd68860, model.board.Field@690e469e, model.board.Mountain@9481384, model.board.Hill@b444bcb, model.board.Sea@5f241aa, model.board.Sea@3d0542c]
      model.board.Hill@b444bcb : [model.board.Mountain@9481384, model.board.Pasture@6cdf8ec0, model.board.Pasture@60dc15c4, model.board.Hill@bb60d4c, model.board.Sea@3d0542c, model.board.Sea@1438aaed]
  model.board.Pasture@60dc15c4 : [model.board.Pasture@6cdf8ec0, model.board.Forest@184ee0f5, model.board.Sea@2553cc67, model.board.Hill@b444bcb, model.board.Sea@4c6fb6a3, model.board.Sea@1438aaed]
      model.board.Sea@4c6fb6a3 : [model.board.Forest@184ee0f5, model.board.Sea@1abde48, model.board.Sea@2553cc67, model.board.Pasture@60dc15c4]
                          null : 
                          null : 
Row: 6
      model.board.Sea@5cd68860 : [model.board.Sea@5f241aa, model.board.Hill@bb60d4c, model.board.Sea@3d0542c]
       model.board.Sea@3d0542c : [model.board.Sea@5cd68860, model.board.Hill@bb60d4c, model.board.Hill@b444bcb, model.board.Sea@1438aaed]
      model.board.Sea@1438aaed : [model.board.Hill@b444bcb, model.board.Pasture@60dc15c4, model.board.Sea@2553cc67, model.board.Sea@3d0542c]
      model.board.Sea@2553cc67 : [model.board.Pasture@60dc15c4, model.board.Sea@4c6fb6a3, model.board.Sea@1438aaed]
                          null : 
                          null : 
                          null : 

2017-02-12 16:12:09.224 INFO  model.board.Board 321 printPorts - 
        {33} : ORE
         {9} : GENERIC
         {8} : BRICK
        {22} : GRAIN
         {0} : GENERIC
        {32} : GENERIC
         {2} : GENERIC
        {35} : LUMBER
        {21} : WOOL

{22, 23, 28} : GRAIN
{16, 22, 23} : GRAIN
   {2, 6, 7} : GENERIC
{31, 32, 36} : GENERIC
{28, 29, 33} : ORE
  {7, 8, 13} : BRICK
 {8, 13, 14} : BRICK
 {9, 10, 16} : GENERIC
 {9, 15, 16} : GENERIC
{26, 31, 32} : GENERIC
{29, 33, 34} : ORE
{30, 31, 35} : LUMBER
   {2, 3, 7} : GENERIC
{30, 34, 35} : LUMBER
{14, 20, 21} : WOOL
{20, 21, 27} : WOOL
   {0, 4, 5} : GENERIC
   {0, 1, 5} : GENERIC

2017-02-12 16:12:09.257 TRACE model.players.Ai 33 <init> - Enter model.players.Ai@2e884849
2017-02-12 16:12:09.259 DEBUG model.players.Player 62 printPlayer - model.players.Ai@2e884849
id        1         color     NULL      name                status    null      
vp        0         road      false     army      false     
dev       0         dice      0         
res       0         lumber    0         brick     0         grain     0         wool      0         ore       0         
dev       []
dev BLOCK []
Harbors   []
Roads          left      15        built     []
Settlements    left      5         built     []
Cities         left      4         built     []
2017-02-12 16:12:09.260 DEBUG model.players.Player 62 printPlayer - model.players.Ai@2e884849
id        1         color     NULL      name                status    START_GAME
vp        0         road      false     army      false     
dev       0         dice      0         
res       0         lumber    0         brick     0         grain     0         wool      0         ore       0         
dev       []
dev BLOCK []
Harbors   []
Roads          left      15        built     []
Settlements    left      5         built     []
Cities         left      4         built     []
2017-02-12 16:12:09.326 TRACE model.players.Ai 33 <init> - Enter model.players.Ai@1fdbddfe
2017-02-12 16:12:09.327 DEBUG model.players.Player 62 printPlayer - model.players.Ai@1fdbddfe
id        2         color     NULL      name                status    null      
vp        0         road      false     army      false     
dev       0         dice      0         
res       0         lumber    0         brick     0         grain     0         wool      0         ore       0         
dev       []
dev BLOCK []
Harbors   []
Roads          left      15        built     []
Settlements    left      5         built     []
Cities         left      4         built     []
2017-02-12 16:12:09.328 DEBUG model.players.Player 62 printPlayer - model.players.Ai@1fdbddfe
id        2         color     NULL      name                status    START_GAME
vp        0         road      false     army      false     
dev       0         dice      0         
res       0         lumber    0         brick     0         grain     0         wool      0         ore       0         
dev       []
dev BLOCK []
Harbors   []
Roads          left      15        built     []
Settlements    left      5         built     []
Cities         left      4         built     []
2017-02-12 16:12:09.753 DEBUG model.players.Player 62 printPlayer - model.players.Ai@2e884849
id        1         color     BLUE      name      KI (1)    status    WAIT_FOR_GAME_START
vp        0         road      false     army      false     
dev       0         dice      0         
res       0         lumber    0         brick     0         grain     0         wool      0         ore       0         
dev       []
dev BLOCK []
Harbors   []
Roads          left      15        built     []
Settlements    left      5         built     []
Cities         left      4         built     []
2017-02-12 16:12:09.754 DEBUG model.Management 42 printManagement - model.Management@4daed525
KI (1)    sum       0         lumber    0         brick     0         grain     0         wool      0         ore       0         
KI (2)    sum       0         lumber    0         brick     0         grain     0         wool      0         ore       0         
[ M ]     sum       95        lumber    19        brick     19        grain     19        wool      19        ore       19        
2017-02-12 16:12:09.913 DEBUG model.players.Player 62 printPlayer - model.players.Ai@1fdbddfe
id        2         color     RED       name      KI (2)    status    WAIT_FOR_GAME_START
vp        0         road      false     army      false     
dev       0         dice      0         
res       0         lumber    0         brick     0         grain     0         wool      0         ore       0         
dev       []
dev BLOCK []
Harbors   []
Roads          left      15        built     []
Settlements    left      5         built     []
Cities         left      4         built     []
2017-02-12 16:12:09.913 DEBUG model.Management 42 printManagement - model.Management@4daed525
KI (1)    sum       0         lumber    0         brick     0         grain     0         wool      0         ore       0         
KI (2)    sum       0         lumber    0         brick     0         grain     0         wool      0         ore       0         
[ M ]     sum       95        lumber    19        brick     19        grain     19        wool      19        ore       19        
2017-02-12 16:12:16.307 TRACE model.players.Human 11 <init> - Enter model.players.Human@2d0dcfc0
2017-02-12 16:12:16.309 DEBUG model.players.Player 62 printPlayer - model.players.Human@2d0dcfc0
id        3         color     NULL      name                status    null      
vp        0         road      false     army      false     
dev       0         dice      0         
res       0         lumber    0         brick     0         grain     0         wool      0         ore       0         
dev       []
dev BLOCK []
Harbors   []
Roads          left      15        built     []
Settlements    left      5         built     []
Cities         left      4         built     []
2017-02-12 16:12:16.309 DEBUG model.players.Player 62 printPlayer - model.players.Human@2d0dcfc0
id        3         color     NULL      name                status    START_GAME
vp        0         road      false     army      false     
dev       0         dice      0         
res       0         lumber    0         brick     0         grain     0         wool      0         ore       0         
dev       []
dev BLOCK []
Harbors   []
Roads          left      15        built     []
Settlements    left      5         built     []
Cities         left      4         built     []
2017-02-12 16:12:24.713 DEBUG model.players.Player 62 printPlayer - model.players.Human@2d0dcfc0
id        3         color     WHITE     name      chris     status    WAIT_FOR_GAME_START
vp        0         road      false     army      false     
dev       0         dice      0         
res       0         lumber    0         brick     0         grain     0         wool      0         ore       0         
dev       []
dev BLOCK []
Harbors   []
Roads          left      15        built     []
Settlements    left      5         built     []
Cities         left      4         built     []
2017-02-12 16:12:24.713 DEBUG model.Management 42 printManagement - model.Management@4daed525
KI (1)    sum       0         lumber    0         brick     0         grain     0         wool      0         ore       0         
KI (2)    sum       0         lumber    0         brick     0         grain     0         wool      0         ore       0         
chris     sum       0         lumber    0         brick     0         grain     0         wool      0         ore       0         
[ M ]     sum       95        lumber    19        brick     19        grain     19        wool      19        ore       19        
2017-02-12 16:12:24.746 INFO  model.Management 58 rollDices - 
 Dice [ 6, 4 ]
 Resources [ BRICK 19, LUMBER 19, ORE 19, GRAIN 19, WOOL 19 ]
2017-02-12 16:12:24.766 INFO  model.Management 58 rollDices - 
 Dice [ 1, 4 ]
 Resources [ BRICK 19, LUMBER 19, ORE 19, GRAIN 19, WOOL 19 ]
2017-02-12 16:12:24.785 INFO  model.Management 58 rollDices - 
 Dice [ 1, 6 ]
 Resources [ BRICK 19, LUMBER 19, ORE 19, GRAIN 19, WOOL 19 ]
2017-02-12 16:12:24.805 DEBUG model.players.Player 62 printPlayer - model.players.Ai@2e884849
id        1         color     BLUE      name      KI (1)    status    BUILD_SETTLEMENT
vp        0         road      false     army      false     
dev       0         dice      0         
res       0         lumber    0         brick     0         grain     0         wool      0         ore       0         
dev       []
dev BLOCK []
Harbors   []
Roads          left      15        built     []
Settlements    left      5         built     []
Cities         left      4         built     []
2017-02-12 16:12:24.806 DEBUG model.Management 42 printManagement - model.Management@4daed525
KI (1)    sum       0         lumber    0         brick     0         grain     0         wool      0         ore       0         
KI (2)    sum       0         lumber    0         brick     0         grain     0         wool      0         ore       0         
chris     sum       0         lumber    0         brick     0         grain     0         wool      0         ore       0         
[ M ]     sum       95        lumber    19        brick     19        grain     19        wool      19        ore       19        
2017-02-12 16:12:24.807 DEBUG model.players.Player 62 printPlayer - model.players.Ai@1fdbddfe
id        2         color     RED       name      KI (2)    status    WAIT      
vp        0         road      false     army      false     
dev       0         dice      0         
res       0         lumber    0         brick     0         grain     0         wool      0         ore       0         
dev       []
dev BLOCK []
Harbors   []
Roads          left      15        built     []
Settlements    left      5         built     []
Cities         left      4         built     []
2017-02-12 16:12:24.807 DEBUG model.Management 42 printManagement - model.Management@4daed525
KI (1)    sum       0         lumber    0         brick     0         grain     0         wool      0         ore       0         
KI (2)    sum       0         lumber    0         brick     0         grain     0         wool      0         ore       0         
chris     sum       0         lumber    0         brick     0         grain     0         wool      0         ore       0         
[ M ]     sum       95        lumber    19        brick     19        grain     19        wool      19        ore       19        
2017-02-12 16:12:24.821 DEBUG model.players.Player 62 printPlayer - model.players.Human@2d0dcfc0
id        3         color     WHITE     name      chris     status    WAIT      
vp        0         road      false     army      false     
dev       0         dice      0         
res       0         lumber    0         brick     0         grain     0         wool      0         ore       0         
dev       []
dev BLOCK []
Harbors   []
Roads          left      15        built     []
Settlements    left      5         built     []
Cities         left      4         built     []
2017-02-12 16:12:24.822 DEBUG model.Management 42 printManagement - model.Management@4daed525
KI (1)    sum       0         lumber    0         brick     0         grain     0         wool      0         ore       0         
KI (2)    sum       0         lumber    0         brick     0         grain     0         wool      0         ore       0         
chris     sum       0         lumber    0         brick     0         grain     0         wool      0         ore       0         
[ M ]     sum       95        lumber    19        brick     19        grain     19        wool      19        ore       19        
2017-02-12 16:12:25.385 INFO  model.players.Player 892 getBuildableSettlements - start settlement 54
2017-02-12 16:12:25.387 INFO  model.players.Player 892 getBuildableSettlements - start settlement 54
2017-02-12 16:12:25.389 INFO  model.players.Player 892 getBuildableSettlements - start settlement 54
2017-02-12 16:12:25.390 INFO  model.players.Player 892 getBuildableSettlements - start settlement 54
2017-02-12 16:12:25.392 INFO  model.players.Player 892 getBuildableSettlements - start settlement 54
2017-02-12 16:12:25.394 INFO  model.players.Player 892 getBuildableSettlements - start settlement 54
2017-02-12 16:12:25.395 INFO  model.players.Player 892 getBuildableSettlements - start settlement 54
2017-02-12 16:12:25.397 INFO  model.players.Player 892 getBuildableSettlements - start settlement 54
2017-02-12 16:12:25.398 INFO  model.players.Player 892 getBuildableSettlements - start settlement 54
2017-02-12 16:12:25.399 INFO  model.players.Player 892 getBuildableSettlements - start settlement 54
2017-02-12 16:12:25.401 INFO  model.players.Player 892 getBuildableSettlements - start settlement 54
2017-02-12 16:12:25.402 INFO  model.players.Player 892 getBuildableSettlements - start settlement 54
2017-02-12 16:12:25.403 INFO  model.players.Player 892 getBuildableSettlements - start settlement 54
2017-02-12 16:12:25.404 INFO  model.players.Player 892 getBuildableSettlements - start settlement 54
2017-02-12 16:12:25.405 INFO  model.players.Player 892 getBuildableSettlements - start settlement 54
2017-02-12 16:12:25.407 INFO  model.players.Player 892 getBuildableSettlements - start settlement 54
2017-02-12 16:12:25.408 INFO  model.players.Player 892 getBuildableSettlements - start settlement 54
2017-02-12 16:12:25.409 INFO  model.players.Player 892 getBuildableSettlements - start settlement 54
2017-02-12 16:12:25.410 INFO  model.players.Player 892 getBuildableSettlements - start settlement 54
2017-02-12 16:12:25.411 INFO  model.players.Player 892 getBuildableSettlements - start settlement 54
2017-02-12 16:12:25.412 INFO  model.players.Player 892 getBuildableSettlements - start settlement 54
2017-02-12 16:12:25.414 INFO  model.players.Player 892 getBuildableSettlements - start settlement 54
2017-02-12 16:12:25.415 INFO  model.players.Player 892 getBuildableSettlements - start settlement 54
2017-02-12 16:12:25.437 DEBUG model.players.Player 62 printPlayer - model.players.Ai@2e884849
id        1         color     BLUE      name      KI (1)    status    BUILD_STREET
vp        1         road      false     army      false     
dev       0         dice      0         
res       0         lumber    0         brick     0         grain     0         wool      0         ore       0         
dev       []
dev BLOCK []
Harbors   []
Roads          left      15        built     []
Settlements    left      4         built     [{10, 11, 17}]
Cities         left      4         built     []
2017-02-12 16:12:25.438 DEBUG model.Management 42 printManagement - model.Management@4daed525
KI (1)    sum       0         lumber    0         brick     0         grain     0         wool      0         ore       0         
KI (2)    sum       0         lumber    0         brick     0         grain     0         wool      0         ore       0         
chris     sum       0         lumber    0         brick     0         grain     0         wool      0         ore       0         
[ M ]     sum       95        lumber    19        brick     19        grain     19        wool      19        ore       19        
2017-02-12 16:12:25.460 INFO  model.Management 285 longestRoad - KI (1) longest road: 0
2017-02-12 16:12:25.460 INFO  model.Management 285 longestRoad - KI (2) longest road: 0
2017-02-12 16:12:25.461 INFO  model.Management 285 longestRoad - chris longest road: 0
2017-02-12 16:12:25.461 INFO  model.Management 331 longestRoad - longest road: nothing changed
2017-02-12 16:12:25.461 INFO  model.Management 397 finish - offene Siegpunkte: 1, Siegpunktkarten: 0
2017-02-12 16:12:25.461 INFO  model.Management 397 finish - offene Siegpunkte: 0, Siegpunktkarten: 0
2017-02-12 16:12:25.461 INFO  model.Management 397 finish - offene Siegpunkte: 0, Siegpunktkarten: 0
2017-02-12 16:12:25.812 INFO  model.Management 285 longestRoad - KI (1) longest road: 1
2017-02-12 16:12:25.813 INFO  model.Management 285 longestRoad - KI (2) longest road: 0
2017-02-12 16:12:25.813 INFO  model.Management 285 longestRoad - chris longest road: 0
2017-02-12 16:12:25.813 INFO  model.Management 331 longestRoad - longest road: nothing changed
2017-02-12 16:12:25.813 INFO  model.Management 397 finish - offene Siegpunkte: 1, Siegpunktkarten: 0
2017-02-12 16:12:25.813 INFO  model.Management 397 finish - offene Siegpunkte: 0, Siegpunktkarten: 0
2017-02-12 16:12:25.813 INFO  model.Management 397 finish - offene Siegpunkte: 0, Siegpunktkarten: 0
2017-02-12 16:12:25.814 DEBUG model.players.Player 62 printPlayer - model.players.Human@2d0dcfc0
id        3         color     WHITE     name      chris     status    BUILD_SETTLEMENT
vp        0         road      false     army      false     
dev       0         dice      0         
res       0         lumber    0         brick     0         grain     0         wool      0         ore       0         
dev       []
dev BLOCK []
Harbors   []
Roads          left      15        built     []
Settlements    left      5         built     []
Cities         left      4         built     []
2017-02-12 16:12:25.814 DEBUG model.Management 42 printManagement - model.Management@4daed525
KI (1)    sum       0         lumber    0         brick     0         grain     0         wool      0         ore       0         
KI (2)    sum       0         lumber    0         brick     0         grain     0         wool      0         ore       0         
chris     sum       0         lumber    0         brick     0         grain     0         wool      0         ore       0         
[ M ]     sum       95        lumber    19        brick     19        grain     19        wool      19        ore       19        
2017-02-12 16:12:25.815 DEBUG model.players.Player 62 printPlayer - model.players.Ai@2e884849
id        1         color     BLUE      name      KI (1)    status    WAIT      
vp        1         road      false     army      false     
dev       0         dice      0         
res       0         lumber    0         brick     0         grain     0         wool      0         ore       0         
dev       []
dev BLOCK []
Harbors   []
Roads          left      14        built     [{10, 17}]
Settlements    left      4         built     [{10, 11, 17}]
Cities         left      4         built     []
2017-02-12 16:12:25.815 DEBUG model.Management 42 printManagement - model.Management@4daed525
KI (1)    sum       0         lumber    0         brick     0         grain     0         wool      0         ore       0         
KI (2)    sum       0         lumber    0         brick     0         grain     0         wool      0         ore       0         
chris     sum       0         lumber    0         brick     0         grain     0         wool      0         ore       0         
[ M ]     sum       95        lumber    19        brick     19        grain     19        wool      19        ore       19        
