2017-02-22 11:33:19.425 INFO  model.board.RandomBoard 129 setNumberTokensRandom - 
 outerTerrains :
{{20}=model.board.Desert@71403c50, {13}=model.board.Hill@56bd397b, {6}=model.board.Forest@5611587f, {7}=model.board.Mountain@2e9b659b, {10}=model.board.Field@5ec96ea4, {31}=model.board.Pasture@6180f2e7, {23}=model.board.Forest@3d0e8c08, {26}=model.board.Field@48cc818f, {30}=model.board.Pasture@5d657a7c, {16}=model.board.Forest@3b14acfd, {5}=model.board.Field@7233095b}
2017-02-22 11:33:19.428 INFO  model.board.Board 263 printBoardIDs - 
  null  null  null   {0}   {1}   {2}   {3}
  null  null   {4}   {5}   {6}   {7}   {8}
  null   {9}  {10}  {11}  {12}  {13}  {14}
  {15}  {16}  {17}  {18}  {19}  {20}  {21}
  {22}  {23}  {24}  {25}  {26}  {27}  null
  {28}  {29}  {30}  {31}  {32}  null  null
  {33}  {34}  {35}  {36}  null  null  null

2017-02-22 11:33:19.429 INFO  model.board.Board 340 printNumberTokens - 
  null  null  null  null  null  null  null
  null  null  null    12     9    10  null
  null  null    11     6     5     8  null
  null     4     3    11     4     0  null
  null     8    10     9     3  null  null
  null     5     2     6  null  null  null
  null  null  null  null  null  null  null

2017-02-22 11:33:19.431 INFO  model.board.Board 281 printBoardSpecialCo - 
(     )(     )(     )( 0,-3)( 1,-3)( 2,-3)( 3,-3)
(     )(     )(-1,-2)( 0,-2)( 1,-2)( 2,-2)( 3,-2)
(     )(-2,-1)(-1,-1)( 0,-1)( 1,-1)( 2,-1)( 3,-1)
(-3, 0)(-2, 0)(-1, 0)( 0, 0)( 1, 0)( 2, 0)( 3, 0)
(-3, 1)(-2, 1)(-1, 1)( 0, 1)( 1, 1)( 2, 1)(     )
(-3, 2)(-2, 2)(-1, 2)( 0, 2)( 1, 2)(     )(     )
(-3, 3)(-2, 3)(-1, 3)( 0, 3)(     )(     )(     )

2017-02-22 11:33:19.433 INFO  model.board.Board 301 printTileNeighbors - 
Row: 0
                          null : 
                          null : 
                          null : 
      model.board.Sea@5edf3e6b : [model.board.Sea@281f1956, model.board.Field@7233095b, model.board.Sea@36f22bec]
      model.board.Sea@281f1956 : [model.board.Forest@5611587f, model.board.Field@7233095b, model.board.Sea@5edf3e6b, model.board.Sea@5c6195b8]
      model.board.Sea@5c6195b8 : [model.board.Sea@281f1956, model.board.Mountain@2e9b659b, model.board.Forest@5611587f, model.board.Sea@7bead439]
      model.board.Sea@7bead439 : [model.board.Sea@2befb7bb, model.board.Mountain@2e9b659b, model.board.Sea@5c6195b8]
Row: 1
                          null : 
                          null : 
      model.board.Sea@36f22bec : [model.board.Field@7233095b, model.board.Field@5ec96ea4, model.board.Sea@c655461, model.board.Sea@5edf3e6b]
    model.board.Field@7233095b : [model.board.Sea@281f1956, model.board.Forest@5611587f, model.board.Field@5cf9cc00, model.board.Field@5ec96ea4, model.board.Sea@36f22bec, model.board.Sea@5edf3e6b]
   model.board.Forest@5611587f : [model.board.Sea@281f1956, model.board.Mountain@2e9b659b, model.board.Forest@711f90ba, model.board.Field@5cf9cc00, model.board.Field@7233095b, model.board.Sea@5c6195b8]
 model.board.Mountain@2e9b659b : [model.board.Sea@2befb7bb, model.board.Hill@56bd397b, model.board.Forest@711f90ba, model.board.Forest@5611587f, model.board.Sea@5c6195b8, model.board.Sea@7bead439]
      model.board.Sea@2befb7bb : [model.board.Sea@271bb34d, model.board.Hill@56bd397b, model.board.Mountain@2e9b659b, model.board.Sea@7bead439]
Row: 2
                          null : 
       model.board.Sea@c655461 : [model.board.Sea@36f22bec, model.board.Field@5ec96ea4, model.board.Sea@1fb3d93, model.board.Forest@3b14acfd]
    model.board.Field@5ec96ea4 : [model.board.Hill@13f07860, model.board.Sea@36f22bec, model.board.Field@7233095b, model.board.Field@5cf9cc00, model.board.Sea@c655461, model.board.Forest@3b14acfd]
    model.board.Field@5cf9cc00 : [model.board.Hill@13f07860, model.board.Field@7233095b, model.board.Forest@5611587f, model.board.Forest@711f90ba, model.board.Field@5ec96ea4, model.board.Pasture@1e67a0e4]
   model.board.Forest@711f90ba : [model.board.Forest@5611587f, model.board.Mountain@2e9b659b, model.board.Hill@56bd397b, model.board.Field@5cf9cc00, model.board.Pasture@1e67a0e4, model.board.Mountain@649cf9be]
     model.board.Hill@56bd397b : [model.board.Mountain@2e9b659b, model.board.Sea@2befb7bb, model.board.Sea@271bb34d, model.board.Desert@71403c50, model.board.Forest@711f90ba, model.board.Mountain@649cf9be]
      model.board.Sea@271bb34d : [model.board.Sea@2befb7bb, model.board.Sea@3cd3471b, model.board.Desert@71403c50, model.board.Hill@56bd397b]
Row: 3
       model.board.Sea@1fb3d93 : [model.board.Sea@c655461, model.board.Sea@2c700b99, model.board.Forest@3b14acfd]
   model.board.Forest@3b14acfd : [model.board.Hill@13f07860, model.board.Sea@c655461, model.board.Field@5ec96ea4, model.board.Forest@3d0e8c08, model.board.Sea@2c700b99, model.board.Sea@1fb3d93]
     model.board.Hill@13f07860 : [model.board.Field@5ec96ea4, model.board.Field@5cf9cc00, model.board.Mountain@f33fe73, model.board.Forest@3d0e8c08, model.board.Forest@3b14acfd, model.board.Pasture@1e67a0e4]
  model.board.Pasture@1e67a0e4 : [model.board.Hill@13f07860, model.board.Field@5cf9cc00, model.board.Forest@711f90ba, model.board.Pasture@ce1b722, model.board.Mountain@f33fe73, model.board.Mountain@649cf9be]
 model.board.Mountain@649cf9be : [model.board.Forest@711f90ba, model.board.Hill@56bd397b, model.board.Desert@71403c50, model.board.Field@48cc818f, model.board.Pasture@ce1b722, model.board.Pasture@1e67a0e4]
   model.board.Desert@71403c50 : [model.board.Hill@56bd397b, model.board.Sea@271bb34d, model.board.Sea@3cd3471b, model.board.Sea@2aacc23a, model.board.Field@48cc818f, model.board.Mountain@649cf9be]
      model.board.Sea@3cd3471b : [model.board.Sea@271bb34d, model.board.Sea@2aacc23a, model.board.Desert@71403c50]
Row: 4
      model.board.Sea@2c700b99 : [model.board.Sea@1fb3d93, model.board.Forest@3d0e8c08, model.board.Sea@6ac3835, model.board.Forest@3b14acfd]
   model.board.Forest@3d0e8c08 : [model.board.Hill@13f07860, model.board.Mountain@f33fe73, model.board.Hill@167c8ef5, model.board.Sea@6ac3835, model.board.Sea@2c700b99, model.board.Forest@3b14acfd]
  model.board.Mountain@f33fe73 : [model.board.Hill@13f07860, model.board.Pasture@ce1b722, model.board.Pasture@5d657a7c, model.board.Hill@167c8ef5, model.board.Forest@3d0e8c08, model.board.Pasture@1e67a0e4]
   model.board.Pasture@ce1b722 : [model.board.Field@48cc818f, model.board.Pasture@6180f2e7, model.board.Pasture@5d657a7c, model.board.Mountain@f33fe73, model.board.Pasture@1e67a0e4, model.board.Mountain@649cf9be]
    model.board.Field@48cc818f : [model.board.Desert@71403c50, model.board.Sea@2aacc23a, model.board.Pasture@6180f2e7, model.board.Pasture@ce1b722, model.board.Sea@172563bf, model.board.Mountain@649cf9be]
      model.board.Sea@2aacc23a : [model.board.Desert@71403c50, model.board.Sea@3cd3471b, model.board.Field@48cc818f, model.board.Sea@172563bf]
                          null : 
Row: 5
       model.board.Sea@6ac3835 : [model.board.Sea@5b54de73, model.board.Sea@2c700b99, model.board.Forest@3d0e8c08, model.board.Hill@167c8ef5]
     model.board.Hill@167c8ef5 : [model.board.Sea@5b54de73, model.board.Forest@3d0e8c08, model.board.Mountain@f33fe73, model.board.Pasture@5d657a7c, model.board.Sea@6ac3835, model.board.Sea@3cde28bc]
  model.board.Pasture@5d657a7c : [model.board.Mountain@f33fe73, model.board.Pasture@ce1b722, model.board.Pasture@6180f2e7, model.board.Hill@167c8ef5, model.board.Sea@3cde28bc, model.board.Sea@4ea712f4]
  model.board.Pasture@6180f2e7 : [model.board.Pasture@ce1b722, model.board.Field@48cc818f, model.board.Sea@7223a804, model.board.Pasture@5d657a7c, model.board.Sea@172563bf, model.board.Sea@4ea712f4]
      model.board.Sea@172563bf : [model.board.Field@48cc818f, model.board.Sea@2aacc23a, model.board.Sea@7223a804, model.board.Pasture@6180f2e7]
                          null : 
                          null : 
Row: 6
      model.board.Sea@5b54de73 : [model.board.Sea@6ac3835, model.board.Hill@167c8ef5, model.board.Sea@3cde28bc]
      model.board.Sea@3cde28bc : [model.board.Sea@5b54de73, model.board.Hill@167c8ef5, model.board.Pasture@5d657a7c, model.board.Sea@4ea712f4]
      model.board.Sea@4ea712f4 : [model.board.Pasture@5d657a7c, model.board.Pasture@6180f2e7, model.board.Sea@7223a804, model.board.Sea@3cde28bc]
      model.board.Sea@7223a804 : [model.board.Pasture@6180f2e7, model.board.Sea@172563bf, model.board.Sea@4ea712f4]
                          null : 
                          null : 
                          null : 

2017-02-22 11:33:19.435 INFO  model.board.Board 322 printPorts - 
        {33} : ORE
         {9} : BRICK
         {8} : GRAIN
        {22} : GENERIC
         {0} : GENERIC
        {32} : GENERIC
         {2} : WOOL
        {35} : GENERIC
        {21} : LUMBER

{22, 23, 28} : GENERIC
{16, 22, 23} : GENERIC
   {2, 6, 7} : WOOL
  {4, 9, 10} : BRICK
{31, 32, 36} : GENERIC
{28, 29, 33} : ORE
  {7, 8, 13} : GRAIN
 {8, 13, 14} : GRAIN
 {9, 10, 16} : BRICK
{26, 31, 32} : GENERIC
{29, 33, 34} : ORE
{30, 31, 35} : GENERIC
   {2, 3, 7} : WOOL
{30, 34, 35} : GENERIC
{14, 20, 21} : LUMBER
{20, 21, 27} : LUMBER
   {0, 4, 5} : GENERIC
   {0, 1, 5} : GENERIC

2017-02-22 11:33:19.485 TRACE model.players.Ai 34 <init> - Enter model.players.Ai@6961f2ec
2017-02-22 11:33:19.486 DEBUG model.players.Player 62 printPlayer - model.players.Ai@6961f2ec
id        1         color     NULL      name                status    null      
vp        0         road      false     army      false     
dev       0         dice      0         
res       0         lumber    0         brick     0         grain     0         wool      0         ore       0         
dev       []
dev BLOCK []
Harbors   []
Roads          left      15        built     []
Settlements    left      5         built     []
Cities         left      4         built     []
2017-02-22 11:33:19.487 DEBUG model.players.Player 62 printPlayer - model.players.Ai@6961f2ec
id        1         color     NULL      name                status    START_GAME
vp        0         road      false     army      false     
dev       0         dice      0         
res       0         lumber    0         brick     0         grain     0         wool      0         ore       0         
dev       []
dev BLOCK []
Harbors   []
Roads          left      15        built     []
Settlements    left      5         built     []
Cities         left      4         built     []
2017-02-22 11:33:19.548 TRACE model.players.Ai 34 <init> - Enter model.players.Ai@8a85e17
2017-02-22 11:33:19.549 DEBUG model.players.Player 62 printPlayer - model.players.Ai@8a85e17
id        2         color     NULL      name                status    null      
vp        0         road      false     army      false     
dev       0         dice      0         
res       0         lumber    0         brick     0         grain     0         wool      0         ore       0         
dev       []
dev BLOCK []
Harbors   []
Roads          left      15        built     []
Settlements    left      5         built     []
Cities         left      4         built     []
2017-02-22 11:33:19.550 DEBUG model.players.Player 62 printPlayer - model.players.Ai@8a85e17
id        2         color     NULL      name                status    START_GAME
vp        0         road      false     army      false     
dev       0         dice      0         
res       0         lumber    0         brick     0         grain     0         wool      0         ore       0         
dev       []
dev BLOCK []
Harbors   []
Roads          left      15        built     []
Settlements    left      5         built     []
Cities         left      4         built     []
2017-02-22 11:33:19.629 TRACE model.players.Ai 34 <init> - Enter model.players.Ai@5e8fe41e
2017-02-22 11:33:19.630 DEBUG model.players.Player 62 printPlayer - model.players.Ai@5e8fe41e
id        3         color     NULL      name                status    null      
vp        0         road      false     army      false     
dev       0         dice      0         
res       0         lumber    0         brick     0         grain     0         wool      0         ore       0         
dev       []
dev BLOCK []
Harbors   []
Roads          left      15        built     []
Settlements    left      5         built     []
Cities         left      4         built     []
2017-02-22 11:33:19.630 DEBUG model.players.Player 62 printPlayer - model.players.Ai@5e8fe41e
id        3         color     NULL      name                status    START_GAME
vp        0         road      false     army      false     
dev       0         dice      0         
res       0         lumber    0         brick     0         grain     0         wool      0         ore       0         
dev       []
dev BLOCK []
Harbors   []
Roads          left      15        built     []
Settlements    left      5         built     []
Cities         left      4         built     []
2017-02-22 11:33:20.100 DEBUG model.players.Player 62 printPlayer - model.players.Ai@6961f2ec
id        1         color     BLUE      name      KI (1)    status    WAIT_FOR_GAME_START
vp        0         road      false     army      false     
dev       0         dice      0         
res       0         lumber    0         brick     0         grain     0         wool      0         ore       0         
dev       []
dev BLOCK []
Harbors   []
Roads          left      15        built     []
Settlements    left      5         built     []
Cities         left      4         built     []
2017-02-22 11:33:20.101 DEBUG model.Management 43 printManagement - model.Management@f794775
KI (1)    sum       0         lumber    0         brick     0         grain     0         wool      0         ore       0         
KI (2)    sum       0         lumber    0         brick     0         grain     0         wool      0         ore       0         
KI (3)    sum       0         lumber    0         brick     0         grain     0         wool      0         ore       0         
[ M ]     sum       95        lumber    19        brick     19        grain     19        wool      19        ore       19        
2017-02-22 11:33:20.245 DEBUG model.players.Player 62 printPlayer - model.players.Ai@8a85e17
id        2         color     RED       name      KI (2)    status    WAIT_FOR_GAME_START
vp        0         road      false     army      false     
dev       0         dice      0         
res       0         lumber    0         brick     0         grain     0         wool      0         ore       0         
dev       []
dev BLOCK []
Harbors   []
Roads          left      15        built     []
Settlements    left      5         built     []
Cities         left      4         built     []
2017-02-22 11:33:20.246 DEBUG model.Management 43 printManagement - model.Management@f794775
KI (1)    sum       0         lumber    0         brick     0         grain     0         wool      0         ore       0         
KI (2)    sum       0         lumber    0         brick     0         grain     0         wool      0         ore       0         
KI (3)    sum       0         lumber    0         brick     0         grain     0         wool      0         ore       0         
[ M ]     sum       95        lumber    19        brick     19        grain     19        wool      19        ore       19        
2017-02-22 11:33:20.421 DEBUG model.players.Player 62 printPlayer - model.players.Ai@5e8fe41e
id        3         color     ORANGE    name      KI (3)    status    WAIT_FOR_GAME_START
vp        0         road      false     army      false     
dev       0         dice      0         
res       0         lumber    0         brick     0         grain     0         wool      0         ore       0         
dev       []
dev BLOCK []
Harbors   []
Roads          left      15        built     []
Settlements    left      5         built     []
Cities         left      4         built     []
2017-02-22 11:33:20.422 DEBUG model.Management 43 printManagement - model.Management@f794775
KI (1)    sum       0         lumber    0         brick     0         grain     0         wool      0         ore       0         
KI (2)    sum       0         lumber    0         brick     0         grain     0         wool      0         ore       0         
KI (3)    sum       0         lumber    0         brick     0         grain     0         wool      0         ore       0         
[ M ]     sum       95        lumber    19        brick     19        grain     19        wool      19        ore       19        
2017-02-22 11:33:29.960 TRACE model.players.Human 11 <init> - Enter model.players.Human@7e7ec8bd
2017-02-22 11:33:29.961 DEBUG model.players.Player 62 printPlayer - model.players.Human@7e7ec8bd
id        4         color     NULL      name                status    null      
vp        0         road      false     army      false     
dev       0         dice      0         
res       0         lumber    0         brick     0         grain     0         wool      0         ore       0         
dev       []
dev BLOCK []
Harbors   []
Roads          left      15        built     []
Settlements    left      5         built     []
Cities         left      4         built     []
2017-02-22 11:33:29.962 DEBUG model.players.Player 62 printPlayer - model.players.Human@7e7ec8bd
id        4         color     NULL      name                status    START_GAME
vp        0         road      false     army      false     
dev       0         dice      0         
res       0         lumber    0         brick     0         grain     0         wool      0         ore       0         
dev       []
dev BLOCK []
Harbors   []
Roads          left      15        built     []
Settlements    left      5         built     []
Cities         left      4         built     []
2017-02-22 11:37:18.836 DEBUG model.players.Player 62 printPlayer - model.players.Human@7e7ec8bd
id        4         color     NULL      name                status    CONNECTION_LOST
vp        0         road      false     army      false     
dev       0         dice      0         
res       0         lumber    0         brick     0         grain     0         wool      0         ore       0         
dev       []
dev BLOCK []
Harbors   []
Roads          left      15        built     []
Settlements    left      5         built     []
Cities         left      4         built     []
2017-02-22 11:37:18.837 DEBUG model.Management 43 printManagement - model.Management@f794775
KI (1)    sum       0         lumber    0         brick     0         grain     0         wool      0         ore       0         
KI (2)    sum       0         lumber    0         brick     0         grain     0         wool      0         ore       0         
KI (3)    sum       0         lumber    0         brick     0         grain     0         wool      0         ore       0         
          sum       0         lumber    0         brick     0         grain     0         wool      0         ore       0         
[ M ]     sum       95        lumber    19        brick     19        grain     19        wool      19        ore       19        
