2017-02-22 11:33:19.447 INFO  network.server.Server 113 startUp - Started server...
hostname:   ChrisMacBookPro2016
ip:         192.168.2.106
port:       10003
2017-02-22 11:33:19.461 INFO  network.server.Server 138 run - 0
2017-02-22 11:33:19.461 INFO  network.client.Client 147 connect - Socket[addr=localhost/127.0.0.1,port=10003,localport=64421]
2017-02-22 11:33:19.461 WARN  network.client.ClientListener 673 writeToConsole - Case not covered!
2017-02-22 11:33:19.462 INFO  network.client.Client 158 connect - Connected to localhost, 10003
2017-02-22 11:33:19.464 INFO  network.server.ClientThread 223 setClientID - clientID: 1
2017-02-22 11:33:19.464 INFO  network.server.Server 144 run - Id: 1, Socket: Socket[addr=/127.0.0.1,port=64421,localport=10003]
2017-02-22 11:33:19.464 TRACE network.server.ClientThread 43 run - Enter
2017-02-22 11:33:19.473 INFO  network.server.ClientThread 128 msgThisClient -    1 > {"Hallo":{"Protokoll":"1.0","Version":"Catan-Server (DichteFideleForste"}}
2017-02-22 11:33:19.474 INFO  network.client.Client 224 receiveMsg - {"Hallo":{"Protokoll":"1.0","Version":"Catan-Server (DichteFideleForste"}}
2017-02-22 11:33:19.475 INFO  network.client.Client 208 sendMsg - {"Hallo":{"Version":"JavaFXClient 1.0 (DichteFideleLurche) (KI)"}}
2017-02-22 11:33:19.476 INFO  network.server.ClientThread 60 run -  < 1   {"Hallo":{"Version":"JavaFXClient 1.0 (DichteFideleLurche) (KI)"}}
2017-02-22 11:33:19.479 INFO  network.server.ClientThread 128 msgThisClient -    1 > {"Willkommen":{"id":1}}
2017-02-22 11:33:19.487 INFO  network.server.ClientThread 128 msgThisClient -    1 > {"Statusupdate":{"Spieler":{"Status":"Spiel starten","Rittermacht":0,"Längste Handelsstraße":false,"Siegpunkte":0,"Rohstoffe":{"Getreide":0,"Wolle":0,"Holz":0,"Lehm":0,"Erz":0},"id":1,"Entwicklungskarten":{"Straßenbau":0,"Erfindung":0,"Monopol":0,"Ritter":0,"Siegpunkt":0},"Größte Rittermacht":false}}}
2017-02-22 11:33:19.544 INFO  network.server.Server 138 run - 1
2017-02-22 11:33:19.544 INFO  network.client.Client 147 connect - Socket[addr=localhost/127.0.0.1,port=10003,localport=64422]
2017-02-22 11:33:19.544 INFO  network.server.ClientThread 223 setClientID - clientID: 2
2017-02-22 11:33:19.544 WARN  network.client.ClientListener 673 writeToConsole - Case not covered!
2017-02-22 11:33:19.544 INFO  network.server.Server 144 run - Id: 2, Socket: Socket[addr=/127.0.0.1,port=64422,localport=10003]
2017-02-22 11:33:19.544 INFO  network.client.Client 158 connect - Connected to localhost, 10003
2017-02-22 11:33:19.544 TRACE network.server.ClientThread 43 run - Enter
2017-02-22 11:33:19.546 INFO  network.server.ClientThread 128 msgThisClient -    2 > {"Hallo":{"Protokoll":"1.0","Version":"Catan-Server (DichteFideleForste"}}
2017-02-22 11:33:19.546 INFO  network.client.Client 224 receiveMsg - {"Hallo":{"Protokoll":"1.0","Version":"Catan-Server (DichteFideleForste"}}
2017-02-22 11:33:19.546 INFO  network.client.Client 208 sendMsg - {"Hallo":{"Version":"JavaFXClient 1.0 (DichteFideleLurche) (KI)"}}
2017-02-22 11:33:19.546 INFO  network.server.ClientThread 60 run -  < 2   {"Hallo":{"Version":"JavaFXClient 1.0 (DichteFideleLurche) (KI)"}}
2017-02-22 11:33:19.547 INFO  network.server.ClientThread 128 msgThisClient -    2 > {"Willkommen":{"id":2}}
2017-02-22 11:33:19.550 INFO  network.server.ClientThread 128 msgThisClient -    2 > {"Statusupdate":{"Spieler":{"Status":"Spiel starten","Rittermacht":0,"Längste Handelsstraße":false,"Siegpunkte":0,"Rohstoffe":{"Getreide":0,"Wolle":0,"Holz":0,"Lehm":0,"Erz":0},"id":2,"Entwicklungskarten":{"Straßenbau":0,"Erfindung":0,"Monopol":0,"Ritter":0,"Siegpunkt":0},"Größte Rittermacht":false}}}
2017-02-22 11:33:19.550 INFO  network.server.ClientThread 188 msgAllButThisClient -    1 > {"Statusupdate":{"Spieler":{"Status":"Spiel starten","Rittermacht":0,"Längste Handelsstraße":false,"Siegpunkte":0,"Rohstoffe":{"Unbekannt":0},"id":2,"Entwicklungskarten":{"Unbekannt":0},"Größte Rittermacht":false}}}
2017-02-22 11:33:19.556 INFO  network.server.ClientThread 128 msgThisClient -    2 > {"Statusupdate":{"Spieler":{"Status":"Spiel starten","Rittermacht":0,"Längste Handelsstraße":false,"Siegpunkte":0,"Rohstoffe":{"Unbekannt":0},"id":1,"Entwicklungskarten":{"Unbekannt":0},"Größte Rittermacht":false}}}
2017-02-22 11:33:19.565 INFO  network.client.Client 224 receiveMsg - {"Willkommen":{"id":1}}
2017-02-22 11:33:19.626 INFO  network.server.Server 138 run - 2
2017-02-22 11:33:19.626 INFO  network.client.Client 147 connect - Socket[addr=localhost/127.0.0.1,port=10003,localport=64423]
2017-02-22 11:33:19.626 INFO  network.server.ClientThread 223 setClientID - clientID: 3
2017-02-22 11:33:19.626 WARN  network.client.ClientListener 673 writeToConsole - Case not covered!
2017-02-22 11:33:19.626 INFO  network.server.Server 144 run - Id: 3, Socket: Socket[addr=/127.0.0.1,port=64423,localport=10003]
2017-02-22 11:33:19.626 INFO  network.client.Client 158 connect - Connected to localhost, 10003
2017-02-22 11:33:19.626 TRACE network.server.ClientThread 43 run - Enter
2017-02-22 11:33:19.627 INFO  network.server.ClientThread 128 msgThisClient -    3 > {"Hallo":{"Protokoll":"1.0","Version":"Catan-Server (DichteFideleForste"}}
2017-02-22 11:33:19.627 INFO  network.client.Client 224 receiveMsg - {"Hallo":{"Protokoll":"1.0","Version":"Catan-Server (DichteFideleForste"}}
2017-02-22 11:33:19.628 INFO  network.client.Client 208 sendMsg - {"Hallo":{"Version":"JavaFXClient 1.0 (DichteFideleLurche) (KI)"}}
2017-02-22 11:33:19.628 INFO  network.server.ClientThread 60 run -  < 3   {"Hallo":{"Version":"JavaFXClient 1.0 (DichteFideleLurche) (KI)"}}
2017-02-22 11:33:19.629 INFO  network.server.ClientThread 128 msgThisClient -    3 > {"Willkommen":{"id":3}}
2017-02-22 11:33:19.630 INFO  network.server.ClientThread 128 msgThisClient -    3 > {"Statusupdate":{"Spieler":{"Status":"Spiel starten","Rittermacht":0,"Längste Handelsstraße":false,"Siegpunkte":0,"Rohstoffe":{"Getreide":0,"Wolle":0,"Holz":0,"Lehm":0,"Erz":0},"id":3,"Entwicklungskarten":{"Straßenbau":0,"Erfindung":0,"Monopol":0,"Ritter":0,"Siegpunkt":0},"Größte Rittermacht":false}}}
2017-02-22 11:33:19.631 INFO  network.server.ClientThread 188 msgAllButThisClient -    1 > {"Statusupdate":{"Spieler":{"Status":"Spiel starten","Rittermacht":0,"Längste Handelsstraße":false,"Siegpunkte":0,"Rohstoffe":{"Unbekannt":0},"id":3,"Entwicklungskarten":{"Unbekannt":0},"Größte Rittermacht":false}}}
2017-02-22 11:33:19.634 INFO  network.client.Client 224 receiveMsg - {"Willkommen":{"id":2}}
2017-02-22 11:33:19.636 INFO  network.server.ClientThread 188 msgAllButThisClient -    2 > {"Statusupdate":{"Spieler":{"Status":"Spiel starten","Rittermacht":0,"Längste Handelsstraße":false,"Siegpunkte":0,"Rohstoffe":{"Unbekannt":0},"id":3,"Entwicklungskarten":{"Unbekannt":0},"Größte Rittermacht":false}}}
2017-02-22 11:33:19.642 INFO  network.server.ClientThread 128 msgThisClient -    3 > {"Statusupdate":{"Spieler":{"Status":"Spiel starten","Rittermacht":0,"Längste Handelsstraße":false,"Siegpunkte":0,"Rohstoffe":{"Unbekannt":0},"id":1,"Entwicklungskarten":{"Unbekannt":0},"Größte Rittermacht":false}}}
2017-02-22 11:33:19.643 INFO  network.server.ClientThread 128 msgThisClient -    3 > {"Statusupdate":{"Spieler":{"Status":"Spiel starten","Rittermacht":0,"Längste Handelsstraße":false,"Siegpunkte":0,"Rohstoffe":{"Unbekannt":0},"id":2,"Entwicklungskarten":{"Unbekannt":0},"Größte Rittermacht":false}}}
2017-02-22 11:33:19.651 INFO  network.client.ClientListener 231 handleMsg - model.players.Ai@6961f2ec
2017-02-22 11:33:19.714 INFO  network.client.ClientListener 231 handleMsg - model.players.Ai@8a85e17
2017-02-22 11:33:19.716 INFO  network.client.Client 224 receiveMsg - {"Willkommen":{"id":3}}
2017-02-22 11:33:19.740 INFO  network.client.Client 224 receiveMsg - {"Statusupdate":{"Spieler":{"Status":"Spiel starten","Rittermacht":0,"Längste Handelsstraße":false,"Siegpunkte":0,"Rohstoffe":{"Getreide":0,"Wolle":0,"Holz":0,"Lehm":0,"Erz":0},"id":1,"Entwicklungskarten":{"Straßenbau":0,"Erfindung":0,"Monopol":0,"Ritter":0,"Siegpunkt":0},"Größte Rittermacht":false}}}
2017-02-22 11:33:19.746 INFO  network.client.Client 208 sendMsg - {"Spieler":{"Farbe":"Blau","Name":"KI (1)"}}
2017-02-22 11:33:19.746 INFO  network.server.ClientThread 60 run -  < 1   {"Spieler":{"Farbe":"Blau","Name":"KI (1)"}}
2017-02-22 11:33:19.748 INFO  network.server.ClientThread 128 msgThisClient -    1 > {"Serverantwort":"OK"}
2017-02-22 11:33:19.749 INFO  network.server.ClientThread 128 msgThisClient -    1 > {"Statusupdate":{"Spieler":{"Status":"Spiel starten","Rittermacht":0,"Farbe":"Blau","Längste Handelsstraße":false,"Siegpunkte":0,"Rohstoffe":{"Getreide":0,"Wolle":0,"Holz":0,"Lehm":0,"Erz":0},"id":1,"Entwicklungskarten":{"Straßenbau":0,"Erfindung":0,"Monopol":0,"Ritter":0,"Siegpunkt":0},"Name":"KI (1)","Größte Rittermacht":false}}}
2017-02-22 11:33:19.749 INFO  network.server.ClientThread 188 msgAllButThisClient -    2 > {"Statusupdate":{"Spieler":{"Status":"Spiel starten","Rittermacht":0,"Farbe":"Blau","Längste Handelsstraße":false,"Siegpunkte":0,"Rohstoffe":{"Unbekannt":0},"id":1,"Entwicklungskarten":{"Unbekannt":0},"Name":"KI (1)","Größte Rittermacht":false}}}
2017-02-22 11:33:19.755 INFO  network.server.ClientThread 188 msgAllButThisClient -    3 > {"Statusupdate":{"Spieler":{"Status":"Spiel starten","Rittermacht":0,"Farbe":"Blau","Längste Handelsstraße":false,"Siegpunkte":0,"Rohstoffe":{"Unbekannt":0},"id":1,"Entwicklungskarten":{"Unbekannt":0},"Name":"KI (1)","Größte Rittermacht":false}}}
2017-02-22 11:33:19.801 INFO  network.client.ClientListener 231 handleMsg - model.players.Ai@5e8fe41e
2017-02-22 11:33:19.801 INFO  network.client.Client 224 receiveMsg - {"Statusupdate":{"Spieler":{"Status":"Spiel starten","Rittermacht":0,"Längste Handelsstraße":false,"Siegpunkte":0,"Rohstoffe":{"Getreide":0,"Wolle":0,"Holz":0,"Lehm":0,"Erz":0},"id":2,"Entwicklungskarten":{"Straßenbau":0,"Erfindung":0,"Monopol":0,"Ritter":0,"Siegpunkt":0},"Größte Rittermacht":false}}}
2017-02-22 11:33:19.802 INFO  network.client.Client 208 sendMsg - {"Spieler":{"Farbe":"Rot","Name":"KI (2)"}}
2017-02-22 11:33:19.802 INFO  network.server.ClientThread 60 run -  < 2   {"Spieler":{"Farbe":"Rot","Name":"KI (2)"}}
2017-02-22 11:33:19.803 INFO  network.server.ClientThread 128 msgThisClient -    2 > {"Serverantwort":"OK"}
2017-02-22 11:33:19.804 INFO  network.server.ClientThread 128 msgThisClient -    2 > {"Statusupdate":{"Spieler":{"Status":"Spiel starten","Rittermacht":0,"Farbe":"Rot","Längste Handelsstraße":false,"Siegpunkte":0,"Rohstoffe":{"Getreide":0,"Wolle":0,"Holz":0,"Lehm":0,"Erz":0},"id":2,"Entwicklungskarten":{"Straßenbau":0,"Erfindung":0,"Monopol":0,"Ritter":0,"Siegpunkt":0},"Name":"KI (2)","Größte Rittermacht":false}}}
2017-02-22 11:33:19.804 INFO  network.server.ClientThread 188 msgAllButThisClient -    1 > {"Statusupdate":{"Spieler":{"Status":"Spiel starten","Rittermacht":0,"Farbe":"Rot","Längste Handelsstraße":false,"Siegpunkte":0,"Rohstoffe":{"Unbekannt":0},"id":2,"Entwicklungskarten":{"Unbekannt":0},"Name":"KI (2)","Größte Rittermacht":false}}}
2017-02-22 11:33:19.811 INFO  network.server.ClientThread 188 msgAllButThisClient -    3 > {"Statusupdate":{"Spieler":{"Status":"Spiel starten","Rittermacht":0,"Farbe":"Rot","Längste Handelsstraße":false,"Siegpunkte":0,"Rohstoffe":{"Unbekannt":0},"id":2,"Entwicklungskarten":{"Unbekannt":0},"Name":"KI (2)","Größte Rittermacht":false}}}
2017-02-22 11:33:19.831 INFO  network.client.Client 224 receiveMsg - {"Statusupdate":{"Spieler":{"Status":"Spiel starten","Rittermacht":0,"Längste Handelsstraße":false,"Siegpunkte":0,"Rohstoffe":{"Unbekannt":0},"id":2,"Entwicklungskarten":{"Unbekannt":0},"Größte Rittermacht":false}}}
2017-02-22 11:33:19.888 INFO  network.client.Client 224 receiveMsg - {"Statusupdate":{"Spieler":{"Status":"Spiel starten","Rittermacht":0,"Längste Handelsstraße":false,"Siegpunkte":0,"Rohstoffe":{"Unbekannt":0},"id":1,"Entwicklungskarten":{"Unbekannt":0},"Größte Rittermacht":false}}}
2017-02-22 11:33:19.888 INFO  network.client.Client 224 receiveMsg - {"Statusupdate":{"Spieler":{"Status":"Spiel starten","Rittermacht":0,"Längste Handelsstraße":false,"Siegpunkte":0,"Rohstoffe":{"Getreide":0,"Wolle":0,"Holz":0,"Lehm":0,"Erz":0},"id":3,"Entwicklungskarten":{"Straßenbau":0,"Erfindung":0,"Monopol":0,"Ritter":0,"Siegpunkt":0},"Größte Rittermacht":false}}}
2017-02-22 11:33:19.889 INFO  network.client.Client 208 sendMsg - {"Spieler":{"Farbe":"Orange","Name":"KI (3)"}}
2017-02-22 11:33:19.889 INFO  network.server.ClientThread 60 run -  < 3   {"Spieler":{"Farbe":"Orange","Name":"KI (3)"}}
2017-02-22 11:33:19.890 INFO  network.server.ClientThread 128 msgThisClient -    3 > {"Serverantwort":"OK"}
2017-02-22 11:33:19.891 INFO  network.server.ClientThread 128 msgThisClient -    3 > {"Statusupdate":{"Spieler":{"Status":"Spiel starten","Rittermacht":0,"Farbe":"Orange","Längste Handelsstraße":false,"Siegpunkte":0,"Rohstoffe":{"Getreide":0,"Wolle":0,"Holz":0,"Lehm":0,"Erz":0},"id":3,"Entwicklungskarten":{"Straßenbau":0,"Erfindung":0,"Monopol":0,"Ritter":0,"Siegpunkt":0},"Name":"KI (3)","Größte Rittermacht":false}}}
2017-02-22 11:33:19.891 INFO  network.server.ClientThread 188 msgAllButThisClient -    1 > {"Statusupdate":{"Spieler":{"Status":"Spiel starten","Rittermacht":0,"Farbe":"Orange","Längste Handelsstraße":false,"Siegpunkte":0,"Rohstoffe":{"Unbekannt":0},"id":3,"Entwicklungskarten":{"Unbekannt":0},"Name":"KI (3)","Größte Rittermacht":false}}}
2017-02-22 11:33:19.898 INFO  network.server.ClientThread 188 msgAllButThisClient -    2 > {"Statusupdate":{"Spieler":{"Status":"Spiel starten","Rittermacht":0,"Farbe":"Orange","Längste Handelsstraße":false,"Siegpunkte":0,"Rohstoffe":{"Unbekannt":0},"id":3,"Entwicklungskarten":{"Unbekannt":0},"Name":"KI (3)","Größte Rittermacht":false}}}
2017-02-22 11:33:19.919 INFO  network.client.Client 224 receiveMsg - {"Statusupdate":{"Spieler":{"Status":"Spiel starten","Rittermacht":0,"Längste Handelsstraße":false,"Siegpunkte":0,"Rohstoffe":{"Unbekannt":0},"id":3,"Entwicklungskarten":{"Unbekannt":0},"Größte Rittermacht":false}}}
2017-02-22 11:33:19.975 INFO  network.client.Client 224 receiveMsg - {"Statusupdate":{"Spieler":{"Status":"Spiel starten","Rittermacht":0,"Längste Handelsstraße":false,"Siegpunkte":0,"Rohstoffe":{"Unbekannt":0},"id":1,"Entwicklungskarten":{"Unbekannt":0},"Größte Rittermacht":false}}}
2017-02-22 11:33:19.975 INFO  network.client.Client 224 receiveMsg - {"Statusupdate":{"Spieler":{"Status":"Spiel starten","Rittermacht":0,"Längste Handelsstraße":false,"Siegpunkte":0,"Rohstoffe":{"Unbekannt":0},"id":3,"Entwicklungskarten":{"Unbekannt":0},"Größte Rittermacht":false}}}
2017-02-22 11:33:20.009 INFO  network.client.Client 224 receiveMsg - {"Serverantwort":"OK"}
2017-02-22 11:33:20.009 WARN  network.client.ClientListener 253 handleMsg - Case not covered!
2017-02-22 11:33:20.064 INFO  network.client.Client 224 receiveMsg - {"Statusupdate":{"Spieler":{"Status":"Spiel starten","Rittermacht":0,"Längste Handelsstraße":false,"Siegpunkte":0,"Rohstoffe":{"Unbekannt":0},"id":2,"Entwicklungskarten":{"Unbekannt":0},"Größte Rittermacht":false}}}
2017-02-22 11:33:20.064 INFO  network.client.Client 224 receiveMsg - {"Statusupdate":{"Spieler":{"Status":"Spiel starten","Rittermacht":0,"Farbe":"Blau","Längste Handelsstraße":false,"Siegpunkte":0,"Rohstoffe":{"Unbekannt":0},"id":1,"Entwicklungskarten":{"Unbekannt":0},"Name":"KI (1)","Größte Rittermacht":false}}}
2017-02-22 11:33:20.098 INFO  network.client.Client 224 receiveMsg - {"Statusupdate":{"Spieler":{"Status":"Spiel starten","Rittermacht":0,"Farbe":"Blau","Längste Handelsstraße":false,"Siegpunkte":0,"Rohstoffe":{"Getreide":0,"Wolle":0,"Holz":0,"Lehm":0,"Erz":0},"id":1,"Entwicklungskarten":{"Straßenbau":0,"Erfindung":0,"Monopol":0,"Ritter":0,"Siegpunkt":0},"Name":"KI (1)","Größte Rittermacht":false}}}
2017-02-22 11:33:20.098 INFO  network.client.Client 208 sendMsg - {"Spiel starten":{}}
2017-02-22 11:33:20.098 INFO  network.server.ClientThread 60 run -  < 1   {"Spiel starten":{}}
2017-02-22 11:33:20.101 INFO  network.server.ClientThread 128 msgThisClient -    1 > {"Serverantwort":"OK"}
2017-02-22 11:33:20.102 INFO  network.server.ClientThread 128 msgThisClient -    1 > {"Statusupdate":{"Spieler":{"Status":"Wartet auf Spielbeginn","Rittermacht":0,"Farbe":"Blau","Längste Handelsstraße":false,"Siegpunkte":0,"Rohstoffe":{"Getreide":0,"Wolle":0,"Holz":0,"Lehm":0,"Erz":0},"id":1,"Entwicklungskarten":{"Straßenbau":0,"Erfindung":0,"Monopol":0,"Ritter":0,"Siegpunkt":0},"Name":"KI (1)","Größte Rittermacht":false}}}
2017-02-22 11:33:20.102 INFO  network.server.ClientThread 188 msgAllButThisClient -    2 > {"Statusupdate":{"Spieler":{"Status":"Wartet auf Spielbeginn","Rittermacht":0,"Farbe":"Blau","Längste Handelsstraße":false,"Siegpunkte":0,"Rohstoffe":{"Unbekannt":0},"id":1,"Entwicklungskarten":{"Unbekannt":0},"Name":"KI (1)","Größte Rittermacht":false}}}
2017-02-22 11:33:20.107 INFO  network.server.ClientThread 188 msgAllButThisClient -    3 > {"Statusupdate":{"Spieler":{"Status":"Wartet auf Spielbeginn","Rittermacht":0,"Farbe":"Blau","Längste Handelsstraße":false,"Siegpunkte":0,"Rohstoffe":{"Unbekannt":0},"id":1,"Entwicklungskarten":{"Unbekannt":0},"Name":"KI (1)","Größte Rittermacht":false}}}
2017-02-22 11:33:20.153 INFO  network.client.Client 224 receiveMsg - {"Serverantwort":"OK"}
2017-02-22 11:33:20.153 INFO  network.client.Client 224 receiveMsg - {"Statusupdate":{"Spieler":{"Status":"Spiel starten","Rittermacht":0,"Farbe":"Blau","Längste Handelsstraße":false,"Siegpunkte":0,"Rohstoffe":{"Unbekannt":0},"id":1,"Entwicklungskarten":{"Unbekannt":0},"Name":"KI (1)","Größte Rittermacht":false}}}
2017-02-22 11:33:20.153 WARN  network.client.ClientListener 253 handleMsg - Case not covered!
2017-02-22 11:33:20.186 INFO  network.client.Client 224 receiveMsg - {"Statusupdate":{"Spieler":{"Status":"Spiel starten","Rittermacht":0,"Farbe":"Rot","Längste Handelsstraße":false,"Siegpunkte":0,"Rohstoffe":{"Unbekannt":0},"id":2,"Entwicklungskarten":{"Unbekannt":0},"Name":"KI (2)","Größte Rittermacht":false}}}
2017-02-22 11:33:20.242 INFO  network.client.Client 224 receiveMsg - {"Statusupdate":{"Spieler":{"Status":"Spiel starten","Rittermacht":0,"Farbe":"Rot","Längste Handelsstraße":false,"Siegpunkte":0,"Rohstoffe":{"Unbekannt":0},"id":2,"Entwicklungskarten":{"Unbekannt":0},"Name":"KI (2)","Größte Rittermacht":false}}}
2017-02-22 11:33:20.242 INFO  network.client.Client 224 receiveMsg - {"Statusupdate":{"Spieler":{"Status":"Spiel starten","Rittermacht":0,"Farbe":"Rot","Längste Handelsstraße":false,"Siegpunkte":0,"Rohstoffe":{"Getreide":0,"Wolle":0,"Holz":0,"Lehm":0,"Erz":0},"id":2,"Entwicklungskarten":{"Straßenbau":0,"Erfindung":0,"Monopol":0,"Ritter":0,"Siegpunkt":0},"Name":"KI (2)","Größte Rittermacht":false}}}
2017-02-22 11:33:20.243 INFO  network.client.Client 208 sendMsg - {"Spiel starten":{}}
2017-02-22 11:33:20.243 INFO  network.server.ClientThread 60 run -  < 2   {"Spiel starten":{}}
2017-02-22 11:33:20.246 INFO  network.server.ClientThread 128 msgThisClient -    2 > {"Serverantwort":"OK"}
2017-02-22 11:33:20.247 INFO  network.server.ClientThread 128 msgThisClient -    2 > {"Statusupdate":{"Spieler":{"Status":"Wartet auf Spielbeginn","Rittermacht":0,"Farbe":"Rot","Längste Handelsstraße":false,"Siegpunkte":0,"Rohstoffe":{"Getreide":0,"Wolle":0,"Holz":0,"Lehm":0,"Erz":0},"id":2,"Entwicklungskarten":{"Straßenbau":0,"Erfindung":0,"Monopol":0,"Ritter":0,"Siegpunkt":0},"Name":"KI (2)","Größte Rittermacht":false}}}
2017-02-22 11:33:20.247 INFO  network.server.ClientThread 188 msgAllButThisClient -    1 > {"Statusupdate":{"Spieler":{"Status":"Wartet auf Spielbeginn","Rittermacht":0,"Farbe":"Rot","Längste Handelsstraße":false,"Siegpunkte":0,"Rohstoffe":{"Unbekannt":0},"id":2,"Entwicklungskarten":{"Unbekannt":0},"Name":"KI (2)","Größte Rittermacht":false}}}
2017-02-22 11:33:20.253 INFO  network.server.ClientThread 188 msgAllButThisClient -    3 > {"Statusupdate":{"Spieler":{"Status":"Wartet auf Spielbeginn","Rittermacht":0,"Farbe":"Rot","Längste Handelsstraße":false,"Siegpunkte":0,"Rohstoffe":{"Unbekannt":0},"id":2,"Entwicklungskarten":{"Unbekannt":0},"Name":"KI (2)","Größte Rittermacht":false}}}
2017-02-22 11:33:20.274 INFO  network.client.Client 224 receiveMsg - {"Statusupdate":{"Spieler":{"Status":"Spiel starten","Rittermacht":0,"Farbe":"Orange","Längste Handelsstraße":false,"Siegpunkte":0,"Rohstoffe":{"Unbekannt":0},"id":3,"Entwicklungskarten":{"Unbekannt":0},"Name":"KI (3)","Größte Rittermacht":false}}}
2017-02-22 11:33:20.332 INFO  network.client.Client 224 receiveMsg - {"Serverantwort":"OK"}
2017-02-22 11:33:20.332 INFO  network.client.Client 224 receiveMsg - {"Statusupdate":{"Spieler":{"Status":"Spiel starten","Rittermacht":0,"Farbe":"Orange","Längste Handelsstraße":false,"Siegpunkte":0,"Rohstoffe":{"Unbekannt":0},"id":3,"Entwicklungskarten":{"Unbekannt":0},"Name":"KI (3)","Größte Rittermacht":false}}}
2017-02-22 11:33:20.332 WARN  network.client.ClientListener 253 handleMsg - Case not covered!
2017-02-22 11:33:20.365 INFO  network.client.Client 224 receiveMsg - {"Serverantwort":"OK"}
2017-02-22 11:33:20.365 WARN  network.client.ClientListener 253 handleMsg - Case not covered!
2017-02-22 11:33:20.418 INFO  network.client.Client 224 receiveMsg - {"Statusupdate":{"Spieler":{"Status":"Wartet auf Spielbeginn","Rittermacht":0,"Farbe":"Blau","Längste Handelsstraße":false,"Siegpunkte":0,"Rohstoffe":{"Unbekannt":0},"id":1,"Entwicklungskarten":{"Unbekannt":0},"Name":"KI (1)","Größte Rittermacht":false}}}
2017-02-22 11:33:20.418 INFO  network.client.Client 224 receiveMsg - {"Statusupdate":{"Spieler":{"Status":"Spiel starten","Rittermacht":0,"Farbe":"Orange","Längste Handelsstraße":false,"Siegpunkte":0,"Rohstoffe":{"Getreide":0,"Wolle":0,"Holz":0,"Lehm":0,"Erz":0},"id":3,"Entwicklungskarten":{"Straßenbau":0,"Erfindung":0,"Monopol":0,"Ritter":0,"Siegpunkt":0},"Name":"KI (3)","Größte Rittermacht":false}}}
2017-02-22 11:33:20.419 WARN  network.client.ClientListener 1098 internalAi - Case not covered!
2017-02-22 11:33:20.419 INFO  network.client.Client 208 sendMsg - {"Spiel starten":{}}
2017-02-22 11:33:20.419 INFO  network.server.ClientThread 60 run -  < 3   {"Spiel starten":{}}
2017-02-22 11:33:20.422 INFO  network.server.ClientThread 128 msgThisClient -    3 > {"Serverantwort":"OK"}
2017-02-22 11:33:20.423 INFO  network.server.ClientThread 128 msgThisClient -    3 > {"Statusupdate":{"Spieler":{"Status":"Wartet auf Spielbeginn","Rittermacht":0,"Farbe":"Orange","Längste Handelsstraße":false,"Siegpunkte":0,"Rohstoffe":{"Getreide":0,"Wolle":0,"Holz":0,"Lehm":0,"Erz":0},"id":3,"Entwicklungskarten":{"Straßenbau":0,"Erfindung":0,"Monopol":0,"Ritter":0,"Siegpunkt":0},"Name":"KI (3)","Größte Rittermacht":false}}}
2017-02-22 11:33:20.423 INFO  network.server.ClientThread 188 msgAllButThisClient -    1 > {"Statusupdate":{"Spieler":{"Status":"Wartet auf Spielbeginn","Rittermacht":0,"Farbe":"Orange","Längste Handelsstraße":false,"Siegpunkte":0,"Rohstoffe":{"Unbekannt":0},"id":3,"Entwicklungskarten":{"Unbekannt":0},"Name":"KI (3)","Größte Rittermacht":false}}}
2017-02-22 11:33:20.429 INFO  network.server.ClientThread 188 msgAllButThisClient -    2 > {"Statusupdate":{"Spieler":{"Status":"Wartet auf Spielbeginn","Rittermacht":0,"Farbe":"Orange","Längste Handelsstraße":false,"Siegpunkte":0,"Rohstoffe":{"Unbekannt":0},"id":3,"Entwicklungskarten":{"Unbekannt":0},"Name":"KI (3)","Größte Rittermacht":false}}}
2017-02-22 11:33:20.451 INFO  network.client.Client 224 receiveMsg - {"Statusupdate":{"Spieler":{"Status":"Wartet auf Spielbeginn","Rittermacht":0,"Farbe":"Blau","Längste Handelsstraße":false,"Siegpunkte":0,"Rohstoffe":{"Getreide":0,"Wolle":0,"Holz":0,"Lehm":0,"Erz":0},"id":1,"Entwicklungskarten":{"Straßenbau":0,"Erfindung":0,"Monopol":0,"Ritter":0,"Siegpunkt":0},"Name":"KI (1)","Größte Rittermacht":false}}}
2017-02-22 11:33:20.452 WARN  network.client.ClientListener 1098 internalAi - Case not covered!
2017-02-22 11:33:20.507 INFO  network.client.Client 224 receiveMsg - {"Serverantwort":"OK"}
2017-02-22 11:33:20.507 INFO  network.client.Client 224 receiveMsg - {"Statusupdate":{"Spieler":{"Status":"Wartet auf Spielbeginn","Rittermacht":0,"Farbe":"Blau","Längste Handelsstraße":false,"Siegpunkte":0,"Rohstoffe":{"Unbekannt":0},"id":1,"Entwicklungskarten":{"Unbekannt":0},"Name":"KI (1)","Größte Rittermacht":false}}}
2017-02-22 11:33:20.508 WARN  network.client.ClientListener 253 handleMsg - Case not covered!
2017-02-22 11:33:20.508 WARN  network.client.ClientListener 1098 internalAi - Case not covered!
2017-02-22 11:33:20.538 INFO  network.client.Client 224 receiveMsg - {"Statusupdate":{"Spieler":{"Status":"Wartet auf Spielbeginn","Rittermacht":0,"Farbe":"Rot","Längste Handelsstraße":false,"Siegpunkte":0,"Rohstoffe":{"Unbekannt":0},"id":2,"Entwicklungskarten":{"Unbekannt":0},"Name":"KI (2)","Größte Rittermacht":false}}}
2017-02-22 11:33:20.538 WARN  network.client.ClientListener 1098 internalAi - Case not covered!
2017-02-22 11:33:20.598 INFO  network.client.Client 224 receiveMsg - {"Statusupdate":{"Spieler":{"Status":"Wartet auf Spielbeginn","Rittermacht":0,"Farbe":"Rot","Längste Handelsstraße":false,"Siegpunkte":0,"Rohstoffe":{"Unbekannt":0},"id":2,"Entwicklungskarten":{"Unbekannt":0},"Name":"KI (2)","Größte Rittermacht":false}}}
2017-02-22 11:33:20.598 INFO  network.client.Client 224 receiveMsg - {"Statusupdate":{"Spieler":{"Status":"Wartet auf Spielbeginn","Rittermacht":0,"Farbe":"Rot","Längste Handelsstraße":false,"Siegpunkte":0,"Rohstoffe":{"Getreide":0,"Wolle":0,"Holz":0,"Lehm":0,"Erz":0},"id":2,"Entwicklungskarten":{"Straßenbau":0,"Erfindung":0,"Monopol":0,"Ritter":0,"Siegpunkt":0},"Name":"KI (2)","Größte Rittermacht":false}}}
2017-02-22 11:33:20.598 WARN  network.client.ClientListener 1098 internalAi - Case not covered!
2017-02-22 11:33:20.598 WARN  network.client.ClientListener 1098 internalAi - Case not covered!
2017-02-22 11:33:20.628 INFO  network.client.Client 224 receiveMsg - {"Statusupdate":{"Spieler":{"Status":"Wartet auf Spielbeginn","Rittermacht":0,"Farbe":"Orange","Längste Handelsstraße":false,"Siegpunkte":0,"Rohstoffe":{"Unbekannt":0},"id":3,"Entwicklungskarten":{"Unbekannt":0},"Name":"KI (3)","Größte Rittermacht":false}}}
2017-02-22 11:33:20.628 WARN  network.client.ClientListener 1098 internalAi - Case not covered!
2017-02-22 11:33:20.684 INFO  network.client.Client 224 receiveMsg - {"Serverantwort":"OK"}
2017-02-22 11:33:20.684 INFO  network.client.Client 224 receiveMsg - {"Statusupdate":{"Spieler":{"Status":"Wartet auf Spielbeginn","Rittermacht":0,"Farbe":"Orange","Längste Handelsstraße":false,"Siegpunkte":0,"Rohstoffe":{"Unbekannt":0},"id":3,"Entwicklungskarten":{"Unbekannt":0},"Name":"KI (3)","Größte Rittermacht":false}}}
2017-02-22 11:33:20.684 WARN  network.client.ClientListener 253 handleMsg - Case not covered!
2017-02-22 11:33:20.684 WARN  network.client.ClientListener 1098 internalAi - Case not covered!
2017-02-22 11:33:20.769 INFO  network.client.Client 224 receiveMsg - {"Statusupdate":{"Spieler":{"Status":"Wartet auf Spielbeginn","Rittermacht":0,"Farbe":"Orange","Längste Handelsstraße":false,"Siegpunkte":0,"Rohstoffe":{"Getreide":0,"Wolle":0,"Holz":0,"Lehm":0,"Erz":0},"id":3,"Entwicklungskarten":{"Straßenbau":0,"Erfindung":0,"Monopol":0,"Ritter":0,"Siegpunkt":0},"Name":"KI (3)","Größte Rittermacht":false}}}
2017-02-22 11:33:20.770 WARN  network.client.ClientListener 1098 internalAi - Case not covered!
2017-02-22 11:33:29.943 INFO  network.server.Server 138 run - 3
2017-02-22 11:33:29.943 INFO  network.server.ClientThread 223 setClientID - clientID: 4
2017-02-22 11:33:29.943 INFO  network.server.Server 144 run - Id: 4, Socket: Socket[addr=/127.0.0.1,port=64424,localport=10003]
2017-02-22 11:33:29.943 TRACE network.server.ClientThread 43 run - Enter
2017-02-22 11:33:29.944 INFO  network.server.ClientThread 128 msgThisClient -    4 > {"Hallo":{"Protokoll":"1.0","Version":"Catan-Server (DichteFideleForste"}}
2017-02-22 11:33:29.957 INFO  network.server.ClientThread 60 run -  < 4   {"Hallo":{"Version":"JavaFXClient 1.0 (DichteFideleLurche)"}}
2017-02-22 11:33:29.958 INFO  network.server.ClientThread 128 msgThisClient -    4 > {"Willkommen":{"id":4}}
2017-02-22 11:33:29.962 INFO  network.server.ClientThread 128 msgThisClient -    4 > {"Statusupdate":{"Spieler":{"Status":"Spiel starten","Rittermacht":0,"Längste Handelsstraße":false,"Siegpunkte":0,"Rohstoffe":{"Getreide":0,"Wolle":0,"Holz":0,"Lehm":0,"Erz":0},"id":4,"Entwicklungskarten":{"Straßenbau":0,"Erfindung":0,"Monopol":0,"Ritter":0,"Siegpunkt":0},"Größte Rittermacht":false}}}
2017-02-22 11:33:29.963 INFO  network.server.ClientThread 188 msgAllButThisClient -    1 > {"Statusupdate":{"Spieler":{"Status":"Spiel starten","Rittermacht":0,"Längste Handelsstraße":false,"Siegpunkte":0,"Rohstoffe":{"Unbekannt":0},"id":4,"Entwicklungskarten":{"Unbekannt":0},"Größte Rittermacht":false}}}
2017-02-22 11:33:29.963 INFO  network.client.Client 224 receiveMsg - {"Statusupdate":{"Spieler":{"Status":"Spiel starten","Rittermacht":0,"Längste Handelsstraße":false,"Siegpunkte":0,"Rohstoffe":{"Unbekannt":0},"id":4,"Entwicklungskarten":{"Unbekannt":0},"Größte Rittermacht":false}}}
2017-02-22 11:33:29.969 INFO  network.server.ClientThread 188 msgAllButThisClient -    2 > {"Statusupdate":{"Spieler":{"Status":"Spiel starten","Rittermacht":0,"Längste Handelsstraße":false,"Siegpunkte":0,"Rohstoffe":{"Unbekannt":0},"id":4,"Entwicklungskarten":{"Unbekannt":0},"Größte Rittermacht":false}}}
2017-02-22 11:33:29.969 INFO  network.client.Client 224 receiveMsg - {"Statusupdate":{"Spieler":{"Status":"Spiel starten","Rittermacht":0,"Längste Handelsstraße":false,"Siegpunkte":0,"Rohstoffe":{"Unbekannt":0},"id":4,"Entwicklungskarten":{"Unbekannt":0},"Größte Rittermacht":false}}}
2017-02-22 11:33:29.974 INFO  network.server.ClientThread 188 msgAllButThisClient -    3 > {"Statusupdate":{"Spieler":{"Status":"Spiel starten","Rittermacht":0,"Längste Handelsstraße":false,"Siegpunkte":0,"Rohstoffe":{"Unbekannt":0},"id":4,"Entwicklungskarten":{"Unbekannt":0},"Größte Rittermacht":false}}}
2017-02-22 11:33:29.974 INFO  network.client.Client 224 receiveMsg - {"Statusupdate":{"Spieler":{"Status":"Spiel starten","Rittermacht":0,"Längste Handelsstraße":false,"Siegpunkte":0,"Rohstoffe":{"Unbekannt":0},"id":4,"Entwicklungskarten":{"Unbekannt":0},"Größte Rittermacht":false}}}
2017-02-22 11:33:29.980 INFO  network.server.ClientThread 128 msgThisClient -    4 > {"Statusupdate":{"Spieler":{"Status":"Wartet auf Spielbeginn","Rittermacht":0,"Farbe":"Blau","Längste Handelsstraße":false,"Siegpunkte":0,"Rohstoffe":{"Unbekannt":0},"id":1,"Entwicklungskarten":{"Unbekannt":0},"Name":"KI (1)","Größte Rittermacht":false}}}
2017-02-22 11:33:29.981 INFO  network.server.ClientThread 128 msgThisClient -    4 > {"Statusupdate":{"Spieler":{"Status":"Wartet auf Spielbeginn","Rittermacht":0,"Farbe":"Rot","Längste Handelsstraße":false,"Siegpunkte":0,"Rohstoffe":{"Unbekannt":0},"id":2,"Entwicklungskarten":{"Unbekannt":0},"Name":"KI (2)","Größte Rittermacht":false}}}
2017-02-22 11:33:29.981 INFO  network.server.ClientThread 128 msgThisClient -    4 > {"Statusupdate":{"Spieler":{"Status":"Wartet auf Spielbeginn","Rittermacht":0,"Farbe":"Orange","Längste Handelsstraße":false,"Siegpunkte":0,"Rohstoffe":{"Unbekannt":0},"id":3,"Entwicklungskarten":{"Unbekannt":0},"Name":"KI (3)","Größte Rittermacht":false}}}
2017-02-22 11:37:18.835 WARN  network.server.ClientThread 65 run - Lost connection.
2017-02-22 11:37:18.837 INFO  network.client.Client 224 receiveMsg - {"Statusupdate":{"Spieler":{"Status":"Verbindung verloren","Rittermacht":0,"Längste Handelsstraße":false,"Siegpunkte":0,"Rohstoffe":{"Getreide":0,"Wolle":0,"Holz":0,"Lehm":0,"Erz":0},"id":4,"Entwicklungskarten":{"Straßenbau":0,"Erfindung":0,"Monopol":0,"Ritter":0,"Siegpunkt":0},"Größte Rittermacht":false}}}
2017-02-22 11:37:18.837 INFO  network.server.ClientThread 188 msgAllButThisClient -    1 > {"Statusupdate":{"Spieler":{"Status":"Verbindung verloren","Rittermacht":0,"Längste Handelsstraße":false,"Siegpunkte":0,"Rohstoffe":{"Getreide":0,"Wolle":0,"Holz":0,"Lehm":0,"Erz":0},"id":4,"Entwicklungskarten":{"Straßenbau":0,"Erfindung":0,"Monopol":0,"Ritter":0,"Siegpunkt":0},"Größte Rittermacht":false}}}
2017-02-22 11:37:18.838 WARN  network.client.ClientListener 1098 internalAi - Case not covered!
2017-02-22 11:37:18.843 INFO  network.client.Client 224 receiveMsg - {"Statusupdate":{"Spieler":{"Status":"Verbindung verloren","Rittermacht":0,"Längste Handelsstraße":false,"Siegpunkte":0,"Rohstoffe":{"Getreide":0,"Wolle":0,"Holz":0,"Lehm":0,"Erz":0},"id":4,"Entwicklungskarten":{"Straßenbau":0,"Erfindung":0,"Monopol":0,"Ritter":0,"Siegpunkt":0},"Größte Rittermacht":false}}}
2017-02-22 11:37:18.843 INFO  network.server.ClientThread 188 msgAllButThisClient -    2 > {"Statusupdate":{"Spieler":{"Status":"Verbindung verloren","Rittermacht":0,"Längste Handelsstraße":false,"Siegpunkte":0,"Rohstoffe":{"Getreide":0,"Wolle":0,"Holz":0,"Lehm":0,"Erz":0},"id":4,"Entwicklungskarten":{"Straßenbau":0,"Erfindung":0,"Monopol":0,"Ritter":0,"Siegpunkt":0},"Größte Rittermacht":false}}}
2017-02-22 11:37:18.844 WARN  network.client.ClientListener 1098 internalAi - Case not covered!
2017-02-22 11:37:18.850 INFO  network.client.Client 224 receiveMsg - {"Statusupdate":{"Spieler":{"Status":"Verbindung verloren","Rittermacht":0,"Längste Handelsstraße":false,"Siegpunkte":0,"Rohstoffe":{"Getreide":0,"Wolle":0,"Holz":0,"Lehm":0,"Erz":0},"id":4,"Entwicklungskarten":{"Straßenbau":0,"Erfindung":0,"Monopol":0,"Ritter":0,"Siegpunkt":0},"Größte Rittermacht":false}}}
2017-02-22 11:37:18.849 INFO  network.server.ClientThread 188 msgAllButThisClient -    3 > {"Statusupdate":{"Spieler":{"Status":"Verbindung verloren","Rittermacht":0,"Längste Handelsstraße":false,"Siegpunkte":0,"Rohstoffe":{"Getreide":0,"Wolle":0,"Holz":0,"Lehm":0,"Erz":0},"id":4,"Entwicklungskarten":{"Straßenbau":0,"Erfindung":0,"Monopol":0,"Ritter":0,"Siegpunkt":0},"Größte Rittermacht":false}}}
2017-02-22 11:37:18.850 WARN  network.client.ClientListener 1098 internalAi - Case not covered!
2017-02-22 11:37:18.855 INFO  network.server.ClientThread 188 msgAllButThisClient -    1 > {"Spiel beendet":{"Nachricht":"Verbindung zu einem Spieler verloren","Sieger":-1}}
2017-02-22 11:37:18.862 INFO  network.server.ClientThread 188 msgAllButThisClient -    2 > {"Spiel beendet":{"Nachricht":"Verbindung zu einem Spieler verloren","Sieger":-1}}
2017-02-22 11:37:18.868 INFO  network.server.ClientThread 188 msgAllButThisClient -    3 > {"Spiel beendet":{"Nachricht":"Verbindung zu einem Spieler verloren","Sieger":-1}}
2017-02-22 11:37:18.873 TRACE network.server.ClientThread 102 disconnect - Enter
