2017-02-12 16:22:36.030 INFO  network.client.Client 93 connect - Socket[addr=ChrisMacBookPro2016/192.168.2.106,port=10003,localport=54054]
2017-02-12 16:22:36.035 INFO  network.client.Client 104 connect - Connected to ChrisMacBookPro2016, 10003
2017-02-12 16:22:36.055 INFO  network.client.Client 153 sendMsg - {"Hallo":{"Version":"JavaFXClient 1.0 (DichteFideleLurche)"}}
2017-02-12 16:22:36.055 INFO  network.client.ClientListener 504 myId - Human.
2017-02-12 16:22:36.057 INFO  network.client.Client 180 receiveMsg - {"Hallo":{"Protokoll":"1.0","Version":"Catan-Server (DichteFideleForste"}}
2017-02-12 16:22:36.066 INFO  network.client.Client 180 receiveMsg - {"Willkommen":{"id":3}}
2017-02-12 16:22:36.153 INFO  network.client.Client 180 receiveMsg - {"Statusupdate":{"Spieler":{"Status":"Spiel starten","Rittermacht":0,"Längste Handelsstraße":false,"Siegpunkte":0,"Rohstoffe":{"Getreide":0,"Wolle":0,"Holz":0,"Lehm":0,"Erz":0},"id":3,"Entwicklungskarten":{"Straßenbau":0,"Erfindung":0,"Monopol":0,"Ritter":0,"Siegpunkt":0},"Größte Rittermacht":false}}}
2017-02-12 16:22:36.158 INFO  network.client.Client 180 receiveMsg - {"Statusupdate":{"Spieler":{"Status":"Wartet auf Spielbeginn","Rittermacht":0,"Farbe":"Blau","Längste Handelsstraße":false,"Siegpunkte":0,"Rohstoffe":{"Unbekannt":0},"id":1,"Entwicklungskarten":{"Unbekannt":0},"Name":"KI (1)","Größte Rittermacht":false}}}
2017-02-12 16:22:36.246 INFO  network.client.Client 180 receiveMsg - {"Statusupdate":{"Spieler":{"Status":"Wartet auf Spielbeginn","Rittermacht":0,"Farbe":"Rot","Längste Handelsstraße":false,"Siegpunkte":0,"Rohstoffe":{"Unbekannt":0},"id":2,"Entwicklungskarten":{"Unbekannt":0},"Name":"KI (2)","Größte Rittermacht":false}}}
2017-02-12 16:22:39.152 INFO  network.client.Client 153 sendMsg - {"Spieler":{"Farbe":"Weiß","Name":"chris"}}
2017-02-12 16:22:39.152 INFO  network.client.Client 180 receiveMsg - {"Serverantwort":"OK"}
2017-02-12 16:22:39.157 INFO  network.client.Client 180 receiveMsg - {"Statusupdate":{"Spieler":{"Status":"Spiel starten","Rittermacht":0,"Farbe":"Weiß","Längste Handelsstraße":false,"Siegpunkte":0,"Rohstoffe":{"Getreide":0,"Wolle":0,"Holz":0,"Lehm":0,"Erz":0},"id":3,"Entwicklungskarten":{"Straßenbau":0,"Erfindung":0,"Monopol":0,"Ritter":0,"Siegpunkt":0},"Name":"chris","Größte Rittermacht":false}}}
2017-02-12 16:22:40.794 INFO  network.client.Client 153 sendMsg - {"Spiel starten":{}}
2017-02-12 16:22:40.798 INFO  network.client.Client 180 receiveMsg - {"Serverantwort":"OK"}
2017-02-12 16:22:40.802 INFO  network.client.Client 180 receiveMsg - {"Statusupdate":{"Spieler":{"Status":"Wartet auf Spielbeginn","Rittermacht":0,"Farbe":"Weiß","Längste Handelsstraße":false,"Siegpunkte":0,"Rohstoffe":{"Getreide":0,"Wolle":0,"Holz":0,"Lehm":0,"Erz":0},"id":3,"Entwicklungskarten":{"Straßenbau":0,"Erfindung":0,"Monopol":0,"Ritter":0,"Siegpunkt":0},"Name":"chris","Größte Rittermacht":false}}}
2017-02-12 16:22:40.892 INFO  network.client.Client 180 receiveMsg - {"Würfelwurf":{"Spieler":1,"Wurf":[2,6]}}
2017-02-12 16:22:40.899 INFO  network.Interpreter 328 axialToEdgeOrCorner - [{"x":0,"y":-2},{"x":0,"y":-3}]. {29, 33}
2017-02-12 16:22:40.901 INFO  network.Interpreter 328 axialToEdgeOrCorner - [{"x":-3,"y":1},{"x":-2,"y":1}]. {9, 10}
2017-02-12 16:22:40.902 INFO  network.Interpreter 328 axialToEdgeOrCorner - [{"x":0,"y":2},{"x":1,"y":2}]. {7, 8}
2017-02-12 16:22:40.902 INFO  network.Interpreter 328 axialToEdgeOrCorner - [{"x":-2,"y":-1},{"x":-1,"y":-1}]. {22, 23}
2017-02-12 16:22:40.902 INFO  network.Interpreter 328 axialToEdgeOrCorner - [{"x":-3,"y":3},{"x":-2,"y":2}]. {0, 5}
2017-02-12 16:22:40.903 INFO  network.Interpreter 328 axialToEdgeOrCorner - [{"x":2,"y":-2},{"x":3,"y":-2}]. {31, 32}
2017-02-12 16:22:40.903 INFO  network.Interpreter 328 axialToEdgeOrCorner - [{"x":-1,"y":3},{"x":0,"y":2}]. {2, 7}
2017-02-12 16:22:40.904 INFO  network.Interpreter 328 axialToEdgeOrCorner - [{"x":2,"y":-2},{"x":2,"y":-3}]. {31, 35}
2017-02-12 16:22:40.904 INFO  network.Interpreter 328 axialToEdgeOrCorner - [{"x":2,"y":0},{"x":3,"y":0}]. {20, 21}
2017-02-12 16:22:40.925 INFO  network.client.Client 180 receiveMsg - {"Spiel gestartet":{"Karte":{"Felder":[{"Ort":{"x":-3,"y":2},"Typ":"Meer"},{"Ort":{"x":2,"y":0},"Zahl":4,"Typ":"Wald"},{"Ort":{"x":3,"y":-3},"Typ":"Meer"},{"Ort":{"x":-2,"y":3},"Typ":"Meer"},{"Ort":{"x":-1,"y":0},"Zahl":4,"Typ":"Ackerland"},{"Ort":{"x":0,"y":-3},"Typ":"Meer"},{"Ort":{"x":2,"y":1},"Typ":"Meer"},{"Ort":{"x":-3,"y":1},"Typ":"Meer"},{"Ort":{"x":-1,"y":2},"Typ":"Wüste"},{"Ort":{"x":0,"y":2},"Zahl":5,"Typ":"Wald"},{"Ort":{"x":1,"y":2},"Typ":"Meer"},{"Ort":{"x":-2,"y":1},"Zahl":6,"Typ":"Gebirge"},{"Ort":{"x":2,"y":-2},"Zahl":12,"Typ":"Ackerland"},{"Ort":{"x":-1,"y":1},"Zahl":9,"Typ":"Hügelland"},{"Ort":{"x":0,"y":1},"Zahl":10,"Typ":"Hügelland"},{"Ort":{"x":1,"y":1},"Zahl":8,"Typ":"Wald"},{"Ort":{"x":-3,"y":0},"Typ":"Meer"},{"Ort":{"x":-2,"y":-1},"Typ":"Meer"},{"Ort":{"x":-1,"y":-1},"Zahl":8,"Typ":"Weideland"},{"Ort":{"x":0,"y":-1},"Zahl":5,"Typ":"Gebirge"},{"Ort":{"x":1,"y":-1},"Zahl":6,"Typ":"Hügelland"},{"Ort":{"x":2,"y":-1},"Zahl":11,"Typ":"Weideland"},{"Ort":{"x":3,"y":-1},"Typ":"Meer"},{"Ort":{"x":-1,"y":-2},"Typ":"Meer"},{"Ort":{"x":0,"y":-2},"Zahl":10,"Typ":"Weideland"},{"Ort":{"x":1,"y":-2},"Zahl":9,"Typ":"Gebirge"},{"Ort":{"x":-3,"y":3},"Typ":"Meer"},{"Ort":{"x":-2,"y":0},"Zahl":3,"Typ":"Ackerland"},{"Ort":{"x":3,"y":-2},"Typ":"Meer"},{"Ort":{"x":-1,"y":3},"Typ":"Meer"},{"Ort":{"x":0,"y":0},"Zahl":11,"Typ":"Weideland"},{"Ort":{"x":1,"y":-3},"Typ":"Meer"},{"Ort":{"x":0,"y":3},"Typ":"Meer"},{"Ort":{"x":1,"y":0},"Zahl":3,"Typ":"Ackerland"},{"Ort":{"x":2,"y":-3},"Typ":"Meer"},{"Ort":{"x":-2,"y":2},"Zahl":2,"Typ":"Wald"},{"Ort":{"x":3,"y":0},"Typ":"Meer"}],"Gebäude":[],"Häfen":[{"Ort":[{"x":0,"y":-2},{"x":0,"y":-3}],"Typ":"Holz Hafen"},{"Ort":[{"x":-3,"y":1},{"x":-2,"y":1}],"Typ":"Hafen"},{"Ort":[{"x":0,"y":2},{"x":1,"y":2}],"Typ":"Erz Hafen"},{"Ort":[{"x":-2,"y":-1},{"x":-1,"y":-1}],"Typ":"Hafen"},{"Ort":[{"x":-3,"y":3},{"x":-2,"y":2}],"Typ":"Hafen"},{"Ort":[{"x":2,"y":-2},{"x":3,"y":-2}],"Typ":"Hafen"},{"Ort":[{"x":-1,"y":3},{"x":0,"y":2}],"Typ":"Lehm Hafen"},{"Ort":[{"x":2,"y":-2},{"x":2,"y":-3}],"Typ":"Wolle Hafen"},{"Ort":[{"x":2,"y":0},{"x":3,"y":0}],"Typ":"Getreide Hafen"}],"Räuber":{"x":-1,"y":2}}}}
2017-02-12 16:22:43.778 INFO  network.client.Client 180 receiveMsg - {"Würfelwurf":{"Spieler":2,"Wurf":[2,2]}}
2017-02-12 16:22:43.778 INFO  network.client.Client 180 receiveMsg - {"Würfelwurf":{"Spieler":3,"Wurf":[6,3]}}
2017-02-12 16:22:43.872 INFO  network.client.Client 180 receiveMsg - {"Statusupdate":{"Spieler":{"Status":"Warten","Rittermacht":0,"Farbe":"Rot","Längste Handelsstraße":false,"Siegpunkte":0,"Rohstoffe":{"Unbekannt":0},"id":2,"Entwicklungskarten":{"Unbekannt":0},"Name":"KI (2)","Größte Rittermacht":false}}}
2017-02-12 16:22:43.872 INFO  network.client.Client 180 receiveMsg - {"Statusupdate":{"Spieler":{"Status":"Warten","Rittermacht":0,"Farbe":"Blau","Längste Handelsstraße":false,"Siegpunkte":0,"Rohstoffe":{"Unbekannt":0},"id":1,"Entwicklungskarten":{"Unbekannt":0},"Name":"KI (1)","Größte Rittermacht":false}}}
2017-02-12 16:22:43.963 INFO  network.client.Client 180 receiveMsg - {"Statusupdate":{"Spieler":{"Status":"Dorf bauen","Rittermacht":0,"Farbe":"Weiß","Längste Handelsstraße":false,"Siegpunkte":0,"Rohstoffe":{"Getreide":0,"Wolle":0,"Holz":0,"Lehm":0,"Erz":0},"id":3,"Entwicklungskarten":{"Straßenbau":0,"Erfindung":0,"Monopol":0,"Ritter":0,"Siegpunkt":0},"Name":"chris","Größte Rittermacht":false}}}
2017-02-12 16:23:41.107 INFO  network.client.Client 153 sendMsg - {"Bauen":{"Ort":[{"x":-2,"y":1},{"x":-2,"y":0},{"x":-1,"y":0}],"Typ":"Dorf"}}
2017-02-12 16:23:41.111 INFO  network.client.Client 180 receiveMsg - {"Serverantwort":"OK"}
2017-02-12 16:23:41.126 INFO  network.Interpreter 328 axialToEdgeOrCorner - [{"x":-2,"y":1},{"x":-2,"y":0},{"x":-1,"y":0}]. {10, 16, 17}
2017-02-12 16:23:41.127 INFO  network.Interpreter 328 axialToEdgeOrCorner - [{"x":-2,"y":1},{"x":-2,"y":0},{"x":-1,"y":0}]. {10, 16, 17}
2017-02-12 16:23:41.127 INFO  network.client.ClientListener 1102 build - Dorf - [{"x":-2,"y":1},{"x":-2,"y":0},{"x":-1,"y":0}] - {10, 16, 17}
2017-02-12 16:23:41.128 INFO  network.client.Client 180 receiveMsg - {"Bauvorgang":{"Gebäude":{"Ort":[{"x":-2,"y":1},{"x":-2,"y":0},{"x":-1,"y":0}],"Eigentümer":3,"Typ":"Dorf"}}}
2017-02-12 16:23:41.205 INFO  network.client.Client 180 receiveMsg - {"Statusupdate":{"Spieler":{"Status":"Straße bauen","Rittermacht":0,"Farbe":"Weiß","Längste Handelsstraße":false,"Siegpunkte":1,"Rohstoffe":{"Getreide":0,"Wolle":0,"Holz":0,"Lehm":0,"Erz":0},"id":3,"Entwicklungskarten":{"Straßenbau":0,"Erfindung":0,"Monopol":0,"Ritter":0,"Siegpunkt":0},"Name":"chris","Größte Rittermacht":false}}}
2017-02-12 16:23:43.299 INFO  network.client.Client 153 sendMsg - {"Bauen":{"Ort":[{"x":-2,"y":1},{"x":-1,"y":0}],"Typ":"Straße"}}
2017-02-12 16:23:43.302 INFO  network.client.Client 180 receiveMsg - {"Serverantwort":"OK"}
2017-02-12 16:23:43.314 INFO  network.Interpreter 328 axialToEdgeOrCorner - [{"x":-2,"y":1},{"x":-1,"y":0}]. {10, 17}
2017-02-12 16:23:43.315 INFO  network.Interpreter 328 axialToEdgeOrCorner - [{"x":-2,"y":1},{"x":-1,"y":0}]. {10, 17}
2017-02-12 16:23:43.316 INFO  network.client.ClientListener 1102 build - Straße - [{"x":-2,"y":1},{"x":-1,"y":0}] - {10, 17}
2017-02-12 16:23:43.316 INFO  network.client.Client 180 receiveMsg - {"Bauvorgang":{"Gebäude":{"Ort":[{"x":-2,"y":1},{"x":-1,"y":0}],"Eigentümer":3,"Typ":"Straße"}}}
2017-02-12 16:23:43.394 INFO  network.client.Client 180 receiveMsg - {"Statusupdate":{"Spieler":{"Status":"Warten","Rittermacht":0,"Farbe":"Weiß","Längste Handelsstraße":false,"Siegpunkte":1,"Rohstoffe":{"Getreide":0,"Wolle":0,"Holz":0,"Lehm":0,"Erz":0},"id":3,"Entwicklungskarten":{"Straßenbau":0,"Erfindung":0,"Monopol":0,"Ritter":0,"Siegpunkt":0},"Name":"chris","Größte Rittermacht":false}}}
2017-02-12 16:23:43.402 INFO  network.client.Client 180 receiveMsg - {"Statusupdate":{"Spieler":{"Status":"Dorf bauen","Rittermacht":0,"Farbe":"Blau","Längste Handelsstraße":false,"Siegpunkte":0,"Rohstoffe":{"Unbekannt":0},"id":1,"Entwicklungskarten":{"Unbekannt":0},"Name":"KI (1)","Größte Rittermacht":false}}}
2017-02-12 16:23:43.601 INFO  network.Interpreter 328 axialToEdgeOrCorner - [{"x":0,"y":1},{"x":1,"y":1},{"x":1,"y":0}]. {12, 13, 19}
2017-02-12 16:23:43.602 INFO  network.Interpreter 328 axialToEdgeOrCorner - [{"x":0,"y":1},{"x":1,"y":1},{"x":1,"y":0}]. {12, 13, 19}
2017-02-12 16:23:43.602 INFO  network.client.ClientListener 1102 build - Dorf - [{"x":0,"y":1},{"x":1,"y":1},{"x":1,"y":0}] - {12, 13, 19}
2017-02-12 16:23:43.602 INFO  network.client.Client 180 receiveMsg - {"Bauvorgang":{"Gebäude":{"Ort":[{"x":0,"y":1},{"x":1,"y":1},{"x":1,"y":0}],"Eigentümer":1,"Typ":"Dorf"}}}
2017-02-12 16:23:43.615 INFO  network.client.Client 180 receiveMsg - {"Statusupdate":{"Spieler":{"Status":"Straße bauen","Rittermacht":0,"Farbe":"Blau","Längste Handelsstraße":false,"Siegpunkte":1,"Rohstoffe":{"Unbekannt":0},"id":1,"Entwicklungskarten":{"Unbekannt":0},"Name":"KI (1)","Größte Rittermacht":false}}}
2017-02-12 16:23:43.950 INFO  network.Interpreter 328 axialToEdgeOrCorner - [{"x":0,"y":1},{"x":1,"y":1}]. {12, 13}
2017-02-12 16:23:43.951 INFO  network.Interpreter 328 axialToEdgeOrCorner - [{"x":0,"y":1},{"x":1,"y":1}]. {12, 13}
2017-02-12 16:23:43.951 INFO  network.client.ClientListener 1102 build - Straße - [{"x":0,"y":1},{"x":1,"y":1}] - {12, 13}
2017-02-12 16:23:43.951 INFO  network.client.Client 180 receiveMsg - {"Bauvorgang":{"Gebäude":{"Ort":[{"x":0,"y":1},{"x":1,"y":1}],"Eigentümer":1,"Typ":"Straße"}}}
2017-02-12 16:23:43.966 INFO  network.client.Client 180 receiveMsg - {"Statusupdate":{"Spieler":{"Status":"Warten","Rittermacht":0,"Farbe":"Blau","Längste Handelsstraße":false,"Siegpunkte":1,"Rohstoffe":{"Unbekannt":0},"id":1,"Entwicklungskarten":{"Unbekannt":0},"Name":"KI (1)","Größte Rittermacht":false}}}
2017-02-12 16:23:44.038 INFO  network.client.Client 180 receiveMsg - {"Statusupdate":{"Spieler":{"Status":"Dorf bauen","Rittermacht":0,"Farbe":"Rot","Längste Handelsstraße":false,"Siegpunkte":0,"Rohstoffe":{"Unbekannt":0},"id":2,"Entwicklungskarten":{"Unbekannt":0},"Name":"KI (2)","Größte Rittermacht":false}}}
2017-02-12 16:23:44.238 INFO  network.Interpreter 328 axialToEdgeOrCorner - [{"x":-2,"y":2},{"x":-2,"y":1},{"x":-1,"y":1}]. {5, 10, 11}
2017-02-12 16:23:44.239 INFO  network.Interpreter 328 axialToEdgeOrCorner - [{"x":-2,"y":2},{"x":-2,"y":1},{"x":-1,"y":1}]. {5, 10, 11}
2017-02-12 16:23:44.239 INFO  network.client.ClientListener 1102 build - Dorf - [{"x":-2,"y":2},{"x":-2,"y":1},{"x":-1,"y":1}] - {5, 10, 11}
2017-02-12 16:23:44.239 INFO  network.client.Client 180 receiveMsg - {"Bauvorgang":{"Gebäude":{"Ort":[{"x":-2,"y":2},{"x":-2,"y":1},{"x":-1,"y":1}],"Eigentümer":2,"Typ":"Dorf"}}}
2017-02-12 16:23:44.252 INFO  network.client.Client 180 receiveMsg - {"Statusupdate":{"Spieler":{"Status":"Straße bauen","Rittermacht":0,"Farbe":"Rot","Längste Handelsstraße":false,"Siegpunkte":1,"Rohstoffe":{"Unbekannt":0},"id":2,"Entwicklungskarten":{"Unbekannt":0},"Name":"KI (2)","Größte Rittermacht":false}}}
2017-02-12 16:23:44.589 INFO  network.Interpreter 328 axialToEdgeOrCorner - [{"x":-2,"y":2},{"x":-2,"y":1}]. {5, 10}
2017-02-12 16:23:44.590 INFO  network.Interpreter 328 axialToEdgeOrCorner - [{"x":-2,"y":2},{"x":-2,"y":1}]. {5, 10}
2017-02-12 16:23:44.590 INFO  network.client.ClientListener 1102 build - Straße - [{"x":-2,"y":2},{"x":-2,"y":1}] - {5, 10}
2017-02-12 16:23:44.590 INFO  network.client.Client 180 receiveMsg - {"Bauvorgang":{"Gebäude":{"Ort":[{"x":-2,"y":2},{"x":-2,"y":1}],"Eigentümer":2,"Typ":"Straße"}}}
2017-02-12 16:23:44.603 INFO  network.client.Client 180 receiveMsg - {"Statusupdate":{"Spieler":{"Status":"Dorf bauen","Rittermacht":0,"Farbe":"Rot","Längste Handelsstraße":false,"Siegpunkte":1,"Rohstoffe":{"Unbekannt":0},"id":2,"Entwicklungskarten":{"Unbekannt":0},"Name":"KI (2)","Größte Rittermacht":false}}}
2017-02-12 16:23:44.952 INFO  network.Interpreter 328 axialToEdgeOrCorner - [{"x":1,"y":0},{"x":1,"y":-1},{"x":2,"y":-1}]. {19, 25, 26}
2017-02-12 16:23:44.952 INFO  network.Interpreter 328 axialToEdgeOrCorner - [{"x":1,"y":0},{"x":1,"y":-1},{"x":2,"y":-1}]. {19, 25, 26}
2017-02-12 16:23:44.952 INFO  network.client.ClientListener 1102 build - Dorf - [{"x":1,"y":0},{"x":1,"y":-1},{"x":2,"y":-1}] - {19, 25, 26}
2017-02-12 16:23:44.952 INFO  network.client.Client 180 receiveMsg - {"Bauvorgang":{"Gebäude":{"Ort":[{"x":1,"y":0},{"x":1,"y":-1},{"x":2,"y":-1}],"Eigentümer":2,"Typ":"Dorf"}}}
2017-02-12 16:23:44.971 INFO  network.client.Client 180 receiveMsg - {"Ertrag":{"Rohstoffe":{"Getreide":1,"Wolle":1,"Lehm":1},"Spieler":2}}
2017-02-12 16:23:45.042 INFO  network.client.Client 180 receiveMsg - {"Statusupdate":{"Spieler":{"Status":"Straße bauen","Rittermacht":0,"Farbe":"Rot","Längste Handelsstraße":false,"Siegpunkte":2,"Rohstoffe":{"Unbekannt":3},"id":2,"Entwicklungskarten":{"Unbekannt":0},"Name":"KI (2)","Größte Rittermacht":false}}}
2017-02-12 16:23:45.383 INFO  network.Interpreter 328 axialToEdgeOrCorner - [{"x":1,"y":0},{"x":2,"y":-1}]. {19, 26}
2017-02-12 16:23:45.383 INFO  network.Interpreter 328 axialToEdgeOrCorner - [{"x":1,"y":0},{"x":2,"y":-1}]. {19, 26}
2017-02-12 16:23:45.383 INFO  network.client.ClientListener 1102 build - Straße - [{"x":1,"y":0},{"x":2,"y":-1}] - {19, 26}
2017-02-12 16:23:45.384 INFO  network.client.Client 180 receiveMsg - {"Bauvorgang":{"Gebäude":{"Ort":[{"x":1,"y":0},{"x":2,"y":-1}],"Eigentümer":2,"Typ":"Straße"}}}
2017-02-12 16:23:45.398 INFO  network.client.Client 180 receiveMsg - {"Statusupdate":{"Spieler":{"Status":"Warten","Rittermacht":0,"Farbe":"Rot","Längste Handelsstraße":false,"Siegpunkte":2,"Rohstoffe":{"Unbekannt":3},"id":2,"Entwicklungskarten":{"Unbekannt":0},"Name":"KI (2)","Größte Rittermacht":false}}}
2017-02-12 16:23:45.470 INFO  network.client.Client 180 receiveMsg - {"Statusupdate":{"Spieler":{"Status":"Dorf bauen","Rittermacht":0,"Farbe":"Blau","Längste Handelsstraße":false,"Siegpunkte":1,"Rohstoffe":{"Unbekannt":0},"id":1,"Entwicklungskarten":{"Unbekannt":0},"Name":"KI (1)","Größte Rittermacht":false}}}
2017-02-12 16:23:45.658 INFO  network.Interpreter 328 axialToEdgeOrCorner - [{"x":-1,"y":0},{"x":-1,"y":-1},{"x":0,"y":-1}]. {17, 23, 24}
2017-02-12 16:23:45.658 INFO  network.Interpreter 328 axialToEdgeOrCorner - [{"x":-1,"y":0},{"x":-1,"y":-1},{"x":0,"y":-1}]. {17, 23, 24}
2017-02-12 16:23:45.659 INFO  network.client.ClientListener 1102 build - Dorf - [{"x":-1,"y":0},{"x":-1,"y":-1},{"x":0,"y":-1}] - {17, 23, 24}
2017-02-12 16:23:45.659 INFO  network.client.Client 180 receiveMsg - {"Bauvorgang":{"Gebäude":{"Ort":[{"x":-1,"y":0},{"x":-1,"y":-1},{"x":0,"y":-1}],"Eigentümer":1,"Typ":"Dorf"}}}
2017-02-12 16:23:45.676 INFO  network.client.Client 180 receiveMsg - {"Ertrag":{"Rohstoffe":{"Getreide":1,"Wolle":1,"Erz":1},"Spieler":1}}
2017-02-12 16:23:45.748 INFO  network.client.Client 180 receiveMsg - {"Statusupdate":{"Spieler":{"Status":"Straße bauen","Rittermacht":0,"Farbe":"Blau","Längste Handelsstraße":false,"Siegpunkte":2,"Rohstoffe":{"Unbekannt":3},"id":1,"Entwicklungskarten":{"Unbekannt":0},"Name":"KI (1)","Größte Rittermacht":false}}}
2017-02-12 16:23:46.093 INFO  network.Interpreter 328 axialToEdgeOrCorner - [{"x":-1,"y":0},{"x":-1,"y":-1}]. {17, 23}
2017-02-12 16:23:46.093 INFO  network.Interpreter 328 axialToEdgeOrCorner - [{"x":-1,"y":0},{"x":-1,"y":-1}]. {17, 23}
2017-02-12 16:23:46.094 INFO  network.client.ClientListener 1102 build - Straße - [{"x":-1,"y":0},{"x":-1,"y":-1}] - {17, 23}
2017-02-12 16:23:46.094 INFO  network.client.Client 180 receiveMsg - {"Bauvorgang":{"Gebäude":{"Ort":[{"x":-1,"y":0},{"x":-1,"y":-1}],"Eigentümer":1,"Typ":"Straße"}}}
2017-02-12 16:23:46.109 INFO  network.client.Client 180 receiveMsg - {"Statusupdate":{"Spieler":{"Status":"Warten","Rittermacht":0,"Farbe":"Blau","Längste Handelsstraße":false,"Siegpunkte":2,"Rohstoffe":{"Unbekannt":3},"id":1,"Entwicklungskarten":{"Unbekannt":0},"Name":"KI (1)","Größte Rittermacht":false}}}
2017-02-12 16:23:46.186 INFO  network.client.Client 180 receiveMsg - {"Statusupdate":{"Spieler":{"Status":"Dorf bauen","Rittermacht":0,"Farbe":"Weiß","Längste Handelsstraße":false,"Siegpunkte":1,"Rohstoffe":{"Getreide":0,"Wolle":0,"Holz":0,"Lehm":0,"Erz":0},"id":3,"Entwicklungskarten":{"Straßenbau":0,"Erfindung":0,"Monopol":0,"Ritter":0,"Siegpunkt":0},"Name":"chris","Größte Rittermacht":false}}}
2017-02-12 16:23:53.803 INFO  network.client.Client 153 sendMsg - {"Bauen":{"Ort":[{"x":0,"y":2},{"x":1,"y":2},{"x":1,"y":1}],"Typ":"Dorf"}}
2017-02-12 16:23:53.805 INFO  network.client.Client 180 receiveMsg - {"Serverantwort":"OK"}
2017-02-12 16:23:53.820 INFO  network.Interpreter 328 axialToEdgeOrCorner - [{"x":0,"y":2},{"x":1,"y":2},{"x":1,"y":1}]. {7, 8, 13}
2017-02-12 16:23:53.820 INFO  network.Interpreter 328 axialToEdgeOrCorner - [{"x":0,"y":2},{"x":1,"y":2},{"x":1,"y":1}]. {7, 8, 13}
2017-02-12 16:23:53.820 INFO  network.client.ClientListener 1102 build - Dorf - [{"x":0,"y":2},{"x":1,"y":2},{"x":1,"y":1}] - {7, 8, 13}
2017-02-12 16:23:53.820 INFO  network.client.Client 180 receiveMsg - {"Bauvorgang":{"Gebäude":{"Ort":[{"x":0,"y":2},{"x":1,"y":2},{"x":1,"y":1}],"Eigentümer":3,"Typ":"Dorf"}}}
2017-02-12 16:23:53.897 INFO  network.client.Client 180 receiveMsg - {"Ertrag":{"Rohstoffe":{"Holz":2},"Spieler":3}}
2017-02-12 16:23:53.909 INFO  network.client.Client 180 receiveMsg - {"Statusupdate":{"Spieler":{"Status":"Straße bauen","Rittermacht":0,"Farbe":"Weiß","Längste Handelsstraße":false,"Siegpunkte":2,"Rohstoffe":{"Getreide":0,"Wolle":0,"Holz":2,"Lehm":0,"Erz":0},"id":3,"Entwicklungskarten":{"Straßenbau":0,"Erfindung":0,"Monopol":0,"Ritter":0,"Siegpunkt":0},"Name":"chris","Größte Rittermacht":false}}}
2017-02-12 16:23:58.714 INFO  network.client.Client 153 sendMsg - {"Bauen":{"Ort":[{"x":1,"y":2},{"x":1,"y":1}],"Typ":"Straße"}}
2017-02-12 16:23:58.715 INFO  network.client.Client 180 receiveMsg - {"Serverantwort":"OK"}
2017-02-12 16:23:58.727 INFO  network.Interpreter 328 axialToEdgeOrCorner - [{"x":1,"y":2},{"x":1,"y":1}]. {8, 13}
2017-02-12 16:23:58.728 INFO  network.Interpreter 328 axialToEdgeOrCorner - [{"x":1,"y":2},{"x":1,"y":1}]. {8, 13}
2017-02-12 16:23:58.728 INFO  network.client.ClientListener 1102 build - Straße - [{"x":1,"y":2},{"x":1,"y":1}] - {8, 13}
2017-02-12 16:23:58.728 INFO  network.client.Client 180 receiveMsg - {"Bauvorgang":{"Gebäude":{"Ort":[{"x":1,"y":2},{"x":1,"y":1}],"Eigentümer":3,"Typ":"Straße"}}}
2017-02-12 16:23:58.803 INFO  network.client.Client 180 receiveMsg - {"Statusupdate":{"Spieler":{"Status":"Würfeln","Rittermacht":0,"Farbe":"Weiß","Längste Handelsstraße":false,"Siegpunkte":2,"Rohstoffe":{"Getreide":0,"Wolle":0,"Holz":2,"Lehm":0,"Erz":0},"id":3,"Entwicklungskarten":{"Straßenbau":0,"Erfindung":0,"Monopol":0,"Ritter":0,"Siegpunkt":0},"Name":"chris","Größte Rittermacht":false}}}
2017-02-12 16:24:01.313 INFO  network.client.Client 153 sendMsg - {"Würfeln":{}}
2017-02-12 16:24:01.314 INFO  network.client.Client 180 receiveMsg - {"Serverantwort":"OK"}
2017-02-12 16:24:01.327 INFO  network.client.Client 180 receiveMsg - {"Würfelwurf":{"Spieler":3,"Wurf":[5,6]}}
2017-02-12 16:24:01.402 INFO  network.client.Client 180 receiveMsg - {"Ertrag":{"Rohstoffe":{"Wolle":1},"Spieler":2}}
2017-02-12 16:24:01.420 INFO  network.client.Client 180 receiveMsg - {"Statusupdate":{"Spieler":{"Status":"Handeln oder Bauen","Rittermacht":0,"Farbe":"Weiß","Längste Handelsstraße":false,"Siegpunkte":2,"Rohstoffe":{"Getreide":0,"Wolle":0,"Holz":2,"Lehm":0,"Erz":0},"id":3,"Entwicklungskarten":{"Straßenbau":0,"Erfindung":0,"Monopol":0,"Ritter":0,"Siegpunkt":0},"Name":"chris","Größte Rittermacht":false}}}
2017-02-12 16:24:03.298 INFO  network.client.Client 153 sendMsg - {"Zug beenden":{}}
2017-02-12 16:24:03.301 INFO  network.client.Client 180 receiveMsg - {"Statusupdate":{"Spieler":{"Status":"Warten","Rittermacht":0,"Farbe":"Weiß","Längste Handelsstraße":false,"Siegpunkte":2,"Rohstoffe":{"Getreide":0,"Wolle":0,"Holz":2,"Lehm":0,"Erz":0},"id":3,"Entwicklungskarten":{"Straßenbau":0,"Erfindung":0,"Monopol":0,"Ritter":0,"Siegpunkt":0},"Name":"chris","Größte Rittermacht":false}}}
2017-02-12 16:24:03.319 INFO  network.client.Client 180 receiveMsg - {"Statusupdate":{"Spieler":{"Status":"Würfeln","Rittermacht":0,"Farbe":"Blau","Längste Handelsstraße":false,"Siegpunkte":2,"Rohstoffe":{"Unbekannt":3},"id":1,"Entwicklungskarten":{"Unbekannt":0},"Name":"KI (1)","Größte Rittermacht":false}}}
2017-02-12 16:24:03.398 INFO  network.client.Client 180 receiveMsg - {"Würfelwurf":{"Spieler":1,"Wurf":[2,4]}}
2017-02-12 16:24:03.419 INFO  network.client.Client 180 receiveMsg - {"Ertrag":{"Rohstoffe":{"Lehm":1,"Erz":1},"Spieler":2}}
2017-02-12 16:24:03.484 INFO  network.client.Client 180 receiveMsg - {"Ertrag":{"Rohstoffe":{"Erz":1},"Spieler":3}}
2017-02-12 16:24:03.506 INFO  network.client.Client 180 receiveMsg - {"Statusupdate":{"Spieler":{"Status":"Handeln oder Bauen","Rittermacht":0,"Farbe":"Blau","Längste Handelsstraße":false,"Siegpunkte":2,"Rohstoffe":{"Unbekannt":3},"id":1,"Entwicklungskarten":{"Unbekannt":0},"Name":"KI (1)","Größte Rittermacht":false}}}
2017-02-12 16:24:03.893 INFO  network.JsonLib 259 dev - Case not covered!
2017-02-12 16:24:03.893 INFO  network.client.Client 180 receiveMsg - {"Entwicklungskarte gekauft":{"Entwicklungskarte":"Unbekannt","Spieler":1}}
2017-02-12 16:24:03.904 INFO  network.client.Client 180 receiveMsg - {"Kosten":{"Rohstoffe":{"Unbekannt":3},"Spieler":1}}
2017-02-12 16:24:03.981 INFO  network.client.Client 180 receiveMsg - {"Statusupdate":{"Spieler":{"Status":"Handeln oder Bauen","Rittermacht":0,"Farbe":"Blau","Längste Handelsstraße":false,"Siegpunkte":2,"Rohstoffe":{"Unbekannt":0},"id":1,"Entwicklungskarten":{"Unbekannt":1},"Name":"KI (1)","Größte Rittermacht":false}}}
2017-02-12 16:24:04.310 INFO  network.client.Client 180 receiveMsg - {"Statusupdate":{"Spieler":{"Status":"Warten","Rittermacht":0,"Farbe":"Blau","Längste Handelsstraße":false,"Siegpunkte":2,"Rohstoffe":{"Unbekannt":0},"id":1,"Entwicklungskarten":{"Unbekannt":1},"Name":"KI (1)","Größte Rittermacht":false}}}
2017-02-12 16:24:04.322 INFO  network.client.Client 180 receiveMsg - {"Statusupdate":{"Spieler":{"Status":"Würfeln","Rittermacht":0,"Farbe":"Rot","Längste Handelsstraße":false,"Siegpunkte":2,"Rohstoffe":{"Unbekannt":6},"id":2,"Entwicklungskarten":{"Unbekannt":0},"Name":"KI (2)","Größte Rittermacht":false}}}
2017-02-12 16:24:04.400 INFO  network.client.Client 180 receiveMsg - {"Würfelwurf":{"Spieler":2,"Wurf":[4,5]}}
2017-02-12 16:24:04.418 INFO  network.client.Client 180 receiveMsg - {"Ertrag":{"Rohstoffe":{"Lehm":1},"Spieler":2}}
2017-02-12 16:24:04.489 INFO  network.client.Client 180 receiveMsg - {"Statusupdate":{"Spieler":{"Status":"Handeln oder Bauen","Rittermacht":0,"Farbe":"Rot","Längste Handelsstraße":false,"Siegpunkte":2,"Rohstoffe":{"Unbekannt":7},"id":2,"Entwicklungskarten":{"Unbekannt":0},"Name":"KI (2)","Größte Rittermacht":false}}}
2017-02-12 16:24:04.810 INFO  network.JsonLib 259 dev - Case not covered!
2017-02-12 16:24:04.810 INFO  network.client.Client 180 receiveMsg - {"Entwicklungskarte gekauft":{"Entwicklungskarte":"Unbekannt","Spieler":2}}
2017-02-12 16:24:04.822 INFO  network.client.Client 180 receiveMsg - {"Kosten":{"Rohstoffe":{"Unbekannt":3},"Spieler":2}}
2017-02-12 16:24:04.902 INFO  network.client.Client 180 receiveMsg - {"Statusupdate":{"Spieler":{"Status":"Handeln oder Bauen","Rittermacht":0,"Farbe":"Rot","Längste Handelsstraße":false,"Siegpunkte":2,"Rohstoffe":{"Unbekannt":4},"id":2,"Entwicklungskarten":{"Unbekannt":1},"Name":"KI (2)","Größte Rittermacht":false}}}
2017-02-12 16:24:05.227 INFO  network.client.Client 180 receiveMsg - {"Statusupdate":{"Spieler":{"Status":"Warten","Rittermacht":0,"Farbe":"Rot","Längste Handelsstraße":false,"Siegpunkte":2,"Rohstoffe":{"Unbekannt":4},"id":2,"Entwicklungskarten":{"Unbekannt":1},"Name":"KI (2)","Größte Rittermacht":false}}}
2017-02-12 16:24:05.236 INFO  network.client.Client 180 receiveMsg - {"Statusupdate":{"Spieler":{"Status":"Würfeln","Rittermacht":0,"Farbe":"Weiß","Längste Handelsstraße":false,"Siegpunkte":2,"Rohstoffe":{"Getreide":0,"Wolle":0,"Holz":2,"Lehm":0,"Erz":1},"id":3,"Entwicklungskarten":{"Straßenbau":0,"Erfindung":0,"Monopol":0,"Ritter":0,"Siegpunkt":0},"Name":"chris","Größte Rittermacht":false}}}
2017-02-12 16:24:06.268 INFO  network.client.Client 153 sendMsg - {"Würfeln":{}}
2017-02-12 16:24:06.269 INFO  network.client.Client 180 receiveMsg - {"Serverantwort":"OK"}
2017-02-12 16:24:06.281 INFO  network.client.Client 180 receiveMsg - {"Würfelwurf":{"Spieler":3,"Wurf":[2,6]}}
2017-02-12 16:24:06.355 INFO  network.client.Client 180 receiveMsg - {"Ertrag":{"Rohstoffe":{"Wolle":1,"Holz":1},"Spieler":1}}
2017-02-12 16:24:06.371 INFO  network.client.Client 180 receiveMsg - {"Ertrag":{"Rohstoffe":{"Holz":1},"Spieler":3}}
2017-02-12 16:24:06.445 INFO  network.client.Client 180 receiveMsg - {"Statusupdate":{"Spieler":{"Status":"Handeln oder Bauen","Rittermacht":0,"Farbe":"Weiß","Längste Handelsstraße":false,"Siegpunkte":2,"Rohstoffe":{"Getreide":0,"Wolle":0,"Holz":3,"Lehm":0,"Erz":1},"id":3,"Entwicklungskarten":{"Straßenbau":0,"Erfindung":0,"Monopol":0,"Ritter":0,"Siegpunkt":0},"Name":"chris","Größte Rittermacht":false}}}
2017-02-12 16:24:07.426 INFO  network.client.Client 153 sendMsg - {"Zug beenden":{}}
2017-02-12 16:24:07.429 INFO  network.client.Client 180 receiveMsg - {"Statusupdate":{"Spieler":{"Status":"Warten","Rittermacht":0,"Farbe":"Weiß","Längste Handelsstraße":false,"Siegpunkte":2,"Rohstoffe":{"Getreide":0,"Wolle":0,"Holz":3,"Lehm":0,"Erz":1},"id":3,"Entwicklungskarten":{"Straßenbau":0,"Erfindung":0,"Monopol":0,"Ritter":0,"Siegpunkt":0},"Name":"chris","Größte Rittermacht":false}}}
2017-02-12 16:24:07.446 INFO  network.client.Client 180 receiveMsg - {"Statusupdate":{"Spieler":{"Status":"Würfeln","Rittermacht":0,"Farbe":"Blau","Längste Handelsstraße":false,"Siegpunkte":2,"Rohstoffe":{"Unbekannt":2},"id":1,"Entwicklungskarten":{"Unbekannt":1},"Name":"KI (1)","Größte Rittermacht":false}}}
2017-02-12 16:24:07.523 INFO  network.client.Client 180 receiveMsg - {"Würfelwurf":{"Spieler":1,"Wurf":[3,2]}}
2017-02-12 16:24:07.541 INFO  network.client.Client 180 receiveMsg - {"Ertrag":{"Rohstoffe":{"Erz":1},"Spieler":1}}
2017-02-12 16:24:07.613 INFO  network.client.Client 180 receiveMsg - {"Ertrag":{"Rohstoffe":{"Holz":1},"Spieler":3}}
2017-02-12 16:24:07.631 INFO  network.client.Client 180 receiveMsg - {"Statusupdate":{"Spieler":{"Status":"Handeln oder Bauen","Rittermacht":0,"Farbe":"Blau","Längste Handelsstraße":false,"Siegpunkte":2,"Rohstoffe":{"Unbekannt":3},"id":1,"Entwicklungskarten":{"Unbekannt":1},"Name":"KI (1)","Größte Rittermacht":false}}}
2017-02-12 16:24:08.103 INFO  network.client.Client 180 receiveMsg - {"Statusupdate":{"Spieler":{"Status":"Warten","Rittermacht":0,"Farbe":"Blau","Längste Handelsstraße":false,"Siegpunkte":2,"Rohstoffe":{"Unbekannt":3},"id":1,"Entwicklungskarten":{"Unbekannt":1},"Name":"KI (1)","Größte Rittermacht":false}}}
2017-02-12 16:24:08.115 INFO  network.client.Client 180 receiveMsg - {"Statusupdate":{"Spieler":{"Status":"Würfeln","Rittermacht":0,"Farbe":"Rot","Längste Handelsstraße":false,"Siegpunkte":2,"Rohstoffe":{"Unbekannt":4},"id":2,"Entwicklungskarten":{"Unbekannt":1},"Name":"KI (2)","Größte Rittermacht":false}}}
2017-02-12 16:24:08.195 INFO  network.client.Client 180 receiveMsg - {"Würfelwurf":{"Spieler":2,"Wurf":[2,5]}}
2017-02-12 16:24:08.207 INFO  network.client.Client 180 receiveMsg - {"Statusupdate":{"Spieler":{"Status":"Warten","Rittermacht":0,"Farbe":"Blau","Längste Handelsstraße":false,"Siegpunkte":2,"Rohstoffe":{"Unbekannt":3},"id":1,"Entwicklungskarten":{"Unbekannt":1},"Name":"KI (1)","Größte Rittermacht":false}}}
2017-02-12 16:24:08.285 INFO  network.client.Client 180 receiveMsg - {"Statusupdate":{"Spieler":{"Status":"Warten","Rittermacht":0,"Farbe":"Rot","Längste Handelsstraße":false,"Siegpunkte":2,"Rohstoffe":{"Unbekannt":4},"id":2,"Entwicklungskarten":{"Unbekannt":1},"Name":"KI (2)","Größte Rittermacht":false}}}
2017-02-12 16:24:08.298 INFO  network.client.Client 180 receiveMsg - {"Statusupdate":{"Spieler":{"Status":"Warten","Rittermacht":0,"Farbe":"Weiß","Längste Handelsstraße":false,"Siegpunkte":2,"Rohstoffe":{"Getreide":0,"Wolle":0,"Holz":4,"Lehm":0,"Erz":1},"id":3,"Entwicklungskarten":{"Straßenbau":0,"Erfindung":0,"Monopol":0,"Ritter":0,"Siegpunkt":0},"Name":"chris","Größte Rittermacht":false}}}
2017-02-12 16:24:08.375 INFO  network.client.Client 180 receiveMsg - {"Statusupdate":{"Spieler":{"Status":"Räuber versetzen","Rittermacht":0,"Farbe":"Rot","Längste Handelsstraße":false,"Siegpunkte":2,"Rohstoffe":{"Unbekannt":4},"id":2,"Entwicklungskarten":{"Unbekannt":1},"Name":"KI (2)","Größte Rittermacht":false}}}
2017-02-12 16:24:08.769 INFO  network.client.Client 180 receiveMsg - {"Kosten":{"Rohstoffe":{"Holz":1},"Spieler":3}}
2017-02-12 16:24:08.786 INFO  network.client.Client 180 receiveMsg - {"Ertrag":{"Rohstoffe":{"Unbekannt":1},"Spieler":2}}
2017-02-12 16:24:08.856 INFO  network.client.Client 180 receiveMsg - {"Räuber versetzt":{"Ort":{"x":1,"y":1},"Spieler":2,"Ziel":3}}
2017-02-12 16:24:08.875 INFO  network.client.Client 180 receiveMsg - {"Statusupdate":{"Spieler":{"Status":"Handeln oder Bauen","Rittermacht":0,"Farbe":"Rot","Längste Handelsstraße":false,"Siegpunkte":2,"Rohstoffe":{"Unbekannt":5},"id":2,"Entwicklungskarten":{"Unbekannt":1},"Name":"KI (2)","Größte Rittermacht":false}}}
2017-02-12 16:24:09.300 INFO  network.Interpreter 328 axialToEdgeOrCorner - [{"x":-2,"y":1},{"x":-1,"y":1}]. {10, 11}
2017-02-12 16:24:09.301 INFO  network.Interpreter 328 axialToEdgeOrCorner - [{"x":-2,"y":1},{"x":-1,"y":1}]. {10, 11}
2017-02-12 16:24:09.301 INFO  network.client.ClientListener 1102 build - Straße - [{"x":-2,"y":1},{"x":-1,"y":1}] - {10, 11}
2017-02-12 16:24:09.301 INFO  network.client.Client 180 receiveMsg - {"Bauvorgang":{"Gebäude":{"Ort":[{"x":-2,"y":1},{"x":-1,"y":1}],"Eigentümer":2,"Typ":"Straße"}}}
2017-02-12 16:24:09.312 INFO  network.client.Client 180 receiveMsg - {"Kosten":{"Rohstoffe":{"Unbekannt":2},"Spieler":2}}
2017-02-12 16:24:09.392 INFO  network.client.Client 180 receiveMsg - {"Statusupdate":{"Spieler":{"Status":"Handeln oder Bauen","Rittermacht":0,"Farbe":"Rot","Längste Handelsstraße":false,"Siegpunkte":2,"Rohstoffe":{"Unbekannt":3},"id":2,"Entwicklungskarten":{"Unbekannt":1},"Name":"KI (2)","Größte Rittermacht":false}}}
2017-02-12 16:24:09.717 INFO  network.client.Client 180 receiveMsg - {"Straßenbaukarte ausspielen":{"Straße 2":[{"x":-3,"y":2},{"x":-2,"y":2}],"Spieler":2,"Straße 1":[{"x":-3,"y":2},{"x":-2,"y":1}]}}
2017-02-12 16:24:09.734 INFO  network.Interpreter 328 axialToEdgeOrCorner - [{"x":-3,"y":2},{"x":-2,"y":1}]. {4, 10}
2017-02-12 16:24:09.735 INFO  network.Interpreter 328 axialToEdgeOrCorner - [{"x":-3,"y":2},{"x":-2,"y":1}]. {4, 10}
2017-02-12 16:24:09.735 INFO  network.client.ClientListener 1102 build - Straße - [{"x":-3,"y":2},{"x":-2,"y":1}] - {4, 10}
2017-02-12 16:24:09.735 INFO  network.client.Client 180 receiveMsg - {"Bauvorgang":{"Gebäude":{"Ort":[{"x":-3,"y":2},{"x":-2,"y":1}],"Eigentümer":2,"Typ":"Straße"}}}
2017-02-12 16:24:09.808 INFO  network.Interpreter 328 axialToEdgeOrCorner - [{"x":-3,"y":2},{"x":-2,"y":2}]. {4, 5}
2017-02-12 16:24:09.808 INFO  network.Interpreter 328 axialToEdgeOrCorner - [{"x":-3,"y":2},{"x":-2,"y":2}]. {4, 5}
2017-02-12 16:24:09.808 INFO  network.client.ClientListener 1102 build - Straße - [{"x":-3,"y":2},{"x":-2,"y":2}] - {4, 5}
2017-02-12 16:24:09.809 INFO  network.client.Client 180 receiveMsg - {"Bauvorgang":{"Gebäude":{"Ort":[{"x":-3,"y":2},{"x":-2,"y":2}],"Eigentümer":2,"Typ":"Straße"}}}
2017-02-12 16:24:09.824 INFO  network.client.Client 180 receiveMsg - {"Statusupdate":{"Spieler":{"Status":"Handeln oder Bauen","Rittermacht":0,"Farbe":"Rot","Längste Handelsstraße":false,"Siegpunkte":2,"Rohstoffe":{"Unbekannt":3},"id":2,"Entwicklungskarten":{"Unbekannt":0},"Name":"KI (2)","Größte Rittermacht":false}}}
2017-02-12 16:24:09.898 INFO  network.client.Client 180 receiveMsg - {"Statusupdate":{"Spieler":{"Status":"Warten","Rittermacht":0,"Farbe":"Rot","Längste Handelsstraße":false,"Siegpunkte":2,"Rohstoffe":{"Unbekannt":3},"id":2,"Entwicklungskarten":{"Unbekannt":0},"Name":"KI (2)","Größte Rittermacht":false}}}
2017-02-12 16:24:09.913 INFO  network.client.Client 180 receiveMsg - {"Statusupdate":{"Spieler":{"Status":"Würfeln","Rittermacht":0,"Farbe":"Weiß","Längste Handelsstraße":false,"Siegpunkte":2,"Rohstoffe":{"Getreide":0,"Wolle":0,"Holz":3,"Lehm":0,"Erz":1},"id":3,"Entwicklungskarten":{"Straßenbau":0,"Erfindung":0,"Monopol":0,"Ritter":0,"Siegpunkt":0},"Name":"chris","Größte Rittermacht":false}}}
2017-02-12 16:24:11.204 INFO  network.client.Client 153 sendMsg - {"Würfeln":{}}
2017-02-12 16:24:11.205 INFO  network.client.Client 180 receiveMsg - {"Serverantwort":"OK"}
2017-02-12 16:24:11.217 INFO  network.client.Client 180 receiveMsg - {"Würfelwurf":{"Spieler":3,"Wurf":[2,1]}}
2017-02-12 16:24:11.294 INFO  network.client.Client 180 receiveMsg - {"Ertrag":{"Rohstoffe":{"Getreide":1},"Spieler":2}}
2017-02-12 16:24:11.307 INFO  network.client.Client 180 receiveMsg - {"Ertrag":{"Rohstoffe":{"Getreide":1},"Spieler":1}}
2017-02-12 16:24:11.384 INFO  network.client.Client 180 receiveMsg - {"Ertrag":{"Rohstoffe":{"Getreide":1},"Spieler":3}}
2017-02-12 16:24:11.397 INFO  network.client.Client 180 receiveMsg - {"Statusupdate":{"Spieler":{"Status":"Handeln oder Bauen","Rittermacht":0,"Farbe":"Weiß","Längste Handelsstraße":false,"Siegpunkte":2,"Rohstoffe":{"Getreide":1,"Wolle":0,"Holz":3,"Lehm":0,"Erz":1},"id":3,"Entwicklungskarten":{"Straßenbau":0,"Erfindung":0,"Monopol":0,"Ritter":0,"Siegpunkt":0},"Name":"chris","Größte Rittermacht":false}}}
2017-02-12 16:24:12.952 INFO  network.client.Client 153 sendMsg - {"Zug beenden":{}}
2017-02-12 16:24:12.954 INFO  network.client.Client 180 receiveMsg - {"Statusupdate":{"Spieler":{"Status":"Warten","Rittermacht":0,"Farbe":"Weiß","Längste Handelsstraße":false,"Siegpunkte":2,"Rohstoffe":{"Getreide":1,"Wolle":0,"Holz":3,"Lehm":0,"Erz":1},"id":3,"Entwicklungskarten":{"Straßenbau":0,"Erfindung":0,"Monopol":0,"Ritter":0,"Siegpunkt":0},"Name":"chris","Größte Rittermacht":false}}}
2017-02-12 16:24:12.971 INFO  network.client.Client 180 receiveMsg - {"Statusupdate":{"Spieler":{"Status":"Würfeln","Rittermacht":0,"Farbe":"Blau","Längste Handelsstraße":false,"Siegpunkte":2,"Rohstoffe":{"Unbekannt":4},"id":1,"Entwicklungskarten":{"Unbekannt":1},"Name":"KI (1)","Größte Rittermacht":false}}}
2017-02-12 16:24:13.049 INFO  network.client.Client 180 receiveMsg - {"Würfelwurf":{"Spieler":1,"Wurf":[3,4]}}
2017-02-12 16:24:13.062 INFO  network.client.Client 180 receiveMsg - {"Statusupdate":{"Spieler":{"Status":"Warten","Rittermacht":0,"Farbe":"Blau","Längste Handelsstraße":false,"Siegpunkte":2,"Rohstoffe":{"Unbekannt":4},"id":1,"Entwicklungskarten":{"Unbekannt":1},"Name":"KI (1)","Größte Rittermacht":false}}}
2017-02-12 16:24:13.139 INFO  network.client.Client 180 receiveMsg - {"Statusupdate":{"Spieler":{"Status":"Warten","Rittermacht":0,"Farbe":"Rot","Längste Handelsstraße":false,"Siegpunkte":2,"Rohstoffe":{"Unbekannt":4},"id":2,"Entwicklungskarten":{"Unbekannt":0},"Name":"KI (2)","Größte Rittermacht":false}}}
2017-02-12 16:24:13.152 INFO  network.client.Client 180 receiveMsg - {"Statusupdate":{"Spieler":{"Status":"Warten","Rittermacht":0,"Farbe":"Weiß","Längste Handelsstraße":false,"Siegpunkte":2,"Rohstoffe":{"Getreide":1,"Wolle":0,"Holz":3,"Lehm":0,"Erz":1},"id":3,"Entwicklungskarten":{"Straßenbau":0,"Erfindung":0,"Monopol":0,"Ritter":0,"Siegpunkt":0},"Name":"chris","Größte Rittermacht":false}}}
2017-02-12 16:24:13.227 INFO  network.client.Client 180 receiveMsg - {"Statusupdate":{"Spieler":{"Status":"Räuber versetzen","Rittermacht":0,"Farbe":"Blau","Längste Handelsstraße":false,"Siegpunkte":2,"Rohstoffe":{"Unbekannt":4},"id":1,"Entwicklungskarten":{"Unbekannt":1},"Name":"KI (1)","Größte Rittermacht":false}}}
2017-02-12 16:24:13.626 INFO  network.client.Client 180 receiveMsg - {"Kosten":{"Rohstoffe":{"Holz":1},"Spieler":3}}
2017-02-12 16:24:13.642 INFO  network.client.Client 180 receiveMsg - {"Ertrag":{"Rohstoffe":{"Unbekannt":1},"Spieler":1}}
2017-02-12 16:24:13.715 INFO  network.client.Client 180 receiveMsg - {"Räuber versetzt":{"Ort":{"x":-2,"y":1},"Spieler":1,"Ziel":3}}
2017-02-12 16:24:13.733 INFO  network.client.Client 180 receiveMsg - {"Statusupdate":{"Spieler":{"Status":"Handeln oder Bauen","Rittermacht":0,"Farbe":"Blau","Längste Handelsstraße":false,"Siegpunkte":2,"Rohstoffe":{"Unbekannt":5},"id":1,"Entwicklungskarten":{"Unbekannt":1},"Name":"KI (1)","Größte Rittermacht":false}}}
2017-02-12 16:24:14.128 INFO  network.JsonLib 259 dev - Case not covered!
2017-02-12 16:24:14.128 INFO  network.client.Client 180 receiveMsg - {"Entwicklungskarte gekauft":{"Entwicklungskarte":"Unbekannt","Spieler":1}}
2017-02-12 16:24:14.139 INFO  network.client.Client 180 receiveMsg - {"Kosten":{"Rohstoffe":{"Unbekannt":3},"Spieler":1}}
2017-02-12 16:24:14.216 INFO  network.client.Client 180 receiveMsg - {"Statusupdate":{"Spieler":{"Status":"Handeln oder Bauen","Rittermacht":0,"Farbe":"Blau","Längste Handelsstraße":false,"Siegpunkte":2,"Rohstoffe":{"Unbekannt":2},"id":1,"Entwicklungskarten":{"Unbekannt":2},"Name":"KI (1)","Größte Rittermacht":false}}}
2017-02-12 16:24:14.542 INFO  network.client.Client 180 receiveMsg - {"Statusupdate":{"Spieler":{"Status":"Warten","Rittermacht":0,"Farbe":"Blau","Längste Handelsstraße":false,"Siegpunkte":2,"Rohstoffe":{"Unbekannt":2},"id":1,"Entwicklungskarten":{"Unbekannt":2},"Name":"KI (1)","Größte Rittermacht":false}}}
2017-02-12 16:24:14.553 INFO  network.client.Client 180 receiveMsg - {"Statusupdate":{"Spieler":{"Status":"Würfeln","Rittermacht":0,"Farbe":"Rot","Längste Handelsstraße":false,"Siegpunkte":2,"Rohstoffe":{"Unbekannt":4},"id":2,"Entwicklungskarten":{"Unbekannt":0},"Name":"KI (2)","Größte Rittermacht":false}}}
2017-02-12 16:24:14.633 INFO  network.client.Client 180 receiveMsg - {"Würfelwurf":{"Spieler":2,"Wurf":[3,5]}}
2017-02-12 16:24:14.651 INFO  network.client.Client 180 receiveMsg - {"Ertrag":{"Rohstoffe":{"Wolle":1,"Holz":1},"Spieler":1}}
2017-02-12 16:24:14.719 INFO  network.client.Client 180 receiveMsg - {"Ertrag":{"Rohstoffe":{"Holz":1},"Spieler":3}}
2017-02-12 16:24:14.738 INFO  network.client.Client 180 receiveMsg - {"Statusupdate":{"Spieler":{"Status":"Handeln oder Bauen","Rittermacht":0,"Farbe":"Rot","Längste Handelsstraße":false,"Siegpunkte":2,"Rohstoffe":{"Unbekannt":4},"id":2,"Entwicklungskarten":{"Unbekannt":0},"Name":"KI (2)","Größte Rittermacht":false}}}
2017-02-12 16:24:15.210 INFO  network.client.Client 180 receiveMsg - {"Statusupdate":{"Spieler":{"Status":"Warten","Rittermacht":0,"Farbe":"Rot","Längste Handelsstraße":false,"Siegpunkte":2,"Rohstoffe":{"Unbekannt":4},"id":2,"Entwicklungskarten":{"Unbekannt":0},"Name":"KI (2)","Größte Rittermacht":false}}}
2017-02-12 16:24:15.217 INFO  network.client.Client 180 receiveMsg - {"Statusupdate":{"Spieler":{"Status":"Würfeln","Rittermacht":0,"Farbe":"Weiß","Längste Handelsstraße":false,"Siegpunkte":2,"Rohstoffe":{"Getreide":1,"Wolle":0,"Holz":3,"Lehm":0,"Erz":1},"id":3,"Entwicklungskarten":{"Straßenbau":0,"Erfindung":0,"Monopol":0,"Ritter":0,"Siegpunkt":0},"Name":"chris","Größte Rittermacht":false}}}
2017-02-12 16:24:16.660 INFO  network.client.Client 153 sendMsg - {"Würfeln":{}}
2017-02-12 16:24:16.661 INFO  network.client.Client 180 receiveMsg - {"Serverantwort":"OK"}
2017-02-12 16:24:16.674 INFO  network.client.Client 180 receiveMsg - {"Würfelwurf":{"Spieler":3,"Wurf":[3,1]}}
2017-02-12 16:24:16.751 INFO  network.client.Client 180 receiveMsg - {"Ertrag":{"Rohstoffe":{"Getreide":1},"Spieler":1}}
2017-02-12 16:24:16.762 INFO  network.client.Client 180 receiveMsg - {"Ertrag":{"Rohstoffe":{"Getreide":1},"Spieler":3}}
2017-02-12 16:24:16.839 INFO  network.client.Client 180 receiveMsg - {"Statusupdate":{"Spieler":{"Status":"Handeln oder Bauen","Rittermacht":0,"Farbe":"Weiß","Längste Handelsstraße":false,"Siegpunkte":2,"Rohstoffe":{"Getreide":2,"Wolle":0,"Holz":3,"Lehm":0,"Erz":1},"id":3,"Entwicklungskarten":{"Straßenbau":0,"Erfindung":0,"Monopol":0,"Ritter":0,"Siegpunkt":0},"Name":"chris","Größte Rittermacht":false}}}
2017-02-12 16:24:17.991 INFO  network.client.Client 153 sendMsg - {"Zug beenden":{}}
2017-02-12 16:24:17.994 INFO  network.client.Client 180 receiveMsg - {"Statusupdate":{"Spieler":{"Status":"Warten","Rittermacht":0,"Farbe":"Weiß","Längste Handelsstraße":false,"Siegpunkte":2,"Rohstoffe":{"Getreide":2,"Wolle":0,"Holz":3,"Lehm":0,"Erz":1},"id":3,"Entwicklungskarten":{"Straßenbau":0,"Erfindung":0,"Monopol":0,"Ritter":0,"Siegpunkt":0},"Name":"chris","Größte Rittermacht":false}}}
2017-02-12 16:24:18.010 INFO  network.client.Client 180 receiveMsg - {"Statusupdate":{"Spieler":{"Status":"Würfeln","Rittermacht":0,"Farbe":"Blau","Längste Handelsstraße":false,"Siegpunkte":2,"Rohstoffe":{"Unbekannt":5},"id":1,"Entwicklungskarten":{"Unbekannt":2},"Name":"KI (1)","Größte Rittermacht":false}}}
2017-02-12 16:24:18.088 INFO  network.client.Client 180 receiveMsg - {"Würfelwurf":{"Spieler":1,"Wurf":[1,4]}}
2017-02-12 16:24:18.105 INFO  network.client.Client 180 receiveMsg - {"Ertrag":{"Rohstoffe":{"Erz":1},"Spieler":1}}
2017-02-12 16:24:18.174 INFO  network.client.Client 180 receiveMsg - {"Ertrag":{"Rohstoffe":{"Holz":1},"Spieler":3}}
2017-02-12 16:24:18.196 INFO  network.client.Client 180 receiveMsg - {"Statusupdate":{"Spieler":{"Status":"Handeln oder Bauen","Rittermacht":0,"Farbe":"Blau","Längste Handelsstraße":false,"Siegpunkte":2,"Rohstoffe":{"Unbekannt":6},"id":1,"Entwicklungskarten":{"Unbekannt":2},"Name":"KI (1)","Größte Rittermacht":false}}}
2017-02-12 16:24:18.585 INFO  network.JsonLib 259 dev - Case not covered!
2017-02-12 16:24:18.586 INFO  network.client.Client 180 receiveMsg - {"Entwicklungskarte gekauft":{"Entwicklungskarte":"Unbekannt","Spieler":1}}
2017-02-12 16:24:18.597 INFO  network.client.Client 180 receiveMsg - {"Kosten":{"Rohstoffe":{"Unbekannt":3},"Spieler":1}}
2017-02-12 16:24:18.675 INFO  network.client.Client 180 receiveMsg - {"Statusupdate":{"Spieler":{"Status":"Handeln oder Bauen","Rittermacht":0,"Farbe":"Blau","Längste Handelsstraße":false,"Siegpunkte":2,"Rohstoffe":{"Unbekannt":3},"id":1,"Entwicklungskarten":{"Unbekannt":3},"Name":"KI (1)","Größte Rittermacht":false}}}
2017-02-12 16:24:18.923 INFO  network.client.Client 180 receiveMsg - {"Erfindung":{"Rohstoffe":{"Getreide":1,"Wolle":1},"Spieler":1}}
2017-02-12 16:24:18.935 INFO  network.client.Client 180 receiveMsg - {"Ertrag":{"Rohstoffe":{"Unbekannt":2},"Spieler":1}}
2017-02-12 16:24:19.012 INFO  network.client.Client 180 receiveMsg - {"Statusupdate":{"Spieler":{"Status":"Handeln oder Bauen","Rittermacht":0,"Farbe":"Blau","Längste Handelsstraße":false,"Siegpunkte":2,"Rohstoffe":{"Unbekannt":5},"id":1,"Entwicklungskarten":{"Unbekannt":2},"Name":"KI (1)","Größte Rittermacht":false}}}
2017-02-12 16:24:19.023 INFO  network.client.Client 180 receiveMsg - {"Statusupdate":{"Spieler":{"Status":"Warten","Rittermacht":0,"Farbe":"Blau","Längste Handelsstraße":false,"Siegpunkte":2,"Rohstoffe":{"Unbekannt":5},"id":1,"Entwicklungskarten":{"Unbekannt":2},"Name":"KI (1)","Größte Rittermacht":false}}}
2017-02-12 16:24:19.100 INFO  network.client.Client 180 receiveMsg - {"Statusupdate":{"Spieler":{"Status":"Würfeln","Rittermacht":0,"Farbe":"Rot","Längste Handelsstraße":false,"Siegpunkte":2,"Rohstoffe":{"Unbekannt":4},"id":2,"Entwicklungskarten":{"Unbekannt":0},"Name":"KI (2)","Größte Rittermacht":false}}}
2017-02-12 16:24:19.263 INFO  network.client.Client 180 receiveMsg - {"Würfelwurf":{"Spieler":2,"Wurf":[6,5]}}
2017-02-12 16:24:19.282 INFO  network.client.Client 180 receiveMsg - {"Ertrag":{"Rohstoffe":{"Wolle":1},"Spieler":2}}
2017-02-12 16:24:19.352 INFO  network.client.Client 180 receiveMsg - {"Statusupdate":{"Spieler":{"Status":"Handeln oder Bauen","Rittermacht":0,"Farbe":"Rot","Längste Handelsstraße":false,"Siegpunkte":2,"Rohstoffe":{"Unbekannt":5},"id":2,"Entwicklungskarten":{"Unbekannt":0},"Name":"KI (2)","Größte Rittermacht":false}}}
2017-02-12 16:24:19.761 INFO  network.client.Client 180 receiveMsg - {"Statusupdate":{"Spieler":{"Status":"Warten","Rittermacht":0,"Farbe":"Rot","Längste Handelsstraße":false,"Siegpunkte":2,"Rohstoffe":{"Unbekannt":5},"id":2,"Entwicklungskarten":{"Unbekannt":0},"Name":"KI (2)","Größte Rittermacht":false}}}
2017-02-12 16:24:19.768 INFO  network.client.Client 180 receiveMsg - {"Statusupdate":{"Spieler":{"Status":"Würfeln","Rittermacht":0,"Farbe":"Weiß","Längste Handelsstraße":false,"Siegpunkte":2,"Rohstoffe":{"Getreide":2,"Wolle":0,"Holz":4,"Lehm":0,"Erz":1},"id":3,"Entwicklungskarten":{"Straßenbau":0,"Erfindung":0,"Monopol":0,"Ritter":0,"Siegpunkt":0},"Name":"chris","Größte Rittermacht":false}}}
2017-02-12 16:24:20.886 INFO  network.client.Client 153 sendMsg - {"Würfeln":{}}
2017-02-12 16:24:20.887 INFO  network.client.Client 180 receiveMsg - {"Serverantwort":"OK"}
2017-02-12 16:24:20.898 INFO  network.client.Client 180 receiveMsg - {"Würfelwurf":{"Spieler":3,"Wurf":[3,4]}}
2017-02-12 16:24:20.977 INFO  network.client.Client 180 receiveMsg - {"Statusupdate":{"Spieler":{"Status":"Warten","Rittermacht":0,"Farbe":"Blau","Längste Handelsstraße":false,"Siegpunkte":2,"Rohstoffe":{"Unbekannt":5},"id":1,"Entwicklungskarten":{"Unbekannt":2},"Name":"KI (1)","Größte Rittermacht":false}}}
2017-02-12 16:24:20.989 INFO  network.client.Client 180 receiveMsg - {"Statusupdate":{"Spieler":{"Status":"Warten","Rittermacht":0,"Farbe":"Rot","Längste Handelsstraße":false,"Siegpunkte":2,"Rohstoffe":{"Unbekannt":5},"id":2,"Entwicklungskarten":{"Unbekannt":0},"Name":"KI (2)","Größte Rittermacht":false}}}
2017-02-12 16:24:21.068 INFO  network.client.Client 180 receiveMsg - {"Statusupdate":{"Spieler":{"Status":"Warten","Rittermacht":0,"Farbe":"Weiß","Längste Handelsstraße":false,"Siegpunkte":2,"Rohstoffe":{"Getreide":2,"Wolle":0,"Holz":4,"Lehm":0,"Erz":1},"id":3,"Entwicklungskarten":{"Straßenbau":0,"Erfindung":0,"Monopol":0,"Ritter":0,"Siegpunkt":0},"Name":"chris","Größte Rittermacht":false}}}
2017-02-12 16:24:21.077 INFO  network.client.Client 180 receiveMsg - {"Statusupdate":{"Spieler":{"Status":"Räuber versetzen","Rittermacht":0,"Farbe":"Weiß","Längste Handelsstraße":false,"Siegpunkte":2,"Rohstoffe":{"Getreide":2,"Wolle":0,"Holz":4,"Lehm":0,"Erz":1},"id":3,"Entwicklungskarten":{"Straßenbau":0,"Erfindung":0,"Monopol":0,"Ritter":0,"Siegpunkt":0},"Name":"chris","Größte Rittermacht":false}}}
2017-02-12 16:24:22.915 INFO  network.client.Client 153 sendMsg - {"Räuber versetzen":{"Ort":{"x":-1,"y":0},"Ziel":1}}
2017-02-12 16:24:22.916 INFO  network.client.Client 180 receiveMsg - {"Serverantwort":"OK"}
2017-02-12 16:24:22.923 INFO  network.client.Client 180 receiveMsg - {"Kosten":{"Rohstoffe":{"Unbekannt":1},"Spieler":1}}
2017-02-12 16:24:23.005 INFO  network.client.Client 180 receiveMsg - {"Ertrag":{"Rohstoffe":{"Holz":1},"Spieler":3}}
2017-02-12 16:24:23.012 INFO  network.client.Client 180 receiveMsg - {"Räuber versetzt":{"Ort":{"x":-1,"y":0},"Spieler":3,"Ziel":1}}
2017-02-12 16:24:23.096 INFO  network.client.Client 180 receiveMsg - {"Statusupdate":{"Spieler":{"Status":"Handeln oder Bauen","Rittermacht":0,"Farbe":"Weiß","Längste Handelsstraße":false,"Siegpunkte":2,"Rohstoffe":{"Getreide":2,"Wolle":0,"Holz":5,"Lehm":0,"Erz":1},"id":3,"Entwicklungskarten":{"Straßenbau":0,"Erfindung":0,"Monopol":0,"Ritter":0,"Siegpunkt":0},"Name":"chris","Größte Rittermacht":false}}}
2017-02-12 16:24:24.801 INFO  network.client.Client 153 sendMsg - {"Zug beenden":{}}
2017-02-12 16:24:24.804 INFO  network.client.Client 180 receiveMsg - {"Statusupdate":{"Spieler":{"Status":"Warten","Rittermacht":0,"Farbe":"Weiß","Längste Handelsstraße":false,"Siegpunkte":2,"Rohstoffe":{"Getreide":2,"Wolle":0,"Holz":5,"Lehm":0,"Erz":1},"id":3,"Entwicklungskarten":{"Straßenbau":0,"Erfindung":0,"Monopol":0,"Ritter":0,"Siegpunkt":0},"Name":"chris","Größte Rittermacht":false}}}
2017-02-12 16:24:24.821 INFO  network.client.Client 180 receiveMsg - {"Statusupdate":{"Spieler":{"Status":"Würfeln","Rittermacht":0,"Farbe":"Blau","Längste Handelsstraße":false,"Siegpunkte":2,"Rohstoffe":{"Unbekannt":4},"id":1,"Entwicklungskarten":{"Unbekannt":2},"Name":"KI (1)","Größte Rittermacht":false}}}
2017-02-12 16:24:24.901 INFO  network.client.Client 180 receiveMsg - {"Würfelwurf":{"Spieler":1,"Wurf":[1,3]}}
2017-02-12 16:24:24.914 INFO  network.client.Client 180 receiveMsg - {"Statusupdate":{"Spieler":{"Status":"Handeln oder Bauen","Rittermacht":0,"Farbe":"Blau","Längste Handelsstraße":false,"Siegpunkte":2,"Rohstoffe":{"Unbekannt":4},"id":1,"Entwicklungskarten":{"Unbekannt":2},"Name":"KI (1)","Größte Rittermacht":false}}}
2017-02-12 16:24:25.236 INFO  network.client.Client 180 receiveMsg - {"Straßenbaukarte ausspielen":{"Straße 2":[{"x":-1,"y":0},{"x":0,"y":-1}],"Spieler":1,"Straße 1":[{"x":-1,"y":-1},{"x":0,"y":-1}]}}
2017-02-12 16:24:25.253 INFO  network.Interpreter 328 axialToEdgeOrCorner - [{"x":-1,"y":-1},{"x":0,"y":-1}]. {23, 24}
2017-02-12 16:24:25.253 INFO  network.Interpreter 328 axialToEdgeOrCorner - [{"x":-1,"y":-1},{"x":0,"y":-1}]. {23, 24}
2017-02-12 16:24:25.253 INFO  network.client.ClientListener 1102 build - Straße - [{"x":-1,"y":-1},{"x":0,"y":-1}] - {23, 24}
2017-02-12 16:24:25.253 INFO  network.client.Client 180 receiveMsg - {"Bauvorgang":{"Gebäude":{"Ort":[{"x":-1,"y":-1},{"x":0,"y":-1}],"Eigentümer":1,"Typ":"Straße"}}}
2017-02-12 16:24:25.324 INFO  network.Interpreter 328 axialToEdgeOrCorner - [{"x":-1,"y":0},{"x":0,"y":-1}]. {17, 24}
2017-02-12 16:24:25.324 INFO  network.Interpreter 328 axialToEdgeOrCorner - [{"x":-1,"y":0},{"x":0,"y":-1}]. {17, 24}
2017-02-12 16:24:25.324 INFO  network.client.ClientListener 1102 build - Straße - [{"x":-1,"y":0},{"x":0,"y":-1}] - {17, 24}
2017-02-12 16:24:25.324 INFO  network.client.Client 180 receiveMsg - {"Bauvorgang":{"Gebäude":{"Ort":[{"x":-1,"y":0},{"x":0,"y":-1}],"Eigentümer":1,"Typ":"Straße"}}}
2017-02-12 16:24:25.343 INFO  network.client.Client 180 receiveMsg - {"Statusupdate":{"Spieler":{"Status":"Handeln oder Bauen","Rittermacht":0,"Farbe":"Blau","Längste Handelsstraße":false,"Siegpunkte":2,"Rohstoffe":{"Unbekannt":4},"id":1,"Entwicklungskarten":{"Unbekannt":1},"Name":"KI (1)","Größte Rittermacht":false}}}
2017-02-12 16:24:25.415 INFO  network.client.Client 180 receiveMsg - {"Statusupdate":{"Spieler":{"Status":"Warten","Rittermacht":0,"Farbe":"Blau","Längste Handelsstraße":false,"Siegpunkte":2,"Rohstoffe":{"Unbekannt":4},"id":1,"Entwicklungskarten":{"Unbekannt":1},"Name":"KI (1)","Größte Rittermacht":false}}}
2017-02-12 16:24:25.431 INFO  network.client.Client 180 receiveMsg - {"Statusupdate":{"Spieler":{"Status":"Würfeln","Rittermacht":0,"Farbe":"Rot","Längste Handelsstraße":false,"Siegpunkte":2,"Rohstoffe":{"Unbekannt":5},"id":2,"Entwicklungskarten":{"Unbekannt":0},"Name":"KI (2)","Größte Rittermacht":false}}}
2017-02-12 16:24:25.663 INFO  network.client.Client 180 receiveMsg - {"Würfelwurf":{"Spieler":2,"Wurf":[3,4]}}
2017-02-12 16:24:25.675 INFO  network.client.Client 180 receiveMsg - {"Statusupdate":{"Spieler":{"Status":"Warten","Rittermacht":0,"Farbe":"Blau","Längste Handelsstraße":false,"Siegpunkte":2,"Rohstoffe":{"Unbekannt":4},"id":1,"Entwicklungskarten":{"Unbekannt":1},"Name":"KI (1)","Größte Rittermacht":false}}}
2017-02-12 16:24:25.753 INFO  network.client.Client 180 receiveMsg - {"Statusupdate":{"Spieler":{"Status":"Warten","Rittermacht":0,"Farbe":"Rot","Längste Handelsstraße":false,"Siegpunkte":2,"Rohstoffe":{"Unbekannt":5},"id":2,"Entwicklungskarten":{"Unbekannt":0},"Name":"KI (2)","Größte Rittermacht":false}}}
2017-02-12 16:24:25.765 INFO  network.client.Client 180 receiveMsg - {"Statusupdate":{"Spieler":{"Status":"Karten wegen Räuber abgeben","Rittermacht":0,"Farbe":"Weiß","Längste Handelsstraße":false,"Siegpunkte":2,"Rohstoffe":{"Getreide":2,"Wolle":0,"Holz":5,"Lehm":0,"Erz":1},"id":3,"Entwicklungskarten":{"Straßenbau":0,"Erfindung":0,"Monopol":0,"Ritter":0,"Siegpunkt":0},"Name":"chris","Größte Rittermacht":false}}}
2017-02-12 16:24:45.166 INFO  network.client.Client 153 sendMsg - {"Karten abgeben":{"Abgeben":{"Holz":4}}}
2017-02-12 16:24:45.168 INFO  network.client.Client 180 receiveMsg - {"Kosten":{"Rohstoffe":{"Holz":4},"Spieler":3}}
2017-02-12 16:24:45.179 INFO  network.client.Client 180 receiveMsg - {"Serverantwort":"OK"}
2017-02-12 16:24:45.259 INFO  network.client.Client 180 receiveMsg - {"Statusupdate":{"Spieler":{"Status":"Warten","Rittermacht":0,"Farbe":"Weiß","Längste Handelsstraße":false,"Siegpunkte":2,"Rohstoffe":{"Getreide":2,"Wolle":0,"Holz":1,"Lehm":0,"Erz":1},"id":3,"Entwicklungskarten":{"Straßenbau":0,"Erfindung":0,"Monopol":0,"Ritter":0,"Siegpunkt":0},"Name":"chris","Größte Rittermacht":false}}}
2017-02-12 16:24:45.268 INFO  network.client.Client 180 receiveMsg - {"Statusupdate":{"Spieler":{"Status":"Räuber versetzen","Rittermacht":0,"Farbe":"Rot","Längste Handelsstraße":false,"Siegpunkte":2,"Rohstoffe":{"Unbekannt":5},"id":2,"Entwicklungskarten":{"Unbekannt":0},"Name":"KI (2)","Größte Rittermacht":false}}}
2017-02-12 16:24:45.426 INFO  network.client.Client 180 receiveMsg - {"Kosten":{"Rohstoffe":{"Getreide":1},"Spieler":3}}
2017-02-12 16:24:45.445 INFO  network.client.Client 180 receiveMsg - {"Ertrag":{"Rohstoffe":{"Unbekannt":1},"Spieler":2}}
2017-02-12 16:24:45.515 INFO  network.client.Client 180 receiveMsg - {"Räuber versetzt":{"Ort":{"x":1,"y":1},"Spieler":2,"Ziel":3}}
2017-02-12 16:24:45.535 INFO  network.client.Client 180 receiveMsg - {"Statusupdate":{"Spieler":{"Status":"Handeln oder Bauen","Rittermacht":0,"Farbe":"Rot","Längste Handelsstraße":false,"Siegpunkte":2,"Rohstoffe":{"Unbekannt":6},"id":2,"Entwicklungskarten":{"Unbekannt":0},"Name":"KI (2)","Größte Rittermacht":false}}}
2017-02-12 16:24:46.015 INFO  network.client.Client 180 receiveMsg - {"Statusupdate":{"Spieler":{"Status":"Warten","Rittermacht":0,"Farbe":"Rot","Längste Handelsstraße":false,"Siegpunkte":2,"Rohstoffe":{"Unbekannt":6},"id":2,"Entwicklungskarten":{"Unbekannt":0},"Name":"KI (2)","Größte Rittermacht":false}}}
2017-02-12 16:24:46.021 INFO  network.client.Client 180 receiveMsg - {"Statusupdate":{"Spieler":{"Status":"Würfeln","Rittermacht":0,"Farbe":"Weiß","Längste Handelsstraße":false,"Siegpunkte":2,"Rohstoffe":{"Getreide":1,"Wolle":0,"Holz":1,"Lehm":0,"Erz":1},"id":3,"Entwicklungskarten":{"Straßenbau":0,"Erfindung":0,"Monopol":0,"Ritter":0,"Siegpunkt":0},"Name":"chris","Größte Rittermacht":false}}}
