2017-02-12 18:21:18.716 TRACE model.players.Human 11 <init> - Enter model.players.Human@c11af52
2017-02-12 18:21:18.718 DEBUG model.players.Player 62 printPlayer - model.players.Human@c11af52
id        3         color     NULL      name                status    null      
vp        0         road      false     army      false     
dev       0         dice      0         
res       0         lumber    0         brick     0         grain     0         wool      0         ore       0         
dev       []
dev BLOCK []
Harbors   []
Roads          left      15        built     []
Settlements    left      5         built     []
Cities         left      4         built     []
2017-02-12 18:21:18.721 DEBUG model.players.Player 62 printPlayer - model.players.Human@c11af52
id        3         color     NULL      name                status    START_GAME
vp        0         road      false     army      false     
dev       0         dice      0         
res       0         lumber    0         brick     0         grain     0         wool      0         ore       0         
dev       []
dev BLOCK []
Harbors   []
Roads          left      15        built     []
Settlements    left      5         built     []
Cities         left      4         built     []
2017-02-12 18:21:18.804 DEBUG model.players.Player 62 printPlayer - model.players.Human@c11af52
id        3         color     NULL      name                status    START_GAME
vp        0         road      false     army      false     
dev       0         dice      0         
res       0         lumber    0         brick     0         grain     0         wool      0         ore       0         
dev       []
dev BLOCK []
Harbors   []
Roads          left      15        built     []
Settlements    left      5         built     []
Cities         left      4         built     []
2017-02-12 18:21:18.806 DEBUG model.players.Player 233 setGrain - model.players.Human@c11af52 [ id: 3 ] old: 0, new: 0
2017-02-12 18:21:18.807 DEBUG model.players.Player 255 setWool - model.players.Human@c11af52 [ id: 3 ] old: 0, new: 0
2017-02-12 18:21:18.807 DEBUG model.players.Player 189 setLumber - model.players.Human@c11af52 [ id: 3 ] old: 0, new: 0
2017-02-12 18:21:18.807 DEBUG model.players.Player 167 setBrick - model.players.Human@c11af52 [ id: 3 ] old: 0, new: 0
2017-02-12 18:21:18.807 DEBUG model.players.Player 211 setOre - model.players.Human@c11af52 [ id: 3 ] old: 0, new: 0
2017-02-12 18:21:18.807 INFO  model.players.Player 489 setKnightsDev - 0, 0 old and new value of knightDev Card. Knight card which is on the hand of ClientName: 
2017-02-12 18:21:18.808 TRACE model.players.Human 11 <init> - Enter model.players.Human@2d640a0
2017-02-12 18:21:18.809 DEBUG model.players.Player 62 printPlayer - model.players.Human@2d640a0
id        1         color     BLUE      name      KI (1)    status    null      
vp        0         road      false     army      false     
dev       0         dice      0         
res       0         lumber    0         brick     0         grain     0         wool      0         ore       0         
dev       []
dev BLOCK []
Harbors   []
Roads          left      15        built     []
Settlements    left      5         built     []
Cities         left      4         built     []
2017-02-12 18:21:18.810 DEBUG model.players.Player 62 printPlayer - model.players.Human@2d640a0
id        1         color     BLUE      name      KI (1)    status    WAIT_FOR_GAME_START
vp        0         road      false     army      false     
dev       0         dice      0         
res       0         lumber    0         brick     0         grain     0         wool      0         ore       0         
dev       []
dev BLOCK []
Harbors   []
Roads          left      15        built     []
Settlements    left      5         built     []
Cities         left      4         built     []
2017-02-12 18:21:18.896 TRACE model.players.Human 11 <init> - Enter model.players.Human@7fa5d327
2017-02-12 18:21:18.897 DEBUG model.players.Player 62 printPlayer - model.players.Human@7fa5d327
id        2         color     RED       name      KI (2)    status    null      
vp        0         road      false     army      false     
dev       0         dice      0         
res       0         lumber    0         brick     0         grain     0         wool      0         ore       0         
dev       []
dev BLOCK []
Harbors   []
Roads          left      15        built     []
Settlements    left      5         built     []
Cities         left      4         built     []
2017-02-12 18:21:18.898 DEBUG model.players.Player 62 printPlayer - model.players.Human@7fa5d327
id        2         color     RED       name      KI (2)    status    WAIT_FOR_GAME_START
vp        0         road      false     army      false     
dev       0         dice      0         
res       0         lumber    0         brick     0         grain     0         wool      0         ore       0         
dev       []
dev BLOCK []
Harbors   []
Roads          left      15        built     []
Settlements    left      5         built     []
Cities         left      4         built     []
2017-02-12 18:21:24.634 DEBUG model.players.Player 62 printPlayer - model.players.Human@c11af52
id        3         color     ORANGE    name      chris     status    START_GAME
vp        0         road      false     army      false     
dev       0         dice      0         
res       0         lumber    0         brick     0         grain     0         wool      0         ore       0         
dev       []
dev BLOCK []
Harbors   []
Roads          left      15        built     []
Settlements    left      5         built     []
Cities         left      4         built     []
2017-02-12 18:21:24.635 DEBUG model.players.Player 233 setGrain - model.players.Human@c11af52 [ id: 3 ] old: 0, new: 0
2017-02-12 18:21:24.635 DEBUG model.players.Player 255 setWool - model.players.Human@c11af52 [ id: 3 ] old: 0, new: 0
2017-02-12 18:21:24.635 DEBUG model.players.Player 189 setLumber - model.players.Human@c11af52 [ id: 3 ] old: 0, new: 0
2017-02-12 18:21:24.635 DEBUG model.players.Player 167 setBrick - model.players.Human@c11af52 [ id: 3 ] old: 0, new: 0
2017-02-12 18:21:24.635 DEBUG model.players.Player 211 setOre - model.players.Human@c11af52 [ id: 3 ] old: 0, new: 0
2017-02-12 18:21:24.635 INFO  model.players.Player 489 setKnightsDev - 0, 0 old and new value of knightDev Card. Knight card which is on the hand of ClientName: chris
2017-02-12 18:21:26.178 DEBUG model.players.Player 62 printPlayer - model.players.Human@c11af52
id        3         color     ORANGE    name      chris     status    WAIT_FOR_GAME_START
vp        0         road      false     army      false     
dev       0         dice      0         
res       0         lumber    0         brick     0         grain     0         wool      0         ore       0         
dev       []
dev BLOCK []
Harbors   []
Roads          left      15        built     []
Settlements    left      5         built     []
Cities         left      4         built     []
2017-02-12 18:21:26.178 DEBUG model.players.Player 233 setGrain - model.players.Human@c11af52 [ id: 3 ] old: 0, new: 0
2017-02-12 18:21:26.178 DEBUG model.players.Player 255 setWool - model.players.Human@c11af52 [ id: 3 ] old: 0, new: 0
2017-02-12 18:21:26.179 DEBUG model.players.Player 189 setLumber - model.players.Human@c11af52 [ id: 3 ] old: 0, new: 0
2017-02-12 18:21:26.179 DEBUG model.players.Player 167 setBrick - model.players.Human@c11af52 [ id: 3 ] old: 0, new: 0
2017-02-12 18:21:26.179 DEBUG model.players.Player 211 setOre - model.players.Human@c11af52 [ id: 3 ] old: 0, new: 0
2017-02-12 18:21:26.179 INFO  model.players.Player 489 setKnightsDev - 0, 0 old and new value of knightDev Card. Knight card which is on the hand of ClientName: chris
2017-02-12 18:21:26.282 INFO  model.board.Board 262 printBoardIDs - 
  null  null  null   {0}   {1}   {2}   {3}
  null  null   {4}   {5}   {6}   {7}   {8}
  null   {9}  {10}  {11}  {12}  {13}  {14}
  {15}  {16}  {17}  {18}  {19}  {20}  {21}
  {22}  {23}  {24}  {25}  {26}  {27}  null
  {28}  {29}  {30}  {31}  {32}  null  null
  {33}  {34}  {35}  {36}  null  null  null

2017-02-12 18:21:26.284 INFO  model.board.Board 339 printNumberTokens - 
  null  null  null  null  null  null  null
  null  null  null    12     0     9  null
  null  null    11     6     5    10  null
  null     4     3    11     4     8  null
  null     8    10     9     3  null  null
  null     5     2     6  null  null  null
  null  null  null  null  null  null  null

2017-02-12 18:21:26.287 INFO  model.board.Board 280 printBoardSpecialCo - 
(     )(     )(     )( 0,-3)( 1,-3)( 2,-3)( 3,-3)
(     )(     )(-1,-2)( 0,-2)( 1,-2)( 2,-2)( 3,-2)
(     )(-2,-1)(-1,-1)( 0,-1)( 1,-1)( 2,-1)( 3,-1)
(-3, 0)(-2, 0)(-1, 0)( 0, 0)( 1, 0)( 2, 0)( 3, 0)
(-3, 1)(-2, 1)(-1, 1)( 0, 1)( 1, 1)( 2, 1)(     )
(-3, 2)(-2, 2)(-1, 2)( 0, 2)( 1, 2)(     )(     )
(-3, 3)(-2, 3)(-1, 3)( 0, 3)(     )(     )(     )

2017-02-12 18:21:26.289 INFO  model.board.Board 300 printTileNeighbors - 
Row: 0
                          null : 
                          null : 
                          null : 
       model.board.Sea@6e9c422 : [model.board.Sea@43eb4a9b, model.board.Pasture@4281168b, model.board.Sea@72e28d3b]
      model.board.Sea@43eb4a9b : [model.board.Desert@3a628f91, model.board.Pasture@4281168b, model.board.Sea@6e9c422, model.board.Sea@23c4b5d4]
      model.board.Sea@23c4b5d4 : [model.board.Sea@43eb4a9b, model.board.Field@69bbda69, model.board.Desert@3a628f91, model.board.Sea@fd61930]
       model.board.Sea@fd61930 : [model.board.Sea@2166015c, model.board.Field@69bbda69, model.board.Sea@23c4b5d4]
Row: 1
                          null : 
                          null : 
      model.board.Sea@72e28d3b : [model.board.Pasture@4281168b, model.board.Hill@278a6ab1, model.board.Sea@10d594bb, model.board.Sea@6e9c422]
  model.board.Pasture@4281168b : [model.board.Sea@43eb4a9b, model.board.Desert@3a628f91, model.board.Field@2f751008, model.board.Hill@278a6ab1, model.board.Sea@72e28d3b, model.board.Sea@6e9c422]
   model.board.Desert@3a628f91 : [model.board.Sea@43eb4a9b, model.board.Field@69bbda69, model.board.Mountain@3e88885b, model.board.Field@2f751008, model.board.Pasture@4281168b, model.board.Sea@23c4b5d4]
    model.board.Field@69bbda69 : [model.board.Sea@2166015c, model.board.Pasture@4a23b2d9, model.board.Mountain@3e88885b, model.board.Desert@3a628f91, model.board.Sea@23c4b5d4, model.board.Sea@fd61930]
      model.board.Sea@2166015c : [model.board.Sea@76ef876a, model.board.Pasture@4a23b2d9, model.board.Field@69bbda69, model.board.Sea@fd61930]
Row: 2
                          null : 
      model.board.Sea@10d594bb : [model.board.Sea@72e28d3b, model.board.Hill@278a6ab1, model.board.Sea@711d3cef, model.board.Forest@badb8c7]
     model.board.Hill@278a6ab1 : [model.board.Mountain@5c4f6611, model.board.Sea@72e28d3b, model.board.Pasture@4281168b, model.board.Field@2f751008, model.board.Sea@10d594bb, model.board.Forest@badb8c7]
    model.board.Field@2f751008 : [model.board.Mountain@5c4f6611, model.board.Pasture@4281168b, model.board.Desert@3a628f91, model.board.Mountain@3e88885b, model.board.Hill@278a6ab1, model.board.Hill@56117e25]
 model.board.Mountain@3e88885b : [model.board.Desert@3a628f91, model.board.Field@69bbda69, model.board.Pasture@4a23b2d9, model.board.Field@2f751008, model.board.Hill@56117e25, model.board.Pasture@4ef3ca4c]
  model.board.Pasture@4a23b2d9 : [model.board.Field@69bbda69, model.board.Sea@2166015c, model.board.Sea@76ef876a, model.board.Hill@287e28d5, model.board.Mountain@3e88885b, model.board.Pasture@4ef3ca4c]
      model.board.Sea@76ef876a : [model.board.Sea@2166015c, model.board.Sea@fa6ac25, model.board.Hill@287e28d5, model.board.Pasture@4a23b2d9]
Row: 3
      model.board.Sea@711d3cef : [model.board.Sea@10d594bb, model.board.Sea@529b1ba2, model.board.Forest@badb8c7]
    model.board.Forest@badb8c7 : [model.board.Mountain@5c4f6611, model.board.Sea@10d594bb, model.board.Hill@278a6ab1, model.board.Field@2ea0a17, model.board.Sea@529b1ba2, model.board.Sea@711d3cef]
 model.board.Mountain@5c4f6611 : [model.board.Hill@278a6ab1, model.board.Field@2f751008, model.board.Pasture@5b8bb21f, model.board.Field@2ea0a17, model.board.Forest@badb8c7, model.board.Hill@56117e25]
     model.board.Hill@56117e25 : [model.board.Mountain@5c4f6611, model.board.Field@2f751008, model.board.Mountain@3e88885b, model.board.Forest@6176facf, model.board.Pasture@5b8bb21f, model.board.Pasture@4ef3ca4c]
  model.board.Pasture@4ef3ca4c : [model.board.Mountain@3e88885b, model.board.Pasture@4a23b2d9, model.board.Hill@287e28d5, model.board.Forest@6b3abb48, model.board.Forest@6176facf, model.board.Hill@56117e25]
     model.board.Hill@287e28d5 : [model.board.Pasture@4a23b2d9, model.board.Sea@76ef876a, model.board.Sea@fa6ac25, model.board.Sea@39d2be8a, model.board.Forest@6b3abb48, model.board.Pasture@4ef3ca4c]
       model.board.Sea@fa6ac25 : [model.board.Sea@76ef876a, model.board.Sea@39d2be8a, model.board.Hill@287e28d5]
Row: 4
      model.board.Sea@529b1ba2 : [model.board.Sea@711d3cef, model.board.Field@2ea0a17, model.board.Sea@3fcfe8e5, model.board.Forest@badb8c7]
     model.board.Field@2ea0a17 : [model.board.Mountain@5c4f6611, model.board.Pasture@5b8bb21f, model.board.Field@69b9cd51, model.board.Sea@3fcfe8e5, model.board.Sea@529b1ba2, model.board.Forest@badb8c7]
  model.board.Pasture@5b8bb21f : [model.board.Mountain@5c4f6611, model.board.Forest@6176facf, model.board.Mountain@57e7cbd5, model.board.Field@69b9cd51, model.board.Field@2ea0a17, model.board.Hill@56117e25]
   model.board.Forest@6176facf : [model.board.Forest@6b3abb48, model.board.Forest@7b6d094d, model.board.Mountain@57e7cbd5, model.board.Pasture@5b8bb21f, model.board.Hill@56117e25, model.board.Pasture@4ef3ca4c]
   model.board.Forest@6b3abb48 : [model.board.Hill@287e28d5, model.board.Sea@39d2be8a, model.board.Forest@7b6d094d, model.board.Forest@6176facf, model.board.Sea@3ba55e05, model.board.Pasture@4ef3ca4c]
      model.board.Sea@39d2be8a : [model.board.Hill@287e28d5, model.board.Sea@fa6ac25, model.board.Forest@6b3abb48, model.board.Sea@3ba55e05]
                          null : 
Row: 5
      model.board.Sea@3fcfe8e5 : [model.board.Sea@1c51df65, model.board.Sea@529b1ba2, model.board.Field@2ea0a17, model.board.Field@69b9cd51]
    model.board.Field@69b9cd51 : [model.board.Sea@1c51df65, model.board.Field@2ea0a17, model.board.Pasture@5b8bb21f, model.board.Mountain@57e7cbd5, model.board.Sea@3fcfe8e5, model.board.Sea@75811659]
 model.board.Mountain@57e7cbd5 : [model.board.Pasture@5b8bb21f, model.board.Forest@6176facf, model.board.Forest@7b6d094d, model.board.Field@69b9cd51, model.board.Sea@75811659, model.board.Sea@66354ec5]
   model.board.Forest@7b6d094d : [model.board.Forest@6176facf, model.board.Forest@6b3abb48, model.board.Sea@77f16170, model.board.Mountain@57e7cbd5, model.board.Sea@3ba55e05, model.board.Sea@66354ec5]
      model.board.Sea@3ba55e05 : [model.board.Forest@6b3abb48, model.board.Sea@39d2be8a, model.board.Sea@77f16170, model.board.Forest@7b6d094d]
                          null : 
                          null : 
Row: 6
      model.board.Sea@1c51df65 : [model.board.Sea@3fcfe8e5, model.board.Field@69b9cd51, model.board.Sea@75811659]
      model.board.Sea@75811659 : [model.board.Sea@1c51df65, model.board.Field@69b9cd51, model.board.Mountain@57e7cbd5, model.board.Sea@66354ec5]
      model.board.Sea@66354ec5 : [model.board.Mountain@57e7cbd5, model.board.Forest@7b6d094d, model.board.Sea@77f16170, model.board.Sea@75811659]
      model.board.Sea@77f16170 : [model.board.Forest@7b6d094d, model.board.Sea@3ba55e05, model.board.Sea@66354ec5]
                          null : 
                          null : 
                          null : 

2017-02-12 18:21:26.291 INFO  model.board.Board 321 printPorts - 
        {33} : LUMBER
         {9} : GENERIC
        {22} : GRAIN
         {8} : GENERIC
         {0} : GENERIC
        {32} : WOOL
         {2} : BRICK
        {35} : GENERIC
        {21} : ORE

{22, 23, 28} : GRAIN
{16, 22, 23} : GRAIN
   {1, 2, 6} : BRICK
   {2, 6, 7} : BRICK
{28, 29, 33} : LUMBER
  {7, 8, 13} : GENERIC
 {8, 13, 14} : GENERIC
 {9, 10, 16} : GENERIC
 {9, 15, 16} : GENERIC
{26, 27, 32} : WOOL
{26, 31, 32} : WOOL
{29, 33, 34} : LUMBER
{30, 31, 35} : GENERIC
{30, 34, 35} : GENERIC
{14, 20, 21} : ORE
{20, 21, 27} : ORE
   {0, 4, 5} : GENERIC
   {0, 1, 5} : GENERIC

2017-02-12 18:21:29.009 DEBUG model.players.Player 62 printPlayer - model.players.Human@2d640a0
id        1         color     BLUE      name      KI (1)    status    WAIT      
vp        0         road      false     army      false     
dev       0         dice      8         
res       0         lumber    0         brick     0         grain     0         wool      0         ore       0         
dev       []
dev BLOCK []
Harbors   []
Roads          left      15        built     []
Settlements    left      5         built     []
Cities         left      4         built     []
2017-02-12 18:21:29.010 DEBUG model.Management 42 printManagement - model.Management@6549221c
KI (1)    sum       0         lumber    0         brick     0         grain     0         wool      0         ore       0         
KI (2)    sum       0         lumber    0         brick     0         grain     0         wool      0         ore       0         
chris     sum       0         lumber    0         brick     0         grain     0         wool      0         ore       0         
[ M ]     sum       95        lumber    19        brick     19        grain     19        wool      19        ore       19        
2017-02-12 18:21:29.094 DEBUG model.players.Player 62 printPlayer - model.players.Human@7fa5d327
id        2         color     RED       name      KI (2)    status    WAIT      
vp        0         road      false     army      false     
dev       0         dice      5         
res       0         lumber    0         brick     0         grain     0         wool      0         ore       0         
dev       []
dev BLOCK []
Harbors   []
Roads          left      15        built     []
Settlements    left      5         built     []
Cities         left      4         built     []
2017-02-12 18:21:29.095 DEBUG model.Management 42 printManagement - model.Management@6549221c
KI (1)    sum       0         lumber    0         brick     0         grain     0         wool      0         ore       0         
KI (2)    sum       0         lumber    0         brick     0         grain     0         wool      0         ore       0         
chris     sum       0         lumber    0         brick     0         grain     0         wool      0         ore       0         
[ M ]     sum       95        lumber    19        brick     19        grain     19        wool      19        ore       19        
2017-02-12 18:21:29.097 DEBUG model.players.Player 62 printPlayer - model.players.Human@c11af52
id        3         color     ORANGE    name      chris     status    BUILD_SETTLEMENT
vp        0         road      false     army      false     
dev       0         dice      10        
res       0         lumber    0         brick     0         grain     0         wool      0         ore       0         
dev       []
dev BLOCK []
Harbors   []
Roads          left      15        built     []
Settlements    left      5         built     []
Cities         left      4         built     []
2017-02-12 18:21:29.098 DEBUG model.Management 42 printManagement - model.Management@6549221c
KI (1)    sum       0         lumber    0         brick     0         grain     0         wool      0         ore       0         
KI (2)    sum       0         lumber    0         brick     0         grain     0         wool      0         ore       0         
chris     sum       0         lumber    0         brick     0         grain     0         wool      0         ore       0         
[ M ]     sum       95        lumber    19        brick     19        grain     19        wool      19        ore       19        
2017-02-12 18:21:29.099 DEBUG model.players.Player 233 setGrain - model.players.Human@c11af52 [ id: 3 ] old: 0, new: 0
2017-02-12 18:21:29.099 DEBUG model.players.Player 255 setWool - model.players.Human@c11af52 [ id: 3 ] old: 0, new: 0
2017-02-12 18:21:29.099 DEBUG model.players.Player 189 setLumber - model.players.Human@c11af52 [ id: 3 ] old: 0, new: 0
2017-02-12 18:21:29.099 DEBUG model.players.Player 167 setBrick - model.players.Human@c11af52 [ id: 3 ] old: 0, new: 0
2017-02-12 18:21:29.099 DEBUG model.players.Player 211 setOre - model.players.Human@c11af52 [ id: 3 ] old: 0, new: 0
2017-02-12 18:21:29.100 INFO  model.players.Player 489 setKnightsDev - 0, 0 old and new value of knightDev Card. Knight card which is on the hand of ClientName: chris
2017-02-12 18:21:29.259 INFO  model.players.Player 892 getBuildableSettlements - start settlement 54
2017-02-12 18:21:29.261 INFO  model.players.Player 892 getBuildableSettlements - start settlement 54
2017-02-12 18:21:59.469 INFO  model.players.Player 892 getBuildableSettlements - start settlement 54
2017-02-12 18:21:59.506 INFO  model.players.Player 945 buildSettlementFORCE - chris: {11, 12, 18}
2017-02-12 18:21:59.580 DEBUG model.players.Player 62 printPlayer - model.players.Human@c11af52
id        3         color     ORANGE    name      chris     status    BUILD_STREET
vp        0         road      false     army      false     
dev       0         dice      10        
res       0         lumber    0         brick     0         grain     0         wool      0         ore       0         
dev       []
dev BLOCK []
Harbors   []
Roads          left      15        built     []
Settlements    left      4         built     [{11, 12, 18}]
Cities         left      4         built     []
2017-02-12 18:21:59.581 DEBUG model.Management 42 printManagement - model.Management@6549221c
KI (1)    sum       0         lumber    0         brick     0         grain     0         wool      0         ore       0         
KI (2)    sum       0         lumber    0         brick     0         grain     0         wool      0         ore       0         
chris     sum       0         lumber    0         brick     0         grain     0         wool      0         ore       0         
[ M ]     sum       95        lumber    19        brick     19        grain     19        wool      19        ore       19        
2017-02-12 18:21:59.582 DEBUG model.players.Player 233 setGrain - model.players.Human@c11af52 [ id: 3 ] old: 0, new: 0
2017-02-12 18:21:59.582 DEBUG model.players.Player 255 setWool - model.players.Human@c11af52 [ id: 3 ] old: 0, new: 0
2017-02-12 18:21:59.582 DEBUG model.players.Player 189 setLumber - model.players.Human@c11af52 [ id: 3 ] old: 0, new: 0
2017-02-12 18:21:59.582 DEBUG model.players.Player 167 setBrick - model.players.Human@c11af52 [ id: 3 ] old: 0, new: 0
2017-02-12 18:21:59.583 DEBUG model.players.Player 211 setOre - model.players.Human@c11af52 [ id: 3 ] old: 0, new: 0
2017-02-12 18:21:59.585 INFO  model.players.Player 489 setKnightsDev - 0, 0 old and new value of knightDev Card. Knight card which is on the hand of ClientName: chris
2017-02-12 18:22:00.846 INFO  model.players.Player 979 buildStreetFORCE - chris: {11, 18}
2017-02-12 18:22:00.920 DEBUG model.players.Player 62 printPlayer - model.players.Human@c11af52
id        3         color     ORANGE    name      chris     status    WAIT      
vp        1         road      false     army      false     
dev       0         dice      10        
res       0         lumber    0         brick     0         grain     0         wool      0         ore       0         
dev       []
dev BLOCK []
Harbors   []
Roads          left      14        built     [{11, 18}]
Settlements    left      4         built     [{11, 12, 18}]
Cities         left      4         built     []
2017-02-12 18:22:00.921 DEBUG model.Management 42 printManagement - model.Management@6549221c
KI (1)    sum       0         lumber    0         brick     0         grain     0         wool      0         ore       0         
KI (2)    sum       0         lumber    0         brick     0         grain     0         wool      0         ore       0         
chris     sum       0         lumber    0         brick     0         grain     0         wool      0         ore       0         
[ M ]     sum       95        lumber    19        brick     19        grain     19        wool      19        ore       19        
2017-02-12 18:22:00.921 DEBUG model.players.Player 233 setGrain - model.players.Human@c11af52 [ id: 3 ] old: 0, new: 0
2017-02-12 18:22:00.921 DEBUG model.players.Player 255 setWool - model.players.Human@c11af52 [ id: 3 ] old: 0, new: 0
2017-02-12 18:22:00.921 DEBUG model.players.Player 189 setLumber - model.players.Human@c11af52 [ id: 3 ] old: 0, new: 0
2017-02-12 18:22:00.922 DEBUG model.players.Player 167 setBrick - model.players.Human@c11af52 [ id: 3 ] old: 0, new: 0
2017-02-12 18:22:00.922 DEBUG model.players.Player 211 setOre - model.players.Human@c11af52 [ id: 3 ] old: 0, new: 0
2017-02-12 18:22:00.922 INFO  model.players.Player 489 setKnightsDev - 0, 0 old and new value of knightDev Card. Knight card which is on the hand of ClientName: chris
2017-02-12 18:22:00.937 DEBUG model.players.Player 62 printPlayer - model.players.Human@2d640a0
id        1         color     BLUE      name      KI (1)    status    BUILD_SETTLEMENT
vp        0         road      false     army      false     
dev       0         dice      8         
res       0         lumber    0         brick     0         grain     0         wool      0         ore       0         
dev       []
dev BLOCK []
Harbors   []
Roads          left      15        built     []
Settlements    left      5         built     []
Cities         left      4         built     []
2017-02-12 18:22:00.937 DEBUG model.Management 42 printManagement - model.Management@6549221c
KI (1)    sum       0         lumber    0         brick     0         grain     0         wool      0         ore       0         
KI (2)    sum       0         lumber    0         brick     0         grain     0         wool      0         ore       0         
chris     sum       0         lumber    0         brick     0         grain     0         wool      0         ore       0         
[ M ]     sum       95        lumber    19        brick     19        grain     19        wool      19        ore       19        
2017-02-12 18:22:01.145 INFO  model.players.Player 945 buildSettlementFORCE - KI (1): {16, 17, 23}
2017-02-12 18:22:01.160 DEBUG model.players.Player 62 printPlayer - model.players.Human@2d640a0
id        1         color     BLUE      name      KI (1)    status    BUILD_STREET
vp        0         road      false     army      false     
dev       0         dice      8         
res       0         lumber    0         brick     0         grain     0         wool      0         ore       0         
dev       []
dev BLOCK []
Harbors   []
Roads          left      15        built     []
Settlements    left      4         built     [{16, 17, 23}]
Cities         left      4         built     []
2017-02-12 18:22:01.160 DEBUG model.Management 42 printManagement - model.Management@6549221c
KI (1)    sum       0         lumber    0         brick     0         grain     0         wool      0         ore       0         
KI (2)    sum       0         lumber    0         brick     0         grain     0         wool      0         ore       0         
chris     sum       0         lumber    0         brick     0         grain     0         wool      0         ore       0         
[ M ]     sum       95        lumber    19        brick     19        grain     19        wool      19        ore       19        
2017-02-12 18:22:01.499 INFO  model.players.Player 979 buildStreetFORCE - KI (1): {17, 23}
2017-02-12 18:22:01.515 DEBUG model.players.Player 62 printPlayer - model.players.Human@2d640a0
id        1         color     BLUE      name      KI (1)    status    WAIT      
vp        1         road      false     army      false     
dev       0         dice      8         
res       0         lumber    0         brick     0         grain     0         wool      0         ore       0         
dev       []
dev BLOCK []
Harbors   []
Roads          left      14        built     [{17, 23}]
Settlements    left      4         built     [{16, 17, 23}]
Cities         left      4         built     []
2017-02-12 18:22:01.515 DEBUG model.Management 42 printManagement - model.Management@6549221c
KI (1)    sum       0         lumber    0         brick     0         grain     0         wool      0         ore       0         
KI (2)    sum       0         lumber    0         brick     0         grain     0         wool      0         ore       0         
chris     sum       0         lumber    0         brick     0         grain     0         wool      0         ore       0         
[ M ]     sum       95        lumber    19        brick     19        grain     19        wool      19        ore       19        
2017-02-12 18:22:01.589 DEBUG model.players.Player 62 printPlayer - model.players.Human@7fa5d327
id        2         color     RED       name      KI (2)    status    BUILD_SETTLEMENT
vp        0         road      false     army      false     
dev       0         dice      5         
res       0         lumber    0         brick     0         grain     0         wool      0         ore       0         
dev       []
dev BLOCK []
Harbors   []
Roads          left      15        built     []
Settlements    left      5         built     []
Cities         left      4         built     []
2017-02-12 18:22:01.589 DEBUG model.Management 42 printManagement - model.Management@6549221c
KI (1)    sum       0         lumber    0         brick     0         grain     0         wool      0         ore       0         
KI (2)    sum       0         lumber    0         brick     0         grain     0         wool      0         ore       0         
chris     sum       0         lumber    0         brick     0         grain     0         wool      0         ore       0         
[ M ]     sum       95        lumber    19        brick     19        grain     19        wool      19        ore       19        
2017-02-12 18:22:01.778 INFO  model.players.Player 945 buildSettlementFORCE - KI (2): {19, 20, 26}
2017-02-12 18:22:01.790 DEBUG model.players.Player 62 printPlayer - model.players.Human@7fa5d327
id        2         color     RED       name      KI (2)    status    BUILD_STREET
vp        0         road      false     army      false     
dev       0         dice      5         
res       0         lumber    0         brick     0         grain     0         wool      0         ore       0         
dev       []
dev BLOCK []
Harbors   []
Roads          left      15        built     []
Settlements    left      4         built     [{19, 20, 26}]
Cities         left      4         built     []
2017-02-12 18:22:01.790 DEBUG model.Management 42 printManagement - model.Management@6549221c
KI (1)    sum       0         lumber    0         brick     0         grain     0         wool      0         ore       0         
KI (2)    sum       0         lumber    0         brick     0         grain     0         wool      0         ore       0         
chris     sum       0         lumber    0         brick     0         grain     0         wool      0         ore       0         
[ M ]     sum       95        lumber    19        brick     19        grain     19        wool      19        ore       19        
2017-02-12 18:22:02.130 INFO  model.players.Player 979 buildStreetFORCE - KI (2): {19, 26}
2017-02-12 18:22:02.145 DEBUG model.players.Player 62 printPlayer - model.players.Human@7fa5d327
id        2         color     RED       name      KI (2)    status    BUILD_SETTLEMENT
vp        1         road      false     army      false     
dev       0         dice      5         
res       0         lumber    0         brick     0         grain     0         wool      0         ore       0         
dev       []
dev BLOCK []
Harbors   []
Roads          left      14        built     [{19, 26}]
Settlements    left      4         built     [{19, 20, 26}]
Cities         left      4         built     []
2017-02-12 18:22:02.145 DEBUG model.Management 42 printManagement - model.Management@6549221c
KI (1)    sum       0         lumber    0         brick     0         grain     0         wool      0         ore       0         
KI (2)    sum       0         lumber    0         brick     0         grain     0         wool      0         ore       0         
chris     sum       0         lumber    0         brick     0         grain     0         wool      0         ore       0         
[ M ]     sum       95        lumber    19        brick     19        grain     19        wool      19        ore       19        
2017-02-12 18:22:02.494 INFO  model.players.Player 945 buildSettlementFORCE - KI (2): {10, 11, 17}
2017-02-12 18:22:02.583 DEBUG model.players.Player 62 printPlayer - model.players.Human@7fa5d327
id        2         color     RED       name      KI (2)    status    BUILD_STREET
vp        1         road      false     army      false     
dev       0         dice      5         
res       3         lumber    0         brick     0         grain     0         wool      0         ore       0         
dev       []
dev BLOCK []
Harbors   []
Roads          left      14        built     [{19, 26}]
Settlements    left      3         built     [{19, 20, 26}, {10, 11, 17}]
Cities         left      4         built     []
2017-02-12 18:22:02.583 DEBUG model.Management 42 printManagement - model.Management@6549221c
KI (1)    sum       0         lumber    0         brick     0         grain     0         wool      0         ore       0         
KI (2)    sum       3         lumber    0         brick     0         grain     0         wool      0         ore       0         
chris     sum       0         lumber    0         brick     0         grain     0         wool      0         ore       0         
[ M ]     sum       95        lumber    19        brick     19        grain     19        wool      19        ore       19        
2017-02-12 18:22:02.921 INFO  model.players.Player 979 buildStreetFORCE - KI (2): {10, 17}
2017-02-12 18:22:02.936 DEBUG model.players.Player 62 printPlayer - model.players.Human@7fa5d327
id        2         color     RED       name      KI (2)    status    WAIT      
vp        2         road      false     army      false     
dev       0         dice      5         
res       3         lumber    0         brick     0         grain     0         wool      0         ore       0         
dev       []
dev BLOCK []
Harbors   []
Roads          left      13        built     [{19, 26}, {10, 17}]
Settlements    left      3         built     [{19, 20, 26}, {10, 11, 17}]
Cities         left      4         built     []
2017-02-12 18:22:02.937 DEBUG model.Management 42 printManagement - model.Management@6549221c
KI (1)    sum       0         lumber    0         brick     0         grain     0         wool      0         ore       0         
KI (2)    sum       3         lumber    0         brick     0         grain     0         wool      0         ore       0         
chris     sum       0         lumber    0         brick     0         grain     0         wool      0         ore       0         
[ M ]     sum       95        lumber    19        brick     19        grain     19        wool      19        ore       19        
2017-02-12 18:22:03.011 DEBUG model.players.Player 62 printPlayer - model.players.Human@2d640a0
id        1         color     BLUE      name      KI (1)    status    BUILD_SETTLEMENT
vp        1         road      false     army      false     
dev       0         dice      8         
res       0         lumber    0         brick     0         grain     0         wool      0         ore       0         
dev       []
dev BLOCK []
Harbors   []
Roads          left      14        built     [{17, 23}]
Settlements    left      4         built     [{16, 17, 23}]
Cities         left      4         built     []
2017-02-12 18:22:03.011 DEBUG model.Management 42 printManagement - model.Management@6549221c
KI (1)    sum       0         lumber    0         brick     0         grain     0         wool      0         ore       0         
KI (2)    sum       3         lumber    0         brick     0         grain     0         wool      0         ore       0         
chris     sum       0         lumber    0         brick     0         grain     0         wool      0         ore       0         
[ M ]     sum       95        lumber    19        brick     19        grain     19        wool      19        ore       19        
2017-02-12 18:22:03.195 INFO  model.players.Player 945 buildSettlementFORCE - KI (1): {18, 19, 25}
2017-02-12 18:22:03.283 DEBUG model.players.Player 62 printPlayer - model.players.Human@2d640a0
id        1         color     BLUE      name      KI (1)    status    BUILD_STREET
vp        1         road      false     army      false     
dev       0         dice      8         
res       3         lumber    0         brick     0         grain     0         wool      0         ore       0         
dev       []
dev BLOCK []
Harbors   []
Roads          left      14        built     [{17, 23}]
Settlements    left      3         built     [{16, 17, 23}, {18, 19, 25}]
Cities         left      4         built     []
2017-02-12 18:22:03.284 DEBUG model.Management 42 printManagement - model.Management@6549221c
KI (1)    sum       3         lumber    0         brick     0         grain     0         wool      0         ore       0         
KI (2)    sum       3         lumber    0         brick     0         grain     0         wool      0         ore       0         
chris     sum       0         lumber    0         brick     0         grain     0         wool      0         ore       0         
[ M ]     sum       95        lumber    19        brick     19        grain     19        wool      19        ore       19        
2017-02-12 18:22:03.626 INFO  model.players.Player 979 buildStreetFORCE - KI (1): {19, 25}
2017-02-12 18:22:03.641 DEBUG model.players.Player 62 printPlayer - model.players.Human@2d640a0
id        1         color     BLUE      name      KI (1)    status    WAIT      
vp        2         road      false     army      false     
dev       0         dice      8         
res       3         lumber    0         brick     0         grain     0         wool      0         ore       0         
dev       []
dev BLOCK []
Harbors   []
Roads          left      13        built     [{17, 23}, {19, 25}]
Settlements    left      3         built     [{16, 17, 23}, {18, 19, 25}]
Cities         left      4         built     []
2017-02-12 18:22:03.641 DEBUG model.Management 42 printManagement - model.Management@6549221c
KI (1)    sum       3         lumber    0         brick     0         grain     0         wool      0         ore       0         
KI (2)    sum       3         lumber    0         brick     0         grain     0         wool      0         ore       0         
chris     sum       0         lumber    0         brick     0         grain     0         wool      0         ore       0         
[ M ]     sum       95        lumber    19        brick     19        grain     19        wool      19        ore       19        
2017-02-12 18:22:03.716 DEBUG model.players.Player 62 printPlayer - model.players.Human@c11af52
id        3         color     ORANGE    name      chris     status    BUILD_SETTLEMENT
vp        1         road      false     army      false     
dev       0         dice      10        
res       0         lumber    0         brick     0         grain     0         wool      0         ore       0         
dev       []
dev BLOCK []
Harbors   []
Roads          left      14        built     [{11, 18}]
Settlements    left      4         built     [{11, 12, 18}]
Cities         left      4         built     []
2017-02-12 18:22:03.716 DEBUG model.Management 42 printManagement - model.Management@6549221c
KI (1)    sum       3         lumber    0         brick     0         grain     0         wool      0         ore       0         
KI (2)    sum       3         lumber    0         brick     0         grain     0         wool      0         ore       0         
chris     sum       0         lumber    0         brick     0         grain     0         wool      0         ore       0         
[ M ]     sum       95        lumber    19        brick     19        grain     19        wool      19        ore       19        
2017-02-12 18:22:03.717 DEBUG model.players.Player 233 setGrain - model.players.Human@c11af52 [ id: 3 ] old: 0, new: 0
2017-02-12 18:22:03.717 DEBUG model.players.Player 255 setWool - model.players.Human@c11af52 [ id: 3 ] old: 0, new: 0
2017-02-12 18:22:03.717 DEBUG model.players.Player 189 setLumber - model.players.Human@c11af52 [ id: 3 ] old: 0, new: 0
2017-02-12 18:22:03.717 DEBUG model.players.Player 167 setBrick - model.players.Human@c11af52 [ id: 3 ] old: 0, new: 0
2017-02-12 18:22:03.717 INFO  model.players.Player 892 getBuildableSettlements - start settlement 38
2017-02-12 18:22:03.717 DEBUG model.players.Player 211 setOre - model.players.Human@c11af52 [ id: 3 ] old: 0, new: 0
2017-02-12 18:22:03.717 INFO  model.players.Player 489 setKnightsDev - 0, 0 old and new value of knightDev Card. Knight card which is on the hand of ClientName: chris
2017-02-12 18:22:03.718 INFO  model.players.Player 892 getBuildableSettlements - start settlement 38
