2017-02-12 16:19:23.782 INFO  model.board.RandomBoard 129 setNumberTokensRandom - 
 outerTerrains :
{{20}=model.board.Pasture@76029ed3, {13}=model.board.Mountain@1ef9937, {6}=model.board.Mountain@595735ea, {7}=model.board.Desert@346b007d, {10}=model.board.Pasture@567de425, {23}=model.board.Pasture@2b26e9fc, {26}=model.board.Forest@4b3e7117, {29}=model.board.Field@27bae8e5, {30}=model.board.Mountain@1e5f7cfb, {16}=model.board.Forest@22a0fc5, {5}=model.board.Field@3aa4605e}
2017-02-12 16:19:23.785 INFO  model.board.Board 262 printBoardIDs - 
  null  null  null   {0}   {1}   {2}   {3}
  null  null   {4}   {5}   {6}   {7}   {8}
  null   {9}  {10}  {11}  {12}  {13}  {14}
  {15}  {16}  {17}  {18}  {19}  {20}  {21}
  {22}  {23}  {24}  {25}  {26}  {27}  null
  {28}  {29}  {30}  {31}  {32}  null  null
  {33}  {34}  {35}  {36}  null  null  null

2017-02-12 16:19:23.787 INFO  model.board.Board 339 printNumberTokens - 
  null  null  null  null  null  null  null
  null  null  null    10     8     0  null
  null  null     9     5     4     3  null
  null    12     6    11     9     6  null
  null    11     3    10     2  null  null
  null     4     8     5  null  null  null
  null  null  null  null  null  null  null

2017-02-12 16:19:23.790 INFO  model.board.Board 280 printBoardSpecialCo - 
(     )(     )(     )( 0,-3)( 1,-3)( 2,-3)( 3,-3)
(     )(     )(-1,-2)( 0,-2)( 1,-2)( 2,-2)( 3,-2)
(     )(-2,-1)(-1,-1)( 0,-1)( 1,-1)( 2,-1)( 3,-1)
(-3, 0)(-2, 0)(-1, 0)( 0, 0)( 1, 0)( 2, 0)( 3, 0)
(-3, 1)(-2, 1)(-1, 1)( 0, 1)( 1, 1)( 2, 1)(     )
(-3, 2)(-2, 2)(-1, 2)( 0, 2)( 1, 2)(     )(     )
(-3, 3)(-2, 3)(-1, 3)( 0, 3)(     )(     )(     )

2017-02-12 16:19:23.793 INFO  model.board.Board 300 printTileNeighbors - 
Row: 0
                          null : 
                          null : 
                          null : 
      model.board.Sea@4aa94a2f : [model.board.Sea@2f745f25, model.board.Field@3aa4605e, model.board.Sea@7df22929]
      model.board.Sea@2f745f25 : [model.board.Mountain@595735ea, model.board.Field@3aa4605e, model.board.Sea@4aa94a2f, model.board.Sea@64cd0059]
      model.board.Sea@64cd0059 : [model.board.Sea@2f745f25, model.board.Desert@346b007d, model.board.Mountain@595735ea, model.board.Sea@6435c6dd]
      model.board.Sea@6435c6dd : [model.board.Sea@69353009, model.board.Desert@346b007d, model.board.Sea@64cd0059]
Row: 1
                          null : 
                          null : 
      model.board.Sea@7df22929 : [model.board.Field@3aa4605e, model.board.Pasture@567de425, model.board.Sea@5e2f767, model.board.Sea@4aa94a2f]
    model.board.Field@3aa4605e : [model.board.Sea@2f745f25, model.board.Mountain@595735ea, model.board.Pasture@921e04a, model.board.Pasture@567de425, model.board.Sea@7df22929, model.board.Sea@4aa94a2f]
 model.board.Mountain@595735ea : [model.board.Sea@2f745f25, model.board.Desert@346b007d, model.board.Forest@43e8dc9d, model.board.Pasture@921e04a, model.board.Field@3aa4605e, model.board.Sea@64cd0059]
   model.board.Desert@346b007d : [model.board.Sea@69353009, model.board.Mountain@1ef9937, model.board.Forest@43e8dc9d, model.board.Mountain@595735ea, model.board.Sea@64cd0059, model.board.Sea@6435c6dd]
      model.board.Sea@69353009 : [model.board.Sea@31d1991, model.board.Mountain@1ef9937, model.board.Desert@346b007d, model.board.Sea@6435c6dd]
Row: 2
                          null : 
       model.board.Sea@5e2f767 : [model.board.Sea@7df22929, model.board.Pasture@567de425, model.board.Sea@11d68f5a, model.board.Forest@22a0fc5]
  model.board.Pasture@567de425 : [model.board.Field@17730e9a, model.board.Sea@7df22929, model.board.Field@3aa4605e, model.board.Pasture@921e04a, model.board.Sea@5e2f767, model.board.Forest@22a0fc5]
   model.board.Pasture@921e04a : [model.board.Field@17730e9a, model.board.Field@3aa4605e, model.board.Mountain@595735ea, model.board.Forest@43e8dc9d, model.board.Pasture@567de425, model.board.Hill@127a34dd]
   model.board.Forest@43e8dc9d : [model.board.Mountain@595735ea, model.board.Desert@346b007d, model.board.Mountain@1ef9937, model.board.Pasture@921e04a, model.board.Hill@127a34dd, model.board.Hill@79407692]
  model.board.Mountain@1ef9937 : [model.board.Desert@346b007d, model.board.Sea@69353009, model.board.Sea@31d1991, model.board.Pasture@76029ed3, model.board.Forest@43e8dc9d, model.board.Hill@79407692]
       model.board.Sea@31d1991 : [model.board.Sea@69353009, model.board.Sea@5cc99abf, model.board.Pasture@76029ed3, model.board.Mountain@1ef9937]
Row: 3
      model.board.Sea@11d68f5a : [model.board.Sea@5e2f767, model.board.Sea@53415862, model.board.Forest@22a0fc5]
    model.board.Forest@22a0fc5 : [model.board.Field@17730e9a, model.board.Sea@5e2f767, model.board.Pasture@567de425, model.board.Pasture@2b26e9fc, model.board.Sea@53415862, model.board.Sea@11d68f5a]
    model.board.Field@17730e9a : [model.board.Pasture@567de425, model.board.Pasture@921e04a, model.board.Field@105e520b, model.board.Pasture@2b26e9fc, model.board.Forest@22a0fc5, model.board.Hill@127a34dd]
     model.board.Hill@127a34dd : [model.board.Field@17730e9a, model.board.Pasture@921e04a, model.board.Forest@43e8dc9d, model.board.Hill@6a505274, model.board.Field@105e520b, model.board.Hill@79407692]
     model.board.Hill@79407692 : [model.board.Forest@43e8dc9d, model.board.Mountain@1ef9937, model.board.Pasture@76029ed3, model.board.Forest@4b3e7117, model.board.Hill@6a505274, model.board.Hill@127a34dd]
  model.board.Pasture@76029ed3 : [model.board.Mountain@1ef9937, model.board.Sea@31d1991, model.board.Sea@5cc99abf, model.board.Sea@7adc21e3, model.board.Forest@4b3e7117, model.board.Hill@79407692]
      model.board.Sea@5cc99abf : [model.board.Sea@31d1991, model.board.Sea@7adc21e3, model.board.Pasture@76029ed3]
Row: 4
      model.board.Sea@53415862 : [model.board.Sea@11d68f5a, model.board.Pasture@2b26e9fc, model.board.Sea@2307f492, model.board.Forest@22a0fc5]
  model.board.Pasture@2b26e9fc : [model.board.Field@17730e9a, model.board.Field@105e520b, model.board.Field@27bae8e5, model.board.Sea@2307f492, model.board.Sea@53415862, model.board.Forest@22a0fc5]
    model.board.Field@105e520b : [model.board.Field@17730e9a, model.board.Hill@6a505274, model.board.Mountain@1e5f7cfb, model.board.Field@27bae8e5, model.board.Pasture@2b26e9fc, model.board.Hill@127a34dd]
     model.board.Hill@6a505274 : [model.board.Forest@4b3e7117, model.board.Forest@41ab24f3, model.board.Mountain@1e5f7cfb, model.board.Field@105e520b, model.board.Hill@127a34dd, model.board.Hill@79407692]
   model.board.Forest@4b3e7117 : [model.board.Pasture@76029ed3, model.board.Sea@7adc21e3, model.board.Forest@41ab24f3, model.board.Hill@6a505274, model.board.Sea@29800d40, model.board.Hill@79407692]
      model.board.Sea@7adc21e3 : [model.board.Pasture@76029ed3, model.board.Sea@5cc99abf, model.board.Forest@4b3e7117, model.board.Sea@29800d40]
                          null : 
Row: 5
      model.board.Sea@2307f492 : [model.board.Sea@3248e2aa, model.board.Sea@53415862, model.board.Pasture@2b26e9fc, model.board.Field@27bae8e5]
    model.board.Field@27bae8e5 : [model.board.Sea@3248e2aa, model.board.Pasture@2b26e9fc, model.board.Field@105e520b, model.board.Mountain@1e5f7cfb, model.board.Sea@2307f492, model.board.Sea@2e772315]
 model.board.Mountain@1e5f7cfb : [model.board.Field@105e520b, model.board.Hill@6a505274, model.board.Forest@41ab24f3, model.board.Field@27bae8e5, model.board.Sea@2e772315, model.board.Sea@36630694]
   model.board.Forest@41ab24f3 : [model.board.Hill@6a505274, model.board.Forest@4b3e7117, model.board.Sea@1fa0e715, model.board.Mountain@1e5f7cfb, model.board.Sea@29800d40, model.board.Sea@36630694]
      model.board.Sea@29800d40 : [model.board.Forest@4b3e7117, model.board.Sea@7adc21e3, model.board.Sea@1fa0e715, model.board.Forest@41ab24f3]
                          null : 
                          null : 
Row: 6
      model.board.Sea@3248e2aa : [model.board.Sea@2307f492, model.board.Field@27bae8e5, model.board.Sea@2e772315]
      model.board.Sea@2e772315 : [model.board.Sea@3248e2aa, model.board.Field@27bae8e5, model.board.Mountain@1e5f7cfb, model.board.Sea@36630694]
      model.board.Sea@36630694 : [model.board.Mountain@1e5f7cfb, model.board.Forest@41ab24f3, model.board.Sea@1fa0e715, model.board.Sea@2e772315]
      model.board.Sea@1fa0e715 : [model.board.Forest@41ab24f3, model.board.Sea@29800d40, model.board.Sea@36630694]
                          null : 
                          null : 
                          null : 

2017-02-12 16:19:23.794 INFO  model.board.Board 321 printPorts - 
         {4} : LUMBER
        {36} : GENERIC
         {1} : ORE
        {14} : GENERIC
        {15} : GRAIN
        {27} : WOOL
        {28} : GENERIC
        {34} : GENERIC
         {3} : BRICK

{15, 16, 22} : GRAIN
   {1, 5, 6} : ORE
  {4, 9, 10} : LUMBER
{13, 14, 20} : GENERIC
{20, 26, 27} : WOOL
{31, 32, 36} : GENERIC
{31, 35, 36} : GENERIC
{28, 29, 33} : GENERIC
{23, 28, 29} : GENERIC
 {9, 15, 16} : GRAIN
{29, 30, 34} : GENERIC
   {3, 7, 8} : BRICK
   {2, 3, 7} : BRICK
{30, 34, 35} : GENERIC
  {4, 5, 10} : LUMBER
{14, 20, 21} : GENERIC
{20, 21, 27} : WOOL
   {0, 1, 5} : ORE

2017-02-12 16:19:23.827 TRACE model.players.Ai 33 <init> - Enter model.players.Ai@2ba72ad6
2017-02-12 16:19:23.829 DEBUG model.players.Player 62 printPlayer - model.players.Ai@2ba72ad6
id        1         color     NULL      name                status    null      
vp        0         road      false     army      false     
dev       0         dice      0         
res       0         lumber    0         brick     0         grain     0         wool      0         ore       0         
dev       []
dev BLOCK []
Harbors   []
Roads          left      15        built     []
Settlements    left      5         built     []
Cities         left      4         built     []
2017-02-12 16:19:23.830 DEBUG model.players.Player 62 printPlayer - model.players.Ai@2ba72ad6
id        1         color     NULL      name                status    START_GAME
vp        0         road      false     army      false     
dev       0         dice      0         
res       0         lumber    0         brick     0         grain     0         wool      0         ore       0         
dev       []
dev BLOCK []
Harbors   []
Roads          left      15        built     []
Settlements    left      5         built     []
Cities         left      4         built     []
2017-02-12 16:19:23.896 TRACE model.players.Ai 33 <init> - Enter model.players.Ai@45cfa62a
2017-02-12 16:19:23.897 DEBUG model.players.Player 62 printPlayer - model.players.Ai@45cfa62a
id        2         color     NULL      name                status    null      
vp        0         road      false     army      false     
dev       0         dice      0         
res       0         lumber    0         brick     0         grain     0         wool      0         ore       0         
dev       []
dev BLOCK []
Harbors   []
Roads          left      15        built     []
Settlements    left      5         built     []
Cities         left      4         built     []
2017-02-12 16:19:23.898 DEBUG model.players.Player 62 printPlayer - model.players.Ai@45cfa62a
id        2         color     NULL      name                status    START_GAME
vp        0         road      false     army      false     
dev       0         dice      0         
res       0         lumber    0         brick     0         grain     0         wool      0         ore       0         
dev       []
dev BLOCK []
Harbors   []
Roads          left      15        built     []
Settlements    left      5         built     []
Cities         left      4         built     []
2017-02-12 16:19:23.978 TRACE model.players.Ai 33 <init> - Enter model.players.Ai@6afdd3be
2017-02-12 16:19:23.979 DEBUG model.players.Player 62 printPlayer - model.players.Ai@6afdd3be
id        3         color     NULL      name                status    null      
vp        0         road      false     army      false     
dev       0         dice      0         
res       0         lumber    0         brick     0         grain     0         wool      0         ore       0         
dev       []
dev BLOCK []
Harbors   []
Roads          left      15        built     []
Settlements    left      5         built     []
Cities         left      4         built     []
2017-02-12 16:19:23.980 DEBUG model.players.Player 62 printPlayer - model.players.Ai@6afdd3be
id        3         color     NULL      name                status    START_GAME
vp        0         road      false     army      false     
dev       0         dice      0         
res       0         lumber    0         brick     0         grain     0         wool      0         ore       0         
dev       []
dev BLOCK []
Harbors   []
Roads          left      15        built     []
Settlements    left      5         built     []
Cities         left      4         built     []
2017-02-12 16:19:24.408 DEBUG model.players.Player 62 printPlayer - model.players.Ai@2ba72ad6
id        1         color     BLUE      name      KI (1)    status    WAIT_FOR_GAME_START
vp        0         road      false     army      false     
dev       0         dice      0         
res       0         lumber    0         brick     0         grain     0         wool      0         ore       0         
dev       []
dev BLOCK []
Harbors   []
Roads          left      15        built     []
Settlements    left      5         built     []
Cities         left      4         built     []
2017-02-12 16:19:24.409 DEBUG model.Management 42 printManagement - model.Management@6a880bf9
KI (1)    sum       0         lumber    0         brick     0         grain     0         wool      0         ore       0         
KI (2)    sum       0         lumber    0         brick     0         grain     0         wool      0         ore       0         
KI (3)    sum       0         lumber    0         brick     0         grain     0         wool      0         ore       0         
[ M ]     sum       95        lumber    19        brick     19        grain     19        wool      19        ore       19        
2017-02-12 16:19:24.563 DEBUG model.players.Player 62 printPlayer - model.players.Ai@45cfa62a
id        2         color     RED       name      KI (2)    status    WAIT_FOR_GAME_START
vp        0         road      false     army      false     
dev       0         dice      0         
res       0         lumber    0         brick     0         grain     0         wool      0         ore       0         
dev       []
dev BLOCK []
Harbors   []
Roads          left      15        built     []
Settlements    left      5         built     []
Cities         left      4         built     []
2017-02-12 16:19:24.564 DEBUG model.Management 42 printManagement - model.Management@6a880bf9
KI (1)    sum       0         lumber    0         brick     0         grain     0         wool      0         ore       0         
KI (2)    sum       0         lumber    0         brick     0         grain     0         wool      0         ore       0         
KI (3)    sum       0         lumber    0         brick     0         grain     0         wool      0         ore       0         
[ M ]     sum       95        lumber    19        brick     19        grain     19        wool      19        ore       19        
2017-02-12 16:19:24.729 DEBUG model.players.Player 62 printPlayer - model.players.Ai@6afdd3be
id        3         color     ORANGE    name      KI (3)    status    WAIT_FOR_GAME_START
vp        0         road      false     army      false     
dev       0         dice      0         
res       0         lumber    0         brick     0         grain     0         wool      0         ore       0         
dev       []
dev BLOCK []
Harbors   []
Roads          left      15        built     []
Settlements    left      5         built     []
Cities         left      4         built     []
2017-02-12 16:19:24.730 DEBUG model.Management 42 printManagement - model.Management@6a880bf9
KI (1)    sum       0         lumber    0         brick     0         grain     0         wool      0         ore       0         
KI (2)    sum       0         lumber    0         brick     0         grain     0         wool      0         ore       0         
KI (3)    sum       0         lumber    0         brick     0         grain     0         wool      0         ore       0         
[ M ]     sum       95        lumber    19        brick     19        grain     19        wool      19        ore       19        
2017-02-12 16:19:30.641 TRACE model.players.Human 11 <init> - Enter model.players.Human@39c9c261
2017-02-12 16:19:30.642 DEBUG model.players.Player 62 printPlayer - model.players.Human@39c9c261
id        4         color     NULL      name                status    null      
vp        0         road      false     army      false     
dev       0         dice      0         
res       0         lumber    0         brick     0         grain     0         wool      0         ore       0         
dev       []
dev BLOCK []
Harbors   []
Roads          left      15        built     []
Settlements    left      5         built     []
Cities         left      4         built     []
2017-02-12 16:19:30.643 DEBUG model.players.Player 62 printPlayer - model.players.Human@39c9c261
id        4         color     NULL      name                status    START_GAME
vp        0         road      false     army      false     
dev       0         dice      0         
res       0         lumber    0         brick     0         grain     0         wool      0         ore       0         
dev       []
dev BLOCK []
Harbors   []
Roads          left      15        built     []
Settlements    left      5         built     []
Cities         left      4         built     []
2017-02-12 16:19:36.747 DEBUG model.players.Player 62 printPlayer - model.players.Human@39c9c261
id        4         color     WHITE     name      sdv       status    WAIT_FOR_GAME_START
vp        0         road      false     army      false     
dev       0         dice      0         
res       0         lumber    0         brick     0         grain     0         wool      0         ore       0         
dev       []
dev BLOCK []
Harbors   []
Roads          left      15        built     []
Settlements    left      5         built     []
Cities         left      4         built     []
2017-02-12 16:19:36.748 DEBUG model.Management 42 printManagement - model.Management@6a880bf9
KI (1)    sum       0         lumber    0         brick     0         grain     0         wool      0         ore       0         
KI (2)    sum       0         lumber    0         brick     0         grain     0         wool      0         ore       0         
KI (3)    sum       0         lumber    0         brick     0         grain     0         wool      0         ore       0         
sdv       sum       0         lumber    0         brick     0         grain     0         wool      0         ore       0         
[ M ]     sum       95        lumber    19        brick     19        grain     19        wool      19        ore       19        
2017-02-12 16:19:36.794 INFO  model.Management 58 rollDices - 
 Dice [ 1, 3 ]
 Resources [ BRICK 19, LUMBER 19, ORE 19, GRAIN 19, WOOL 19 ]
2017-02-12 16:19:36.821 INFO  model.Management 58 rollDices - 
 Dice [ 5, 5 ]
 Resources [ BRICK 19, LUMBER 19, ORE 19, GRAIN 19, WOOL 19 ]
2017-02-12 16:19:36.853 INFO  model.Management 58 rollDices - 
 Dice [ 6, 1 ]
 Resources [ BRICK 19, LUMBER 19, ORE 19, GRAIN 19, WOOL 19 ]
2017-02-12 16:19:36.882 INFO  model.Management 58 rollDices - 
 Dice [ 5, 5 ]
 Resources [ BRICK 19, LUMBER 19, ORE 19, GRAIN 19, WOOL 19 ]
2017-02-12 16:19:36.915 INFO  model.Management 58 rollDices - 
 Dice [ 5, 2 ]
 Resources [ BRICK 19, LUMBER 19, ORE 19, GRAIN 19, WOOL 19 ]
2017-02-12 16:19:36.939 INFO  model.Management 58 rollDices - 
 Dice [ 3, 2 ]
 Resources [ BRICK 19, LUMBER 19, ORE 19, GRAIN 19, WOOL 19 ]
2017-02-12 16:19:36.963 INFO  model.Management 58 rollDices - 
 Dice [ 4, 2 ]
 Resources [ BRICK 19, LUMBER 19, ORE 19, GRAIN 19, WOOL 19 ]
2017-02-12 16:19:36.987 INFO  model.Management 58 rollDices - 
 Dice [ 5, 6 ]
 Resources [ BRICK 19, LUMBER 19, ORE 19, GRAIN 19, WOOL 19 ]
2017-02-12 16:19:37.014 DEBUG model.players.Player 62 printPlayer - model.players.Human@39c9c261
id        4         color     WHITE     name      sdv       status    BUILD_SETTLEMENT
vp        0         road      false     army      false     
dev       0         dice      0         
res       0         lumber    0         brick     0         grain     0         wool      0         ore       0         
dev       []
dev BLOCK []
Harbors   []
Roads          left      15        built     []
Settlements    left      5         built     []
Cities         left      4         built     []
2017-02-12 16:19:37.015 DEBUG model.Management 42 printManagement - model.Management@6a880bf9
KI (1)    sum       0         lumber    0         brick     0         grain     0         wool      0         ore       0         
KI (2)    sum       0         lumber    0         brick     0         grain     0         wool      0         ore       0         
KI (3)    sum       0         lumber    0         brick     0         grain     0         wool      0         ore       0         
sdv       sum       0         lumber    0         brick     0         grain     0         wool      0         ore       0         
[ M ]     sum       95        lumber    19        brick     19        grain     19        wool      19        ore       19        
2017-02-12 16:19:37.015 DEBUG model.players.Player 62 printPlayer - model.players.Ai@2ba72ad6
id        1         color     BLUE      name      KI (1)    status    WAIT      
vp        0         road      false     army      false     
dev       0         dice      0         
res       0         lumber    0         brick     0         grain     0         wool      0         ore       0         
dev       []
dev BLOCK []
Harbors   []
Roads          left      15        built     []
Settlements    left      5         built     []
Cities         left      4         built     []
2017-02-12 16:19:37.016 DEBUG model.Management 42 printManagement - model.Management@6a880bf9
KI (1)    sum       0         lumber    0         brick     0         grain     0         wool      0         ore       0         
KI (2)    sum       0         lumber    0         brick     0         grain     0         wool      0         ore       0         
KI (3)    sum       0         lumber    0         brick     0         grain     0         wool      0         ore       0         
sdv       sum       0         lumber    0         brick     0         grain     0         wool      0         ore       0         
[ M ]     sum       95        lumber    19        brick     19        grain     19        wool      19        ore       19        
2017-02-12 16:19:37.036 DEBUG model.players.Player 62 printPlayer - model.players.Ai@45cfa62a
id        2         color     RED       name      KI (2)    status    WAIT      
vp        0         road      false     army      false     
dev       0         dice      0         
res       0         lumber    0         brick     0         grain     0         wool      0         ore       0         
dev       []
dev BLOCK []
Harbors   []
Roads          left      15        built     []
Settlements    left      5         built     []
Cities         left      4         built     []
2017-02-12 16:19:37.036 DEBUG model.Management 42 printManagement - model.Management@6a880bf9
KI (1)    sum       0         lumber    0         brick     0         grain     0         wool      0         ore       0         
KI (2)    sum       0         lumber    0         brick     0         grain     0         wool      0         ore       0         
KI (3)    sum       0         lumber    0         brick     0         grain     0         wool      0         ore       0         
sdv       sum       0         lumber    0         brick     0         grain     0         wool      0         ore       0         
[ M ]     sum       95        lumber    19        brick     19        grain     19        wool      19        ore       19        
2017-02-12 16:19:37.055 DEBUG model.players.Player 62 printPlayer - model.players.Ai@6afdd3be
id        3         color     ORANGE    name      KI (3)    status    WAIT      
vp        0         road      false     army      false     
dev       0         dice      0         
res       0         lumber    0         brick     0         grain     0         wool      0         ore       0         
dev       []
dev BLOCK []
Harbors   []
Roads          left      15        built     []
Settlements    left      5         built     []
Cities         left      4         built     []
2017-02-12 16:19:37.056 DEBUG model.Management 42 printManagement - model.Management@6a880bf9
KI (1)    sum       0         lumber    0         brick     0         grain     0         wool      0         ore       0         
KI (2)    sum       0         lumber    0         brick     0         grain     0         wool      0         ore       0         
KI (3)    sum       0         lumber    0         brick     0         grain     0         wool      0         ore       0         
sdv       sum       0         lumber    0         brick     0         grain     0         wool      0         ore       0         
[ M ]     sum       95        lumber    19        brick     19        grain     19        wool      19        ore       19        
2017-02-12 16:20:04.391 DEBUG model.players.Player 62 printPlayer - model.players.Human@39c9c261
id        4         color     WHITE     name      sdv       status    CONNECTION_LOST
vp        0         road      false     army      false     
dev       0         dice      0         
res       0         lumber    0         brick     0         grain     0         wool      0         ore       0         
dev       []
dev BLOCK []
Harbors   []
Roads          left      15        built     []
Settlements    left      5         built     []
Cities         left      4         built     []
2017-02-12 16:20:04.392 DEBUG model.Management 42 printManagement - model.Management@6a880bf9
KI (1)    sum       0         lumber    0         brick     0         grain     0         wool      0         ore       0         
KI (2)    sum       0         lumber    0         brick     0         grain     0         wool      0         ore       0         
KI (3)    sum       0         lumber    0         brick     0         grain     0         wool      0         ore       0         
sdv       sum       0         lumber    0         brick     0         grain     0         wool      0         ore       0         
[ M ]     sum       95        lumber    19        brick     19        grain     19        wool      19        ore       19        
