2017-02-12 16:19:23.801 INFO  network.server.Server 112 startUp - Started server...
hostname:   ChrisMacBookPro2016
ip:         192.168.2.106
port:       10003
2017-02-12 16:19:23.806 INFO  network.server.Server 136 run - 0
2017-02-12 16:19:23.806 INFO  network.client.Client 93 connect - Socket[addr=localhost/127.0.0.1,port=10003,localport=53977]
2017-02-12 16:19:23.808 INFO  network.server.ClientThread 221 setClientID - clientID: 1
2017-02-12 16:19:23.808 INFO  network.server.Server 142 run - Id: 1, Socket: Socket[addr=/127.0.0.1,port=53977,localport=10003]
2017-02-12 16:19:23.808 TRACE network.server.ClientThread 42 run - Enter
2017-02-12 16:19:23.810 WARN  network.client.ClientListener 386 writeToConsole - Case not covered!
2017-02-12 16:19:23.810 INFO  network.client.Client 104 connect - Connected to localhost, 10003
2017-02-12 16:19:23.818 INFO  network.server.ClientThread 126 msgThisClient -    1 > {"Hallo":{"Protokoll":"1.0","Version":"Catan-Server (DichteFideleForste"}}
2017-02-12 16:19:23.820 INFO  network.server.ClientThread 59 run -  < 1   {"Hallo":{"Version":"JavaFXClient 1.0 (DichteFideleLurche) (KI)"}}
2017-02-12 16:19:23.820 INFO  network.client.Client 153 sendMsg - {"Hallo":{"Version":"JavaFXClient 1.0 (DichteFideleLurche) (KI)"}}
2017-02-12 16:19:23.820 INFO  network.client.Client 169 receiveMsg - {"Hallo":{"Protokoll":"1.0","Version":"Catan-Server (DichteFideleForste"}}
2017-02-12 16:19:23.823 INFO  network.server.ClientThread 126 msgThisClient -    1 > {"Willkommen":{"id":1}}
2017-02-12 16:19:23.830 INFO  network.server.ClientThread 126 msgThisClient -    1 > {"Statusupdate":{"Spieler":{"Status":"Spiel starten","Rittermacht":0,"Längste Handelsstraße":false,"Siegpunkte":0,"Rohstoffe":{"Getreide":0,"Wolle":0,"Holz":0,"Lehm":0,"Erz":0},"id":1,"Entwicklungskarten":{"Straßenbau":0,"Erfindung":0,"Monopol":0,"Ritter":0,"Siegpunkt":0},"Größte Rittermacht":false}}}
2017-02-12 16:19:23.892 INFO  network.server.Server 136 run - 1
2017-02-12 16:19:23.892 INFO  network.client.Client 93 connect - Socket[addr=localhost/127.0.0.1,port=10003,localport=53978]
2017-02-12 16:19:23.893 INFO  network.server.ClientThread 221 setClientID - clientID: 2
2017-02-12 16:19:23.893 WARN  network.client.ClientListener 386 writeToConsole - Case not covered!
2017-02-12 16:19:23.893 INFO  network.server.Server 142 run - Id: 2, Socket: Socket[addr=/127.0.0.1,port=53978,localport=10003]
2017-02-12 16:19:23.893 INFO  network.client.Client 104 connect - Connected to localhost, 10003
2017-02-12 16:19:23.893 TRACE network.server.ClientThread 42 run - Enter
2017-02-12 16:19:23.894 INFO  network.server.ClientThread 126 msgThisClient -    2 > {"Hallo":{"Protokoll":"1.0","Version":"Catan-Server (DichteFideleForste"}}
2017-02-12 16:19:23.895 INFO  network.client.Client 153 sendMsg - {"Hallo":{"Version":"JavaFXClient 1.0 (DichteFideleLurche) (KI)"}}
2017-02-12 16:19:23.895 INFO  network.server.ClientThread 59 run -  < 2   {"Hallo":{"Version":"JavaFXClient 1.0 (DichteFideleLurche) (KI)"}}
2017-02-12 16:19:23.895 INFO  network.client.Client 169 receiveMsg - {"Hallo":{"Protokoll":"1.0","Version":"Catan-Server (DichteFideleForste"}}
2017-02-12 16:19:23.896 INFO  network.server.ClientThread 126 msgThisClient -    2 > {"Willkommen":{"id":2}}
2017-02-12 16:19:23.899 INFO  network.server.ClientThread 126 msgThisClient -    2 > {"Statusupdate":{"Spieler":{"Status":"Spiel starten","Rittermacht":0,"Längste Handelsstraße":false,"Siegpunkte":0,"Rohstoffe":{"Getreide":0,"Wolle":0,"Holz":0,"Lehm":0,"Erz":0},"id":2,"Entwicklungskarten":{"Straßenbau":0,"Erfindung":0,"Monopol":0,"Ritter":0,"Siegpunkt":0},"Größte Rittermacht":false}}}
2017-02-12 16:19:23.899 INFO  network.server.ClientThread 186 msgAllButThisClient -    1 > {"Statusupdate":{"Spieler":{"Status":"Spiel starten","Rittermacht":0,"Längste Handelsstraße":false,"Siegpunkte":0,"Rohstoffe":{"Unbekannt":0},"id":2,"Entwicklungskarten":{"Unbekannt":0},"Größte Rittermacht":false}}}
2017-02-12 16:19:23.906 INFO  network.server.ClientThread 126 msgThisClient -    2 > {"Statusupdate":{"Spieler":{"Status":"Spiel starten","Rittermacht":0,"Längste Handelsstraße":false,"Siegpunkte":0,"Rohstoffe":{"Unbekannt":0},"id":1,"Entwicklungskarten":{"Unbekannt":0},"Größte Rittermacht":false}}}
2017-02-12 16:19:23.974 INFO  network.server.Server 136 run - 2
2017-02-12 16:19:23.974 INFO  network.client.Client 93 connect - Socket[addr=localhost/127.0.0.1,port=10003,localport=53979]
2017-02-12 16:19:23.975 INFO  network.server.ClientThread 221 setClientID - clientID: 3
2017-02-12 16:19:23.975 WARN  network.client.ClientListener 386 writeToConsole - Case not covered!
2017-02-12 16:19:23.975 INFO  network.server.Server 142 run - Id: 3, Socket: Socket[addr=/127.0.0.1,port=53979,localport=10003]
2017-02-12 16:19:23.975 INFO  network.client.Client 104 connect - Connected to localhost, 10003
2017-02-12 16:19:23.975 TRACE network.server.ClientThread 42 run - Enter
2017-02-12 16:19:23.976 INFO  network.server.ClientThread 126 msgThisClient -    3 > {"Hallo":{"Protokoll":"1.0","Version":"Catan-Server (DichteFideleForste"}}
2017-02-12 16:19:23.977 INFO  network.server.ClientThread 59 run -  < 3   {"Hallo":{"Version":"JavaFXClient 1.0 (DichteFideleLurche) (KI)"}}
2017-02-12 16:19:23.977 INFO  network.client.Client 153 sendMsg - {"Hallo":{"Version":"JavaFXClient 1.0 (DichteFideleLurche) (KI)"}}
2017-02-12 16:19:23.977 INFO  network.client.Client 169 receiveMsg - {"Hallo":{"Protokoll":"1.0","Version":"Catan-Server (DichteFideleForste"}}
2017-02-12 16:19:23.977 INFO  network.server.ClientThread 126 msgThisClient -    3 > {"Willkommen":{"id":3}}
2017-02-12 16:19:23.981 INFO  network.server.ClientThread 126 msgThisClient -    3 > {"Statusupdate":{"Spieler":{"Status":"Spiel starten","Rittermacht":0,"Längste Handelsstraße":false,"Siegpunkte":0,"Rohstoffe":{"Getreide":0,"Wolle":0,"Holz":0,"Lehm":0,"Erz":0},"id":3,"Entwicklungskarten":{"Straßenbau":0,"Erfindung":0,"Monopol":0,"Ritter":0,"Siegpunkt":0},"Größte Rittermacht":false}}}
2017-02-12 16:19:23.981 INFO  network.server.ClientThread 186 msgAllButThisClient -    1 > {"Statusupdate":{"Spieler":{"Status":"Spiel starten","Rittermacht":0,"Längste Handelsstraße":false,"Siegpunkte":0,"Rohstoffe":{"Unbekannt":0},"id":3,"Entwicklungskarten":{"Unbekannt":0},"Größte Rittermacht":false}}}
2017-02-12 16:19:23.988 INFO  network.server.ClientThread 186 msgAllButThisClient -    2 > {"Statusupdate":{"Spieler":{"Status":"Spiel starten","Rittermacht":0,"Längste Handelsstraße":false,"Siegpunkte":0,"Rohstoffe":{"Unbekannt":0},"id":3,"Entwicklungskarten":{"Unbekannt":0},"Größte Rittermacht":false}}}
2017-02-12 16:19:23.989 INFO  network.client.Client 169 receiveMsg - {"Willkommen":{"id":1}}
2017-02-12 16:19:23.993 INFO  network.server.ClientThread 126 msgThisClient -    3 > {"Statusupdate":{"Spieler":{"Status":"Spiel starten","Rittermacht":0,"Längste Handelsstraße":false,"Siegpunkte":0,"Rohstoffe":{"Unbekannt":0},"id":1,"Entwicklungskarten":{"Unbekannt":0},"Größte Rittermacht":false}}}
2017-02-12 16:19:23.994 INFO  network.server.ClientThread 126 msgThisClient -    3 > {"Statusupdate":{"Spieler":{"Status":"Spiel starten","Rittermacht":0,"Längste Handelsstraße":false,"Siegpunkte":0,"Rohstoffe":{"Unbekannt":0},"id":2,"Entwicklungskarten":{"Unbekannt":0},"Größte Rittermacht":false}}}
2017-02-12 16:19:24.064 INFO  network.client.Client 169 receiveMsg - {"Willkommen":{"id":2}}
2017-02-12 16:19:24.076 INFO  network.client.Client 153 sendMsg - {"Spieler":{"Farbe":"Blau","Name":"KI (1)"}}
2017-02-12 16:19:24.076 INFO  network.server.ClientThread 59 run -  < 1   {"Spieler":{"Farbe":"Blau","Name":"KI (1)"}}
2017-02-12 16:19:24.076 INFO  network.client.Client 169 receiveMsg - {"Statusupdate":{"Spieler":{"Status":"Spiel starten","Rittermacht":0,"Längste Handelsstraße":false,"Siegpunkte":0,"Rohstoffe":{"Getreide":0,"Wolle":0,"Holz":0,"Lehm":0,"Erz":0},"id":1,"Entwicklungskarten":{"Straßenbau":0,"Erfindung":0,"Monopol":0,"Ritter":0,"Siegpunkt":0},"Größte Rittermacht":false}}}
2017-02-12 16:19:24.077 INFO  network.server.ClientThread 126 msgThisClient -    1 > {"Serverantwort":"OK"}
2017-02-12 16:19:24.077 INFO  network.server.ClientThread 126 msgThisClient -    1 > {"Statusupdate":{"Spieler":{"Status":"Spiel starten","Rittermacht":0,"Farbe":"Blau","Längste Handelsstraße":false,"Siegpunkte":0,"Rohstoffe":{"Getreide":0,"Wolle":0,"Holz":0,"Lehm":0,"Erz":0},"id":1,"Entwicklungskarten":{"Straßenbau":0,"Erfindung":0,"Monopol":0,"Ritter":0,"Siegpunkt":0},"Name":"KI (1)","Größte Rittermacht":false}}}
2017-02-12 16:19:24.078 INFO  network.server.ClientThread 186 msgAllButThisClient -    2 > {"Statusupdate":{"Spieler":{"Status":"Spiel starten","Rittermacht":0,"Farbe":"Blau","Längste Handelsstraße":false,"Siegpunkte":0,"Rohstoffe":{"Unbekannt":0},"id":1,"Entwicklungskarten":{"Unbekannt":0},"Name":"KI (1)","Größte Rittermacht":false}}}
2017-02-12 16:19:24.085 INFO  network.server.ClientThread 186 msgAllButThisClient -    3 > {"Statusupdate":{"Spieler":{"Status":"Spiel starten","Rittermacht":0,"Farbe":"Blau","Längste Handelsstraße":false,"Siegpunkte":0,"Rohstoffe":{"Unbekannt":0},"id":1,"Entwicklungskarten":{"Unbekannt":0},"Name":"KI (1)","Größte Rittermacht":false}}}
2017-02-12 16:19:24.145 INFO  network.client.Client 169 receiveMsg - {"Willkommen":{"id":3}}
2017-02-12 16:19:24.146 INFO  network.client.Client 153 sendMsg - {"Spieler":{"Farbe":"Rot","Name":"KI (2)"}}
2017-02-12 16:19:24.146 INFO  network.server.ClientThread 59 run -  < 2   {"Spieler":{"Farbe":"Rot","Name":"KI (2)"}}
2017-02-12 16:19:24.146 INFO  network.client.Client 169 receiveMsg - {"Statusupdate":{"Spieler":{"Status":"Spiel starten","Rittermacht":0,"Längste Handelsstraße":false,"Siegpunkte":0,"Rohstoffe":{"Getreide":0,"Wolle":0,"Holz":0,"Lehm":0,"Erz":0},"id":2,"Entwicklungskarten":{"Straßenbau":0,"Erfindung":0,"Monopol":0,"Ritter":0,"Siegpunkt":0},"Größte Rittermacht":false}}}
2017-02-12 16:19:24.147 INFO  network.server.ClientThread 126 msgThisClient -    2 > {"Serverantwort":"OK"}
2017-02-12 16:19:24.147 INFO  network.server.ClientThread 126 msgThisClient -    2 > {"Statusupdate":{"Spieler":{"Status":"Spiel starten","Rittermacht":0,"Farbe":"Rot","Längste Handelsstraße":false,"Siegpunkte":0,"Rohstoffe":{"Getreide":0,"Wolle":0,"Holz":0,"Lehm":0,"Erz":0},"id":2,"Entwicklungskarten":{"Straßenbau":0,"Erfindung":0,"Monopol":0,"Ritter":0,"Siegpunkt":0},"Name":"KI (2)","Größte Rittermacht":false}}}
2017-02-12 16:19:24.148 INFO  network.server.ClientThread 186 msgAllButThisClient -    1 > {"Statusupdate":{"Spieler":{"Status":"Spiel starten","Rittermacht":0,"Farbe":"Rot","Längste Handelsstraße":false,"Siegpunkte":0,"Rohstoffe":{"Unbekannt":0},"id":2,"Entwicklungskarten":{"Unbekannt":0},"Name":"KI (2)","Größte Rittermacht":false}}}
2017-02-12 16:19:24.154 INFO  network.server.ClientThread 186 msgAllButThisClient -    3 > {"Statusupdate":{"Spieler":{"Status":"Spiel starten","Rittermacht":0,"Farbe":"Rot","Längste Handelsstraße":false,"Siegpunkte":0,"Rohstoffe":{"Unbekannt":0},"id":2,"Entwicklungskarten":{"Unbekannt":0},"Name":"KI (2)","Größte Rittermacht":false}}}
2017-02-12 16:19:24.160 INFO  network.client.Client 169 receiveMsg - {"Statusupdate":{"Spieler":{"Status":"Spiel starten","Rittermacht":0,"Längste Handelsstraße":false,"Siegpunkte":0,"Rohstoffe":{"Unbekannt":0},"id":2,"Entwicklungskarten":{"Unbekannt":0},"Größte Rittermacht":false}}}
2017-02-12 16:19:24.228 INFO  network.client.Client 153 sendMsg - {"Spieler":{"Farbe":"Orange","Name":"KI (3)"}}
2017-02-12 16:19:24.229 INFO  network.server.ClientThread 59 run -  < 3   {"Spieler":{"Farbe":"Orange","Name":"KI (3)"}}
2017-02-12 16:19:24.229 INFO  network.client.Client 169 receiveMsg - {"Statusupdate":{"Spieler":{"Status":"Spiel starten","Rittermacht":0,"Längste Handelsstraße":false,"Siegpunkte":0,"Rohstoffe":{"Getreide":0,"Wolle":0,"Holz":0,"Lehm":0,"Erz":0},"id":3,"Entwicklungskarten":{"Straßenbau":0,"Erfindung":0,"Monopol":0,"Ritter":0,"Siegpunkt":0},"Größte Rittermacht":false}}}
2017-02-12 16:19:24.229 INFO  network.client.Client 169 receiveMsg - {"Statusupdate":{"Spieler":{"Status":"Spiel starten","Rittermacht":0,"Längste Handelsstraße":false,"Siegpunkte":0,"Rohstoffe":{"Unbekannt":0},"id":1,"Entwicklungskarten":{"Unbekannt":0},"Größte Rittermacht":false}}}
2017-02-12 16:19:24.229 INFO  network.server.ClientThread 126 msgThisClient -    3 > {"Serverantwort":"OK"}
2017-02-12 16:19:24.230 INFO  network.server.ClientThread 126 msgThisClient -    3 > {"Statusupdate":{"Spieler":{"Status":"Spiel starten","Rittermacht":0,"Farbe":"Orange","Längste Handelsstraße":false,"Siegpunkte":0,"Rohstoffe":{"Getreide":0,"Wolle":0,"Holz":0,"Lehm":0,"Erz":0},"id":3,"Entwicklungskarten":{"Straßenbau":0,"Erfindung":0,"Monopol":0,"Ritter":0,"Siegpunkt":0},"Name":"KI (3)","Größte Rittermacht":false}}}
2017-02-12 16:19:24.231 INFO  network.server.ClientThread 186 msgAllButThisClient -    1 > {"Statusupdate":{"Spieler":{"Status":"Spiel starten","Rittermacht":0,"Farbe":"Orange","Längste Handelsstraße":false,"Siegpunkte":0,"Rohstoffe":{"Unbekannt":0},"id":3,"Entwicklungskarten":{"Unbekannt":0},"Name":"KI (3)","Größte Rittermacht":false}}}
2017-02-12 16:19:24.237 INFO  network.server.ClientThread 186 msgAllButThisClient -    2 > {"Statusupdate":{"Spieler":{"Status":"Spiel starten","Rittermacht":0,"Farbe":"Orange","Längste Handelsstraße":false,"Siegpunkte":0,"Rohstoffe":{"Unbekannt":0},"id":3,"Entwicklungskarten":{"Unbekannt":0},"Name":"KI (3)","Größte Rittermacht":false}}}
2017-02-12 16:19:24.243 INFO  network.client.Client 169 receiveMsg - {"Statusupdate":{"Spieler":{"Status":"Spiel starten","Rittermacht":0,"Längste Handelsstraße":false,"Siegpunkte":0,"Rohstoffe":{"Unbekannt":0},"id":3,"Entwicklungskarten":{"Unbekannt":0},"Größte Rittermacht":false}}}
2017-02-12 16:19:24.312 INFO  network.client.Client 169 receiveMsg - {"Statusupdate":{"Spieler":{"Status":"Spiel starten","Rittermacht":0,"Längste Handelsstraße":false,"Siegpunkte":0,"Rohstoffe":{"Unbekannt":0},"id":1,"Entwicklungskarten":{"Unbekannt":0},"Größte Rittermacht":false}}}
2017-02-12 16:19:24.312 INFO  network.client.Client 169 receiveMsg - {"Statusupdate":{"Spieler":{"Status":"Spiel starten","Rittermacht":0,"Längste Handelsstraße":false,"Siegpunkte":0,"Rohstoffe":{"Unbekannt":0},"id":3,"Entwicklungskarten":{"Unbekannt":0},"Größte Rittermacht":false}}}
2017-02-12 16:19:24.323 WARN  network.client.ClientListener 249 handleMsg - Case not covered!
2017-02-12 16:19:24.324 INFO  network.client.Client 169 receiveMsg - {"Serverantwort":"OK"}
2017-02-12 16:19:24.396 INFO  network.client.Client 169 receiveMsg - {"Statusupdate":{"Spieler":{"Status":"Spiel starten","Rittermacht":0,"Längste Handelsstraße":false,"Siegpunkte":0,"Rohstoffe":{"Unbekannt":0},"id":2,"Entwicklungskarten":{"Unbekannt":0},"Größte Rittermacht":false}}}
2017-02-12 16:19:24.396 INFO  network.client.Client 169 receiveMsg - {"Statusupdate":{"Spieler":{"Status":"Spiel starten","Rittermacht":0,"Farbe":"Blau","Längste Handelsstraße":false,"Siegpunkte":0,"Rohstoffe":{"Unbekannt":0},"id":1,"Entwicklungskarten":{"Unbekannt":0},"Name":"KI (1)","Größte Rittermacht":false}}}
2017-02-12 16:19:24.406 INFO  network.client.Client 153 sendMsg - {"Spiel starten":{}}
2017-02-12 16:19:24.406 INFO  network.server.ClientThread 59 run -  < 1   {"Spiel starten":{}}
2017-02-12 16:19:24.407 INFO  network.client.Client 169 receiveMsg - {"Statusupdate":{"Spieler":{"Status":"Spiel starten","Rittermacht":0,"Farbe":"Blau","Längste Handelsstraße":false,"Siegpunkte":0,"Rohstoffe":{"Getreide":0,"Wolle":0,"Holz":0,"Lehm":0,"Erz":0},"id":1,"Entwicklungskarten":{"Straßenbau":0,"Erfindung":0,"Monopol":0,"Ritter":0,"Siegpunkt":0},"Name":"KI (1)","Größte Rittermacht":false}}}
2017-02-12 16:19:24.409 INFO  network.server.ClientThread 126 msgThisClient -    1 > {"Serverantwort":"OK"}
2017-02-12 16:19:24.410 INFO  network.server.ClientThread 126 msgThisClient -    1 > {"Statusupdate":{"Spieler":{"Status":"Wartet auf Spielbeginn","Rittermacht":0,"Farbe":"Blau","Längste Handelsstraße":false,"Siegpunkte":0,"Rohstoffe":{"Getreide":0,"Wolle":0,"Holz":0,"Lehm":0,"Erz":0},"id":1,"Entwicklungskarten":{"Straßenbau":0,"Erfindung":0,"Monopol":0,"Ritter":0,"Siegpunkt":0},"Name":"KI (1)","Größte Rittermacht":false}}}
2017-02-12 16:19:24.410 INFO  network.server.ClientThread 186 msgAllButThisClient -    2 > {"Statusupdate":{"Spieler":{"Status":"Wartet auf Spielbeginn","Rittermacht":0,"Farbe":"Blau","Längste Handelsstraße":false,"Siegpunkte":0,"Rohstoffe":{"Unbekannt":0},"id":1,"Entwicklungskarten":{"Unbekannt":0},"Name":"KI (1)","Größte Rittermacht":false}}}
2017-02-12 16:19:24.417 INFO  network.server.ClientThread 186 msgAllButThisClient -    3 > {"Statusupdate":{"Spieler":{"Status":"Wartet auf Spielbeginn","Rittermacht":0,"Farbe":"Blau","Längste Handelsstraße":false,"Siegpunkte":0,"Rohstoffe":{"Unbekannt":0},"id":1,"Entwicklungskarten":{"Unbekannt":0},"Name":"KI (1)","Größte Rittermacht":false}}}
2017-02-12 16:19:24.477 WARN  network.client.ClientListener 249 handleMsg - Case not covered!
2017-02-12 16:19:24.478 INFO  network.client.Client 169 receiveMsg - {"Statusupdate":{"Spieler":{"Status":"Spiel starten","Rittermacht":0,"Farbe":"Blau","Längste Handelsstraße":false,"Siegpunkte":0,"Rohstoffe":{"Unbekannt":0},"id":1,"Entwicklungskarten":{"Unbekannt":0},"Name":"KI (1)","Größte Rittermacht":false}}}
2017-02-12 16:19:24.478 INFO  network.client.Client 169 receiveMsg - {"Serverantwort":"OK"}
2017-02-12 16:19:24.490 INFO  network.client.Client 169 receiveMsg - {"Statusupdate":{"Spieler":{"Status":"Spiel starten","Rittermacht":0,"Farbe":"Rot","Längste Handelsstraße":false,"Siegpunkte":0,"Rohstoffe":{"Unbekannt":0},"id":2,"Entwicklungskarten":{"Unbekannt":0},"Name":"KI (2)","Größte Rittermacht":false}}}
2017-02-12 16:19:24.562 INFO  network.client.Client 169 receiveMsg - {"Statusupdate":{"Spieler":{"Status":"Spiel starten","Rittermacht":0,"Farbe":"Rot","Längste Handelsstraße":false,"Siegpunkte":0,"Rohstoffe":{"Unbekannt":0},"id":2,"Entwicklungskarten":{"Unbekannt":0},"Name":"KI (2)","Größte Rittermacht":false}}}
2017-02-12 16:19:24.562 INFO  network.client.Client 153 sendMsg - {"Spiel starten":{}}
2017-02-12 16:19:24.562 INFO  network.server.ClientThread 59 run -  < 2   {"Spiel starten":{}}
2017-02-12 16:19:24.562 INFO  network.client.Client 169 receiveMsg - {"Statusupdate":{"Spieler":{"Status":"Spiel starten","Rittermacht":0,"Farbe":"Rot","Längste Handelsstraße":false,"Siegpunkte":0,"Rohstoffe":{"Getreide":0,"Wolle":0,"Holz":0,"Lehm":0,"Erz":0},"id":2,"Entwicklungskarten":{"Straßenbau":0,"Erfindung":0,"Monopol":0,"Ritter":0,"Siegpunkt":0},"Name":"KI (2)","Größte Rittermacht":false}}}
2017-02-12 16:19:24.565 INFO  network.server.ClientThread 126 msgThisClient -    2 > {"Serverantwort":"OK"}
2017-02-12 16:19:24.565 INFO  network.server.ClientThread 126 msgThisClient -    2 > {"Statusupdate":{"Spieler":{"Status":"Wartet auf Spielbeginn","Rittermacht":0,"Farbe":"Rot","Längste Handelsstraße":false,"Siegpunkte":0,"Rohstoffe":{"Getreide":0,"Wolle":0,"Holz":0,"Lehm":0,"Erz":0},"id":2,"Entwicklungskarten":{"Straßenbau":0,"Erfindung":0,"Monopol":0,"Ritter":0,"Siegpunkt":0},"Name":"KI (2)","Größte Rittermacht":false}}}
2017-02-12 16:19:24.566 INFO  network.server.ClientThread 186 msgAllButThisClient -    1 > {"Statusupdate":{"Spieler":{"Status":"Wartet auf Spielbeginn","Rittermacht":0,"Farbe":"Rot","Längste Handelsstraße":false,"Siegpunkte":0,"Rohstoffe":{"Unbekannt":0},"id":2,"Entwicklungskarten":{"Unbekannt":0},"Name":"KI (2)","Größte Rittermacht":false}}}
2017-02-12 16:19:24.572 INFO  network.server.ClientThread 186 msgAllButThisClient -    3 > {"Statusupdate":{"Spieler":{"Status":"Wartet auf Spielbeginn","Rittermacht":0,"Farbe":"Rot","Längste Handelsstraße":false,"Siegpunkte":0,"Rohstoffe":{"Unbekannt":0},"id":2,"Entwicklungskarten":{"Unbekannt":0},"Name":"KI (2)","Größte Rittermacht":false}}}
2017-02-12 16:19:24.576 INFO  network.client.Client 169 receiveMsg - {"Statusupdate":{"Spieler":{"Status":"Spiel starten","Rittermacht":0,"Farbe":"Orange","Längste Handelsstraße":false,"Siegpunkte":0,"Rohstoffe":{"Unbekannt":0},"id":3,"Entwicklungskarten":{"Unbekannt":0},"Name":"KI (3)","Größte Rittermacht":false}}}
2017-02-12 16:19:24.644 WARN  network.client.ClientListener 249 handleMsg - Case not covered!
2017-02-12 16:19:24.644 INFO  network.client.Client 169 receiveMsg - {"Statusupdate":{"Spieler":{"Status":"Spiel starten","Rittermacht":0,"Farbe":"Orange","Längste Handelsstraße":false,"Siegpunkte":0,"Rohstoffe":{"Unbekannt":0},"id":3,"Entwicklungskarten":{"Unbekannt":0},"Name":"KI (3)","Größte Rittermacht":false}}}
2017-02-12 16:19:24.645 INFO  network.client.Client 169 receiveMsg - {"Serverantwort":"OK"}
2017-02-12 16:19:24.656 WARN  network.client.ClientListener 249 handleMsg - Case not covered!
2017-02-12 16:19:24.656 INFO  network.client.Client 169 receiveMsg - {"Serverantwort":"OK"}
2017-02-12 16:19:24.728 WARN  network.client.ClientListener 766 internalAi - Case not covered!
2017-02-12 16:19:24.728 INFO  network.client.Client 153 sendMsg - {"Spiel starten":{}}
2017-02-12 16:19:24.728 INFO  network.server.ClientThread 59 run -  < 3   {"Spiel starten":{}}
2017-02-12 16:19:24.728 INFO  network.client.Client 169 receiveMsg - {"Statusupdate":{"Spieler":{"Status":"Wartet auf Spielbeginn","Rittermacht":0,"Farbe":"Blau","Längste Handelsstraße":false,"Siegpunkte":0,"Rohstoffe":{"Unbekannt":0},"id":1,"Entwicklungskarten":{"Unbekannt":0},"Name":"KI (1)","Größte Rittermacht":false}}}
2017-02-12 16:19:24.728 INFO  network.client.Client 169 receiveMsg - {"Statusupdate":{"Spieler":{"Status":"Spiel starten","Rittermacht":0,"Farbe":"Orange","Längste Handelsstraße":false,"Siegpunkte":0,"Rohstoffe":{"Getreide":0,"Wolle":0,"Holz":0,"Lehm":0,"Erz":0},"id":3,"Entwicklungskarten":{"Straßenbau":0,"Erfindung":0,"Monopol":0,"Ritter":0,"Siegpunkt":0},"Name":"KI (3)","Größte Rittermacht":false}}}
2017-02-12 16:19:24.731 INFO  network.server.ClientThread 126 msgThisClient -    3 > {"Serverantwort":"OK"}
2017-02-12 16:19:24.732 INFO  network.server.ClientThread 126 msgThisClient -    3 > {"Statusupdate":{"Spieler":{"Status":"Wartet auf Spielbeginn","Rittermacht":0,"Farbe":"Orange","Längste Handelsstraße":false,"Siegpunkte":0,"Rohstoffe":{"Getreide":0,"Wolle":0,"Holz":0,"Lehm":0,"Erz":0},"id":3,"Entwicklungskarten":{"Straßenbau":0,"Erfindung":0,"Monopol":0,"Ritter":0,"Siegpunkt":0},"Name":"KI (3)","Größte Rittermacht":false}}}
2017-02-12 16:19:24.732 INFO  network.server.ClientThread 186 msgAllButThisClient -    1 > {"Statusupdate":{"Spieler":{"Status":"Wartet auf Spielbeginn","Rittermacht":0,"Farbe":"Orange","Längste Handelsstraße":false,"Siegpunkte":0,"Rohstoffe":{"Unbekannt":0},"id":3,"Entwicklungskarten":{"Unbekannt":0},"Name":"KI (3)","Größte Rittermacht":false}}}
2017-02-12 16:19:24.738 INFO  network.server.ClientThread 186 msgAllButThisClient -    2 > {"Statusupdate":{"Spieler":{"Status":"Wartet auf Spielbeginn","Rittermacht":0,"Farbe":"Orange","Längste Handelsstraße":false,"Siegpunkte":0,"Rohstoffe":{"Unbekannt":0},"id":3,"Entwicklungskarten":{"Unbekannt":0},"Name":"KI (3)","Größte Rittermacht":false}}}
2017-02-12 16:19:24.741 WARN  network.client.ClientListener 766 internalAi - Case not covered!
2017-02-12 16:19:24.742 INFO  network.client.Client 169 receiveMsg - {"Statusupdate":{"Spieler":{"Status":"Wartet auf Spielbeginn","Rittermacht":0,"Farbe":"Blau","Längste Handelsstraße":false,"Siegpunkte":0,"Rohstoffe":{"Getreide":0,"Wolle":0,"Holz":0,"Lehm":0,"Erz":0},"id":1,"Entwicklungskarten":{"Straßenbau":0,"Erfindung":0,"Monopol":0,"Ritter":0,"Siegpunkt":0},"Name":"KI (1)","Größte Rittermacht":false}}}
2017-02-12 16:19:24.811 WARN  network.client.ClientListener 766 internalAi - Case not covered!
2017-02-12 16:19:24.811 WARN  network.client.ClientListener 249 handleMsg - Case not covered!
2017-02-12 16:19:24.812 INFO  network.client.Client 169 receiveMsg - {"Serverantwort":"OK"}
2017-02-12 16:19:24.812 INFO  network.client.Client 169 receiveMsg - {"Statusupdate":{"Spieler":{"Status":"Wartet auf Spielbeginn","Rittermacht":0,"Farbe":"Blau","Längste Handelsstraße":false,"Siegpunkte":0,"Rohstoffe":{"Unbekannt":0},"id":1,"Entwicklungskarten":{"Unbekannt":0},"Name":"KI (1)","Größte Rittermacht":false}}}
2017-02-12 16:19:24.825 WARN  network.client.ClientListener 766 internalAi - Case not covered!
2017-02-12 16:19:24.826 INFO  network.client.Client 169 receiveMsg - {"Statusupdate":{"Spieler":{"Status":"Wartet auf Spielbeginn","Rittermacht":0,"Farbe":"Rot","Längste Handelsstraße":false,"Siegpunkte":0,"Rohstoffe":{"Unbekannt":0},"id":2,"Entwicklungskarten":{"Unbekannt":0},"Name":"KI (2)","Größte Rittermacht":false}}}
2017-02-12 16:19:24.893 WARN  network.client.ClientListener 766 internalAi - Case not covered!
2017-02-12 16:19:24.893 INFO  network.client.Client 169 receiveMsg - {"Statusupdate":{"Spieler":{"Status":"Wartet auf Spielbeginn","Rittermacht":0,"Farbe":"Rot","Längste Handelsstraße":false,"Siegpunkte":0,"Rohstoffe":{"Getreide":0,"Wolle":0,"Holz":0,"Lehm":0,"Erz":0},"id":2,"Entwicklungskarten":{"Straßenbau":0,"Erfindung":0,"Monopol":0,"Ritter":0,"Siegpunkt":0},"Name":"KI (2)","Größte Rittermacht":false}}}
2017-02-12 16:19:24.897 WARN  network.client.ClientListener 766 internalAi - Case not covered!
2017-02-12 16:19:24.897 INFO  network.client.Client 169 receiveMsg - {"Statusupdate":{"Spieler":{"Status":"Wartet auf Spielbeginn","Rittermacht":0,"Farbe":"Rot","Längste Handelsstraße":false,"Siegpunkte":0,"Rohstoffe":{"Unbekannt":0},"id":2,"Entwicklungskarten":{"Unbekannt":0},"Name":"KI (2)","Größte Rittermacht":false}}}
2017-02-12 16:19:24.909 WARN  network.client.ClientListener 766 internalAi - Case not covered!
2017-02-12 16:19:24.910 INFO  network.client.Client 169 receiveMsg - {"Statusupdate":{"Spieler":{"Status":"Wartet auf Spielbeginn","Rittermacht":0,"Farbe":"Orange","Längste Handelsstraße":false,"Siegpunkte":0,"Rohstoffe":{"Unbekannt":0},"id":3,"Entwicklungskarten":{"Unbekannt":0},"Name":"KI (3)","Größte Rittermacht":false}}}
2017-02-12 16:19:24.978 WARN  network.client.ClientListener 249 handleMsg - Case not covered!
2017-02-12 16:19:24.979 WARN  network.client.ClientListener 766 internalAi - Case not covered!
2017-02-12 16:19:24.979 INFO  network.client.Client 169 receiveMsg - {"Serverantwort":"OK"}
2017-02-12 16:19:24.979 INFO  network.client.Client 169 receiveMsg - {"Statusupdate":{"Spieler":{"Status":"Wartet auf Spielbeginn","Rittermacht":0,"Farbe":"Orange","Längste Handelsstraße":false,"Siegpunkte":0,"Rohstoffe":{"Unbekannt":0},"id":3,"Entwicklungskarten":{"Unbekannt":0},"Name":"KI (3)","Größte Rittermacht":false}}}
2017-02-12 16:19:25.062 WARN  network.client.ClientListener 766 internalAi - Case not covered!
2017-02-12 16:19:25.062 INFO  network.client.Client 169 receiveMsg - {"Statusupdate":{"Spieler":{"Status":"Wartet auf Spielbeginn","Rittermacht":0,"Farbe":"Orange","Längste Handelsstraße":false,"Siegpunkte":0,"Rohstoffe":{"Getreide":0,"Wolle":0,"Holz":0,"Lehm":0,"Erz":0},"id":3,"Entwicklungskarten":{"Straßenbau":0,"Erfindung":0,"Monopol":0,"Ritter":0,"Siegpunkt":0},"Name":"KI (3)","Größte Rittermacht":false}}}
2017-02-12 16:19:30.619 INFO  network.server.Server 136 run - 3
2017-02-12 16:19:30.619 INFO  network.server.ClientThread 221 setClientID - clientID: 4
2017-02-12 16:19:30.619 INFO  network.server.Server 142 run - Id: 4, Socket: Socket[addr=/192.168.2.106,port=53980,localport=10003]
2017-02-12 16:19:30.619 TRACE network.server.ClientThread 42 run - Enter
2017-02-12 16:19:30.620 INFO  network.server.ClientThread 126 msgThisClient -    4 > {"Hallo":{"Protokoll":"1.0","Version":"Catan-Server (DichteFideleForste"}}
2017-02-12 16:19:30.638 INFO  network.server.ClientThread 59 run -  < 4   {"Hallo":{"Version":"JavaFXClient 1.0 (DichteFideleLurche)"}}
2017-02-12 16:19:30.640 INFO  network.server.ClientThread 126 msgThisClient -    4 > {"Willkommen":{"id":4}}
2017-02-12 16:19:30.643 INFO  network.server.ClientThread 126 msgThisClient -    4 > {"Statusupdate":{"Spieler":{"Status":"Spiel starten","Rittermacht":0,"Längste Handelsstraße":false,"Siegpunkte":0,"Rohstoffe":{"Getreide":0,"Wolle":0,"Holz":0,"Lehm":0,"Erz":0},"id":4,"Entwicklungskarten":{"Straßenbau":0,"Erfindung":0,"Monopol":0,"Ritter":0,"Siegpunkt":0},"Größte Rittermacht":false}}}
2017-02-12 16:19:30.644 INFO  network.server.ClientThread 186 msgAllButThisClient -    1 > {"Statusupdate":{"Spieler":{"Status":"Spiel starten","Rittermacht":0,"Längste Handelsstraße":false,"Siegpunkte":0,"Rohstoffe":{"Unbekannt":0},"id":4,"Entwicklungskarten":{"Unbekannt":0},"Größte Rittermacht":false}}}
2017-02-12 16:19:30.644 INFO  network.client.Client 169 receiveMsg - {"Statusupdate":{"Spieler":{"Status":"Spiel starten","Rittermacht":0,"Längste Handelsstraße":false,"Siegpunkte":0,"Rohstoffe":{"Unbekannt":0},"id":4,"Entwicklungskarten":{"Unbekannt":0},"Größte Rittermacht":false}}}
2017-02-12 16:19:30.649 INFO  network.server.ClientThread 186 msgAllButThisClient -    2 > {"Statusupdate":{"Spieler":{"Status":"Spiel starten","Rittermacht":0,"Längste Handelsstraße":false,"Siegpunkte":0,"Rohstoffe":{"Unbekannt":0},"id":4,"Entwicklungskarten":{"Unbekannt":0},"Größte Rittermacht":false}}}
2017-02-12 16:19:30.649 INFO  network.client.Client 169 receiveMsg - {"Statusupdate":{"Spieler":{"Status":"Spiel starten","Rittermacht":0,"Längste Handelsstraße":false,"Siegpunkte":0,"Rohstoffe":{"Unbekannt":0},"id":4,"Entwicklungskarten":{"Unbekannt":0},"Größte Rittermacht":false}}}
2017-02-12 16:19:30.656 INFO  network.client.Client 169 receiveMsg - {"Statusupdate":{"Spieler":{"Status":"Spiel starten","Rittermacht":0,"Längste Handelsstraße":false,"Siegpunkte":0,"Rohstoffe":{"Unbekannt":0},"id":4,"Entwicklungskarten":{"Unbekannt":0},"Größte Rittermacht":false}}}
2017-02-12 16:19:30.656 INFO  network.server.ClientThread 186 msgAllButThisClient -    3 > {"Statusupdate":{"Spieler":{"Status":"Spiel starten","Rittermacht":0,"Längste Handelsstraße":false,"Siegpunkte":0,"Rohstoffe":{"Unbekannt":0},"id":4,"Entwicklungskarten":{"Unbekannt":0},"Größte Rittermacht":false}}}
2017-02-12 16:19:30.661 INFO  network.server.ClientThread 126 msgThisClient -    4 > {"Statusupdate":{"Spieler":{"Status":"Wartet auf Spielbeginn","Rittermacht":0,"Farbe":"Blau","Längste Handelsstraße":false,"Siegpunkte":0,"Rohstoffe":{"Unbekannt":0},"id":1,"Entwicklungskarten":{"Unbekannt":0},"Name":"KI (1)","Größte Rittermacht":false}}}
2017-02-12 16:19:30.662 INFO  network.server.ClientThread 126 msgThisClient -    4 > {"Statusupdate":{"Spieler":{"Status":"Wartet auf Spielbeginn","Rittermacht":0,"Farbe":"Rot","Längste Handelsstraße":false,"Siegpunkte":0,"Rohstoffe":{"Unbekannt":0},"id":2,"Entwicklungskarten":{"Unbekannt":0},"Name":"KI (2)","Größte Rittermacht":false}}}
2017-02-12 16:19:30.662 INFO  network.server.ClientThread 126 msgThisClient -    4 > {"Statusupdate":{"Spieler":{"Status":"Wartet auf Spielbeginn","Rittermacht":0,"Farbe":"Orange","Längste Handelsstraße":false,"Siegpunkte":0,"Rohstoffe":{"Unbekannt":0},"id":3,"Entwicklungskarten":{"Unbekannt":0},"Name":"KI (3)","Größte Rittermacht":false}}}
2017-02-12 16:19:32.407 INFO  network.server.ClientThread 59 run -  < 4   {"Spieler":{"Farbe":"Orange","Name":"sdv"}}
2017-02-12 16:19:32.408 INFO  network.server.ClientThread 126 msgThisClient -    4 > {"Serverantwort":"OK"}
2017-02-12 16:19:32.408 INFO  network.server.ClientThread 126 msgThisClient -    4 > {"Statusupdate":{"Spieler":{"Status":"Spiel starten","Rittermacht":0,"Farbe":"Orange","Längste Handelsstraße":false,"Siegpunkte":0,"Rohstoffe":{"Getreide":0,"Wolle":0,"Holz":0,"Lehm":0,"Erz":0},"id":4,"Entwicklungskarten":{"Straßenbau":0,"Erfindung":0,"Monopol":0,"Ritter":0,"Siegpunkt":0},"Name":"sdv","Größte Rittermacht":false}}}
2017-02-12 16:19:32.409 INFO  network.server.ClientThread 186 msgAllButThisClient -    1 > {"Statusupdate":{"Spieler":{"Status":"Spiel starten","Rittermacht":0,"Farbe":"Orange","Längste Handelsstraße":false,"Siegpunkte":0,"Rohstoffe":{"Unbekannt":0},"id":4,"Entwicklungskarten":{"Unbekannt":0},"Name":"sdv","Größte Rittermacht":false}}}
2017-02-12 16:19:32.409 INFO  network.client.Client 169 receiveMsg - {"Statusupdate":{"Spieler":{"Status":"Spiel starten","Rittermacht":0,"Farbe":"Orange","Längste Handelsstraße":false,"Siegpunkte":0,"Rohstoffe":{"Unbekannt":0},"id":4,"Entwicklungskarten":{"Unbekannt":0},"Name":"sdv","Größte Rittermacht":false}}}
2017-02-12 16:19:32.415 INFO  network.server.ClientThread 186 msgAllButThisClient -    2 > {"Statusupdate":{"Spieler":{"Status":"Spiel starten","Rittermacht":0,"Farbe":"Orange","Längste Handelsstraße":false,"Siegpunkte":0,"Rohstoffe":{"Unbekannt":0},"id":4,"Entwicklungskarten":{"Unbekannt":0},"Name":"sdv","Größte Rittermacht":false}}}
2017-02-12 16:19:32.415 INFO  network.client.Client 169 receiveMsg - {"Statusupdate":{"Spieler":{"Status":"Spiel starten","Rittermacht":0,"Farbe":"Orange","Längste Handelsstraße":false,"Siegpunkte":0,"Rohstoffe":{"Unbekannt":0},"id":4,"Entwicklungskarten":{"Unbekannt":0},"Name":"sdv","Größte Rittermacht":false}}}
2017-02-12 16:19:32.421 INFO  network.server.ClientThread 186 msgAllButThisClient -    3 > {"Statusupdate":{"Spieler":{"Status":"Spiel starten","Rittermacht":0,"Farbe":"Orange","Längste Handelsstraße":false,"Siegpunkte":0,"Rohstoffe":{"Unbekannt":0},"id":4,"Entwicklungskarten":{"Unbekannt":0},"Name":"sdv","Größte Rittermacht":false}}}
2017-02-12 16:19:32.421 INFO  network.client.Client 169 receiveMsg - {"Statusupdate":{"Spieler":{"Status":"Spiel starten","Rittermacht":0,"Farbe":"Orange","Längste Handelsstraße":false,"Siegpunkte":0,"Rohstoffe":{"Unbekannt":0},"id":4,"Entwicklungskarten":{"Unbekannt":0},"Name":"sdv","Größte Rittermacht":false}}}
2017-02-12 16:19:35.713 INFO  network.server.ClientThread 59 run -  < 4   {"Spieler":{"Farbe":"Weiß","Name":"sdv"}}
2017-02-12 16:19:35.714 INFO  network.server.ClientThread 126 msgThisClient -    4 > {"Serverantwort":"OK"}
2017-02-12 16:19:35.715 INFO  network.server.ClientThread 126 msgThisClient -    4 > {"Statusupdate":{"Spieler":{"Status":"Spiel starten","Rittermacht":0,"Farbe":"Weiß","Längste Handelsstraße":false,"Siegpunkte":0,"Rohstoffe":{"Getreide":0,"Wolle":0,"Holz":0,"Lehm":0,"Erz":0},"id":4,"Entwicklungskarten":{"Straßenbau":0,"Erfindung":0,"Monopol":0,"Ritter":0,"Siegpunkt":0},"Name":"sdv","Größte Rittermacht":false}}}
2017-02-12 16:19:35.716 INFO  network.server.ClientThread 186 msgAllButThisClient -    1 > {"Statusupdate":{"Spieler":{"Status":"Spiel starten","Rittermacht":0,"Farbe":"Weiß","Längste Handelsstraße":false,"Siegpunkte":0,"Rohstoffe":{"Unbekannt":0},"id":4,"Entwicklungskarten":{"Unbekannt":0},"Name":"sdv","Größte Rittermacht":false}}}
2017-02-12 16:19:35.716 INFO  network.client.Client 169 receiveMsg - {"Statusupdate":{"Spieler":{"Status":"Spiel starten","Rittermacht":0,"Farbe":"Weiß","Längste Handelsstraße":false,"Siegpunkte":0,"Rohstoffe":{"Unbekannt":0},"id":4,"Entwicklungskarten":{"Unbekannt":0},"Name":"sdv","Größte Rittermacht":false}}}
2017-02-12 16:19:35.721 INFO  network.server.ClientThread 186 msgAllButThisClient -    2 > {"Statusupdate":{"Spieler":{"Status":"Spiel starten","Rittermacht":0,"Farbe":"Weiß","Längste Handelsstraße":false,"Siegpunkte":0,"Rohstoffe":{"Unbekannt":0},"id":4,"Entwicklungskarten":{"Unbekannt":0},"Name":"sdv","Größte Rittermacht":false}}}
2017-02-12 16:19:35.721 INFO  network.client.Client 169 receiveMsg - {"Statusupdate":{"Spieler":{"Status":"Spiel starten","Rittermacht":0,"Farbe":"Weiß","Längste Handelsstraße":false,"Siegpunkte":0,"Rohstoffe":{"Unbekannt":0},"id":4,"Entwicklungskarten":{"Unbekannt":0},"Name":"sdv","Größte Rittermacht":false}}}
2017-02-12 16:19:35.727 INFO  network.server.ClientThread 186 msgAllButThisClient -    3 > {"Statusupdate":{"Spieler":{"Status":"Spiel starten","Rittermacht":0,"Farbe":"Weiß","Längste Handelsstraße":false,"Siegpunkte":0,"Rohstoffe":{"Unbekannt":0},"id":4,"Entwicklungskarten":{"Unbekannt":0},"Name":"sdv","Größte Rittermacht":false}}}
2017-02-12 16:19:35.727 INFO  network.client.Client 169 receiveMsg - {"Statusupdate":{"Spieler":{"Status":"Spiel starten","Rittermacht":0,"Farbe":"Weiß","Längste Handelsstraße":false,"Siegpunkte":0,"Rohstoffe":{"Unbekannt":0},"id":4,"Entwicklungskarten":{"Unbekannt":0},"Name":"sdv","Größte Rittermacht":false}}}
2017-02-12 16:19:36.746 INFO  network.server.ClientThread 59 run -  < 4   {"Spiel starten":{}}
2017-02-12 16:19:36.749 INFO  network.server.ClientThread 126 msgThisClient -    4 > {"Serverantwort":"OK"}
2017-02-12 16:19:36.749 INFO  network.server.ClientThread 126 msgThisClient -    4 > {"Statusupdate":{"Spieler":{"Status":"Wartet auf Spielbeginn","Rittermacht":0,"Farbe":"Weiß","Längste Handelsstraße":false,"Siegpunkte":0,"Rohstoffe":{"Getreide":0,"Wolle":0,"Holz":0,"Lehm":0,"Erz":0},"id":4,"Entwicklungskarten":{"Straßenbau":0,"Erfindung":0,"Monopol":0,"Ritter":0,"Siegpunkt":0},"Name":"sdv","Größte Rittermacht":false}}}
2017-02-12 16:19:36.750 INFO  network.server.ClientThread 186 msgAllButThisClient -    1 > {"Statusupdate":{"Spieler":{"Status":"Wartet auf Spielbeginn","Rittermacht":0,"Farbe":"Weiß","Längste Handelsstraße":false,"Siegpunkte":0,"Rohstoffe":{"Unbekannt":0},"id":4,"Entwicklungskarten":{"Unbekannt":0},"Name":"sdv","Größte Rittermacht":false}}}
2017-02-12 16:19:36.750 WARN  network.client.ClientListener 766 internalAi - Case not covered!
2017-02-12 16:19:36.751 INFO  network.client.Client 169 receiveMsg - {"Statusupdate":{"Spieler":{"Status":"Wartet auf Spielbeginn","Rittermacht":0,"Farbe":"Weiß","Längste Handelsstraße":false,"Siegpunkte":0,"Rohstoffe":{"Unbekannt":0},"id":4,"Entwicklungskarten":{"Unbekannt":0},"Name":"sdv","Größte Rittermacht":false}}}
2017-02-12 16:19:36.756 INFO  network.server.ClientThread 186 msgAllButThisClient -    2 > {"Statusupdate":{"Spieler":{"Status":"Wartet auf Spielbeginn","Rittermacht":0,"Farbe":"Weiß","Längste Handelsstraße":false,"Siegpunkte":0,"Rohstoffe":{"Unbekannt":0},"id":4,"Entwicklungskarten":{"Unbekannt":0},"Name":"sdv","Größte Rittermacht":false}}}
2017-02-12 16:19:36.756 WARN  network.client.ClientListener 766 internalAi - Case not covered!
2017-02-12 16:19:36.756 INFO  network.client.Client 169 receiveMsg - {"Statusupdate":{"Spieler":{"Status":"Wartet auf Spielbeginn","Rittermacht":0,"Farbe":"Weiß","Längste Handelsstraße":false,"Siegpunkte":0,"Rohstoffe":{"Unbekannt":0},"id":4,"Entwicklungskarten":{"Unbekannt":0},"Name":"sdv","Größte Rittermacht":false}}}
2017-02-12 16:19:36.761 INFO  network.server.ClientThread 186 msgAllButThisClient -    3 > {"Statusupdate":{"Spieler":{"Status":"Wartet auf Spielbeginn","Rittermacht":0,"Farbe":"Weiß","Längste Handelsstraße":false,"Siegpunkte":0,"Rohstoffe":{"Unbekannt":0},"id":4,"Entwicklungskarten":{"Unbekannt":0},"Name":"sdv","Größte Rittermacht":false}}}
2017-02-12 16:19:36.761 WARN  network.client.ClientListener 766 internalAi - Case not covered!
2017-02-12 16:19:36.762 INFO  network.client.Client 169 receiveMsg - {"Statusupdate":{"Spieler":{"Status":"Wartet auf Spielbeginn","Rittermacht":0,"Farbe":"Weiß","Längste Handelsstraße":false,"Siegpunkte":0,"Rohstoffe":{"Unbekannt":0},"id":4,"Entwicklungskarten":{"Unbekannt":0},"Name":"sdv","Größte Rittermacht":false}}}
2017-02-12 16:19:36.769 INFO  network.server.ClientThread 153 msgAll -    1 > {"Spiel gestartet":{"Karte":{"Felder":[{"Ort":{"x":-3,"y":2},"Typ":"Meer"},{"Ort":{"x":2,"y":0},"Zahl":6,"Typ":"Weideland"},{"Ort":{"x":3,"y":-3},"Typ":"Meer"},{"Ort":{"x":-2,"y":3},"Typ":"Meer"},{"Ort":{"x":-1,"y":0},"Zahl":6,"Typ":"Ackerland"},{"Ort":{"x":0,"y":-3},"Typ":"Meer"},{"Ort":{"x":2,"y":1},"Typ":"Meer"},{"Ort":{"x":-3,"y":1},"Typ":"Meer"},{"Ort":{"x":-1,"y":2},"Zahl":8,"Typ":"Gebirge"},{"Ort":{"x":0,"y":2},"Typ":"Wüste"},{"Ort":{"x":1,"y":2},"Typ":"Meer"},{"Ort":{"x":-2,"y":1},"Zahl":9,"Typ":"Weideland"},{"Ort":{"x":2,"y":-2},"Zahl":5,"Typ":"Wald"},{"Ort":{"x":-1,"y":1},"Zahl":5,"Typ":"Weideland"},{"Ort":{"x":0,"y":1},"Zahl":4,"Typ":"Wald"},{"Ort":{"x":1,"y":1},"Zahl":3,"Typ":"Gebirge"},{"Ort":{"x":-3,"y":0},"Typ":"Meer"},{"Ort":{"x":-2,"y":-1},"Typ":"Meer"},{"Ort":{"x":-1,"y":-1},"Zahl":11,"Typ":"Weideland"},{"Ort":{"x":0,"y":-1},"Zahl":3,"Typ":"Ackerland"},{"Ort":{"x":1,"y":-1},"Zahl":10,"Typ":"Hügelland"},{"Ort":{"x":2,"y":-1},"Zahl":2,"Typ":"Wald"},{"Ort":{"x":3,"y":-1},"Typ":"Meer"},{"Ort":{"x":-1,"y":-2},"Typ":"Meer"},{"Ort":{"x":0,"y":-2},"Zahl":4,"Typ":"Ackerland"},{"Ort":{"x":1,"y":-2},"Zahl":8,"Typ":"Gebirge"},{"Ort":{"x":-3,"y":3},"Typ":"Meer"},{"Ort":{"x":-2,"y":0},"Zahl":12,"Typ":"Wald"},{"Ort":{"x":3,"y":-2},"Typ":"Meer"},{"Ort":{"x":-1,"y":3},"Typ":"Meer"},{"Ort":{"x":0,"y":0},"Zahl":11,"Typ":"Hügelland"},{"Ort":{"x":1,"y":-3},"Typ":"Meer"},{"Ort":{"x":0,"y":3},"Typ":"Meer"},{"Ort":{"x":1,"y":0},"Zahl":9,"Typ":"Hügelland"},{"Ort":{"x":2,"y":-3},"Typ":"Meer"},{"Ort":{"x":-2,"y":2},"Zahl":10,"Typ":"Ackerland"},{"Ort":{"x":3,"y":0},"Typ":"Meer"}],"Gebäude":[],"Häfen":[{"Ort":[{"x":-3,"y":2},{"x":-2,"y":1}],"Typ":"Holz Hafen"},{"Ort":[{"x":2,"y":-2},{"x":3,"y":-3}],"Typ":"Hafen"},{"Ort":[{"x":-2,"y":3},{"x":-2,"y":2}],"Typ":"Erz Hafen"},{"Ort":[{"x":2,"y":1},{"x":2,"y":0}],"Typ":"Hafen"},{"Ort":[{"x":-3,"y":0},{"x":-2,"y":0}],"Typ":"Getreide Hafen"},{"Ort":[{"x":2,"y":0},{"x":3,"y":-1}],"Typ":"Wolle Hafen"},{"Ort":[{"x":-1,"y":-2},{"x":0,"y":-2}],"Typ":"Hafen"},{"Ort":[{"x":1,"y":-2},{"x":1,"y":-3}],"Typ":"Hafen"},{"Ort":[{"x":0,"y":3},{"x":0,"y":2}],"Typ":"Lehm Hafen"}],"Räuber":{"x":0,"y":2}}}}
2017-02-12 16:19:36.775 INFO  network.server.ClientThread 153 msgAll -    2 > {"Spiel gestartet":{"Karte":{"Felder":[{"Ort":{"x":-3,"y":2},"Typ":"Meer"},{"Ort":{"x":2,"y":0},"Zahl":6,"Typ":"Weideland"},{"Ort":{"x":3,"y":-3},"Typ":"Meer"},{"Ort":{"x":-2,"y":3},"Typ":"Meer"},{"Ort":{"x":-1,"y":0},"Zahl":6,"Typ":"Ackerland"},{"Ort":{"x":0,"y":-3},"Typ":"Meer"},{"Ort":{"x":2,"y":1},"Typ":"Meer"},{"Ort":{"x":-3,"y":1},"Typ":"Meer"},{"Ort":{"x":-1,"y":2},"Zahl":8,"Typ":"Gebirge"},{"Ort":{"x":0,"y":2},"Typ":"Wüste"},{"Ort":{"x":1,"y":2},"Typ":"Meer"},{"Ort":{"x":-2,"y":1},"Zahl":9,"Typ":"Weideland"},{"Ort":{"x":2,"y":-2},"Zahl":5,"Typ":"Wald"},{"Ort":{"x":-1,"y":1},"Zahl":5,"Typ":"Weideland"},{"Ort":{"x":0,"y":1},"Zahl":4,"Typ":"Wald"},{"Ort":{"x":1,"y":1},"Zahl":3,"Typ":"Gebirge"},{"Ort":{"x":-3,"y":0},"Typ":"Meer"},{"Ort":{"x":-2,"y":-1},"Typ":"Meer"},{"Ort":{"x":-1,"y":-1},"Zahl":11,"Typ":"Weideland"},{"Ort":{"x":0,"y":-1},"Zahl":3,"Typ":"Ackerland"},{"Ort":{"x":1,"y":-1},"Zahl":10,"Typ":"Hügelland"},{"Ort":{"x":2,"y":-1},"Zahl":2,"Typ":"Wald"},{"Ort":{"x":3,"y":-1},"Typ":"Meer"},{"Ort":{"x":-1,"y":-2},"Typ":"Meer"},{"Ort":{"x":0,"y":-2},"Zahl":4,"Typ":"Ackerland"},{"Ort":{"x":1,"y":-2},"Zahl":8,"Typ":"Gebirge"},{"Ort":{"x":-3,"y":3},"Typ":"Meer"},{"Ort":{"x":-2,"y":0},"Zahl":12,"Typ":"Wald"},{"Ort":{"x":3,"y":-2},"Typ":"Meer"},{"Ort":{"x":-1,"y":3},"Typ":"Meer"},{"Ort":{"x":0,"y":0},"Zahl":11,"Typ":"Hügelland"},{"Ort":{"x":1,"y":-3},"Typ":"Meer"},{"Ort":{"x":0,"y":3},"Typ":"Meer"},{"Ort":{"x":1,"y":0},"Zahl":9,"Typ":"Hügelland"},{"Ort":{"x":2,"y":-3},"Typ":"Meer"},{"Ort":{"x":-2,"y":2},"Zahl":10,"Typ":"Ackerland"},{"Ort":{"x":3,"y":0},"Typ":"Meer"}],"Gebäude":[],"Häfen":[{"Ort":[{"x":-3,"y":2},{"x":-2,"y":1}],"Typ":"Holz Hafen"},{"Ort":[{"x":2,"y":-2},{"x":3,"y":-3}],"Typ":"Hafen"},{"Ort":[{"x":-2,"y":3},{"x":-2,"y":2}],"Typ":"Erz Hafen"},{"Ort":[{"x":2,"y":1},{"x":2,"y":0}],"Typ":"Hafen"},{"Ort":[{"x":-3,"y":0},{"x":-2,"y":0}],"Typ":"Getreide Hafen"},{"Ort":[{"x":2,"y":0},{"x":3,"y":-1}],"Typ":"Wolle Hafen"},{"Ort":[{"x":-1,"y":-2},{"x":0,"y":-2}],"Typ":"Hafen"},{"Ort":[{"x":1,"y":-2},{"x":1,"y":-3}],"Typ":"Hafen"},{"Ort":[{"x":0,"y":3},{"x":0,"y":2}],"Typ":"Lehm Hafen"}],"Räuber":{"x":0,"y":2}}}}
2017-02-12 16:19:36.781 INFO  network.server.ClientThread 153 msgAll -    3 > {"Spiel gestartet":{"Karte":{"Felder":[{"Ort":{"x":-3,"y":2},"Typ":"Meer"},{"Ort":{"x":2,"y":0},"Zahl":6,"Typ":"Weideland"},{"Ort":{"x":3,"y":-3},"Typ":"Meer"},{"Ort":{"x":-2,"y":3},"Typ":"Meer"},{"Ort":{"x":-1,"y":0},"Zahl":6,"Typ":"Ackerland"},{"Ort":{"x":0,"y":-3},"Typ":"Meer"},{"Ort":{"x":2,"y":1},"Typ":"Meer"},{"Ort":{"x":-3,"y":1},"Typ":"Meer"},{"Ort":{"x":-1,"y":2},"Zahl":8,"Typ":"Gebirge"},{"Ort":{"x":0,"y":2},"Typ":"Wüste"},{"Ort":{"x":1,"y":2},"Typ":"Meer"},{"Ort":{"x":-2,"y":1},"Zahl":9,"Typ":"Weideland"},{"Ort":{"x":2,"y":-2},"Zahl":5,"Typ":"Wald"},{"Ort":{"x":-1,"y":1},"Zahl":5,"Typ":"Weideland"},{"Ort":{"x":0,"y":1},"Zahl":4,"Typ":"Wald"},{"Ort":{"x":1,"y":1},"Zahl":3,"Typ":"Gebirge"},{"Ort":{"x":-3,"y":0},"Typ":"Meer"},{"Ort":{"x":-2,"y":-1},"Typ":"Meer"},{"Ort":{"x":-1,"y":-1},"Zahl":11,"Typ":"Weideland"},{"Ort":{"x":0,"y":-1},"Zahl":3,"Typ":"Ackerland"},{"Ort":{"x":1,"y":-1},"Zahl":10,"Typ":"Hügelland"},{"Ort":{"x":2,"y":-1},"Zahl":2,"Typ":"Wald"},{"Ort":{"x":3,"y":-1},"Typ":"Meer"},{"Ort":{"x":-1,"y":-2},"Typ":"Meer"},{"Ort":{"x":0,"y":-2},"Zahl":4,"Typ":"Ackerland"},{"Ort":{"x":1,"y":-2},"Zahl":8,"Typ":"Gebirge"},{"Ort":{"x":-3,"y":3},"Typ":"Meer"},{"Ort":{"x":-2,"y":0},"Zahl":12,"Typ":"Wald"},{"Ort":{"x":3,"y":-2},"Typ":"Meer"},{"Ort":{"x":-1,"y":3},"Typ":"Meer"},{"Ort":{"x":0,"y":0},"Zahl":11,"Typ":"Hügelland"},{"Ort":{"x":1,"y":-3},"Typ":"Meer"},{"Ort":{"x":0,"y":3},"Typ":"Meer"},{"Ort":{"x":1,"y":0},"Zahl":9,"Typ":"Hügelland"},{"Ort":{"x":2,"y":-3},"Typ":"Meer"},{"Ort":{"x":-2,"y":2},"Zahl":10,"Typ":"Ackerland"},{"Ort":{"x":3,"y":0},"Typ":"Meer"}],"Gebäude":[],"Häfen":[{"Ort":[{"x":-3,"y":2},{"x":-2,"y":1}],"Typ":"Holz Hafen"},{"Ort":[{"x":2,"y":-2},{"x":3,"y":-3}],"Typ":"Hafen"},{"Ort":[{"x":-2,"y":3},{"x":-2,"y":2}],"Typ":"Erz Hafen"},{"Ort":[{"x":2,"y":1},{"x":2,"y":0}],"Typ":"Hafen"},{"Ort":[{"x":-3,"y":0},{"x":-2,"y":0}],"Typ":"Getreide Hafen"},{"Ort":[{"x":2,"y":0},{"x":3,"y":-1}],"Typ":"Wolle Hafen"},{"Ort":[{"x":-1,"y":-2},{"x":0,"y":-2}],"Typ":"Hafen"},{"Ort":[{"x":1,"y":-2},{"x":1,"y":-3}],"Typ":"Hafen"},{"Ort":[{"x":0,"y":3},{"x":0,"y":2}],"Typ":"Lehm Hafen"}],"Räuber":{"x":0,"y":2}}}}
2017-02-12 16:19:36.788 INFO  network.server.ClientThread 153 msgAll -    4 > {"Spiel gestartet":{"Karte":{"Felder":[{"Ort":{"x":-3,"y":2},"Typ":"Meer"},{"Ort":{"x":2,"y":0},"Zahl":6,"Typ":"Weideland"},{"Ort":{"x":3,"y":-3},"Typ":"Meer"},{"Ort":{"x":-2,"y":3},"Typ":"Meer"},{"Ort":{"x":-1,"y":0},"Zahl":6,"Typ":"Ackerland"},{"Ort":{"x":0,"y":-3},"Typ":"Meer"},{"Ort":{"x":2,"y":1},"Typ":"Meer"},{"Ort":{"x":-3,"y":1},"Typ":"Meer"},{"Ort":{"x":-1,"y":2},"Zahl":8,"Typ":"Gebirge"},{"Ort":{"x":0,"y":2},"Typ":"Wüste"},{"Ort":{"x":1,"y":2},"Typ":"Meer"},{"Ort":{"x":-2,"y":1},"Zahl":9,"Typ":"Weideland"},{"Ort":{"x":2,"y":-2},"Zahl":5,"Typ":"Wald"},{"Ort":{"x":-1,"y":1},"Zahl":5,"Typ":"Weideland"},{"Ort":{"x":0,"y":1},"Zahl":4,"Typ":"Wald"},{"Ort":{"x":1,"y":1},"Zahl":3,"Typ":"Gebirge"},{"Ort":{"x":-3,"y":0},"Typ":"Meer"},{"Ort":{"x":-2,"y":-1},"Typ":"Meer"},{"Ort":{"x":-1,"y":-1},"Zahl":11,"Typ":"Weideland"},{"Ort":{"x":0,"y":-1},"Zahl":3,"Typ":"Ackerland"},{"Ort":{"x":1,"y":-1},"Zahl":10,"Typ":"Hügelland"},{"Ort":{"x":2,"y":-1},"Zahl":2,"Typ":"Wald"},{"Ort":{"x":3,"y":-1},"Typ":"Meer"},{"Ort":{"x":-1,"y":-2},"Typ":"Meer"},{"Ort":{"x":0,"y":-2},"Zahl":4,"Typ":"Ackerland"},{"Ort":{"x":1,"y":-2},"Zahl":8,"Typ":"Gebirge"},{"Ort":{"x":-3,"y":3},"Typ":"Meer"},{"Ort":{"x":-2,"y":0},"Zahl":12,"Typ":"Wald"},{"Ort":{"x":3,"y":-2},"Typ":"Meer"},{"Ort":{"x":-1,"y":3},"Typ":"Meer"},{"Ort":{"x":0,"y":0},"Zahl":11,"Typ":"Hügelland"},{"Ort":{"x":1,"y":-3},"Typ":"Meer"},{"Ort":{"x":0,"y":3},"Typ":"Meer"},{"Ort":{"x":1,"y":0},"Zahl":9,"Typ":"Hügelland"},{"Ort":{"x":2,"y":-3},"Typ":"Meer"},{"Ort":{"x":-2,"y":2},"Zahl":10,"Typ":"Ackerland"},{"Ort":{"x":3,"y":0},"Typ":"Meer"}],"Gebäude":[],"Häfen":[{"Ort":[{"x":-3,"y":2},{"x":-2,"y":1}],"Typ":"Holz Hafen"},{"Ort":[{"x":2,"y":-2},{"x":3,"y":-3}],"Typ":"Hafen"},{"Ort":[{"x":-2,"y":3},{"x":-2,"y":2}],"Typ":"Erz Hafen"},{"Ort":[{"x":2,"y":1},{"x":2,"y":0}],"Typ":"Hafen"},{"Ort":[{"x":-3,"y":0},{"x":-2,"y":0}],"Typ":"Getreide Hafen"},{"Ort":[{"x":2,"y":0},{"x":3,"y":-1}],"Typ":"Wolle Hafen"},{"Ort":[{"x":-1,"y":-2},{"x":0,"y":-2}],"Typ":"Hafen"},{"Ort":[{"x":1,"y":-2},{"x":1,"y":-3}],"Typ":"Hafen"},{"Ort":[{"x":0,"y":3},{"x":0,"y":2}],"Typ":"Lehm Hafen"}],"Räuber":{"x":0,"y":2}}}}
2017-02-12 16:19:36.795 INFO  network.server.ClientThread 153 msgAll -    1 > {"Würfelwurf":{"Spieler":1,"Wurf":[1,3]}}
2017-02-12 16:19:36.801 INFO  network.server.ClientThread 153 msgAll -    2 > {"Würfelwurf":{"Spieler":1,"Wurf":[1,3]}}
2017-02-12 16:19:36.808 INFO  network.server.ClientThread 153 msgAll -    3 > {"Würfelwurf":{"Spieler":1,"Wurf":[1,3]}}
2017-02-12 16:19:36.815 INFO  network.server.ClientThread 153 msgAll -    4 > {"Würfelwurf":{"Spieler":1,"Wurf":[1,3]}}
2017-02-12 16:19:36.821 INFO  network.server.ClientThread 153 msgAll -    1 > {"Würfelwurf":{"Spieler":2,"Wurf":[5,5]}}
2017-02-12 16:19:36.830 INFO  network.server.ClientThread 153 msgAll -    2 > {"Würfelwurf":{"Spieler":2,"Wurf":[5,5]}}
2017-02-12 16:19:36.836 INFO  network.server.ClientThread 153 msgAll -    3 > {"Würfelwurf":{"Spieler":2,"Wurf":[5,5]}}
2017-02-12 16:19:36.836 WARN  network.client.ClientListener 249 handleMsg - Case not covered!
2017-02-12 16:19:36.836 INFO  network.client.Client 169 receiveMsg - {"Spiel gestartet":{"Karte":{"Felder":[{"Ort":{"x":-3,"y":2},"Typ":"Meer"},{"Ort":{"x":2,"y":0},"Zahl":6,"Typ":"Weideland"},{"Ort":{"x":3,"y":-3},"Typ":"Meer"},{"Ort":{"x":-2,"y":3},"Typ":"Meer"},{"Ort":{"x":-1,"y":0},"Zahl":6,"Typ":"Ackerland"},{"Ort":{"x":0,"y":-3},"Typ":"Meer"},{"Ort":{"x":2,"y":1},"Typ":"Meer"},{"Ort":{"x":-3,"y":1},"Typ":"Meer"},{"Ort":{"x":-1,"y":2},"Zahl":8,"Typ":"Gebirge"},{"Ort":{"x":0,"y":2},"Typ":"Wüste"},{"Ort":{"x":1,"y":2},"Typ":"Meer"},{"Ort":{"x":-2,"y":1},"Zahl":9,"Typ":"Weideland"},{"Ort":{"x":2,"y":-2},"Zahl":5,"Typ":"Wald"},{"Ort":{"x":-1,"y":1},"Zahl":5,"Typ":"Weideland"},{"Ort":{"x":0,"y":1},"Zahl":4,"Typ":"Wald"},{"Ort":{"x":1,"y":1},"Zahl":3,"Typ":"Gebirge"},{"Ort":{"x":-3,"y":0},"Typ":"Meer"},{"Ort":{"x":-2,"y":-1},"Typ":"Meer"},{"Ort":{"x":-1,"y":-1},"Zahl":11,"Typ":"Weideland"},{"Ort":{"x":0,"y":-1},"Zahl":3,"Typ":"Ackerland"},{"Ort":{"x":1,"y":-1},"Zahl":10,"Typ":"Hügelland"},{"Ort":{"x":2,"y":-1},"Zahl":2,"Typ":"Wald"},{"Ort":{"x":3,"y":-1},"Typ":"Meer"},{"Ort":{"x":-1,"y":-2},"Typ":"Meer"},{"Ort":{"x":0,"y":-2},"Zahl":4,"Typ":"Ackerland"},{"Ort":{"x":1,"y":-2},"Zahl":8,"Typ":"Gebirge"},{"Ort":{"x":-3,"y":3},"Typ":"Meer"},{"Ort":{"x":-2,"y":0},"Zahl":12,"Typ":"Wald"},{"Ort":{"x":3,"y":-2},"Typ":"Meer"},{"Ort":{"x":-1,"y":3},"Typ":"Meer"},{"Ort":{"x":0,"y":0},"Zahl":11,"Typ":"Hügelland"},{"Ort":{"x":1,"y":-3},"Typ":"Meer"},{"Ort":{"x":0,"y":3},"Typ":"Meer"},{"Ort":{"x":1,"y":0},"Zahl":9,"Typ":"Hügelland"},{"Ort":{"x":2,"y":-3},"Typ":"Meer"},{"Ort":{"x":-2,"y":2},"Zahl":10,"Typ":"Ackerland"},{"Ort":{"x":3,"y":0},"Typ":"Meer"}],"Gebäude":[],"Häfen":[{"Ort":[{"x":-3,"y":2},{"x":-2,"y":1}],"Typ":"Holz Hafen"},{"Ort":[{"x":2,"y":-2},{"x":3,"y":-3}],"Typ":"Hafen"},{"Ort":[{"x":-2,"y":3},{"x":-2,"y":2}],"Typ":"Erz Hafen"},{"Ort":[{"x":2,"y":1},{"x":2,"y":0}],"Typ":"Hafen"},{"Ort":[{"x":-3,"y":0},{"x":-2,"y":0}],"Typ":"Getreide Hafen"},{"Ort":[{"x":2,"y":0},{"x":3,"y":-1}],"Typ":"Wolle Hafen"},{"Ort":[{"x":-1,"y":-2},{"x":0,"y":-2}],"Typ":"Hafen"},{"Ort":[{"x":1,"y":-2},{"x":1,"y":-3}],"Typ":"Hafen"},{"Ort":[{"x":0,"y":3},{"x":0,"y":2}],"Typ":"Lehm Hafen"}],"Räuber":{"x":0,"y":2}}}}
2017-02-12 16:19:36.838 WARN  network.client.ClientListener 249 handleMsg - Case not covered!
2017-02-12 16:19:36.838 INFO  network.client.Client 169 receiveMsg - {"Spiel gestartet":{"Karte":{"Felder":[{"Ort":{"x":-3,"y":2},"Typ":"Meer"},{"Ort":{"x":2,"y":0},"Zahl":6,"Typ":"Weideland"},{"Ort":{"x":3,"y":-3},"Typ":"Meer"},{"Ort":{"x":-2,"y":3},"Typ":"Meer"},{"Ort":{"x":-1,"y":0},"Zahl":6,"Typ":"Ackerland"},{"Ort":{"x":0,"y":-3},"Typ":"Meer"},{"Ort":{"x":2,"y":1},"Typ":"Meer"},{"Ort":{"x":-3,"y":1},"Typ":"Meer"},{"Ort":{"x":-1,"y":2},"Zahl":8,"Typ":"Gebirge"},{"Ort":{"x":0,"y":2},"Typ":"Wüste"},{"Ort":{"x":1,"y":2},"Typ":"Meer"},{"Ort":{"x":-2,"y":1},"Zahl":9,"Typ":"Weideland"},{"Ort":{"x":2,"y":-2},"Zahl":5,"Typ":"Wald"},{"Ort":{"x":-1,"y":1},"Zahl":5,"Typ":"Weideland"},{"Ort":{"x":0,"y":1},"Zahl":4,"Typ":"Wald"},{"Ort":{"x":1,"y":1},"Zahl":3,"Typ":"Gebirge"},{"Ort":{"x":-3,"y":0},"Typ":"Meer"},{"Ort":{"x":-2,"y":-1},"Typ":"Meer"},{"Ort":{"x":-1,"y":-1},"Zahl":11,"Typ":"Weideland"},{"Ort":{"x":0,"y":-1},"Zahl":3,"Typ":"Ackerland"},{"Ort":{"x":1,"y":-1},"Zahl":10,"Typ":"Hügelland"},{"Ort":{"x":2,"y":-1},"Zahl":2,"Typ":"Wald"},{"Ort":{"x":3,"y":-1},"Typ":"Meer"},{"Ort":{"x":-1,"y":-2},"Typ":"Meer"},{"Ort":{"x":0,"y":-2},"Zahl":4,"Typ":"Ackerland"},{"Ort":{"x":1,"y":-2},"Zahl":8,"Typ":"Gebirge"},{"Ort":{"x":-3,"y":3},"Typ":"Meer"},{"Ort":{"x":-2,"y":0},"Zahl":12,"Typ":"Wald"},{"Ort":{"x":3,"y":-2},"Typ":"Meer"},{"Ort":{"x":-1,"y":3},"Typ":"Meer"},{"Ort":{"x":0,"y":0},"Zahl":11,"Typ":"Hügelland"},{"Ort":{"x":1,"y":-3},"Typ":"Meer"},{"Ort":{"x":0,"y":3},"Typ":"Meer"},{"Ort":{"x":1,"y":0},"Zahl":9,"Typ":"Hügelland"},{"Ort":{"x":2,"y":-3},"Typ":"Meer"},{"Ort":{"x":-2,"y":2},"Zahl":10,"Typ":"Ackerland"},{"Ort":{"x":3,"y":0},"Typ":"Meer"}],"Gebäude":[],"Häfen":[{"Ort":[{"x":-3,"y":2},{"x":-2,"y":1}],"Typ":"Holz Hafen"},{"Ort":[{"x":2,"y":-2},{"x":3,"y":-3}],"Typ":"Hafen"},{"Ort":[{"x":-2,"y":3},{"x":-2,"y":2}],"Typ":"Erz Hafen"},{"Ort":[{"x":2,"y":1},{"x":2,"y":0}],"Typ":"Hafen"},{"Ort":[{"x":-3,"y":0},{"x":-2,"y":0}],"Typ":"Getreide Hafen"},{"Ort":[{"x":2,"y":0},{"x":3,"y":-1}],"Typ":"Wolle Hafen"},{"Ort":[{"x":-1,"y":-2},{"x":0,"y":-2}],"Typ":"Hafen"},{"Ort":[{"x":1,"y":-2},{"x":1,"y":-3}],"Typ":"Hafen"},{"Ort":[{"x":0,"y":3},{"x":0,"y":2}],"Typ":"Lehm Hafen"}],"Räuber":{"x":0,"y":2}}}}
2017-02-12 16:19:36.847 INFO  network.server.ClientThread 153 msgAll -    4 > {"Würfelwurf":{"Spieler":2,"Wurf":[5,5]}}
2017-02-12 16:19:36.848 WARN  network.client.ClientListener 249 handleMsg - Case not covered!
2017-02-12 16:19:36.848 INFO  network.client.Client 169 receiveMsg - {"Spiel gestartet":{"Karte":{"Felder":[{"Ort":{"x":-3,"y":2},"Typ":"Meer"},{"Ort":{"x":2,"y":0},"Zahl":6,"Typ":"Weideland"},{"Ort":{"x":3,"y":-3},"Typ":"Meer"},{"Ort":{"x":-2,"y":3},"Typ":"Meer"},{"Ort":{"x":-1,"y":0},"Zahl":6,"Typ":"Ackerland"},{"Ort":{"x":0,"y":-3},"Typ":"Meer"},{"Ort":{"x":2,"y":1},"Typ":"Meer"},{"Ort":{"x":-3,"y":1},"Typ":"Meer"},{"Ort":{"x":-1,"y":2},"Zahl":8,"Typ":"Gebirge"},{"Ort":{"x":0,"y":2},"Typ":"Wüste"},{"Ort":{"x":1,"y":2},"Typ":"Meer"},{"Ort":{"x":-2,"y":1},"Zahl":9,"Typ":"Weideland"},{"Ort":{"x":2,"y":-2},"Zahl":5,"Typ":"Wald"},{"Ort":{"x":-1,"y":1},"Zahl":5,"Typ":"Weideland"},{"Ort":{"x":0,"y":1},"Zahl":4,"Typ":"Wald"},{"Ort":{"x":1,"y":1},"Zahl":3,"Typ":"Gebirge"},{"Ort":{"x":-3,"y":0},"Typ":"Meer"},{"Ort":{"x":-2,"y":-1},"Typ":"Meer"},{"Ort":{"x":-1,"y":-1},"Zahl":11,"Typ":"Weideland"},{"Ort":{"x":0,"y":-1},"Zahl":3,"Typ":"Ackerland"},{"Ort":{"x":1,"y":-1},"Zahl":10,"Typ":"Hügelland"},{"Ort":{"x":2,"y":-1},"Zahl":2,"Typ":"Wald"},{"Ort":{"x":3,"y":-1},"Typ":"Meer"},{"Ort":{"x":-1,"y":-2},"Typ":"Meer"},{"Ort":{"x":0,"y":-2},"Zahl":4,"Typ":"Ackerland"},{"Ort":{"x":1,"y":-2},"Zahl":8,"Typ":"Gebirge"},{"Ort":{"x":-3,"y":3},"Typ":"Meer"},{"Ort":{"x":-2,"y":0},"Zahl":12,"Typ":"Wald"},{"Ort":{"x":3,"y":-2},"Typ":"Meer"},{"Ort":{"x":-1,"y":3},"Typ":"Meer"},{"Ort":{"x":0,"y":0},"Zahl":11,"Typ":"Hügelland"},{"Ort":{"x":1,"y":-3},"Typ":"Meer"},{"Ort":{"x":0,"y":3},"Typ":"Meer"},{"Ort":{"x":1,"y":0},"Zahl":9,"Typ":"Hügelland"},{"Ort":{"x":2,"y":-3},"Typ":"Meer"},{"Ort":{"x":-2,"y":2},"Zahl":10,"Typ":"Ackerland"},{"Ort":{"x":3,"y":0},"Typ":"Meer"}],"Gebäude":[],"Häfen":[{"Ort":[{"x":-3,"y":2},{"x":-2,"y":1}],"Typ":"Holz Hafen"},{"Ort":[{"x":2,"y":-2},{"x":3,"y":-3}],"Typ":"Hafen"},{"Ort":[{"x":-2,"y":3},{"x":-2,"y":2}],"Typ":"Erz Hafen"},{"Ort":[{"x":2,"y":1},{"x":2,"y":0}],"Typ":"Hafen"},{"Ort":[{"x":-3,"y":0},{"x":-2,"y":0}],"Typ":"Getreide Hafen"},{"Ort":[{"x":2,"y":0},{"x":3,"y":-1}],"Typ":"Wolle Hafen"},{"Ort":[{"x":-1,"y":-2},{"x":0,"y":-2}],"Typ":"Hafen"},{"Ort":[{"x":1,"y":-2},{"x":1,"y":-3}],"Typ":"Hafen"},{"Ort":[{"x":0,"y":3},{"x":0,"y":2}],"Typ":"Lehm Hafen"}],"Räuber":{"x":0,"y":2}}}}
2017-02-12 16:19:36.853 INFO  network.server.ClientThread 153 msgAll -    1 > {"Würfelwurf":{"Spieler":3,"Wurf":[6,1]}}
2017-02-12 16:19:36.860 INFO  network.server.ClientThread 153 msgAll -    2 > {"Würfelwurf":{"Spieler":3,"Wurf":[6,1]}}
2017-02-12 16:19:36.867 INFO  network.server.ClientThread 153 msgAll -    3 > {"Würfelwurf":{"Spieler":3,"Wurf":[6,1]}}
2017-02-12 16:19:36.873 INFO  network.server.ClientThread 153 msgAll -    4 > {"Würfelwurf":{"Spieler":3,"Wurf":[6,1]}}
2017-02-12 16:19:36.883 INFO  network.server.ClientThread 153 msgAll -    1 > {"Würfelwurf":{"Spieler":4,"Wurf":[5,5]}}
2017-02-12 16:19:36.893 INFO  network.server.ClientThread 153 msgAll -    2 > {"Würfelwurf":{"Spieler":4,"Wurf":[5,5]}}
2017-02-12 16:19:36.899 INFO  network.server.ClientThread 153 msgAll -    3 > {"Würfelwurf":{"Spieler":4,"Wurf":[5,5]}}
2017-02-12 16:19:36.905 INFO  network.server.ClientThread 153 msgAll -    4 > {"Würfelwurf":{"Spieler":4,"Wurf":[5,5]}}
2017-02-12 16:19:36.916 INFO  network.server.ClientThread 153 msgAll -    1 > {"Würfelwurf":{"Spieler":1,"Wurf":[5,2]}}
2017-02-12 16:19:36.920 WARN  network.client.ClientListener 249 handleMsg - Case not covered!
2017-02-12 16:19:36.920 INFO  network.client.Client 169 receiveMsg - {"Würfelwurf":{"Spieler":1,"Wurf":[1,3]}}
2017-02-12 16:19:36.921 INFO  network.server.ClientThread 153 msgAll -    2 > {"Würfelwurf":{"Spieler":1,"Wurf":[5,2]}}
2017-02-12 16:19:36.925 WARN  network.client.ClientListener 249 handleMsg - Case not covered!
2017-02-12 16:19:36.925 INFO  network.client.Client 169 receiveMsg - {"Würfelwurf":{"Spieler":1,"Wurf":[1,3]}}
2017-02-12 16:19:36.927 INFO  network.server.ClientThread 153 msgAll -    3 > {"Würfelwurf":{"Spieler":1,"Wurf":[5,2]}}
2017-02-12 16:19:36.932 WARN  network.client.ClientListener 249 handleMsg - Case not covered!
2017-02-12 16:19:36.933 INFO  network.client.Client 169 receiveMsg - {"Würfelwurf":{"Spieler":1,"Wurf":[1,3]}}
2017-02-12 16:19:36.933 INFO  network.server.ClientThread 153 msgAll -    4 > {"Würfelwurf":{"Spieler":1,"Wurf":[5,2]}}
2017-02-12 16:19:36.939 INFO  network.server.ClientThread 153 msgAll -    1 > {"Würfelwurf":{"Spieler":2,"Wurf":[3,2]}}
2017-02-12 16:19:36.946 INFO  network.server.ClientThread 153 msgAll -    2 > {"Würfelwurf":{"Spieler":2,"Wurf":[3,2]}}
2017-02-12 16:19:36.951 INFO  network.server.ClientThread 153 msgAll -    3 > {"Würfelwurf":{"Spieler":2,"Wurf":[3,2]}}
2017-02-12 16:19:36.957 INFO  network.server.ClientThread 153 msgAll -    4 > {"Würfelwurf":{"Spieler":2,"Wurf":[3,2]}}
2017-02-12 16:19:36.964 INFO  network.server.ClientThread 153 msgAll -    1 > {"Würfelwurf":{"Spieler":3,"Wurf":[4,2]}}
2017-02-12 16:19:36.970 INFO  network.server.ClientThread 153 msgAll -    2 > {"Würfelwurf":{"Spieler":3,"Wurf":[4,2]}}
2017-02-12 16:19:36.976 INFO  network.server.ClientThread 153 msgAll -    3 > {"Würfelwurf":{"Spieler":3,"Wurf":[4,2]}}
2017-02-12 16:19:36.981 INFO  network.server.ClientThread 153 msgAll -    4 > {"Würfelwurf":{"Spieler":3,"Wurf":[4,2]}}
2017-02-12 16:19:36.988 INFO  network.server.ClientThread 153 msgAll -    1 > {"Würfelwurf":{"Spieler":4,"Wurf":[5,6]}}
2017-02-12 16:19:36.994 INFO  network.server.ClientThread 153 msgAll -    2 > {"Würfelwurf":{"Spieler":4,"Wurf":[5,6]}}
2017-02-12 16:19:37.001 INFO  network.server.ClientThread 153 msgAll -    3 > {"Würfelwurf":{"Spieler":4,"Wurf":[5,6]}}
2017-02-12 16:19:37.001 WARN  network.client.ClientListener 249 handleMsg - Case not covered!
2017-02-12 16:19:37.001 INFO  network.client.Client 169 receiveMsg - {"Würfelwurf":{"Spieler":2,"Wurf":[5,5]}}
2017-02-12 16:19:37.006 INFO  network.server.ClientThread 153 msgAll -    4 > {"Würfelwurf":{"Spieler":4,"Wurf":[5,6]}}
2017-02-12 16:19:37.006 WARN  network.client.ClientListener 249 handleMsg - Case not covered!
2017-02-12 16:19:37.006 INFO  network.client.Client 169 receiveMsg - {"Würfelwurf":{"Spieler":2,"Wurf":[5,5]}}
2017-02-12 16:19:37.013 INFO  network.server.ClientThreadSequence 126 setSequence - Player sequence [4, 1, 3, 2]
2017-02-12 16:19:37.016 INFO  network.server.ClientThread 126 msgThisClient -    1 > {"Statusupdate":{"Spieler":{"Status":"Warten","Rittermacht":0,"Farbe":"Blau","Längste Handelsstraße":false,"Siegpunkte":0,"Rohstoffe":{"Getreide":0,"Wolle":0,"Holz":0,"Lehm":0,"Erz":0},"id":1,"Entwicklungskarten":{"Straßenbau":0,"Erfindung":0,"Monopol":0,"Ritter":0,"Siegpunkt":0},"Name":"KI (1)","Größte Rittermacht":false}}}
2017-02-12 16:19:37.016 INFO  network.server.ClientThread 186 msgAllButThisClient -    2 > {"Statusupdate":{"Spieler":{"Status":"Warten","Rittermacht":0,"Farbe":"Blau","Längste Handelsstraße":false,"Siegpunkte":0,"Rohstoffe":{"Unbekannt":0},"id":1,"Entwicklungskarten":{"Unbekannt":0},"Name":"KI (1)","Größte Rittermacht":false}}}
2017-02-12 16:19:37.016 WARN  network.client.ClientListener 249 handleMsg - Case not covered!
2017-02-12 16:19:37.016 INFO  network.client.Client 169 receiveMsg - {"Würfelwurf":{"Spieler":2,"Wurf":[5,5]}}
2017-02-12 16:19:37.023 INFO  network.server.ClientThread 186 msgAllButThisClient -    3 > {"Statusupdate":{"Spieler":{"Status":"Warten","Rittermacht":0,"Farbe":"Blau","Längste Handelsstraße":false,"Siegpunkte":0,"Rohstoffe":{"Unbekannt":0},"id":1,"Entwicklungskarten":{"Unbekannt":0},"Name":"KI (1)","Größte Rittermacht":false}}}
2017-02-12 16:19:37.029 INFO  network.server.ClientThread 186 msgAllButThisClient -    4 > {"Statusupdate":{"Spieler":{"Status":"Warten","Rittermacht":0,"Farbe":"Blau","Längste Handelsstraße":false,"Siegpunkte":0,"Rohstoffe":{"Unbekannt":0},"id":1,"Entwicklungskarten":{"Unbekannt":0},"Name":"KI (1)","Größte Rittermacht":false}}}
2017-02-12 16:19:37.036 INFO  network.server.ClientThread 126 msgThisClient -    2 > {"Statusupdate":{"Spieler":{"Status":"Warten","Rittermacht":0,"Farbe":"Rot","Längste Handelsstraße":false,"Siegpunkte":0,"Rohstoffe":{"Getreide":0,"Wolle":0,"Holz":0,"Lehm":0,"Erz":0},"id":2,"Entwicklungskarten":{"Straßenbau":0,"Erfindung":0,"Monopol":0,"Ritter":0,"Siegpunkt":0},"Name":"KI (2)","Größte Rittermacht":false}}}
2017-02-12 16:19:37.037 INFO  network.server.ClientThread 186 msgAllButThisClient -    1 > {"Statusupdate":{"Spieler":{"Status":"Warten","Rittermacht":0,"Farbe":"Rot","Längste Handelsstraße":false,"Siegpunkte":0,"Rohstoffe":{"Unbekannt":0},"id":2,"Entwicklungskarten":{"Unbekannt":0},"Name":"KI (2)","Größte Rittermacht":false}}}
2017-02-12 16:19:37.043 INFO  network.server.ClientThread 186 msgAllButThisClient -    3 > {"Statusupdate":{"Spieler":{"Status":"Warten","Rittermacht":0,"Farbe":"Rot","Längste Handelsstraße":false,"Siegpunkte":0,"Rohstoffe":{"Unbekannt":0},"id":2,"Entwicklungskarten":{"Unbekannt":0},"Name":"KI (2)","Größte Rittermacht":false}}}
2017-02-12 16:19:37.049 INFO  network.server.ClientThread 186 msgAllButThisClient -    4 > {"Statusupdate":{"Spieler":{"Status":"Warten","Rittermacht":0,"Farbe":"Rot","Längste Handelsstraße":false,"Siegpunkte":0,"Rohstoffe":{"Unbekannt":0},"id":2,"Entwicklungskarten":{"Unbekannt":0},"Name":"KI (2)","Größte Rittermacht":false}}}
2017-02-12 16:19:37.056 INFO  network.server.ClientThread 126 msgThisClient -    3 > {"Statusupdate":{"Spieler":{"Status":"Warten","Rittermacht":0,"Farbe":"Orange","Längste Handelsstraße":false,"Siegpunkte":0,"Rohstoffe":{"Getreide":0,"Wolle":0,"Holz":0,"Lehm":0,"Erz":0},"id":3,"Entwicklungskarten":{"Straßenbau":0,"Erfindung":0,"Monopol":0,"Ritter":0,"Siegpunkt":0},"Name":"KI (3)","Größte Rittermacht":false}}}
2017-02-12 16:19:37.056 INFO  network.server.ClientThread 186 msgAllButThisClient -    1 > {"Statusupdate":{"Spieler":{"Status":"Warten","Rittermacht":0,"Farbe":"Orange","Längste Handelsstraße":false,"Siegpunkte":0,"Rohstoffe":{"Unbekannt":0},"id":3,"Entwicklungskarten":{"Unbekannt":0},"Name":"KI (3)","Größte Rittermacht":false}}}
2017-02-12 16:19:37.063 INFO  network.server.ClientThread 186 msgAllButThisClient -    2 > {"Statusupdate":{"Spieler":{"Status":"Warten","Rittermacht":0,"Farbe":"Orange","Längste Handelsstraße":false,"Siegpunkte":0,"Rohstoffe":{"Unbekannt":0},"id":3,"Entwicklungskarten":{"Unbekannt":0},"Name":"KI (3)","Größte Rittermacht":false}}}
2017-02-12 16:19:37.069 INFO  network.server.ClientThread 186 msgAllButThisClient -    4 > {"Statusupdate":{"Spieler":{"Status":"Warten","Rittermacht":0,"Farbe":"Orange","Längste Handelsstraße":false,"Siegpunkte":0,"Rohstoffe":{"Unbekannt":0},"id":3,"Entwicklungskarten":{"Unbekannt":0},"Name":"KI (3)","Größte Rittermacht":false}}}
2017-02-12 16:19:37.076 INFO  network.server.ClientThread 126 msgThisClient -    4 > {"Statusupdate":{"Spieler":{"Status":"Dorf bauen","Rittermacht":0,"Farbe":"Weiß","Längste Handelsstraße":false,"Siegpunkte":0,"Rohstoffe":{"Getreide":0,"Wolle":0,"Holz":0,"Lehm":0,"Erz":0},"id":4,"Entwicklungskarten":{"Straßenbau":0,"Erfindung":0,"Monopol":0,"Ritter":0,"Siegpunkt":0},"Name":"sdv","Größte Rittermacht":false}}}
2017-02-12 16:19:37.076 INFO  network.server.ClientThread 186 msgAllButThisClient -    1 > {"Statusupdate":{"Spieler":{"Status":"Dorf bauen","Rittermacht":0,"Farbe":"Weiß","Längste Handelsstraße":false,"Siegpunkte":0,"Rohstoffe":{"Unbekannt":0},"id":4,"Entwicklungskarten":{"Unbekannt":0},"Name":"sdv","Größte Rittermacht":false}}}
2017-02-12 16:19:37.082 INFO  network.server.ClientThread 186 msgAllButThisClient -    2 > {"Statusupdate":{"Spieler":{"Status":"Dorf bauen","Rittermacht":0,"Farbe":"Weiß","Längste Handelsstraße":false,"Siegpunkte":0,"Rohstoffe":{"Unbekannt":0},"id":4,"Entwicklungskarten":{"Unbekannt":0},"Name":"sdv","Größte Rittermacht":false}}}
2017-02-12 16:19:37.084 WARN  network.client.ClientListener 249 handleMsg - Case not covered!
2017-02-12 16:19:37.084 INFO  network.client.Client 169 receiveMsg - {"Würfelwurf":{"Spieler":3,"Wurf":[6,1]}}
2017-02-12 16:19:37.087 INFO  network.server.ClientThread 186 msgAllButThisClient -    3 > {"Statusupdate":{"Spieler":{"Status":"Dorf bauen","Rittermacht":0,"Farbe":"Weiß","Längste Handelsstraße":false,"Siegpunkte":0,"Rohstoffe":{"Unbekannt":0},"id":4,"Entwicklungskarten":{"Unbekannt":0},"Name":"sdv","Größte Rittermacht":false}}}
2017-02-12 16:19:37.091 WARN  network.client.ClientListener 249 handleMsg - Case not covered!
2017-02-12 16:19:37.091 INFO  network.client.Client 169 receiveMsg - {"Würfelwurf":{"Spieler":3,"Wurf":[6,1]}}
2017-02-12 16:19:37.100 WARN  network.client.ClientListener 249 handleMsg - Case not covered!
2017-02-12 16:19:37.100 INFO  network.client.Client 169 receiveMsg - {"Würfelwurf":{"Spieler":3,"Wurf":[6,1]}}
2017-02-12 16:19:37.167 WARN  network.client.ClientListener 249 handleMsg - Case not covered!
2017-02-12 16:19:37.167 INFO  network.client.Client 169 receiveMsg - {"Würfelwurf":{"Spieler":4,"Wurf":[5,5]}}
2017-02-12 16:19:37.175 WARN  network.client.ClientListener 249 handleMsg - Case not covered!
2017-02-12 16:19:37.175 INFO  network.client.Client 169 receiveMsg - {"Würfelwurf":{"Spieler":4,"Wurf":[5,5]}}
2017-02-12 16:19:37.180 WARN  network.client.ClientListener 249 handleMsg - Case not covered!
2017-02-12 16:19:37.181 INFO  network.client.Client 169 receiveMsg - {"Würfelwurf":{"Spieler":4,"Wurf":[5,5]}}
2017-02-12 16:19:37.251 WARN  network.client.ClientListener 249 handleMsg - Case not covered!
2017-02-12 16:19:37.252 INFO  network.client.Client 169 receiveMsg - {"Würfelwurf":{"Spieler":1,"Wurf":[5,2]}}
2017-02-12 16:19:37.259 WARN  network.client.ClientListener 249 handleMsg - Case not covered!
2017-02-12 16:19:37.259 INFO  network.client.Client 169 receiveMsg - {"Würfelwurf":{"Spieler":1,"Wurf":[5,2]}}
2017-02-12 16:19:37.265 WARN  network.client.ClientListener 249 handleMsg - Case not covered!
2017-02-12 16:19:37.265 INFO  network.client.Client 169 receiveMsg - {"Würfelwurf":{"Spieler":1,"Wurf":[5,2]}}
2017-02-12 16:19:37.334 WARN  network.client.ClientListener 249 handleMsg - Case not covered!
2017-02-12 16:19:37.334 INFO  network.client.Client 169 receiveMsg - {"Würfelwurf":{"Spieler":2,"Wurf":[3,2]}}
2017-02-12 16:19:37.339 WARN  network.client.ClientListener 249 handleMsg - Case not covered!
2017-02-12 16:19:37.339 INFO  network.client.Client 169 receiveMsg - {"Würfelwurf":{"Spieler":2,"Wurf":[3,2]}}
2017-02-12 16:19:37.349 WARN  network.client.ClientListener 249 handleMsg - Case not covered!
2017-02-12 16:19:37.350 INFO  network.client.Client 169 receiveMsg - {"Würfelwurf":{"Spieler":2,"Wurf":[3,2]}}
2017-02-12 16:19:37.416 WARN  network.client.ClientListener 249 handleMsg - Case not covered!
2017-02-12 16:19:37.416 INFO  network.client.Client 169 receiveMsg - {"Würfelwurf":{"Spieler":3,"Wurf":[4,2]}}
2017-02-12 16:19:37.420 WARN  network.client.ClientListener 249 handleMsg - Case not covered!
2017-02-12 16:19:37.420 INFO  network.client.Client 169 receiveMsg - {"Würfelwurf":{"Spieler":3,"Wurf":[4,2]}}
2017-02-12 16:19:37.433 WARN  network.client.ClientListener 249 handleMsg - Case not covered!
2017-02-12 16:19:37.433 INFO  network.client.Client 169 receiveMsg - {"Würfelwurf":{"Spieler":3,"Wurf":[4,2]}}
2017-02-12 16:19:37.499 WARN  network.client.ClientListener 249 handleMsg - Case not covered!
2017-02-12 16:19:37.499 INFO  network.client.Client 169 receiveMsg - {"Würfelwurf":{"Spieler":4,"Wurf":[5,6]}}
2017-02-12 16:19:37.504 WARN  network.client.ClientListener 249 handleMsg - Case not covered!
2017-02-12 16:19:37.504 INFO  network.client.Client 169 receiveMsg - {"Würfelwurf":{"Spieler":4,"Wurf":[5,6]}}
2017-02-12 16:19:37.514 WARN  network.client.ClientListener 249 handleMsg - Case not covered!
2017-02-12 16:19:37.515 INFO  network.client.Client 169 receiveMsg - {"Würfelwurf":{"Spieler":4,"Wurf":[5,6]}}
2017-02-12 16:19:37.584 WARN  network.client.ClientListener 766 internalAi - Case not covered!
2017-02-12 16:19:37.584 INFO  network.client.Client 169 receiveMsg - {"Statusupdate":{"Spieler":{"Status":"Warten","Rittermacht":0,"Farbe":"Blau","Längste Handelsstraße":false,"Siegpunkte":0,"Rohstoffe":{"Getreide":0,"Wolle":0,"Holz":0,"Lehm":0,"Erz":0},"id":1,"Entwicklungskarten":{"Straßenbau":0,"Erfindung":0,"Monopol":0,"Ritter":0,"Siegpunkt":0},"Name":"KI (1)","Größte Rittermacht":false}}}
2017-02-12 16:19:37.587 WARN  network.client.ClientListener 766 internalAi - Case not covered!
2017-02-12 16:19:37.587 INFO  network.client.Client 169 receiveMsg - {"Statusupdate":{"Spieler":{"Status":"Warten","Rittermacht":0,"Farbe":"Blau","Längste Handelsstraße":false,"Siegpunkte":0,"Rohstoffe":{"Unbekannt":0},"id":1,"Entwicklungskarten":{"Unbekannt":0},"Name":"KI (1)","Größte Rittermacht":false}}}
2017-02-12 16:19:37.598 WARN  network.client.ClientListener 766 internalAi - Case not covered!
2017-02-12 16:19:37.598 INFO  network.client.Client 169 receiveMsg - {"Statusupdate":{"Spieler":{"Status":"Warten","Rittermacht":0,"Farbe":"Blau","Längste Handelsstraße":false,"Siegpunkte":0,"Rohstoffe":{"Unbekannt":0},"id":1,"Entwicklungskarten":{"Unbekannt":0},"Name":"KI (1)","Größte Rittermacht":false}}}
2017-02-12 16:19:37.666 WARN  network.client.ClientListener 766 internalAi - Case not covered!
2017-02-12 16:19:37.666 INFO  network.client.Client 169 receiveMsg - {"Statusupdate":{"Spieler":{"Status":"Warten","Rittermacht":0,"Farbe":"Rot","Längste Handelsstraße":false,"Siegpunkte":0,"Rohstoffe":{"Unbekannt":0},"id":2,"Entwicklungskarten":{"Unbekannt":0},"Name":"KI (2)","Größte Rittermacht":false}}}
2017-02-12 16:19:37.670 WARN  network.client.ClientListener 766 internalAi - Case not covered!
2017-02-12 16:19:37.670 INFO  network.client.Client 169 receiveMsg - {"Statusupdate":{"Spieler":{"Status":"Warten","Rittermacht":0,"Farbe":"Rot","Längste Handelsstraße":false,"Siegpunkte":0,"Rohstoffe":{"Getreide":0,"Wolle":0,"Holz":0,"Lehm":0,"Erz":0},"id":2,"Entwicklungskarten":{"Straßenbau":0,"Erfindung":0,"Monopol":0,"Ritter":0,"Siegpunkt":0},"Name":"KI (2)","Größte Rittermacht":false}}}
2017-02-12 16:19:37.680 WARN  network.client.ClientListener 766 internalAi - Case not covered!
2017-02-12 16:19:37.680 INFO  network.client.Client 169 receiveMsg - {"Statusupdate":{"Spieler":{"Status":"Warten","Rittermacht":0,"Farbe":"Rot","Längste Handelsstraße":false,"Siegpunkte":0,"Rohstoffe":{"Unbekannt":0},"id":2,"Entwicklungskarten":{"Unbekannt":0},"Name":"KI (2)","Größte Rittermacht":false}}}
2017-02-12 16:19:37.751 WARN  network.client.ClientListener 766 internalAi - Case not covered!
2017-02-12 16:19:37.752 INFO  network.client.Client 169 receiveMsg - {"Statusupdate":{"Spieler":{"Status":"Warten","Rittermacht":0,"Farbe":"Orange","Längste Handelsstraße":false,"Siegpunkte":0,"Rohstoffe":{"Unbekannt":0},"id":3,"Entwicklungskarten":{"Unbekannt":0},"Name":"KI (3)","Größte Rittermacht":false}}}
2017-02-12 16:19:37.755 WARN  network.client.ClientListener 766 internalAi - Case not covered!
2017-02-12 16:19:37.755 INFO  network.client.Client 169 receiveMsg - {"Statusupdate":{"Spieler":{"Status":"Warten","Rittermacht":0,"Farbe":"Orange","Längste Handelsstraße":false,"Siegpunkte":0,"Rohstoffe":{"Unbekannt":0},"id":3,"Entwicklungskarten":{"Unbekannt":0},"Name":"KI (3)","Größte Rittermacht":false}}}
2017-02-12 16:19:37.760 WARN  network.client.ClientListener 766 internalAi - Case not covered!
2017-02-12 16:19:37.761 INFO  network.client.Client 169 receiveMsg - {"Statusupdate":{"Spieler":{"Status":"Warten","Rittermacht":0,"Farbe":"Orange","Längste Handelsstraße":false,"Siegpunkte":0,"Rohstoffe":{"Getreide":0,"Wolle":0,"Holz":0,"Lehm":0,"Erz":0},"id":3,"Entwicklungskarten":{"Straßenbau":0,"Erfindung":0,"Monopol":0,"Ritter":0,"Siegpunkt":0},"Name":"KI (3)","Größte Rittermacht":false}}}
2017-02-12 16:19:37.833 INFO  network.client.Client 169 receiveMsg - {"Statusupdate":{"Spieler":{"Status":"Dorf bauen","Rittermacht":0,"Farbe":"Weiß","Längste Handelsstraße":false,"Siegpunkte":0,"Rohstoffe":{"Unbekannt":0},"id":4,"Entwicklungskarten":{"Unbekannt":0},"Name":"sdv","Größte Rittermacht":false}}}
2017-02-12 16:19:37.837 INFO  network.client.Client 169 receiveMsg - {"Statusupdate":{"Spieler":{"Status":"Dorf bauen","Rittermacht":0,"Farbe":"Weiß","Längste Handelsstraße":false,"Siegpunkte":0,"Rohstoffe":{"Unbekannt":0},"id":4,"Entwicklungskarten":{"Unbekannt":0},"Name":"sdv","Größte Rittermacht":false}}}
2017-02-12 16:19:37.845 INFO  network.client.Client 169 receiveMsg - {"Statusupdate":{"Spieler":{"Status":"Dorf bauen","Rittermacht":0,"Farbe":"Weiß","Längste Handelsstraße":false,"Siegpunkte":0,"Rohstoffe":{"Unbekannt":0},"id":4,"Entwicklungskarten":{"Unbekannt":0},"Name":"sdv","Größte Rittermacht":false}}}
2017-02-12 16:20:04.391 WARN  network.server.ClientThread 64 run - Lost connection.
2017-02-12 16:20:04.393 INFO  network.server.ClientThread 186 msgAllButThisClient -    1 > {"Statusupdate":{"Spieler":{"Status":"Verbindung verloren","Rittermacht":0,"Farbe":"Weiß","Längste Handelsstraße":false,"Siegpunkte":0,"Rohstoffe":{"Getreide":0,"Wolle":0,"Holz":0,"Lehm":0,"Erz":0},"id":4,"Entwicklungskarten":{"Straßenbau":0,"Erfindung":0,"Monopol":0,"Ritter":0,"Siegpunkt":0},"Name":"sdv","Größte Rittermacht":false}}}
2017-02-12 16:20:04.393 WARN  network.client.ClientListener 766 internalAi - Case not covered!
2017-02-12 16:20:04.393 INFO  network.client.Client 169 receiveMsg - {"Statusupdate":{"Spieler":{"Status":"Verbindung verloren","Rittermacht":0,"Farbe":"Weiß","Längste Handelsstraße":false,"Siegpunkte":0,"Rohstoffe":{"Getreide":0,"Wolle":0,"Holz":0,"Lehm":0,"Erz":0},"id":4,"Entwicklungskarten":{"Straßenbau":0,"Erfindung":0,"Monopol":0,"Ritter":0,"Siegpunkt":0},"Name":"sdv","Größte Rittermacht":false}}}
2017-02-12 16:20:04.399 INFO  network.server.ClientThread 186 msgAllButThisClient -    2 > {"Statusupdate":{"Spieler":{"Status":"Verbindung verloren","Rittermacht":0,"Farbe":"Weiß","Längste Handelsstraße":false,"Siegpunkte":0,"Rohstoffe":{"Getreide":0,"Wolle":0,"Holz":0,"Lehm":0,"Erz":0},"id":4,"Entwicklungskarten":{"Straßenbau":0,"Erfindung":0,"Monopol":0,"Ritter":0,"Siegpunkt":0},"Name":"sdv","Größte Rittermacht":false}}}
2017-02-12 16:20:04.399 WARN  network.client.ClientListener 766 internalAi - Case not covered!
2017-02-12 16:20:04.399 INFO  network.client.Client 169 receiveMsg - {"Statusupdate":{"Spieler":{"Status":"Verbindung verloren","Rittermacht":0,"Farbe":"Weiß","Längste Handelsstraße":false,"Siegpunkte":0,"Rohstoffe":{"Getreide":0,"Wolle":0,"Holz":0,"Lehm":0,"Erz":0},"id":4,"Entwicklungskarten":{"Straßenbau":0,"Erfindung":0,"Monopol":0,"Ritter":0,"Siegpunkt":0},"Name":"sdv","Größte Rittermacht":false}}}
2017-02-12 16:20:04.405 INFO  network.server.ClientThread 186 msgAllButThisClient -    3 > {"Statusupdate":{"Spieler":{"Status":"Verbindung verloren","Rittermacht":0,"Farbe":"Weiß","Längste Handelsstraße":false,"Siegpunkte":0,"Rohstoffe":{"Getreide":0,"Wolle":0,"Holz":0,"Lehm":0,"Erz":0},"id":4,"Entwicklungskarten":{"Straßenbau":0,"Erfindung":0,"Monopol":0,"Ritter":0,"Siegpunkt":0},"Name":"sdv","Größte Rittermacht":false}}}
2017-02-12 16:20:04.405 WARN  network.client.ClientListener 766 internalAi - Case not covered!
2017-02-12 16:20:04.406 INFO  network.client.Client 169 receiveMsg - {"Statusupdate":{"Spieler":{"Status":"Verbindung verloren","Rittermacht":0,"Farbe":"Weiß","Längste Handelsstraße":false,"Siegpunkte":0,"Rohstoffe":{"Getreide":0,"Wolle":0,"Holz":0,"Lehm":0,"Erz":0},"id":4,"Entwicklungskarten":{"Straßenbau":0,"Erfindung":0,"Monopol":0,"Ritter":0,"Siegpunkt":0},"Name":"sdv","Größte Rittermacht":false}}}
2017-02-12 16:20:04.411 INFO  network.server.ClientThread 186 msgAllButThisClient -    1 > {"Spiel beendet":{"Nachricht":"Verbindung zu einem Spieler verloren","Sieger":-1}}
2017-02-12 16:20:04.417 INFO  network.server.ClientThread 186 msgAllButThisClient -    2 > {"Spiel beendet":{"Nachricht":"Verbindung zu einem Spieler verloren","Sieger":-1}}
2017-02-12 16:20:04.422 INFO  network.server.ClientThread 186 msgAllButThisClient -    3 > {"Spiel beendet":{"Nachricht":"Verbindung zu einem Spieler verloren","Sieger":-1}}
2017-02-12 16:20:04.428 TRACE network.server.ClientThread 100 disconnect - Enter
2017-02-12 16:20:04.476 TRACE network.client.ClientListener 1036 endGame - Enter
2017-02-12 16:20:04.477 INFO  network.client.Client 169 receiveMsg - {"Spiel beendet":{"Nachricht":"Verbindung zu einem Spieler verloren","Sieger":-1}}
2017-02-12 16:20:04.480 TRACE network.client.ClientListener 1036 endGame - Enter
2017-02-12 16:20:04.480 INFO  network.client.Client 169 receiveMsg - {"Spiel beendet":{"Nachricht":"Verbindung zu einem Spieler verloren","Sieger":-1}}
2017-02-12 16:20:04.489 TRACE network.client.ClientListener 1036 endGame - Enter
2017-02-12 16:20:04.489 INFO  network.client.Client 169 receiveMsg - {"Spiel beendet":{"Nachricht":"Verbindung zu einem Spieler verloren","Sieger":-1}}
