2017-10-24 13:18:24.554 DEBUG controller.Register 159 setViewStartServerController - view.startServer.Controller@151119b4
2017-10-24 13:18:24.555 DEBUG controller.Register 199 setRelevantTextArea - 2
2017-10-24 13:18:35.394 DEBUG controller.Register 105 setNtwrkServer - network.server.Server@7378d512
2017-10-24 13:18:35.396 INFO  controller.Controller 28 <init> - controller.Controller@6a04a0c4
2017-10-24 13:18:35.396 DEBUG controller.Register 60 setController - controller.Controller@6a04a0c4
2017-10-24 13:18:35.408 TRACE controller.Controller 151 setBoard - Enter
2017-10-24 13:18:35.428 INFO  controller.Controller 46 setManagement - model.Management@1d667616
2017-10-24 13:18:43.745 DEBUG controller.Register 105 setNtwrkServer - null
2017-10-24 13:18:43.746 DEBUG controller.Register 105 setNtwrkServer - network.server.Server@113b95c1
2017-10-24 13:18:43.746 INFO  controller.Controller 28 <init> - controller.Controller@4124bdaf
2017-10-24 13:18:43.746 DEBUG controller.Register 60 setController - controller.Controller@4124bdaf
2017-10-24 13:18:43.747 TRACE controller.Controller 151 setBoard - Enter
2017-10-24 13:18:43.751 INFO  controller.Controller 46 setManagement - model.Management@4ab8fd16
2017-10-24 13:18:44.861 DEBUG controller.Register 159 setViewStartServerController - view.startServer.Controller@20587d4b
2017-10-24 13:18:44.861 DEBUG controller.Register 199 setRelevantTextArea - 2
2017-10-24 13:18:44.862 DEBUG controller.Register 105 setNtwrkServer - null
2017-10-24 13:18:44.977 TRACE controller.Controller 180 initCustomisedBoard - Enter
2017-10-24 13:18:44.984 INFO  controller.Controller 46 setManagement - model.Management@277fb1b3
2017-10-24 13:18:44.984 INFO  controller.Controller 132 setSequence - 1, KI (1), BLUE, WAIT
2017-10-24 13:18:44.984 INFO  controller.Controller 132 setSequence - 2, KI (2), RED, WAIT_FOR_GAME_START
2017-10-24 13:18:44.984 INFO  controller.Controller 132 setSequence - 3, KI (3), ORANGE, WAIT_FOR_GAME_START
2017-10-24 13:18:45.064 TRACE controller.Controller 180 initCustomisedBoard - Enter
2017-10-24 13:18:45.069 INFO  controller.Controller 46 setManagement - model.Management@19938e00
2017-10-24 13:18:45.069 INFO  controller.Controller 132 setSequence - 2, KI (2), RED, WAIT_FOR_GAME_START
2017-10-24 13:18:45.069 INFO  controller.Controller 132 setSequence - 1, KI (1), BLUE, WAIT
2017-10-24 13:18:45.069 INFO  controller.Controller 132 setSequence - 3, KI (3), ORANGE, WAIT_FOR_GAME_START
2017-10-24 13:18:45.149 TRACE controller.Controller 180 initCustomisedBoard - Enter
2017-10-24 13:18:45.156 INFO  controller.Controller 46 setManagement - model.Management@203db5e3
2017-10-24 13:18:45.156 INFO  controller.Controller 132 setSequence - 3, KI (3), ORANGE, WAIT_FOR_GAME_START
2017-10-24 13:18:45.156 INFO  controller.Controller 132 setSequence - 1, KI (1), BLUE, WAIT
2017-10-24 13:18:45.156 INFO  controller.Controller 132 setSequence - 2, KI (2), RED, WAIT_FOR_GAME_START
2017-10-24 13:18:47.004 DEBUG controller.Register 159 setViewStartServerController - view.startServer.Controller@6f930ff7
2017-10-24 13:18:47.004 DEBUG controller.Register 199 setRelevantTextArea - 2
2017-10-24 13:18:53.137 DEBUG controller.Register 105 setNtwrkServer - network.server.Server@1d7e4cf6
2017-10-24 13:18:53.143 INFO  controller.Controller 28 <init> - controller.Controller@4a851973
2017-10-24 13:18:53.143 DEBUG controller.Register 60 setController - controller.Controller@4a851973
2017-10-24 13:18:53.144 TRACE controller.Controller 151 setBoard - Enter
2017-10-24 13:18:53.146 INFO  controller.Controller 46 setManagement - model.Management@125e5ed
