2017-02-12 16:31:45.303 INFO  model.board.RandomBoard 129 setNumberTokensRandom - 
 outerTerrains :
{{20}=model.board.Field@3584d01f, {13}=model.board.Field@52197096, {6}=model.board.Mountain@4c6f7850, {7}=model.board.Forest@2c1a4e29, {10}=model.board.Hill@3f8d779d, {31}=model.board.Mountain@26092d3a, {23}=model.board.Mountain@11937c53, {26}=model.board.Hill@6f86134e, {29}=model.board.Pasture@3be3b0bc, {30}=model.board.Pasture@54ec2a07, {5}=model.board.Desert@5e17b52d}
2017-02-12 16:31:45.306 INFO  model.board.Board 262 printBoardIDs - 
  null  null  null   {0}   {1}   {2}   {3}
  null  null   {4}   {5}   {6}   {7}   {8}
  null   {9}  {10}  {11}  {12}  {13}  {14}
  {15}  {16}  {17}  {18}  {19}  {20}  {21}
  {22}  {23}  {24}  {25}  {26}  {27}  null
  {28}  {29}  {30}  {31}  {32}  null  null
  {33}  {34}  {35}  {36}  null  null  null

2017-02-12 16:31:45.307 INFO  model.board.Board 339 printNumberTokens - 
  null  null  null  null  null  null  null
  null  null  null     0     4    11  null
  null  null     8     3     6    12  null
  null     5    10    11     5     9  null
  null     2     9     4    10  null  null
  null     6     3     8  null  null  null
  null  null  null  null  null  null  null

2017-02-12 16:31:45.310 INFO  model.board.Board 280 printBoardSpecialCo - 
(     )(     )(     )( 0,-3)( 1,-3)( 2,-3)( 3,-3)
(     )(     )(-1,-2)( 0,-2)( 1,-2)( 2,-2)( 3,-2)
(     )(-2,-1)(-1,-1)( 0,-1)( 1,-1)( 2,-1)( 3,-1)
(-3, 0)(-2, 0)(-1, 0)( 0, 0)( 1, 0)( 2, 0)( 3, 0)
(-3, 1)(-2, 1)(-1, 1)( 0, 1)( 1, 1)( 2, 1)(     )
(-3, 2)(-2, 2)(-1, 2)( 0, 2)( 1, 2)(     )(     )
(-3, 3)(-2, 3)(-1, 3)( 0, 3)(     )(     )(     )

2017-02-12 16:31:45.312 INFO  model.board.Board 300 printTileNeighbors - 
Row: 0
                          null : 
                          null : 
                          null : 
       model.board.Sea@154d1c2 : [model.board.Sea@2714f704, model.board.Desert@5e17b52d, model.board.Sea@129d4df3]
      model.board.Sea@2714f704 : [model.board.Mountain@4c6f7850, model.board.Desert@5e17b52d, model.board.Sea@154d1c2, model.board.Sea@71403c50]
      model.board.Sea@71403c50 : [model.board.Sea@2714f704, model.board.Forest@2c1a4e29, model.board.Mountain@4c6f7850, model.board.Sea@56bd397b]
      model.board.Sea@56bd397b : [model.board.Sea@5611587f, model.board.Forest@2c1a4e29, model.board.Sea@71403c50]
Row: 1
                          null : 
                          null : 
      model.board.Sea@129d4df3 : [model.board.Desert@5e17b52d, model.board.Hill@3f8d779d, model.board.Sea@2e9b659b, model.board.Sea@154d1c2]
   model.board.Desert@5e17b52d : [model.board.Sea@2714f704, model.board.Mountain@4c6f7850, model.board.Forest@5ec96ea4, model.board.Hill@3f8d779d, model.board.Sea@129d4df3, model.board.Sea@154d1c2]
 model.board.Mountain@4c6f7850 : [model.board.Sea@2714f704, model.board.Forest@2c1a4e29, model.board.Forest@6180f2e7, model.board.Forest@5ec96ea4, model.board.Desert@5e17b52d, model.board.Sea@71403c50]
   model.board.Forest@2c1a4e29 : [model.board.Sea@5611587f, model.board.Field@52197096, model.board.Forest@6180f2e7, model.board.Mountain@4c6f7850, model.board.Sea@71403c50, model.board.Sea@56bd397b]
      model.board.Sea@5611587f : [model.board.Sea@3d0e8c08, model.board.Field@52197096, model.board.Forest@2c1a4e29, model.board.Sea@56bd397b]
Row: 2
                          null : 
      model.board.Sea@2e9b659b : [model.board.Sea@129d4df3, model.board.Hill@3f8d779d, model.board.Sea@48cc818f, model.board.Pasture@5d657a7c]
     model.board.Hill@3f8d779d : [model.board.Field@3b14acfd, model.board.Sea@129d4df3, model.board.Desert@5e17b52d, model.board.Forest@5ec96ea4, model.board.Sea@2e9b659b, model.board.Pasture@5d657a7c]
   model.board.Forest@5ec96ea4 : [model.board.Field@3b14acfd, model.board.Desert@5e17b52d, model.board.Mountain@4c6f7850, model.board.Forest@6180f2e7, model.board.Hill@3f8d779d, model.board.Pasture@7233095b]
   model.board.Forest@6180f2e7 : [model.board.Mountain@4c6f7850, model.board.Forest@2c1a4e29, model.board.Field@52197096, model.board.Forest@5ec96ea4, model.board.Pasture@7233095b, model.board.Forest@5edf3e6b]
    model.board.Field@52197096 : [model.board.Forest@2c1a4e29, model.board.Sea@5611587f, model.board.Sea@3d0e8c08, model.board.Field@3584d01f, model.board.Forest@6180f2e7, model.board.Forest@5edf3e6b]
      model.board.Sea@3d0e8c08 : [model.board.Sea@5611587f, model.board.Sea@281f1956, model.board.Field@3584d01f, model.board.Field@52197096]
Row: 3
      model.board.Sea@48cc818f : [model.board.Sea@2e9b659b, model.board.Sea@36f22bec, model.board.Pasture@5d657a7c]
  model.board.Pasture@5d657a7c : [model.board.Field@3b14acfd, model.board.Sea@2e9b659b, model.board.Hill@3f8d779d, model.board.Mountain@11937c53, model.board.Sea@36f22bec, model.board.Sea@48cc818f]
    model.board.Field@3b14acfd : [model.board.Hill@3f8d779d, model.board.Forest@5ec96ea4, model.board.Hill@5c6195b8, model.board.Mountain@11937c53, model.board.Pasture@5d657a7c, model.board.Pasture@7233095b]
  model.board.Pasture@7233095b : [model.board.Field@3b14acfd, model.board.Forest@5ec96ea4, model.board.Forest@6180f2e7, model.board.Field@7bead439, model.board.Hill@5c6195b8, model.board.Forest@5edf3e6b]
   model.board.Forest@5edf3e6b : [model.board.Forest@6180f2e7, model.board.Field@52197096, model.board.Field@3584d01f, model.board.Hill@6f86134e, model.board.Field@7bead439, model.board.Pasture@7233095b]
    model.board.Field@3584d01f : [model.board.Field@52197096, model.board.Sea@3d0e8c08, model.board.Sea@281f1956, model.board.Sea@2befb7bb, model.board.Hill@6f86134e, model.board.Forest@5edf3e6b]
      model.board.Sea@281f1956 : [model.board.Sea@3d0e8c08, model.board.Sea@2befb7bb, model.board.Field@3584d01f]
Row: 4
      model.board.Sea@36f22bec : [model.board.Sea@48cc818f, model.board.Mountain@11937c53, model.board.Sea@c655461, model.board.Pasture@5d657a7c]
 model.board.Mountain@11937c53 : [model.board.Field@3b14acfd, model.board.Hill@5c6195b8, model.board.Pasture@3be3b0bc, model.board.Sea@c655461, model.board.Sea@36f22bec, model.board.Pasture@5d657a7c]
     model.board.Hill@5c6195b8 : [model.board.Field@3b14acfd, model.board.Field@7bead439, model.board.Pasture@54ec2a07, model.board.Pasture@3be3b0bc, model.board.Mountain@11937c53, model.board.Pasture@7233095b]
    model.board.Field@7bead439 : [model.board.Hill@6f86134e, model.board.Mountain@26092d3a, model.board.Pasture@54ec2a07, model.board.Hill@5c6195b8, model.board.Pasture@7233095b, model.board.Forest@5edf3e6b]
     model.board.Hill@6f86134e : [model.board.Field@3584d01f, model.board.Sea@2befb7bb, model.board.Mountain@26092d3a, model.board.Field@7bead439, model.board.Sea@5cf9cc00, model.board.Forest@5edf3e6b]
      model.board.Sea@2befb7bb : [model.board.Field@3584d01f, model.board.Sea@281f1956, model.board.Hill@6f86134e, model.board.Sea@5cf9cc00]
                          null : 
Row: 5
       model.board.Sea@c655461 : [model.board.Sea@711f90ba, model.board.Sea@36f22bec, model.board.Mountain@11937c53, model.board.Pasture@3be3b0bc]
  model.board.Pasture@3be3b0bc : [model.board.Sea@711f90ba, model.board.Mountain@11937c53, model.board.Hill@5c6195b8, model.board.Pasture@54ec2a07, model.board.Sea@c655461, model.board.Sea@271bb34d]
  model.board.Pasture@54ec2a07 : [model.board.Hill@5c6195b8, model.board.Field@7bead439, model.board.Mountain@26092d3a, model.board.Pasture@3be3b0bc, model.board.Sea@271bb34d, model.board.Sea@1fb3d93]
 model.board.Mountain@26092d3a : [model.board.Field@7bead439, model.board.Hill@6f86134e, model.board.Sea@13f07860, model.board.Pasture@54ec2a07, model.board.Sea@5cf9cc00, model.board.Sea@1fb3d93]
      model.board.Sea@5cf9cc00 : [model.board.Hill@6f86134e, model.board.Sea@2befb7bb, model.board.Sea@13f07860, model.board.Mountain@26092d3a]
                          null : 
                          null : 
Row: 6
      model.board.Sea@711f90ba : [model.board.Sea@c655461, model.board.Pasture@3be3b0bc, model.board.Sea@271bb34d]
      model.board.Sea@271bb34d : [model.board.Sea@711f90ba, model.board.Pasture@3be3b0bc, model.board.Pasture@54ec2a07, model.board.Sea@1fb3d93]
       model.board.Sea@1fb3d93 : [model.board.Pasture@54ec2a07, model.board.Mountain@26092d3a, model.board.Sea@13f07860, model.board.Sea@271bb34d]
      model.board.Sea@13f07860 : [model.board.Mountain@26092d3a, model.board.Sea@5cf9cc00, model.board.Sea@1fb3d93]
                          null : 
                          null : 
                          null : 

2017-02-12 16:31:45.314 INFO  model.board.Board 321 printPorts - 
         {4} : WOOL
        {36} : GENERIC
         {1} : BRICK
        {14} : GENERIC
        {15} : GRAIN
        {27} : GENERIC
        {28} : LUMBER
        {34} : ORE
         {3} : GENERIC

{22, 23, 28} : LUMBER
{15, 16, 22} : GRAIN
   {1, 2, 6} : BRICK
   {1, 5, 6} : BRICK
  {4, 9, 10} : WOOL
{13, 14, 20} : GENERIC
{20, 26, 27} : GENERIC
{31, 32, 36} : GENERIC
{31, 35, 36} : GENERIC
{23, 28, 29} : LUMBER
 {9, 15, 16} : GRAIN
{26, 27, 32} : GENERIC
{29, 33, 34} : ORE
{29, 30, 34} : ORE
   {3, 7, 8} : GENERIC
   {2, 3, 7} : GENERIC
  {4, 5, 10} : WOOL
{14, 20, 21} : GENERIC

2017-02-12 16:31:45.345 TRACE model.players.Ai 33 <init> - Enter model.players.Ai@2cc9e408
2017-02-12 16:31:45.347 DEBUG model.players.Player 62 printPlayer - model.players.Ai@2cc9e408
id        1         color     NULL      name                status    null      
vp        0         road      false     army      false     
dev       0         dice      0         
res       0         lumber    0         brick     0         grain     0         wool      0         ore       0         
dev       []
dev BLOCK []
Harbors   []
Roads          left      15        built     []
Settlements    left      5         built     []
Cities         left      4         built     []
2017-02-12 16:31:45.347 DEBUG model.players.Player 62 printPlayer - model.players.Ai@2cc9e408
id        1         color     NULL      name                status    START_GAME
vp        0         road      false     army      false     
dev       0         dice      0         
res       0         lumber    0         brick     0         grain     0         wool      0         ore       0         
dev       []
dev BLOCK []
Harbors   []
Roads          left      15        built     []
Settlements    left      5         built     []
Cities         left      4         built     []
2017-02-12 16:31:45.415 TRACE model.players.Ai 33 <init> - Enter model.players.Ai@11193762
2017-02-12 16:31:45.416 DEBUG model.players.Player 62 printPlayer - model.players.Ai@11193762
id        2         color     NULL      name                status    null      
vp        0         road      false     army      false     
dev       0         dice      0         
res       0         lumber    0         brick     0         grain     0         wool      0         ore       0         
dev       []
dev BLOCK []
Harbors   []
Roads          left      15        built     []
Settlements    left      5         built     []
Cities         left      4         built     []
2017-02-12 16:31:45.417 DEBUG model.players.Player 62 printPlayer - model.players.Ai@11193762
id        2         color     NULL      name                status    START_GAME
vp        0         road      false     army      false     
dev       0         dice      0         
res       0         lumber    0         brick     0         grain     0         wool      0         ore       0         
dev       []
dev BLOCK []
Harbors   []
Roads          left      15        built     []
Settlements    left      5         built     []
Cities         left      4         built     []
2017-02-12 16:31:45.497 TRACE model.players.Ai 33 <init> - Enter model.players.Ai@6742b167
2017-02-12 16:31:45.498 DEBUG model.players.Player 62 printPlayer - model.players.Ai@6742b167
id        3         color     NULL      name                status    null      
vp        0         road      false     army      false     
dev       0         dice      0         
res       0         lumber    0         brick     0         grain     0         wool      0         ore       0         
dev       []
dev BLOCK []
Harbors   []
Roads          left      15        built     []
Settlements    left      5         built     []
Cities         left      4         built     []
2017-02-12 16:31:45.498 DEBUG model.players.Player 62 printPlayer - model.players.Ai@6742b167
id        3         color     NULL      name                status    START_GAME
vp        0         road      false     army      false     
dev       0         dice      0         
res       0         lumber    0         brick     0         grain     0         wool      0         ore       0         
dev       []
dev BLOCK []
Harbors   []
Roads          left      15        built     []
Settlements    left      5         built     []
Cities         left      4         built     []
2017-02-12 16:31:45.929 DEBUG model.players.Player 62 printPlayer - model.players.Ai@2cc9e408
id        1         color     BLUE      name      KI (1)    status    WAIT_FOR_GAME_START
vp        0         road      false     army      false     
dev       0         dice      0         
res       0         lumber    0         brick     0         grain     0         wool      0         ore       0         
dev       []
dev BLOCK []
Harbors   []
Roads          left      15        built     []
Settlements    left      5         built     []
Cities         left      4         built     []
2017-02-12 16:31:45.930 DEBUG model.Management 42 printManagement - model.Management@1e67a0e4
KI (1)    sum       0         lumber    0         brick     0         grain     0         wool      0         ore       0         
KI (2)    sum       0         lumber    0         brick     0         grain     0         wool      0         ore       0         
KI (3)    sum       0         lumber    0         brick     0         grain     0         wool      0         ore       0         
[ M ]     sum       95        lumber    19        brick     19        grain     19        wool      19        ore       19        
2017-02-12 16:31:46.080 DEBUG model.players.Player 62 printPlayer - model.players.Ai@11193762
id        2         color     RED       name      KI (2)    status    WAIT_FOR_GAME_START
vp        0         road      false     army      false     
dev       0         dice      0         
res       0         lumber    0         brick     0         grain     0         wool      0         ore       0         
dev       []
dev BLOCK []
Harbors   []
Roads          left      15        built     []
Settlements    left      5         built     []
Cities         left      4         built     []
2017-02-12 16:31:46.081 DEBUG model.Management 42 printManagement - model.Management@1e67a0e4
KI (1)    sum       0         lumber    0         brick     0         grain     0         wool      0         ore       0         
KI (2)    sum       0         lumber    0         brick     0         grain     0         wool      0         ore       0         
KI (3)    sum       0         lumber    0         brick     0         grain     0         wool      0         ore       0         
[ M ]     sum       95        lumber    19        brick     19        grain     19        wool      19        ore       19        
2017-02-12 16:31:46.246 DEBUG model.players.Player 62 printPlayer - model.players.Ai@6742b167
id        3         color     ORANGE    name      KI (3)    status    WAIT_FOR_GAME_START
vp        0         road      false     army      false     
dev       0         dice      0         
res       0         lumber    0         brick     0         grain     0         wool      0         ore       0         
dev       []
dev BLOCK []
Harbors   []
Roads          left      15        built     []
Settlements    left      5         built     []
Cities         left      4         built     []
2017-02-12 16:31:46.247 DEBUG model.Management 42 printManagement - model.Management@1e67a0e4
KI (1)    sum       0         lumber    0         brick     0         grain     0         wool      0         ore       0         
KI (2)    sum       0         lumber    0         brick     0         grain     0         wool      0         ore       0         
KI (3)    sum       0         lumber    0         brick     0         grain     0         wool      0         ore       0         
[ M ]     sum       95        lumber    19        brick     19        grain     19        wool      19        ore       19        
2017-02-12 16:31:52.844 TRACE model.players.Human 11 <init> - Enter model.players.Human@3bc2a19f
2017-02-12 16:31:52.845 DEBUG model.players.Player 62 printPlayer - model.players.Human@3bc2a19f
id        4         color     NULL      name                status    null      
vp        0         road      false     army      false     
dev       0         dice      0         
res       0         lumber    0         brick     0         grain     0         wool      0         ore       0         
dev       []
dev BLOCK []
Harbors   []
Roads          left      15        built     []
Settlements    left      5         built     []
Cities         left      4         built     []
2017-02-12 16:31:52.845 DEBUG model.players.Player 62 printPlayer - model.players.Human@3bc2a19f
id        4         color     NULL      name                status    START_GAME
vp        0         road      false     army      false     
dev       0         dice      0         
res       0         lumber    0         brick     0         grain     0         wool      0         ore       0         
dev       []
dev BLOCK []
Harbors   []
Roads          left      15        built     []
Settlements    left      5         built     []
Cities         left      4         built     []
2017-02-12 16:32:04.954 DEBUG model.players.Player 62 printPlayer - model.players.Human@3bc2a19f
id        4         color     WHITE     name      vchris    status    WAIT_FOR_GAME_START
vp        0         road      false     army      false     
dev       0         dice      0         
res       0         lumber    0         brick     0         grain     0         wool      0         ore       0         
dev       []
dev BLOCK []
Harbors   []
Roads          left      15        built     []
Settlements    left      5         built     []
Cities         left      4         built     []
2017-02-12 16:32:04.955 DEBUG model.Management 42 printManagement - model.Management@1e67a0e4
KI (1)    sum       0         lumber    0         brick     0         grain     0         wool      0         ore       0         
KI (2)    sum       0         lumber    0         brick     0         grain     0         wool      0         ore       0         
KI (3)    sum       0         lumber    0         brick     0         grain     0         wool      0         ore       0         
vchris    sum       0         lumber    0         brick     0         grain     0         wool      0         ore       0         
[ M ]     sum       95        lumber    19        brick     19        grain     19        wool      19        ore       19        
2017-02-12 16:32:05.000 INFO  model.Management 58 rollDices - 
 Dice [ 6, 6 ]
 Resources [ BRICK 19, LUMBER 19, ORE 19, GRAIN 19, WOOL 19 ]
2017-02-12 16:32:05.026 INFO  model.Management 58 rollDices - 
 Dice [ 1, 1 ]
 Resources [ BRICK 19, LUMBER 19, ORE 19, GRAIN 19, WOOL 19 ]
2017-02-12 16:32:05.052 INFO  model.Management 58 rollDices - 
 Dice [ 3, 5 ]
 Resources [ BRICK 19, LUMBER 19, ORE 19, GRAIN 19, WOOL 19 ]
2017-02-12 16:32:05.077 INFO  model.Management 58 rollDices - 
 Dice [ 3, 4 ]
 Resources [ BRICK 19, LUMBER 19, ORE 19, GRAIN 19, WOOL 19 ]
2017-02-12 16:32:05.109 DEBUG model.players.Player 62 printPlayer - model.players.Ai@2cc9e408
id        1         color     BLUE      name      KI (1)    status    BUILD_SETTLEMENT
vp        0         road      false     army      false     
dev       0         dice      0         
res       0         lumber    0         brick     0         grain     0         wool      0         ore       0         
dev       []
dev BLOCK []
Harbors   []
Roads          left      15        built     []
Settlements    left      5         built     []
Cities         left      4         built     []
2017-02-12 16:32:05.110 DEBUG model.Management 42 printManagement - model.Management@1e67a0e4
KI (1)    sum       0         lumber    0         brick     0         grain     0         wool      0         ore       0         
KI (2)    sum       0         lumber    0         brick     0         grain     0         wool      0         ore       0         
KI (3)    sum       0         lumber    0         brick     0         grain     0         wool      0         ore       0         
vchris    sum       0         lumber    0         brick     0         grain     0         wool      0         ore       0         
[ M ]     sum       95        lumber    19        brick     19        grain     19        wool      19        ore       19        
2017-02-12 16:32:05.110 DEBUG model.players.Player 62 printPlayer - model.players.Ai@11193762
id        2         color     RED       name      KI (2)    status    WAIT      
vp        0         road      false     army      false     
dev       0         dice      0         
res       0         lumber    0         brick     0         grain     0         wool      0         ore       0         
dev       []
dev BLOCK []
Harbors   []
Roads          left      15        built     []
Settlements    left      5         built     []
Cities         left      4         built     []
2017-02-12 16:32:05.111 DEBUG model.Management 42 printManagement - model.Management@1e67a0e4
KI (1)    sum       0         lumber    0         brick     0         grain     0         wool      0         ore       0         
KI (2)    sum       0         lumber    0         brick     0         grain     0         wool      0         ore       0         
KI (3)    sum       0         lumber    0         brick     0         grain     0         wool      0         ore       0         
vchris    sum       0         lumber    0         brick     0         grain     0         wool      0         ore       0         
[ M ]     sum       95        lumber    19        brick     19        grain     19        wool      19        ore       19        
2017-02-12 16:32:05.132 DEBUG model.players.Player 62 printPlayer - model.players.Ai@6742b167
id        3         color     ORANGE    name      KI (3)    status    WAIT      
vp        0         road      false     army      false     
dev       0         dice      0         
res       0         lumber    0         brick     0         grain     0         wool      0         ore       0         
dev       []
dev BLOCK []
Harbors   []
Roads          left      15        built     []
Settlements    left      5         built     []
Cities         left      4         built     []
2017-02-12 16:32:05.132 DEBUG model.Management 42 printManagement - model.Management@1e67a0e4
KI (1)    sum       0         lumber    0         brick     0         grain     0         wool      0         ore       0         
KI (2)    sum       0         lumber    0         brick     0         grain     0         wool      0         ore       0         
KI (3)    sum       0         lumber    0         brick     0         grain     0         wool      0         ore       0         
vchris    sum       0         lumber    0         brick     0         grain     0         wool      0         ore       0         
[ M ]     sum       95        lumber    19        brick     19        grain     19        wool      19        ore       19        
2017-02-12 16:32:05.150 DEBUG model.players.Player 62 printPlayer - model.players.Human@3bc2a19f
id        4         color     WHITE     name      vchris    status    WAIT      
vp        0         road      false     army      false     
dev       0         dice      0         
res       0         lumber    0         brick     0         grain     0         wool      0         ore       0         
dev       []
dev BLOCK []
Harbors   []
Roads          left      15        built     []
Settlements    left      5         built     []
Cities         left      4         built     []
2017-02-12 16:32:05.150 DEBUG model.Management 42 printManagement - model.Management@1e67a0e4
KI (1)    sum       0         lumber    0         brick     0         grain     0         wool      0         ore       0         
KI (2)    sum       0         lumber    0         brick     0         grain     0         wool      0         ore       0         
KI (3)    sum       0         lumber    0         brick     0         grain     0         wool      0         ore       0         
vchris    sum       0         lumber    0         brick     0         grain     0         wool      0         ore       0         
[ M ]     sum       95        lumber    19        brick     19        grain     19        wool      19        ore       19        
2017-02-12 16:32:05.794 INFO  model.players.Player 892 getBuildableSettlements - start settlement 54
2017-02-12 16:32:05.797 INFO  model.players.Player 892 getBuildableSettlements - start settlement 54
2017-02-12 16:32:05.798 INFO  model.players.Player 892 getBuildableSettlements - start settlement 54
2017-02-12 16:32:05.800 INFO  model.players.Player 892 getBuildableSettlements - start settlement 54
2017-02-12 16:32:05.801 INFO  model.players.Player 892 getBuildableSettlements - start settlement 54
2017-02-12 16:32:05.802 INFO  model.players.Player 892 getBuildableSettlements - start settlement 54
2017-02-12 16:32:05.804 INFO  model.players.Player 892 getBuildableSettlements - start settlement 54
2017-02-12 16:32:05.805 INFO  model.players.Player 892 getBuildableSettlements - start settlement 54
2017-02-12 16:32:05.807 INFO  model.players.Player 892 getBuildableSettlements - start settlement 54
2017-02-12 16:32:05.808 INFO  model.players.Player 892 getBuildableSettlements - start settlement 54
2017-02-12 16:32:05.809 INFO  model.players.Player 892 getBuildableSettlements - start settlement 54
2017-02-12 16:32:05.810 INFO  model.players.Player 892 getBuildableSettlements - start settlement 54
2017-02-12 16:32:05.811 INFO  model.players.Player 892 getBuildableSettlements - start settlement 54
2017-02-12 16:32:05.812 INFO  model.players.Player 892 getBuildableSettlements - start settlement 54
2017-02-12 16:32:05.813 INFO  model.players.Player 892 getBuildableSettlements - start settlement 54
2017-02-12 16:32:05.814 INFO  model.players.Player 892 getBuildableSettlements - start settlement 54
2017-02-12 16:32:05.816 INFO  model.players.Player 892 getBuildableSettlements - start settlement 54
2017-02-12 16:32:05.817 INFO  model.players.Player 892 getBuildableSettlements - start settlement 54
2017-02-12 16:32:05.818 INFO  model.players.Player 892 getBuildableSettlements - start settlement 54
2017-02-12 16:32:05.842 DEBUG model.players.Player 62 printPlayer - model.players.Ai@2cc9e408
id        1         color     BLUE      name      KI (1)    status    BUILD_STREET
vp        1         road      false     army      false     
dev       0         dice      0         
res       0         lumber    0         brick     0         grain     0         wool      0         ore       0         
dev       []
dev BLOCK []
Harbors   []
Roads          left      15        built     []
Settlements    left      4         built     [{10, 11, 17}]
Cities         left      4         built     []
2017-02-12 16:32:05.843 DEBUG model.Management 42 printManagement - model.Management@1e67a0e4
KI (1)    sum       0         lumber    0         brick     0         grain     0         wool      0         ore       0         
KI (2)    sum       0         lumber    0         brick     0         grain     0         wool      0         ore       0         
KI (3)    sum       0         lumber    0         brick     0         grain     0         wool      0         ore       0         
vchris    sum       0         lumber    0         brick     0         grain     0         wool      0         ore       0         
[ M ]     sum       95        lumber    19        brick     19        grain     19        wool      19        ore       19        
2017-02-12 16:32:05.871 INFO  model.Management 285 longestRoad - KI (1) longest road: 0
2017-02-12 16:32:05.872 INFO  model.Management 285 longestRoad - KI (2) longest road: 0
2017-02-12 16:32:05.872 INFO  model.Management 285 longestRoad - KI (3) longest road: 0
2017-02-12 16:32:05.872 INFO  model.Management 285 longestRoad - vchris longest road: 0
2017-02-12 16:32:05.872 INFO  model.Management 331 longestRoad - longest road: nothing changed
2017-02-12 16:32:05.872 INFO  model.Management 397 finish - offene Siegpunkte: 1, Siegpunktkarten: 0
2017-02-12 16:32:05.872 INFO  model.Management 397 finish - offene Siegpunkte: 0, Siegpunktkarten: 0
2017-02-12 16:32:05.872 INFO  model.Management 397 finish - offene Siegpunkte: 0, Siegpunktkarten: 0
2017-02-12 16:32:05.872 INFO  model.Management 397 finish - offene Siegpunkte: 0, Siegpunktkarten: 0
2017-02-12 16:32:06.212 INFO  model.Management 285 longestRoad - KI (1) longest road: 1
2017-02-12 16:32:06.212 INFO  model.Management 285 longestRoad - KI (2) longest road: 0
2017-02-12 16:32:06.212 INFO  model.Management 285 longestRoad - KI (3) longest road: 0
2017-02-12 16:32:06.212 INFO  model.Management 285 longestRoad - vchris longest road: 0
2017-02-12 16:32:06.212 INFO  model.Management 331 longestRoad - longest road: nothing changed
2017-02-12 16:32:06.213 INFO  model.Management 397 finish - offene Siegpunkte: 1, Siegpunktkarten: 0
2017-02-12 16:32:06.213 INFO  model.Management 397 finish - offene Siegpunkte: 0, Siegpunktkarten: 0
2017-02-12 16:32:06.213 INFO  model.Management 397 finish - offene Siegpunkte: 0, Siegpunktkarten: 0
2017-02-12 16:32:06.213 INFO  model.Management 397 finish - offene Siegpunkte: 0, Siegpunktkarten: 0
2017-02-12 16:32:06.213 DEBUG model.players.Player 62 printPlayer - model.players.Ai@6742b167
id        3         color     ORANGE    name      KI (3)    status    BUILD_SETTLEMENT
vp        0         road      false     army      false     
dev       0         dice      0         
res       0         lumber    0         brick     0         grain     0         wool      0         ore       0         
dev       []
dev BLOCK []
Harbors   []
Roads          left      15        built     []
Settlements    left      5         built     []
Cities         left      4         built     []
2017-02-12 16:32:06.214 DEBUG model.Management 42 printManagement - model.Management@1e67a0e4
KI (1)    sum       0         lumber    0         brick     0         grain     0         wool      0         ore       0         
KI (2)    sum       0         lumber    0         brick     0         grain     0         wool      0         ore       0         
KI (3)    sum       0         lumber    0         brick     0         grain     0         wool      0         ore       0         
vchris    sum       0         lumber    0         brick     0         grain     0         wool      0         ore       0         
[ M ]     sum       95        lumber    19        brick     19        grain     19        wool      19        ore       19        
2017-02-12 16:32:06.214 DEBUG model.players.Player 62 printPlayer - model.players.Ai@2cc9e408
id        1         color     BLUE      name      KI (1)    status    WAIT      
vp        1         road      false     army      false     
dev       0         dice      0         
res       0         lumber    0         brick     0         grain     0         wool      0         ore       0         
dev       []
dev BLOCK []
Harbors   []
Roads          left      14        built     [{10, 11}]
Settlements    left      4         built     [{10, 11, 17}]
Cities         left      4         built     []
2017-02-12 16:32:06.214 DEBUG model.Management 42 printManagement - model.Management@1e67a0e4
KI (1)    sum       0         lumber    0         brick     0         grain     0         wool      0         ore       0         
KI (2)    sum       0         lumber    0         brick     0         grain     0         wool      0         ore       0         
KI (3)    sum       0         lumber    0         brick     0         grain     0         wool      0         ore       0         
vchris    sum       0         lumber    0         brick     0         grain     0         wool      0         ore       0         
[ M ]     sum       95        lumber    19        brick     19        grain     19        wool      19        ore       19        
2017-02-12 16:32:06.449 INFO  model.players.Player 892 getBuildableSettlements - start settlement 50
2017-02-12 16:32:06.449 INFO  model.players.Player 892 getBuildableSettlements - start settlement 50
2017-02-12 16:32:06.450 INFO  model.players.Player 892 getBuildableSettlements - start settlement 50
2017-02-12 16:32:06.450 INFO  model.players.Player 892 getBuildableSettlements - start settlement 50
2017-02-12 16:32:06.450 INFO  model.players.Player 892 getBuildableSettlements - start settlement 50
2017-02-12 16:32:06.450 INFO  model.players.Player 892 getBuildableSettlements - start settlement 50
2017-02-12 16:32:06.451 INFO  model.players.Player 892 getBuildableSettlements - start settlement 50
2017-02-12 16:32:06.451 INFO  model.players.Player 892 getBuildableSettlements - start settlement 50
2017-02-12 16:32:06.451 INFO  model.players.Player 892 getBuildableSettlements - start settlement 50
2017-02-12 16:32:06.452 INFO  model.players.Player 892 getBuildableSettlements - start settlement 50
2017-02-12 16:32:06.452 INFO  model.players.Player 892 getBuildableSettlements - start settlement 50
2017-02-12 16:32:06.452 INFO  model.players.Player 892 getBuildableSettlements - start settlement 50
2017-02-12 16:32:06.453 INFO  model.players.Player 892 getBuildableSettlements - start settlement 50
2017-02-12 16:32:06.453 INFO  model.players.Player 892 getBuildableSettlements - start settlement 50
2017-02-12 16:32:06.454 INFO  model.players.Player 892 getBuildableSettlements - start settlement 50
2017-02-12 16:32:06.454 INFO  model.players.Player 892 getBuildableSettlements - start settlement 50
2017-02-12 16:32:06.455 INFO  model.players.Player 892 getBuildableSettlements - start settlement 50
2017-02-12 16:32:06.455 INFO  model.players.Player 892 getBuildableSettlements - start settlement 50
2017-02-12 16:32:06.455 INFO  model.players.Player 892 getBuildableSettlements - start settlement 50
2017-02-12 16:32:06.477 DEBUG model.players.Player 62 printPlayer - model.players.Ai@6742b167
id        3         color     ORANGE    name      KI (3)    status    BUILD_STREET
vp        1         road      false     army      false     
dev       0         dice      0         
res       0         lumber    0         brick     0         grain     0         wool      0         ore       0         
dev       []
dev BLOCK []
Harbors   []
Roads          left      15        built     []
Settlements    left      4         built     [{19, 25, 26}]
Cities         left      4         built     []
2017-02-12 16:32:06.477 DEBUG model.Management 42 printManagement - model.Management@1e67a0e4
KI (1)    sum       0         lumber    0         brick     0         grain     0         wool      0         ore       0         
KI (2)    sum       0         lumber    0         brick     0         grain     0         wool      0         ore       0         
KI (3)    sum       0         lumber    0         brick     0         grain     0         wool      0         ore       0         
vchris    sum       0         lumber    0         brick     0         grain     0         wool      0         ore       0         
[ M ]     sum       95        lumber    19        brick     19        grain     19        wool      19        ore       19        
2017-02-12 16:32:06.503 INFO  model.Management 285 longestRoad - KI (1) longest road: 1
2017-02-12 16:32:06.503 INFO  model.Management 285 longestRoad - KI (2) longest road: 0
2017-02-12 16:32:06.503 INFO  model.Management 285 longestRoad - KI (3) longest road: 0
2017-02-12 16:32:06.503 INFO  model.Management 285 longestRoad - vchris longest road: 0
2017-02-12 16:32:06.503 INFO  model.Management 331 longestRoad - longest road: nothing changed
2017-02-12 16:32:06.503 INFO  model.Management 397 finish - offene Siegpunkte: 1, Siegpunktkarten: 0
2017-02-12 16:32:06.503 INFO  model.Management 397 finish - offene Siegpunkte: 0, Siegpunktkarten: 0
2017-02-12 16:32:06.503 INFO  model.Management 397 finish - offene Siegpunkte: 1, Siegpunktkarten: 0
2017-02-12 16:32:06.503 INFO  model.Management 397 finish - offene Siegpunkte: 0, Siegpunktkarten: 0
2017-02-12 16:32:06.854 INFO  model.Management 285 longestRoad - KI (1) longest road: 1
2017-02-12 16:32:06.854 INFO  model.Management 285 longestRoad - KI (2) longest road: 0
2017-02-12 16:32:06.855 INFO  model.Management 285 longestRoad - KI (3) longest road: 1
2017-02-12 16:32:06.855 INFO  model.Management 285 longestRoad - vchris longest road: 0
2017-02-12 16:32:06.855 INFO  model.Management 331 longestRoad - longest road: nothing changed
2017-02-12 16:32:06.855 INFO  model.Management 397 finish - offene Siegpunkte: 1, Siegpunktkarten: 0
2017-02-12 16:32:06.855 INFO  model.Management 397 finish - offene Siegpunkte: 0, Siegpunktkarten: 0
2017-02-12 16:32:06.855 INFO  model.Management 397 finish - offene Siegpunkte: 1, Siegpunktkarten: 0
2017-02-12 16:32:06.855 INFO  model.Management 397 finish - offene Siegpunkte: 0, Siegpunktkarten: 0
2017-02-12 16:32:06.855 DEBUG model.players.Player 62 printPlayer - model.players.Human@3bc2a19f
id        4         color     WHITE     name      vchris    status    BUILD_SETTLEMENT
vp        0         road      false     army      false     
dev       0         dice      0         
res       0         lumber    0         brick     0         grain     0         wool      0         ore       0         
dev       []
dev BLOCK []
Harbors   []
Roads          left      15        built     []
Settlements    left      5         built     []
Cities         left      4         built     []
2017-02-12 16:32:06.856 DEBUG model.Management 42 printManagement - model.Management@1e67a0e4
KI (1)    sum       0         lumber    0         brick     0         grain     0         wool      0         ore       0         
KI (2)    sum       0         lumber    0         brick     0         grain     0         wool      0         ore       0         
KI (3)    sum       0         lumber    0         brick     0         grain     0         wool      0         ore       0         
vchris    sum       0         lumber    0         brick     0         grain     0         wool      0         ore       0         
[ M ]     sum       95        lumber    19        brick     19        grain     19        wool      19        ore       19        
2017-02-12 16:32:06.856 DEBUG model.players.Player 62 printPlayer - model.players.Ai@6742b167
id        3         color     ORANGE    name      KI (3)    status    WAIT      
vp        1         road      false     army      false     
dev       0         dice      0         
res       0         lumber    0         brick     0         grain     0         wool      0         ore       0         
dev       []
dev BLOCK []
Harbors   []
Roads          left      14        built     [{19, 26}]
Settlements    left      4         built     [{19, 25, 26}]
Cities         left      4         built     []
2017-02-12 16:32:06.856 DEBUG model.Management 42 printManagement - model.Management@1e67a0e4
KI (1)    sum       0         lumber    0         brick     0         grain     0         wool      0         ore       0         
KI (2)    sum       0         lumber    0         brick     0         grain     0         wool      0         ore       0         
KI (3)    sum       0         lumber    0         brick     0         grain     0         wool      0         ore       0         
vchris    sum       0         lumber    0         brick     0         grain     0         wool      0         ore       0         
[ M ]     sum       95        lumber    19        brick     19        grain     19        wool      19        ore       19        
2017-02-12 16:32:10.902 DEBUG model.players.Player 62 printPlayer - model.players.Human@3bc2a19f
id        4         color     WHITE     name      vchris    status    BUILD_STREET
vp        1         road      false     army      false     
dev       0         dice      0         
res       0         lumber    0         brick     0         grain     0         wool      0         ore       0         
dev       []
dev BLOCK []
Harbors   []
Roads          left      15        built     []
Settlements    left      4         built     [{12, 18, 19}]
Cities         left      4         built     []
2017-02-12 16:32:10.903 DEBUG model.Management 42 printManagement - model.Management@1e67a0e4
KI (1)    sum       0         lumber    0         brick     0         grain     0         wool      0         ore       0         
KI (2)    sum       0         lumber    0         brick     0         grain     0         wool      0         ore       0         
KI (3)    sum       0         lumber    0         brick     0         grain     0         wool      0         ore       0         
vchris    sum       0         lumber    0         brick     0         grain     0         wool      0         ore       0         
[ M ]     sum       95        lumber    19        brick     19        grain     19        wool      19        ore       19        
2017-02-12 16:32:10.926 INFO  model.Management 285 longestRoad - KI (1) longest road: 1
2017-02-12 16:32:10.926 INFO  model.Management 285 longestRoad - KI (2) longest road: 0
2017-02-12 16:32:10.927 INFO  model.Management 285 longestRoad - KI (3) longest road: 1
2017-02-12 16:32:10.927 INFO  model.Management 285 longestRoad - vchris longest road: 0
2017-02-12 16:32:10.927 INFO  model.Management 331 longestRoad - longest road: nothing changed
2017-02-12 16:32:10.927 INFO  model.Management 397 finish - offene Siegpunkte: 1, Siegpunktkarten: 0
2017-02-12 16:32:10.927 INFO  model.Management 397 finish - offene Siegpunkte: 0, Siegpunktkarten: 0
2017-02-12 16:32:10.927 INFO  model.Management 397 finish - offene Siegpunkte: 1, Siegpunktkarten: 0
2017-02-12 16:32:10.927 INFO  model.Management 397 finish - offene Siegpunkte: 1, Siegpunktkarten: 0
2017-02-12 16:32:11.574 INFO  model.Management 285 longestRoad - KI (1) longest road: 1
2017-02-12 16:32:11.575 INFO  model.Management 285 longestRoad - KI (2) longest road: 0
2017-02-12 16:32:11.575 INFO  model.Management 285 longestRoad - KI (3) longest road: 1
2017-02-12 16:32:11.575 INFO  model.Management 285 longestRoad - vchris longest road: 1
2017-02-12 16:32:11.575 INFO  model.Management 331 longestRoad - longest road: nothing changed
2017-02-12 16:32:11.576 INFO  model.Management 397 finish - offene Siegpunkte: 1, Siegpunktkarten: 0
2017-02-12 16:32:11.576 INFO  model.Management 397 finish - offene Siegpunkte: 0, Siegpunktkarten: 0
2017-02-12 16:32:11.576 INFO  model.Management 397 finish - offene Siegpunkte: 1, Siegpunktkarten: 0
2017-02-12 16:32:11.576 INFO  model.Management 397 finish - offene Siegpunkte: 1, Siegpunktkarten: 0
2017-02-12 16:32:11.576 DEBUG model.players.Player 62 printPlayer - model.players.Ai@11193762
id        2         color     RED       name      KI (2)    status    BUILD_SETTLEMENT
vp        0         road      false     army      false     
dev       0         dice      0         
res       0         lumber    0         brick     0         grain     0         wool      0         ore       0         
dev       []
dev BLOCK []
Harbors   []
Roads          left      15        built     []
Settlements    left      5         built     []
Cities         left      4         built     []
2017-02-12 16:32:11.577 DEBUG model.Management 42 printManagement - model.Management@1e67a0e4
KI (1)    sum       0         lumber    0         brick     0         grain     0         wool      0         ore       0         
KI (2)    sum       0         lumber    0         brick     0         grain     0         wool      0         ore       0         
KI (3)    sum       0         lumber    0         brick     0         grain     0         wool      0         ore       0         
vchris    sum       0         lumber    0         brick     0         grain     0         wool      0         ore       0         
[ M ]     sum       95        lumber    19        brick     19        grain     19        wool      19        ore       19        
2017-02-12 16:32:11.577 DEBUG model.players.Player 62 printPlayer - model.players.Human@3bc2a19f
id        4         color     WHITE     name      vchris    status    WAIT      
vp        1         road      false     army      false     
dev       0         dice      0         
res       0         lumber    0         brick     0         grain     0         wool      0         ore       0         
dev       []
dev BLOCK []
Harbors   []
Roads          left      14        built     [{18, 19}]
Settlements    left      4         built     [{12, 18, 19}]
Cities         left      4         built     []
2017-02-12 16:32:11.578 DEBUG model.Management 42 printManagement - model.Management@1e67a0e4
KI (1)    sum       0         lumber    0         brick     0         grain     0         wool      0         ore       0         
KI (2)    sum       0         lumber    0         brick     0         grain     0         wool      0         ore       0         
KI (3)    sum       0         lumber    0         brick     0         grain     0         wool      0         ore       0         
vchris    sum       0         lumber    0         brick     0         grain     0         wool      0         ore       0         
[ M ]     sum       95        lumber    19        brick     19        grain     19        wool      19        ore       19        
2017-02-12 16:32:11.801 INFO  model.players.Player 892 getBuildableSettlements - start settlement 43
2017-02-12 16:32:11.802 INFO  model.players.Player 892 getBuildableSettlements - start settlement 43
2017-02-12 16:32:11.802 INFO  model.players.Player 892 getBuildableSettlements - start settlement 43
2017-02-12 16:32:11.803 INFO  model.players.Player 892 getBuildableSettlements - start settlement 43
2017-02-12 16:32:11.803 INFO  model.players.Player 892 getBuildableSettlements - start settlement 43
2017-02-12 16:32:11.803 INFO  model.players.Player 892 getBuildableSettlements - start settlement 43
2017-02-12 16:32:11.804 INFO  model.players.Player 892 getBuildableSettlements - start settlement 43
2017-02-12 16:32:11.804 INFO  model.players.Player 892 getBuildableSettlements - start settlement 43
2017-02-12 16:32:11.804 INFO  model.players.Player 892 getBuildableSettlements - start settlement 43
2017-02-12 16:32:11.805 INFO  model.players.Player 892 getBuildableSettlements - start settlement 43
2017-02-12 16:32:11.805 INFO  model.players.Player 892 getBuildableSettlements - start settlement 43
2017-02-12 16:32:11.805 INFO  model.players.Player 892 getBuildableSettlements - start settlement 43
2017-02-12 16:32:11.806 INFO  model.players.Player 892 getBuildableSettlements - start settlement 43
2017-02-12 16:32:11.806 INFO  model.players.Player 892 getBuildableSettlements - start settlement 43
2017-02-12 16:32:11.806 INFO  model.players.Player 892 getBuildableSettlements - start settlement 43
2017-02-12 16:32:11.806 INFO  model.players.Player 892 getBuildableSettlements - start settlement 43
2017-02-12 16:32:11.807 INFO  model.players.Player 892 getBuildableSettlements - start settlement 43
2017-02-12 16:32:11.807 INFO  model.players.Player 892 getBuildableSettlements - start settlement 43
2017-02-12 16:32:11.807 INFO  model.players.Player 892 getBuildableSettlements - start settlement 43
2017-02-12 16:32:11.829 DEBUG model.players.Player 62 printPlayer - model.players.Ai@11193762
id        2         color     RED       name      KI (2)    status    BUILD_STREET
vp        1         road      false     army      false     
dev       0         dice      0         
res       0         lumber    0         brick     0         grain     0         wool      0         ore       0         
dev       []
dev BLOCK []
Harbors   []
Roads          left      15        built     []
Settlements    left      4         built     [{7, 12, 13}]
Cities         left      4         built     []
2017-02-12 16:32:11.829 DEBUG model.Management 42 printManagement - model.Management@1e67a0e4
KI (1)    sum       0         lumber    0         brick     0         grain     0         wool      0         ore       0         
KI (2)    sum       0         lumber    0         brick     0         grain     0         wool      0         ore       0         
KI (3)    sum       0         lumber    0         brick     0         grain     0         wool      0         ore       0         
vchris    sum       0         lumber    0         brick     0         grain     0         wool      0         ore       0         
[ M ]     sum       95        lumber    19        brick     19        grain     19        wool      19        ore       19        
2017-02-12 16:32:11.854 INFO  model.Management 285 longestRoad - KI (1) longest road: 1
2017-02-12 16:32:11.855 INFO  model.Management 285 longestRoad - KI (2) longest road: 0
2017-02-12 16:32:11.855 INFO  model.Management 285 longestRoad - KI (3) longest road: 1
2017-02-12 16:32:11.855 INFO  model.Management 285 longestRoad - vchris longest road: 1
2017-02-12 16:32:11.855 INFO  model.Management 331 longestRoad - longest road: nothing changed
2017-02-12 16:32:11.855 INFO  model.Management 397 finish - offene Siegpunkte: 1, Siegpunktkarten: 0
2017-02-12 16:32:11.855 INFO  model.Management 397 finish - offene Siegpunkte: 1, Siegpunktkarten: 0
2017-02-12 16:32:11.855 INFO  model.Management 397 finish - offene Siegpunkte: 1, Siegpunktkarten: 0
2017-02-12 16:32:11.855 INFO  model.Management 397 finish - offene Siegpunkte: 1, Siegpunktkarten: 0
2017-02-12 16:32:12.204 INFO  model.Management 285 longestRoad - KI (1) longest road: 1
2017-02-12 16:32:12.205 INFO  model.Management 285 longestRoad - KI (2) longest road: 1
2017-02-12 16:32:12.205 INFO  model.Management 285 longestRoad - KI (3) longest road: 1
2017-02-12 16:32:12.205 INFO  model.Management 285 longestRoad - vchris longest road: 1
2017-02-12 16:32:12.205 INFO  model.Management 331 longestRoad - longest road: nothing changed
2017-02-12 16:32:12.205 INFO  model.Management 397 finish - offene Siegpunkte: 1, Siegpunktkarten: 0
2017-02-12 16:32:12.205 INFO  model.Management 397 finish - offene Siegpunkte: 1, Siegpunktkarten: 0
2017-02-12 16:32:12.205 INFO  model.Management 397 finish - offene Siegpunkte: 1, Siegpunktkarten: 0
2017-02-12 16:32:12.205 INFO  model.Management 397 finish - offene Siegpunkte: 1, Siegpunktkarten: 0
2017-02-12 16:32:12.206 DEBUG model.players.Player 62 printPlayer - model.players.Ai@11193762
id        2         color     RED       name      KI (2)    status    BUILD_SETTLEMENT
vp        1         road      false     army      false     
dev       0         dice      0         
res       0         lumber    0         brick     0         grain     0         wool      0         ore       0         
dev       []
dev BLOCK []
Harbors   []
Roads          left      14        built     [{7, 12}]
Settlements    left      4         built     [{7, 12, 13}]
Cities         left      4         built     []
2017-02-12 16:32:12.206 DEBUG model.Management 42 printManagement - model.Management@1e67a0e4
KI (1)    sum       0         lumber    0         brick     0         grain     0         wool      0         ore       0         
KI (2)    sum       0         lumber    0         brick     0         grain     0         wool      0         ore       0         
KI (3)    sum       0         lumber    0         brick     0         grain     0         wool      0         ore       0         
vchris    sum       0         lumber    0         brick     0         grain     0         wool      0         ore       0         
[ M ]     sum       95        lumber    19        brick     19        grain     19        wool      19        ore       19        
2017-02-12 16:32:12.511 INFO  model.players.Player 892 getBuildableSettlements - start settlement 40
2017-02-12 16:32:12.512 INFO  model.players.Player 892 getBuildableSettlements - start settlement 40
2017-02-12 16:32:12.513 INFO  model.players.Player 892 getBuildableSettlements - start settlement 40
2017-02-12 16:32:12.513 INFO  model.players.Player 892 getBuildableSettlements - start settlement 40
2017-02-12 16:32:12.513 INFO  model.players.Player 892 getBuildableSettlements - start settlement 40
2017-02-12 16:32:12.513 INFO  model.players.Player 892 getBuildableSettlements - start settlement 40
2017-02-12 16:32:12.514 INFO  model.players.Player 892 getBuildableSettlements - start settlement 40
2017-02-12 16:32:12.514 INFO  model.players.Player 892 getBuildableSettlements - start settlement 40
2017-02-12 16:32:12.514 INFO  model.players.Player 892 getBuildableSettlements - start settlement 40
2017-02-12 16:32:12.515 INFO  model.players.Player 892 getBuildableSettlements - start settlement 40
2017-02-12 16:32:12.515 INFO  model.players.Player 892 getBuildableSettlements - start settlement 40
2017-02-12 16:32:12.515 INFO  model.players.Player 892 getBuildableSettlements - start settlement 40
2017-02-12 16:32:12.515 INFO  model.players.Player 892 getBuildableSettlements - start settlement 40
2017-02-12 16:32:12.516 INFO  model.players.Player 892 getBuildableSettlements - start settlement 40
2017-02-12 16:32:12.516 INFO  model.players.Player 892 getBuildableSettlements - start settlement 40
2017-02-12 16:32:12.516 INFO  model.players.Player 892 getBuildableSettlements - start settlement 40
2017-02-12 16:32:12.516 INFO  model.players.Player 892 getBuildableSettlements - start settlement 40
2017-02-12 16:32:12.517 INFO  model.players.Player 892 getBuildableSettlements - start settlement 40
2017-02-12 16:32:12.517 INFO  model.players.Player 892 getBuildableSettlements - start settlement 40
2017-02-12 16:32:12.536 DEBUG model.players.Player 211 setOre - model.players.Ai@11193762 [ id: 2 ] old: 0, new: 1
2017-02-12 16:32:12.537 INFO  model.Management 461 setOre - vorher Ore: 18
2017-02-12 16:32:12.537 INFO  model.Management 463 setOre - nacher Ore: 18
2017-02-12 16:32:12.537 DEBUG model.players.Player 167 setBrick - model.players.Ai@11193762 [ id: 2 ] old: 0, new: 1
2017-02-12 16:32:12.537 INFO  model.Management 420 setBrick - vorher Brick: 18
2017-02-12 16:32:12.538 INFO  model.Management 422 setBrick - nacher Brick: 18
2017-02-12 16:32:12.538 DEBUG model.players.Player 255 setWool - model.players.Ai@11193762 [ id: 2 ] old: 0, new: 1
2017-02-12 16:32:12.538 INFO  model.Management 503 setWool - vorher Wool: 18
2017-02-12 16:32:12.538 INFO  model.Management 505 setWool - nacher Wool: 18
2017-02-12 16:32:12.538 DEBUG model.players.Player 62 printPlayer - model.players.Ai@11193762
id        2         color     RED       name      KI (2)    status    BUILD_STREET
vp        2         road      false     army      false     
dev       0         dice      0         
res       3         lumber    0         brick     1         grain     0         wool      1         ore       1         
dev       []
dev BLOCK []
Harbors   []
Roads          left      14        built     [{7, 12}]
Settlements    left      3         built     [{7, 12, 13}, {23, 24, 29}]
Cities         left      4         built     []
2017-02-12 16:32:12.538 DEBUG model.Management 42 printManagement - model.Management@1e67a0e4
KI (1)    sum       0         lumber    0         brick     0         grain     0         wool      0         ore       0         
KI (2)    sum       3         lumber    0         brick     1         grain     0         wool      1         ore       1         
KI (3)    sum       0         lumber    0         brick     0         grain     0         wool      0         ore       0         
vchris    sum       0         lumber    0         brick     0         grain     0         wool      0         ore       0         
[ M ]     sum       92        lumber    19        brick     18        grain     19        wool      18        ore       18        
2017-02-12 16:32:12.589 INFO  model.Management 285 longestRoad - KI (1) longest road: 1
2017-02-12 16:32:12.589 INFO  model.Management 285 longestRoad - KI (2) longest road: 1
2017-02-12 16:32:12.590 INFO  model.Management 285 longestRoad - KI (3) longest road: 1
2017-02-12 16:32:12.590 INFO  model.Management 285 longestRoad - vchris longest road: 1
2017-02-12 16:32:12.590 INFO  model.Management 331 longestRoad - longest road: nothing changed
2017-02-12 16:32:12.590 INFO  model.Management 397 finish - offene Siegpunkte: 1, Siegpunktkarten: 0
2017-02-12 16:32:12.590 INFO  model.Management 397 finish - offene Siegpunkte: 2, Siegpunktkarten: 0
2017-02-12 16:32:12.590 INFO  model.Management 397 finish - offene Siegpunkte: 1, Siegpunktkarten: 0
2017-02-12 16:32:12.590 INFO  model.Management 397 finish - offene Siegpunkte: 1, Siegpunktkarten: 0
2017-02-12 16:32:12.994 INFO  model.Management 285 longestRoad - KI (1) longest road: 1
2017-02-12 16:32:12.994 INFO  model.Management 285 longestRoad - KI (2) longest road: 1
2017-02-12 16:32:12.995 INFO  model.Management 285 longestRoad - KI (3) longest road: 1
2017-02-12 16:32:12.995 INFO  model.Management 285 longestRoad - vchris longest road: 1
2017-02-12 16:32:12.995 INFO  model.Management 331 longestRoad - longest road: nothing changed
2017-02-12 16:32:12.995 INFO  model.Management 397 finish - offene Siegpunkte: 1, Siegpunktkarten: 0
2017-02-12 16:32:12.995 INFO  model.Management 397 finish - offene Siegpunkte: 2, Siegpunktkarten: 0
2017-02-12 16:32:12.995 INFO  model.Management 397 finish - offene Siegpunkte: 1, Siegpunktkarten: 0
2017-02-12 16:32:12.995 INFO  model.Management 397 finish - offene Siegpunkte: 1, Siegpunktkarten: 0
2017-02-12 16:32:12.995 DEBUG model.players.Player 62 printPlayer - model.players.Human@3bc2a19f
id        4         color     WHITE     name      vchris    status    BUILD_SETTLEMENT
vp        1         road      false     army      false     
dev       0         dice      0         
res       0         lumber    0         brick     0         grain     0         wool      0         ore       0         
dev       []
dev BLOCK []
Harbors   []
Roads          left      14        built     [{18, 19}]
Settlements    left      4         built     [{12, 18, 19}]
Cities         left      4         built     []
2017-02-12 16:32:12.996 DEBUG model.Management 42 printManagement - model.Management@1e67a0e4
KI (1)    sum       0         lumber    0         brick     0         grain     0         wool      0         ore       0         
KI (2)    sum       3         lumber    0         brick     1         grain     0         wool      1         ore       1         
KI (3)    sum       0         lumber    0         brick     0         grain     0         wool      0         ore       0         
vchris    sum       0         lumber    0         brick     0         grain     0         wool      0         ore       0         
[ M ]     sum       92        lumber    19        brick     18        grain     19        wool      18        ore       18        
2017-02-12 16:32:12.996 DEBUG model.players.Player 62 printPlayer - model.players.Ai@11193762
id        2         color     RED       name      KI (2)    status    WAIT      
vp        2         road      false     army      false     
dev       0         dice      0         
res       3         lumber    0         brick     1         grain     0         wool      1         ore       1         
dev       []
dev BLOCK []
Harbors   []
Roads          left      13        built     [{7, 12}, {23, 24}]
Settlements    left      3         built     [{7, 12, 13}, {23, 24, 29}]
Cities         left      4         built     []
2017-02-12 16:32:12.996 DEBUG model.Management 42 printManagement - model.Management@1e67a0e4
KI (1)    sum       0         lumber    0         brick     0         grain     0         wool      0         ore       0         
KI (2)    sum       3         lumber    0         brick     1         grain     0         wool      1         ore       1         
KI (3)    sum       0         lumber    0         brick     0         grain     0         wool      0         ore       0         
vchris    sum       0         lumber    0         brick     0         grain     0         wool      0         ore       0         
[ M ]     sum       92        lumber    19        brick     18        grain     19        wool      18        ore       18        
2017-02-12 16:32:14.671 DEBUG model.players.Player 233 setGrain - model.players.Human@3bc2a19f [ id: 4 ] old: 0, new: 1
2017-02-12 16:32:14.671 INFO  model.Management 482 setGrain - vorher Grain: 18
2017-02-12 16:32:14.671 INFO  model.Management 484 setGrain - nacher Grain: 18
2017-02-12 16:32:14.671 DEBUG model.players.Player 255 setWool - model.players.Human@3bc2a19f [ id: 4 ] old: 0, new: 1
2017-02-12 16:32:14.671 INFO  model.Management 503 setWool - vorher Wool: 17
2017-02-12 16:32:14.672 INFO  model.Management 505 setWool - nacher Wool: 17
2017-02-12 16:32:14.672 DEBUG model.players.Player 211 setOre - model.players.Human@3bc2a19f [ id: 4 ] old: 0, new: 1
2017-02-12 16:32:14.672 INFO  model.Management 461 setOre - vorher Ore: 17
2017-02-12 16:32:14.672 INFO  model.Management 463 setOre - nacher Ore: 17
2017-02-12 16:32:14.672 DEBUG model.players.Player 62 printPlayer - model.players.Human@3bc2a19f
id        4         color     WHITE     name      vchris    status    BUILD_STREET
vp        2         road      false     army      false     
dev       0         dice      0         
res       3         lumber    0         brick     0         grain     1         wool      1         ore       1         
dev       []
dev BLOCK []
Harbors   []
Roads          left      14        built     [{18, 19}]
Settlements    left      3         built     [{12, 18, 19}, {25, 30, 31}]
Cities         left      4         built     []
2017-02-12 16:32:14.672 DEBUG model.Management 42 printManagement - model.Management@1e67a0e4
KI (1)    sum       0         lumber    0         brick     0         grain     0         wool      0         ore       0         
KI (2)    sum       3         lumber    0         brick     1         grain     0         wool      1         ore       1         
KI (3)    sum       0         lumber    0         brick     0         grain     0         wool      0         ore       0         
vchris    sum       3         lumber    0         brick     0         grain     1         wool      1         ore       1         
[ M ]     sum       89        lumber    19        brick     18        grain     18        wool      17        ore       17        
2017-02-12 16:32:14.718 INFO  model.Management 285 longestRoad - KI (1) longest road: 1
2017-02-12 16:32:14.719 INFO  model.Management 285 longestRoad - KI (2) longest road: 1
2017-02-12 16:32:14.719 INFO  model.Management 285 longestRoad - KI (3) longest road: 1
2017-02-12 16:32:14.719 INFO  model.Management 285 longestRoad - vchris longest road: 1
2017-02-12 16:32:14.719 INFO  model.Management 331 longestRoad - longest road: nothing changed
2017-02-12 16:32:14.719 INFO  model.Management 397 finish - offene Siegpunkte: 1, Siegpunktkarten: 0
2017-02-12 16:32:14.719 INFO  model.Management 397 finish - offene Siegpunkte: 2, Siegpunktkarten: 0
2017-02-12 16:32:14.719 INFO  model.Management 397 finish - offene Siegpunkte: 1, Siegpunktkarten: 0
2017-02-12 16:32:14.719 INFO  model.Management 397 finish - offene Siegpunkte: 2, Siegpunktkarten: 0
2017-02-12 16:32:15.491 INFO  model.Management 285 longestRoad - KI (1) longest road: 1
2017-02-12 16:32:15.491 INFO  model.Management 285 longestRoad - KI (2) longest road: 1
2017-02-12 16:32:15.492 INFO  model.Management 285 longestRoad - KI (3) longest road: 1
2017-02-12 16:32:15.492 INFO  model.Management 285 longestRoad - vchris longest road: 1
2017-02-12 16:32:15.492 INFO  model.Management 331 longestRoad - longest road: nothing changed
2017-02-12 16:32:15.492 INFO  model.Management 397 finish - offene Siegpunkte: 1, Siegpunktkarten: 0
2017-02-12 16:32:15.492 INFO  model.Management 397 finish - offene Siegpunkte: 2, Siegpunktkarten: 0
2017-02-12 16:32:15.492 INFO  model.Management 397 finish - offene Siegpunkte: 1, Siegpunktkarten: 0
2017-02-12 16:32:15.492 INFO  model.Management 397 finish - offene Siegpunkte: 2, Siegpunktkarten: 0
2017-02-12 16:32:15.493 DEBUG model.players.Player 62 printPlayer - model.players.Ai@6742b167
id        3         color     ORANGE    name      KI (3)    status    BUILD_SETTLEMENT
vp        1         road      false     army      false     
dev       0         dice      0         
res       0         lumber    0         brick     0         grain     0         wool      0         ore       0         
dev       []
dev BLOCK []
Harbors   []
Roads          left      14        built     [{19, 26}]
Settlements    left      4         built     [{19, 25, 26}]
Cities         left      4         built     []
2017-02-12 16:32:15.493 DEBUG model.Management 42 printManagement - model.Management@1e67a0e4
KI (1)    sum       0         lumber    0         brick     0         grain     0         wool      0         ore       0         
KI (2)    sum       3         lumber    0         brick     1         grain     0         wool      1         ore       1         
KI (3)    sum       0         lumber    0         brick     0         grain     0         wool      0         ore       0         
vchris    sum       3         lumber    0         brick     0         grain     1         wool      1         ore       1         
[ M ]     sum       89        lumber    19        brick     18        grain     18        wool      17        ore       17        
2017-02-12 16:32:15.493 DEBUG model.players.Player 62 printPlayer - model.players.Human@3bc2a19f
id        4         color     WHITE     name      vchris    status    WAIT      
vp        2         road      false     army      false     
dev       0         dice      0         
res       3         lumber    0         brick     0         grain     1         wool      1         ore       1         
dev       []
dev BLOCK []
Harbors   []
Roads          left      13        built     [{18, 19}, {25, 30}]
Settlements    left      3         built     [{12, 18, 19}, {25, 30, 31}]
Cities         left      4         built     []
2017-02-12 16:32:15.494 DEBUG model.Management 42 printManagement - model.Management@1e67a0e4
KI (1)    sum       0         lumber    0         brick     0         grain     0         wool      0         ore       0         
KI (2)    sum       3         lumber    0         brick     1         grain     0         wool      1         ore       1         
KI (3)    sum       0         lumber    0         brick     0         grain     0         wool      0         ore       0         
vchris    sum       3         lumber    0         brick     0         grain     1         wool      1         ore       1         
[ M ]     sum       89        lumber    19        brick     18        grain     18        wool      17        ore       17        
2017-02-12 16:32:15.729 INFO  model.players.Player 892 getBuildableSettlements - start settlement 33
2017-02-12 16:32:15.730 INFO  model.players.Player 892 getBuildableSettlements - start settlement 33
2017-02-12 16:32:15.730 INFO  model.players.Player 892 getBuildableSettlements - start settlement 33
2017-02-12 16:32:15.731 INFO  model.players.Player 892 getBuildableSettlements - start settlement 33
2017-02-12 16:32:15.731 INFO  model.players.Player 892 getBuildableSettlements - start settlement 33
2017-02-12 16:32:15.731 INFO  model.players.Player 892 getBuildableSettlements - start settlement 33
2017-02-12 16:32:15.731 INFO  model.players.Player 892 getBuildableSettlements - start settlement 33
2017-02-12 16:32:15.732 INFO  model.players.Player 892 getBuildableSettlements - start settlement 33
2017-02-12 16:32:15.732 INFO  model.players.Player 892 getBuildableSettlements - start settlement 33
2017-02-12 16:32:15.732 INFO  model.players.Player 892 getBuildableSettlements - start settlement 33
2017-02-12 16:32:15.732 INFO  model.players.Player 892 getBuildableSettlements - start settlement 33
2017-02-12 16:32:15.733 INFO  model.players.Player 892 getBuildableSettlements - start settlement 33
2017-02-12 16:32:15.733 INFO  model.players.Player 892 getBuildableSettlements - start settlement 33
2017-02-12 16:32:15.733 INFO  model.players.Player 892 getBuildableSettlements - start settlement 33
2017-02-12 16:32:15.733 INFO  model.players.Player 892 getBuildableSettlements - start settlement 33
2017-02-12 16:32:15.734 INFO  model.players.Player 892 getBuildableSettlements - start settlement 33
2017-02-12 16:32:15.734 INFO  model.players.Player 892 getBuildableSettlements - start settlement 33
2017-02-12 16:32:15.734 INFO  model.players.Player 892 getBuildableSettlements - start settlement 33
2017-02-12 16:32:15.734 INFO  model.players.Player 892 getBuildableSettlements - start settlement 33
2017-02-12 16:32:15.734 INFO  model.players.Player 892 getBuildableSettlements - start settlement 33
2017-02-12 16:32:15.735 INFO  model.players.Player 892 getBuildableSettlements - start settlement 33
2017-02-12 16:32:15.735 INFO  model.players.Player 892 getBuildableSettlements - start settlement 33
2017-02-12 16:32:15.735 INFO  model.players.Player 892 getBuildableSettlements - start settlement 33
2017-02-12 16:32:15.755 DEBUG model.players.Player 255 setWool - model.players.Ai@6742b167 [ id: 3 ] old: 0, new: 1
2017-02-12 16:32:15.755 INFO  model.Management 503 setWool - vorher Wool: 16
2017-02-12 16:32:15.755 INFO  model.Management 505 setWool - nacher Wool: 16
2017-02-12 16:32:15.756 DEBUG model.players.Player 233 setGrain - model.players.Ai@6742b167 [ id: 3 ] old: 0, new: 1
2017-02-12 16:32:15.756 INFO  model.Management 482 setGrain - vorher Grain: 17
2017-02-12 16:32:15.756 INFO  model.Management 484 setGrain - nacher Grain: 17
2017-02-12 16:32:15.756 DEBUG model.players.Player 211 setOre - model.players.Ai@6742b167 [ id: 3 ] old: 0, new: 1
2017-02-12 16:32:15.756 INFO  model.Management 461 setOre - vorher Ore: 16
2017-02-12 16:32:15.756 INFO  model.Management 463 setOre - nacher Ore: 16
2017-02-12 16:32:15.756 DEBUG model.players.Player 62 printPlayer - model.players.Ai@6742b167
id        3         color     ORANGE    name      KI (3)    status    BUILD_STREET
vp        2         road      false     army      false     
dev       0         dice      0         
res       3         lumber    0         brick     0         grain     1         wool      1         ore       1         
dev       []
dev BLOCK []
Harbors   []
Roads          left      14        built     [{19, 26}]
Settlements    left      3         built     [{19, 25, 26}, {16, 17, 23}]
Cities         left      4         built     []
2017-02-12 16:32:15.756 DEBUG model.Management 42 printManagement - model.Management@1e67a0e4
KI (1)    sum       0         lumber    0         brick     0         grain     0         wool      0         ore       0         
KI (2)    sum       3         lumber    0         brick     1         grain     0         wool      1         ore       1         
KI (3)    sum       3         lumber    0         brick     0         grain     1         wool      1         ore       1         
vchris    sum       3         lumber    0         brick     0         grain     1         wool      1         ore       1         
[ M ]     sum       86        lumber    19        brick     18        grain     17        wool      16        ore       16        
2017-02-12 16:32:15.801 INFO  model.Management 285 longestRoad - KI (1) longest road: 1
2017-02-12 16:32:15.801 INFO  model.Management 285 longestRoad - KI (2) longest road: 1
2017-02-12 16:32:15.801 INFO  model.Management 285 longestRoad - KI (3) longest road: 1
2017-02-12 16:32:15.802 INFO  model.Management 285 longestRoad - vchris longest road: 1
2017-02-12 16:32:15.802 INFO  model.Management 331 longestRoad - longest road: nothing changed
2017-02-12 16:32:15.802 INFO  model.Management 397 finish - offene Siegpunkte: 1, Siegpunktkarten: 0
2017-02-12 16:32:15.802 INFO  model.Management 397 finish - offene Siegpunkte: 2, Siegpunktkarten: 0
2017-02-12 16:32:15.802 INFO  model.Management 397 finish - offene Siegpunkte: 2, Siegpunktkarten: 0
2017-02-12 16:32:15.802 INFO  model.Management 397 finish - offene Siegpunkte: 2, Siegpunktkarten: 0
2017-02-12 16:32:16.202 INFO  model.Management 285 longestRoad - KI (1) longest road: 1
2017-02-12 16:32:16.202 INFO  model.Management 285 longestRoad - KI (2) longest road: 1
2017-02-12 16:32:16.202 INFO  model.Management 285 longestRoad - KI (3) longest road: 1
2017-02-12 16:32:16.203 INFO  model.Management 285 longestRoad - vchris longest road: 1
2017-02-12 16:32:16.203 INFO  model.Management 331 longestRoad - longest road: nothing changed
2017-02-12 16:32:16.203 INFO  model.Management 397 finish - offene Siegpunkte: 1, Siegpunktkarten: 0
2017-02-12 16:32:16.203 INFO  model.Management 397 finish - offene Siegpunkte: 2, Siegpunktkarten: 0
2017-02-12 16:32:16.203 INFO  model.Management 397 finish - offene Siegpunkte: 2, Siegpunktkarten: 0
2017-02-12 16:32:16.203 INFO  model.Management 397 finish - offene Siegpunkte: 2, Siegpunktkarten: 0
2017-02-12 16:32:16.203 DEBUG model.players.Player 62 printPlayer - model.players.Ai@2cc9e408
id        1         color     BLUE      name      KI (1)    status    BUILD_SETTLEMENT
vp        1         road      false     army      false     
dev       0         dice      0         
res       0         lumber    0         brick     0         grain     0         wool      0         ore       0         
dev       []
dev BLOCK []
Harbors   []
Roads          left      14        built     [{10, 11}]
Settlements    left      4         built     [{10, 11, 17}]
Cities         left      4         built     []
2017-02-12 16:32:16.203 DEBUG model.Management 42 printManagement - model.Management@1e67a0e4
KI (1)    sum       0         lumber    0         brick     0         grain     0         wool      0         ore       0         
KI (2)    sum       3         lumber    0         brick     1         grain     0         wool      1         ore       1         
KI (3)    sum       3         lumber    0         brick     0         grain     1         wool      1         ore       1         
vchris    sum       3         lumber    0         brick     0         grain     1         wool      1         ore       1         
[ M ]     sum       86        lumber    19        brick     18        grain     17        wool      16        ore       16        
2017-02-12 16:32:16.203 DEBUG model.players.Player 62 printPlayer - model.players.Ai@6742b167
id        3         color     ORANGE    name      KI (3)    status    WAIT      
vp        2         road      false     army      false     
dev       0         dice      0         
res       3         lumber    0         brick     0         grain     1         wool      1         ore       1         
dev       []
dev BLOCK []
Harbors   []
Roads          left      13        built     [{19, 26}, {17, 23}]
Settlements    left      3         built     [{19, 25, 26}, {16, 17, 23}]
Cities         left      4         built     []
2017-02-12 16:32:16.204 DEBUG model.Management 42 printManagement - model.Management@1e67a0e4
KI (1)    sum       0         lumber    0         brick     0         grain     0         wool      0         ore       0         
KI (2)    sum       3         lumber    0         brick     1         grain     0         wool      1         ore       1         
KI (3)    sum       3         lumber    0         brick     0         grain     1         wool      1         ore       1         
vchris    sum       3         lumber    0         brick     0         grain     1         wool      1         ore       1         
[ M ]     sum       86        lumber    19        brick     18        grain     17        wool      16        ore       16        
2017-02-12 16:32:16.426 INFO  model.players.Player 892 getBuildableSettlements - start settlement 31
2017-02-12 16:32:16.426 INFO  model.players.Player 892 getBuildableSettlements - start settlement 31
2017-02-12 16:32:16.427 INFO  model.players.Player 892 getBuildableSettlements - start settlement 31
2017-02-12 16:32:16.427 INFO  model.players.Player 892 getBuildableSettlements - start settlement 31
2017-02-12 16:32:16.427 INFO  model.players.Player 892 getBuildableSettlements - start settlement 31
2017-02-12 16:32:16.427 INFO  model.players.Player 892 getBuildableSettlements - start settlement 31
2017-02-12 16:32:16.427 INFO  model.players.Player 892 getBuildableSettlements - start settlement 31
2017-02-12 16:32:16.428 INFO  model.players.Player 892 getBuildableSettlements - start settlement 31
2017-02-12 16:32:16.428 INFO  model.players.Player 892 getBuildableSettlements - start settlement 31
2017-02-12 16:32:16.428 INFO  model.players.Player 892 getBuildableSettlements - start settlement 31
2017-02-12 16:32:16.428 INFO  model.players.Player 892 getBuildableSettlements - start settlement 31
2017-02-12 16:32:16.429 INFO  model.players.Player 892 getBuildableSettlements - start settlement 31
2017-02-12 16:32:16.429 INFO  model.players.Player 892 getBuildableSettlements - start settlement 31
2017-02-12 16:32:16.429 INFO  model.players.Player 892 getBuildableSettlements - start settlement 31
2017-02-12 16:32:16.429 INFO  model.players.Player 892 getBuildableSettlements - start settlement 31
2017-02-12 16:32:16.429 INFO  model.players.Player 892 getBuildableSettlements - start settlement 31
2017-02-12 16:32:16.430 INFO  model.players.Player 892 getBuildableSettlements - start settlement 31
2017-02-12 16:32:16.430 INFO  model.players.Player 892 getBuildableSettlements - start settlement 31
2017-02-12 16:32:16.430 INFO  model.players.Player 892 getBuildableSettlements - start settlement 31
2017-02-12 16:32:16.431 INFO  model.players.Player 892 getBuildableSettlements - start settlement 31
2017-02-12 16:32:16.431 INFO  model.players.Player 892 getBuildableSettlements - start settlement 31
2017-02-12 16:32:16.431 INFO  model.players.Player 892 getBuildableSettlements - start settlement 31
2017-02-12 16:32:16.431 INFO  model.players.Player 892 getBuildableSettlements - start settlement 31
2017-02-12 16:32:16.452 DEBUG model.players.Player 255 setWool - model.players.Ai@2cc9e408 [ id: 1 ] old: 0, new: 1
2017-02-12 16:32:16.452 INFO  model.Management 503 setWool - vorher Wool: 15
2017-02-12 16:32:16.452 INFO  model.Management 505 setWool - nacher Wool: 15
2017-02-12 16:32:16.452 DEBUG model.players.Player 167 setBrick - model.players.Ai@2cc9e408 [ id: 1 ] old: 0, new: 1
2017-02-12 16:32:16.452 INFO  model.Management 420 setBrick - vorher Brick: 17
2017-02-12 16:32:16.452 INFO  model.Management 422 setBrick - nacher Brick: 17
2017-02-12 16:32:16.452 DEBUG model.players.Player 233 setGrain - model.players.Ai@2cc9e408 [ id: 1 ] old: 0, new: 1
2017-02-12 16:32:16.452 INFO  model.Management 482 setGrain - vorher Grain: 16
2017-02-12 16:32:16.452 INFO  model.Management 484 setGrain - nacher Grain: 16
2017-02-12 16:32:16.453 DEBUG model.players.Player 62 printPlayer - model.players.Ai@2cc9e408
id        1         color     BLUE      name      KI (1)    status    BUILD_STREET
vp        2         road      false     army      false     
dev       0         dice      0         
res       3         lumber    0         brick     1         grain     1         wool      1         ore       0         
dev       []
dev BLOCK []
Harbors   []
Roads          left      14        built     [{10, 11}]
Settlements    left      3         built     [{10, 11, 17}, {18, 24, 25}]
Cities         left      4         built     []
2017-02-12 16:32:16.453 DEBUG model.Management 42 printManagement - model.Management@1e67a0e4
KI (1)    sum       3         lumber    0         brick     1         grain     1         wool      1         ore       0         
KI (2)    sum       3         lumber    0         brick     1         grain     0         wool      1         ore       1         
KI (3)    sum       3         lumber    0         brick     0         grain     1         wool      1         ore       1         
vchris    sum       3         lumber    0         brick     0         grain     1         wool      1         ore       1         
[ M ]     sum       83        lumber    19        brick     17        grain     16        wool      15        ore       16        
2017-02-12 16:32:16.498 INFO  model.Management 285 longestRoad - KI (1) longest road: 1
2017-02-12 16:32:16.499 INFO  model.Management 285 longestRoad - KI (2) longest road: 1
2017-02-12 16:32:16.499 INFO  model.Management 285 longestRoad - KI (3) longest road: 1
2017-02-12 16:32:16.499 INFO  model.Management 285 longestRoad - vchris longest road: 1
2017-02-12 16:32:16.499 INFO  model.Management 331 longestRoad - longest road: nothing changed
2017-02-12 16:32:16.499 INFO  model.Management 397 finish - offene Siegpunkte: 2, Siegpunktkarten: 0
2017-02-12 16:32:16.499 INFO  model.Management 397 finish - offene Siegpunkte: 2, Siegpunktkarten: 0
2017-02-12 16:32:16.499 INFO  model.Management 397 finish - offene Siegpunkte: 2, Siegpunktkarten: 0
2017-02-12 16:32:16.499 INFO  model.Management 397 finish - offene Siegpunkte: 2, Siegpunktkarten: 0
2017-02-12 16:32:16.911 INFO  model.Management 285 longestRoad - KI (1) longest road: 1
2017-02-12 16:32:16.911 INFO  model.Management 285 longestRoad - KI (2) longest road: 1
2017-02-12 16:32:16.911 INFO  model.Management 285 longestRoad - KI (3) longest road: 1
2017-02-12 16:32:16.911 INFO  model.Management 285 longestRoad - vchris longest road: 1
2017-02-12 16:32:16.911 INFO  model.Management 331 longestRoad - longest road: nothing changed
2017-02-12 16:32:16.911 INFO  model.Management 397 finish - offene Siegpunkte: 2, Siegpunktkarten: 0
2017-02-12 16:32:16.911 INFO  model.Management 397 finish - offene Siegpunkte: 2, Siegpunktkarten: 0
2017-02-12 16:32:16.912 INFO  model.Management 397 finish - offene Siegpunkte: 2, Siegpunktkarten: 0
2017-02-12 16:32:16.912 INFO  model.Management 397 finish - offene Siegpunkte: 2, Siegpunktkarten: 0
2017-02-12 16:32:16.912 DEBUG model.players.Player 62 printPlayer - model.players.Ai@2cc9e408
id        1         color     BLUE      name      KI (1)    status    ROLL_DICE 
vp        2         road      false     army      false     
dev       0         dice      0         
res       3         lumber    0         brick     1         grain     1         wool      1         ore       0         
dev       []
dev BLOCK []
Harbors   []
Roads          left      13        built     [{10, 11}, {18, 25}]
Settlements    left      3         built     [{10, 11, 17}, {18, 24, 25}]
Cities         left      4         built     []
2017-02-12 16:32:16.912 DEBUG model.Management 42 printManagement - model.Management@1e67a0e4
KI (1)    sum       3         lumber    0         brick     1         grain     1         wool      1         ore       0         
KI (2)    sum       3         lumber    0         brick     1         grain     0         wool      1         ore       1         
KI (3)    sum       3         lumber    0         brick     0         grain     1         wool      1         ore       1         
vchris    sum       3         lumber    0         brick     0         grain     1         wool      1         ore       1         
[ M ]     sum       83        lumber    19        brick     17        grain     16        wool      15        ore       16        
2017-02-12 16:32:17.145 INFO  model.Management 58 rollDices - 
 Dice [ 4, 2 ]
 Resources [ BRICK 17, LUMBER 19, ORE 16, GRAIN 16, WOOL 15 ]
2017-02-12 16:32:17.170 DEBUG model.players.Player 189 setLumber - model.players.Ai@11193762 [ id: 2 ] old: 0, new: 1
2017-02-12 16:32:17.170 INFO  model.Management 440 setLumber - vorher Lumber: 18
2017-02-12 16:32:17.170 INFO  model.Management 442 setLumber - nacher Lumber: 18
2017-02-12 16:32:17.170 INFO  model.Management 102 bigHarvest - corner: {7, 12, 13}, resource: LUMBER, management: brick: 17, lumber: 18, grain: 16, wool: 15, ore: 16
2017-02-12 16:32:17.170 DEBUG model.players.Player 189 setLumber - model.players.Human@3bc2a19f [ id: 4 ] old: 0, new: 1
2017-02-12 16:32:17.171 INFO  model.Management 440 setLumber - vorher Lumber: 17
2017-02-12 16:32:17.171 INFO  model.Management 442 setLumber - nacher Lumber: 17
2017-02-12 16:32:17.171 INFO  model.Management 102 bigHarvest - corner: {12, 18, 19}, resource: LUMBER, management: brick: 17, lumber: 17, grain: 16, wool: 15, ore: 16
2017-02-12 16:32:17.171 DEBUG model.players.Player 255 setWool - model.players.Ai@11193762 [ id: 2 ] old: 1, new: 2
2017-02-12 16:32:17.171 INFO  model.Management 503 setWool - vorher Wool: 14
2017-02-12 16:32:17.171 INFO  model.Management 505 setWool - nacher Wool: 14
2017-02-12 16:32:17.171 INFO  model.Management 113 bigHarvest - corner: {23, 24, 29}, resource: WOOL, management: brick: 17, lumber: 17, grain: 16, wool: 14, ore: 16
2017-02-12 16:32:17.216 DEBUG model.players.Player 62 printPlayer - model.players.Ai@2cc9e408
id        1         color     BLUE      name      KI (1)    status    TRADE_OR_BUILD
vp        2         road      false     army      false     
dev       0         dice      6         
res       3         lumber    0         brick     1         grain     1         wool      1         ore       0         
dev       []
dev BLOCK []
Harbors   []
Roads          left      13        built     [{10, 11}, {18, 25}]
Settlements    left      3         built     [{10, 11, 17}, {18, 24, 25}]
Cities         left      4         built     []
2017-02-12 16:32:17.216 DEBUG model.Management 42 printManagement - model.Management@1e67a0e4
KI (1)    sum       3         lumber    0         brick     1         grain     1         wool      1         ore       0         
KI (2)    sum       5         lumber    1         brick     1         grain     0         wool      2         ore       1         
KI (3)    sum       3         lumber    0         brick     0         grain     1         wool      1         ore       1         
vchris    sum       4         lumber    1         brick     0         grain     1         wool      1         ore       1         
[ M ]     sum       80        lumber    17        brick     17        grain     16        wool      14        ore       16        
2017-02-12 16:32:17.636 INFO  model.players.Player 895 getBuildableSettlements - move settlement 0
2017-02-12 16:32:17.803 INFO  model.players.Player 1160 moveDevelopmentcards - [] Karten knnen gespielt werden
2017-02-12 16:32:17.803 DEBUG model.players.Player 62 printPlayer - model.players.Ai@2cc9e408
id        1         color     BLUE      name      KI (1)    status    WAIT      
vp        2         road      false     army      false     
dev       0         dice      6         
res       3         lumber    0         brick     1         grain     1         wool      1         ore       0         
dev       []
dev BLOCK []
Harbors   []
Roads          left      13        built     [{10, 11}, {18, 25}]
Settlements    left      3         built     [{10, 11, 17}, {18, 24, 25}]
Cities         left      4         built     []
2017-02-12 16:32:17.803 DEBUG model.Management 42 printManagement - model.Management@1e67a0e4
KI (1)    sum       3         lumber    0         brick     1         grain     1         wool      1         ore       0         
KI (2)    sum       5         lumber    1         brick     1         grain     0         wool      2         ore       1         
KI (3)    sum       3         lumber    0         brick     0         grain     1         wool      1         ore       1         
vchris    sum       4         lumber    1         brick     0         grain     1         wool      1         ore       1         
[ M ]     sum       80        lumber    17        brick     17        grain     16        wool      14        ore       16        
2017-02-12 16:32:17.821 DEBUG model.players.Player 62 printPlayer - model.players.Ai@6742b167
id        3         color     ORANGE    name      KI (3)    status    ROLL_DICE 
vp        2         road      false     army      false     
dev       0         dice      0         
res       3         lumber    0         brick     0         grain     1         wool      1         ore       1         
dev       []
dev BLOCK []
Harbors   []
Roads          left      13        built     [{19, 26}, {17, 23}]
Settlements    left      3         built     [{19, 25, 26}, {16, 17, 23}]
Cities         left      4         built     []
2017-02-12 16:32:17.821 DEBUG model.Management 42 printManagement - model.Management@1e67a0e4
KI (1)    sum       3         lumber    0         brick     1         grain     1         wool      1         ore       0         
KI (2)    sum       5         lumber    1         brick     1         grain     0         wool      2         ore       1         
KI (3)    sum       3         lumber    0         brick     0         grain     1         wool      1         ore       1         
vchris    sum       4         lumber    1         brick     0         grain     1         wool      1         ore       1         
[ M ]     sum       80        lumber    17        brick     17        grain     16        wool      14        ore       16        
2017-02-12 16:32:17.896 INFO  model.Management 58 rollDices - 
 Dice [ 3, 1 ]
 Resources [ BRICK 17, LUMBER 17, ORE 16, GRAIN 16, WOOL 14 ]
2017-02-12 16:32:17.920 DEBUG model.players.Player 233 setGrain - model.players.Human@3bc2a19f [ id: 4 ] old: 1, new: 2
2017-02-12 16:32:17.920 INFO  model.Management 482 setGrain - vorher Grain: 15
2017-02-12 16:32:17.921 INFO  model.Management 484 setGrain - nacher Grain: 15
2017-02-12 16:32:17.921 INFO  model.Management 113 bigHarvest - corner: {25, 30, 31}, resource: GRAIN, management: brick: 17, lumber: 17, grain: 15, wool: 14, ore: 16
2017-02-12 16:32:17.921 DEBUG model.players.Player 233 setGrain - model.players.Ai@2cc9e408 [ id: 1 ] old: 1, new: 2
2017-02-12 16:32:17.921 INFO  model.Management 482 setGrain - vorher Grain: 14
2017-02-12 16:32:17.921 INFO  model.Management 484 setGrain - nacher Grain: 14
2017-02-12 16:32:17.921 INFO  model.Management 113 bigHarvest - corner: {18, 24, 25}, resource: GRAIN, management: brick: 17, lumber: 17, grain: 14, wool: 14, ore: 16
2017-02-12 16:32:17.921 DEBUG model.players.Player 233 setGrain - model.players.Ai@6742b167 [ id: 3 ] old: 1, new: 2
2017-02-12 16:32:17.921 INFO  model.Management 482 setGrain - vorher Grain: 13
2017-02-12 16:32:17.921 INFO  model.Management 484 setGrain - nacher Grain: 13
2017-02-12 16:32:17.921 INFO  model.Management 113 bigHarvest - corner: {19, 25, 26}, resource: GRAIN, management: brick: 17, lumber: 17, grain: 13, wool: 14, ore: 16
2017-02-12 16:32:17.991 DEBUG model.players.Player 62 printPlayer - model.players.Ai@6742b167
id        3         color     ORANGE    name      KI (3)    status    TRADE_OR_BUILD
vp        2         road      false     army      false     
dev       0         dice      4         
res       4         lumber    0         brick     0         grain     2         wool      1         ore       1         
dev       []
dev BLOCK []
Harbors   []
Roads          left      13        built     [{19, 26}, {17, 23}]
Settlements    left      3         built     [{19, 25, 26}, {16, 17, 23}]
Cities         left      4         built     []
2017-02-12 16:32:17.992 DEBUG model.Management 42 printManagement - model.Management@1e67a0e4
KI (1)    sum       4         lumber    0         brick     1         grain     2         wool      1         ore       0         
KI (2)    sum       5         lumber    1         brick     1         grain     0         wool      2         ore       1         
KI (3)    sum       4         lumber    0         brick     0         grain     2         wool      1         ore       1         
vchris    sum       5         lumber    1         brick     0         grain     2         wool      1         ore       1         
[ M ]     sum       77        lumber    17        brick     17        grain     13        wool      14        ore       16        
2017-02-12 16:32:18.484 INFO  model.players.Player 895 getBuildableSettlements - move settlement 0
2017-02-12 16:32:18.484 INFO  model.players.Ai 818 makeMove - Ai buyed a developmentcard
2017-02-12 16:32:18.485 DEBUG model.players.Player 255 setWool - model.players.Ai@6742b167 [ id: 3 ] old: 1, new: 0
2017-02-12 16:32:18.485 INFO  model.Management 503 setWool - vorher Wool: 15
2017-02-12 16:32:18.485 INFO  model.Management 505 setWool - nacher Wool: 15
2017-02-12 16:32:18.485 DEBUG model.players.Player 233 setGrain - model.players.Ai@6742b167 [ id: 3 ] old: 2, new: 1
2017-02-12 16:32:18.486 INFO  model.Management 482 setGrain - vorher Grain: 14
2017-02-12 16:32:18.486 INFO  model.Management 484 setGrain - nacher Grain: 14
2017-02-12 16:32:18.486 DEBUG model.players.Player 211 setOre - model.players.Ai@6742b167 [ id: 3 ] old: 1, new: 0
2017-02-12 16:32:18.486 INFO  model.Management 461 setOre - vorher Ore: 17
2017-02-12 16:32:18.486 INFO  model.Management 463 setOre - nacher Ore: 17
2017-02-12 16:32:18.539 INFO  model.Management 397 finish - offene Siegpunkte: 2, Siegpunktkarten: 0
2017-02-12 16:32:18.540 INFO  model.Management 397 finish - offene Siegpunkte: 2, Siegpunktkarten: 0
2017-02-12 16:32:18.540 INFO  model.Management 397 finish - offene Siegpunkte: 2, Siegpunktkarten: 0
2017-02-12 16:32:18.540 INFO  model.Management 397 finish - offene Siegpunkte: 2, Siegpunktkarten: 0
2017-02-12 16:32:18.902 INFO  model.players.Player 1160 moveDevelopmentcards - [model.cards.RoadBuildingCard@abcab7b] Karten knnen gespielt werden
2017-02-12 16:32:18.902 DEBUG model.players.Player 62 printPlayer - model.players.Ai@6742b167
id        3         color     ORANGE    name      KI (3)    status    WAIT      
vp        2         road      false     army      false     
dev       1         dice      4         
res       1         lumber    0         brick     0         grain     1         wool      0         ore       0         
dev       [model.cards.RoadBuildingCard@abcab7b]
dev BLOCK []
Harbors   []
Roads          left      13        built     [{19, 26}, {17, 23}]
Settlements    left      3         built     [{19, 25, 26}, {16, 17, 23}]
Cities         left      4         built     []
2017-02-12 16:32:18.903 DEBUG model.Management 42 printManagement - model.Management@1e67a0e4
KI (1)    sum       4         lumber    0         brick     1         grain     2         wool      1         ore       0         
KI (2)    sum       5         lumber    1         brick     1         grain     0         wool      2         ore       1         
KI (3)    sum       1         lumber    0         brick     0         grain     1         wool      0         ore       0         
vchris    sum       5         lumber    1         brick     0         grain     2         wool      1         ore       1         
[ M ]     sum       80        lumber    17        brick     17        grain     14        wool      15        ore       17        
2017-02-12 16:32:18.922 DEBUG model.players.Player 62 printPlayer - model.players.Human@3bc2a19f
id        4         color     WHITE     name      vchris    status    ROLL_DICE 
vp        2         road      false     army      false     
dev       0         dice      0         
res       5         lumber    1         brick     0         grain     2         wool      1         ore       1         
dev       []
dev BLOCK []
Harbors   []
Roads          left      13        built     [{18, 19}, {25, 30}]
Settlements    left      3         built     [{12, 18, 19}, {25, 30, 31}]
Cities         left      4         built     []
2017-02-12 16:32:18.923 DEBUG model.Management 42 printManagement - model.Management@1e67a0e4
KI (1)    sum       4         lumber    0         brick     1         grain     2         wool      1         ore       0         
KI (2)    sum       5         lumber    1         brick     1         grain     0         wool      2         ore       1         
KI (3)    sum       1         lumber    0         brick     0         grain     1         wool      0         ore       0         
vchris    sum       5         lumber    1         brick     0         grain     2         wool      1         ore       1         
[ M ]     sum       80        lumber    17        brick     17        grain     14        wool      15        ore       17        
2017-02-12 16:32:20.060 INFO  model.Management 58 rollDices - 
 Dice [ 1, 1 ]
 Resources [ BRICK 17, LUMBER 17, ORE 17, GRAIN 14, WOOL 15 ]
2017-02-12 16:32:20.083 DEBUG model.players.Player 211 setOre - model.players.Ai@6742b167 [ id: 3 ] old: 0, new: 1
2017-02-12 16:32:20.084 INFO  model.Management 461 setOre - vorher Ore: 16
2017-02-12 16:32:20.084 INFO  model.Management 463 setOre - nacher Ore: 16
2017-02-12 16:32:20.084 INFO  model.Management 125 bigHarvest - corner: {16, 17, 23}, resource: ORE, management: brick: 17, lumber: 17, grain: 14, wool: 15, ore: 16
2017-02-12 16:32:20.084 DEBUG model.players.Player 211 setOre - model.players.Ai@11193762 [ id: 2 ] old: 1, new: 2
2017-02-12 16:32:20.084 INFO  model.Management 461 setOre - vorher Ore: 15
2017-02-12 16:32:20.084 INFO  model.Management 463 setOre - nacher Ore: 15
2017-02-12 16:32:20.084 INFO  model.Management 125 bigHarvest - corner: {23, 24, 29}, resource: ORE, management: brick: 17, lumber: 17, grain: 14, wool: 15, ore: 15
2017-02-12 16:32:20.133 DEBUG model.players.Player 62 printPlayer - model.players.Human@3bc2a19f
id        4         color     WHITE     name      vchris    status    TRADE_OR_BUILD
vp        2         road      false     army      false     
dev       0         dice      2         
res       5         lumber    1         brick     0         grain     2         wool      1         ore       1         
dev       []
dev BLOCK []
Harbors   []
Roads          left      13        built     [{18, 19}, {25, 30}]
Settlements    left      3         built     [{12, 18, 19}, {25, 30, 31}]
Cities         left      4         built     []
2017-02-12 16:32:20.133 DEBUG model.Management 42 printManagement - model.Management@1e67a0e4
KI (1)    sum       4         lumber    0         brick     1         grain     2         wool      1         ore       0         
KI (2)    sum       6         lumber    1         brick     1         grain     0         wool      2         ore       2         
KI (3)    sum       2         lumber    0         brick     0         grain     1         wool      0         ore       1         
vchris    sum       5         lumber    1         brick     0         grain     2         wool      1         ore       1         
[ M ]     sum       78        lumber    17        brick     17        grain     14        wool      15        ore       15        
