2017-02-12 18:21:09.946 INFO  model.board.RandomBoard 129 setNumberTokensRandom - 
 outerTerrains :
{{20}=model.board.Hill@529945d1, {13}=model.board.Pasture@7cf652a9, {6}=model.board.Desert@29ae1628, {7}=model.board.Field@217ae800, {10}=model.board.Hill@39558633, {31}=model.board.Forest@77f8f8aa, {23}=model.board.Field@2ebeaf2b, {26}=model.board.Forest@58f26814, {30}=model.board.Mountain@4d030927, {16}=model.board.Forest@7d0e9585, {5}=model.board.Pasture@2692aaf8}
2017-02-12 18:21:09.950 INFO  model.board.Board 262 printBoardIDs - 
  null  null  null   {0}   {1}   {2}   {3}
  null  null   {4}   {5}   {6}   {7}   {8}
  null   {9}  {10}  {11}  {12}  {13}  {14}
  {15}  {16}  {17}  {18}  {19}  {20}  {21}
  {22}  {23}  {24}  {25}  {26}  {27}  null
  {28}  {29}  {30}  {31}  {32}  null  null
  {33}  {34}  {35}  {36}  null  null  null

2017-02-12 18:21:09.952 INFO  model.board.Board 339 printNumberTokens - 
  null  null  null  null  null  null  null
  null  null  null    12     0     9  null
  null  null    11     6     5    10  null
  null     4     3    11     4     8  null
  null     8    10     9     3  null  null
  null     5     2     6  null  null  null
  null  null  null  null  null  null  null

2017-02-12 18:21:09.954 INFO  model.board.Board 280 printBoardSpecialCo - 
(     )(     )(     )( 0,-3)( 1,-3)( 2,-3)( 3,-3)
(     )(     )(-1,-2)( 0,-2)( 1,-2)( 2,-2)( 3,-2)
(     )(-2,-1)(-1,-1)( 0,-1)( 1,-1)( 2,-1)( 3,-1)
(-3, 0)(-2, 0)(-1, 0)( 0, 0)( 1, 0)( 2, 0)( 3, 0)
(-3, 1)(-2, 1)(-1, 1)( 0, 1)( 1, 1)( 2, 1)(     )
(-3, 2)(-2, 2)(-1, 2)( 0, 2)( 1, 2)(     )(     )
(-3, 3)(-2, 3)(-1, 3)( 0, 3)(     )(     )(     )

2017-02-12 18:21:09.958 INFO  model.board.Board 300 printTileNeighbors - 
Row: 0
                          null : 
                          null : 
                          null : 
      model.board.Sea@6d6bd4f6 : [model.board.Sea@3874a24d, model.board.Pasture@2692aaf8, model.board.Sea@31dfba7b]
      model.board.Sea@3874a24d : [model.board.Desert@29ae1628, model.board.Pasture@2692aaf8, model.board.Sea@6d6bd4f6, model.board.Sea@2a913d2]
       model.board.Sea@2a913d2 : [model.board.Sea@3874a24d, model.board.Field@217ae800, model.board.Desert@29ae1628, model.board.Sea@3156ab15]
      model.board.Sea@3156ab15 : [model.board.Sea@2cad11b8, model.board.Field@217ae800, model.board.Sea@2a913d2]
Row: 1
                          null : 
                          null : 
      model.board.Sea@31dfba7b : [model.board.Pasture@2692aaf8, model.board.Hill@39558633, model.board.Sea@606d7a34, model.board.Sea@6d6bd4f6]
  model.board.Pasture@2692aaf8 : [model.board.Sea@3874a24d, model.board.Desert@29ae1628, model.board.Field@2a90d268, model.board.Hill@39558633, model.board.Sea@31dfba7b, model.board.Sea@6d6bd4f6]
   model.board.Desert@29ae1628 : [model.board.Sea@3874a24d, model.board.Field@217ae800, model.board.Mountain@2e9ada2c, model.board.Field@2a90d268, model.board.Pasture@2692aaf8, model.board.Sea@2a913d2]
    model.board.Field@217ae800 : [model.board.Sea@2cad11b8, model.board.Pasture@7cf652a9, model.board.Mountain@2e9ada2c, model.board.Desert@29ae1628, model.board.Sea@2a913d2, model.board.Sea@3156ab15]
      model.board.Sea@2cad11b8 : [model.board.Sea@6afe2e96, model.board.Pasture@7cf652a9, model.board.Field@217ae800, model.board.Sea@3156ab15]
Row: 2
                          null : 
      model.board.Sea@606d7a34 : [model.board.Sea@31dfba7b, model.board.Hill@39558633, model.board.Sea@61c94527, model.board.Forest@7d0e9585]
     model.board.Hill@39558633 : [model.board.Mountain@4d66c8e4, model.board.Sea@31dfba7b, model.board.Pasture@2692aaf8, model.board.Field@2a90d268, model.board.Sea@606d7a34, model.board.Forest@7d0e9585]
    model.board.Field@2a90d268 : [model.board.Mountain@4d66c8e4, model.board.Pasture@2692aaf8, model.board.Desert@29ae1628, model.board.Mountain@2e9ada2c, model.board.Hill@39558633, model.board.Hill@35d530de]
 model.board.Mountain@2e9ada2c : [model.board.Desert@29ae1628, model.board.Field@217ae800, model.board.Pasture@7cf652a9, model.board.Field@2a90d268, model.board.Hill@35d530de, model.board.Pasture@2ec4326c]
  model.board.Pasture@7cf652a9 : [model.board.Field@217ae800, model.board.Sea@2cad11b8, model.board.Sea@6afe2e96, model.board.Hill@529945d1, model.board.Mountain@2e9ada2c, model.board.Pasture@2ec4326c]
      model.board.Sea@6afe2e96 : [model.board.Sea@2cad11b8, model.board.Sea@58faaee, model.board.Hill@529945d1, model.board.Pasture@7cf652a9]
Row: 3
      model.board.Sea@61c94527 : [model.board.Sea@606d7a34, model.board.Sea@7ed57353, model.board.Forest@7d0e9585]
   model.board.Forest@7d0e9585 : [model.board.Mountain@4d66c8e4, model.board.Sea@606d7a34, model.board.Hill@39558633, model.board.Field@2ebeaf2b, model.board.Sea@7ed57353, model.board.Sea@61c94527]
 model.board.Mountain@4d66c8e4 : [model.board.Hill@39558633, model.board.Field@2a90d268, model.board.Pasture@629aff97, model.board.Field@2ebeaf2b, model.board.Forest@7d0e9585, model.board.Hill@35d530de]
     model.board.Hill@35d530de : [model.board.Mountain@4d66c8e4, model.board.Field@2a90d268, model.board.Mountain@2e9ada2c, model.board.Forest@6dc2e6fa, model.board.Pasture@629aff97, model.board.Pasture@2ec4326c]
  model.board.Pasture@2ec4326c : [model.board.Mountain@2e9ada2c, model.board.Pasture@7cf652a9, model.board.Hill@529945d1, model.board.Forest@58f26814, model.board.Forest@6dc2e6fa, model.board.Hill@35d530de]
     model.board.Hill@529945d1 : [model.board.Pasture@7cf652a9, model.board.Sea@6afe2e96, model.board.Sea@58faaee, model.board.Sea@15e2f976, model.board.Forest@58f26814, model.board.Pasture@2ec4326c]
       model.board.Sea@58faaee : [model.board.Sea@6afe2e96, model.board.Sea@15e2f976, model.board.Hill@529945d1]
Row: 4
      model.board.Sea@7ed57353 : [model.board.Sea@61c94527, model.board.Field@2ebeaf2b, model.board.Sea@40f85f72, model.board.Forest@7d0e9585]
    model.board.Field@2ebeaf2b : [model.board.Mountain@4d66c8e4, model.board.Pasture@629aff97, model.board.Field@75ab76bd, model.board.Sea@40f85f72, model.board.Sea@7ed57353, model.board.Forest@7d0e9585]
  model.board.Pasture@629aff97 : [model.board.Mountain@4d66c8e4, model.board.Forest@6dc2e6fa, model.board.Mountain@4d030927, model.board.Field@75ab76bd, model.board.Field@2ebeaf2b, model.board.Hill@35d530de]
   model.board.Forest@6dc2e6fa : [model.board.Forest@58f26814, model.board.Forest@77f8f8aa, model.board.Mountain@4d030927, model.board.Pasture@629aff97, model.board.Hill@35d530de, model.board.Pasture@2ec4326c]
   model.board.Forest@58f26814 : [model.board.Hill@529945d1, model.board.Sea@15e2f976, model.board.Forest@77f8f8aa, model.board.Forest@6dc2e6fa, model.board.Sea@fa4bbc4, model.board.Pasture@2ec4326c]
      model.board.Sea@15e2f976 : [model.board.Hill@529945d1, model.board.Sea@58faaee, model.board.Forest@58f26814, model.board.Sea@fa4bbc4]
                          null : 
Row: 5
      model.board.Sea@40f85f72 : [model.board.Sea@d8fca0f, model.board.Sea@7ed57353, model.board.Field@2ebeaf2b, model.board.Field@75ab76bd]
    model.board.Field@75ab76bd : [model.board.Sea@d8fca0f, model.board.Field@2ebeaf2b, model.board.Pasture@629aff97, model.board.Mountain@4d030927, model.board.Sea@40f85f72, model.board.Sea@f0e1703]
 model.board.Mountain@4d030927 : [model.board.Pasture@629aff97, model.board.Forest@6dc2e6fa, model.board.Forest@77f8f8aa, model.board.Field@75ab76bd, model.board.Sea@f0e1703, model.board.Sea@213e96c1]
   model.board.Forest@77f8f8aa : [model.board.Forest@6dc2e6fa, model.board.Forest@58f26814, model.board.Sea@bee73b9, model.board.Mountain@4d030927, model.board.Sea@fa4bbc4, model.board.Sea@213e96c1]
       model.board.Sea@fa4bbc4 : [model.board.Forest@58f26814, model.board.Sea@15e2f976, model.board.Sea@bee73b9, model.board.Forest@77f8f8aa]
                          null : 
                          null : 
Row: 6
       model.board.Sea@d8fca0f : [model.board.Sea@40f85f72, model.board.Field@75ab76bd, model.board.Sea@f0e1703]
       model.board.Sea@f0e1703 : [model.board.Sea@d8fca0f, model.board.Field@75ab76bd, model.board.Mountain@4d030927, model.board.Sea@213e96c1]
      model.board.Sea@213e96c1 : [model.board.Mountain@4d030927, model.board.Forest@77f8f8aa, model.board.Sea@bee73b9, model.board.Sea@f0e1703]
       model.board.Sea@bee73b9 : [model.board.Forest@77f8f8aa, model.board.Sea@fa4bbc4, model.board.Sea@213e96c1]
                          null : 
                          null : 
                          null : 

2017-02-12 18:21:09.960 INFO  model.board.Board 321 printPorts - 
        {33} : LUMBER
         {9} : GENERIC
         {8} : GENERIC
        {22} : GRAIN
         {0} : GENERIC
        {32} : WOOL
         {2} : BRICK
        {35} : GENERIC
        {21} : ORE

{22, 23, 28} : GRAIN
{16, 22, 23} : GRAIN
   {1, 2, 6} : BRICK
   {2, 6, 7} : BRICK
{28, 29, 33} : LUMBER
  {7, 8, 13} : GENERIC
 {8, 13, 14} : GENERIC
 {9, 10, 16} : GENERIC
 {9, 15, 16} : GENERIC
{26, 27, 32} : WOOL
{26, 31, 32} : WOOL
{29, 33, 34} : LUMBER
{30, 31, 35} : GENERIC
{30, 34, 35} : GENERIC
{14, 20, 21} : ORE
{20, 21, 27} : ORE
   {0, 4, 5} : GENERIC
   {0, 1, 5} : GENERIC

2017-02-12 18:21:09.992 TRACE model.players.Ai 33 <init> - Enter model.players.Ai@222b899d
2017-02-12 18:21:09.993 DEBUG model.players.Player 62 printPlayer - model.players.Ai@222b899d
id        1         color     NULL      name                status    null      
vp        0         road      false     army      false     
dev       0         dice      0         
res       0         lumber    0         brick     0         grain     0         wool      0         ore       0         
dev       []
dev BLOCK []
Harbors   []
Roads          left      15        built     []
Settlements    left      5         built     []
Cities         left      4         built     []
2017-02-12 18:21:09.994 DEBUG model.players.Player 62 printPlayer - model.players.Ai@222b899d
id        1         color     NULL      name                status    START_GAME
vp        0         road      false     army      false     
dev       0         dice      0         
res       0         lumber    0         brick     0         grain     0         wool      0         ore       0         
dev       []
dev BLOCK []
Harbors   []
Roads          left      15        built     []
Settlements    left      5         built     []
Cities         left      4         built     []
2017-02-12 18:21:10.062 TRACE model.players.Ai 33 <init> - Enter model.players.Ai@744609fa
2017-02-12 18:21:10.063 DEBUG model.players.Player 62 printPlayer - model.players.Ai@744609fa
id        2         color     NULL      name                status    null      
vp        0         road      false     army      false     
dev       0         dice      0         
res       0         lumber    0         brick     0         grain     0         wool      0         ore       0         
dev       []
dev BLOCK []
Harbors   []
Roads          left      15        built     []
Settlements    left      5         built     []
Cities         left      4         built     []
2017-02-12 18:21:10.064 DEBUG model.players.Player 62 printPlayer - model.players.Ai@744609fa
id        2         color     NULL      name                status    START_GAME
vp        0         road      false     army      false     
dev       0         dice      0         
res       0         lumber    0         brick     0         grain     0         wool      0         ore       0         
dev       []
dev BLOCK []
Harbors   []
Roads          left      15        built     []
Settlements    left      5         built     []
Cities         left      4         built     []
2017-02-12 18:21:10.494 DEBUG model.players.Player 62 printPlayer - model.players.Ai@222b899d
id        1         color     BLUE      name      KI (1)    status    WAIT_FOR_GAME_START
vp        0         road      false     army      false     
dev       0         dice      0         
res       0         lumber    0         brick     0         grain     0         wool      0         ore       0         
dev       []
dev BLOCK []
Harbors   []
Roads          left      15        built     []
Settlements    left      5         built     []
Cities         left      4         built     []
2017-02-12 18:21:10.496 DEBUG model.Management 42 printManagement - model.Management@78c20f79
KI (1)    sum       0         lumber    0         brick     0         grain     0         wool      0         ore       0         
KI (2)    sum       0         lumber    0         brick     0         grain     0         wool      0         ore       0         
[ M ]     sum       95        lumber    19        brick     19        grain     19        wool      19        ore       19        
2017-02-12 18:21:10.645 DEBUG model.players.Player 62 printPlayer - model.players.Ai@744609fa
id        2         color     RED       name      KI (2)    status    WAIT_FOR_GAME_START
vp        0         road      false     army      false     
dev       0         dice      0         
res       0         lumber    0         brick     0         grain     0         wool      0         ore       0         
dev       []
dev BLOCK []
Harbors   []
Roads          left      15        built     []
Settlements    left      5         built     []
Cities         left      4         built     []
2017-02-12 18:21:10.647 DEBUG model.Management 42 printManagement - model.Management@78c20f79
KI (1)    sum       0         lumber    0         brick     0         grain     0         wool      0         ore       0         
KI (2)    sum       0         lumber    0         brick     0         grain     0         wool      0         ore       0         
[ M ]     sum       95        lumber    19        brick     19        grain     19        wool      19        ore       19        
2017-02-12 18:21:18.714 TRACE model.players.Human 11 <init> - Enter model.players.Human@16be75b9
2017-02-12 18:21:18.715 DEBUG model.players.Player 62 printPlayer - model.players.Human@16be75b9
id        3         color     NULL      name                status    null      
vp        0         road      false     army      false     
dev       0         dice      0         
res       0         lumber    0         brick     0         grain     0         wool      0         ore       0         
dev       []
dev BLOCK []
Harbors   []
Roads          left      15        built     []
Settlements    left      5         built     []
Cities         left      4         built     []
2017-02-12 18:21:18.716 DEBUG model.players.Player 62 printPlayer - model.players.Human@16be75b9
id        3         color     NULL      name                status    START_GAME
vp        0         road      false     army      false     
dev       0         dice      0         
res       0         lumber    0         brick     0         grain     0         wool      0         ore       0         
dev       []
dev BLOCK []
Harbors   []
Roads          left      15        built     []
Settlements    left      5         built     []
Cities         left      4         built     []
2017-02-12 18:21:26.174 DEBUG model.players.Player 62 printPlayer - model.players.Human@16be75b9
id        3         color     ORANGE    name      chris     status    WAIT_FOR_GAME_START
vp        0         road      false     army      false     
dev       0         dice      0         
res       0         lumber    0         brick     0         grain     0         wool      0         ore       0         
dev       []
dev BLOCK []
Harbors   []
Roads          left      15        built     []
Settlements    left      5         built     []
Cities         left      4         built     []
2017-02-12 18:21:26.175 DEBUG model.Management 42 printManagement - model.Management@78c20f79
KI (1)    sum       0         lumber    0         brick     0         grain     0         wool      0         ore       0         
KI (2)    sum       0         lumber    0         brick     0         grain     0         wool      0         ore       0         
chris     sum       0         lumber    0         brick     0         grain     0         wool      0         ore       0         
[ M ]     sum       95        lumber    19        brick     19        grain     19        wool      19        ore       19        
2017-02-12 18:21:26.208 INFO  model.Management 58 rollDices - 
 Dice [ 2, 4 ]
 Resources [ BRICK 19, LUMBER 19, ORE 19, GRAIN 19, WOOL 19 ]
2017-02-12 18:21:26.226 INFO  model.Management 58 rollDices - 
 Dice [ 5, 2 ]
 Resources [ BRICK 19, LUMBER 19, ORE 19, GRAIN 19, WOOL 19 ]
2017-02-12 18:21:26.244 INFO  model.Management 58 rollDices - 
 Dice [ 1, 6 ]
 Resources [ BRICK 19, LUMBER 19, ORE 19, GRAIN 19, WOOL 19 ]
2017-02-12 18:21:26.263 INFO  model.Management 58 rollDices - 
 Dice [ 6, 2 ]
 Resources [ BRICK 19, LUMBER 19, ORE 19, GRAIN 19, WOOL 19 ]
2017-02-12 18:21:26.283 INFO  model.Management 58 rollDices - 
 Dice [ 4, 1 ]
 Resources [ BRICK 19, LUMBER 19, ORE 19, GRAIN 19, WOOL 19 ]
2017-02-12 18:21:26.302 INFO  model.Management 58 rollDices - 
 Dice [ 6, 4 ]
 Resources [ BRICK 19, LUMBER 19, ORE 19, GRAIN 19, WOOL 19 ]
2017-02-12 18:21:26.327 DEBUG model.players.Player 62 printPlayer - model.players.Human@16be75b9
id        3         color     ORANGE    name      chris     status    BUILD_SETTLEMENT
vp        0         road      false     army      false     
dev       0         dice      0         
res       0         lumber    0         brick     0         grain     0         wool      0         ore       0         
dev       []
dev BLOCK []
Harbors   []
Roads          left      15        built     []
Settlements    left      5         built     []
Cities         left      4         built     []
2017-02-12 18:21:26.328 DEBUG model.Management 42 printManagement - model.Management@78c20f79
KI (1)    sum       0         lumber    0         brick     0         grain     0         wool      0         ore       0         
KI (2)    sum       0         lumber    0         brick     0         grain     0         wool      0         ore       0         
chris     sum       0         lumber    0         brick     0         grain     0         wool      0         ore       0         
[ M ]     sum       95        lumber    19        brick     19        grain     19        wool      19        ore       19        
2017-02-12 18:21:26.329 DEBUG model.players.Player 62 printPlayer - model.players.Ai@222b899d
id        1         color     BLUE      name      KI (1)    status    WAIT      
vp        0         road      false     army      false     
dev       0         dice      0         
res       0         lumber    0         brick     0         grain     0         wool      0         ore       0         
dev       []
dev BLOCK []
Harbors   []
Roads          left      15        built     []
Settlements    left      5         built     []
Cities         left      4         built     []
2017-02-12 18:21:26.330 DEBUG model.Management 42 printManagement - model.Management@78c20f79
KI (1)    sum       0         lumber    0         brick     0         grain     0         wool      0         ore       0         
KI (2)    sum       0         lumber    0         brick     0         grain     0         wool      0         ore       0         
chris     sum       0         lumber    0         brick     0         grain     0         wool      0         ore       0         
[ M ]     sum       95        lumber    19        brick     19        grain     19        wool      19        ore       19        
2017-02-12 18:21:26.344 DEBUG model.players.Player 62 printPlayer - model.players.Ai@744609fa
id        2         color     RED       name      KI (2)    status    WAIT      
vp        0         road      false     army      false     
dev       0         dice      0         
res       0         lumber    0         brick     0         grain     0         wool      0         ore       0         
dev       []
dev BLOCK []
Harbors   []
Roads          left      15        built     []
Settlements    left      5         built     []
Cities         left      4         built     []
2017-02-12 18:21:26.345 DEBUG model.Management 42 printManagement - model.Management@78c20f79
KI (1)    sum       0         lumber    0         brick     0         grain     0         wool      0         ore       0         
KI (2)    sum       0         lumber    0         brick     0         grain     0         wool      0         ore       0         
chris     sum       0         lumber    0         brick     0         grain     0         wool      0         ore       0         
[ M ]     sum       95        lumber    19        brick     19        grain     19        wool      19        ore       19        
2017-02-12 18:21:59.492 DEBUG model.players.Player 62 printPlayer - model.players.Human@16be75b9
id        3         color     ORANGE    name      chris     status    BUILD_STREET
vp        1         road      false     army      false     
dev       0         dice      0         
res       0         lumber    0         brick     0         grain     0         wool      0         ore       0         
dev       []
dev BLOCK []
Harbors   []
Roads          left      15        built     []
Settlements    left      4         built     [{11, 12, 18}]
Cities         left      4         built     []
2017-02-12 18:21:59.493 DEBUG model.Management 42 printManagement - model.Management@78c20f79
KI (1)    sum       0         lumber    0         brick     0         grain     0         wool      0         ore       0         
KI (2)    sum       0         lumber    0         brick     0         grain     0         wool      0         ore       0         
chris     sum       0         lumber    0         brick     0         grain     0         wool      0         ore       0         
[ M ]     sum       95        lumber    19        brick     19        grain     19        wool      19        ore       19        
2017-02-12 18:21:59.512 INFO  model.Management 285 longestRoad - KI (1) longest road: 0
2017-02-12 18:21:59.512 INFO  model.Management 285 longestRoad - KI (2) longest road: 0
2017-02-12 18:21:59.512 INFO  model.Management 285 longestRoad - chris longest road: 0
2017-02-12 18:21:59.512 INFO  model.Management 331 longestRoad - longest road: nothing changed
2017-02-12 18:21:59.512 INFO  model.Management 397 finish - offene Siegpunkte: 0, Siegpunktkarten: 0
2017-02-12 18:21:59.513 INFO  model.Management 397 finish - offene Siegpunkte: 0, Siegpunktkarten: 0
2017-02-12 18:21:59.513 INFO  model.Management 397 finish - offene Siegpunkte: 1, Siegpunktkarten: 0
2017-02-12 18:22:00.851 INFO  model.Management 285 longestRoad - KI (1) longest road: 0
2017-02-12 18:22:00.851 INFO  model.Management 285 longestRoad - KI (2) longest road: 0
2017-02-12 18:22:00.852 INFO  model.Management 285 longestRoad - chris longest road: 1
2017-02-12 18:22:00.852 INFO  model.Management 331 longestRoad - longest road: nothing changed
2017-02-12 18:22:00.852 INFO  model.Management 397 finish - offene Siegpunkte: 0, Siegpunktkarten: 0
2017-02-12 18:22:00.852 INFO  model.Management 397 finish - offene Siegpunkte: 0, Siegpunktkarten: 0
2017-02-12 18:22:00.852 INFO  model.Management 397 finish - offene Siegpunkte: 1, Siegpunktkarten: 0
2017-02-12 18:22:00.853 DEBUG model.players.Player 62 printPlayer - model.players.Ai@222b899d
id        1         color     BLUE      name      KI (1)    status    BUILD_SETTLEMENT
vp        0         road      false     army      false     
dev       0         dice      0         
res       0         lumber    0         brick     0         grain     0         wool      0         ore       0         
dev       []
dev BLOCK []
Harbors   []
Roads          left      15        built     []
Settlements    left      5         built     []
Cities         left      4         built     []
2017-02-12 18:22:00.854 DEBUG model.Management 42 printManagement - model.Management@78c20f79
KI (1)    sum       0         lumber    0         brick     0         grain     0         wool      0         ore       0         
KI (2)    sum       0         lumber    0         brick     0         grain     0         wool      0         ore       0         
chris     sum       0         lumber    0         brick     0         grain     0         wool      0         ore       0         
[ M ]     sum       95        lumber    19        brick     19        grain     19        wool      19        ore       19        
2017-02-12 18:22:00.856 DEBUG model.players.Player 62 printPlayer - model.players.Human@16be75b9
id        3         color     ORANGE    name      chris     status    WAIT      
vp        1         road      false     army      false     
dev       0         dice      0         
res       0         lumber    0         brick     0         grain     0         wool      0         ore       0         
dev       []
dev BLOCK []
Harbors   []
Roads          left      14        built     [{11, 18}]
Settlements    left      4         built     [{11, 12, 18}]
Cities         left      4         built     []
2017-02-12 18:22:00.856 DEBUG model.Management 42 printManagement - model.Management@78c20f79
KI (1)    sum       0         lumber    0         brick     0         grain     0         wool      0         ore       0         
KI (2)    sum       0         lumber    0         brick     0         grain     0         wool      0         ore       0         
chris     sum       0         lumber    0         brick     0         grain     0         wool      0         ore       0         
[ M ]     sum       95        lumber    19        brick     19        grain     19        wool      19        ore       19        
2017-02-12 18:22:01.082 INFO  model.players.Player 892 getBuildableSettlements - start settlement 50
2017-02-12 18:22:01.084 INFO  model.players.Player 892 getBuildableSettlements - start settlement 50
2017-02-12 18:22:01.086 INFO  model.players.Player 892 getBuildableSettlements - start settlement 50
2017-02-12 18:22:01.087 INFO  model.players.Player 892 getBuildableSettlements - start settlement 50
2017-02-12 18:22:01.089 INFO  model.players.Player 892 getBuildableSettlements - start settlement 50
2017-02-12 18:22:01.091 INFO  model.players.Player 892 getBuildableSettlements - start settlement 50
2017-02-12 18:22:01.094 INFO  model.players.Player 892 getBuildableSettlements - start settlement 50
2017-02-12 18:22:01.096 INFO  model.players.Player 892 getBuildableSettlements - start settlement 50
2017-02-12 18:22:01.097 INFO  model.players.Player 892 getBuildableSettlements - start settlement 50
2017-02-12 18:22:01.098 INFO  model.players.Player 892 getBuildableSettlements - start settlement 50
2017-02-12 18:22:01.100 INFO  model.players.Player 892 getBuildableSettlements - start settlement 50
2017-02-12 18:22:01.101 INFO  model.players.Player 892 getBuildableSettlements - start settlement 50
2017-02-12 18:22:01.102 INFO  model.players.Player 892 getBuildableSettlements - start settlement 50
2017-02-12 18:22:01.104 INFO  model.players.Player 892 getBuildableSettlements - start settlement 50
2017-02-12 18:22:01.106 INFO  model.players.Player 892 getBuildableSettlements - start settlement 50
2017-02-12 18:22:01.107 INFO  model.players.Player 892 getBuildableSettlements - start settlement 50
2017-02-12 18:22:01.108 INFO  model.players.Player 892 getBuildableSettlements - start settlement 50
2017-02-12 18:22:01.109 INFO  model.players.Player 892 getBuildableSettlements - start settlement 50
2017-02-12 18:22:01.111 INFO  model.players.Player 892 getBuildableSettlements - start settlement 50
2017-02-12 18:22:01.112 INFO  model.players.Player 892 getBuildableSettlements - start settlement 50
2017-02-12 18:22:01.133 DEBUG model.players.Player 62 printPlayer - model.players.Ai@222b899d
id        1         color     BLUE      name      KI (1)    status    BUILD_STREET
vp        1         road      false     army      false     
dev       0         dice      0         
res       0         lumber    0         brick     0         grain     0         wool      0         ore       0         
dev       []
dev BLOCK []
Harbors   []
Roads          left      15        built     []
Settlements    left      4         built     [{16, 17, 23}]
Cities         left      4         built     []
2017-02-12 18:22:01.133 DEBUG model.Management 42 printManagement - model.Management@78c20f79
KI (1)    sum       0         lumber    0         brick     0         grain     0         wool      0         ore       0         
KI (2)    sum       0         lumber    0         brick     0         grain     0         wool      0         ore       0         
chris     sum       0         lumber    0         brick     0         grain     0         wool      0         ore       0         
[ M ]     sum       95        lumber    19        brick     19        grain     19        wool      19        ore       19        
2017-02-12 18:22:01.151 INFO  model.Management 285 longestRoad - KI (1) longest road: 0
2017-02-12 18:22:01.151 INFO  model.Management 285 longestRoad - KI (2) longest road: 0
2017-02-12 18:22:01.152 INFO  model.Management 285 longestRoad - chris longest road: 1
2017-02-12 18:22:01.152 INFO  model.Management 331 longestRoad - longest road: nothing changed
2017-02-12 18:22:01.152 INFO  model.Management 397 finish - offene Siegpunkte: 1, Siegpunktkarten: 0
2017-02-12 18:22:01.152 INFO  model.Management 397 finish - offene Siegpunkte: 0, Siegpunktkarten: 0
2017-02-12 18:22:01.152 INFO  model.Management 397 finish - offene Siegpunkte: 1, Siegpunktkarten: 0
2017-02-12 18:22:01.505 INFO  model.Management 285 longestRoad - KI (1) longest road: 1
2017-02-12 18:22:01.505 INFO  model.Management 285 longestRoad - KI (2) longest road: 0
2017-02-12 18:22:01.505 INFO  model.Management 285 longestRoad - chris longest road: 1
2017-02-12 18:22:01.505 INFO  model.Management 331 longestRoad - longest road: nothing changed
2017-02-12 18:22:01.506 INFO  model.Management 397 finish - offene Siegpunkte: 1, Siegpunktkarten: 0
2017-02-12 18:22:01.506 INFO  model.Management 397 finish - offene Siegpunkte: 0, Siegpunktkarten: 0
2017-02-12 18:22:01.506 INFO  model.Management 397 finish - offene Siegpunkte: 1, Siegpunktkarten: 0
2017-02-12 18:22:01.506 DEBUG model.players.Player 62 printPlayer - model.players.Ai@744609fa
id        2         color     RED       name      KI (2)    status    BUILD_SETTLEMENT
vp        0         road      false     army      false     
dev       0         dice      0         
res       0         lumber    0         brick     0         grain     0         wool      0         ore       0         
dev       []
dev BLOCK []
Harbors   []
Roads          left      15        built     []
Settlements    left      5         built     []
Cities         left      4         built     []
2017-02-12 18:22:01.507 DEBUG model.Management 42 printManagement - model.Management@78c20f79
KI (1)    sum       0         lumber    0         brick     0         grain     0         wool      0         ore       0         
KI (2)    sum       0         lumber    0         brick     0         grain     0         wool      0         ore       0         
chris     sum       0         lumber    0         brick     0         grain     0         wool      0         ore       0         
[ M ]     sum       95        lumber    19        brick     19        grain     19        wool      19        ore       19        
2017-02-12 18:22:01.507 DEBUG model.players.Player 62 printPlayer - model.players.Ai@222b899d
id        1         color     BLUE      name      KI (1)    status    WAIT      
vp        1         road      false     army      false     
dev       0         dice      0         
res       0         lumber    0         brick     0         grain     0         wool      0         ore       0         
dev       []
dev BLOCK []
Harbors   []
Roads          left      14        built     [{17, 23}]
Settlements    left      4         built     [{16, 17, 23}]
Cities         left      4         built     []
2017-02-12 18:22:01.508 DEBUG model.Management 42 printManagement - model.Management@78c20f79
KI (1)    sum       0         lumber    0         brick     0         grain     0         wool      0         ore       0         
KI (2)    sum       0         lumber    0         brick     0         grain     0         wool      0         ore       0         
chris     sum       0         lumber    0         brick     0         grain     0         wool      0         ore       0         
[ M ]     sum       95        lumber    19        brick     19        grain     19        wool      19        ore       19        
2017-02-12 18:22:01.738 INFO  model.players.Player 892 getBuildableSettlements - start settlement 46
2017-02-12 18:22:01.739 INFO  model.players.Player 892 getBuildableSettlements - start settlement 46
2017-02-12 18:22:01.739 INFO  model.players.Player 892 getBuildableSettlements - start settlement 46
2017-02-12 18:22:01.740 INFO  model.players.Player 892 getBuildableSettlements - start settlement 46
2017-02-12 18:22:01.740 INFO  model.players.Player 892 getBuildableSettlements - start settlement 46
2017-02-12 18:22:01.740 INFO  model.players.Player 892 getBuildableSettlements - start settlement 46
2017-02-12 18:22:01.741 INFO  model.players.Player 892 getBuildableSettlements - start settlement 46
2017-02-12 18:22:01.741 INFO  model.players.Player 892 getBuildableSettlements - start settlement 46
2017-02-12 18:22:01.741 INFO  model.players.Player 892 getBuildableSettlements - start settlement 46
2017-02-12 18:22:01.742 INFO  model.players.Player 892 getBuildableSettlements - start settlement 46
2017-02-12 18:22:01.742 INFO  model.players.Player 892 getBuildableSettlements - start settlement 46
2017-02-12 18:22:01.742 INFO  model.players.Player 892 getBuildableSettlements - start settlement 46
2017-02-12 18:22:01.743 INFO  model.players.Player 892 getBuildableSettlements - start settlement 46
2017-02-12 18:22:01.743 INFO  model.players.Player 892 getBuildableSettlements - start settlement 46
2017-02-12 18:22:01.743 INFO  model.players.Player 892 getBuildableSettlements - start settlement 46
2017-02-12 18:22:01.743 INFO  model.players.Player 892 getBuildableSettlements - start settlement 46
2017-02-12 18:22:01.744 INFO  model.players.Player 892 getBuildableSettlements - start settlement 46
2017-02-12 18:22:01.744 INFO  model.players.Player 892 getBuildableSettlements - start settlement 46
2017-02-12 18:22:01.744 INFO  model.players.Player 892 getBuildableSettlements - start settlement 46
2017-02-12 18:22:01.745 INFO  model.players.Player 892 getBuildableSettlements - start settlement 46
2017-02-12 18:22:01.765 DEBUG model.players.Player 62 printPlayer - model.players.Ai@744609fa
id        2         color     RED       name      KI (2)    status    BUILD_STREET
vp        1         road      false     army      false     
dev       0         dice      0         
res       0         lumber    0         brick     0         grain     0         wool      0         ore       0         
dev       []
dev BLOCK []
Harbors   []
Roads          left      15        built     []
Settlements    left      4         built     [{19, 20, 26}]
Cities         left      4         built     []
2017-02-12 18:22:01.766 DEBUG model.Management 42 printManagement - model.Management@78c20f79
KI (1)    sum       0         lumber    0         brick     0         grain     0         wool      0         ore       0         
KI (2)    sum       0         lumber    0         brick     0         grain     0         wool      0         ore       0         
chris     sum       0         lumber    0         brick     0         grain     0         wool      0         ore       0         
[ M ]     sum       95        lumber    19        brick     19        grain     19        wool      19        ore       19        
2017-02-12 18:22:01.783 INFO  model.Management 285 longestRoad - KI (1) longest road: 1
2017-02-12 18:22:01.783 INFO  model.Management 285 longestRoad - KI (2) longest road: 0
2017-02-12 18:22:01.783 INFO  model.Management 285 longestRoad - chris longest road: 1
2017-02-12 18:22:01.784 INFO  model.Management 331 longestRoad - longest road: nothing changed
2017-02-12 18:22:01.784 INFO  model.Management 397 finish - offene Siegpunkte: 1, Siegpunktkarten: 0
2017-02-12 18:22:01.784 INFO  model.Management 397 finish - offene Siegpunkte: 1, Siegpunktkarten: 0
2017-02-12 18:22:01.784 INFO  model.Management 397 finish - offene Siegpunkte: 1, Siegpunktkarten: 0
2017-02-12 18:22:02.136 INFO  model.Management 285 longestRoad - KI (1) longest road: 1
2017-02-12 18:22:02.137 INFO  model.Management 285 longestRoad - KI (2) longest road: 1
2017-02-12 18:22:02.137 INFO  model.Management 285 longestRoad - chris longest road: 1
2017-02-12 18:22:02.137 INFO  model.Management 331 longestRoad - longest road: nothing changed
2017-02-12 18:22:02.137 INFO  model.Management 397 finish - offene Siegpunkte: 1, Siegpunktkarten: 0
2017-02-12 18:22:02.137 INFO  model.Management 397 finish - offene Siegpunkte: 1, Siegpunktkarten: 0
2017-02-12 18:22:02.137 INFO  model.Management 397 finish - offene Siegpunkte: 1, Siegpunktkarten: 0
2017-02-12 18:22:02.138 DEBUG model.players.Player 62 printPlayer - model.players.Ai@744609fa
id        2         color     RED       name      KI (2)    status    BUILD_SETTLEMENT
vp        1         road      false     army      false     
dev       0         dice      0         
res       0         lumber    0         brick     0         grain     0         wool      0         ore       0         
dev       []
dev BLOCK []
Harbors   []
Roads          left      14        built     [{19, 26}]
Settlements    left      4         built     [{19, 20, 26}]
Cities         left      4         built     []
2017-02-12 18:22:02.138 DEBUG model.Management 42 printManagement - model.Management@78c20f79
KI (1)    sum       0         lumber    0         brick     0         grain     0         wool      0         ore       0         
KI (2)    sum       0         lumber    0         brick     0         grain     0         wool      0         ore       0         
chris     sum       0         lumber    0         brick     0         grain     0         wool      0         ore       0         
[ M ]     sum       95        lumber    19        brick     19        grain     19        wool      19        ore       19        
2017-02-12 18:22:02.451 INFO  model.players.Player 892 getBuildableSettlements - start settlement 42
2017-02-12 18:22:02.451 INFO  model.players.Player 892 getBuildableSettlements - start settlement 42
2017-02-12 18:22:02.452 INFO  model.players.Player 892 getBuildableSettlements - start settlement 42
2017-02-12 18:22:02.452 INFO  model.players.Player 892 getBuildableSettlements - start settlement 42
2017-02-12 18:22:02.453 INFO  model.players.Player 892 getBuildableSettlements - start settlement 42
2017-02-12 18:22:02.453 INFO  model.players.Player 892 getBuildableSettlements - start settlement 42
2017-02-12 18:22:02.454 INFO  model.players.Player 892 getBuildableSettlements - start settlement 42
2017-02-12 18:22:02.454 INFO  model.players.Player 892 getBuildableSettlements - start settlement 42
2017-02-12 18:22:02.455 INFO  model.players.Player 892 getBuildableSettlements - start settlement 42
2017-02-12 18:22:02.455 INFO  model.players.Player 892 getBuildableSettlements - start settlement 42
2017-02-12 18:22:02.455 INFO  model.players.Player 892 getBuildableSettlements - start settlement 42
2017-02-12 18:22:02.456 INFO  model.players.Player 892 getBuildableSettlements - start settlement 42
2017-02-12 18:22:02.456 INFO  model.players.Player 892 getBuildableSettlements - start settlement 42
2017-02-12 18:22:02.456 INFO  model.players.Player 892 getBuildableSettlements - start settlement 42
2017-02-12 18:22:02.457 INFO  model.players.Player 892 getBuildableSettlements - start settlement 42
2017-02-12 18:22:02.457 INFO  model.players.Player 892 getBuildableSettlements - start settlement 42
2017-02-12 18:22:02.457 INFO  model.players.Player 892 getBuildableSettlements - start settlement 42
2017-02-12 18:22:02.458 INFO  model.players.Player 892 getBuildableSettlements - start settlement 42
2017-02-12 18:22:02.458 INFO  model.players.Player 892 getBuildableSettlements - start settlement 42
2017-02-12 18:22:02.458 INFO  model.players.Player 892 getBuildableSettlements - start settlement 42
2017-02-12 18:22:02.458 INFO  model.players.Player 892 getBuildableSettlements - start settlement 42
2017-02-12 18:22:02.459 INFO  model.players.Player 892 getBuildableSettlements - start settlement 42
2017-02-12 18:22:02.459 INFO  model.players.Player 892 getBuildableSettlements - start settlement 42
2017-02-12 18:22:02.479 DEBUG model.players.Player 167 setBrick - model.players.Ai@744609fa [ id: 2 ] old: 0, new: 1
2017-02-12 18:22:02.480 INFO  model.Management 420 setBrick - vorher Brick: 18
2017-02-12 18:22:02.480 INFO  model.Management 422 setBrick - nacher Brick: 18
2017-02-12 18:22:02.480 DEBUG model.players.Player 233 setGrain - model.players.Ai@744609fa [ id: 2 ] old: 0, new: 1
2017-02-12 18:22:02.480 INFO  model.Management 482 setGrain - vorher Grain: 18
2017-02-12 18:22:02.480 INFO  model.Management 484 setGrain - nacher Grain: 18
2017-02-12 18:22:02.480 DEBUG model.players.Player 211 setOre - model.players.Ai@744609fa [ id: 2 ] old: 0, new: 1
2017-02-12 18:22:02.480 INFO  model.Management 461 setOre - vorher Ore: 18
2017-02-12 18:22:02.480 INFO  model.Management 463 setOre - nacher Ore: 18
2017-02-12 18:22:02.481 DEBUG model.players.Player 62 printPlayer - model.players.Ai@744609fa
id        2         color     RED       name      KI (2)    status    BUILD_STREET
vp        2         road      false     army      false     
dev       0         dice      0         
res       3         lumber    0         brick     1         grain     1         wool      0         ore       1         
dev       []
dev BLOCK []
Harbors   []
Roads          left      14        built     [{19, 26}]
Settlements    left      3         built     [{19, 20, 26}, {10, 11, 17}]
Cities         left      4         built     []
2017-02-12 18:22:02.481 DEBUG model.Management 42 printManagement - model.Management@78c20f79
KI (1)    sum       0         lumber    0         brick     0         grain     0         wool      0         ore       0         
KI (2)    sum       3         lumber    0         brick     1         grain     1         wool      0         ore       1         
chris     sum       0         lumber    0         brick     0         grain     0         wool      0         ore       0         
[ M ]     sum       92        lumber    19        brick     18        grain     18        wool      19        ore       18        
2017-02-12 18:22:02.519 INFO  model.Management 285 longestRoad - KI (1) longest road: 1
2017-02-12 18:22:02.520 INFO  model.Management 285 longestRoad - KI (2) longest road: 1
2017-02-12 18:22:02.520 INFO  model.Management 285 longestRoad - chris longest road: 1
2017-02-12 18:22:02.520 INFO  model.Management 331 longestRoad - longest road: nothing changed
2017-02-12 18:22:02.520 INFO  model.Management 397 finish - offene Siegpunkte: 1, Siegpunktkarten: 0
2017-02-12 18:22:02.520 INFO  model.Management 397 finish - offene Siegpunkte: 2, Siegpunktkarten: 0
2017-02-12 18:22:02.520 INFO  model.Management 397 finish - offene Siegpunkte: 1, Siegpunktkarten: 0
2017-02-12 18:22:02.927 INFO  model.Management 285 longestRoad - KI (1) longest road: 1
2017-02-12 18:22:02.928 INFO  model.Management 285 longestRoad - KI (2) longest road: 1
2017-02-12 18:22:02.928 INFO  model.Management 285 longestRoad - chris longest road: 1
2017-02-12 18:22:02.928 INFO  model.Management 331 longestRoad - longest road: nothing changed
2017-02-12 18:22:02.929 INFO  model.Management 397 finish - offene Siegpunkte: 1, Siegpunktkarten: 0
2017-02-12 18:22:02.929 INFO  model.Management 397 finish - offene Siegpunkte: 2, Siegpunktkarten: 0
2017-02-12 18:22:02.929 INFO  model.Management 397 finish - offene Siegpunkte: 1, Siegpunktkarten: 0
2017-02-12 18:22:02.929 DEBUG model.players.Player 62 printPlayer - model.players.Ai@222b899d
id        1         color     BLUE      name      KI (1)    status    BUILD_SETTLEMENT
vp        1         road      false     army      false     
dev       0         dice      0         
res       0         lumber    0         brick     0         grain     0         wool      0         ore       0         
dev       []
dev BLOCK []
Harbors   []
Roads          left      14        built     [{17, 23}]
Settlements    left      4         built     [{16, 17, 23}]
Cities         left      4         built     []
2017-02-12 18:22:02.929 DEBUG model.Management 42 printManagement - model.Management@78c20f79
KI (1)    sum       0         lumber    0         brick     0         grain     0         wool      0         ore       0         
KI (2)    sum       3         lumber    0         brick     1         grain     1         wool      0         ore       1         
chris     sum       0         lumber    0         brick     0         grain     0         wool      0         ore       0         
[ M ]     sum       92        lumber    19        brick     18        grain     18        wool      19        ore       18        
2017-02-12 18:22:02.930 DEBUG model.players.Player 62 printPlayer - model.players.Ai@744609fa
id        2         color     RED       name      KI (2)    status    WAIT      
vp        2         road      false     army      false     
dev       0         dice      0         
res       3         lumber    0         brick     1         grain     1         wool      0         ore       1         
dev       []
dev BLOCK []
Harbors   []
Roads          left      13        built     [{19, 26}, {10, 17}]
Settlements    left      3         built     [{19, 20, 26}, {10, 11, 17}]
Cities         left      4         built     []
2017-02-12 18:22:02.930 DEBUG model.Management 42 printManagement - model.Management@78c20f79
KI (1)    sum       0         lumber    0         brick     0         grain     0         wool      0         ore       0         
KI (2)    sum       3         lumber    0         brick     1         grain     1         wool      0         ore       1         
chris     sum       0         lumber    0         brick     0         grain     0         wool      0         ore       0         
[ M ]     sum       92        lumber    19        brick     18        grain     18        wool      19        ore       18        
2017-02-12 18:22:03.158 INFO  model.players.Player 892 getBuildableSettlements - start settlement 40
2017-02-12 18:22:03.158 INFO  model.players.Player 892 getBuildableSettlements - start settlement 40
2017-02-12 18:22:03.158 INFO  model.players.Player 892 getBuildableSettlements - start settlement 40
2017-02-12 18:22:03.159 INFO  model.players.Player 892 getBuildableSettlements - start settlement 40
2017-02-12 18:22:03.159 INFO  model.players.Player 892 getBuildableSettlements - start settlement 40
2017-02-12 18:22:03.159 INFO  model.players.Player 892 getBuildableSettlements - start settlement 40
2017-02-12 18:22:03.159 INFO  model.players.Player 892 getBuildableSettlements - start settlement 40
2017-02-12 18:22:03.160 INFO  model.players.Player 892 getBuildableSettlements - start settlement 40
2017-02-12 18:22:03.160 INFO  model.players.Player 892 getBuildableSettlements - start settlement 40
2017-02-12 18:22:03.160 INFO  model.players.Player 892 getBuildableSettlements - start settlement 40
2017-02-12 18:22:03.160 INFO  model.players.Player 892 getBuildableSettlements - start settlement 40
2017-02-12 18:22:03.161 INFO  model.players.Player 892 getBuildableSettlements - start settlement 40
2017-02-12 18:22:03.161 INFO  model.players.Player 892 getBuildableSettlements - start settlement 40
2017-02-12 18:22:03.161 INFO  model.players.Player 892 getBuildableSettlements - start settlement 40
2017-02-12 18:22:03.162 INFO  model.players.Player 892 getBuildableSettlements - start settlement 40
2017-02-12 18:22:03.162 INFO  model.players.Player 892 getBuildableSettlements - start settlement 40
2017-02-12 18:22:03.162 INFO  model.players.Player 892 getBuildableSettlements - start settlement 40
2017-02-12 18:22:03.162 INFO  model.players.Player 892 getBuildableSettlements - start settlement 40
2017-02-12 18:22:03.163 INFO  model.players.Player 892 getBuildableSettlements - start settlement 40
2017-02-12 18:22:03.182 DEBUG model.players.Player 167 setBrick - model.players.Ai@222b899d [ id: 1 ] old: 0, new: 1
2017-02-12 18:22:03.182 INFO  model.Management 420 setBrick - vorher Brick: 17
2017-02-12 18:22:03.182 INFO  model.Management 422 setBrick - nacher Brick: 17
2017-02-12 18:22:03.182 DEBUG model.players.Player 255 setWool - model.players.Ai@222b899d [ id: 1 ] old: 0, new: 1
2017-02-12 18:22:03.182 INFO  model.Management 503 setWool - vorher Wool: 18
2017-02-12 18:22:03.182 INFO  model.Management 505 setWool - nacher Wool: 18
2017-02-12 18:22:03.182 DEBUG model.players.Player 189 setLumber - model.players.Ai@222b899d [ id: 1 ] old: 0, new: 1
2017-02-12 18:22:03.182 INFO  model.Management 440 setLumber - vorher Lumber: 18
2017-02-12 18:22:03.182 INFO  model.Management 442 setLumber - nacher Lumber: 18
2017-02-12 18:22:03.183 DEBUG model.players.Player 62 printPlayer - model.players.Ai@222b899d
id        1         color     BLUE      name      KI (1)    status    BUILD_STREET
vp        2         road      false     army      false     
dev       0         dice      0         
res       3         lumber    1         brick     1         grain     0         wool      1         ore       0         
dev       []
dev BLOCK []
Harbors   []
Roads          left      14        built     [{17, 23}]
Settlements    left      3         built     [{16, 17, 23}, {18, 19, 25}]
Cities         left      4         built     []
2017-02-12 18:22:03.183 DEBUG model.Management 42 printManagement - model.Management@78c20f79
KI (1)    sum       3         lumber    1         brick     1         grain     0         wool      1         ore       0         
KI (2)    sum       3         lumber    0         brick     1         grain     1         wool      0         ore       1         
chris     sum       0         lumber    0         brick     0         grain     0         wool      0         ore       0         
[ M ]     sum       89        lumber    18        brick     17        grain     18        wool      18        ore       18        
2017-02-12 18:22:03.219 INFO  model.Management 285 longestRoad - KI (1) longest road: 1
2017-02-12 18:22:03.219 INFO  model.Management 285 longestRoad - KI (2) longest road: 1
2017-02-12 18:22:03.220 INFO  model.Management 285 longestRoad - chris longest road: 1
2017-02-12 18:22:03.220 INFO  model.Management 331 longestRoad - longest road: nothing changed
2017-02-12 18:22:03.220 INFO  model.Management 397 finish - offene Siegpunkte: 2, Siegpunktkarten: 0
2017-02-12 18:22:03.220 INFO  model.Management 397 finish - offene Siegpunkte: 2, Siegpunktkarten: 0
2017-02-12 18:22:03.220 INFO  model.Management 397 finish - offene Siegpunkte: 1, Siegpunktkarten: 0
2017-02-12 18:22:03.632 INFO  model.Management 285 longestRoad - KI (1) longest road: 1
2017-02-12 18:22:03.632 INFO  model.Management 285 longestRoad - KI (2) longest road: 1
2017-02-12 18:22:03.632 INFO  model.Management 285 longestRoad - chris longest road: 1
2017-02-12 18:22:03.632 INFO  model.Management 331 longestRoad - longest road: nothing changed
2017-02-12 18:22:03.633 INFO  model.Management 397 finish - offene Siegpunkte: 2, Siegpunktkarten: 0
2017-02-12 18:22:03.633 INFO  model.Management 397 finish - offene Siegpunkte: 2, Siegpunktkarten: 0
2017-02-12 18:22:03.633 INFO  model.Management 397 finish - offene Siegpunkte: 1, Siegpunktkarten: 0
2017-02-12 18:22:03.633 DEBUG model.players.Player 62 printPlayer - model.players.Human@16be75b9
id        3         color     ORANGE    name      chris     status    BUILD_SETTLEMENT
vp        1         road      false     army      false     
dev       0         dice      0         
res       0         lumber    0         brick     0         grain     0         wool      0         ore       0         
dev       []
dev BLOCK []
Harbors   []
Roads          left      14        built     [{11, 18}]
Settlements    left      4         built     [{11, 12, 18}]
Cities         left      4         built     []
2017-02-12 18:22:03.633 DEBUG model.Management 42 printManagement - model.Management@78c20f79
KI (1)    sum       3         lumber    1         brick     1         grain     0         wool      1         ore       0         
KI (2)    sum       3         lumber    0         brick     1         grain     1         wool      0         ore       1         
chris     sum       0         lumber    0         brick     0         grain     0         wool      0         ore       0         
[ M ]     sum       89        lumber    18        brick     17        grain     18        wool      18        ore       18        
2017-02-12 18:22:03.633 DEBUG model.players.Player 62 printPlayer - model.players.Ai@222b899d
id        1         color     BLUE      name      KI (1)    status    WAIT      
vp        2         road      false     army      false     
dev       0         dice      0         
res       3         lumber    1         brick     1         grain     0         wool      1         ore       0         
dev       []
dev BLOCK []
Harbors   []
Roads          left      13        built     [{17, 23}, {19, 25}]
Settlements    left      3         built     [{16, 17, 23}, {18, 19, 25}]
Cities         left      4         built     []
2017-02-12 18:22:03.634 DEBUG model.Management 42 printManagement - model.Management@78c20f79
KI (1)    sum       3         lumber    1         brick     1         grain     0         wool      1         ore       0         
KI (2)    sum       3         lumber    0         brick     1         grain     1         wool      0         ore       1         
chris     sum       0         lumber    0         brick     0         grain     0         wool      0         ore       0         
[ M ]     sum       89        lumber    18        brick     17        grain     18        wool      18        ore       18        
2017-02-12 18:23:07.905 DEBUG model.players.Player 62 printPlayer - model.players.Human@16be75b9
id        3         color     ORANGE    name      chris     status    CONNECTION_LOST
vp        1         road      false     army      false     
dev       0         dice      0         
res       0         lumber    0         brick     0         grain     0         wool      0         ore       0         
dev       []
dev BLOCK []
Harbors   []
Roads          left      14        built     [{11, 18}]
Settlements    left      4         built     [{11, 12, 18}]
Cities         left      4         built     []
2017-02-12 18:23:07.906 DEBUG model.Management 42 printManagement - model.Management@78c20f79
KI (1)    sum       3         lumber    1         brick     1         grain     0         wool      1         ore       0         
KI (2)    sum       3         lumber    0         brick     1         grain     1         wool      0         ore       1         
chris     sum       0         lumber    0         brick     0         grain     0         wool      0         ore       0         
[ M ]     sum       89        lumber    18        brick     17        grain     18        wool      18        ore       18        
