2017-02-12 18:21:09.966 INFO  network.server.Server 112 startUp - Started server...
hostname:   ChrisMacBookPro2016
ip:         192.168.2.106
port:       10003
2017-02-12 18:21:09.972 INFO  network.client.Client 93 connect - Socket[addr=localhost/127.0.0.1,port=10003,localport=55580]
2017-02-12 18:21:09.972 INFO  network.server.Server 136 run - 0
2017-02-12 18:21:09.974 INFO  network.server.ClientThread 221 setClientID - clientID: 1
2017-02-12 18:21:09.974 INFO  network.server.Server 142 run - Id: 1, Socket: Socket[addr=/127.0.0.1,port=55580,localport=10003]
2017-02-12 18:21:09.974 TRACE network.server.ClientThread 42 run - Enter
2017-02-12 18:21:09.975 WARN  network.client.ClientListener 386 writeToConsole - Case not covered!
2017-02-12 18:21:09.976 INFO  network.client.Client 104 connect - Connected to localhost, 10003
2017-02-12 18:21:09.983 INFO  network.server.ClientThread 126 msgThisClient -    1 > {"Hallo":{"Protokoll":"1.0","Version":"Catan-Server (DichteFideleForste"}}
2017-02-12 18:21:09.984 INFO  network.server.ClientThread 59 run -  < 1   {"Hallo":{"Version":"JavaFXClient 1.0 (DichteFideleLurche) (KI)"}}
2017-02-12 18:21:09.984 INFO  network.client.Client 153 sendMsg - {"Hallo":{"Version":"JavaFXClient 1.0 (DichteFideleLurche) (KI)"}}
2017-02-12 18:21:09.985 INFO  network.client.Client 169 receiveMsg - {"Hallo":{"Protokoll":"1.0","Version":"Catan-Server (DichteFideleForste"}}
2017-02-12 18:21:09.987 INFO  network.server.ClientThread 126 msgThisClient -    1 > {"Willkommen":{"id":1}}
2017-02-12 18:21:09.995 INFO  network.server.ClientThread 126 msgThisClient -    1 > {"Statusupdate":{"Spieler":{"Status":"Spiel starten","Rittermacht":0,"Längste Handelsstraße":false,"Siegpunkte":0,"Rohstoffe":{"Getreide":0,"Wolle":0,"Holz":0,"Lehm":0,"Erz":0},"id":1,"Entwicklungskarten":{"Straßenbau":0,"Erfindung":0,"Monopol":0,"Ritter":0,"Siegpunkt":0},"Größte Rittermacht":false}}}
2017-02-12 18:21:10.058 INFO  network.server.Server 136 run - 1
2017-02-12 18:21:10.058 INFO  network.client.Client 93 connect - Socket[addr=localhost/127.0.0.1,port=10003,localport=55581]
2017-02-12 18:21:10.058 INFO  network.server.ClientThread 221 setClientID - clientID: 2
2017-02-12 18:21:10.058 WARN  network.client.ClientListener 386 writeToConsole - Case not covered!
2017-02-12 18:21:10.058 INFO  network.server.Server 142 run - Id: 2, Socket: Socket[addr=/127.0.0.1,port=55581,localport=10003]
2017-02-12 18:21:10.058 INFO  network.client.Client 104 connect - Connected to localhost, 10003
2017-02-12 18:21:10.059 TRACE network.server.ClientThread 42 run - Enter
2017-02-12 18:21:10.060 INFO  network.server.ClientThread 126 msgThisClient -    2 > {"Hallo":{"Protokoll":"1.0","Version":"Catan-Server (DichteFideleForste"}}
2017-02-12 18:21:10.060 INFO  network.client.Client 153 sendMsg - {"Hallo":{"Version":"JavaFXClient 1.0 (DichteFideleLurche) (KI)"}}
2017-02-12 18:21:10.060 INFO  network.server.ClientThread 59 run -  < 2   {"Hallo":{"Version":"JavaFXClient 1.0 (DichteFideleLurche) (KI)"}}
2017-02-12 18:21:10.061 INFO  network.client.Client 169 receiveMsg - {"Hallo":{"Protokoll":"1.0","Version":"Catan-Server (DichteFideleForste"}}
2017-02-12 18:21:10.061 INFO  network.server.ClientThread 126 msgThisClient -    2 > {"Willkommen":{"id":2}}
2017-02-12 18:21:10.064 INFO  network.server.ClientThread 126 msgThisClient -    2 > {"Statusupdate":{"Spieler":{"Status":"Spiel starten","Rittermacht":0,"Längste Handelsstraße":false,"Siegpunkte":0,"Rohstoffe":{"Getreide":0,"Wolle":0,"Holz":0,"Lehm":0,"Erz":0},"id":2,"Entwicklungskarten":{"Straßenbau":0,"Erfindung":0,"Monopol":0,"Ritter":0,"Siegpunkt":0},"Größte Rittermacht":false}}}
2017-02-12 18:21:10.064 INFO  network.server.ClientThread 186 msgAllButThisClient -    1 > {"Statusupdate":{"Spieler":{"Status":"Spiel starten","Rittermacht":0,"Längste Handelsstraße":false,"Siegpunkte":0,"Rohstoffe":{"Unbekannt":0},"id":2,"Entwicklungskarten":{"Unbekannt":0},"Größte Rittermacht":false}}}
2017-02-12 18:21:10.070 INFO  network.server.ClientThread 126 msgThisClient -    2 > {"Statusupdate":{"Spieler":{"Status":"Spiel starten","Rittermacht":0,"Längste Handelsstraße":false,"Siegpunkte":0,"Rohstoffe":{"Unbekannt":0},"id":1,"Entwicklungskarten":{"Unbekannt":0},"Größte Rittermacht":false}}}
2017-02-12 18:21:10.153 INFO  network.client.Client 169 receiveMsg - {"Willkommen":{"id":1}}
2017-02-12 18:21:10.226 INFO  network.client.Client 169 receiveMsg - {"Willkommen":{"id":2}}
2017-02-12 18:21:10.240 INFO  network.client.Client 153 sendMsg - {"Spieler":{"Farbe":"Blau","Name":"KI (1)"}}
2017-02-12 18:21:10.240 INFO  network.server.ClientThread 59 run -  < 1   {"Spieler":{"Farbe":"Blau","Name":"KI (1)"}}
2017-02-12 18:21:10.240 INFO  network.client.Client 169 receiveMsg - {"Statusupdate":{"Spieler":{"Status":"Spiel starten","Rittermacht":0,"Längste Handelsstraße":false,"Siegpunkte":0,"Rohstoffe":{"Getreide":0,"Wolle":0,"Holz":0,"Lehm":0,"Erz":0},"id":1,"Entwicklungskarten":{"Straßenbau":0,"Erfindung":0,"Monopol":0,"Ritter":0,"Siegpunkt":0},"Größte Rittermacht":false}}}
2017-02-12 18:21:10.241 INFO  network.server.ClientThread 126 msgThisClient -    1 > {"Serverantwort":"OK"}
2017-02-12 18:21:10.242 INFO  network.server.ClientThread 126 msgThisClient -    1 > {"Statusupdate":{"Spieler":{"Status":"Spiel starten","Rittermacht":0,"Farbe":"Blau","Längste Handelsstraße":false,"Siegpunkte":0,"Rohstoffe":{"Getreide":0,"Wolle":0,"Holz":0,"Lehm":0,"Erz":0},"id":1,"Entwicklungskarten":{"Straßenbau":0,"Erfindung":0,"Monopol":0,"Ritter":0,"Siegpunkt":0},"Name":"KI (1)","Größte Rittermacht":false}}}
2017-02-12 18:21:10.242 INFO  network.server.ClientThread 186 msgAllButThisClient -    2 > {"Statusupdate":{"Spieler":{"Status":"Spiel starten","Rittermacht":0,"Farbe":"Blau","Längste Handelsstraße":false,"Siegpunkte":0,"Rohstoffe":{"Unbekannt":0},"id":1,"Entwicklungskarten":{"Unbekannt":0},"Name":"KI (1)","Größte Rittermacht":false}}}
2017-02-12 18:21:10.310 INFO  network.server.ClientThread 59 run -  < 2   {"Spieler":{"Farbe":"Rot","Name":"KI (2)"}}
2017-02-12 18:21:10.310 INFO  network.client.Client 153 sendMsg - {"Spieler":{"Farbe":"Rot","Name":"KI (2)"}}
2017-02-12 18:21:10.311 INFO  network.client.Client 169 receiveMsg - {"Statusupdate":{"Spieler":{"Status":"Spiel starten","Rittermacht":0,"Längste Handelsstraße":false,"Siegpunkte":0,"Rohstoffe":{"Getreide":0,"Wolle":0,"Holz":0,"Lehm":0,"Erz":0},"id":2,"Entwicklungskarten":{"Straßenbau":0,"Erfindung":0,"Monopol":0,"Ritter":0,"Siegpunkt":0},"Größte Rittermacht":false}}}
2017-02-12 18:21:10.311 INFO  network.server.ClientThread 126 msgThisClient -    2 > {"Serverantwort":"OK"}
2017-02-12 18:21:10.311 INFO  network.server.ClientThread 126 msgThisClient -    2 > {"Statusupdate":{"Spieler":{"Status":"Spiel starten","Rittermacht":0,"Farbe":"Rot","Längste Handelsstraße":false,"Siegpunkte":0,"Rohstoffe":{"Getreide":0,"Wolle":0,"Holz":0,"Lehm":0,"Erz":0},"id":2,"Entwicklungskarten":{"Straßenbau":0,"Erfindung":0,"Monopol":0,"Ritter":0,"Siegpunkt":0},"Name":"KI (2)","Größte Rittermacht":false}}}
2017-02-12 18:21:10.312 INFO  network.server.ClientThread 186 msgAllButThisClient -    1 > {"Statusupdate":{"Spieler":{"Status":"Spiel starten","Rittermacht":0,"Farbe":"Rot","Längste Handelsstraße":false,"Siegpunkte":0,"Rohstoffe":{"Unbekannt":0},"id":2,"Entwicklungskarten":{"Unbekannt":0},"Name":"KI (2)","Größte Rittermacht":false}}}
2017-02-12 18:21:10.324 INFO  network.client.Client 169 receiveMsg - {"Statusupdate":{"Spieler":{"Status":"Spiel starten","Rittermacht":0,"Längste Handelsstraße":false,"Siegpunkte":0,"Rohstoffe":{"Unbekannt":0},"id":2,"Entwicklungskarten":{"Unbekannt":0},"Größte Rittermacht":false}}}
2017-02-12 18:21:10.393 INFO  network.client.Client 169 receiveMsg - {"Statusupdate":{"Spieler":{"Status":"Spiel starten","Rittermacht":0,"Längste Handelsstraße":false,"Siegpunkte":0,"Rohstoffe":{"Unbekannt":0},"id":1,"Entwicklungskarten":{"Unbekannt":0},"Größte Rittermacht":false}}}
2017-02-12 18:21:10.407 WARN  network.client.ClientListener 249 handleMsg - Case not covered!
2017-02-12 18:21:10.407 INFO  network.client.Client 169 receiveMsg - {"Serverantwort":"OK"}
2017-02-12 18:21:10.477 INFO  network.client.Client 169 receiveMsg - {"Statusupdate":{"Spieler":{"Status":"Spiel starten","Rittermacht":0,"Farbe":"Blau","Längste Handelsstraße":false,"Siegpunkte":0,"Rohstoffe":{"Unbekannt":0},"id":1,"Entwicklungskarten":{"Unbekannt":0},"Name":"KI (1)","Größte Rittermacht":false}}}
2017-02-12 18:21:10.492 INFO  network.client.Client 153 sendMsg - {"Spiel starten":{}}
2017-02-12 18:21:10.492 INFO  network.server.ClientThread 59 run -  < 1   {"Spiel starten":{}}
2017-02-12 18:21:10.493 INFO  network.client.Client 169 receiveMsg - {"Statusupdate":{"Spieler":{"Status":"Spiel starten","Rittermacht":0,"Farbe":"Blau","Längste Handelsstraße":false,"Siegpunkte":0,"Rohstoffe":{"Getreide":0,"Wolle":0,"Holz":0,"Lehm":0,"Erz":0},"id":1,"Entwicklungskarten":{"Straßenbau":0,"Erfindung":0,"Monopol":0,"Ritter":0,"Siegpunkt":0},"Name":"KI (1)","Größte Rittermacht":false}}}
2017-02-12 18:21:10.496 INFO  network.server.ClientThread 126 msgThisClient -    1 > {"Serverantwort":"OK"}
2017-02-12 18:21:10.497 INFO  network.server.ClientThread 126 msgThisClient -    1 > {"Statusupdate":{"Spieler":{"Status":"Wartet auf Spielbeginn","Rittermacht":0,"Farbe":"Blau","Längste Handelsstraße":false,"Siegpunkte":0,"Rohstoffe":{"Getreide":0,"Wolle":0,"Holz":0,"Lehm":0,"Erz":0},"id":1,"Entwicklungskarten":{"Straßenbau":0,"Erfindung":0,"Monopol":0,"Ritter":0,"Siegpunkt":0},"Name":"KI (1)","Größte Rittermacht":false}}}
2017-02-12 18:21:10.497 INFO  network.server.ClientThread 186 msgAllButThisClient -    2 > {"Statusupdate":{"Spieler":{"Status":"Wartet auf Spielbeginn","Rittermacht":0,"Farbe":"Blau","Längste Handelsstraße":false,"Siegpunkte":0,"Rohstoffe":{"Unbekannt":0},"id":1,"Entwicklungskarten":{"Unbekannt":0},"Name":"KI (1)","Größte Rittermacht":false}}}
2017-02-12 18:21:10.559 WARN  network.client.ClientListener 249 handleMsg - Case not covered!
2017-02-12 18:21:10.559 INFO  network.client.Client 169 receiveMsg - {"Serverantwort":"OK"}
2017-02-12 18:21:10.578 INFO  network.client.Client 169 receiveMsg - {"Statusupdate":{"Spieler":{"Status":"Spiel starten","Rittermacht":0,"Farbe":"Rot","Längste Handelsstraße":false,"Siegpunkte":0,"Rohstoffe":{"Unbekannt":0},"id":2,"Entwicklungskarten":{"Unbekannt":0},"Name":"KI (2)","Größte Rittermacht":false}}}
2017-02-12 18:21:10.643 INFO  network.client.Client 153 sendMsg - {"Spiel starten":{}}
2017-02-12 18:21:10.643 INFO  network.server.ClientThread 59 run -  < 2   {"Spiel starten":{}}
2017-02-12 18:21:10.644 INFO  network.client.Client 169 receiveMsg - {"Statusupdate":{"Spieler":{"Status":"Spiel starten","Rittermacht":0,"Farbe":"Rot","Längste Handelsstraße":false,"Siegpunkte":0,"Rohstoffe":{"Getreide":0,"Wolle":0,"Holz":0,"Lehm":0,"Erz":0},"id":2,"Entwicklungskarten":{"Straßenbau":0,"Erfindung":0,"Monopol":0,"Ritter":0,"Siegpunkt":0},"Name":"KI (2)","Größte Rittermacht":false}}}
2017-02-12 18:21:10.647 INFO  network.server.ClientThread 126 msgThisClient -    2 > {"Serverantwort":"OK"}
2017-02-12 18:21:10.648 INFO  network.server.ClientThread 126 msgThisClient -    2 > {"Statusupdate":{"Spieler":{"Status":"Wartet auf Spielbeginn","Rittermacht":0,"Farbe":"Rot","Längste Handelsstraße":false,"Siegpunkte":0,"Rohstoffe":{"Getreide":0,"Wolle":0,"Holz":0,"Lehm":0,"Erz":0},"id":2,"Entwicklungskarten":{"Straßenbau":0,"Erfindung":0,"Monopol":0,"Ritter":0,"Siegpunkt":0},"Name":"KI (2)","Größte Rittermacht":false}}}
2017-02-12 18:21:10.648 INFO  network.server.ClientThread 186 msgAllButThisClient -    1 > {"Statusupdate":{"Spieler":{"Status":"Wartet auf Spielbeginn","Rittermacht":0,"Farbe":"Rot","Längste Handelsstraße":false,"Siegpunkte":0,"Rohstoffe":{"Unbekannt":0},"id":2,"Entwicklungskarten":{"Unbekannt":0},"Name":"KI (2)","Größte Rittermacht":false}}}
2017-02-12 18:21:10.661 WARN  network.client.ClientListener 249 handleMsg - Case not covered!
2017-02-12 18:21:10.661 INFO  network.client.Client 169 receiveMsg - {"Serverantwort":"OK"}
2017-02-12 18:21:10.726 WARN  network.client.ClientListener 766 internalAi - Case not covered!
2017-02-12 18:21:10.726 INFO  network.client.Client 169 receiveMsg - {"Statusupdate":{"Spieler":{"Status":"Wartet auf Spielbeginn","Rittermacht":0,"Farbe":"Blau","Längste Handelsstraße":false,"Siegpunkte":0,"Rohstoffe":{"Unbekannt":0},"id":1,"Entwicklungskarten":{"Unbekannt":0},"Name":"KI (1)","Größte Rittermacht":false}}}
2017-02-12 18:21:10.745 WARN  network.client.ClientListener 766 internalAi - Case not covered!
2017-02-12 18:21:10.746 INFO  network.client.Client 169 receiveMsg - {"Statusupdate":{"Spieler":{"Status":"Wartet auf Spielbeginn","Rittermacht":0,"Farbe":"Blau","Längste Handelsstraße":false,"Siegpunkte":0,"Rohstoffe":{"Getreide":0,"Wolle":0,"Holz":0,"Lehm":0,"Erz":0},"id":1,"Entwicklungskarten":{"Straßenbau":0,"Erfindung":0,"Monopol":0,"Ritter":0,"Siegpunkt":0},"Name":"KI (1)","Größte Rittermacht":false}}}
2017-02-12 18:21:10.811 WARN  network.client.ClientListener 249 handleMsg - Case not covered!
2017-02-12 18:21:10.812 INFO  network.client.Client 169 receiveMsg - {"Serverantwort":"OK"}
2017-02-12 18:21:10.828 WARN  network.client.ClientListener 766 internalAi - Case not covered!
2017-02-12 18:21:10.829 INFO  network.client.Client 169 receiveMsg - {"Statusupdate":{"Spieler":{"Status":"Wartet auf Spielbeginn","Rittermacht":0,"Farbe":"Rot","Längste Handelsstraße":false,"Siegpunkte":0,"Rohstoffe":{"Unbekannt":0},"id":2,"Entwicklungskarten":{"Unbekannt":0},"Name":"KI (2)","Größte Rittermacht":false}}}
2017-02-12 18:21:10.897 WARN  network.client.ClientListener 766 internalAi - Case not covered!
2017-02-12 18:21:10.897 INFO  network.client.Client 169 receiveMsg - {"Statusupdate":{"Spieler":{"Status":"Wartet auf Spielbeginn","Rittermacht":0,"Farbe":"Rot","Längste Handelsstraße":false,"Siegpunkte":0,"Rohstoffe":{"Getreide":0,"Wolle":0,"Holz":0,"Lehm":0,"Erz":0},"id":2,"Entwicklungskarten":{"Straßenbau":0,"Erfindung":0,"Monopol":0,"Ritter":0,"Siegpunkt":0},"Name":"KI (2)","Größte Rittermacht":false}}}
2017-02-12 18:21:18.685 INFO  network.server.Server 136 run - 2
2017-02-12 18:21:18.685 INFO  network.server.ClientThread 221 setClientID - clientID: 3
2017-02-12 18:21:18.686 INFO  network.server.Server 142 run - Id: 3, Socket: Socket[addr=/127.0.0.1,port=55582,localport=10003]
2017-02-12 18:21:18.686 TRACE network.server.ClientThread 42 run - Enter
2017-02-12 18:21:18.686 INFO  network.server.ClientThread 126 msgThisClient -    3 > {"Hallo":{"Protokoll":"1.0","Version":"Catan-Server (DichteFideleForste"}}
2017-02-12 18:21:18.711 INFO  network.server.ClientThread 59 run -  < 3   {"Hallo":{"Version":"JavaFXClient 1.0 (DichteFideleLurche)"}}
2017-02-12 18:21:18.712 INFO  network.server.ClientThread 126 msgThisClient -    3 > {"Willkommen":{"id":3}}
2017-02-12 18:21:18.716 INFO  network.server.ClientThread 126 msgThisClient -    3 > {"Statusupdate":{"Spieler":{"Status":"Spiel starten","Rittermacht":0,"Längste Handelsstraße":false,"Siegpunkte":0,"Rohstoffe":{"Getreide":0,"Wolle":0,"Holz":0,"Lehm":0,"Erz":0},"id":3,"Entwicklungskarten":{"Straßenbau":0,"Erfindung":0,"Monopol":0,"Ritter":0,"Siegpunkt":0},"Größte Rittermacht":false}}}
2017-02-12 18:21:18.717 INFO  network.server.ClientThread 186 msgAllButThisClient -    1 > {"Statusupdate":{"Spieler":{"Status":"Spiel starten","Rittermacht":0,"Längste Handelsstraße":false,"Siegpunkte":0,"Rohstoffe":{"Unbekannt":0},"id":3,"Entwicklungskarten":{"Unbekannt":0},"Größte Rittermacht":false}}}
2017-02-12 18:21:18.717 INFO  network.client.Client 169 receiveMsg - {"Statusupdate":{"Spieler":{"Status":"Spiel starten","Rittermacht":0,"Längste Handelsstraße":false,"Siegpunkte":0,"Rohstoffe":{"Unbekannt":0},"id":3,"Entwicklungskarten":{"Unbekannt":0},"Größte Rittermacht":false}}}
2017-02-12 18:21:18.723 INFO  network.server.ClientThread 186 msgAllButThisClient -    2 > {"Statusupdate":{"Spieler":{"Status":"Spiel starten","Rittermacht":0,"Längste Handelsstraße":false,"Siegpunkte":0,"Rohstoffe":{"Unbekannt":0},"id":3,"Entwicklungskarten":{"Unbekannt":0},"Größte Rittermacht":false}}}
2017-02-12 18:21:18.723 INFO  network.client.Client 169 receiveMsg - {"Statusupdate":{"Spieler":{"Status":"Spiel starten","Rittermacht":0,"Längste Handelsstraße":false,"Siegpunkte":0,"Rohstoffe":{"Unbekannt":0},"id":3,"Entwicklungskarten":{"Unbekannt":0},"Größte Rittermacht":false}}}
2017-02-12 18:21:18.729 INFO  network.server.ClientThread 126 msgThisClient -    3 > {"Statusupdate":{"Spieler":{"Status":"Wartet auf Spielbeginn","Rittermacht":0,"Farbe":"Blau","Längste Handelsstraße":false,"Siegpunkte":0,"Rohstoffe":{"Unbekannt":0},"id":1,"Entwicklungskarten":{"Unbekannt":0},"Name":"KI (1)","Größte Rittermacht":false}}}
2017-02-12 18:21:18.730 INFO  network.server.ClientThread 126 msgThisClient -    3 > {"Statusupdate":{"Spieler":{"Status":"Wartet auf Spielbeginn","Rittermacht":0,"Farbe":"Rot","Längste Handelsstraße":false,"Siegpunkte":0,"Rohstoffe":{"Unbekannt":0},"id":2,"Entwicklungskarten":{"Unbekannt":0},"Name":"KI (2)","Größte Rittermacht":false}}}
2017-02-12 18:21:24.631 INFO  network.server.ClientThread 59 run -  < 3   {"Spieler":{"Farbe":"Orange","Name":"chris"}}
2017-02-12 18:21:24.632 INFO  network.server.ClientThread 126 msgThisClient -    3 > {"Serverantwort":"OK"}
2017-02-12 18:21:24.633 INFO  network.server.ClientThread 126 msgThisClient -    3 > {"Statusupdate":{"Spieler":{"Status":"Spiel starten","Rittermacht":0,"Farbe":"Orange","Längste Handelsstraße":false,"Siegpunkte":0,"Rohstoffe":{"Getreide":0,"Wolle":0,"Holz":0,"Lehm":0,"Erz":0},"id":3,"Entwicklungskarten":{"Straßenbau":0,"Erfindung":0,"Monopol":0,"Ritter":0,"Siegpunkt":0},"Name":"chris","Größte Rittermacht":false}}}
2017-02-12 18:21:24.633 INFO  network.server.ClientThread 186 msgAllButThisClient -    1 > {"Statusupdate":{"Spieler":{"Status":"Spiel starten","Rittermacht":0,"Farbe":"Orange","Längste Handelsstraße":false,"Siegpunkte":0,"Rohstoffe":{"Unbekannt":0},"id":3,"Entwicklungskarten":{"Unbekannt":0},"Name":"chris","Größte Rittermacht":false}}}
2017-02-12 18:21:24.633 INFO  network.client.Client 169 receiveMsg - {"Statusupdate":{"Spieler":{"Status":"Spiel starten","Rittermacht":0,"Farbe":"Orange","Längste Handelsstraße":false,"Siegpunkte":0,"Rohstoffe":{"Unbekannt":0},"id":3,"Entwicklungskarten":{"Unbekannt":0},"Name":"chris","Größte Rittermacht":false}}}
2017-02-12 18:21:24.640 INFO  network.server.ClientThread 186 msgAllButThisClient -    2 > {"Statusupdate":{"Spieler":{"Status":"Spiel starten","Rittermacht":0,"Farbe":"Orange","Längste Handelsstraße":false,"Siegpunkte":0,"Rohstoffe":{"Unbekannt":0},"id":3,"Entwicklungskarten":{"Unbekannt":0},"Name":"chris","Größte Rittermacht":false}}}
2017-02-12 18:21:24.640 INFO  network.client.Client 169 receiveMsg - {"Statusupdate":{"Spieler":{"Status":"Spiel starten","Rittermacht":0,"Farbe":"Orange","Längste Handelsstraße":false,"Siegpunkte":0,"Rohstoffe":{"Unbekannt":0},"id":3,"Entwicklungskarten":{"Unbekannt":0},"Name":"chris","Größte Rittermacht":false}}}
2017-02-12 18:21:26.173 INFO  network.server.ClientThread 59 run -  < 3   {"Spiel starten":{}}
2017-02-12 18:21:26.176 INFO  network.server.ClientThread 126 msgThisClient -    3 > {"Serverantwort":"OK"}
2017-02-12 18:21:26.176 INFO  network.server.ClientThread 126 msgThisClient -    3 > {"Statusupdate":{"Spieler":{"Status":"Wartet auf Spielbeginn","Rittermacht":0,"Farbe":"Orange","Längste Handelsstraße":false,"Siegpunkte":0,"Rohstoffe":{"Getreide":0,"Wolle":0,"Holz":0,"Lehm":0,"Erz":0},"id":3,"Entwicklungskarten":{"Straßenbau":0,"Erfindung":0,"Monopol":0,"Ritter":0,"Siegpunkt":0},"Name":"chris","Größte Rittermacht":false}}}
2017-02-12 18:21:26.177 INFO  network.server.ClientThread 186 msgAllButThisClient -    1 > {"Statusupdate":{"Spieler":{"Status":"Wartet auf Spielbeginn","Rittermacht":0,"Farbe":"Orange","Längste Handelsstraße":false,"Siegpunkte":0,"Rohstoffe":{"Unbekannt":0},"id":3,"Entwicklungskarten":{"Unbekannt":0},"Name":"chris","Größte Rittermacht":false}}}
2017-02-12 18:21:26.177 WARN  network.client.ClientListener 766 internalAi - Case not covered!
2017-02-12 18:21:26.177 INFO  network.client.Client 169 receiveMsg - {"Statusupdate":{"Spieler":{"Status":"Wartet auf Spielbeginn","Rittermacht":0,"Farbe":"Orange","Längste Handelsstraße":false,"Siegpunkte":0,"Rohstoffe":{"Unbekannt":0},"id":3,"Entwicklungskarten":{"Unbekannt":0},"Name":"chris","Größte Rittermacht":false}}}
2017-02-12 18:21:26.183 WARN  network.client.ClientListener 766 internalAi - Case not covered!
2017-02-12 18:21:26.182 INFO  network.server.ClientThread 186 msgAllButThisClient -    2 > {"Statusupdate":{"Spieler":{"Status":"Wartet auf Spielbeginn","Rittermacht":0,"Farbe":"Orange","Längste Handelsstraße":false,"Siegpunkte":0,"Rohstoffe":{"Unbekannt":0},"id":3,"Entwicklungskarten":{"Unbekannt":0},"Name":"chris","Größte Rittermacht":false}}}
2017-02-12 18:21:26.183 INFO  network.client.Client 169 receiveMsg - {"Statusupdate":{"Spieler":{"Status":"Wartet auf Spielbeginn","Rittermacht":0,"Farbe":"Orange","Längste Handelsstraße":false,"Siegpunkte":0,"Rohstoffe":{"Unbekannt":0},"id":3,"Entwicklungskarten":{"Unbekannt":0},"Name":"chris","Größte Rittermacht":false}}}
2017-02-12 18:21:26.190 INFO  network.server.ClientThread 153 msgAll -    1 > {"Spiel gestartet":{"Karte":{"Felder":[{"Ort":{"x":-3,"y":2},"Typ":"Meer"},{"Ort":{"x":2,"y":0},"Zahl":8,"Typ":"Hügelland"},{"Ort":{"x":3,"y":-3},"Typ":"Meer"},{"Ort":{"x":-2,"y":3},"Typ":"Meer"},{"Ort":{"x":-1,"y":0},"Zahl":3,"Typ":"Gebirge"},{"Ort":{"x":0,"y":-3},"Typ":"Meer"},{"Ort":{"x":2,"y":1},"Typ":"Meer"},{"Ort":{"x":-3,"y":1},"Typ":"Meer"},{"Ort":{"x":-1,"y":2},"Typ":"Wüste"},{"Ort":{"x":0,"y":2},"Zahl":9,"Typ":"Ackerland"},{"Ort":{"x":1,"y":2},"Typ":"Meer"},{"Ort":{"x":-2,"y":1},"Zahl":11,"Typ":"Hügelland"},{"Ort":{"x":2,"y":-2},"Zahl":6,"Typ":"Wald"},{"Ort":{"x":-1,"y":1},"Zahl":6,"Typ":"Ackerland"},{"Ort":{"x":0,"y":1},"Zahl":5,"Typ":"Gebirge"},{"Ort":{"x":1,"y":1},"Zahl":10,"Typ":"Weideland"},{"Ort":{"x":-3,"y":0},"Typ":"Meer"},{"Ort":{"x":-2,"y":-1},"Typ":"Meer"},{"Ort":{"x":-1,"y":-1},"Zahl":8,"Typ":"Ackerland"},{"Ort":{"x":0,"y":-1},"Zahl":10,"Typ":"Weideland"},{"Ort":{"x":1,"y":-1},"Zahl":9,"Typ":"Wald"},{"Ort":{"x":2,"y":-1},"Zahl":3,"Typ":"Wald"},{"Ort":{"x":3,"y":-1},"Typ":"Meer"},{"Ort":{"x":-1,"y":-2},"Typ":"Meer"},{"Ort":{"x":0,"y":-2},"Zahl":5,"Typ":"Ackerland"},{"Ort":{"x":1,"y":-2},"Zahl":2,"Typ":"Gebirge"},{"Ort":{"x":-3,"y":3},"Typ":"Meer"},{"Ort":{"x":-2,"y":0},"Zahl":4,"Typ":"Wald"},{"Ort":{"x":3,"y":-2},"Typ":"Meer"},{"Ort":{"x":-1,"y":3},"Typ":"Meer"},{"Ort":{"x":0,"y":0},"Zahl":11,"Typ":"Hügelland"},{"Ort":{"x":1,"y":-3},"Typ":"Meer"},{"Ort":{"x":0,"y":3},"Typ":"Meer"},{"Ort":{"x":1,"y":0},"Zahl":4,"Typ":"Weideland"},{"Ort":{"x":2,"y":-3},"Typ":"Meer"},{"Ort":{"x":-2,"y":2},"Zahl":12,"Typ":"Weideland"},{"Ort":{"x":3,"y":0},"Typ":"Meer"}],"Gebäude":[],"Häfen":[{"Ort":[{"x":0,"y":-2},{"x":0,"y":-3}],"Typ":"Holz Hafen"},{"Ort":[{"x":-3,"y":1},{"x":-2,"y":0}],"Typ":"Hafen"},{"Ort":[{"x":1,"y":2},{"x":1,"y":1}],"Typ":"Hafen"},{"Ort":[{"x":-2,"y":-1},{"x":-1,"y":-1}],"Typ":"Getreide Hafen"},{"Ort":[{"x":-3,"y":3},{"x":-2,"y":2}],"Typ":"Hafen"},{"Ort":[{"x":2,"y":-1},{"x":3,"y":-2}],"Typ":"Wolle Hafen"},{"Ort":[{"x":-1,"y":3},{"x":-1,"y":2}],"Typ":"Lehm Hafen"},{"Ort":[{"x":1,"y":-2},{"x":2,"y":-3}],"Typ":"Hafen"},{"Ort":[{"x":2,"y":0},{"x":3,"y":0}],"Typ":"Erz Hafen"}],"Räuber":{"x":-1,"y":2}}}}
2017-02-12 18:21:26.197 INFO  network.server.ClientThread 153 msgAll -    2 > {"Spiel gestartet":{"Karte":{"Felder":[{"Ort":{"x":-3,"y":2},"Typ":"Meer"},{"Ort":{"x":2,"y":0},"Zahl":8,"Typ":"Hügelland"},{"Ort":{"x":3,"y":-3},"Typ":"Meer"},{"Ort":{"x":-2,"y":3},"Typ":"Meer"},{"Ort":{"x":-1,"y":0},"Zahl":3,"Typ":"Gebirge"},{"Ort":{"x":0,"y":-3},"Typ":"Meer"},{"Ort":{"x":2,"y":1},"Typ":"Meer"},{"Ort":{"x":-3,"y":1},"Typ":"Meer"},{"Ort":{"x":-1,"y":2},"Typ":"Wüste"},{"Ort":{"x":0,"y":2},"Zahl":9,"Typ":"Ackerland"},{"Ort":{"x":1,"y":2},"Typ":"Meer"},{"Ort":{"x":-2,"y":1},"Zahl":11,"Typ":"Hügelland"},{"Ort":{"x":2,"y":-2},"Zahl":6,"Typ":"Wald"},{"Ort":{"x":-1,"y":1},"Zahl":6,"Typ":"Ackerland"},{"Ort":{"x":0,"y":1},"Zahl":5,"Typ":"Gebirge"},{"Ort":{"x":1,"y":1},"Zahl":10,"Typ":"Weideland"},{"Ort":{"x":-3,"y":0},"Typ":"Meer"},{"Ort":{"x":-2,"y":-1},"Typ":"Meer"},{"Ort":{"x":-1,"y":-1},"Zahl":8,"Typ":"Ackerland"},{"Ort":{"x":0,"y":-1},"Zahl":10,"Typ":"Weideland"},{"Ort":{"x":1,"y":-1},"Zahl":9,"Typ":"Wald"},{"Ort":{"x":2,"y":-1},"Zahl":3,"Typ":"Wald"},{"Ort":{"x":3,"y":-1},"Typ":"Meer"},{"Ort":{"x":-1,"y":-2},"Typ":"Meer"},{"Ort":{"x":0,"y":-2},"Zahl":5,"Typ":"Ackerland"},{"Ort":{"x":1,"y":-2},"Zahl":2,"Typ":"Gebirge"},{"Ort":{"x":-3,"y":3},"Typ":"Meer"},{"Ort":{"x":-2,"y":0},"Zahl":4,"Typ":"Wald"},{"Ort":{"x":3,"y":-2},"Typ":"Meer"},{"Ort":{"x":-1,"y":3},"Typ":"Meer"},{"Ort":{"x":0,"y":0},"Zahl":11,"Typ":"Hügelland"},{"Ort":{"x":1,"y":-3},"Typ":"Meer"},{"Ort":{"x":0,"y":3},"Typ":"Meer"},{"Ort":{"x":1,"y":0},"Zahl":4,"Typ":"Weideland"},{"Ort":{"x":2,"y":-3},"Typ":"Meer"},{"Ort":{"x":-2,"y":2},"Zahl":12,"Typ":"Weideland"},{"Ort":{"x":3,"y":0},"Typ":"Meer"}],"Gebäude":[],"Häfen":[{"Ort":[{"x":0,"y":-2},{"x":0,"y":-3}],"Typ":"Holz Hafen"},{"Ort":[{"x":-3,"y":1},{"x":-2,"y":0}],"Typ":"Hafen"},{"Ort":[{"x":1,"y":2},{"x":1,"y":1}],"Typ":"Hafen"},{"Ort":[{"x":-2,"y":-1},{"x":-1,"y":-1}],"Typ":"Getreide Hafen"},{"Ort":[{"x":-3,"y":3},{"x":-2,"y":2}],"Typ":"Hafen"},{"Ort":[{"x":2,"y":-1},{"x":3,"y":-2}],"Typ":"Wolle Hafen"},{"Ort":[{"x":-1,"y":3},{"x":-1,"y":2}],"Typ":"Lehm Hafen"},{"Ort":[{"x":1,"y":-2},{"x":2,"y":-3}],"Typ":"Hafen"},{"Ort":[{"x":2,"y":0},{"x":3,"y":0}],"Typ":"Erz Hafen"}],"Räuber":{"x":-1,"y":2}}}}
2017-02-12 18:21:26.203 INFO  network.server.ClientThread 153 msgAll -    3 > {"Spiel gestartet":{"Karte":{"Felder":[{"Ort":{"x":-3,"y":2},"Typ":"Meer"},{"Ort":{"x":2,"y":0},"Zahl":8,"Typ":"Hügelland"},{"Ort":{"x":3,"y":-3},"Typ":"Meer"},{"Ort":{"x":-2,"y":3},"Typ":"Meer"},{"Ort":{"x":-1,"y":0},"Zahl":3,"Typ":"Gebirge"},{"Ort":{"x":0,"y":-3},"Typ":"Meer"},{"Ort":{"x":2,"y":1},"Typ":"Meer"},{"Ort":{"x":-3,"y":1},"Typ":"Meer"},{"Ort":{"x":-1,"y":2},"Typ":"Wüste"},{"Ort":{"x":0,"y":2},"Zahl":9,"Typ":"Ackerland"},{"Ort":{"x":1,"y":2},"Typ":"Meer"},{"Ort":{"x":-2,"y":1},"Zahl":11,"Typ":"Hügelland"},{"Ort":{"x":2,"y":-2},"Zahl":6,"Typ":"Wald"},{"Ort":{"x":-1,"y":1},"Zahl":6,"Typ":"Ackerland"},{"Ort":{"x":0,"y":1},"Zahl":5,"Typ":"Gebirge"},{"Ort":{"x":1,"y":1},"Zahl":10,"Typ":"Weideland"},{"Ort":{"x":-3,"y":0},"Typ":"Meer"},{"Ort":{"x":-2,"y":-1},"Typ":"Meer"},{"Ort":{"x":-1,"y":-1},"Zahl":8,"Typ":"Ackerland"},{"Ort":{"x":0,"y":-1},"Zahl":10,"Typ":"Weideland"},{"Ort":{"x":1,"y":-1},"Zahl":9,"Typ":"Wald"},{"Ort":{"x":2,"y":-1},"Zahl":3,"Typ":"Wald"},{"Ort":{"x":3,"y":-1},"Typ":"Meer"},{"Ort":{"x":-1,"y":-2},"Typ":"Meer"},{"Ort":{"x":0,"y":-2},"Zahl":5,"Typ":"Ackerland"},{"Ort":{"x":1,"y":-2},"Zahl":2,"Typ":"Gebirge"},{"Ort":{"x":-3,"y":3},"Typ":"Meer"},{"Ort":{"x":-2,"y":0},"Zahl":4,"Typ":"Wald"},{"Ort":{"x":3,"y":-2},"Typ":"Meer"},{"Ort":{"x":-1,"y":3},"Typ":"Meer"},{"Ort":{"x":0,"y":0},"Zahl":11,"Typ":"Hügelland"},{"Ort":{"x":1,"y":-3},"Typ":"Meer"},{"Ort":{"x":0,"y":3},"Typ":"Meer"},{"Ort":{"x":1,"y":0},"Zahl":4,"Typ":"Weideland"},{"Ort":{"x":2,"y":-3},"Typ":"Meer"},{"Ort":{"x":-2,"y":2},"Zahl":12,"Typ":"Weideland"},{"Ort":{"x":3,"y":0},"Typ":"Meer"}],"Gebäude":[],"Häfen":[{"Ort":[{"x":0,"y":-2},{"x":0,"y":-3}],"Typ":"Holz Hafen"},{"Ort":[{"x":-3,"y":1},{"x":-2,"y":0}],"Typ":"Hafen"},{"Ort":[{"x":1,"y":2},{"x":1,"y":1}],"Typ":"Hafen"},{"Ort":[{"x":-2,"y":-1},{"x":-1,"y":-1}],"Typ":"Getreide Hafen"},{"Ort":[{"x":-3,"y":3},{"x":-2,"y":2}],"Typ":"Hafen"},{"Ort":[{"x":2,"y":-1},{"x":3,"y":-2}],"Typ":"Wolle Hafen"},{"Ort":[{"x":-1,"y":3},{"x":-1,"y":2}],"Typ":"Lehm Hafen"},{"Ort":[{"x":1,"y":-2},{"x":2,"y":-3}],"Typ":"Hafen"},{"Ort":[{"x":2,"y":0},{"x":3,"y":0}],"Typ":"Erz Hafen"}],"Räuber":{"x":-1,"y":2}}}}
2017-02-12 18:21:26.209 INFO  network.server.ClientThread 153 msgAll -    1 > {"Würfelwurf":{"Spieler":1,"Wurf":[2,4]}}
2017-02-12 18:21:26.215 INFO  network.server.ClientThread 153 msgAll -    2 > {"Würfelwurf":{"Spieler":1,"Wurf":[2,4]}}
2017-02-12 18:21:26.220 INFO  network.server.ClientThread 153 msgAll -    3 > {"Würfelwurf":{"Spieler":1,"Wurf":[2,4]}}
2017-02-12 18:21:26.226 INFO  network.server.ClientThread 153 msgAll -    1 > {"Würfelwurf":{"Spieler":2,"Wurf":[5,2]}}
2017-02-12 18:21:26.232 INFO  network.server.ClientThread 153 msgAll -    2 > {"Würfelwurf":{"Spieler":2,"Wurf":[5,2]}}
2017-02-12 18:21:26.239 INFO  network.server.ClientThread 153 msgAll -    3 > {"Würfelwurf":{"Spieler":2,"Wurf":[5,2]}}
2017-02-12 18:21:26.245 INFO  network.server.ClientThread 153 msgAll -    1 > {"Würfelwurf":{"Spieler":3,"Wurf":[1,6]}}
2017-02-12 18:21:26.251 INFO  network.server.ClientThread 153 msgAll -    2 > {"Würfelwurf":{"Spieler":3,"Wurf":[1,6]}}
2017-02-12 18:21:26.258 INFO  network.server.ClientThread 153 msgAll -    3 > {"Würfelwurf":{"Spieler":3,"Wurf":[1,6]}}
2017-02-12 18:21:26.261 WARN  network.client.ClientListener 249 handleMsg - Case not covered!
2017-02-12 18:21:26.262 INFO  network.client.Client 169 receiveMsg - {"Spiel gestartet":{"Karte":{"Felder":[{"Ort":{"x":-3,"y":2},"Typ":"Meer"},{"Ort":{"x":2,"y":0},"Zahl":8,"Typ":"Hügelland"},{"Ort":{"x":3,"y":-3},"Typ":"Meer"},{"Ort":{"x":-2,"y":3},"Typ":"Meer"},{"Ort":{"x":-1,"y":0},"Zahl":3,"Typ":"Gebirge"},{"Ort":{"x":0,"y":-3},"Typ":"Meer"},{"Ort":{"x":2,"y":1},"Typ":"Meer"},{"Ort":{"x":-3,"y":1},"Typ":"Meer"},{"Ort":{"x":-1,"y":2},"Typ":"Wüste"},{"Ort":{"x":0,"y":2},"Zahl":9,"Typ":"Ackerland"},{"Ort":{"x":1,"y":2},"Typ":"Meer"},{"Ort":{"x":-2,"y":1},"Zahl":11,"Typ":"Hügelland"},{"Ort":{"x":2,"y":-2},"Zahl":6,"Typ":"Wald"},{"Ort":{"x":-1,"y":1},"Zahl":6,"Typ":"Ackerland"},{"Ort":{"x":0,"y":1},"Zahl":5,"Typ":"Gebirge"},{"Ort":{"x":1,"y":1},"Zahl":10,"Typ":"Weideland"},{"Ort":{"x":-3,"y":0},"Typ":"Meer"},{"Ort":{"x":-2,"y":-1},"Typ":"Meer"},{"Ort":{"x":-1,"y":-1},"Zahl":8,"Typ":"Ackerland"},{"Ort":{"x":0,"y":-1},"Zahl":10,"Typ":"Weideland"},{"Ort":{"x":1,"y":-1},"Zahl":9,"Typ":"Wald"},{"Ort":{"x":2,"y":-1},"Zahl":3,"Typ":"Wald"},{"Ort":{"x":3,"y":-1},"Typ":"Meer"},{"Ort":{"x":-1,"y":-2},"Typ":"Meer"},{"Ort":{"x":0,"y":-2},"Zahl":5,"Typ":"Ackerland"},{"Ort":{"x":1,"y":-2},"Zahl":2,"Typ":"Gebirge"},{"Ort":{"x":-3,"y":3},"Typ":"Meer"},{"Ort":{"x":-2,"y":0},"Zahl":4,"Typ":"Wald"},{"Ort":{"x":3,"y":-2},"Typ":"Meer"},{"Ort":{"x":-1,"y":3},"Typ":"Meer"},{"Ort":{"x":0,"y":0},"Zahl":11,"Typ":"Hügelland"},{"Ort":{"x":1,"y":-3},"Typ":"Meer"},{"Ort":{"x":0,"y":3},"Typ":"Meer"},{"Ort":{"x":1,"y":0},"Zahl":4,"Typ":"Weideland"},{"Ort":{"x":2,"y":-3},"Typ":"Meer"},{"Ort":{"x":-2,"y":2},"Zahl":12,"Typ":"Weideland"},{"Ort":{"x":3,"y":0},"Typ":"Meer"}],"Gebäude":[],"Häfen":[{"Ort":[{"x":0,"y":-2},{"x":0,"y":-3}],"Typ":"Holz Hafen"},{"Ort":[{"x":-3,"y":1},{"x":-2,"y":0}],"Typ":"Hafen"},{"Ort":[{"x":1,"y":2},{"x":1,"y":1}],"Typ":"Hafen"},{"Ort":[{"x":-2,"y":-1},{"x":-1,"y":-1}],"Typ":"Getreide Hafen"},{"Ort":[{"x":-3,"y":3},{"x":-2,"y":2}],"Typ":"Hafen"},{"Ort":[{"x":2,"y":-1},{"x":3,"y":-2}],"Typ":"Wolle Hafen"},{"Ort":[{"x":-1,"y":3},{"x":-1,"y":2}],"Typ":"Lehm Hafen"},{"Ort":[{"x":1,"y":-2},{"x":2,"y":-3}],"Typ":"Hafen"},{"Ort":[{"x":2,"y":0},{"x":3,"y":0}],"Typ":"Erz Hafen"}],"Räuber":{"x":-1,"y":2}}}}
2017-02-12 18:21:26.264 INFO  network.server.ClientThread 153 msgAll -    1 > {"Würfelwurf":{"Spieler":1,"Wurf":[6,2]}}
2017-02-12 18:21:26.264 WARN  network.client.ClientListener 249 handleMsg - Case not covered!
2017-02-12 18:21:26.264 INFO  network.client.Client 169 receiveMsg - {"Spiel gestartet":{"Karte":{"Felder":[{"Ort":{"x":-3,"y":2},"Typ":"Meer"},{"Ort":{"x":2,"y":0},"Zahl":8,"Typ":"Hügelland"},{"Ort":{"x":3,"y":-3},"Typ":"Meer"},{"Ort":{"x":-2,"y":3},"Typ":"Meer"},{"Ort":{"x":-1,"y":0},"Zahl":3,"Typ":"Gebirge"},{"Ort":{"x":0,"y":-3},"Typ":"Meer"},{"Ort":{"x":2,"y":1},"Typ":"Meer"},{"Ort":{"x":-3,"y":1},"Typ":"Meer"},{"Ort":{"x":-1,"y":2},"Typ":"Wüste"},{"Ort":{"x":0,"y":2},"Zahl":9,"Typ":"Ackerland"},{"Ort":{"x":1,"y":2},"Typ":"Meer"},{"Ort":{"x":-2,"y":1},"Zahl":11,"Typ":"Hügelland"},{"Ort":{"x":2,"y":-2},"Zahl":6,"Typ":"Wald"},{"Ort":{"x":-1,"y":1},"Zahl":6,"Typ":"Ackerland"},{"Ort":{"x":0,"y":1},"Zahl":5,"Typ":"Gebirge"},{"Ort":{"x":1,"y":1},"Zahl":10,"Typ":"Weideland"},{"Ort":{"x":-3,"y":0},"Typ":"Meer"},{"Ort":{"x":-2,"y":-1},"Typ":"Meer"},{"Ort":{"x":-1,"y":-1},"Zahl":8,"Typ":"Ackerland"},{"Ort":{"x":0,"y":-1},"Zahl":10,"Typ":"Weideland"},{"Ort":{"x":1,"y":-1},"Zahl":9,"Typ":"Wald"},{"Ort":{"x":2,"y":-1},"Zahl":3,"Typ":"Wald"},{"Ort":{"x":3,"y":-1},"Typ":"Meer"},{"Ort":{"x":-1,"y":-2},"Typ":"Meer"},{"Ort":{"x":0,"y":-2},"Zahl":5,"Typ":"Ackerland"},{"Ort":{"x":1,"y":-2},"Zahl":2,"Typ":"Gebirge"},{"Ort":{"x":-3,"y":3},"Typ":"Meer"},{"Ort":{"x":-2,"y":0},"Zahl":4,"Typ":"Wald"},{"Ort":{"x":3,"y":-2},"Typ":"Meer"},{"Ort":{"x":-1,"y":3},"Typ":"Meer"},{"Ort":{"x":0,"y":0},"Zahl":11,"Typ":"Hügelland"},{"Ort":{"x":1,"y":-3},"Typ":"Meer"},{"Ort":{"x":0,"y":3},"Typ":"Meer"},{"Ort":{"x":1,"y":0},"Zahl":4,"Typ":"Weideland"},{"Ort":{"x":2,"y":-3},"Typ":"Meer"},{"Ort":{"x":-2,"y":2},"Zahl":12,"Typ":"Weideland"},{"Ort":{"x":3,"y":0},"Typ":"Meer"}],"Gebäude":[],"Häfen":[{"Ort":[{"x":0,"y":-2},{"x":0,"y":-3}],"Typ":"Holz Hafen"},{"Ort":[{"x":-3,"y":1},{"x":-2,"y":0}],"Typ":"Hafen"},{"Ort":[{"x":1,"y":2},{"x":1,"y":1}],"Typ":"Hafen"},{"Ort":[{"x":-2,"y":-1},{"x":-1,"y":-1}],"Typ":"Getreide Hafen"},{"Ort":[{"x":-3,"y":3},{"x":-2,"y":2}],"Typ":"Hafen"},{"Ort":[{"x":2,"y":-1},{"x":3,"y":-2}],"Typ":"Wolle Hafen"},{"Ort":[{"x":-1,"y":3},{"x":-1,"y":2}],"Typ":"Lehm Hafen"},{"Ort":[{"x":1,"y":-2},{"x":2,"y":-3}],"Typ":"Hafen"},{"Ort":[{"x":2,"y":0},{"x":3,"y":0}],"Typ":"Erz Hafen"}],"Räuber":{"x":-1,"y":2}}}}
2017-02-12 18:21:26.270 INFO  network.server.ClientThread 153 msgAll -    2 > {"Würfelwurf":{"Spieler":1,"Wurf":[6,2]}}
2017-02-12 18:21:26.276 INFO  network.server.ClientThread 153 msgAll -    3 > {"Würfelwurf":{"Spieler":1,"Wurf":[6,2]}}
2017-02-12 18:21:26.283 INFO  network.server.ClientThread 153 msgAll -    1 > {"Würfelwurf":{"Spieler":2,"Wurf":[4,1]}}
2017-02-12 18:21:26.289 INFO  network.server.ClientThread 153 msgAll -    2 > {"Würfelwurf":{"Spieler":2,"Wurf":[4,1]}}
2017-02-12 18:21:26.296 INFO  network.server.ClientThread 153 msgAll -    3 > {"Würfelwurf":{"Spieler":2,"Wurf":[4,1]}}
2017-02-12 18:21:26.302 INFO  network.server.ClientThread 153 msgAll -    1 > {"Würfelwurf":{"Spieler":3,"Wurf":[6,4]}}
2017-02-12 18:21:26.308 INFO  network.server.ClientThread 153 msgAll -    2 > {"Würfelwurf":{"Spieler":3,"Wurf":[6,4]}}
2017-02-12 18:21:26.315 INFO  network.server.ClientThread 153 msgAll -    3 > {"Würfelwurf":{"Spieler":3,"Wurf":[6,4]}}
2017-02-12 18:21:26.325 INFO  network.server.ClientThreadSequence 126 setSequence - Player sequence [3, 1, 2]
2017-02-12 18:21:26.330 INFO  network.server.ClientThread 126 msgThisClient -    1 > {"Statusupdate":{"Spieler":{"Status":"Warten","Rittermacht":0,"Farbe":"Blau","Längste Handelsstraße":false,"Siegpunkte":0,"Rohstoffe":{"Getreide":0,"Wolle":0,"Holz":0,"Lehm":0,"Erz":0},"id":1,"Entwicklungskarten":{"Straßenbau":0,"Erfindung":0,"Monopol":0,"Ritter":0,"Siegpunkt":0},"Name":"KI (1)","Größte Rittermacht":false}}}
2017-02-12 18:21:26.331 INFO  network.server.ClientThread 186 msgAllButThisClient -    2 > {"Statusupdate":{"Spieler":{"Status":"Warten","Rittermacht":0,"Farbe":"Blau","Längste Handelsstraße":false,"Siegpunkte":0,"Rohstoffe":{"Unbekannt":0},"id":1,"Entwicklungskarten":{"Unbekannt":0},"Name":"KI (1)","Größte Rittermacht":false}}}
2017-02-12 18:21:26.337 INFO  network.server.ClientThread 186 msgAllButThisClient -    3 > {"Statusupdate":{"Spieler":{"Status":"Warten","Rittermacht":0,"Farbe":"Blau","Längste Handelsstraße":false,"Siegpunkte":0,"Rohstoffe":{"Unbekannt":0},"id":1,"Entwicklungskarten":{"Unbekannt":0},"Name":"KI (1)","Größte Rittermacht":false}}}
2017-02-12 18:21:26.345 INFO  network.server.ClientThread 126 msgThisClient -    2 > {"Statusupdate":{"Spieler":{"Status":"Warten","Rittermacht":0,"Farbe":"Rot","Längste Handelsstraße":false,"Siegpunkte":0,"Rohstoffe":{"Getreide":0,"Wolle":0,"Holz":0,"Lehm":0,"Erz":0},"id":2,"Entwicklungskarten":{"Straßenbau":0,"Erfindung":0,"Monopol":0,"Ritter":0,"Siegpunkt":0},"Name":"KI (2)","Größte Rittermacht":false}}}
2017-02-12 18:21:26.346 INFO  network.server.ClientThread 186 msgAllButThisClient -    1 > {"Statusupdate":{"Spieler":{"Status":"Warten","Rittermacht":0,"Farbe":"Rot","Längste Handelsstraße":false,"Siegpunkte":0,"Rohstoffe":{"Unbekannt":0},"id":2,"Entwicklungskarten":{"Unbekannt":0},"Name":"KI (2)","Größte Rittermacht":false}}}
2017-02-12 18:21:26.349 WARN  network.client.ClientListener 249 handleMsg - Case not covered!
2017-02-12 18:21:26.350 INFO  network.client.Client 169 receiveMsg - {"Würfelwurf":{"Spieler":1,"Wurf":[2,4]}}
2017-02-12 18:21:26.350 WARN  network.client.ClientListener 249 handleMsg - Case not covered!
2017-02-12 18:21:26.350 INFO  network.client.Client 169 receiveMsg - {"Würfelwurf":{"Spieler":1,"Wurf":[2,4]}}
2017-02-12 18:21:26.359 INFO  network.server.ClientThread 186 msgAllButThisClient -    3 > {"Statusupdate":{"Spieler":{"Status":"Warten","Rittermacht":0,"Farbe":"Rot","Längste Handelsstraße":false,"Siegpunkte":0,"Rohstoffe":{"Unbekannt":0},"id":2,"Entwicklungskarten":{"Unbekannt":0},"Name":"KI (2)","Größte Rittermacht":false}}}
2017-02-12 18:21:26.366 INFO  network.server.ClientThread 126 msgThisClient -    3 > {"Statusupdate":{"Spieler":{"Status":"Dorf bauen","Rittermacht":0,"Farbe":"Orange","Längste Handelsstraße":false,"Siegpunkte":0,"Rohstoffe":{"Getreide":0,"Wolle":0,"Holz":0,"Lehm":0,"Erz":0},"id":3,"Entwicklungskarten":{"Straßenbau":0,"Erfindung":0,"Monopol":0,"Ritter":0,"Siegpunkt":0},"Name":"chris","Größte Rittermacht":false}}}
2017-02-12 18:21:26.367 INFO  network.server.ClientThread 186 msgAllButThisClient -    1 > {"Statusupdate":{"Spieler":{"Status":"Dorf bauen","Rittermacht":0,"Farbe":"Orange","Längste Handelsstraße":false,"Siegpunkte":0,"Rohstoffe":{"Unbekannt":0},"id":3,"Entwicklungskarten":{"Unbekannt":0},"Name":"chris","Größte Rittermacht":false}}}
2017-02-12 18:21:26.373 INFO  network.server.ClientThread 186 msgAllButThisClient -    2 > {"Statusupdate":{"Spieler":{"Status":"Dorf bauen","Rittermacht":0,"Farbe":"Orange","Längste Handelsstraße":false,"Siegpunkte":0,"Rohstoffe":{"Unbekannt":0},"id":3,"Entwicklungskarten":{"Unbekannt":0},"Name":"chris","Größte Rittermacht":false}}}
2017-02-12 18:21:26.434 WARN  network.client.ClientListener 249 handleMsg - Case not covered!
2017-02-12 18:21:26.434 WARN  network.client.ClientListener 249 handleMsg - Case not covered!
2017-02-12 18:21:26.434 INFO  network.client.Client 169 receiveMsg - {"Würfelwurf":{"Spieler":2,"Wurf":[5,2]}}
2017-02-12 18:21:26.434 INFO  network.client.Client 169 receiveMsg - {"Würfelwurf":{"Spieler":2,"Wurf":[5,2]}}
2017-02-12 18:21:26.519 WARN  network.client.ClientListener 249 handleMsg - Case not covered!
2017-02-12 18:21:26.519 WARN  network.client.ClientListener 249 handleMsg - Case not covered!
2017-02-12 18:21:26.519 INFO  network.client.Client 169 receiveMsg - {"Würfelwurf":{"Spieler":3,"Wurf":[1,6]}}
2017-02-12 18:21:26.519 INFO  network.client.Client 169 receiveMsg - {"Würfelwurf":{"Spieler":3,"Wurf":[1,6]}}
2017-02-12 18:21:26.603 WARN  network.client.ClientListener 249 handleMsg - Case not covered!
2017-02-12 18:21:26.603 WARN  network.client.ClientListener 249 handleMsg - Case not covered!
2017-02-12 18:21:26.604 INFO  network.client.Client 169 receiveMsg - {"Würfelwurf":{"Spieler":1,"Wurf":[6,2]}}
2017-02-12 18:21:26.604 INFO  network.client.Client 169 receiveMsg - {"Würfelwurf":{"Spieler":1,"Wurf":[6,2]}}
2017-02-12 18:21:26.686 WARN  network.client.ClientListener 249 handleMsg - Case not covered!
2017-02-12 18:21:26.686 WARN  network.client.ClientListener 249 handleMsg - Case not covered!
2017-02-12 18:21:26.686 INFO  network.client.Client 169 receiveMsg - {"Würfelwurf":{"Spieler":2,"Wurf":[4,1]}}
2017-02-12 18:21:26.686 INFO  network.client.Client 169 receiveMsg - {"Würfelwurf":{"Spieler":2,"Wurf":[4,1]}}
2017-02-12 18:21:26.771 WARN  network.client.ClientListener 249 handleMsg - Case not covered!
2017-02-12 18:21:26.771 WARN  network.client.ClientListener 249 handleMsg - Case not covered!
2017-02-12 18:21:26.772 INFO  network.client.Client 169 receiveMsg - {"Würfelwurf":{"Spieler":3,"Wurf":[6,4]}}
2017-02-12 18:21:26.772 INFO  network.client.Client 169 receiveMsg - {"Würfelwurf":{"Spieler":3,"Wurf":[6,4]}}
2017-02-12 18:21:26.853 WARN  network.client.ClientListener 766 internalAi - Case not covered!
2017-02-12 18:21:26.853 WARN  network.client.ClientListener 766 internalAi - Case not covered!
2017-02-12 18:21:26.854 INFO  network.client.Client 169 receiveMsg - {"Statusupdate":{"Spieler":{"Status":"Warten","Rittermacht":0,"Farbe":"Blau","Längste Handelsstraße":false,"Siegpunkte":0,"Rohstoffe":{"Getreide":0,"Wolle":0,"Holz":0,"Lehm":0,"Erz":0},"id":1,"Entwicklungskarten":{"Straßenbau":0,"Erfindung":0,"Monopol":0,"Ritter":0,"Siegpunkt":0},"Name":"KI (1)","Größte Rittermacht":false}}}
2017-02-12 18:21:26.854 INFO  network.client.Client 169 receiveMsg - {"Statusupdate":{"Spieler":{"Status":"Warten","Rittermacht":0,"Farbe":"Blau","Längste Handelsstraße":false,"Siegpunkte":0,"Rohstoffe":{"Unbekannt":0},"id":1,"Entwicklungskarten":{"Unbekannt":0},"Name":"KI (1)","Größte Rittermacht":false}}}
2017-02-12 18:21:26.937 WARN  network.client.ClientListener 766 internalAi - Case not covered!
2017-02-12 18:21:26.937 WARN  network.client.ClientListener 766 internalAi - Case not covered!
2017-02-12 18:21:26.937 INFO  network.client.Client 169 receiveMsg - {"Statusupdate":{"Spieler":{"Status":"Warten","Rittermacht":0,"Farbe":"Rot","Längste Handelsstraße":false,"Siegpunkte":0,"Rohstoffe":{"Unbekannt":0},"id":2,"Entwicklungskarten":{"Unbekannt":0},"Name":"KI (2)","Größte Rittermacht":false}}}
2017-02-12 18:21:26.937 INFO  network.client.Client 169 receiveMsg - {"Statusupdate":{"Spieler":{"Status":"Warten","Rittermacht":0,"Farbe":"Rot","Längste Handelsstraße":false,"Siegpunkte":0,"Rohstoffe":{"Getreide":0,"Wolle":0,"Holz":0,"Lehm":0,"Erz":0},"id":2,"Entwicklungskarten":{"Straßenbau":0,"Erfindung":0,"Monopol":0,"Ritter":0,"Siegpunkt":0},"Name":"KI (2)","Größte Rittermacht":false}}}
2017-02-12 18:21:27.020 INFO  network.client.Client 169 receiveMsg - {"Statusupdate":{"Spieler":{"Status":"Dorf bauen","Rittermacht":0,"Farbe":"Orange","Längste Handelsstraße":false,"Siegpunkte":0,"Rohstoffe":{"Unbekannt":0},"id":3,"Entwicklungskarten":{"Unbekannt":0},"Name":"chris","Größte Rittermacht":false}}}
2017-02-12 18:21:27.020 INFO  network.client.Client 169 receiveMsg - {"Statusupdate":{"Spieler":{"Status":"Dorf bauen","Rittermacht":0,"Farbe":"Orange","Längste Handelsstraße":false,"Siegpunkte":0,"Rohstoffe":{"Unbekannt":0},"id":3,"Entwicklungskarten":{"Unbekannt":0},"Name":"chris","Größte Rittermacht":false}}}
2017-02-12 18:21:59.485 INFO  network.server.ClientThread 59 run -  < 3   {"Bauen":{"Ort":[{"x":-1,"y":1},{"x":0,"y":1},{"x":0,"y":0}],"Typ":"Dorf"}}
2017-02-12 18:21:59.486 INFO  network.Interpreter 328 axialToEdgeOrCorner - [{"x":-1,"y":1},{"x":0,"y":1},{"x":0,"y":0}]. {11, 12, 18}
2017-02-12 18:21:59.490 INFO  network.Interpreter 328 axialToEdgeOrCorner - [{"x":-1,"y":1},{"x":0,"y":1},{"x":0,"y":0}]. {11, 12, 18}
2017-02-12 18:21:59.490 INFO  network.server.ClientThread 126 msgThisClient -    3 > {"Serverantwort":"OK"}
2017-02-12 18:21:59.493 INFO  network.server.ClientThread 153 msgAll -    1 > {"Bauvorgang":{"Gebäude":{"Ort":[{"x":-1,"y":1},{"x":0,"y":1},{"x":0,"y":0}],"Eigentümer":3,"Typ":"Dorf"}}}
2017-02-12 18:21:59.494 WARN  network.client.ClientListener 249 handleMsg - Case not covered!
2017-02-12 18:21:59.494 INFO  network.client.Client 169 receiveMsg - {"Bauvorgang":{"Gebäude":{"Ort":[{"x":-1,"y":1},{"x":0,"y":1},{"x":0,"y":0}],"Eigentümer":3,"Typ":"Dorf"}}}
2017-02-12 18:21:59.500 INFO  network.server.ClientThread 153 msgAll -    2 > {"Bauvorgang":{"Gebäude":{"Ort":[{"x":-1,"y":1},{"x":0,"y":1},{"x":0,"y":0}],"Eigentümer":3,"Typ":"Dorf"}}}
2017-02-12 18:21:59.500 WARN  network.client.ClientListener 249 handleMsg - Case not covered!
2017-02-12 18:21:59.500 INFO  network.client.Client 169 receiveMsg - {"Bauvorgang":{"Gebäude":{"Ort":[{"x":-1,"y":1},{"x":0,"y":1},{"x":0,"y":0}],"Eigentümer":3,"Typ":"Dorf"}}}
2017-02-12 18:21:59.506 INFO  network.server.ClientThread 153 msgAll -    3 > {"Bauvorgang":{"Gebäude":{"Ort":[{"x":-1,"y":1},{"x":0,"y":1},{"x":0,"y":0}],"Eigentümer":3,"Typ":"Dorf"}}}
2017-02-12 18:21:59.513 INFO  network.server.ClientThread 126 msgThisClient -    3 > {"Statusupdate":{"Spieler":{"Status":"Straße bauen","Rittermacht":0,"Farbe":"Orange","Längste Handelsstraße":false,"Siegpunkte":1,"Rohstoffe":{"Getreide":0,"Wolle":0,"Holz":0,"Lehm":0,"Erz":0},"id":3,"Entwicklungskarten":{"Straßenbau":0,"Erfindung":0,"Monopol":0,"Ritter":0,"Siegpunkt":0},"Name":"chris","Größte Rittermacht":false}}}
2017-02-12 18:21:59.514 INFO  network.server.ClientThread 186 msgAllButThisClient -    1 > {"Statusupdate":{"Spieler":{"Status":"Straße bauen","Rittermacht":0,"Farbe":"Orange","Längste Handelsstraße":false,"Siegpunkte":1,"Rohstoffe":{"Unbekannt":0},"id":3,"Entwicklungskarten":{"Unbekannt":0},"Name":"chris","Größte Rittermacht":false}}}
2017-02-12 18:21:59.519 INFO  network.server.ClientThread 186 msgAllButThisClient -    2 > {"Statusupdate":{"Spieler":{"Status":"Straße bauen","Rittermacht":0,"Farbe":"Orange","Längste Handelsstraße":false,"Siegpunkte":1,"Rohstoffe":{"Unbekannt":0},"id":3,"Entwicklungskarten":{"Unbekannt":0},"Name":"chris","Größte Rittermacht":false}}}
2017-02-12 18:21:59.575 INFO  network.client.Client 169 receiveMsg - {"Statusupdate":{"Spieler":{"Status":"Straße bauen","Rittermacht":0,"Farbe":"Orange","Längste Handelsstraße":false,"Siegpunkte":1,"Rohstoffe":{"Unbekannt":0},"id":3,"Entwicklungskarten":{"Unbekannt":0},"Name":"chris","Größte Rittermacht":false}}}
2017-02-12 18:21:59.583 INFO  network.client.Client 169 receiveMsg - {"Statusupdate":{"Spieler":{"Status":"Straße bauen","Rittermacht":0,"Farbe":"Orange","Längste Handelsstraße":false,"Siegpunkte":1,"Rohstoffe":{"Unbekannt":0},"id":3,"Entwicklungskarten":{"Unbekannt":0},"Name":"chris","Größte Rittermacht":false}}}
2017-02-12 18:22:00.829 INFO  network.server.ClientThread 59 run -  < 3   {"Bauen":{"Ort":[{"x":-1,"y":1},{"x":0,"y":0}],"Typ":"Straße"}}
2017-02-12 18:22:00.830 INFO  network.Interpreter 328 axialToEdgeOrCorner - [{"x":-1,"y":1},{"x":0,"y":0}]. {11, 18}
2017-02-12 18:22:00.831 INFO  network.Interpreter 328 axialToEdgeOrCorner - [{"x":-1,"y":1},{"x":0,"y":0}]. {11, 18}
2017-02-12 18:22:00.831 INFO  network.server.ClientThread 126 msgThisClient -    3 > {"Serverantwort":"OK"}
2017-02-12 18:22:00.832 INFO  network.server.ClientThread 153 msgAll -    1 > {"Bauvorgang":{"Gebäude":{"Ort":[{"x":-1,"y":1},{"x":0,"y":0}],"Eigentümer":3,"Typ":"Straße"}}}
2017-02-12 18:22:00.832 WARN  network.client.ClientListener 249 handleMsg - Case not covered!
2017-02-12 18:22:00.832 INFO  network.client.Client 169 receiveMsg - {"Bauvorgang":{"Gebäude":{"Ort":[{"x":-1,"y":1},{"x":0,"y":0}],"Eigentümer":3,"Typ":"Straße"}}}
2017-02-12 18:22:00.839 INFO  network.server.ClientThread 153 msgAll -    2 > {"Bauvorgang":{"Gebäude":{"Ort":[{"x":-1,"y":1},{"x":0,"y":0}],"Eigentümer":3,"Typ":"Straße"}}}
2017-02-12 18:22:00.839 WARN  network.client.ClientListener 249 handleMsg - Case not covered!
2017-02-12 18:22:00.839 INFO  network.client.Client 169 receiveMsg - {"Bauvorgang":{"Gebäude":{"Ort":[{"x":-1,"y":1},{"x":0,"y":0}],"Eigentümer":3,"Typ":"Straße"}}}
2017-02-12 18:22:00.845 INFO  network.server.ClientThread 153 msgAll -    3 > {"Bauvorgang":{"Gebäude":{"Ort":[{"x":-1,"y":1},{"x":0,"y":0}],"Eigentümer":3,"Typ":"Straße"}}}
2017-02-12 18:22:00.857 INFO  network.server.ClientThread 126 msgThisClient -    3 > {"Statusupdate":{"Spieler":{"Status":"Warten","Rittermacht":0,"Farbe":"Orange","Längste Handelsstraße":false,"Siegpunkte":1,"Rohstoffe":{"Getreide":0,"Wolle":0,"Holz":0,"Lehm":0,"Erz":0},"id":3,"Entwicklungskarten":{"Straßenbau":0,"Erfindung":0,"Monopol":0,"Ritter":0,"Siegpunkt":0},"Name":"chris","Größte Rittermacht":false}}}
2017-02-12 18:22:00.857 INFO  network.server.ClientThread 186 msgAllButThisClient -    1 > {"Statusupdate":{"Spieler":{"Status":"Warten","Rittermacht":0,"Farbe":"Orange","Längste Handelsstraße":false,"Siegpunkte":1,"Rohstoffe":{"Unbekannt":0},"id":3,"Entwicklungskarten":{"Unbekannt":0},"Name":"chris","Größte Rittermacht":false}}}
2017-02-12 18:22:00.863 INFO  network.server.ClientThread 186 msgAllButThisClient -    2 > {"Statusupdate":{"Spieler":{"Status":"Warten","Rittermacht":0,"Farbe":"Orange","Längste Handelsstraße":false,"Siegpunkte":1,"Rohstoffe":{"Unbekannt":0},"id":3,"Entwicklungskarten":{"Unbekannt":0},"Name":"chris","Größte Rittermacht":false}}}
2017-02-12 18:22:00.869 INFO  network.server.ClientThread 126 msgThisClient -    1 > {"Statusupdate":{"Spieler":{"Status":"Dorf bauen","Rittermacht":0,"Farbe":"Blau","Längste Handelsstraße":false,"Siegpunkte":0,"Rohstoffe":{"Getreide":0,"Wolle":0,"Holz":0,"Lehm":0,"Erz":0},"id":1,"Entwicklungskarten":{"Straßenbau":0,"Erfindung":0,"Monopol":0,"Ritter":0,"Siegpunkt":0},"Name":"KI (1)","Größte Rittermacht":false}}}
2017-02-12 18:22:00.870 INFO  network.server.ClientThread 186 msgAllButThisClient -    2 > {"Statusupdate":{"Spieler":{"Status":"Dorf bauen","Rittermacht":0,"Farbe":"Blau","Längste Handelsstraße":false,"Siegpunkte":0,"Rohstoffe":{"Unbekannt":0},"id":1,"Entwicklungskarten":{"Unbekannt":0},"Name":"KI (1)","Größte Rittermacht":false}}}
2017-02-12 18:22:00.876 INFO  network.server.ClientThread 186 msgAllButThisClient -    3 > {"Statusupdate":{"Spieler":{"Status":"Dorf bauen","Rittermacht":0,"Farbe":"Blau","Längste Handelsstraße":false,"Siegpunkte":0,"Rohstoffe":{"Unbekannt":0},"id":1,"Entwicklungskarten":{"Unbekannt":0},"Name":"KI (1)","Größte Rittermacht":false}}}
2017-02-12 18:22:00.916 WARN  network.client.ClientListener 766 internalAi - Case not covered!
2017-02-12 18:22:00.916 INFO  network.client.Client 169 receiveMsg - {"Statusupdate":{"Spieler":{"Status":"Warten","Rittermacht":0,"Farbe":"Orange","Längste Handelsstraße":false,"Siegpunkte":1,"Rohstoffe":{"Unbekannt":0},"id":3,"Entwicklungskarten":{"Unbekannt":0},"Name":"chris","Größte Rittermacht":false}}}
2017-02-12 18:22:00.922 WARN  network.client.ClientListener 766 internalAi - Case not covered!
2017-02-12 18:22:00.922 INFO  network.client.Client 169 receiveMsg - {"Statusupdate":{"Spieler":{"Status":"Warten","Rittermacht":0,"Farbe":"Orange","Längste Handelsstraße":false,"Siegpunkte":1,"Rohstoffe":{"Unbekannt":0},"id":3,"Entwicklungskarten":{"Unbekannt":0},"Name":"chris","Größte Rittermacht":false}}}
2017-02-12 18:22:01.003 INFO  network.client.Client 169 receiveMsg - {"Statusupdate":{"Spieler":{"Status":"Dorf bauen","Rittermacht":0,"Farbe":"Blau","Längste Handelsstraße":false,"Siegpunkte":0,"Rohstoffe":{"Unbekannt":0},"id":1,"Entwicklungskarten":{"Unbekannt":0},"Name":"KI (1)","Größte Rittermacht":false}}}
2017-02-12 18:22:01.131 INFO  network.client.Client 153 sendMsg - {"Bauen":{"Ort":[{"x":-2,"y":0},{"x":-1,"y":0},{"x":-1,"y":-1}],"Typ":"Dorf"}}
2017-02-12 18:22:01.131 INFO  network.server.ClientThread 59 run -  < 1   {"Bauen":{"Ort":[{"x":-2,"y":0},{"x":-1,"y":0},{"x":-1,"y":-1}],"Typ":"Dorf"}}
2017-02-12 18:22:01.131 INFO  network.client.Client 169 receiveMsg - {"Statusupdate":{"Spieler":{"Status":"Dorf bauen","Rittermacht":0,"Farbe":"Blau","Längste Handelsstraße":false,"Siegpunkte":0,"Rohstoffe":{"Getreide":0,"Wolle":0,"Holz":0,"Lehm":0,"Erz":0},"id":1,"Entwicklungskarten":{"Straßenbau":0,"Erfindung":0,"Monopol":0,"Ritter":0,"Siegpunkt":0},"Name":"KI (1)","Größte Rittermacht":false}}}
2017-02-12 18:22:01.131 INFO  network.Interpreter 328 axialToEdgeOrCorner - [{"x":-2,"y":0},{"x":-1,"y":0},{"x":-1,"y":-1}]. {16, 17, 23}
2017-02-12 18:22:01.132 INFO  network.Interpreter 328 axialToEdgeOrCorner - [{"x":-2,"y":0},{"x":-1,"y":0},{"x":-1,"y":-1}]. {16, 17, 23}
2017-02-12 18:22:01.132 INFO  network.server.ClientThread 126 msgThisClient -    1 > {"Serverantwort":"OK"}
2017-02-12 18:22:01.134 INFO  network.server.ClientThread 153 msgAll -    1 > {"Bauvorgang":{"Gebäude":{"Ort":[{"x":-2,"y":0},{"x":-1,"y":0},{"x":-1,"y":-1}],"Eigentümer":1,"Typ":"Dorf"}}}
2017-02-12 18:22:01.139 WARN  network.client.ClientListener 249 handleMsg - Case not covered!
2017-02-12 18:22:01.139 INFO  network.server.ClientThread 153 msgAll -    2 > {"Bauvorgang":{"Gebäude":{"Ort":[{"x":-2,"y":0},{"x":-1,"y":0},{"x":-1,"y":-1}],"Eigentümer":1,"Typ":"Dorf"}}}
2017-02-12 18:22:01.139 INFO  network.client.Client 169 receiveMsg - {"Bauvorgang":{"Gebäude":{"Ort":[{"x":-2,"y":0},{"x":-1,"y":0},{"x":-1,"y":-1}],"Eigentümer":1,"Typ":"Dorf"}}}
2017-02-12 18:22:01.145 INFO  network.server.ClientThread 153 msgAll -    3 > {"Bauvorgang":{"Gebäude":{"Ort":[{"x":-2,"y":0},{"x":-1,"y":0},{"x":-1,"y":-1}],"Eigentümer":1,"Typ":"Dorf"}}}
2017-02-12 18:22:01.152 INFO  network.server.ClientThread 126 msgThisClient -    1 > {"Statusupdate":{"Spieler":{"Status":"Straße bauen","Rittermacht":0,"Farbe":"Blau","Längste Handelsstraße":false,"Siegpunkte":1,"Rohstoffe":{"Getreide":0,"Wolle":0,"Holz":0,"Lehm":0,"Erz":0},"id":1,"Entwicklungskarten":{"Straßenbau":0,"Erfindung":0,"Monopol":0,"Ritter":0,"Siegpunkt":0},"Name":"KI (1)","Größte Rittermacht":false}}}
2017-02-12 18:22:01.153 INFO  network.server.ClientThread 186 msgAllButThisClient -    2 > {"Statusupdate":{"Spieler":{"Status":"Straße bauen","Rittermacht":0,"Farbe":"Blau","Längste Handelsstraße":false,"Siegpunkte":1,"Rohstoffe":{"Unbekannt":0},"id":1,"Entwicklungskarten":{"Unbekannt":0},"Name":"KI (1)","Größte Rittermacht":false}}}
2017-02-12 18:22:01.159 INFO  network.server.ClientThread 186 msgAllButThisClient -    3 > {"Statusupdate":{"Spieler":{"Status":"Straße bauen","Rittermacht":0,"Farbe":"Blau","Längste Handelsstraße":false,"Siegpunkte":1,"Rohstoffe":{"Unbekannt":0},"id":1,"Entwicklungskarten":{"Unbekannt":0},"Name":"KI (1)","Größte Rittermacht":false}}}
2017-02-12 18:22:01.215 WARN  network.client.ClientListener 249 handleMsg - Case not covered!
2017-02-12 18:22:01.215 INFO  network.client.Client 169 receiveMsg - {"Serverantwort":"OK"}
2017-02-12 18:22:01.224 INFO  network.client.Client 169 receiveMsg - {"Statusupdate":{"Spieler":{"Status":"Straße bauen","Rittermacht":0,"Farbe":"Blau","Längste Handelsstraße":false,"Siegpunkte":1,"Rohstoffe":{"Unbekannt":0},"id":1,"Entwicklungskarten":{"Unbekannt":0},"Name":"KI (1)","Größte Rittermacht":false}}}
2017-02-12 18:22:01.299 WARN  network.client.ClientListener 249 handleMsg - Case not covered!
2017-02-12 18:22:01.299 INFO  network.client.Client 169 receiveMsg - {"Bauvorgang":{"Gebäude":{"Ort":[{"x":-2,"y":0},{"x":-1,"y":0},{"x":-1,"y":-1}],"Eigentümer":1,"Typ":"Dorf"}}}
2017-02-12 18:22:01.484 INFO  network.client.Client 153 sendMsg - {"Bauen":{"Ort":[{"x":-1,"y":0},{"x":-1,"y":-1}],"Typ":"Straße"}}
2017-02-12 18:22:01.484 INFO  network.server.ClientThread 59 run -  < 1   {"Bauen":{"Ort":[{"x":-1,"y":0},{"x":-1,"y":-1}],"Typ":"Straße"}}
2017-02-12 18:22:01.485 INFO  network.client.Client 169 receiveMsg - {"Statusupdate":{"Spieler":{"Status":"Straße bauen","Rittermacht":0,"Farbe":"Blau","Längste Handelsstraße":false,"Siegpunkte":1,"Rohstoffe":{"Getreide":0,"Wolle":0,"Holz":0,"Lehm":0,"Erz":0},"id":1,"Entwicklungskarten":{"Straßenbau":0,"Erfindung":0,"Monopol":0,"Ritter":0,"Siegpunkt":0},"Name":"KI (1)","Größte Rittermacht":false}}}
2017-02-12 18:22:01.485 INFO  network.Interpreter 328 axialToEdgeOrCorner - [{"x":-1,"y":0},{"x":-1,"y":-1}]. {17, 23}
2017-02-12 18:22:01.486 INFO  network.Interpreter 328 axialToEdgeOrCorner - [{"x":-1,"y":0},{"x":-1,"y":-1}]. {17, 23}
2017-02-12 18:22:01.487 INFO  network.server.ClientThread 126 msgThisClient -    1 > {"Serverantwort":"OK"}
2017-02-12 18:22:01.487 INFO  network.server.ClientThread 153 msgAll -    1 > {"Bauvorgang":{"Gebäude":{"Ort":[{"x":-1,"y":0},{"x":-1,"y":-1}],"Eigentümer":1,"Typ":"Straße"}}}
2017-02-12 18:22:01.492 INFO  network.server.ClientThread 153 msgAll -    2 > {"Bauvorgang":{"Gebäude":{"Ort":[{"x":-1,"y":0},{"x":-1,"y":-1}],"Eigentümer":1,"Typ":"Straße"}}}
2017-02-12 18:22:01.493 WARN  network.client.ClientListener 249 handleMsg - Case not covered!
2017-02-12 18:22:01.493 INFO  network.client.Client 169 receiveMsg - {"Bauvorgang":{"Gebäude":{"Ort":[{"x":-1,"y":0},{"x":-1,"y":-1}],"Eigentümer":1,"Typ":"Straße"}}}
2017-02-12 18:22:01.498 INFO  network.server.ClientThread 153 msgAll -    3 > {"Bauvorgang":{"Gebäude":{"Ort":[{"x":-1,"y":0},{"x":-1,"y":-1}],"Eigentümer":1,"Typ":"Straße"}}}
2017-02-12 18:22:01.508 INFO  network.server.ClientThread 126 msgThisClient -    1 > {"Statusupdate":{"Spieler":{"Status":"Warten","Rittermacht":0,"Farbe":"Blau","Längste Handelsstraße":false,"Siegpunkte":1,"Rohstoffe":{"Getreide":0,"Wolle":0,"Holz":0,"Lehm":0,"Erz":0},"id":1,"Entwicklungskarten":{"Straßenbau":0,"Erfindung":0,"Monopol":0,"Ritter":0,"Siegpunkt":0},"Name":"KI (1)","Größte Rittermacht":false}}}
2017-02-12 18:22:01.508 INFO  network.server.ClientThread 186 msgAllButThisClient -    2 > {"Statusupdate":{"Spieler":{"Status":"Warten","Rittermacht":0,"Farbe":"Blau","Längste Handelsstraße":false,"Siegpunkte":1,"Rohstoffe":{"Unbekannt":0},"id":1,"Entwicklungskarten":{"Unbekannt":0},"Name":"KI (1)","Größte Rittermacht":false}}}
2017-02-12 18:22:01.514 INFO  network.server.ClientThread 186 msgAllButThisClient -    3 > {"Statusupdate":{"Spieler":{"Status":"Warten","Rittermacht":0,"Farbe":"Blau","Längste Handelsstraße":false,"Siegpunkte":1,"Rohstoffe":{"Unbekannt":0},"id":1,"Entwicklungskarten":{"Unbekannt":0},"Name":"KI (1)","Größte Rittermacht":false}}}
2017-02-12 18:22:01.520 INFO  network.server.ClientThread 126 msgThisClient -    2 > {"Statusupdate":{"Spieler":{"Status":"Dorf bauen","Rittermacht":0,"Farbe":"Rot","Längste Handelsstraße":false,"Siegpunkte":0,"Rohstoffe":{"Getreide":0,"Wolle":0,"Holz":0,"Lehm":0,"Erz":0},"id":2,"Entwicklungskarten":{"Straßenbau":0,"Erfindung":0,"Monopol":0,"Ritter":0,"Siegpunkt":0},"Name":"KI (2)","Größte Rittermacht":false}}}
2017-02-12 18:22:01.521 INFO  network.server.ClientThread 186 msgAllButThisClient -    1 > {"Statusupdate":{"Spieler":{"Status":"Dorf bauen","Rittermacht":0,"Farbe":"Rot","Längste Handelsstraße":false,"Siegpunkte":0,"Rohstoffe":{"Unbekannt":0},"id":2,"Entwicklungskarten":{"Unbekannt":0},"Name":"KI (2)","Größte Rittermacht":false}}}
2017-02-12 18:22:01.527 INFO  network.server.ClientThread 186 msgAllButThisClient -    3 > {"Statusupdate":{"Spieler":{"Status":"Dorf bauen","Rittermacht":0,"Farbe":"Rot","Längste Handelsstraße":false,"Siegpunkte":0,"Rohstoffe":{"Unbekannt":0},"id":2,"Entwicklungskarten":{"Unbekannt":0},"Name":"KI (2)","Größte Rittermacht":false}}}
2017-02-12 18:22:01.570 WARN  network.client.ClientListener 249 handleMsg - Case not covered!
2017-02-12 18:22:01.570 INFO  network.client.Client 169 receiveMsg - {"Serverantwort":"OK"}
2017-02-12 18:22:01.577 WARN  network.client.ClientListener 766 internalAi - Case not covered!
2017-02-12 18:22:01.577 INFO  network.client.Client 169 receiveMsg - {"Statusupdate":{"Spieler":{"Status":"Warten","Rittermacht":0,"Farbe":"Blau","Längste Handelsstraße":false,"Siegpunkte":1,"Rohstoffe":{"Unbekannt":0},"id":1,"Entwicklungskarten":{"Unbekannt":0},"Name":"KI (1)","Größte Rittermacht":false}}}
2017-02-12 18:22:01.653 WARN  network.client.ClientListener 249 handleMsg - Case not covered!
2017-02-12 18:22:01.654 INFO  network.client.Client 169 receiveMsg - {"Bauvorgang":{"Gebäude":{"Ort":[{"x":-1,"y":0},{"x":-1,"y":-1}],"Eigentümer":1,"Typ":"Straße"}}}
2017-02-12 18:22:01.736 WARN  network.client.ClientListener 766 internalAi - Case not covered!
2017-02-12 18:22:01.736 INFO  network.client.Client 169 receiveMsg - {"Statusupdate":{"Spieler":{"Status":"Warten","Rittermacht":0,"Farbe":"Blau","Längste Handelsstraße":false,"Siegpunkte":1,"Rohstoffe":{"Getreide":0,"Wolle":0,"Holz":0,"Lehm":0,"Erz":0},"id":1,"Entwicklungskarten":{"Straßenbau":0,"Erfindung":0,"Monopol":0,"Ritter":0,"Siegpunkt":0},"Name":"KI (1)","Größte Rittermacht":false}}}
2017-02-12 18:22:01.763 INFO  network.client.Client 153 sendMsg - {"Bauen":{"Ort":[{"x":1,"y":0},{"x":2,"y":0},{"x":2,"y":-1}],"Typ":"Dorf"}}
2017-02-12 18:22:01.764 INFO  network.server.ClientThread 59 run -  < 2   {"Bauen":{"Ort":[{"x":1,"y":0},{"x":2,"y":0},{"x":2,"y":-1}],"Typ":"Dorf"}}
2017-02-12 18:22:01.764 INFO  network.client.Client 169 receiveMsg - {"Statusupdate":{"Spieler":{"Status":"Dorf bauen","Rittermacht":0,"Farbe":"Rot","Längste Handelsstraße":false,"Siegpunkte":0,"Rohstoffe":{"Getreide":0,"Wolle":0,"Holz":0,"Lehm":0,"Erz":0},"id":2,"Entwicklungskarten":{"Straßenbau":0,"Erfindung":0,"Monopol":0,"Ritter":0,"Siegpunkt":0},"Name":"KI (2)","Größte Rittermacht":false}}}
2017-02-12 18:22:01.764 INFO  network.Interpreter 328 axialToEdgeOrCorner - [{"x":1,"y":0},{"x":2,"y":0},{"x":2,"y":-1}]. {19, 20, 26}
2017-02-12 18:22:01.764 INFO  network.Interpreter 328 axialToEdgeOrCorner - [{"x":1,"y":0},{"x":2,"y":0},{"x":2,"y":-1}]. {19, 20, 26}
2017-02-12 18:22:01.765 INFO  network.server.ClientThread 126 msgThisClient -    2 > {"Serverantwort":"OK"}
2017-02-12 18:22:01.766 INFO  network.server.ClientThread 153 msgAll -    1 > {"Bauvorgang":{"Gebäude":{"Ort":[{"x":1,"y":0},{"x":2,"y":0},{"x":2,"y":-1}],"Eigentümer":2,"Typ":"Dorf"}}}
2017-02-12 18:22:01.772 INFO  network.server.ClientThread 153 msgAll -    2 > {"Bauvorgang":{"Gebäude":{"Ort":[{"x":1,"y":0},{"x":2,"y":0},{"x":2,"y":-1}],"Eigentümer":2,"Typ":"Dorf"}}}
2017-02-12 18:22:01.777 INFO  network.server.ClientThread 153 msgAll -    3 > {"Bauvorgang":{"Gebäude":{"Ort":[{"x":1,"y":0},{"x":2,"y":0},{"x":2,"y":-1}],"Eigentümer":2,"Typ":"Dorf"}}}
2017-02-12 18:22:01.784 INFO  network.server.ClientThread 126 msgThisClient -    2 > {"Statusupdate":{"Spieler":{"Status":"Straße bauen","Rittermacht":0,"Farbe":"Rot","Längste Handelsstraße":false,"Siegpunkte":1,"Rohstoffe":{"Getreide":0,"Wolle":0,"Holz":0,"Lehm":0,"Erz":0},"id":2,"Entwicklungskarten":{"Straßenbau":0,"Erfindung":0,"Monopol":0,"Ritter":0,"Siegpunkt":0},"Name":"KI (2)","Größte Rittermacht":false}}}
2017-02-12 18:22:01.784 INFO  network.server.ClientThread 186 msgAllButThisClient -    1 > {"Statusupdate":{"Spieler":{"Status":"Straße bauen","Rittermacht":0,"Farbe":"Rot","Längste Handelsstraße":false,"Siegpunkte":1,"Rohstoffe":{"Unbekannt":0},"id":2,"Entwicklungskarten":{"Unbekannt":0},"Name":"KI (2)","Größte Rittermacht":false}}}
2017-02-12 18:22:01.790 INFO  network.server.ClientThread 186 msgAllButThisClient -    3 > {"Statusupdate":{"Spieler":{"Status":"Straße bauen","Rittermacht":0,"Farbe":"Rot","Längste Handelsstraße":false,"Siegpunkte":1,"Rohstoffe":{"Unbekannt":0},"id":2,"Entwicklungskarten":{"Unbekannt":0},"Name":"KI (2)","Größte Rittermacht":false}}}
2017-02-12 18:22:01.820 INFO  network.client.Client 169 receiveMsg - {"Statusupdate":{"Spieler":{"Status":"Dorf bauen","Rittermacht":0,"Farbe":"Rot","Längste Handelsstraße":false,"Siegpunkte":0,"Rohstoffe":{"Unbekannt":0},"id":2,"Entwicklungskarten":{"Unbekannt":0},"Name":"KI (2)","Größte Rittermacht":false}}}
2017-02-12 18:22:01.848 WARN  network.client.ClientListener 249 handleMsg - Case not covered!
2017-02-12 18:22:01.849 INFO  network.client.Client 169 receiveMsg - {"Serverantwort":"OK"}
2017-02-12 18:22:01.903 WARN  network.client.ClientListener 249 handleMsg - Case not covered!
2017-02-12 18:22:01.903 INFO  network.client.Client 169 receiveMsg - {"Bauvorgang":{"Gebäude":{"Ort":[{"x":1,"y":0},{"x":2,"y":0},{"x":2,"y":-1}],"Eigentümer":2,"Typ":"Dorf"}}}
2017-02-12 18:22:01.932 WARN  network.client.ClientListener 249 handleMsg - Case not covered!
2017-02-12 18:22:01.933 INFO  network.client.Client 169 receiveMsg - {"Bauvorgang":{"Gebäude":{"Ort":[{"x":1,"y":0},{"x":2,"y":0},{"x":2,"y":-1}],"Eigentümer":2,"Typ":"Dorf"}}}
2017-02-12 18:22:01.987 INFO  network.client.Client 169 receiveMsg - {"Statusupdate":{"Spieler":{"Status":"Straße bauen","Rittermacht":0,"Farbe":"Rot","Längste Handelsstraße":false,"Siegpunkte":1,"Rohstoffe":{"Unbekannt":0},"id":2,"Entwicklungskarten":{"Unbekannt":0},"Name":"KI (2)","Größte Rittermacht":false}}}
2017-02-12 18:22:02.115 INFO  network.client.Client 153 sendMsg - {"Bauen":{"Ort":[{"x":1,"y":0},{"x":2,"y":-1}],"Typ":"Straße"}}
2017-02-12 18:22:02.115 INFO  network.server.ClientThread 59 run -  < 2   {"Bauen":{"Ort":[{"x":1,"y":0},{"x":2,"y":-1}],"Typ":"Straße"}}
2017-02-12 18:22:02.116 INFO  network.client.Client 169 receiveMsg - {"Statusupdate":{"Spieler":{"Status":"Straße bauen","Rittermacht":0,"Farbe":"Rot","Längste Handelsstraße":false,"Siegpunkte":1,"Rohstoffe":{"Getreide":0,"Wolle":0,"Holz":0,"Lehm":0,"Erz":0},"id":2,"Entwicklungskarten":{"Straßenbau":0,"Erfindung":0,"Monopol":0,"Ritter":0,"Siegpunkt":0},"Name":"KI (2)","Größte Rittermacht":false}}}
2017-02-12 18:22:02.116 INFO  network.Interpreter 328 axialToEdgeOrCorner - [{"x":1,"y":0},{"x":2,"y":-1}]. {19, 26}
2017-02-12 18:22:02.117 INFO  network.Interpreter 328 axialToEdgeOrCorner - [{"x":1,"y":0},{"x":2,"y":-1}]. {19, 26}
2017-02-12 18:22:02.117 INFO  network.server.ClientThread 126 msgThisClient -    2 > {"Serverantwort":"OK"}
2017-02-12 18:22:02.117 INFO  network.server.ClientThread 153 msgAll -    1 > {"Bauvorgang":{"Gebäude":{"Ort":[{"x":1,"y":0},{"x":2,"y":-1}],"Eigentümer":2,"Typ":"Straße"}}}
2017-02-12 18:22:02.118 WARN  network.client.ClientListener 249 handleMsg - Case not covered!
2017-02-12 18:22:02.118 INFO  network.client.Client 169 receiveMsg - {"Bauvorgang":{"Gebäude":{"Ort":[{"x":1,"y":0},{"x":2,"y":-1}],"Eigentümer":2,"Typ":"Straße"}}}
2017-02-12 18:22:02.124 INFO  network.server.ClientThread 153 msgAll -    2 > {"Bauvorgang":{"Gebäude":{"Ort":[{"x":1,"y":0},{"x":2,"y":-1}],"Eigentümer":2,"Typ":"Straße"}}}
2017-02-12 18:22:02.130 INFO  network.server.ClientThread 153 msgAll -    3 > {"Bauvorgang":{"Gebäude":{"Ort":[{"x":1,"y":0},{"x":2,"y":-1}],"Eigentümer":2,"Typ":"Straße"}}}
2017-02-12 18:22:02.138 INFO  network.server.ClientThread 126 msgThisClient -    2 > {"Statusupdate":{"Spieler":{"Status":"Dorf bauen","Rittermacht":0,"Farbe":"Rot","Längste Handelsstraße":false,"Siegpunkte":1,"Rohstoffe":{"Getreide":0,"Wolle":0,"Holz":0,"Lehm":0,"Erz":0},"id":2,"Entwicklungskarten":{"Straßenbau":0,"Erfindung":0,"Monopol":0,"Ritter":0,"Siegpunkt":0},"Name":"KI (2)","Größte Rittermacht":false}}}
2017-02-12 18:22:02.139 INFO  network.server.ClientThread 186 msgAllButThisClient -    1 > {"Statusupdate":{"Spieler":{"Status":"Dorf bauen","Rittermacht":0,"Farbe":"Rot","Längste Handelsstraße":false,"Siegpunkte":1,"Rohstoffe":{"Unbekannt":0},"id":2,"Entwicklungskarten":{"Unbekannt":0},"Name":"KI (2)","Größte Rittermacht":false}}}
2017-02-12 18:22:02.144 INFO  network.server.ClientThread 186 msgAllButThisClient -    3 > {"Statusupdate":{"Spieler":{"Status":"Dorf bauen","Rittermacht":0,"Farbe":"Rot","Längste Handelsstraße":false,"Siegpunkte":1,"Rohstoffe":{"Unbekannt":0},"id":2,"Entwicklungskarten":{"Unbekannt":0},"Name":"KI (2)","Größte Rittermacht":false}}}
2017-02-12 18:22:02.199 WARN  network.client.ClientListener 249 handleMsg - Case not covered!
2017-02-12 18:22:02.199 INFO  network.client.Client 169 receiveMsg - {"Serverantwort":"OK"}
2017-02-12 18:22:02.202 INFO  network.client.Client 169 receiveMsg - {"Statusupdate":{"Spieler":{"Status":"Dorf bauen","Rittermacht":0,"Farbe":"Rot","Längste Handelsstraße":false,"Siegpunkte":1,"Rohstoffe":{"Unbekannt":0},"id":2,"Entwicklungskarten":{"Unbekannt":0},"Name":"KI (2)","Größte Rittermacht":false}}}
2017-02-12 18:22:02.281 WARN  network.client.ClientListener 249 handleMsg - Case not covered!
2017-02-12 18:22:02.281 INFO  network.client.Client 169 receiveMsg - {"Bauvorgang":{"Gebäude":{"Ort":[{"x":1,"y":0},{"x":2,"y":-1}],"Eigentümer":2,"Typ":"Straße"}}}
2017-02-12 18:22:02.477 INFO  network.client.Client 153 sendMsg - {"Bauen":{"Ort":[{"x":-2,"y":1},{"x":-1,"y":1},{"x":-1,"y":0}],"Typ":"Dorf"}}
2017-02-12 18:22:02.477 INFO  network.server.ClientThread 59 run -  < 2   {"Bauen":{"Ort":[{"x":-2,"y":1},{"x":-1,"y":1},{"x":-1,"y":0}],"Typ":"Dorf"}}
2017-02-12 18:22:02.477 INFO  network.client.Client 169 receiveMsg - {"Statusupdate":{"Spieler":{"Status":"Dorf bauen","Rittermacht":0,"Farbe":"Rot","Längste Handelsstraße":false,"Siegpunkte":1,"Rohstoffe":{"Getreide":0,"Wolle":0,"Holz":0,"Lehm":0,"Erz":0},"id":2,"Entwicklungskarten":{"Straßenbau":0,"Erfindung":0,"Monopol":0,"Ritter":0,"Siegpunkt":0},"Name":"KI (2)","Größte Rittermacht":false}}}
2017-02-12 18:22:02.478 INFO  network.Interpreter 328 axialToEdgeOrCorner - [{"x":-2,"y":1},{"x":-1,"y":1},{"x":-1,"y":0}]. {10, 11, 17}
2017-02-12 18:22:02.478 INFO  network.Interpreter 328 axialToEdgeOrCorner - [{"x":-2,"y":1},{"x":-1,"y":1},{"x":-1,"y":0}]. {10, 11, 17}
2017-02-12 18:22:02.478 INFO  network.server.ClientThread 126 msgThisClient -    2 > {"Serverantwort":"OK"}
2017-02-12 18:22:02.481 INFO  network.server.ClientThread 153 msgAll -    1 > {"Bauvorgang":{"Gebäude":{"Ort":[{"x":-2,"y":1},{"x":-1,"y":1},{"x":-1,"y":0}],"Eigentümer":2,"Typ":"Dorf"}}}
2017-02-12 18:22:02.481 WARN  network.client.ClientListener 249 handleMsg - Case not covered!
2017-02-12 18:22:02.481 INFO  network.client.Client 169 receiveMsg - {"Bauvorgang":{"Gebäude":{"Ort":[{"x":-2,"y":1},{"x":-1,"y":1},{"x":-1,"y":0}],"Eigentümer":2,"Typ":"Dorf"}}}
2017-02-12 18:22:02.487 INFO  network.server.ClientThread 153 msgAll -    2 > {"Bauvorgang":{"Gebäude":{"Ort":[{"x":-2,"y":1},{"x":-1,"y":1},{"x":-1,"y":0}],"Eigentümer":2,"Typ":"Dorf"}}}
2017-02-12 18:22:02.493 INFO  network.server.ClientThread 153 msgAll -    3 > {"Bauvorgang":{"Gebäude":{"Ort":[{"x":-2,"y":1},{"x":-1,"y":1},{"x":-1,"y":0}],"Eigentümer":2,"Typ":"Dorf"}}}
2017-02-12 18:22:02.501 INFO  network.server.ClientThread 153 msgAll -    1 > {"Ertrag":{"Rohstoffe":{"Getreide":1,"Lehm":1,"Erz":1},"Spieler":2}}
2017-02-12 18:22:02.506 INFO  network.server.ClientThread 153 msgAll -    2 > {"Ertrag":{"Rohstoffe":{"Getreide":1,"Lehm":1,"Erz":1},"Spieler":2}}
2017-02-12 18:22:02.512 INFO  network.server.ClientThread 153 msgAll -    3 > {"Ertrag":{"Rohstoffe":{"Getreide":1,"Lehm":1,"Erz":1},"Spieler":2}}
2017-02-12 18:22:02.521 INFO  network.server.ClientThread 126 msgThisClient -    2 > {"Statusupdate":{"Spieler":{"Status":"Straße bauen","Rittermacht":0,"Farbe":"Rot","Längste Handelsstraße":false,"Siegpunkte":2,"Rohstoffe":{"Getreide":1,"Wolle":0,"Holz":0,"Lehm":1,"Erz":1},"id":2,"Entwicklungskarten":{"Straßenbau":0,"Erfindung":0,"Monopol":0,"Ritter":0,"Siegpunkt":0},"Name":"KI (2)","Größte Rittermacht":false}}}
2017-02-12 18:22:02.521 INFO  network.server.ClientThread 186 msgAllButThisClient -    1 > {"Statusupdate":{"Spieler":{"Status":"Straße bauen","Rittermacht":0,"Farbe":"Rot","Längste Handelsstraße":false,"Siegpunkte":2,"Rohstoffe":{"Unbekannt":3},"id":2,"Entwicklungskarten":{"Unbekannt":0},"Name":"KI (2)","Größte Rittermacht":false}}}
2017-02-12 18:22:02.526 INFO  network.server.ClientThread 186 msgAllButThisClient -    3 > {"Statusupdate":{"Spieler":{"Status":"Straße bauen","Rittermacht":0,"Farbe":"Rot","Längste Handelsstraße":false,"Siegpunkte":2,"Rohstoffe":{"Unbekannt":3},"id":2,"Entwicklungskarten":{"Unbekannt":0},"Name":"KI (2)","Größte Rittermacht":false}}}
2017-02-12 18:22:02.560 WARN  network.client.ClientListener 249 handleMsg - Case not covered!
2017-02-12 18:22:02.561 INFO  network.client.Client 169 receiveMsg - {"Serverantwort":"OK"}
2017-02-12 18:22:02.565 WARN  network.client.ClientListener 249 handleMsg - Case not covered!
2017-02-12 18:22:02.566 INFO  network.client.Client 169 receiveMsg - {"Ertrag":{"Rohstoffe":{"Getreide":1,"Lehm":1,"Erz":1},"Spieler":2}}
2017-02-12 18:22:02.641 WARN  network.client.ClientListener 249 handleMsg - Case not covered!
2017-02-12 18:22:02.641 INFO  network.client.Client 169 receiveMsg - {"Bauvorgang":{"Gebäude":{"Ort":[{"x":-2,"y":1},{"x":-1,"y":1},{"x":-1,"y":0}],"Eigentümer":2,"Typ":"Dorf"}}}
2017-02-12 18:22:02.647 INFO  network.client.Client 169 receiveMsg - {"Statusupdate":{"Spieler":{"Status":"Straße bauen","Rittermacht":0,"Farbe":"Rot","Längste Handelsstraße":false,"Siegpunkte":2,"Rohstoffe":{"Unbekannt":3},"id":2,"Entwicklungskarten":{"Unbekannt":0},"Name":"KI (2)","Größte Rittermacht":false}}}
2017-02-12 18:22:02.724 WARN  network.client.ClientListener 249 handleMsg - Case not covered!
2017-02-12 18:22:02.724 INFO  network.client.Client 169 receiveMsg - {"Ertrag":{"Rohstoffe":{"Getreide":1,"Lehm":1,"Erz":1},"Spieler":2}}
2017-02-12 18:22:02.907 INFO  network.client.Client 153 sendMsg - {"Bauen":{"Ort":[{"x":-2,"y":1},{"x":-1,"y":0}],"Typ":"Straße"}}
2017-02-12 18:22:02.907 INFO  network.server.ClientThread 59 run -  < 2   {"Bauen":{"Ort":[{"x":-2,"y":1},{"x":-1,"y":0}],"Typ":"Straße"}}
2017-02-12 18:22:02.907 INFO  network.client.Client 169 receiveMsg - {"Statusupdate":{"Spieler":{"Status":"Straße bauen","Rittermacht":0,"Farbe":"Rot","Längste Handelsstraße":false,"Siegpunkte":2,"Rohstoffe":{"Getreide":1,"Wolle":0,"Holz":0,"Lehm":1,"Erz":1},"id":2,"Entwicklungskarten":{"Straßenbau":0,"Erfindung":0,"Monopol":0,"Ritter":0,"Siegpunkt":0},"Name":"KI (2)","Größte Rittermacht":false}}}
2017-02-12 18:22:02.908 INFO  network.Interpreter 328 axialToEdgeOrCorner - [{"x":-2,"y":1},{"x":-1,"y":0}]. {10, 17}
2017-02-12 18:22:02.908 INFO  network.Interpreter 328 axialToEdgeOrCorner - [{"x":-2,"y":1},{"x":-1,"y":0}]. {10, 17}
2017-02-12 18:22:02.909 INFO  network.server.ClientThread 126 msgThisClient -    2 > {"Serverantwort":"OK"}
2017-02-12 18:22:02.909 INFO  network.server.ClientThread 153 msgAll -    1 > {"Bauvorgang":{"Gebäude":{"Ort":[{"x":-2,"y":1},{"x":-1,"y":0}],"Eigentümer":2,"Typ":"Straße"}}}
2017-02-12 18:22:02.909 WARN  network.client.ClientListener 249 handleMsg - Case not covered!
2017-02-12 18:22:02.909 INFO  network.client.Client 169 receiveMsg - {"Bauvorgang":{"Gebäude":{"Ort":[{"x":-2,"y":1},{"x":-1,"y":0}],"Eigentümer":2,"Typ":"Straße"}}}
2017-02-12 18:22:02.914 INFO  network.server.ClientThread 153 msgAll -    2 > {"Bauvorgang":{"Gebäude":{"Ort":[{"x":-2,"y":1},{"x":-1,"y":0}],"Eigentümer":2,"Typ":"Straße"}}}
2017-02-12 18:22:02.921 INFO  network.server.ClientThread 153 msgAll -    3 > {"Bauvorgang":{"Gebäude":{"Ort":[{"x":-2,"y":1},{"x":-1,"y":0}],"Eigentümer":2,"Typ":"Straße"}}}
2017-02-12 18:22:02.930 INFO  network.server.ClientThread 126 msgThisClient -    2 > {"Statusupdate":{"Spieler":{"Status":"Warten","Rittermacht":0,"Farbe":"Rot","Längste Handelsstraße":false,"Siegpunkte":2,"Rohstoffe":{"Getreide":1,"Wolle":0,"Holz":0,"Lehm":1,"Erz":1},"id":2,"Entwicklungskarten":{"Straßenbau":0,"Erfindung":0,"Monopol":0,"Ritter":0,"Siegpunkt":0},"Name":"KI (2)","Größte Rittermacht":false}}}
2017-02-12 18:22:02.930 INFO  network.server.ClientThread 186 msgAllButThisClient -    1 > {"Statusupdate":{"Spieler":{"Status":"Warten","Rittermacht":0,"Farbe":"Rot","Längste Handelsstraße":false,"Siegpunkte":2,"Rohstoffe":{"Unbekannt":3},"id":2,"Entwicklungskarten":{"Unbekannt":0},"Name":"KI (2)","Größte Rittermacht":false}}}
2017-02-12 18:22:02.936 INFO  network.server.ClientThread 186 msgAllButThisClient -    3 > {"Statusupdate":{"Spieler":{"Status":"Warten","Rittermacht":0,"Farbe":"Rot","Längste Handelsstraße":false,"Siegpunkte":2,"Rohstoffe":{"Unbekannt":3},"id":2,"Entwicklungskarten":{"Unbekannt":0},"Name":"KI (2)","Größte Rittermacht":false}}}
2017-02-12 18:22:02.943 INFO  network.server.ClientThread 126 msgThisClient -    1 > {"Statusupdate":{"Spieler":{"Status":"Dorf bauen","Rittermacht":0,"Farbe":"Blau","Längste Handelsstraße":false,"Siegpunkte":1,"Rohstoffe":{"Getreide":0,"Wolle":0,"Holz":0,"Lehm":0,"Erz":0},"id":1,"Entwicklungskarten":{"Straßenbau":0,"Erfindung":0,"Monopol":0,"Ritter":0,"Siegpunkt":0},"Name":"KI (1)","Größte Rittermacht":false}}}
2017-02-12 18:22:02.943 INFO  network.server.ClientThread 186 msgAllButThisClient -    2 > {"Statusupdate":{"Spieler":{"Status":"Dorf bauen","Rittermacht":0,"Farbe":"Blau","Längste Handelsstraße":false,"Siegpunkte":1,"Rohstoffe":{"Unbekannt":0},"id":1,"Entwicklungskarten":{"Unbekannt":0},"Name":"KI (1)","Größte Rittermacht":false}}}
2017-02-12 18:22:02.949 INFO  network.server.ClientThread 186 msgAllButThisClient -    3 > {"Statusupdate":{"Spieler":{"Status":"Dorf bauen","Rittermacht":0,"Farbe":"Blau","Längste Handelsstraße":false,"Siegpunkte":1,"Rohstoffe":{"Unbekannt":0},"id":1,"Entwicklungskarten":{"Unbekannt":0},"Name":"KI (1)","Größte Rittermacht":false}}}
2017-02-12 18:22:02.992 WARN  network.client.ClientListener 249 handleMsg - Case not covered!
2017-02-12 18:22:02.992 INFO  network.client.Client 169 receiveMsg - {"Serverantwort":"OK"}
2017-02-12 18:22:02.994 WARN  network.client.ClientListener 766 internalAi - Case not covered!
2017-02-12 18:22:02.995 INFO  network.client.Client 169 receiveMsg - {"Statusupdate":{"Spieler":{"Status":"Warten","Rittermacht":0,"Farbe":"Rot","Längste Handelsstraße":false,"Siegpunkte":2,"Rohstoffe":{"Unbekannt":3},"id":2,"Entwicklungskarten":{"Unbekannt":0},"Name":"KI (2)","Größte Rittermacht":false}}}
2017-02-12 18:22:03.076 WARN  network.client.ClientListener 249 handleMsg - Case not covered!
2017-02-12 18:22:03.076 INFO  network.client.Client 169 receiveMsg - {"Bauvorgang":{"Gebäude":{"Ort":[{"x":-2,"y":1},{"x":-1,"y":0}],"Eigentümer":2,"Typ":"Straße"}}}
2017-02-12 18:22:03.158 WARN  network.client.ClientListener 766 internalAi - Case not covered!
2017-02-12 18:22:03.158 INFO  network.client.Client 169 receiveMsg - {"Statusupdate":{"Spieler":{"Status":"Warten","Rittermacht":0,"Farbe":"Rot","Längste Handelsstraße":false,"Siegpunkte":2,"Rohstoffe":{"Getreide":1,"Wolle":0,"Holz":0,"Lehm":1,"Erz":1},"id":2,"Entwicklungskarten":{"Straßenbau":0,"Erfindung":0,"Monopol":0,"Ritter":0,"Siegpunkt":0},"Name":"KI (2)","Größte Rittermacht":false}}}
2017-02-12 18:22:03.180 INFO  network.client.Client 153 sendMsg - {"Bauen":{"Ort":[{"x":0,"y":0},{"x":1,"y":0},{"x":1,"y":-1}],"Typ":"Dorf"}}
2017-02-12 18:22:03.180 INFO  network.server.ClientThread 59 run -  < 1   {"Bauen":{"Ort":[{"x":0,"y":0},{"x":1,"y":0},{"x":1,"y":-1}],"Typ":"Dorf"}}
2017-02-12 18:22:03.180 INFO  network.client.Client 169 receiveMsg - {"Statusupdate":{"Spieler":{"Status":"Dorf bauen","Rittermacht":0,"Farbe":"Blau","Längste Handelsstraße":false,"Siegpunkte":1,"Rohstoffe":{"Getreide":0,"Wolle":0,"Holz":0,"Lehm":0,"Erz":0},"id":1,"Entwicklungskarten":{"Straßenbau":0,"Erfindung":0,"Monopol":0,"Ritter":0,"Siegpunkt":0},"Name":"KI (1)","Größte Rittermacht":false}}}
2017-02-12 18:22:03.181 INFO  network.Interpreter 328 axialToEdgeOrCorner - [{"x":0,"y":0},{"x":1,"y":0},{"x":1,"y":-1}]. {18, 19, 25}
2017-02-12 18:22:03.181 INFO  network.Interpreter 328 axialToEdgeOrCorner - [{"x":0,"y":0},{"x":1,"y":0},{"x":1,"y":-1}]. {18, 19, 25}
2017-02-12 18:22:03.181 INFO  network.server.ClientThread 126 msgThisClient -    1 > {"Serverantwort":"OK"}
2017-02-12 18:22:03.183 INFO  network.server.ClientThread 153 msgAll -    1 > {"Bauvorgang":{"Gebäude":{"Ort":[{"x":0,"y":0},{"x":1,"y":0},{"x":1,"y":-1}],"Eigentümer":1,"Typ":"Dorf"}}}
2017-02-12 18:22:03.188 INFO  network.server.ClientThread 153 msgAll -    2 > {"Bauvorgang":{"Gebäude":{"Ort":[{"x":0,"y":0},{"x":1,"y":0},{"x":1,"y":-1}],"Eigentümer":1,"Typ":"Dorf"}}}
2017-02-12 18:22:03.195 INFO  network.server.ClientThread 153 msgAll -    3 > {"Bauvorgang":{"Gebäude":{"Ort":[{"x":0,"y":0},{"x":1,"y":0},{"x":1,"y":-1}],"Eigentümer":1,"Typ":"Dorf"}}}
2017-02-12 18:22:03.201 INFO  network.server.ClientThread 153 msgAll -    1 > {"Ertrag":{"Rohstoffe":{"Wolle":1,"Holz":1,"Lehm":1},"Spieler":1}}
2017-02-12 18:22:03.207 INFO  network.server.ClientThread 153 msgAll -    2 > {"Ertrag":{"Rohstoffe":{"Wolle":1,"Holz":1,"Lehm":1},"Spieler":1}}
2017-02-12 18:22:03.214 INFO  network.server.ClientThread 153 msgAll -    3 > {"Ertrag":{"Rohstoffe":{"Wolle":1,"Holz":1,"Lehm":1},"Spieler":1}}
2017-02-12 18:22:03.220 INFO  network.server.ClientThread 126 msgThisClient -    1 > {"Statusupdate":{"Spieler":{"Status":"Straße bauen","Rittermacht":0,"Farbe":"Blau","Längste Handelsstraße":false,"Siegpunkte":2,"Rohstoffe":{"Getreide":0,"Wolle":1,"Holz":1,"Lehm":1,"Erz":0},"id":1,"Entwicklungskarten":{"Straßenbau":0,"Erfindung":0,"Monopol":0,"Ritter":0,"Siegpunkt":0},"Name":"KI (1)","Größte Rittermacht":false}}}
2017-02-12 18:22:03.221 INFO  network.server.ClientThread 186 msgAllButThisClient -    2 > {"Statusupdate":{"Spieler":{"Status":"Straße bauen","Rittermacht":0,"Farbe":"Blau","Längste Handelsstraße":false,"Siegpunkte":2,"Rohstoffe":{"Unbekannt":3},"id":1,"Entwicklungskarten":{"Unbekannt":0},"Name":"KI (1)","Größte Rittermacht":false}}}
2017-02-12 18:22:03.226 INFO  network.server.ClientThread 186 msgAllButThisClient -    3 > {"Statusupdate":{"Spieler":{"Status":"Straße bauen","Rittermacht":0,"Farbe":"Blau","Längste Handelsstraße":false,"Siegpunkte":2,"Rohstoffe":{"Unbekannt":3},"id":1,"Entwicklungskarten":{"Unbekannt":0},"Name":"KI (1)","Größte Rittermacht":false}}}
2017-02-12 18:22:03.240 INFO  network.client.Client 169 receiveMsg - {"Statusupdate":{"Spieler":{"Status":"Dorf bauen","Rittermacht":0,"Farbe":"Blau","Längste Handelsstraße":false,"Siegpunkte":1,"Rohstoffe":{"Unbekannt":0},"id":1,"Entwicklungskarten":{"Unbekannt":0},"Name":"KI (1)","Größte Rittermacht":false}}}
2017-02-12 18:22:03.265 WARN  network.client.ClientListener 249 handleMsg - Case not covered!
2017-02-12 18:22:03.265 INFO  network.client.Client 169 receiveMsg - {"Serverantwort":"OK"}
2017-02-12 18:22:03.324 WARN  network.client.ClientListener 249 handleMsg - Case not covered!
2017-02-12 18:22:03.324 INFO  network.client.Client 169 receiveMsg - {"Bauvorgang":{"Gebäude":{"Ort":[{"x":0,"y":0},{"x":1,"y":0},{"x":1,"y":-1}],"Eigentümer":1,"Typ":"Dorf"}}}
2017-02-12 18:22:03.349 WARN  network.client.ClientListener 249 handleMsg - Case not covered!
2017-02-12 18:22:03.349 INFO  network.client.Client 169 receiveMsg - {"Bauvorgang":{"Gebäude":{"Ort":[{"x":0,"y":0},{"x":1,"y":0},{"x":1,"y":-1}],"Eigentümer":1,"Typ":"Dorf"}}}
2017-02-12 18:22:03.405 WARN  network.client.ClientListener 249 handleMsg - Case not covered!
2017-02-12 18:22:03.405 INFO  network.client.Client 169 receiveMsg - {"Ertrag":{"Rohstoffe":{"Wolle":1,"Holz":1,"Lehm":1},"Spieler":1}}
2017-02-12 18:22:03.432 WARN  network.client.ClientListener 249 handleMsg - Case not covered!
2017-02-12 18:22:03.432 INFO  network.client.Client 169 receiveMsg - {"Ertrag":{"Rohstoffe":{"Wolle":1,"Holz":1,"Lehm":1},"Spieler":1}}
2017-02-12 18:22:03.486 INFO  network.client.Client 169 receiveMsg - {"Statusupdate":{"Spieler":{"Status":"Straße bauen","Rittermacht":0,"Farbe":"Blau","Längste Handelsstraße":false,"Siegpunkte":2,"Rohstoffe":{"Unbekannt":3},"id":1,"Entwicklungskarten":{"Unbekannt":0},"Name":"KI (1)","Größte Rittermacht":false}}}
2017-02-12 18:22:03.610 INFO  network.client.Client 153 sendMsg - {"Bauen":{"Ort":[{"x":1,"y":0},{"x":1,"y":-1}],"Typ":"Straße"}}
2017-02-12 18:22:03.610 INFO  network.server.ClientThread 59 run -  < 1   {"Bauen":{"Ort":[{"x":1,"y":0},{"x":1,"y":-1}],"Typ":"Straße"}}
2017-02-12 18:22:03.611 INFO  network.client.Client 169 receiveMsg - {"Statusupdate":{"Spieler":{"Status":"Straße bauen","Rittermacht":0,"Farbe":"Blau","Längste Handelsstraße":false,"Siegpunkte":2,"Rohstoffe":{"Getreide":0,"Wolle":1,"Holz":1,"Lehm":1,"Erz":0},"id":1,"Entwicklungskarten":{"Straßenbau":0,"Erfindung":0,"Monopol":0,"Ritter":0,"Siegpunkt":0},"Name":"KI (1)","Größte Rittermacht":false}}}
2017-02-12 18:22:03.611 INFO  network.Interpreter 328 axialToEdgeOrCorner - [{"x":1,"y":0},{"x":1,"y":-1}]. {19, 25}
2017-02-12 18:22:03.612 INFO  network.Interpreter 328 axialToEdgeOrCorner - [{"x":1,"y":0},{"x":1,"y":-1}]. {19, 25}
2017-02-12 18:22:03.612 INFO  network.server.ClientThread 126 msgThisClient -    1 > {"Serverantwort":"OK"}
2017-02-12 18:22:03.612 INFO  network.server.ClientThread 153 msgAll -    1 > {"Bauvorgang":{"Gebäude":{"Ort":[{"x":1,"y":0},{"x":1,"y":-1}],"Eigentümer":1,"Typ":"Straße"}}}
2017-02-12 18:22:03.619 INFO  network.server.ClientThread 153 msgAll -    2 > {"Bauvorgang":{"Gebäude":{"Ort":[{"x":1,"y":0},{"x":1,"y":-1}],"Eigentümer":1,"Typ":"Straße"}}}
2017-02-12 18:22:03.619 WARN  network.client.ClientListener 249 handleMsg - Case not covered!
2017-02-12 18:22:03.619 INFO  network.client.Client 169 receiveMsg - {"Bauvorgang":{"Gebäude":{"Ort":[{"x":1,"y":0},{"x":1,"y":-1}],"Eigentümer":1,"Typ":"Straße"}}}
2017-02-12 18:22:03.626 INFO  network.server.ClientThread 153 msgAll -    3 > {"Bauvorgang":{"Gebäude":{"Ort":[{"x":1,"y":0},{"x":1,"y":-1}],"Eigentümer":1,"Typ":"Straße"}}}
2017-02-12 18:22:03.634 INFO  network.server.ClientThread 126 msgThisClient -    1 > {"Statusupdate":{"Spieler":{"Status":"Warten","Rittermacht":0,"Farbe":"Blau","Längste Handelsstraße":false,"Siegpunkte":2,"Rohstoffe":{"Getreide":0,"Wolle":1,"Holz":1,"Lehm":1,"Erz":0},"id":1,"Entwicklungskarten":{"Straßenbau":0,"Erfindung":0,"Monopol":0,"Ritter":0,"Siegpunkt":0},"Name":"KI (1)","Größte Rittermacht":false}}}
2017-02-12 18:22:03.634 INFO  network.server.ClientThread 186 msgAllButThisClient -    2 > {"Statusupdate":{"Spieler":{"Status":"Warten","Rittermacht":0,"Farbe":"Blau","Längste Handelsstraße":false,"Siegpunkte":2,"Rohstoffe":{"Unbekannt":3},"id":1,"Entwicklungskarten":{"Unbekannt":0},"Name":"KI (1)","Größte Rittermacht":false}}}
2017-02-12 18:22:03.641 INFO  network.server.ClientThread 186 msgAllButThisClient -    3 > {"Statusupdate":{"Spieler":{"Status":"Warten","Rittermacht":0,"Farbe":"Blau","Längste Handelsstraße":false,"Siegpunkte":2,"Rohstoffe":{"Unbekannt":3},"id":1,"Entwicklungskarten":{"Unbekannt":0},"Name":"KI (1)","Größte Rittermacht":false}}}
2017-02-12 18:22:03.648 INFO  network.server.ClientThread 126 msgThisClient -    3 > {"Statusupdate":{"Spieler":{"Status":"Dorf bauen","Rittermacht":0,"Farbe":"Orange","Längste Handelsstraße":false,"Siegpunkte":1,"Rohstoffe":{"Getreide":0,"Wolle":0,"Holz":0,"Lehm":0,"Erz":0},"id":3,"Entwicklungskarten":{"Straßenbau":0,"Erfindung":0,"Monopol":0,"Ritter":0,"Siegpunkt":0},"Name":"chris","Größte Rittermacht":false}}}
2017-02-12 18:22:03.648 INFO  network.server.ClientThread 186 msgAllButThisClient -    1 > {"Statusupdate":{"Spieler":{"Status":"Dorf bauen","Rittermacht":0,"Farbe":"Orange","Längste Handelsstraße":false,"Siegpunkte":1,"Rohstoffe":{"Unbekannt":0},"id":3,"Entwicklungskarten":{"Unbekannt":0},"Name":"chris","Größte Rittermacht":false}}}
2017-02-12 18:22:03.653 INFO  network.server.ClientThread 186 msgAllButThisClient -    2 > {"Statusupdate":{"Spieler":{"Status":"Dorf bauen","Rittermacht":0,"Farbe":"Orange","Längste Handelsstraße":false,"Siegpunkte":1,"Rohstoffe":{"Unbekannt":0},"id":3,"Entwicklungskarten":{"Unbekannt":0},"Name":"chris","Größte Rittermacht":false}}}
2017-02-12 18:22:03.693 WARN  network.client.ClientListener 249 handleMsg - Case not covered!
2017-02-12 18:22:03.693 INFO  network.client.Client 169 receiveMsg - {"Serverantwort":"OK"}
2017-02-12 18:22:03.703 WARN  network.client.ClientListener 766 internalAi - Case not covered!
2017-02-12 18:22:03.704 INFO  network.client.Client 169 receiveMsg - {"Statusupdate":{"Spieler":{"Status":"Warten","Rittermacht":0,"Farbe":"Blau","Längste Handelsstraße":false,"Siegpunkte":2,"Rohstoffe":{"Unbekannt":3},"id":1,"Entwicklungskarten":{"Unbekannt":0},"Name":"KI (1)","Größte Rittermacht":false}}}
2017-02-12 18:22:03.778 WARN  network.client.ClientListener 249 handleMsg - Case not covered!
2017-02-12 18:22:03.778 INFO  network.client.Client 169 receiveMsg - {"Bauvorgang":{"Gebäude":{"Ort":[{"x":1,"y":0},{"x":1,"y":-1}],"Eigentümer":1,"Typ":"Straße"}}}
2017-02-12 18:22:03.787 INFO  network.client.Client 169 receiveMsg - {"Statusupdate":{"Spieler":{"Status":"Dorf bauen","Rittermacht":0,"Farbe":"Orange","Längste Handelsstraße":false,"Siegpunkte":1,"Rohstoffe":{"Unbekannt":0},"id":3,"Entwicklungskarten":{"Unbekannt":0},"Name":"chris","Größte Rittermacht":false}}}
2017-02-12 18:22:03.861 WARN  network.client.ClientListener 766 internalAi - Case not covered!
2017-02-12 18:22:03.862 INFO  network.client.Client 169 receiveMsg - {"Statusupdate":{"Spieler":{"Status":"Warten","Rittermacht":0,"Farbe":"Blau","Längste Handelsstraße":false,"Siegpunkte":2,"Rohstoffe":{"Getreide":0,"Wolle":1,"Holz":1,"Lehm":1,"Erz":0},"id":1,"Entwicklungskarten":{"Straßenbau":0,"Erfindung":0,"Monopol":0,"Ritter":0,"Siegpunkt":0},"Name":"KI (1)","Größte Rittermacht":false}}}
2017-02-12 18:22:03.944 INFO  network.client.Client 169 receiveMsg - {"Statusupdate":{"Spieler":{"Status":"Dorf bauen","Rittermacht":0,"Farbe":"Orange","Längste Handelsstraße":false,"Siegpunkte":1,"Rohstoffe":{"Unbekannt":0},"id":3,"Entwicklungskarten":{"Unbekannt":0},"Name":"chris","Größte Rittermacht":false}}}
2017-02-12 18:23:07.905 WARN  network.server.ClientThread 64 run - Lost connection.
2017-02-12 18:23:07.906 INFO  network.server.ClientThread 186 msgAllButThisClient -    1 > {"Statusupdate":{"Spieler":{"Status":"Verbindung verloren","Rittermacht":0,"Farbe":"Orange","Längste Handelsstraße":false,"Siegpunkte":1,"Rohstoffe":{"Getreide":0,"Wolle":0,"Holz":0,"Lehm":0,"Erz":0},"id":3,"Entwicklungskarten":{"Straßenbau":0,"Erfindung":0,"Monopol":0,"Ritter":0,"Siegpunkt":0},"Name":"chris","Größte Rittermacht":false}}}
2017-02-12 18:23:07.906 WARN  network.client.ClientListener 766 internalAi - Case not covered!
2017-02-12 18:23:07.906 INFO  network.client.Client 169 receiveMsg - {"Statusupdate":{"Spieler":{"Status":"Verbindung verloren","Rittermacht":0,"Farbe":"Orange","Längste Handelsstraße":false,"Siegpunkte":1,"Rohstoffe":{"Getreide":0,"Wolle":0,"Holz":0,"Lehm":0,"Erz":0},"id":3,"Entwicklungskarten":{"Straßenbau":0,"Erfindung":0,"Monopol":0,"Ritter":0,"Siegpunkt":0},"Name":"chris","Größte Rittermacht":false}}}
2017-02-12 18:23:07.912 INFO  network.server.ClientThread 186 msgAllButThisClient -    2 > {"Statusupdate":{"Spieler":{"Status":"Verbindung verloren","Rittermacht":0,"Farbe":"Orange","Längste Handelsstraße":false,"Siegpunkte":1,"Rohstoffe":{"Getreide":0,"Wolle":0,"Holz":0,"Lehm":0,"Erz":0},"id":3,"Entwicklungskarten":{"Straßenbau":0,"Erfindung":0,"Monopol":0,"Ritter":0,"Siegpunkt":0},"Name":"chris","Größte Rittermacht":false}}}
2017-02-12 18:23:07.912 WARN  network.client.ClientListener 766 internalAi - Case not covered!
2017-02-12 18:23:07.912 INFO  network.client.Client 169 receiveMsg - {"Statusupdate":{"Spieler":{"Status":"Verbindung verloren","Rittermacht":0,"Farbe":"Orange","Längste Handelsstraße":false,"Siegpunkte":1,"Rohstoffe":{"Getreide":0,"Wolle":0,"Holz":0,"Lehm":0,"Erz":0},"id":3,"Entwicklungskarten":{"Straßenbau":0,"Erfindung":0,"Monopol":0,"Ritter":0,"Siegpunkt":0},"Name":"chris","Größte Rittermacht":false}}}
2017-02-12 18:23:07.918 INFO  network.server.ClientThread 186 msgAllButThisClient -    1 > {"Spiel beendet":{"Nachricht":"Verbindung zu einem Spieler verloren","Sieger":-1}}
2017-02-12 18:23:07.925 INFO  network.server.ClientThread 186 msgAllButThisClient -    2 > {"Spiel beendet":{"Nachricht":"Verbindung zu einem Spieler verloren","Sieger":-1}}
2017-02-12 18:23:07.930 TRACE network.server.ClientThread 100 disconnect - Enter
2017-02-12 18:23:07.991 TRACE network.client.ClientListener 1036 endGame - Enter
2017-02-12 18:23:07.992 TRACE network.client.ClientListener 1036 endGame - Enter
2017-02-12 18:23:07.992 INFO  network.client.Client 169 receiveMsg - {"Spiel beendet":{"Nachricht":"Verbindung zu einem Spieler verloren","Sieger":-1}}
2017-02-12 18:23:07.992 INFO  network.client.Client 169 receiveMsg - {"Spiel beendet":{"Nachricht":"Verbindung zu einem Spieler verloren","Sieger":-1}}
