2017-02-12 18:56:30.630 TRACE model.players.Human 11 <init> - Enter model.players.Human@5589a49b
2017-02-12 18:56:30.632 DEBUG model.players.Player 62 printPlayer - model.players.Human@5589a49b
id        4         color     NULL      name                status    null      
vp        0         road      false     army      false     
dev       0         dice      0         
res       0         lumber    0         brick     0         grain     0         wool      0         ore       0         
dev       []
dev BLOCK []
Harbors   []
Roads          left      15        built     []
Settlements    left      5         built     []
Cities         left      4         built     []
2017-02-12 18:56:30.634 DEBUG model.players.Player 62 printPlayer - model.players.Human@5589a49b
id        4         color     NULL      name                status    START_GAME
vp        0         road      false     army      false     
dev       0         dice      0         
res       0         lumber    0         brick     0         grain     0         wool      0         ore       0         
dev       []
dev BLOCK []
Harbors   []
Roads          left      15        built     []
Settlements    left      5         built     []
Cities         left      4         built     []
2017-02-12 18:56:30.716 DEBUG model.players.Player 62 printPlayer - model.players.Human@5589a49b
id        4         color     NULL      name                status    START_GAME
vp        0         road      false     army      false     
dev       0         dice      0         
res       0         lumber    0         brick     0         grain     0         wool      0         ore       0         
dev       []
dev BLOCK []
Harbors   []
Roads          left      15        built     []
Settlements    left      5         built     []
Cities         left      4         built     []
2017-02-12 18:56:30.719 DEBUG model.players.Player 233 setGrain - model.players.Human@5589a49b [ id: 4 ] old: 0, new: 0
2017-02-12 18:56:30.719 DEBUG model.players.Player 255 setWool - model.players.Human@5589a49b [ id: 4 ] old: 0, new: 0
2017-02-12 18:56:30.719 DEBUG model.players.Player 189 setLumber - model.players.Human@5589a49b [ id: 4 ] old: 0, new: 0
2017-02-12 18:56:30.720 DEBUG model.players.Player 167 setBrick - model.players.Human@5589a49b [ id: 4 ] old: 0, new: 0
2017-02-12 18:56:30.720 DEBUG model.players.Player 211 setOre - model.players.Human@5589a49b [ id: 4 ] old: 0, new: 0
2017-02-12 18:56:30.720 INFO  model.players.Player 489 setKnightsDev - 0, 0 old and new value of knightDev Card. Knight card which is on the hand of ClientName: 
2017-02-12 18:56:30.724 TRACE model.players.Human 11 <init> - Enter model.players.Human@5b4e505a
2017-02-12 18:56:30.725 DEBUG model.players.Player 62 printPlayer - model.players.Human@5b4e505a
id        1         color     BLUE      name      KI (1)    status    null      
vp        0         road      false     army      false     
dev       0         dice      0         
res       0         lumber    0         brick     0         grain     0         wool      0         ore       0         
dev       []
dev BLOCK []
Harbors   []
Roads          left      15        built     []
Settlements    left      5         built     []
Cities         left      4         built     []
2017-02-12 18:56:30.726 DEBUG model.players.Player 62 printPlayer - model.players.Human@5b4e505a
id        1         color     BLUE      name      KI (1)    status    WAIT_FOR_GAME_START
vp        0         road      false     army      false     
dev       0         dice      0         
res       0         lumber    0         brick     0         grain     0         wool      0         ore       0         
dev       []
dev BLOCK []
Harbors   []
Roads          left      15        built     []
Settlements    left      5         built     []
Cities         left      4         built     []
2017-02-12 18:56:30.806 TRACE model.players.Human 11 <init> - Enter model.players.Human@44fdaca
2017-02-12 18:56:30.807 DEBUG model.players.Player 62 printPlayer - model.players.Human@44fdaca
id        2         color     RED       name      KI (2)    status    null      
vp        0         road      false     army      false     
dev       0         dice      0         
res       0         lumber    0         brick     0         grain     0         wool      0         ore       0         
dev       []
dev BLOCK []
Harbors   []
Roads          left      15        built     []
Settlements    left      5         built     []
Cities         left      4         built     []
2017-02-12 18:56:30.808 DEBUG model.players.Player 62 printPlayer - model.players.Human@44fdaca
id        2         color     RED       name      KI (2)    status    WAIT_FOR_GAME_START
vp        0         road      false     army      false     
dev       0         dice      0         
res       0         lumber    0         brick     0         grain     0         wool      0         ore       0         
dev       []
dev BLOCK []
Harbors   []
Roads          left      15        built     []
Settlements    left      5         built     []
Cities         left      4         built     []
2017-02-12 18:56:30.813 TRACE model.players.Human 11 <init> - Enter model.players.Human@5f71cfeb
2017-02-12 18:56:30.814 DEBUG model.players.Player 62 printPlayer - model.players.Human@5f71cfeb
id        3         color     ORANGE    name      KI (3)    status    null      
vp        0         road      false     army      false     
dev       0         dice      0         
res       0         lumber    0         brick     0         grain     0         wool      0         ore       0         
dev       []
dev BLOCK []
Harbors   []
Roads          left      15        built     []
Settlements    left      5         built     []
Cities         left      4         built     []
2017-02-12 18:56:30.815 DEBUG model.players.Player 62 printPlayer - model.players.Human@5f71cfeb
id        3         color     ORANGE    name      KI (3)    status    WAIT_FOR_GAME_START
vp        0         road      false     army      false     
dev       0         dice      0         
res       0         lumber    0         brick     0         grain     0         wool      0         ore       0         
dev       []
dev BLOCK []
Harbors   []
Roads          left      15        built     []
Settlements    left      5         built     []
Cities         left      4         built     []
2017-02-12 18:56:37.267 DEBUG model.players.Player 62 printPlayer - model.players.Human@5589a49b
id        4         color     WHITE     name      chris     status    START_GAME
vp        0         road      false     army      false     
dev       0         dice      0         
res       0         lumber    0         brick     0         grain     0         wool      0         ore       0         
dev       []
dev BLOCK []
Harbors   []
Roads          left      15        built     []
Settlements    left      5         built     []
Cities         left      4         built     []
2017-02-12 18:56:37.268 DEBUG model.players.Player 233 setGrain - model.players.Human@5589a49b [ id: 4 ] old: 0, new: 0
2017-02-12 18:56:37.268 DEBUG model.players.Player 255 setWool - model.players.Human@5589a49b [ id: 4 ] old: 0, new: 0
2017-02-12 18:56:37.268 DEBUG model.players.Player 189 setLumber - model.players.Human@5589a49b [ id: 4 ] old: 0, new: 0
2017-02-12 18:56:37.268 DEBUG model.players.Player 167 setBrick - model.players.Human@5589a49b [ id: 4 ] old: 0, new: 0
2017-02-12 18:56:37.269 DEBUG model.players.Player 211 setOre - model.players.Human@5589a49b [ id: 4 ] old: 0, new: 0
2017-02-12 18:56:37.269 INFO  model.players.Player 489 setKnightsDev - 0, 0 old and new value of knightDev Card. Knight card which is on the hand of ClientName: chris
2017-02-12 18:56:38.928 DEBUG model.players.Player 62 printPlayer - model.players.Human@5589a49b
id        4         color     WHITE     name      chris     status    WAIT_FOR_GAME_START
vp        0         road      false     army      false     
dev       0         dice      0         
res       0         lumber    0         brick     0         grain     0         wool      0         ore       0         
dev       []
dev BLOCK []
Harbors   []
Roads          left      15        built     []
Settlements    left      5         built     []
Cities         left      4         built     []
2017-02-12 18:56:38.930 DEBUG model.players.Player 233 setGrain - model.players.Human@5589a49b [ id: 4 ] old: 0, new: 0
2017-02-12 18:56:38.931 DEBUG model.players.Player 255 setWool - model.players.Human@5589a49b [ id: 4 ] old: 0, new: 0
2017-02-12 18:56:38.931 DEBUG model.players.Player 189 setLumber - model.players.Human@5589a49b [ id: 4 ] old: 0, new: 0
2017-02-12 18:56:38.931 DEBUG model.players.Player 167 setBrick - model.players.Human@5589a49b [ id: 4 ] old: 0, new: 0
2017-02-12 18:56:38.931 DEBUG model.players.Player 211 setOre - model.players.Human@5589a49b [ id: 4 ] old: 0, new: 0
2017-02-12 18:56:38.931 INFO  model.players.Player 489 setKnightsDev - 0, 0 old and new value of knightDev Card. Knight card which is on the hand of ClientName: chris
2017-02-12 18:56:39.033 INFO  model.board.Board 262 printBoardIDs - 
  null  null  null   {0}   {1}   {2}   {3}
  null  null   {4}   {5}   {6}   {7}   {8}
  null   {9}  {10}  {11}  {12}  {13}  {14}
  {15}  {16}  {17}  {18}  {19}  {20}  {21}
  {22}  {23}  {24}  {25}  {26}  {27}  null
  {28}  {29}  {30}  {31}  {32}  null  null
  {33}  {34}  {35}  {36}  null  null  null

2017-02-12 18:56:39.034 INFO  model.board.Board 339 printNumberTokens - 
  null  null  null  null  null  null  null
  null  null  null    11    12     9  null
  null  null     4     6     0    10  null
  null     8     3    11     5     8  null
  null    10     9     4     3  null  null
  null     5     2     6  null  null  null
  null  null  null  null  null  null  null

2017-02-12 18:56:39.036 INFO  model.board.Board 280 printBoardSpecialCo - 
(     )(     )(     )( 0,-3)( 1,-3)( 2,-3)( 3,-3)
(     )(     )(-1,-2)( 0,-2)( 1,-2)( 2,-2)( 3,-2)
(     )(-2,-1)(-1,-1)( 0,-1)( 1,-1)( 2,-1)( 3,-1)
(-3, 0)(-2, 0)(-1, 0)( 0, 0)( 1, 0)( 2, 0)( 3, 0)
(-3, 1)(-2, 1)(-1, 1)( 0, 1)( 1, 1)( 2, 1)(     )
(-3, 2)(-2, 2)(-1, 2)( 0, 2)( 1, 2)(     )(     )
(-3, 3)(-2, 3)(-1, 3)( 0, 3)(     )(     )(     )

2017-02-12 18:56:39.038 INFO  model.board.Board 300 printTileNeighbors - 
Row: 0
                          null : 
                          null : 
                          null : 
       model.board.Sea@b46225a : [model.board.Sea@47236bc, model.board.Hill@6388d217, model.board.Sea@196bdd26]
       model.board.Sea@47236bc : [model.board.Forest@230568a3, model.board.Hill@6388d217, model.board.Sea@b46225a, model.board.Sea@36576da9]
      model.board.Sea@36576da9 : [model.board.Sea@47236bc, model.board.Field@13ea191e, model.board.Forest@230568a3, model.board.Sea@54af64a8]
      model.board.Sea@54af64a8 : [model.board.Sea@5c675eee, model.board.Field@13ea191e, model.board.Sea@36576da9]
Row: 1
                          null : 
                          null : 
      model.board.Sea@196bdd26 : [model.board.Hill@6388d217, model.board.Hill@51d05aee, model.board.Sea@12319b23, model.board.Sea@b46225a]
     model.board.Hill@6388d217 : [model.board.Sea@47236bc, model.board.Forest@230568a3, model.board.Forest@3d9427e9, model.board.Hill@51d05aee, model.board.Sea@196bdd26, model.board.Sea@b46225a]
   model.board.Forest@230568a3 : [model.board.Sea@47236bc, model.board.Field@13ea191e, model.board.Desert@5be28e9b, model.board.Forest@3d9427e9, model.board.Hill@6388d217, model.board.Sea@36576da9]
    model.board.Field@13ea191e : [model.board.Sea@5c675eee, model.board.Hill@836a823, model.board.Desert@5be28e9b, model.board.Forest@230568a3, model.board.Sea@36576da9, model.board.Sea@54af64a8]
      model.board.Sea@5c675eee : [model.board.Sea@16c0d285, model.board.Hill@836a823, model.board.Field@13ea191e, model.board.Sea@54af64a8]
Row: 2
                          null : 
      model.board.Sea@12319b23 : [model.board.Sea@196bdd26, model.board.Hill@51d05aee, model.board.Sea@a7704db, model.board.Field@45aed558]
     model.board.Hill@51d05aee : [model.board.Field@78e40a7e, model.board.Sea@196bdd26, model.board.Hill@6388d217, model.board.Forest@3d9427e9, model.board.Sea@12319b23, model.board.Field@45aed558]
   model.board.Forest@3d9427e9 : [model.board.Field@78e40a7e, model.board.Hill@6388d217, model.board.Forest@230568a3, model.board.Desert@5be28e9b, model.board.Hill@51d05aee, model.board.Mountain@6820bb1d]
   model.board.Desert@5be28e9b : [model.board.Forest@230568a3, model.board.Field@13ea191e, model.board.Hill@836a823, model.board.Forest@3d9427e9, model.board.Mountain@6820bb1d, model.board.Pasture@5a433b1e]
      model.board.Hill@836a823 : [model.board.Field@13ea191e, model.board.Sea@5c675eee, model.board.Sea@16c0d285, model.board.Forest@69f4211b, model.board.Desert@5be28e9b, model.board.Pasture@5a433b1e]
      model.board.Sea@16c0d285 : [model.board.Sea@5c675eee, model.board.Sea@319b71a1, model.board.Forest@69f4211b, model.board.Hill@836a823]
Row: 3
       model.board.Sea@a7704db : [model.board.Sea@12319b23, model.board.Sea@5c0edcdc, model.board.Field@45aed558]
    model.board.Field@45aed558 : [model.board.Field@78e40a7e, model.board.Sea@12319b23, model.board.Hill@51d05aee, model.board.Pasture@1fd68788, model.board.Sea@5c0edcdc, model.board.Sea@a7704db]
    model.board.Field@78e40a7e : [model.board.Hill@51d05aee, model.board.Forest@3d9427e9, model.board.Pasture@57628190, model.board.Pasture@1fd68788, model.board.Field@45aed558, model.board.Mountain@6820bb1d]
 model.board.Mountain@6820bb1d : [model.board.Field@78e40a7e, model.board.Forest@3d9427e9, model.board.Desert@5be28e9b, model.board.Field@3d9ee4a4, model.board.Pasture@57628190, model.board.Pasture@5a433b1e]
  model.board.Pasture@5a433b1e : [model.board.Desert@5be28e9b, model.board.Hill@836a823, model.board.Forest@69f4211b, model.board.Forest@175c27f7, model.board.Field@3d9ee4a4, model.board.Mountain@6820bb1d]
   model.board.Forest@69f4211b : [model.board.Hill@836a823, model.board.Sea@16c0d285, model.board.Sea@319b71a1, model.board.Sea@3c1d1853, model.board.Forest@175c27f7, model.board.Pasture@5a433b1e]
      model.board.Sea@319b71a1 : [model.board.Sea@16c0d285, model.board.Sea@3c1d1853, model.board.Forest@69f4211b]
Row: 4
      model.board.Sea@5c0edcdc : [model.board.Sea@a7704db, model.board.Pasture@1fd68788, model.board.Sea@7f307041, model.board.Field@45aed558]
  model.board.Pasture@1fd68788 : [model.board.Field@78e40a7e, model.board.Pasture@57628190, model.board.Pasture@35c100c7, model.board.Sea@7f307041, model.board.Sea@5c0edcdc, model.board.Field@45aed558]
  model.board.Pasture@57628190 : [model.board.Field@78e40a7e, model.board.Field@3d9ee4a4, model.board.Mountain@43d4fa17, model.board.Pasture@35c100c7, model.board.Pasture@1fd68788, model.board.Mountain@6820bb1d]
    model.board.Field@3d9ee4a4 : [model.board.Forest@175c27f7, model.board.Mountain@17dfadbe, model.board.Mountain@43d4fa17, model.board.Pasture@57628190, model.board.Mountain@6820bb1d, model.board.Pasture@5a433b1e]
   model.board.Forest@175c27f7 : [model.board.Forest@69f4211b, model.board.Sea@3c1d1853, model.board.Mountain@17dfadbe, model.board.Field@3d9ee4a4, model.board.Sea@6b91757c, model.board.Pasture@5a433b1e]
      model.board.Sea@3c1d1853 : [model.board.Forest@69f4211b, model.board.Sea@319b71a1, model.board.Forest@175c27f7, model.board.Sea@6b91757c]
                          null : 
Row: 5
      model.board.Sea@7f307041 : [model.board.Sea@566b87f1, model.board.Sea@5c0edcdc, model.board.Pasture@1fd68788, model.board.Pasture@35c100c7]
  model.board.Pasture@35c100c7 : [model.board.Sea@566b87f1, model.board.Pasture@1fd68788, model.board.Pasture@57628190, model.board.Mountain@43d4fa17, model.board.Sea@7f307041, model.board.Sea@328bcb69]
 model.board.Mountain@43d4fa17 : [model.board.Pasture@57628190, model.board.Field@3d9ee4a4, model.board.Mountain@17dfadbe, model.board.Pasture@35c100c7, model.board.Sea@328bcb69, model.board.Sea@585332db]
 model.board.Mountain@17dfadbe : [model.board.Field@3d9ee4a4, model.board.Forest@175c27f7, model.board.Sea@38898638, model.board.Mountain@43d4fa17, model.board.Sea@6b91757c, model.board.Sea@585332db]
      model.board.Sea@6b91757c : [model.board.Forest@175c27f7, model.board.Sea@3c1d1853, model.board.Sea@38898638, model.board.Mountain@17dfadbe]
                          null : 
                          null : 
Row: 6
      model.board.Sea@566b87f1 : [model.board.Sea@7f307041, model.board.Pasture@35c100c7, model.board.Sea@328bcb69]
      model.board.Sea@328bcb69 : [model.board.Sea@566b87f1, model.board.Pasture@35c100c7, model.board.Mountain@43d4fa17, model.board.Sea@585332db]
      model.board.Sea@585332db : [model.board.Mountain@43d4fa17, model.board.Mountain@17dfadbe, model.board.Sea@38898638, model.board.Sea@328bcb69]
      model.board.Sea@38898638 : [model.board.Mountain@17dfadbe, model.board.Sea@6b91757c, model.board.Sea@585332db]
                          null : 
                          null : 
                          null : 

2017-02-12 18:56:39.040 INFO  model.board.Board 321 printPorts - 
        {33} : GENERIC
         {9} : GENERIC
        {22} : ORE
         {8} : WOOL
         {0} : GENERIC
        {32} : LUMBER
         {2} : GRAIN
        {35} : GENERIC
        {21} : BRICK

{15, 16, 22} : ORE
{16, 22, 23} : ORE
   {1, 2, 6} : GRAIN
   {2, 6, 7} : GRAIN
  {4, 9, 10} : GENERIC
{31, 35, 36} : GENERIC
{28, 29, 33} : GENERIC
  {7, 8, 13} : WOOL
 {9, 10, 16} : GENERIC
{26, 27, 32} : LUMBER
{26, 31, 32} : LUMBER
{29, 33, 34} : GENERIC
   {3, 7, 8} : WOOL
{30, 31, 35} : GENERIC
{14, 20, 21} : BRICK
{20, 21, 27} : BRICK
   {0, 4, 5} : GENERIC
   {0, 1, 5} : GENERIC

2017-02-12 18:56:42.337 DEBUG model.players.Player 62 printPlayer - model.players.Human@5b4e505a
id        1         color     BLUE      name      KI (1)    status    WAIT      
vp        0         road      false     army      false     
dev       0         dice      10        
res       0         lumber    0         brick     0         grain     0         wool      0         ore       0         
dev       []
dev BLOCK []
Harbors   []
Roads          left      15        built     []
Settlements    left      5         built     []
Cities         left      4         built     []
2017-02-12 18:56:42.338 DEBUG model.Management 42 printManagement - model.Management@32d7dad7
KI (1)    sum       0         lumber    0         brick     0         grain     0         wool      0         ore       0         
KI (2)    sum       0         lumber    0         brick     0         grain     0         wool      0         ore       0         
KI (3)    sum       0         lumber    0         brick     0         grain     0         wool      0         ore       0         
chris     sum       0         lumber    0         brick     0         grain     0         wool      0         ore       0         
[ M ]     sum       95        lumber    19        brick     19        grain     19        wool      19        ore       19        
2017-02-12 18:56:42.424 DEBUG model.players.Player 62 printPlayer - model.players.Human@44fdaca
id        2         color     RED       name      KI (2)    status    WAIT      
vp        0         road      false     army      false     
dev       0         dice      5         
res       0         lumber    0         brick     0         grain     0         wool      0         ore       0         
dev       []
dev BLOCK []
Harbors   []
Roads          left      15        built     []
Settlements    left      5         built     []
Cities         left      4         built     []
2017-02-12 18:56:42.425 DEBUG model.Management 42 printManagement - model.Management@32d7dad7
KI (1)    sum       0         lumber    0         brick     0         grain     0         wool      0         ore       0         
KI (2)    sum       0         lumber    0         brick     0         grain     0         wool      0         ore       0         
KI (3)    sum       0         lumber    0         brick     0         grain     0         wool      0         ore       0         
chris     sum       0         lumber    0         brick     0         grain     0         wool      0         ore       0         
[ M ]     sum       95        lumber    19        brick     19        grain     19        wool      19        ore       19        
2017-02-12 18:56:42.429 DEBUG model.players.Player 62 printPlayer - model.players.Human@5589a49b
id        4         color     WHITE     name      chris     status    WAIT      
vp        0         road      false     army      false     
dev       0         dice      2         
res       0         lumber    0         brick     0         grain     0         wool      0         ore       0         
dev       []
dev BLOCK []
Harbors   []
Roads          left      15        built     []
Settlements    left      5         built     []
Cities         left      4         built     []
2017-02-12 18:56:42.430 DEBUG model.Management 42 printManagement - model.Management@32d7dad7
KI (1)    sum       0         lumber    0         brick     0         grain     0         wool      0         ore       0         
KI (2)    sum       0         lumber    0         brick     0         grain     0         wool      0         ore       0         
KI (3)    sum       0         lumber    0         brick     0         grain     0         wool      0         ore       0         
chris     sum       0         lumber    0         brick     0         grain     0         wool      0         ore       0         
[ M ]     sum       95        lumber    19        brick     19        grain     19        wool      19        ore       19        
2017-02-12 18:56:42.430 DEBUG model.players.Player 233 setGrain - model.players.Human@5589a49b [ id: 4 ] old: 0, new: 0
2017-02-12 18:56:42.430 DEBUG model.players.Player 255 setWool - model.players.Human@5589a49b [ id: 4 ] old: 0, new: 0
2017-02-12 18:56:42.431 DEBUG model.players.Player 189 setLumber - model.players.Human@5589a49b [ id: 4 ] old: 0, new: 0
2017-02-12 18:56:42.431 DEBUG model.players.Player 167 setBrick - model.players.Human@5589a49b [ id: 4 ] old: 0, new: 0
2017-02-12 18:56:42.431 DEBUG model.players.Player 211 setOre - model.players.Human@5589a49b [ id: 4 ] old: 0, new: 0
2017-02-12 18:56:42.431 INFO  model.players.Player 489 setKnightsDev - 0, 0 old and new value of knightDev Card. Knight card which is on the hand of ClientName: chris
2017-02-12 18:56:42.513 DEBUG model.players.Player 62 printPlayer - model.players.Human@5f71cfeb
id        3         color     ORANGE    name      KI (3)    status    BUILD_SETTLEMENT
vp        0         road      false     army      false     
dev       0         dice      11        
res       0         lumber    0         brick     0         grain     0         wool      0         ore       0         
dev       []
dev BLOCK []
Harbors   []
Roads          left      15        built     []
Settlements    left      5         built     []
Cities         left      4         built     []
2017-02-12 18:56:42.514 DEBUG model.Management 42 printManagement - model.Management@32d7dad7
KI (1)    sum       0         lumber    0         brick     0         grain     0         wool      0         ore       0         
KI (2)    sum       0         lumber    0         brick     0         grain     0         wool      0         ore       0         
KI (3)    sum       0         lumber    0         brick     0         grain     0         wool      0         ore       0         
chris     sum       0         lumber    0         brick     0         grain     0         wool      0         ore       0         
[ M ]     sum       95        lumber    19        brick     19        grain     19        wool      19        ore       19        
2017-02-12 18:56:42.521 INFO  model.players.Player 945 buildSettlementFORCE - KI (3): {11, 17, 18}
2017-02-12 18:56:42.603 DEBUG model.players.Player 62 printPlayer - model.players.Human@5f71cfeb
id        3         color     ORANGE    name      KI (3)    status    BUILD_STREET
vp        0         road      false     army      false     
dev       0         dice      11        
res       0         lumber    0         brick     0         grain     0         wool      0         ore       0         
dev       []
dev BLOCK []
Harbors   []
Roads          left      15        built     []
Settlements    left      4         built     [{11, 17, 18}]
Cities         left      4         built     []
2017-02-12 18:56:42.604 DEBUG model.Management 42 printManagement - model.Management@32d7dad7
KI (1)    sum       0         lumber    0         brick     0         grain     0         wool      0         ore       0         
KI (2)    sum       0         lumber    0         brick     0         grain     0         wool      0         ore       0         
KI (3)    sum       0         lumber    0         brick     0         grain     0         wool      0         ore       0         
chris     sum       0         lumber    0         brick     0         grain     0         wool      0         ore       0         
[ M ]     sum       95        lumber    19        brick     19        grain     19        wool      19        ore       19        
2017-02-12 18:56:42.611 INFO  model.players.Player 979 buildStreetFORCE - KI (3): {17, 18}
2017-02-12 18:56:42.692 DEBUG model.players.Player 62 printPlayer - model.players.Human@5f71cfeb
id        3         color     ORANGE    name      KI (3)    status    WAIT      
vp        1         road      false     army      false     
dev       0         dice      11        
res       0         lumber    0         brick     0         grain     0         wool      0         ore       0         
dev       []
dev BLOCK []
Harbors   []
Roads          left      14        built     [{17, 18}]
Settlements    left      4         built     [{11, 17, 18}]
Cities         left      4         built     []
2017-02-12 18:56:42.692 DEBUG model.Management 42 printManagement - model.Management@32d7dad7
KI (1)    sum       0         lumber    0         brick     0         grain     0         wool      0         ore       0         
KI (2)    sum       0         lumber    0         brick     0         grain     0         wool      0         ore       0         
KI (3)    sum       0         lumber    0         brick     0         grain     0         wool      0         ore       0         
chris     sum       0         lumber    0         brick     0         grain     0         wool      0         ore       0         
[ M ]     sum       95        lumber    19        brick     19        grain     19        wool      19        ore       19        
2017-02-12 18:56:42.699 DEBUG model.players.Player 62 printPlayer - model.players.Human@5b4e505a
id        1         color     BLUE      name      KI (1)    status    BUILD_SETTLEMENT
vp        0         road      false     army      false     
dev       0         dice      10        
res       0         lumber    0         brick     0         grain     0         wool      0         ore       0         
dev       []
dev BLOCK []
Harbors   []
Roads          left      15        built     []
Settlements    left      5         built     []
Cities         left      4         built     []
2017-02-12 18:56:42.700 DEBUG model.Management 42 printManagement - model.Management@32d7dad7
KI (1)    sum       0         lumber    0         brick     0         grain     0         wool      0         ore       0         
KI (2)    sum       0         lumber    0         brick     0         grain     0         wool      0         ore       0         
KI (3)    sum       0         lumber    0         brick     0         grain     0         wool      0         ore       0         
chris     sum       0         lumber    0         brick     0         grain     0         wool      0         ore       0         
[ M ]     sum       95        lumber    19        brick     19        grain     19        wool      19        ore       19        
2017-02-12 18:56:42.780 INFO  model.players.Player 945 buildSettlementFORCE - KI (1): {25, 26, 31}
2017-02-12 18:56:42.789 DEBUG model.players.Player 62 printPlayer - model.players.Human@5b4e505a
id        1         color     BLUE      name      KI (1)    status    BUILD_STREET
vp        0         road      false     army      false     
dev       0         dice      10        
res       0         lumber    0         brick     0         grain     0         wool      0         ore       0         
dev       []
dev BLOCK []
Harbors   []
Roads          left      15        built     []
Settlements    left      4         built     [{25, 26, 31}]
Cities         left      4         built     []
2017-02-12 18:56:42.790 DEBUG model.Management 42 printManagement - model.Management@32d7dad7
KI (1)    sum       0         lumber    0         brick     0         grain     0         wool      0         ore       0         
KI (2)    sum       0         lumber    0         brick     0         grain     0         wool      0         ore       0         
KI (3)    sum       0         lumber    0         brick     0         grain     0         wool      0         ore       0         
chris     sum       0         lumber    0         brick     0         grain     0         wool      0         ore       0         
[ M ]     sum       95        lumber    19        brick     19        grain     19        wool      19        ore       19        
2017-02-12 18:56:42.871 INFO  model.players.Player 979 buildStreetFORCE - KI (1): {25, 31}
2017-02-12 18:56:42.880 DEBUG model.players.Player 62 printPlayer - model.players.Human@5b4e505a
id        1         color     BLUE      name      KI (1)    status    WAIT      
vp        1         road      false     army      false     
dev       0         dice      10        
res       0         lumber    0         brick     0         grain     0         wool      0         ore       0         
dev       []
dev BLOCK []
Harbors   []
Roads          left      14        built     [{25, 31}]
Settlements    left      4         built     [{25, 26, 31}]
Cities         left      4         built     []
2017-02-12 18:56:42.881 DEBUG model.Management 42 printManagement - model.Management@32d7dad7
KI (1)    sum       0         lumber    0         brick     0         grain     0         wool      0         ore       0         
KI (2)    sum       0         lumber    0         brick     0         grain     0         wool      0         ore       0         
KI (3)    sum       0         lumber    0         brick     0         grain     0         wool      0         ore       0         
chris     sum       0         lumber    0         brick     0         grain     0         wool      0         ore       0         
[ M ]     sum       95        lumber    19        brick     19        grain     19        wool      19        ore       19        
2017-02-12 18:56:42.958 DEBUG model.players.Player 62 printPlayer - model.players.Human@44fdaca
id        2         color     RED       name      KI (2)    status    BUILD_SETTLEMENT
vp        0         road      false     army      false     
dev       0         dice      5         
res       0         lumber    0         brick     0         grain     0         wool      0         ore       0         
dev       []
dev BLOCK []
Harbors   []
Roads          left      15        built     []
Settlements    left      5         built     []
Cities         left      4         built     []
2017-02-12 18:56:42.958 DEBUG model.Management 42 printManagement - model.Management@32d7dad7
KI (1)    sum       0         lumber    0         brick     0         grain     0         wool      0         ore       0         
KI (2)    sum       0         lumber    0         brick     0         grain     0         wool      0         ore       0         
KI (3)    sum       0         lumber    0         brick     0         grain     0         wool      0         ore       0         
chris     sum       0         lumber    0         brick     0         grain     0         wool      0         ore       0         
[ M ]     sum       95        lumber    19        brick     19        grain     19        wool      19        ore       19        
2017-02-12 18:56:42.968 INFO  model.players.Player 945 buildSettlementFORCE - KI (2): {13, 19, 20}
2017-02-12 18:56:43.045 DEBUG model.players.Player 62 printPlayer - model.players.Human@44fdaca
id        2         color     RED       name      KI (2)    status    BUILD_STREET
vp        0         road      false     army      false     
dev       0         dice      5         
res       0         lumber    0         brick     0         grain     0         wool      0         ore       0         
dev       []
dev BLOCK []
Harbors   []
Roads          left      15        built     []
Settlements    left      4         built     [{13, 19, 20}]
Cities         left      4         built     []
2017-02-12 18:56:43.045 DEBUG model.Management 42 printManagement - model.Management@32d7dad7
KI (1)    sum       0         lumber    0         brick     0         grain     0         wool      0         ore       0         
KI (2)    sum       0         lumber    0         brick     0         grain     0         wool      0         ore       0         
KI (3)    sum       0         lumber    0         brick     0         grain     0         wool      0         ore       0         
chris     sum       0         lumber    0         brick     0         grain     0         wool      0         ore       0         
[ M ]     sum       95        lumber    19        brick     19        grain     19        wool      19        ore       19        
2017-02-12 18:56:43.057 INFO  model.players.Player 979 buildStreetFORCE - KI (2): {19, 20}
2017-02-12 18:56:43.133 DEBUG model.players.Player 62 printPlayer - model.players.Human@44fdaca
id        2         color     RED       name      KI (2)    status    WAIT      
vp        1         road      false     army      false     
dev       0         dice      5         
res       0         lumber    0         brick     0         grain     0         wool      0         ore       0         
dev       []
dev BLOCK []
Harbors   []
Roads          left      14        built     [{19, 20}]
Settlements    left      4         built     [{13, 19, 20}]
Cities         left      4         built     []
2017-02-12 18:56:43.133 DEBUG model.Management 42 printManagement - model.Management@32d7dad7
KI (1)    sum       0         lumber    0         brick     0         grain     0         wool      0         ore       0         
KI (2)    sum       0         lumber    0         brick     0         grain     0         wool      0         ore       0         
KI (3)    sum       0         lumber    0         brick     0         grain     0         wool      0         ore       0         
chris     sum       0         lumber    0         brick     0         grain     0         wool      0         ore       0         
[ M ]     sum       95        lumber    19        brick     19        grain     19        wool      19        ore       19        
2017-02-12 18:56:43.144 DEBUG model.players.Player 62 printPlayer - model.players.Human@5589a49b
id        4         color     WHITE     name      chris     status    BUILD_SETTLEMENT
vp        0         road      false     army      false     
dev       0         dice      2         
res       0         lumber    0         brick     0         grain     0         wool      0         ore       0         
dev       []
dev BLOCK []
Harbors   []
Roads          left      15        built     []
Settlements    left      5         built     []
Cities         left      4         built     []
2017-02-12 18:56:43.145 DEBUG model.Management 42 printManagement - model.Management@32d7dad7
KI (1)    sum       0         lumber    0         brick     0         grain     0         wool      0         ore       0         
KI (2)    sum       0         lumber    0         brick     0         grain     0         wool      0         ore       0         
KI (3)    sum       0         lumber    0         brick     0         grain     0         wool      0         ore       0         
chris     sum       0         lumber    0         brick     0         grain     0         wool      0         ore       0         
[ M ]     sum       95        lumber    19        brick     19        grain     19        wool      19        ore       19        
2017-02-12 18:56:43.146 DEBUG model.players.Player 233 setGrain - model.players.Human@5589a49b [ id: 4 ] old: 0, new: 0
2017-02-12 18:56:43.147 DEBUG model.players.Player 255 setWool - model.players.Human@5589a49b [ id: 4 ] old: 0, new: 0
2017-02-12 18:56:43.147 DEBUG model.players.Player 189 setLumber - model.players.Human@5589a49b [ id: 4 ] old: 0, new: 0
2017-02-12 18:56:43.147 DEBUG model.players.Player 167 setBrick - model.players.Human@5589a49b [ id: 4 ] old: 0, new: 0
2017-02-12 18:56:43.147 DEBUG model.players.Player 211 setOre - model.players.Human@5589a49b [ id: 4 ] old: 0, new: 0
2017-02-12 18:56:43.147 INFO  model.players.Player 489 setKnightsDev - 0, 0 old and new value of knightDev Card. Knight card which is on the hand of ClientName: chris
2017-02-12 18:56:43.147 INFO  model.players.Player 892 getBuildableSettlements - start settlement 42
2017-02-12 18:56:43.149 INFO  model.players.Player 892 getBuildableSettlements - start settlement 42
2017-02-12 18:56:48.154 INFO  model.players.Player 892 getBuildableSettlements - start settlement 42
2017-02-12 18:56:48.190 INFO  model.players.Player 945 buildSettlementFORCE - chris: {5, 6, 11}
2017-02-12 18:56:48.258 DEBUG model.players.Player 62 printPlayer - model.players.Human@5589a49b
id        4         color     WHITE     name      chris     status    BUILD_STREET
vp        0         road      false     army      false     
dev       0         dice      2         
res       0         lumber    0         brick     0         grain     0         wool      0         ore       0         
dev       []
dev BLOCK []
Harbors   []
Roads          left      15        built     []
Settlements    left      4         built     [{5, 6, 11}]
Cities         left      4         built     []
2017-02-12 18:56:48.258 DEBUG model.Management 42 printManagement - model.Management@32d7dad7
KI (1)    sum       0         lumber    0         brick     0         grain     0         wool      0         ore       0         
KI (2)    sum       0         lumber    0         brick     0         grain     0         wool      0         ore       0         
KI (3)    sum       0         lumber    0         brick     0         grain     0         wool      0         ore       0         
chris     sum       0         lumber    0         brick     0         grain     0         wool      0         ore       0         
[ M ]     sum       95        lumber    19        brick     19        grain     19        wool      19        ore       19        
2017-02-12 18:56:48.259 DEBUG model.players.Player 233 setGrain - model.players.Human@5589a49b [ id: 4 ] old: 0, new: 0
2017-02-12 18:56:48.259 DEBUG model.players.Player 255 setWool - model.players.Human@5589a49b [ id: 4 ] old: 0, new: 0
2017-02-12 18:56:48.260 DEBUG model.players.Player 189 setLumber - model.players.Human@5589a49b [ id: 4 ] old: 0, new: 0
2017-02-12 18:56:48.260 DEBUG model.players.Player 167 setBrick - model.players.Human@5589a49b [ id: 4 ] old: 0, new: 0
2017-02-12 18:56:48.260 DEBUG model.players.Player 211 setOre - model.players.Human@5589a49b [ id: 4 ] old: 0, new: 0
2017-02-12 18:56:48.262 INFO  model.players.Player 489 setKnightsDev - 0, 0 old and new value of knightDev Card. Knight card which is on the hand of ClientName: chris
2017-02-12 18:56:48.979 INFO  model.players.Player 979 buildStreetFORCE - chris: {5, 6}
2017-02-12 18:56:49.050 DEBUG model.players.Player 62 printPlayer - model.players.Human@5589a49b
id        4         color     WHITE     name      chris     status    BUILD_SETTLEMENT
vp        1         road      false     army      false     
dev       0         dice      2         
res       0         lumber    0         brick     0         grain     0         wool      0         ore       0         
dev       []
dev BLOCK []
Harbors   []
Roads          left      14        built     [{5, 6}]
Settlements    left      4         built     [{5, 6, 11}]
Cities         left      4         built     []
2017-02-12 18:56:49.050 DEBUG model.Management 42 printManagement - model.Management@32d7dad7
KI (1)    sum       0         lumber    0         brick     0         grain     0         wool      0         ore       0         
KI (2)    sum       0         lumber    0         brick     0         grain     0         wool      0         ore       0         
KI (3)    sum       0         lumber    0         brick     0         grain     0         wool      0         ore       0         
chris     sum       0         lumber    0         brick     0         grain     0         wool      0         ore       0         
[ M ]     sum       95        lumber    19        brick     19        grain     19        wool      19        ore       19        
2017-02-12 18:56:49.050 DEBUG model.players.Player 233 setGrain - model.players.Human@5589a49b [ id: 4 ] old: 0, new: 0
2017-02-12 18:56:49.050 DEBUG model.players.Player 255 setWool - model.players.Human@5589a49b [ id: 4 ] old: 0, new: 0
2017-02-12 18:56:49.050 DEBUG model.players.Player 189 setLumber - model.players.Human@5589a49b [ id: 4 ] old: 0, new: 0
2017-02-12 18:56:49.051 INFO  model.players.Player 892 getBuildableSettlements - start settlement 38
2017-02-12 18:56:49.051 DEBUG model.players.Player 167 setBrick - model.players.Human@5589a49b [ id: 4 ] old: 0, new: 0
2017-02-12 18:56:49.051 DEBUG model.players.Player 211 setOre - model.players.Human@5589a49b [ id: 4 ] old: 0, new: 0
2017-02-12 18:56:49.051 INFO  model.players.Player 489 setKnightsDev - 0, 0 old and new value of knightDev Card. Knight card which is on the hand of ClientName: chris
2017-02-12 18:56:49.051 INFO  model.players.Player 892 getBuildableSettlements - start settlement 38
2017-02-12 18:56:51.389 INFO  model.players.Player 892 getBuildableSettlements - start settlement 38
2017-02-12 18:56:51.428 INFO  model.players.Player 945 buildSettlementFORCE - chris: {23, 24, 29}
2017-02-12 18:56:51.495 DEBUG model.players.Player 255 setWool - model.players.Human@5589a49b [ id: 4 ] old: 0, new: 3
2017-02-12 18:56:51.519 DEBUG model.players.Player 62 printPlayer - model.players.Human@5589a49b
id        4         color     WHITE     name      chris     status    BUILD_STREET
vp        1         road      false     army      false     
dev       0         dice      2         
res       3         lumber    0         brick     0         grain     0         wool      3         ore       0         
dev       []
dev BLOCK []
Harbors   []
Roads          left      14        built     [{5, 6}]
Settlements    left      3         built     [{5, 6, 11}, {23, 24, 29}]
Cities         left      4         built     []
2017-02-12 18:56:51.519 DEBUG model.Management 42 printManagement - model.Management@32d7dad7
KI (1)    sum       0         lumber    0         brick     0         grain     0         wool      0         ore       0         
KI (2)    sum       0         lumber    0         brick     0         grain     0         wool      0         ore       0         
KI (3)    sum       0         lumber    0         brick     0         grain     0         wool      0         ore       0         
chris     sum       3         lumber    0         brick     0         grain     0         wool      3         ore       0         
[ M ]     sum       95        lumber    19        brick     19        grain     19        wool      19        ore       19        
2017-02-12 18:56:51.519 DEBUG model.players.Player 233 setGrain - model.players.Human@5589a49b [ id: 4 ] old: 0, new: 0
2017-02-12 18:56:51.520 DEBUG model.players.Player 255 setWool - model.players.Human@5589a49b [ id: 4 ] old: 3, new: 3
2017-02-12 18:56:51.520 DEBUG model.players.Player 189 setLumber - model.players.Human@5589a49b [ id: 4 ] old: 0, new: 0
2017-02-12 18:56:51.520 DEBUG model.players.Player 167 setBrick - model.players.Human@5589a49b [ id: 4 ] old: 0, new: 0
2017-02-12 18:56:51.520 DEBUG model.players.Player 211 setOre - model.players.Human@5589a49b [ id: 4 ] old: 0, new: 0
2017-02-12 18:56:51.520 INFO  model.players.Player 489 setKnightsDev - 0, 0 old and new value of knightDev Card. Knight card which is on the hand of ClientName: chris
2017-02-12 18:56:52.304 INFO  model.players.Player 979 buildStreetFORCE - chris: {23, 24}
2017-02-12 18:56:52.373 DEBUG model.players.Player 62 printPlayer - model.players.Human@5589a49b
id        4         color     WHITE     name      chris     status    WAIT      
vp        2         road      false     army      false     
dev       0         dice      2         
res       3         lumber    0         brick     0         grain     0         wool      3         ore       0         
dev       []
dev BLOCK []
Harbors   []
Roads          left      13        built     [{5, 6}, {23, 24}]
Settlements    left      3         built     [{5, 6, 11}, {23, 24, 29}]
Cities         left      4         built     []
2017-02-12 18:56:52.373 DEBUG model.Management 42 printManagement - model.Management@32d7dad7
KI (1)    sum       0         lumber    0         brick     0         grain     0         wool      0         ore       0         
KI (2)    sum       0         lumber    0         brick     0         grain     0         wool      0         ore       0         
KI (3)    sum       0         lumber    0         brick     0         grain     0         wool      0         ore       0         
chris     sum       3         lumber    0         brick     0         grain     0         wool      3         ore       0         
[ M ]     sum       95        lumber    19        brick     19        grain     19        wool      19        ore       19        
2017-02-12 18:56:52.373 DEBUG model.players.Player 233 setGrain - model.players.Human@5589a49b [ id: 4 ] old: 0, new: 0
2017-02-12 18:56:52.373 DEBUG model.players.Player 255 setWool - model.players.Human@5589a49b [ id: 4 ] old: 3, new: 3
2017-02-12 18:56:52.374 DEBUG model.players.Player 189 setLumber - model.players.Human@5589a49b [ id: 4 ] old: 0, new: 0
2017-02-12 18:56:52.374 DEBUG model.players.Player 167 setBrick - model.players.Human@5589a49b [ id: 4 ] old: 0, new: 0
2017-02-12 18:56:52.374 DEBUG model.players.Player 211 setOre - model.players.Human@5589a49b [ id: 4 ] old: 0, new: 0
2017-02-12 18:56:52.374 INFO  model.players.Player 489 setKnightsDev - 0, 0 old and new value of knightDev Card. Knight card which is on the hand of ClientName: chris
2017-02-12 18:56:52.392 DEBUG model.players.Player 62 printPlayer - model.players.Human@44fdaca
id        2         color     RED       name      KI (2)    status    BUILD_SETTLEMENT
vp        1         road      false     army      false     
dev       0         dice      5         
res       0         lumber    0         brick     0         grain     0         wool      0         ore       0         
dev       []
dev BLOCK []
Harbors   []
Roads          left      14        built     [{19, 20}]
Settlements    left      4         built     [{13, 19, 20}]
Cities         left      4         built     []
2017-02-12 18:56:52.392 DEBUG model.Management 42 printManagement - model.Management@32d7dad7
KI (1)    sum       0         lumber    0         brick     0         grain     0         wool      0         ore       0         
KI (2)    sum       0         lumber    0         brick     0         grain     0         wool      0         ore       0         
KI (3)    sum       0         lumber    0         brick     0         grain     0         wool      0         ore       0         
chris     sum       3         lumber    0         brick     0         grain     0         wool      3         ore       0         
[ M ]     sum       95        lumber    19        brick     19        grain     19        wool      19        ore       19        
2017-02-12 18:56:52.596 INFO  model.players.Player 945 buildSettlementFORCE - KI (2): {24, 25, 30}
2017-02-12 18:56:52.685 DEBUG model.players.Player 62 printPlayer - model.players.Human@44fdaca
id        2         color     RED       name      KI (2)    status    BUILD_STREET
vp        1         road      false     army      false     
dev       0         dice      5         
res       3         lumber    0         brick     0         grain     0         wool      0         ore       0         
dev       []
dev BLOCK []
Harbors   []
Roads          left      14        built     [{19, 20}]
Settlements    left      3         built     [{13, 19, 20}, {24, 25, 30}]
Cities         left      4         built     []
2017-02-12 18:56:52.686 DEBUG model.Management 42 printManagement - model.Management@32d7dad7
KI (1)    sum       0         lumber    0         brick     0         grain     0         wool      0         ore       0         
KI (2)    sum       3         lumber    0         brick     0         grain     0         wool      0         ore       0         
KI (3)    sum       0         lumber    0         brick     0         grain     0         wool      0         ore       0         
chris     sum       3         lumber    0         brick     0         grain     0         wool      3         ore       0         
[ M ]     sum       95        lumber    19        brick     19        grain     19        wool      19        ore       19        
2017-02-12 18:56:53.027 INFO  model.players.Player 979 buildStreetFORCE - KI (2): {24, 25}
2017-02-12 18:56:53.045 DEBUG model.players.Player 62 printPlayer - model.players.Human@44fdaca
id        2         color     RED       name      KI (2)    status    WAIT      
vp        2         road      false     army      false     
dev       0         dice      5         
res       3         lumber    0         brick     0         grain     0         wool      0         ore       0         
dev       []
dev BLOCK []
Harbors   []
Roads          left      13        built     [{19, 20}, {24, 25}]
Settlements    left      3         built     [{13, 19, 20}, {24, 25, 30}]
Cities         left      4         built     []
2017-02-12 18:56:53.046 DEBUG model.Management 42 printManagement - model.Management@32d7dad7
KI (1)    sum       0         lumber    0         brick     0         grain     0         wool      0         ore       0         
KI (2)    sum       3         lumber    0         brick     0         grain     0         wool      0         ore       0         
KI (3)    sum       0         lumber    0         brick     0         grain     0         wool      0         ore       0         
chris     sum       3         lumber    0         brick     0         grain     0         wool      3         ore       0         
[ M ]     sum       95        lumber    19        brick     19        grain     19        wool      19        ore       19        
2017-02-12 18:56:53.113 DEBUG model.players.Player 62 printPlayer - model.players.Human@5b4e505a
id        1         color     BLUE      name      KI (1)    status    BUILD_SETTLEMENT
vp        1         road      false     army      false     
dev       0         dice      10        
res       0         lumber    0         brick     0         grain     0         wool      0         ore       0         
dev       []
dev BLOCK []
Harbors   []
Roads          left      14        built     [{25, 31}]
Settlements    left      4         built     [{25, 26, 31}]
Cities         left      4         built     []
2017-02-12 18:56:53.114 DEBUG model.Management 42 printManagement - model.Management@32d7dad7
KI (1)    sum       0         lumber    0         brick     0         grain     0         wool      0         ore       0         
KI (2)    sum       3         lumber    0         brick     0         grain     0         wool      0         ore       0         
KI (3)    sum       0         lumber    0         brick     0         grain     0         wool      0         ore       0         
chris     sum       3         lumber    0         brick     0         grain     0         wool      3         ore       0         
[ M ]     sum       95        lumber    19        brick     19        grain     19        wool      19        ore       19        
2017-02-12 18:56:53.299 INFO  model.players.Player 945 buildSettlementFORCE - KI (1): {10, 16, 17}
2017-02-12 18:56:53.390 DEBUG model.players.Player 62 printPlayer - model.players.Human@5b4e505a
id        1         color     BLUE      name      KI (1)    status    BUILD_STREET
vp        1         road      false     army      false     
dev       0         dice      10        
res       3         lumber    0         brick     0         grain     0         wool      0         ore       0         
dev       []
dev BLOCK []
Harbors   []
Roads          left      14        built     [{25, 31}]
Settlements    left      3         built     [{25, 26, 31}, {10, 16, 17}]
Cities         left      4         built     []
2017-02-12 18:56:53.390 DEBUG model.Management 42 printManagement - model.Management@32d7dad7
KI (1)    sum       3         lumber    0         brick     0         grain     0         wool      0         ore       0         
KI (2)    sum       3         lumber    0         brick     0         grain     0         wool      0         ore       0         
KI (3)    sum       0         lumber    0         brick     0         grain     0         wool      0         ore       0         
chris     sum       3         lumber    0         brick     0         grain     0         wool      3         ore       0         
[ M ]     sum       95        lumber    19        brick     19        grain     19        wool      19        ore       19        
2017-02-12 18:56:53.726 INFO  model.players.Player 979 buildStreetFORCE - KI (1): {10, 17}
2017-02-12 18:56:53.744 DEBUG model.players.Player 62 printPlayer - model.players.Human@5b4e505a
id        1         color     BLUE      name      KI (1)    status    WAIT      
vp        2         road      false     army      false     
dev       0         dice      10        
res       3         lumber    0         brick     0         grain     0         wool      0         ore       0         
dev       []
dev BLOCK []
Harbors   []
Roads          left      13        built     [{25, 31}, {10, 17}]
Settlements    left      3         built     [{25, 26, 31}, {10, 16, 17}]
Cities         left      4         built     []
2017-02-12 18:56:53.745 DEBUG model.Management 42 printManagement - model.Management@32d7dad7
KI (1)    sum       3         lumber    0         brick     0         grain     0         wool      0         ore       0         
KI (2)    sum       3         lumber    0         brick     0         grain     0         wool      0         ore       0         
KI (3)    sum       0         lumber    0         brick     0         grain     0         wool      0         ore       0         
chris     sum       3         lumber    0         brick     0         grain     0         wool      3         ore       0         
[ M ]     sum       95        lumber    19        brick     19        grain     19        wool      19        ore       19        
2017-02-12 18:56:53.815 DEBUG model.players.Player 62 printPlayer - model.players.Human@5f71cfeb
id        3         color     ORANGE    name      KI (3)    status    BUILD_SETTLEMENT
vp        1         road      false     army      false     
dev       0         dice      11        
res       0         lumber    0         brick     0         grain     0         wool      0         ore       0         
dev       []
dev BLOCK []
Harbors   []
Roads          left      14        built     [{17, 18}]
Settlements    left      4         built     [{11, 17, 18}]
Cities         left      4         built     []
2017-02-12 18:56:53.816 DEBUG model.Management 42 printManagement - model.Management@32d7dad7
KI (1)    sum       3         lumber    0         brick     0         grain     0         wool      0         ore       0         
KI (2)    sum       3         lumber    0         brick     0         grain     0         wool      0         ore       0         
KI (3)    sum       0         lumber    0         brick     0         grain     0         wool      0         ore       0         
chris     sum       3         lumber    0         brick     0         grain     0         wool      3         ore       0         
[ M ]     sum       95        lumber    19        brick     19        grain     19        wool      19        ore       19        
2017-02-12 18:56:54.010 INFO  model.players.Player 945 buildSettlementFORCE - KI (3): {7, 12, 13}
2017-02-12 18:56:54.096 DEBUG model.players.Player 62 printPlayer - model.players.Human@5f71cfeb
id        3         color     ORANGE    name      KI (3)    status    BUILD_STREET
vp        1         road      false     army      false     
dev       0         dice      11        
res       2         lumber    0         brick     0         grain     0         wool      0         ore       0         
dev       []
dev BLOCK []
Harbors   []
Roads          left      14        built     [{17, 18}]
Settlements    left      3         built     [{11, 17, 18}, {7, 12, 13}]
Cities         left      4         built     []
2017-02-12 18:56:54.097 DEBUG model.Management 42 printManagement - model.Management@32d7dad7
KI (1)    sum       3         lumber    0         brick     0         grain     0         wool      0         ore       0         
KI (2)    sum       3         lumber    0         brick     0         grain     0         wool      0         ore       0         
KI (3)    sum       2         lumber    0         brick     0         grain     0         wool      0         ore       0         
chris     sum       3         lumber    0         brick     0         grain     0         wool      3         ore       0         
[ M ]     sum       95        lumber    19        brick     19        grain     19        wool      19        ore       19        
2017-02-12 18:56:54.443 INFO  model.players.Player 979 buildStreetFORCE - KI (3): {7, 12}
2017-02-12 18:56:54.462 DEBUG model.players.Player 62 printPlayer - model.players.Human@5f71cfeb
id        3         color     ORANGE    name      KI (3)    status    ROLL_DICE 
vp        2         road      false     army      false     
dev       0         dice      11        
res       2         lumber    0         brick     0         grain     0         wool      0         ore       0         
dev       []
dev BLOCK []
Harbors   []
Roads          left      13        built     [{17, 18}, {7, 12}]
Settlements    left      3         built     [{11, 17, 18}, {7, 12, 13}]
Cities         left      4         built     []
2017-02-12 18:56:54.463 DEBUG model.Management 42 printManagement - model.Management@32d7dad7
KI (1)    sum       3         lumber    0         brick     0         grain     0         wool      0         ore       0         
KI (2)    sum       3         lumber    0         brick     0         grain     0         wool      0         ore       0         
KI (3)    sum       2         lumber    0         brick     0         grain     0         wool      0         ore       0         
chris     sum       3         lumber    0         brick     0         grain     0         wool      3         ore       0         
[ M ]     sum       95        lumber    19        brick     19        grain     19        wool      19        ore       19        
2017-02-12 18:56:54.715 DEBUG model.players.Player 189 setLumber - model.players.Human@5589a49b [ id: 4 ] old: 0, new: 1
2017-02-12 18:56:54.868 DEBUG model.players.Player 62 printPlayer - model.players.Human@5f71cfeb
id        3         color     ORANGE    name      KI (3)    status    TRADE_OR_BUILD
vp        2         road      false     army      false     
dev       0         dice      6         
res       3         lumber    0         brick     0         grain     0         wool      0         ore       0         
dev       []
dev BLOCK []
Harbors   []
Roads          left      13        built     [{17, 18}, {7, 12}]
Settlements    left      3         built     [{11, 17, 18}, {7, 12, 13}]
Cities         left      4         built     []
2017-02-12 18:56:54.869 DEBUG model.Management 42 printManagement - model.Management@32d7dad7
KI (1)    sum       4         lumber    0         brick     0         grain     0         wool      0         ore       0         
KI (2)    sum       3         lumber    0         brick     0         grain     0         wool      0         ore       0         
KI (3)    sum       3         lumber    0         brick     0         grain     0         wool      0         ore       0         
chris     sum       4         lumber    1         brick     0         grain     0         wool      3         ore       0         
[ M ]     sum       95        lumber    19        brick     19        grain     19        wool      19        ore       19        
2017-02-12 18:56:55.378 INFO  model.players.Player 979 buildStreetFORCE - KI (3): {12, 13}
2017-02-12 18:56:55.465 DEBUG model.players.Player 62 printPlayer - model.players.Human@5f71cfeb
id        3         color     ORANGE    name      KI (3)    status    TRADE_OR_BUILD
vp        2         road      false     army      false     
dev       0         dice      6         
res       1         lumber    0         brick     0         grain     0         wool      0         ore       0         
dev       []
dev BLOCK []
Harbors   []
Roads          left      12        built     [{17, 18}, {7, 12}, {12, 13}]
Settlements    left      3         built     [{11, 17, 18}, {7, 12, 13}]
Cities         left      4         built     []
2017-02-12 18:56:55.465 DEBUG model.Management 42 printManagement - model.Management@32d7dad7
KI (1)    sum       4         lumber    0         brick     0         grain     0         wool      0         ore       0         
KI (2)    sum       3         lumber    0         brick     0         grain     0         wool      0         ore       0         
KI (3)    sum       1         lumber    0         brick     0         grain     0         wool      0         ore       0         
chris     sum       4         lumber    1         brick     0         grain     0         wool      3         ore       0         
[ M ]     sum       95        lumber    19        brick     19        grain     19        wool      19        ore       19        
2017-02-12 18:56:55.870 DEBUG model.players.Player 62 printPlayer - model.players.Human@5f71cfeb
id        3         color     ORANGE    name      KI (3)    status    WAIT      
vp        2         road      false     army      false     
dev       0         dice      6         
res       1         lumber    0         brick     0         grain     0         wool      0         ore       0         
dev       []
dev BLOCK []
Harbors   []
Roads          left      12        built     [{17, 18}, {7, 12}, {12, 13}]
Settlements    left      3         built     [{11, 17, 18}, {7, 12, 13}]
Cities         left      4         built     []
2017-02-12 18:56:55.871 DEBUG model.Management 42 printManagement - model.Management@32d7dad7
KI (1)    sum       4         lumber    0         brick     0         grain     0         wool      0         ore       0         
KI (2)    sum       3         lumber    0         brick     0         grain     0         wool      0         ore       0         
KI (3)    sum       1         lumber    0         brick     0         grain     0         wool      0         ore       0         
chris     sum       4         lumber    1         brick     0         grain     0         wool      3         ore       0         
[ M ]     sum       95        lumber    19        brick     19        grain     19        wool      19        ore       19        
2017-02-12 18:56:55.897 DEBUG model.players.Player 62 printPlayer - model.players.Human@5b4e505a
id        1         color     BLUE      name      KI (1)    status    ROLL_DICE 
vp        2         road      false     army      false     
dev       0         dice      10        
res       4         lumber    0         brick     0         grain     0         wool      0         ore       0         
dev       []
dev BLOCK []
Harbors   []
Roads          left      13        built     [{25, 31}, {10, 17}]
Settlements    left      3         built     [{25, 26, 31}, {10, 16, 17}]
Cities         left      4         built     []
2017-02-12 18:56:55.897 DEBUG model.Management 42 printManagement - model.Management@32d7dad7
KI (1)    sum       4         lumber    0         brick     0         grain     0         wool      0         ore       0         
KI (2)    sum       3         lumber    0         brick     0         grain     0         wool      0         ore       0         
KI (3)    sum       1         lumber    0         brick     0         grain     0         wool      0         ore       0         
chris     sum       4         lumber    1         brick     0         grain     0         wool      3         ore       0         
[ M ]     sum       95        lumber    19        brick     19        grain     19        wool      19        ore       19        
2017-02-12 18:56:55.988 DEBUG model.players.Player 62 printPlayer - model.players.Human@5b4e505a
id        1         color     BLUE      name      KI (1)    status    WAIT      
vp        2         road      false     army      false     
dev       0         dice      7         
res       4         lumber    0         brick     0         grain     0         wool      0         ore       0         
dev       []
dev BLOCK []
Harbors   []
Roads          left      13        built     [{25, 31}, {10, 17}]
Settlements    left      3         built     [{25, 26, 31}, {10, 16, 17}]
Cities         left      4         built     []
2017-02-12 18:56:55.988 DEBUG model.Management 42 printManagement - model.Management@32d7dad7
KI (1)    sum       4         lumber    0         brick     0         grain     0         wool      0         ore       0         
KI (2)    sum       3         lumber    0         brick     0         grain     0         wool      0         ore       0         
KI (3)    sum       1         lumber    0         brick     0         grain     0         wool      0         ore       0         
chris     sum       4         lumber    1         brick     0         grain     0         wool      3         ore       0         
[ M ]     sum       95        lumber    19        brick     19        grain     19        wool      19        ore       19        
2017-02-12 18:56:56.051 DEBUG model.players.Player 62 printPlayer - model.players.Human@44fdaca
id        2         color     RED       name      KI (2)    status    WAIT      
vp        2         road      false     army      false     
dev       0         dice      5         
res       3         lumber    0         brick     0         grain     0         wool      0         ore       0         
dev       []
dev BLOCK []
Harbors   []
Roads          left      13        built     [{19, 20}, {24, 25}]
Settlements    left      3         built     [{13, 19, 20}, {24, 25, 30}]
Cities         left      4         built     []
2017-02-12 18:56:56.051 DEBUG model.Management 42 printManagement - model.Management@32d7dad7
KI (1)    sum       4         lumber    0         brick     0         grain     0         wool      0         ore       0         
KI (2)    sum       3         lumber    0         brick     0         grain     0         wool      0         ore       0         
KI (3)    sum       1         lumber    0         brick     0         grain     0         wool      0         ore       0         
chris     sum       4         lumber    1         brick     0         grain     0         wool      3         ore       0         
[ M ]     sum       95        lumber    19        brick     19        grain     19        wool      19        ore       19        
2017-02-12 18:56:56.074 DEBUG model.players.Player 62 printPlayer - model.players.Human@5f71cfeb
id        3         color     ORANGE    name      KI (3)    status    WAIT      
vp        2         road      false     army      false     
dev       0         dice      6         
res       1         lumber    0         brick     0         grain     0         wool      0         ore       0         
dev       []
dev BLOCK []
Harbors   []
Roads          left      12        built     [{17, 18}, {7, 12}, {12, 13}]
Settlements    left      3         built     [{11, 17, 18}, {7, 12, 13}]
Cities         left      4         built     []
2017-02-12 18:56:56.075 DEBUG model.Management 42 printManagement - model.Management@32d7dad7
KI (1)    sum       4         lumber    0         brick     0         grain     0         wool      0         ore       0         
KI (2)    sum       3         lumber    0         brick     0         grain     0         wool      0         ore       0         
KI (3)    sum       1         lumber    0         brick     0         grain     0         wool      0         ore       0         
chris     sum       4         lumber    1         brick     0         grain     0         wool      3         ore       0         
[ M ]     sum       95        lumber    19        brick     19        grain     19        wool      19        ore       19        
2017-02-12 18:56:56.140 DEBUG model.players.Player 62 printPlayer - model.players.Human@5589a49b
id        4         color     WHITE     name      chris     status    WAIT      
vp        2         road      false     army      false     
dev       0         dice      2         
res       4         lumber    1         brick     0         grain     0         wool      3         ore       0         
dev       []
dev BLOCK []
Harbors   []
Roads          left      13        built     [{5, 6}, {23, 24}]
Settlements    left      3         built     [{5, 6, 11}, {23, 24, 29}]
Cities         left      4         built     []
2017-02-12 18:56:56.140 DEBUG model.Management 42 printManagement - model.Management@32d7dad7
KI (1)    sum       4         lumber    0         brick     0         grain     0         wool      0         ore       0         
KI (2)    sum       3         lumber    0         brick     0         grain     0         wool      0         ore       0         
KI (3)    sum       1         lumber    0         brick     0         grain     0         wool      0         ore       0         
chris     sum       4         lumber    1         brick     0         grain     0         wool      3         ore       0         
[ M ]     sum       95        lumber    19        brick     19        grain     19        wool      19        ore       19        
2017-02-12 18:56:56.140 DEBUG model.players.Player 233 setGrain - model.players.Human@5589a49b [ id: 4 ] old: 0, new: 0
2017-02-12 18:56:56.140 DEBUG model.players.Player 255 setWool - model.players.Human@5589a49b [ id: 4 ] old: 3, new: 3
2017-02-12 18:56:56.140 DEBUG model.players.Player 189 setLumber - model.players.Human@5589a49b [ id: 4 ] old: 1, new: 1
2017-02-12 18:56:56.140 DEBUG model.players.Player 167 setBrick - model.players.Human@5589a49b [ id: 4 ] old: 0, new: 0
2017-02-12 18:56:56.140 DEBUG model.players.Player 211 setOre - model.players.Human@5589a49b [ id: 4 ] old: 0, new: 0
2017-02-12 18:56:56.141 INFO  model.players.Player 489 setKnightsDev - 0, 0 old and new value of knightDev Card. Knight card which is on the hand of ClientName: chris
2017-02-12 18:56:56.160 DEBUG model.players.Player 62 printPlayer - model.players.Human@5b4e505a
id        1         color     BLUE      name      KI (1)    status    MOVE_ROBBER
vp        2         road      false     army      false     
dev       0         dice      7         
res       4         lumber    0         brick     0         grain     0         wool      0         ore       0         
dev       []
dev BLOCK []
Harbors   []
Roads          left      13        built     [{25, 31}, {10, 17}]
Settlements    left      3         built     [{25, 26, 31}, {10, 16, 17}]
Cities         left      4         built     []
2017-02-12 18:56:56.160 DEBUG model.Management 42 printManagement - model.Management@32d7dad7
KI (1)    sum       4         lumber    0         brick     0         grain     0         wool      0         ore       0         
KI (2)    sum       3         lumber    0         brick     0         grain     0         wool      0         ore       0         
KI (3)    sum       1         lumber    0         brick     0         grain     0         wool      0         ore       0         
chris     sum       4         lumber    1         brick     0         grain     0         wool      3         ore       0         
[ M ]     sum       95        lumber    19        brick     19        grain     19        wool      19        ore       19        
2017-02-12 18:56:56.726 DEBUG model.players.Player 62 printPlayer - model.players.Human@5b4e505a
id        1         color     BLUE      name      KI (1)    status    TRADE_OR_BUILD
vp        2         road      false     army      false     
dev       0         dice      7         
res       5         lumber    0         brick     0         grain     0         wool      0         ore       0         
dev       []
dev BLOCK []
Harbors   []
Roads          left      13        built     [{25, 31}, {10, 17}]
Settlements    left      3         built     [{25, 26, 31}, {10, 16, 17}]
Cities         left      4         built     []
2017-02-12 18:56:56.726 DEBUG model.Management 42 printManagement - model.Management@32d7dad7
KI (1)    sum       5         lumber    0         brick     0         grain     0         wool      0         ore       0         
KI (2)    sum       2         lumber    0         brick     0         grain     0         wool      0         ore       0         
KI (3)    sum       1         lumber    0         brick     0         grain     0         wool      0         ore       0         
chris     sum       4         lumber    1         brick     0         grain     0         wool      3         ore       0         
[ M ]     sum       95        lumber    19        brick     19        grain     19        wool      19        ore       19        
2017-02-12 18:56:57.289 DEBUG model.players.Player 62 printPlayer - model.players.Human@5b4e505a
id        1         color     BLUE      name      KI (1)    status    WAIT      
vp        2         road      false     army      false     
dev       0         dice      7         
res       5         lumber    0         brick     0         grain     0         wool      0         ore       0         
dev       []
dev BLOCK []
Harbors   []
Roads          left      13        built     [{25, 31}, {10, 17}]
Settlements    left      3         built     [{25, 26, 31}, {10, 16, 17}]
Cities         left      4         built     []
2017-02-12 18:56:57.290 DEBUG model.Management 42 printManagement - model.Management@32d7dad7
KI (1)    sum       5         lumber    0         brick     0         grain     0         wool      0         ore       0         
KI (2)    sum       2         lumber    0         brick     0         grain     0         wool      0         ore       0         
KI (3)    sum       1         lumber    0         brick     0         grain     0         wool      0         ore       0         
chris     sum       4         lumber    1         brick     0         grain     0         wool      3         ore       0         
[ M ]     sum       95        lumber    19        brick     19        grain     19        wool      19        ore       19        
2017-02-12 18:56:57.309 DEBUG model.players.Player 62 printPlayer - model.players.Human@44fdaca
id        2         color     RED       name      KI (2)    status    ROLL_DICE 
vp        2         road      false     army      false     
dev       0         dice      5         
res       2         lumber    0         brick     0         grain     0         wool      0         ore       0         
dev       []
dev BLOCK []
Harbors   []
Roads          left      13        built     [{19, 20}, {24, 25}]
Settlements    left      3         built     [{13, 19, 20}, {24, 25, 30}]
Cities         left      4         built     []
2017-02-12 18:56:57.309 DEBUG model.Management 42 printManagement - model.Management@32d7dad7
KI (1)    sum       5         lumber    0         brick     0         grain     0         wool      0         ore       0         
KI (2)    sum       2         lumber    0         brick     0         grain     0         wool      0         ore       0         
KI (3)    sum       1         lumber    0         brick     0         grain     0         wool      0         ore       0         
chris     sum       4         lumber    1         brick     0         grain     0         wool      3         ore       0         
[ M ]     sum       95        lumber    19        brick     19        grain     19        wool      19        ore       19        
2017-02-12 18:56:57.494 DEBUG model.players.Player 62 printPlayer - model.players.Human@44fdaca
id        2         color     RED       name      KI (2)    status    TRADE_OR_BUILD
vp        2         road      false     army      false     
dev       0         dice      8         
res       3         lumber    0         brick     0         grain     0         wool      0         ore       0         
dev       []
dev BLOCK []
Harbors   []
Roads          left      13        built     [{19, 20}, {24, 25}]
Settlements    left      3         built     [{13, 19, 20}, {24, 25, 30}]
Cities         left      4         built     []
2017-02-12 18:56:57.495 DEBUG model.Management 42 printManagement - model.Management@32d7dad7
KI (1)    sum       6         lumber    0         brick     0         grain     0         wool      0         ore       0         
KI (2)    sum       3         lumber    0         brick     0         grain     0         wool      0         ore       0         
KI (3)    sum       1         lumber    0         brick     0         grain     0         wool      0         ore       0         
chris     sum       4         lumber    1         brick     0         grain     0         wool      3         ore       0         
[ M ]     sum       95        lumber    19        brick     19        grain     19        wool      19        ore       19        
2017-02-12 18:56:57.954 DEBUG model.players.Player 62 printPlayer - model.players.Human@44fdaca
id        2         color     RED       name      KI (2)    status    WAIT      
vp        2         road      false     army      false     
dev       0         dice      8         
res       3         lumber    0         brick     0         grain     0         wool      0         ore       0         
dev       []
dev BLOCK []
Harbors   []
Roads          left      13        built     [{19, 20}, {24, 25}]
Settlements    left      3         built     [{13, 19, 20}, {24, 25, 30}]
Cities         left      4         built     []
2017-02-12 18:56:57.954 DEBUG model.Management 42 printManagement - model.Management@32d7dad7
KI (1)    sum       6         lumber    0         brick     0         grain     0         wool      0         ore       0         
KI (2)    sum       3         lumber    0         brick     0         grain     0         wool      0         ore       0         
KI (3)    sum       1         lumber    0         brick     0         grain     0         wool      0         ore       0         
chris     sum       4         lumber    1         brick     0         grain     0         wool      3         ore       0         
[ M ]     sum       95        lumber    19        brick     19        grain     19        wool      19        ore       19        
2017-02-12 18:56:57.961 DEBUG model.players.Player 62 printPlayer - model.players.Human@5589a49b
id        4         color     WHITE     name      chris     status    ROLL_DICE 
vp        2         road      false     army      false     
dev       0         dice      2         
res       4         lumber    1         brick     0         grain     0         wool      3         ore       0         
dev       []
dev BLOCK []
Harbors   []
Roads          left      13        built     [{5, 6}, {23, 24}]
Settlements    left      3         built     [{5, 6, 11}, {23, 24, 29}]
Cities         left      4         built     []
2017-02-12 18:56:57.961 DEBUG model.Management 42 printManagement - model.Management@32d7dad7
KI (1)    sum       6         lumber    0         brick     0         grain     0         wool      0         ore       0         
KI (2)    sum       3         lumber    0         brick     0         grain     0         wool      0         ore       0         
KI (3)    sum       1         lumber    0         brick     0         grain     0         wool      0         ore       0         
chris     sum       4         lumber    1         brick     0         grain     0         wool      3         ore       0         
[ M ]     sum       95        lumber    19        brick     19        grain     19        wool      19        ore       19        
2017-02-12 18:56:57.962 DEBUG model.players.Player 233 setGrain - model.players.Human@5589a49b [ id: 4 ] old: 0, new: 0
2017-02-12 18:56:57.962 DEBUG model.players.Player 255 setWool - model.players.Human@5589a49b [ id: 4 ] old: 3, new: 3
2017-02-12 18:56:57.962 DEBUG model.players.Player 189 setLumber - model.players.Human@5589a49b [ id: 4 ] old: 1, new: 1
2017-02-12 18:56:57.962 DEBUG model.players.Player 167 setBrick - model.players.Human@5589a49b [ id: 4 ] old: 0, new: 0
2017-02-12 18:56:57.962 DEBUG model.players.Player 211 setOre - model.players.Human@5589a49b [ id: 4 ] old: 0, new: 0
2017-02-12 18:56:57.962 INFO  model.players.Player 489 setKnightsDev - 0, 0 old and new value of knightDev Card. Knight card which is on the hand of ClientName: chris
2017-02-12 18:56:58.622 DEBUG model.players.Player 189 setLumber - model.players.Human@5589a49b [ id: 4 ] old: 1, new: 2
2017-02-12 18:56:58.725 DEBUG model.players.Player 62 printPlayer - model.players.Human@5589a49b
id        4         color     WHITE     name      chris     status    TRADE_OR_BUILD
vp        2         road      false     army      false     
dev       0         dice      6         
res       5         lumber    2         brick     0         grain     0         wool      3         ore       0         
dev       []
dev BLOCK []
Harbors   []
Roads          left      13        built     [{5, 6}, {23, 24}]
Settlements    left      3         built     [{5, 6, 11}, {23, 24, 29}]
Cities         left      4         built     []
2017-02-12 18:56:58.725 DEBUG model.Management 42 printManagement - model.Management@32d7dad7
KI (1)    sum       7         lumber    0         brick     0         grain     0         wool      0         ore       0         
KI (2)    sum       3         lumber    0         brick     0         grain     0         wool      0         ore       0         
KI (3)    sum       2         lumber    0         brick     0         grain     0         wool      0         ore       0         
chris     sum       5         lumber    2         brick     0         grain     0         wool      3         ore       0         
[ M ]     sum       95        lumber    19        brick     19        grain     19        wool      19        ore       19        
2017-02-12 18:56:58.725 DEBUG model.players.Player 233 setGrain - model.players.Human@5589a49b [ id: 4 ] old: 0, new: 0
2017-02-12 18:56:58.725 DEBUG model.players.Player 255 setWool - model.players.Human@5589a49b [ id: 4 ] old: 3, new: 3
2017-02-12 18:56:58.725 DEBUG model.players.Player 189 setLumber - model.players.Human@5589a49b [ id: 4 ] old: 2, new: 2
2017-02-12 18:56:58.726 DEBUG model.players.Player 167 setBrick - model.players.Human@5589a49b [ id: 4 ] old: 0, new: 0
2017-02-12 18:56:58.726 DEBUG model.players.Player 211 setOre - model.players.Human@5589a49b [ id: 4 ] old: 0, new: 0
2017-02-12 18:56:58.726 INFO  model.players.Player 489 setKnightsDev - 0, 0 old and new value of knightDev Card. Knight card which is on the hand of ClientName: chris
