2017-05-31 21:26:11.912 INFO  model.board.Board 263 printBoardIDs - 
  null  null  null   {0}   {1}   {2}   {3}
  null  null   {4}   {5}   {6}   {7}   {8}
  null   {9}  {10}  {11}  {12}  {13}  {14}
  {15}  {16}  {17}  {18}  {19}  {20}  {21}
  {22}  {23}  {24}  {25}  {26}  {27}  null
  {28}  {29}  {30}  {31}  {32}  null  null
  {33}  {34}  {35}  {36}  null  null  null

2017-05-31 21:26:11.913 INFO  model.board.Board 340 printNumberTokens - 
  null  null  null  null  null  null  null
  null  null  null    10     2     9  null
  null  null    12     6     4    10  null
  null     9    11     0     3     8  null
  null     8     3     4     5  null  null
  null     5     6    11  null  null  null
  null  null  null  null  null  null  null

2017-05-31 21:26:11.916 INFO  model.board.Board 281 printBoardSpecialCo - 
(     )(     )(     )( 0,-3)( 1,-3)( 2,-3)( 3,-3)
(     )(     )(-1,-2)( 0,-2)( 1,-2)( 2,-2)( 3,-2)
(     )(-2,-1)(-1,-1)( 0,-1)( 1,-1)( 2,-1)( 3,-1)
(-3, 0)(-2, 0)(-1, 0)( 0, 0)( 1, 0)( 2, 0)( 3, 0)
(-3, 1)(-2, 1)(-1, 1)( 0, 1)( 1, 1)( 2, 1)(     )
(-3, 2)(-2, 2)(-1, 2)( 0, 2)( 1, 2)(     )(     )
(-3, 3)(-2, 3)(-1, 3)( 0, 3)(     )(     )(     )

2017-05-31 21:26:11.918 INFO  model.board.Board 301 printTileNeighbors - 
Row: 0
                          null : 
                          null : 
                          null : 
      model.board.Sea@267c218e : [model.board.Sea@234c6dba, model.board.Mountain@56bccc25, model.board.Sea@5a940478]
      model.board.Sea@234c6dba : [model.board.Pasture@1da33ef5, model.board.Mountain@56bccc25, model.board.Sea@267c218e, model.board.Sea@5d42b146]
      model.board.Sea@5d42b146 : [model.board.Sea@234c6dba, model.board.Forest@6daf832f, model.board.Pasture@1da33ef5, model.board.Sea@1762fd26]
      model.board.Sea@1762fd26 : [model.board.Sea@13b23da9, model.board.Forest@6daf832f, model.board.Sea@5d42b146]
Row: 1
                          null : 
                          null : 
      model.board.Sea@5a940478 : [model.board.Mountain@56bccc25, model.board.Field@5b326618, model.board.Sea@4a9530aa, model.board.Sea@267c218e]
 model.board.Mountain@56bccc25 : [model.board.Sea@234c6dba, model.board.Pasture@1da33ef5, model.board.Hill@4a1e6f13, model.board.Field@5b326618, model.board.Sea@5a940478, model.board.Sea@267c218e]
  model.board.Pasture@1da33ef5 : [model.board.Sea@234c6dba, model.board.Forest@6daf832f, model.board.Pasture@48435c8c, model.board.Hill@4a1e6f13, model.board.Mountain@56bccc25, model.board.Sea@5d42b146]
   model.board.Forest@6daf832f : [model.board.Sea@13b23da9, model.board.Hill@9e13a, model.board.Pasture@48435c8c, model.board.Pasture@1da33ef5, model.board.Sea@5d42b146, model.board.Sea@1762fd26]
      model.board.Sea@13b23da9 : [model.board.Sea@637a81f1, model.board.Hill@9e13a, model.board.Forest@6daf832f, model.board.Sea@1762fd26]
Row: 2
                          null : 
      model.board.Sea@4a9530aa : [model.board.Sea@5a940478, model.board.Field@5b326618, model.board.Sea@5a250c7a, model.board.Field@8508c8e]
    model.board.Field@5b326618 : [model.board.Forest@479fbc8f, model.board.Sea@5a940478, model.board.Mountain@56bccc25, model.board.Hill@4a1e6f13, model.board.Sea@4a9530aa, model.board.Field@8508c8e]
     model.board.Hill@4a1e6f13 : [model.board.Forest@479fbc8f, model.board.Mountain@56bccc25, model.board.Pasture@1da33ef5, model.board.Pasture@48435c8c, model.board.Field@5b326618, model.board.Desert@70ddd884]
  model.board.Pasture@48435c8c : [model.board.Pasture@1da33ef5, model.board.Forest@6daf832f, model.board.Hill@9e13a, model.board.Hill@4a1e6f13, model.board.Desert@70ddd884, model.board.Forest@2695c39]
        model.board.Hill@9e13a : [model.board.Forest@6daf832f, model.board.Sea@13b23da9, model.board.Sea@637a81f1, model.board.Mountain@ed19406, model.board.Pasture@48435c8c, model.board.Forest@2695c39]
      model.board.Sea@637a81f1 : [model.board.Sea@13b23da9, model.board.Sea@34903a97, model.board.Mountain@ed19406, model.board.Hill@9e13a]
Row: 3
      model.board.Sea@5a250c7a : [model.board.Sea@4a9530aa, model.board.Sea@2a97cd79, model.board.Field@8508c8e]
     model.board.Field@8508c8e : [model.board.Forest@479fbc8f, model.board.Sea@4a9530aa, model.board.Field@5b326618, model.board.Forest@6257c486, model.board.Sea@2a97cd79, model.board.Sea@5a250c7a]
   model.board.Forest@479fbc8f : [model.board.Field@5b326618, model.board.Hill@4a1e6f13, model.board.Mountain@60240d6e, model.board.Forest@6257c486, model.board.Field@8508c8e, model.board.Desert@70ddd884]
   model.board.Desert@70ddd884 : [model.board.Forest@479fbc8f, model.board.Hill@4a1e6f13, model.board.Pasture@48435c8c, model.board.Field@5555d77f, model.board.Mountain@60240d6e, model.board.Forest@2695c39]
    model.board.Forest@2695c39 : [model.board.Pasture@48435c8c, model.board.Hill@9e13a, model.board.Mountain@ed19406, model.board.Pasture@41bd34a9, model.board.Field@5555d77f, model.board.Desert@70ddd884]
  model.board.Mountain@ed19406 : [model.board.Hill@9e13a, model.board.Sea@637a81f1, model.board.Sea@34903a97, model.board.Sea@1d92abec, model.board.Pasture@41bd34a9, model.board.Forest@2695c39]
      model.board.Sea@34903a97 : [model.board.Sea@637a81f1, model.board.Sea@1d92abec, model.board.Mountain@ed19406]
Row: 4
      model.board.Sea@2a97cd79 : [model.board.Sea@5a250c7a, model.board.Forest@6257c486, model.board.Sea@5d1d8a4d, model.board.Field@8508c8e]
   model.board.Forest@6257c486 : [model.board.Forest@479fbc8f, model.board.Mountain@60240d6e, model.board.Hill@268840be, model.board.Sea@5d1d8a4d, model.board.Sea@2a97cd79, model.board.Field@8508c8e]
 model.board.Mountain@60240d6e : [model.board.Forest@479fbc8f, model.board.Field@5555d77f, model.board.Field@eb820ba, model.board.Hill@268840be, model.board.Forest@6257c486, model.board.Desert@70ddd884]
    model.board.Field@5555d77f : [model.board.Pasture@41bd34a9, model.board.Pasture@67d274a, model.board.Field@eb820ba, model.board.Mountain@60240d6e, model.board.Desert@70ddd884, model.board.Forest@2695c39]
  model.board.Pasture@41bd34a9 : [model.board.Mountain@ed19406, model.board.Sea@1d92abec, model.board.Pasture@67d274a, model.board.Field@5555d77f, model.board.Sea@37838a2a, model.board.Forest@2695c39]
      model.board.Sea@1d92abec : [model.board.Mountain@ed19406, model.board.Sea@34903a97, model.board.Pasture@41bd34a9, model.board.Sea@37838a2a]
                          null : 
Row: 5
      model.board.Sea@5d1d8a4d : [model.board.Sea@536aa1d4, model.board.Sea@2a97cd79, model.board.Forest@6257c486, model.board.Hill@268840be]
     model.board.Hill@268840be : [model.board.Sea@536aa1d4, model.board.Forest@6257c486, model.board.Mountain@60240d6e, model.board.Field@eb820ba, model.board.Sea@5d1d8a4d, model.board.Sea@1c18f6f3]
     model.board.Field@eb820ba : [model.board.Mountain@60240d6e, model.board.Field@5555d77f, model.board.Pasture@67d274a, model.board.Hill@268840be, model.board.Sea@1c18f6f3, model.board.Sea@73b0c54d]
   model.board.Pasture@67d274a : [model.board.Field@5555d77f, model.board.Pasture@41bd34a9, model.board.Sea@58c9d3cb, model.board.Field@eb820ba, model.board.Sea@37838a2a, model.board.Sea@73b0c54d]
      model.board.Sea@37838a2a : [model.board.Pasture@41bd34a9, model.board.Sea@1d92abec, model.board.Sea@58c9d3cb, model.board.Pasture@67d274a]
                          null : 
                          null : 
Row: 6
      model.board.Sea@536aa1d4 : [model.board.Sea@5d1d8a4d, model.board.Hill@268840be, model.board.Sea@1c18f6f3]
      model.board.Sea@1c18f6f3 : [model.board.Sea@536aa1d4, model.board.Hill@268840be, model.board.Field@eb820ba, model.board.Sea@73b0c54d]
      model.board.Sea@73b0c54d : [model.board.Field@eb820ba, model.board.Pasture@67d274a, model.board.Sea@58c9d3cb, model.board.Sea@1c18f6f3]
      model.board.Sea@58c9d3cb : [model.board.Pasture@67d274a, model.board.Sea@37838a2a, model.board.Sea@73b0c54d]
                          null : 
                          null : 
                          null : 

2017-05-31 21:26:11.919 INFO  model.board.Board 322 printPorts - 
        {33} : GENERIC
         {9} : LUMBER
         {8} : ORE
        {22} : BRICK
         {0} : GENERIC
        {32} : WOOL
         {2} : GRAIN
        {35} : GENERIC
        {21} : GENERIC

{22, 23, 28} : BRICK
{16, 22, 23} : BRICK
   {1, 2, 6} : GRAIN
   {2, 6, 7} : GRAIN
  {4, 9, 10} : LUMBER
{28, 29, 33} : GENERIC
  {7, 8, 13} : ORE
 {8, 13, 14} : ORE
 {9, 10, 16} : LUMBER
{26, 27, 32} : WOOL
{26, 31, 32} : WOOL
{29, 33, 34} : GENERIC
{30, 31, 35} : GENERIC
{30, 34, 35} : GENERIC
{14, 20, 21} : GENERIC
{20, 21, 27} : GENERIC
   {0, 4, 5} : GENERIC
   {0, 1, 5} : GENERIC

2017-05-31 21:26:11.962 TRACE model.players.Ai 34 <init> - Enter model.players.Ai@46872d12
2017-05-31 21:26:11.963 DEBUG model.players.Player 62 printPlayer - model.players.Ai@46872d12
id        1         color     NULL      name                status    null      
vp        0         road      false     army      false     
dev       0         dice      0         
res       0         lumber    0         brick     0         grain     0         wool      0         ore       0         
dev       []
dev BLOCK []
Harbors   []
Roads          left      15        built     []
Settlements    left      5         built     []
Cities         left      4         built     []
2017-05-31 21:26:11.964 DEBUG model.players.Player 62 printPlayer - model.players.Ai@46872d12
id        1         color     NULL      name                status    START_GAME
vp        0         road      false     army      false     
dev       0         dice      0         
res       0         lumber    0         brick     0         grain     0         wool      0         ore       0         
dev       []
dev BLOCK []
Harbors   []
Roads          left      15        built     []
Settlements    left      5         built     []
Cities         left      4         built     []
2017-05-31 21:26:12.027 TRACE model.players.Ai 34 <init> - Enter model.players.Ai@5f9dd857
2017-05-31 21:26:12.028 DEBUG model.players.Player 62 printPlayer - model.players.Ai@5f9dd857
id        2         color     NULL      name                status    null      
vp        0         road      false     army      false     
dev       0         dice      0         
res       0         lumber    0         brick     0         grain     0         wool      0         ore       0         
dev       []
dev BLOCK []
Harbors   []
Roads          left      15        built     []
Settlements    left      5         built     []
Cities         left      4         built     []
2017-05-31 21:26:12.029 DEBUG model.players.Player 62 printPlayer - model.players.Ai@5f9dd857
id        2         color     NULL      name                status    START_GAME
vp        0         road      false     army      false     
dev       0         dice      0         
res       0         lumber    0         brick     0         grain     0         wool      0         ore       0         
dev       []
dev BLOCK []
Harbors   []
Roads          left      15        built     []
Settlements    left      5         built     []
Cities         left      4         built     []
2017-05-31 21:26:12.481 DEBUG model.players.Player 62 printPlayer - model.players.Ai@46872d12
id        1         color     BLUE      name      KI (1)    status    WAIT_FOR_GAME_START
vp        0         road      false     army      false     
dev       0         dice      0         
res       0         lumber    0         brick     0         grain     0         wool      0         ore       0         
dev       []
dev BLOCK []
Harbors   []
Roads          left      15        built     []
Settlements    left      5         built     []
Cities         left      4         built     []
2017-05-31 21:26:12.482 DEBUG model.Management 43 printManagement - model.Management@55f675f
KI (1)    sum       0         lumber    0         brick     0         grain     0         wool      0         ore       0         
KI (2)    sum       0         lumber    0         brick     0         grain     0         wool      0         ore       0         
[ M ]     sum       95        lumber    19        brick     19        grain     19        wool      19        ore       19        
2017-05-31 21:26:12.643 DEBUG model.players.Player 62 printPlayer - model.players.Ai@5f9dd857
id        2         color     RED       name      KI (2)    status    WAIT_FOR_GAME_START
vp        0         road      false     army      false     
dev       0         dice      0         
res       0         lumber    0         brick     0         grain     0         wool      0         ore       0         
dev       []
dev BLOCK []
Harbors   []
Roads          left      15        built     []
Settlements    left      5         built     []
Cities         left      4         built     []
2017-05-31 21:26:12.644 DEBUG model.Management 43 printManagement - model.Management@55f675f
KI (1)    sum       0         lumber    0         brick     0         grain     0         wool      0         ore       0         
KI (2)    sum       0         lumber    0         brick     0         grain     0         wool      0         ore       0         
[ M ]     sum       95        lumber    19        brick     19        grain     19        wool      19        ore       19        
2017-05-31 21:27:04.034 TRACE model.players.Ai 34 <init> - Enter model.players.Ai@6d011403
2017-05-31 21:27:04.035 DEBUG model.players.Player 62 printPlayer - model.players.Ai@6d011403
id        3         color     NULL      name                status    null      
vp        0         road      false     army      false     
dev       0         dice      0         
res       0         lumber    0         brick     0         grain     0         wool      0         ore       0         
dev       []
dev BLOCK []
Harbors   []
Roads          left      15        built     []
Settlements    left      5         built     []
Cities         left      4         built     []
2017-05-31 21:27:04.036 DEBUG model.players.Player 62 printPlayer - model.players.Ai@6d011403
id        3         color     NULL      name                status    START_GAME
vp        0         road      false     army      false     
dev       0         dice      0         
res       0         lumber    0         brick     0         grain     0         wool      0         ore       0         
dev       []
dev BLOCK []
Harbors   []
Roads          left      15        built     []
Settlements    left      5         built     []
Cities         left      4         built     []
2017-05-31 21:27:38.650 DEBUG model.players.Player 62 printPlayer - model.players.Ai@6d011403
id        3         color     NULL      name                status    CONNECTION_LOST
vp        0         road      false     army      false     
dev       0         dice      0         
res       0         lumber    0         brick     0         grain     0         wool      0         ore       0         
dev       []
dev BLOCK []
Harbors   []
Roads          left      15        built     []
Settlements    left      5         built     []
Cities         left      4         built     []
2017-05-31 21:27:38.652 DEBUG model.Management 43 printManagement - model.Management@55f675f
KI (1)    sum       0         lumber    0         brick     0         grain     0         wool      0         ore       0         
KI (2)    sum       0         lumber    0         brick     0         grain     0         wool      0         ore       0         
          sum       0         lumber    0         brick     0         grain     0         wool      0         ore       0         
[ M ]     sum       95        lumber    19        brick     19        grain     19        wool      19        ore       19        
