2017-02-12 16:07:53.695 TRACE model.players.Human 11 <init> - Enter model.players.Human@74e6f0ec
2017-02-12 16:07:53.698 DEBUG model.players.Player 62 printPlayer - model.players.Human@74e6f0ec
id        4         color     NULL      name                status    null      
vp        0         road      false     army      false     
dev       0         dice      0         
res       0         lumber    0         brick     0         grain     0         wool      0         ore       0         
dev       []
dev BLOCK []
Harbors   []
Roads          left      15        built     []
Settlements    left      5         built     []
Cities         left      4         built     []
2017-02-12 16:07:53.702 DEBUG model.players.Player 62 printPlayer - model.players.Human@74e6f0ec
id        4         color     NULL      name                status    START_GAME
vp        0         road      false     army      false     
dev       0         dice      0         
res       0         lumber    0         brick     0         grain     0         wool      0         ore       0         
dev       []
dev BLOCK []
Harbors   []
Roads          left      15        built     []
Settlements    left      5         built     []
Cities         left      4         built     []
2017-02-12 16:07:53.774 DEBUG model.players.Player 62 printPlayer - model.players.Human@74e6f0ec
id        4         color     NULL      name                status    START_GAME
vp        0         road      false     army      false     
dev       0         dice      0         
res       0         lumber    0         brick     0         grain     0         wool      0         ore       0         
dev       []
dev BLOCK []
Harbors   []
Roads          left      15        built     []
Settlements    left      5         built     []
Cities         left      4         built     []
2017-02-12 16:07:53.777 DEBUG model.players.Player 233 setGrain - model.players.Human@74e6f0ec [ id: 4 ] old: 0, new: 0
2017-02-12 16:07:53.778 DEBUG model.players.Player 255 setWool - model.players.Human@74e6f0ec [ id: 4 ] old: 0, new: 0
2017-02-12 16:07:53.778 DEBUG model.players.Player 189 setLumber - model.players.Human@74e6f0ec [ id: 4 ] old: 0, new: 0
2017-02-12 16:07:53.778 DEBUG model.players.Player 167 setBrick - model.players.Human@74e6f0ec [ id: 4 ] old: 0, new: 0
2017-02-12 16:07:53.778 DEBUG model.players.Player 211 setOre - model.players.Human@74e6f0ec [ id: 4 ] old: 0, new: 0
2017-02-12 16:07:53.779 INFO  model.players.Player 489 setKnightsDev - 0, 0 old and new value of knightDev Card. Knight card which is on the hand of ClientName: 
2017-02-12 16:07:53.791 TRACE model.players.Human 11 <init> - Enter model.players.Human@7a211000
2017-02-12 16:07:53.792 DEBUG model.players.Player 62 printPlayer - model.players.Human@7a211000
id        1         color     BLUE      name      KI (1)    status    null      
vp        0         road      false     army      false     
dev       0         dice      0         
res       0         lumber    0         brick     0         grain     0         wool      0         ore       0         
dev       []
dev BLOCK []
Harbors   []
Roads          left      15        built     []
Settlements    left      5         built     []
Cities         left      4         built     []
2017-02-12 16:07:53.793 DEBUG model.players.Player 62 printPlayer - model.players.Human@7a211000
id        1         color     BLUE      name      KI (1)    status    WAIT_FOR_GAME_START
vp        0         road      false     army      false     
dev       0         dice      0         
res       0         lumber    0         brick     0         grain     0         wool      0         ore       0         
dev       []
dev BLOCK []
Harbors   []
Roads          left      15        built     []
Settlements    left      5         built     []
Cities         left      4         built     []
2017-02-12 16:07:53.865 TRACE model.players.Human 11 <init> - Enter model.players.Human@5f7c041b
2017-02-12 16:07:53.866 DEBUG model.players.Player 62 printPlayer - model.players.Human@5f7c041b
id        2         color     RED       name      KI (2)    status    null      
vp        0         road      false     army      false     
dev       0         dice      0         
res       0         lumber    0         brick     0         grain     0         wool      0         ore       0         
dev       []
dev BLOCK []
Harbors   []
Roads          left      15        built     []
Settlements    left      5         built     []
Cities         left      4         built     []
2017-02-12 16:07:53.868 DEBUG model.players.Player 62 printPlayer - model.players.Human@5f7c041b
id        2         color     RED       name      KI (2)    status    WAIT_FOR_GAME_START
vp        0         road      false     army      false     
dev       0         dice      0         
res       0         lumber    0         brick     0         grain     0         wool      0         ore       0         
dev       []
dev BLOCK []
Harbors   []
Roads          left      15        built     []
Settlements    left      5         built     []
Cities         left      4         built     []
2017-02-12 16:07:53.882 TRACE model.players.Human 11 <init> - Enter model.players.Human@7e1e9b9c
2017-02-12 16:07:53.883 DEBUG model.players.Player 62 printPlayer - model.players.Human@7e1e9b9c
id        3         color     ORANGE    name      KI (3)    status    null      
vp        0         road      false     army      false     
dev       0         dice      0         
res       0         lumber    0         brick     0         grain     0         wool      0         ore       0         
dev       []
dev BLOCK []
Harbors   []
Roads          left      15        built     []
Settlements    left      5         built     []
Cities         left      4         built     []
2017-02-12 16:07:53.885 DEBUG model.players.Player 62 printPlayer - model.players.Human@7e1e9b9c
id        3         color     ORANGE    name      KI (3)    status    WAIT_FOR_GAME_START
vp        0         road      false     army      false     
dev       0         dice      0         
res       0         lumber    0         brick     0         grain     0         wool      0         ore       0         
dev       []
dev BLOCK []
Harbors   []
Roads          left      15        built     []
Settlements    left      5         built     []
Cities         left      4         built     []
2017-02-12 16:08:01.085 DEBUG model.players.Player 62 printPlayer - model.players.Human@74e6f0ec
id        4         color     WHITE     name      chris     status    START_GAME
vp        0         road      false     army      false     
dev       0         dice      0         
res       0         lumber    0         brick     0         grain     0         wool      0         ore       0         
dev       []
dev BLOCK []
Harbors   []
Roads          left      15        built     []
Settlements    left      5         built     []
Cities         left      4         built     []
2017-02-12 16:08:01.085 DEBUG model.players.Player 233 setGrain - model.players.Human@74e6f0ec [ id: 4 ] old: 0, new: 0
2017-02-12 16:08:01.086 DEBUG model.players.Player 255 setWool - model.players.Human@74e6f0ec [ id: 4 ] old: 0, new: 0
2017-02-12 16:08:01.086 DEBUG model.players.Player 189 setLumber - model.players.Human@74e6f0ec [ id: 4 ] old: 0, new: 0
2017-02-12 16:08:01.086 DEBUG model.players.Player 167 setBrick - model.players.Human@74e6f0ec [ id: 4 ] old: 0, new: 0
2017-02-12 16:08:01.086 DEBUG model.players.Player 211 setOre - model.players.Human@74e6f0ec [ id: 4 ] old: 0, new: 0
2017-02-12 16:08:01.086 INFO  model.players.Player 489 setKnightsDev - 0, 0 old and new value of knightDev Card. Knight card which is on the hand of ClientName: chris
2017-02-12 16:08:02.979 DEBUG model.players.Player 62 printPlayer - model.players.Human@74e6f0ec
id        4         color     WHITE     name      chris     status    WAIT_FOR_GAME_START
vp        0         road      false     army      false     
dev       0         dice      0         
res       0         lumber    0         brick     0         grain     0         wool      0         ore       0         
dev       []
dev BLOCK []
Harbors   []
Roads          left      15        built     []
Settlements    left      5         built     []
Cities         left      4         built     []
2017-02-12 16:08:02.980 DEBUG model.players.Player 233 setGrain - model.players.Human@74e6f0ec [ id: 4 ] old: 0, new: 0
2017-02-12 16:08:02.980 DEBUG model.players.Player 255 setWool - model.players.Human@74e6f0ec [ id: 4 ] old: 0, new: 0
2017-02-12 16:08:02.980 DEBUG model.players.Player 189 setLumber - model.players.Human@74e6f0ec [ id: 4 ] old: 0, new: 0
2017-02-12 16:08:02.980 DEBUG model.players.Player 167 setBrick - model.players.Human@74e6f0ec [ id: 4 ] old: 0, new: 0
2017-02-12 16:08:02.980 DEBUG model.players.Player 211 setOre - model.players.Human@74e6f0ec [ id: 4 ] old: 0, new: 0
2017-02-12 16:08:02.981 INFO  model.players.Player 489 setKnightsDev - 0, 0 old and new value of knightDev Card. Knight card which is on the hand of ClientName: chris
2017-02-12 16:08:03.084 INFO  model.board.Board 262 printBoardIDs - 
  null  null  null   {0}   {1}   {2}   {3}
  null  null   {4}   {5}   {6}   {7}   {8}
  null   {9}  {10}  {11}  {12}  {13}  {14}
  {15}  {16}  {17}  {18}  {19}  {20}  {21}
  {22}  {23}  {24}  {25}  {26}  {27}  null
  {28}  {29}  {30}  {31}  {32}  null  null
  {33}  {34}  {35}  {36}  null  null  null

2017-02-12 16:08:03.085 INFO  model.board.Board 339 printNumberTokens - 
  null  null  null  null  null  null  null
  null  null  null     6     2     5  null
  null  null     3     9     0    10  null
  null     8     4    11     3     8  null
  null    10     5     6     4  null  null
  null     9    12    11  null  null  null
  null  null  null  null  null  null  null

2017-02-12 16:08:03.088 INFO  model.board.Board 280 printBoardSpecialCo - 
(     )(     )(     )( 0,-3)( 1,-3)( 2,-3)( 3,-3)
(     )(     )(-1,-2)( 0,-2)( 1,-2)( 2,-2)( 3,-2)
(     )(-2,-1)(-1,-1)( 0,-1)( 1,-1)( 2,-1)( 3,-1)
(-3, 0)(-2, 0)(-1, 0)( 0, 0)( 1, 0)( 2, 0)( 3, 0)
(-3, 1)(-2, 1)(-1, 1)( 0, 1)( 1, 1)( 2, 1)(     )
(-3, 2)(-2, 2)(-1, 2)( 0, 2)( 1, 2)(     )(     )
(-3, 3)(-2, 3)(-1, 3)( 0, 3)(     )(     )(     )

2017-02-12 16:08:03.090 INFO  model.board.Board 300 printTileNeighbors - 
Row: 0
                          null : 
                          null : 
                          null : 
      model.board.Sea@603cc9f0 : [model.board.Sea@75ee718c, model.board.Hill@3819e4d2, model.board.Sea@7fa7316]
      model.board.Sea@75ee718c : [model.board.Field@18f4950, model.board.Hill@3819e4d2, model.board.Sea@603cc9f0, model.board.Sea@76b3afc]
       model.board.Sea@76b3afc : [model.board.Sea@75ee718c, model.board.Pasture@702361b7, model.board.Field@18f4950, model.board.Sea@2495de66]
      model.board.Sea@2495de66 : [model.board.Sea@5f2bd66d, model.board.Pasture@702361b7, model.board.Sea@76b3afc]
Row: 1
                          null : 
                          null : 
       model.board.Sea@7fa7316 : [model.board.Hill@3819e4d2, model.board.Field@149bbae, model.board.Sea@6a8c5ce9, model.board.Sea@603cc9f0]
     model.board.Hill@3819e4d2 : [model.board.Sea@75ee718c, model.board.Field@18f4950, model.board.Pasture@6060d930, model.board.Field@149bbae, model.board.Sea@7fa7316, model.board.Sea@603cc9f0]
     model.board.Field@18f4950 : [model.board.Sea@75ee718c, model.board.Pasture@702361b7, model.board.Desert@61f9e3ef, model.board.Pasture@6060d930, model.board.Hill@3819e4d2, model.board.Sea@76b3afc]
  model.board.Pasture@702361b7 : [model.board.Sea@5f2bd66d, model.board.Hill@2da1a0b5, model.board.Desert@61f9e3ef, model.board.Field@18f4950, model.board.Sea@76b3afc, model.board.Sea@2495de66]
      model.board.Sea@5f2bd66d : [model.board.Sea@25c2dafc, model.board.Hill@2da1a0b5, model.board.Pasture@702361b7, model.board.Sea@2495de66]
Row: 2
                          null : 
      model.board.Sea@6a8c5ce9 : [model.board.Sea@7fa7316, model.board.Field@149bbae, model.board.Sea@438d2e2d, model.board.Field@6d454b28]
     model.board.Field@149bbae : [model.board.Mountain@4dc1fa3d, model.board.Sea@7fa7316, model.board.Hill@3819e4d2, model.board.Pasture@6060d930, model.board.Sea@6a8c5ce9, model.board.Field@6d454b28]
  model.board.Pasture@6060d930 : [model.board.Mountain@4dc1fa3d, model.board.Hill@3819e4d2, model.board.Field@18f4950, model.board.Desert@61f9e3ef, model.board.Field@149bbae, model.board.Hill@7ee7cc43]
   model.board.Desert@61f9e3ef : [model.board.Field@18f4950, model.board.Pasture@702361b7, model.board.Hill@2da1a0b5, model.board.Pasture@6060d930, model.board.Hill@7ee7cc43, model.board.Mountain@54b169f4]
     model.board.Hill@2da1a0b5 : [model.board.Pasture@702361b7, model.board.Sea@5f2bd66d, model.board.Sea@25c2dafc, model.board.Pasture@136a7441, model.board.Desert@61f9e3ef, model.board.Mountain@54b169f4]
      model.board.Sea@25c2dafc : [model.board.Sea@5f2bd66d, model.board.Sea@51b86403, model.board.Pasture@136a7441, model.board.Hill@2da1a0b5]
Row: 3
      model.board.Sea@438d2e2d : [model.board.Sea@6a8c5ce9, model.board.Sea@11fd3fa3, model.board.Field@6d454b28]
    model.board.Field@6d454b28 : [model.board.Mountain@4dc1fa3d, model.board.Sea@6a8c5ce9, model.board.Field@149bbae, model.board.Forest@4edc1aa1, model.board.Sea@11fd3fa3, model.board.Sea@438d2e2d]
 model.board.Mountain@4dc1fa3d : [model.board.Field@149bbae, model.board.Pasture@6060d930, model.board.Forest@ed4a747, model.board.Forest@4edc1aa1, model.board.Field@6d454b28, model.board.Hill@7ee7cc43]
     model.board.Hill@7ee7cc43 : [model.board.Mountain@4dc1fa3d, model.board.Pasture@6060d930, model.board.Desert@61f9e3ef, model.board.Field@1cde52e2, model.board.Forest@ed4a747, model.board.Mountain@54b169f4]
 model.board.Mountain@54b169f4 : [model.board.Desert@61f9e3ef, model.board.Hill@2da1a0b5, model.board.Pasture@136a7441, model.board.Mountain@64a676fd, model.board.Field@1cde52e2, model.board.Hill@7ee7cc43]
  model.board.Pasture@136a7441 : [model.board.Hill@2da1a0b5, model.board.Sea@25c2dafc, model.board.Sea@51b86403, model.board.Sea@4a0161da, model.board.Mountain@64a676fd, model.board.Mountain@54b169f4]
      model.board.Sea@51b86403 : [model.board.Sea@25c2dafc, model.board.Sea@4a0161da, model.board.Pasture@136a7441]
Row: 4
      model.board.Sea@11fd3fa3 : [model.board.Sea@438d2e2d, model.board.Forest@4edc1aa1, model.board.Sea@61c40942, model.board.Field@6d454b28]
   model.board.Forest@4edc1aa1 : [model.board.Mountain@4dc1fa3d, model.board.Forest@ed4a747, model.board.Forest@f631eda, model.board.Sea@61c40942, model.board.Sea@11fd3fa3, model.board.Field@6d454b28]
    model.board.Forest@ed4a747 : [model.board.Mountain@4dc1fa3d, model.board.Field@1cde52e2, model.board.Forest@58259055, model.board.Forest@f631eda, model.board.Forest@4edc1aa1, model.board.Hill@7ee7cc43]
    model.board.Field@1cde52e2 : [model.board.Mountain@64a676fd, model.board.Pasture@19eb253a, model.board.Forest@58259055, model.board.Forest@ed4a747, model.board.Hill@7ee7cc43, model.board.Mountain@54b169f4]
 model.board.Mountain@64a676fd : [model.board.Pasture@136a7441, model.board.Sea@4a0161da, model.board.Pasture@19eb253a, model.board.Field@1cde52e2, model.board.Sea@58a4a15c, model.board.Mountain@54b169f4]
      model.board.Sea@4a0161da : [model.board.Pasture@136a7441, model.board.Sea@51b86403, model.board.Mountain@64a676fd, model.board.Sea@58a4a15c]
                          null : 
Row: 5
      model.board.Sea@61c40942 : [model.board.Sea@4f26f15c, model.board.Sea@11fd3fa3, model.board.Forest@4edc1aa1, model.board.Forest@f631eda]
    model.board.Forest@f631eda : [model.board.Sea@4f26f15c, model.board.Forest@4edc1aa1, model.board.Forest@ed4a747, model.board.Forest@58259055, model.board.Sea@61c40942, model.board.Sea@3bf567d5]
   model.board.Forest@58259055 : [model.board.Forest@ed4a747, model.board.Field@1cde52e2, model.board.Pasture@19eb253a, model.board.Forest@f631eda, model.board.Sea@3bf567d5, model.board.Sea@7bf75764]
  model.board.Pasture@19eb253a : [model.board.Field@1cde52e2, model.board.Mountain@64a676fd, model.board.Sea@624a707, model.board.Forest@58259055, model.board.Sea@58a4a15c, model.board.Sea@7bf75764]
      model.board.Sea@58a4a15c : [model.board.Mountain@64a676fd, model.board.Sea@4a0161da, model.board.Sea@624a707, model.board.Pasture@19eb253a]
                          null : 
                          null : 
Row: 6
      model.board.Sea@4f26f15c : [model.board.Sea@61c40942, model.board.Forest@f631eda, model.board.Sea@3bf567d5]
      model.board.Sea@3bf567d5 : [model.board.Sea@4f26f15c, model.board.Forest@f631eda, model.board.Forest@58259055, model.board.Sea@7bf75764]
      model.board.Sea@7bf75764 : [model.board.Forest@58259055, model.board.Pasture@19eb253a, model.board.Sea@624a707, model.board.Sea@3bf567d5]
       model.board.Sea@624a707 : [model.board.Pasture@19eb253a, model.board.Sea@58a4a15c, model.board.Sea@7bf75764]
                          null : 
                          null : 
                          null : 

2017-02-12 16:08:03.092 INFO  model.board.Board 321 printPorts - 
         {4} : WOOL
        {36} : ORE
         {1} : GENERIC
        {14} : GRAIN
        {15} : GENERIC
        {27} : LUMBER
        {28} : GENERIC
        {34} : GENERIC
         {3} : BRICK

{22, 23, 28} : GENERIC
{15, 16, 22} : GENERIC
   {1, 5, 6} : GENERIC
{13, 14, 20} : GRAIN
{20, 26, 27} : LUMBER
{31, 32, 36} : ORE
{31, 35, 36} : ORE
 {8, 13, 14} : GRAIN
{23, 28, 29} : GENERIC
 {9, 15, 16} : GENERIC
{26, 27, 32} : LUMBER
{29, 33, 34} : GENERIC
{29, 30, 34} : GENERIC
   {3, 7, 8} : BRICK
   {2, 3, 7} : BRICK
  {4, 5, 10} : WOOL
   {0, 4, 5} : WOOL
   {0, 1, 5} : GENERIC

2017-02-12 16:08:06.104 DEBUG model.players.Player 62 printPlayer - model.players.Human@7a211000
id        1         color     BLUE      name      KI (1)    status    WAIT      
vp        0         road      false     army      false     
dev       0         dice      6         
res       0         lumber    0         brick     0         grain     0         wool      0         ore       0         
dev       []
dev BLOCK []
Harbors   []
Roads          left      15        built     []
Settlements    left      5         built     []
Cities         left      4         built     []
2017-02-12 16:08:06.105 DEBUG model.Management 42 printManagement - model.Management@6eab114a
KI (1)    sum       0         lumber    0         brick     0         grain     0         wool      0         ore       0         
KI (2)    sum       0         lumber    0         brick     0         grain     0         wool      0         ore       0         
KI (3)    sum       0         lumber    0         brick     0         grain     0         wool      0         ore       0         
chris     sum       0         lumber    0         brick     0         grain     0         wool      0         ore       0         
[ M ]     sum       95        lumber    19        brick     19        grain     19        wool      19        ore       19        
2017-02-12 16:08:06.190 DEBUG model.players.Player 62 printPlayer - model.players.Human@7e1e9b9c
id        3         color     ORANGE    name      KI (3)    status    WAIT      
vp        0         road      false     army      false     
dev       0         dice      8         
res       0         lumber    0         brick     0         grain     0         wool      0         ore       0         
dev       []
dev BLOCK []
Harbors   []
Roads          left      15        built     []
Settlements    left      5         built     []
Cities         left      4         built     []
2017-02-12 16:08:06.191 DEBUG model.Management 42 printManagement - model.Management@6eab114a
KI (1)    sum       0         lumber    0         brick     0         grain     0         wool      0         ore       0         
KI (2)    sum       0         lumber    0         brick     0         grain     0         wool      0         ore       0         
KI (3)    sum       0         lumber    0         brick     0         grain     0         wool      0         ore       0         
chris     sum       0         lumber    0         brick     0         grain     0         wool      0         ore       0         
[ M ]     sum       95        lumber    19        brick     19        grain     19        wool      19        ore       19        
2017-02-12 16:08:06.196 DEBUG model.players.Player 62 printPlayer - model.players.Human@74e6f0ec
id        4         color     WHITE     name      chris     status    WAIT      
vp        0         road      false     army      false     
dev       0         dice      7         
res       0         lumber    0         brick     0         grain     0         wool      0         ore       0         
dev       []
dev BLOCK []
Harbors   []
Roads          left      15        built     []
Settlements    left      5         built     []
Cities         left      4         built     []
2017-02-12 16:08:06.197 DEBUG model.Management 42 printManagement - model.Management@6eab114a
KI (1)    sum       0         lumber    0         brick     0         grain     0         wool      0         ore       0         
KI (2)    sum       0         lumber    0         brick     0         grain     0         wool      0         ore       0         
KI (3)    sum       0         lumber    0         brick     0         grain     0         wool      0         ore       0         
chris     sum       0         lumber    0         brick     0         grain     0         wool      0         ore       0         
[ M ]     sum       95        lumber    19        brick     19        grain     19        wool      19        ore       19        
2017-02-12 16:08:06.197 DEBUG model.players.Player 233 setGrain - model.players.Human@74e6f0ec [ id: 4 ] old: 0, new: 0
2017-02-12 16:08:06.197 DEBUG model.players.Player 255 setWool - model.players.Human@74e6f0ec [ id: 4 ] old: 0, new: 0
2017-02-12 16:08:06.197 DEBUG model.players.Player 189 setLumber - model.players.Human@74e6f0ec [ id: 4 ] old: 0, new: 0
2017-02-12 16:08:06.198 DEBUG model.players.Player 167 setBrick - model.players.Human@74e6f0ec [ id: 4 ] old: 0, new: 0
2017-02-12 16:08:06.198 DEBUG model.players.Player 211 setOre - model.players.Human@74e6f0ec [ id: 4 ] old: 0, new: 0
2017-02-12 16:08:06.198 INFO  model.players.Player 489 setKnightsDev - 0, 0 old and new value of knightDev Card. Knight card which is on the hand of ClientName: chris
2017-02-12 16:08:06.280 DEBUG model.players.Player 62 printPlayer - model.players.Human@5f7c041b
id        2         color     RED       name      KI (2)    status    BUILD_SETTLEMENT
vp        0         road      false     army      false     
dev       0         dice      9         
res       0         lumber    0         brick     0         grain     0         wool      0         ore       0         
dev       []
dev BLOCK []
Harbors   []
Roads          left      15        built     []
Settlements    left      5         built     []
Cities         left      4         built     []
2017-02-12 16:08:06.281 DEBUG model.Management 42 printManagement - model.Management@6eab114a
KI (1)    sum       0         lumber    0         brick     0         grain     0         wool      0         ore       0         
KI (2)    sum       0         lumber    0         brick     0         grain     0         wool      0         ore       0         
KI (3)    sum       0         lumber    0         brick     0         grain     0         wool      0         ore       0         
chris     sum       0         lumber    0         brick     0         grain     0         wool      0         ore       0         
[ M ]     sum       95        lumber    19        brick     19        grain     19        wool      19        ore       19        
2017-02-12 16:08:06.287 INFO  model.players.Player 945 buildSettlementFORCE - KI (2): {18, 24, 25}
2017-02-12 16:08:06.370 DEBUG model.players.Player 62 printPlayer - model.players.Human@5f7c041b
id        2         color     RED       name      KI (2)    status    BUILD_STREET
vp        0         road      false     army      false     
dev       0         dice      9         
res       0         lumber    0         brick     0         grain     0         wool      0         ore       0         
dev       []
dev BLOCK []
Harbors   []
Roads          left      15        built     []
Settlements    left      4         built     [{18, 24, 25}]
Cities         left      4         built     []
2017-02-12 16:08:06.371 DEBUG model.Management 42 printManagement - model.Management@6eab114a
KI (1)    sum       0         lumber    0         brick     0         grain     0         wool      0         ore       0         
KI (2)    sum       0         lumber    0         brick     0         grain     0         wool      0         ore       0         
KI (3)    sum       0         lumber    0         brick     0         grain     0         wool      0         ore       0         
chris     sum       0         lumber    0         brick     0         grain     0         wool      0         ore       0         
[ M ]     sum       95        lumber    19        brick     19        grain     19        wool      19        ore       19        
2017-02-12 16:08:06.376 INFO  model.players.Player 979 buildStreetFORCE - KI (2): {18, 25}
2017-02-12 16:08:06.456 DEBUG model.players.Player 62 printPlayer - model.players.Human@5f7c041b
id        2         color     RED       name      KI (2)    status    WAIT      
vp        1         road      false     army      false     
dev       0         dice      9         
res       0         lumber    0         brick     0         grain     0         wool      0         ore       0         
dev       []
dev BLOCK []
Harbors   []
Roads          left      14        built     [{18, 25}]
Settlements    left      4         built     [{18, 24, 25}]
Cities         left      4         built     []
2017-02-12 16:08:06.457 DEBUG model.Management 42 printManagement - model.Management@6eab114a
KI (1)    sum       0         lumber    0         brick     0         grain     0         wool      0         ore       0         
KI (2)    sum       0         lumber    0         brick     0         grain     0         wool      0         ore       0         
KI (3)    sum       0         lumber    0         brick     0         grain     0         wool      0         ore       0         
chris     sum       0         lumber    0         brick     0         grain     0         wool      0         ore       0         
[ M ]     sum       95        lumber    19        brick     19        grain     19        wool      19        ore       19        
2017-02-12 16:08:06.463 DEBUG model.players.Player 62 printPlayer - model.players.Human@7e1e9b9c
id        3         color     ORANGE    name      KI (3)    status    BUILD_SETTLEMENT
vp        0         road      false     army      false     
dev       0         dice      8         
res       0         lumber    0         brick     0         grain     0         wool      0         ore       0         
dev       []
dev BLOCK []
Harbors   []
Roads          left      15        built     []
Settlements    left      5         built     []
Cities         left      4         built     []
2017-02-12 16:08:06.464 DEBUG model.Management 42 printManagement - model.Management@6eab114a
KI (1)    sum       0         lumber    0         brick     0         grain     0         wool      0         ore       0         
KI (2)    sum       0         lumber    0         brick     0         grain     0         wool      0         ore       0         
KI (3)    sum       0         lumber    0         brick     0         grain     0         wool      0         ore       0         
chris     sum       0         lumber    0         brick     0         grain     0         wool      0         ore       0         
[ M ]     sum       95        lumber    19        brick     19        grain     19        wool      19        ore       19        
2017-02-12 16:08:06.548 INFO  model.players.Player 945 buildSettlementFORCE - KI (3): {16, 17, 23}
2017-02-12 16:08:06.555 DEBUG model.players.Player 62 printPlayer - model.players.Human@7e1e9b9c
id        3         color     ORANGE    name      KI (3)    status    BUILD_STREET
vp        0         road      false     army      false     
dev       0         dice      8         
res       0         lumber    0         brick     0         grain     0         wool      0         ore       0         
dev       []
dev BLOCK []
Harbors   []
Roads          left      15        built     []
Settlements    left      4         built     [{16, 17, 23}]
Cities         left      4         built     []
2017-02-12 16:08:06.555 DEBUG model.Management 42 printManagement - model.Management@6eab114a
KI (1)    sum       0         lumber    0         brick     0         grain     0         wool      0         ore       0         
KI (2)    sum       0         lumber    0         brick     0         grain     0         wool      0         ore       0         
KI (3)    sum       0         lumber    0         brick     0         grain     0         wool      0         ore       0         
chris     sum       0         lumber    0         brick     0         grain     0         wool      0         ore       0         
[ M ]     sum       95        lumber    19        brick     19        grain     19        wool      19        ore       19        
2017-02-12 16:08:06.638 INFO  model.players.Player 979 buildStreetFORCE - KI (3): {17, 23}
2017-02-12 16:08:06.642 DEBUG model.players.Player 62 printPlayer - model.players.Human@7e1e9b9c
id        3         color     ORANGE    name      KI (3)    status    WAIT      
vp        1         road      false     army      false     
dev       0         dice      8         
res       0         lumber    0         brick     0         grain     0         wool      0         ore       0         
dev       []
dev BLOCK []
Harbors   []
Roads          left      14        built     [{17, 23}]
Settlements    left      4         built     [{16, 17, 23}]
Cities         left      4         built     []
2017-02-12 16:08:06.642 DEBUG model.Management 42 printManagement - model.Management@6eab114a
KI (1)    sum       0         lumber    0         brick     0         grain     0         wool      0         ore       0         
KI (2)    sum       0         lumber    0         brick     0         grain     0         wool      0         ore       0         
KI (3)    sum       0         lumber    0         brick     0         grain     0         wool      0         ore       0         
chris     sum       0         lumber    0         brick     0         grain     0         wool      0         ore       0         
[ M ]     sum       95        lumber    19        brick     19        grain     19        wool      19        ore       19        
2017-02-12 16:08:06.724 DEBUG model.players.Player 62 printPlayer - model.players.Human@74e6f0ec
id        4         color     WHITE     name      chris     status    BUILD_SETTLEMENT
vp        0         road      false     army      false     
dev       0         dice      7         
res       0         lumber    0         brick     0         grain     0         wool      0         ore       0         
dev       []
dev BLOCK []
Harbors   []
Roads          left      15        built     []
Settlements    left      5         built     []
Cities         left      4         built     []
2017-02-12 16:08:06.725 DEBUG model.Management 42 printManagement - model.Management@6eab114a
KI (1)    sum       0         lumber    0         brick     0         grain     0         wool      0         ore       0         
KI (2)    sum       0         lumber    0         brick     0         grain     0         wool      0         ore       0         
KI (3)    sum       0         lumber    0         brick     0         grain     0         wool      0         ore       0         
chris     sum       0         lumber    0         brick     0         grain     0         wool      0         ore       0         
[ M ]     sum       95        lumber    19        brick     19        grain     19        wool      19        ore       19        
2017-02-12 16:08:06.726 DEBUG model.players.Player 233 setGrain - model.players.Human@74e6f0ec [ id: 4 ] old: 0, new: 0
2017-02-12 16:08:06.726 DEBUG model.players.Player 255 setWool - model.players.Human@74e6f0ec [ id: 4 ] old: 0, new: 0
2017-02-12 16:08:06.726 DEBUG model.players.Player 189 setLumber - model.players.Human@74e6f0ec [ id: 4 ] old: 0, new: 0
2017-02-12 16:08:06.727 DEBUG model.players.Player 167 setBrick - model.players.Human@74e6f0ec [ id: 4 ] old: 0, new: 0
2017-02-12 16:08:06.727 DEBUG model.players.Player 211 setOre - model.players.Human@74e6f0ec [ id: 4 ] old: 0, new: 0
2017-02-12 16:08:06.727 INFO  model.players.Player 489 setKnightsDev - 0, 0 old and new value of knightDev Card. Knight card which is on the hand of ClientName: chris
2017-02-12 16:08:06.727 INFO  model.players.Player 892 getBuildableSettlements - start settlement 46
2017-02-12 16:08:06.729 INFO  model.players.Player 892 getBuildableSettlements - start settlement 46
