2017-02-12 16:07:53.666 INFO  network.client.Client 93 connect - Socket[addr=ChrisMacBookPro2016/192.168.2.106,port=10003,localport=53863]
2017-02-12 16:07:53.670 INFO  network.client.Client 104 connect - Connected to ChrisMacBookPro2016, 10003
2017-02-12 16:07:53.685 INFO  network.client.Client 153 sendMsg - {"Hallo":{"Version":"JavaFXClient 1.0 (DichteFideleLurche)"}}
2017-02-12 16:07:53.686 INFO  network.client.Client 180 receiveMsg - {"Hallo":{"Protokoll":"1.0","Version":"Catan-Server (DichteFideleForste"}}
2017-02-12 16:07:53.690 INFO  network.client.ClientListener 504 myId - Human.
2017-02-12 16:07:53.702 INFO  network.client.Client 180 receiveMsg - {"Willkommen":{"id":4}}
2017-02-12 16:07:53.779 INFO  network.client.Client 180 receiveMsg - {"Statusupdate":{"Spieler":{"Status":"Spiel starten","Rittermacht":0,"Längste Handelsstraße":false,"Siegpunkte":0,"Rohstoffe":{"Getreide":0,"Wolle":0,"Holz":0,"Lehm":0,"Erz":0},"id":4,"Entwicklungskarten":{"Straßenbau":0,"Erfindung":0,"Monopol":0,"Ritter":0,"Siegpunkt":0},"Größte Rittermacht":false}}}
2017-02-12 16:07:53.794 INFO  network.client.Client 180 receiveMsg - {"Statusupdate":{"Spieler":{"Status":"Wartet auf Spielbeginn","Rittermacht":0,"Farbe":"Blau","Längste Handelsstraße":false,"Siegpunkte":0,"Rohstoffe":{"Unbekannt":0},"id":1,"Entwicklungskarten":{"Unbekannt":0},"Name":"KI (1)","Größte Rittermacht":false}}}
2017-02-12 16:07:53.868 INFO  network.client.Client 180 receiveMsg - {"Statusupdate":{"Spieler":{"Status":"Wartet auf Spielbeginn","Rittermacht":0,"Farbe":"Rot","Längste Handelsstraße":false,"Siegpunkte":0,"Rohstoffe":{"Unbekannt":0},"id":2,"Entwicklungskarten":{"Unbekannt":0},"Name":"KI (2)","Größte Rittermacht":false}}}
2017-02-12 16:07:53.885 INFO  network.client.Client 180 receiveMsg - {"Statusupdate":{"Spieler":{"Status":"Wartet auf Spielbeginn","Rittermacht":0,"Farbe":"Orange","Längste Handelsstraße":false,"Siegpunkte":0,"Rohstoffe":{"Unbekannt":0},"id":3,"Entwicklungskarten":{"Unbekannt":0},"Name":"KI (3)","Größte Rittermacht":false}}}
2017-02-12 16:08:01.082 INFO  network.client.Client 153 sendMsg - {"Spieler":{"Farbe":"Weiß","Name":"chris"}}
2017-02-12 16:08:01.083 INFO  network.client.Client 180 receiveMsg - {"Serverantwort":"OK"}
2017-02-12 16:08:01.087 INFO  network.client.Client 180 receiveMsg - {"Statusupdate":{"Spieler":{"Status":"Spiel starten","Rittermacht":0,"Farbe":"Weiß","Längste Handelsstraße":false,"Siegpunkte":0,"Rohstoffe":{"Getreide":0,"Wolle":0,"Holz":0,"Lehm":0,"Erz":0},"id":4,"Entwicklungskarten":{"Straßenbau":0,"Erfindung":0,"Monopol":0,"Ritter":0,"Siegpunkt":0},"Name":"chris","Größte Rittermacht":false}}}
2017-02-12 16:08:02.975 INFO  network.client.Client 153 sendMsg - {"Spiel starten":{}}
2017-02-12 16:08:02.977 INFO  network.client.Client 180 receiveMsg - {"Serverantwort":"OK"}
2017-02-12 16:08:02.981 INFO  network.client.Client 180 receiveMsg - {"Statusupdate":{"Spieler":{"Status":"Wartet auf Spielbeginn","Rittermacht":0,"Farbe":"Weiß","Längste Handelsstraße":false,"Siegpunkte":0,"Rohstoffe":{"Getreide":0,"Wolle":0,"Holz":0,"Lehm":0,"Erz":0},"id":4,"Entwicklungskarten":{"Straßenbau":0,"Erfindung":0,"Monopol":0,"Ritter":0,"Siegpunkt":0},"Name":"chris","Größte Rittermacht":false}}}
2017-02-12 16:08:03.069 INFO  network.client.Client 180 receiveMsg - {"Würfelwurf":{"Spieler":1,"Wurf":[3,3]}}
2017-02-12 16:08:03.079 INFO  network.Interpreter 328 axialToEdgeOrCorner - [{"x":-3,"y":2},{"x":-2,"y":2}]. {4, 5}
2017-02-12 16:08:03.080 INFO  network.Interpreter 328 axialToEdgeOrCorner - [{"x":2,"y":-2},{"x":3,"y":-3}]. {31, 36}
2017-02-12 16:08:03.081 INFO  network.Interpreter 328 axialToEdgeOrCorner - [{"x":-2,"y":3},{"x":-2,"y":2}]. {1, 5}
2017-02-12 16:08:03.081 INFO  network.Interpreter 328 axialToEdgeOrCorner - [{"x":1,"y":1},{"x":2,"y":1}]. {13, 14}
2017-02-12 16:08:03.081 INFO  network.Interpreter 328 axialToEdgeOrCorner - [{"x":-3,"y":0},{"x":-2,"y":0}]. {15, 16}
2017-02-12 16:08:03.082 INFO  network.Interpreter 328 axialToEdgeOrCorner - [{"x":2,"y":-1},{"x":3,"y":-1}]. {26, 27}
2017-02-12 16:08:03.082 INFO  network.Interpreter 328 axialToEdgeOrCorner - [{"x":-1,"y":-1},{"x":-1,"y":-2}]. {23, 28}
2017-02-12 16:08:03.082 INFO  network.Interpreter 328 axialToEdgeOrCorner - [{"x":0,"y":-2},{"x":1,"y":-3}]. {29, 34}
2017-02-12 16:08:03.083 INFO  network.Interpreter 328 axialToEdgeOrCorner - [{"x":0,"y":3},{"x":0,"y":2}]. {3, 7}
2017-02-12 16:08:03.101 INFO  network.client.Client 180 receiveMsg - {"Spiel gestartet":{"Karte":{"Felder":[{"Ort":{"x":-3,"y":2},"Typ":"Meer"},{"Ort":{"x":2,"y":0},"Zahl":8,"Typ":"Weideland"},{"Ort":{"x":3,"y":-3},"Typ":"Meer"},{"Ort":{"x":-2,"y":3},"Typ":"Meer"},{"Ort":{"x":-1,"y":0},"Zahl":4,"Typ":"Gebirge"},{"Ort":{"x":0,"y":-3},"Typ":"Meer"},{"Ort":{"x":2,"y":1},"Typ":"Meer"},{"Ort":{"x":-3,"y":1},"Typ":"Meer"},{"Ort":{"x":-1,"y":2},"Zahl":2,"Typ":"Ackerland"},{"Ort":{"x":0,"y":2},"Zahl":5,"Typ":"Weideland"},{"Ort":{"x":1,"y":2},"Typ":"Meer"},{"Ort":{"x":-2,"y":1},"Zahl":3,"Typ":"Ackerland"},{"Ort":{"x":2,"y":-2},"Zahl":11,"Typ":"Weideland"},{"Ort":{"x":-1,"y":1},"Zahl":9,"Typ":"Weideland"},{"Ort":{"x":0,"y":1},"Typ":"Wüste"},{"Ort":{"x":1,"y":1},"Zahl":10,"Typ":"Hügelland"},{"Ort":{"x":-3,"y":0},"Typ":"Meer"},{"Ort":{"x":-2,"y":-1},"Typ":"Meer"},{"Ort":{"x":-1,"y":-1},"Zahl":10,"Typ":"Wald"},{"Ort":{"x":0,"y":-1},"Zahl":5,"Typ":"Wald"},{"Ort":{"x":1,"y":-1},"Zahl":6,"Typ":"Ackerland"},{"Ort":{"x":2,"y":-1},"Zahl":4,"Typ":"Gebirge"},{"Ort":{"x":3,"y":-1},"Typ":"Meer"},{"Ort":{"x":-1,"y":-2},"Typ":"Meer"},{"Ort":{"x":0,"y":-2},"Zahl":9,"Typ":"Wald"},{"Ort":{"x":1,"y":-2},"Zahl":12,"Typ":"Wald"},{"Ort":{"x":-3,"y":3},"Typ":"Meer"},{"Ort":{"x":-2,"y":0},"Zahl":8,"Typ":"Ackerland"},{"Ort":{"x":3,"y":-2},"Typ":"Meer"},{"Ort":{"x":-1,"y":3},"Typ":"Meer"},{"Ort":{"x":0,"y":0},"Zahl":11,"Typ":"Hügelland"},{"Ort":{"x":1,"y":-3},"Typ":"Meer"},{"Ort":{"x":0,"y":3},"Typ":"Meer"},{"Ort":{"x":1,"y":0},"Zahl":3,"Typ":"Gebirge"},{"Ort":{"x":2,"y":-3},"Typ":"Meer"},{"Ort":{"x":-2,"y":2},"Zahl":6,"Typ":"Hügelland"},{"Ort":{"x":3,"y":0},"Typ":"Meer"}],"Gebäude":[],"Häfen":[{"Ort":[{"x":-3,"y":2},{"x":-2,"y":2}],"Typ":"Wolle Hafen"},{"Ort":[{"x":2,"y":-2},{"x":3,"y":-3}],"Typ":"Erz Hafen"},{"Ort":[{"x":-2,"y":3},{"x":-2,"y":2}],"Typ":"Hafen"},{"Ort":[{"x":1,"y":1},{"x":2,"y":1}],"Typ":"Getreide Hafen"},{"Ort":[{"x":-3,"y":0},{"x":-2,"y":0}],"Typ":"Hafen"},{"Ort":[{"x":2,"y":-1},{"x":3,"y":-1}],"Typ":"Holz Hafen"},{"Ort":[{"x":-1,"y":-1},{"x":-1,"y":-2}],"Typ":"Hafen"},{"Ort":[{"x":0,"y":-2},{"x":1,"y":-3}],"Typ":"Hafen"},{"Ort":[{"x":0,"y":3},{"x":0,"y":2}],"Typ":"Lehm Hafen"}],"Räuber":{"x":0,"y":1}}}}
2017-02-12 16:08:06.015 INFO  network.client.Client 180 receiveMsg - {"Würfelwurf":{"Spieler":3,"Wurf":[4,4]}}
2017-02-12 16:08:06.015 INFO  network.client.Client 180 receiveMsg - {"Würfelwurf":{"Spieler":2,"Wurf":[4,5]}}
2017-02-12 16:08:06.103 INFO  network.client.Client 180 receiveMsg - {"Würfelwurf":{"Spieler":4,"Wurf":[2,5]}}
2017-02-12 16:08:06.107 INFO  network.client.Client 180 receiveMsg - {"Statusupdate":{"Spieler":{"Status":"Warten","Rittermacht":0,"Farbe":"Blau","Längste Handelsstraße":false,"Siegpunkte":0,"Rohstoffe":{"Unbekannt":0},"id":1,"Entwicklungskarten":{"Unbekannt":0},"Name":"KI (1)","Größte Rittermacht":false}}}
2017-02-12 16:08:06.192 INFO  network.client.Client 180 receiveMsg - {"Statusupdate":{"Spieler":{"Status":"Warten","Rittermacht":0,"Farbe":"Orange","Längste Handelsstraße":false,"Siegpunkte":0,"Rohstoffe":{"Unbekannt":0},"id":3,"Entwicklungskarten":{"Unbekannt":0},"Name":"KI (3)","Größte Rittermacht":false}}}
2017-02-12 16:08:06.198 INFO  network.client.Client 180 receiveMsg - {"Statusupdate":{"Spieler":{"Status":"Warten","Rittermacht":0,"Farbe":"Weiß","Längste Handelsstraße":false,"Siegpunkte":0,"Rohstoffe":{"Getreide":0,"Wolle":0,"Holz":0,"Lehm":0,"Erz":0},"id":4,"Entwicklungskarten":{"Straßenbau":0,"Erfindung":0,"Monopol":0,"Ritter":0,"Siegpunkt":0},"Name":"chris","Größte Rittermacht":false}}}
2017-02-12 16:08:06.281 INFO  network.client.Client 180 receiveMsg - {"Statusupdate":{"Spieler":{"Status":"Dorf bauen","Rittermacht":0,"Farbe":"Rot","Längste Handelsstraße":false,"Siegpunkte":0,"Rohstoffe":{"Unbekannt":0},"id":2,"Entwicklungskarten":{"Unbekannt":0},"Name":"KI (2)","Größte Rittermacht":false}}}
2017-02-12 16:08:06.286 INFO  network.Interpreter 328 axialToEdgeOrCorner - [{"x":0,"y":0},{"x":0,"y":-1},{"x":1,"y":-1}]. {18, 24, 25}
2017-02-12 16:08:06.287 INFO  network.Interpreter 328 axialToEdgeOrCorner - [{"x":0,"y":0},{"x":0,"y":-1},{"x":1,"y":-1}]. {18, 24, 25}
2017-02-12 16:08:06.287 INFO  network.client.ClientListener 1102 build - Dorf - [{"x":0,"y":0},{"x":0,"y":-1},{"x":1,"y":-1}] - {18, 24, 25}
2017-02-12 16:08:06.287 INFO  network.client.Client 180 receiveMsg - {"Bauvorgang":{"Gebäude":{"Ort":[{"x":0,"y":0},{"x":0,"y":-1},{"x":1,"y":-1}],"Eigentümer":2,"Typ":"Dorf"}}}
2017-02-12 16:08:06.371 INFO  network.client.Client 180 receiveMsg - {"Statusupdate":{"Spieler":{"Status":"Straße bauen","Rittermacht":0,"Farbe":"Rot","Längste Handelsstraße":false,"Siegpunkte":1,"Rohstoffe":{"Unbekannt":0},"id":2,"Entwicklungskarten":{"Unbekannt":0},"Name":"KI (2)","Größte Rittermacht":false}}}
2017-02-12 16:08:06.376 INFO  network.Interpreter 328 axialToEdgeOrCorner - [{"x":0,"y":0},{"x":1,"y":-1}]. {18, 25}
2017-02-12 16:08:06.377 INFO  network.Interpreter 328 axialToEdgeOrCorner - [{"x":0,"y":0},{"x":1,"y":-1}]. {18, 25}
2017-02-12 16:08:06.377 INFO  network.client.ClientListener 1102 build - Straße - [{"x":0,"y":0},{"x":1,"y":-1}] - {18, 25}
2017-02-12 16:08:06.377 INFO  network.client.Client 180 receiveMsg - {"Bauvorgang":{"Gebäude":{"Ort":[{"x":0,"y":0},{"x":1,"y":-1}],"Eigentümer":2,"Typ":"Straße"}}}
2017-02-12 16:08:06.457 INFO  network.client.Client 180 receiveMsg - {"Statusupdate":{"Spieler":{"Status":"Warten","Rittermacht":0,"Farbe":"Rot","Längste Handelsstraße":false,"Siegpunkte":1,"Rohstoffe":{"Unbekannt":0},"id":2,"Entwicklungskarten":{"Unbekannt":0},"Name":"KI (2)","Größte Rittermacht":false}}}
2017-02-12 16:08:06.464 INFO  network.client.Client 180 receiveMsg - {"Statusupdate":{"Spieler":{"Status":"Dorf bauen","Rittermacht":0,"Farbe":"Orange","Längste Handelsstraße":false,"Siegpunkte":0,"Rohstoffe":{"Unbekannt":0},"id":3,"Entwicklungskarten":{"Unbekannt":0},"Name":"KI (3)","Größte Rittermacht":false}}}
2017-02-12 16:08:06.547 INFO  network.Interpreter 328 axialToEdgeOrCorner - [{"x":-2,"y":0},{"x":-1,"y":0},{"x":-1,"y":-1}]. {16, 17, 23}
2017-02-12 16:08:06.548 INFO  network.Interpreter 328 axialToEdgeOrCorner - [{"x":-2,"y":0},{"x":-1,"y":0},{"x":-1,"y":-1}]. {16, 17, 23}
2017-02-12 16:08:06.548 INFO  network.client.ClientListener 1102 build - Dorf - [{"x":-2,"y":0},{"x":-1,"y":0},{"x":-1,"y":-1}] - {16, 17, 23}
2017-02-12 16:08:06.548 INFO  network.client.Client 180 receiveMsg - {"Bauvorgang":{"Gebäude":{"Ort":[{"x":-2,"y":0},{"x":-1,"y":0},{"x":-1,"y":-1}],"Eigentümer":3,"Typ":"Dorf"}}}
2017-02-12 16:08:06.555 INFO  network.client.Client 180 receiveMsg - {"Statusupdate":{"Spieler":{"Status":"Straße bauen","Rittermacht":0,"Farbe":"Orange","Längste Handelsstraße":false,"Siegpunkte":1,"Rohstoffe":{"Unbekannt":0},"id":3,"Entwicklungskarten":{"Unbekannt":0},"Name":"KI (3)","Größte Rittermacht":false}}}
2017-02-12 16:08:06.637 INFO  network.Interpreter 328 axialToEdgeOrCorner - [{"x":-1,"y":0},{"x":-1,"y":-1}]. {17, 23}
2017-02-12 16:08:06.638 INFO  network.Interpreter 328 axialToEdgeOrCorner - [{"x":-1,"y":0},{"x":-1,"y":-1}]. {17, 23}
2017-02-12 16:08:06.638 INFO  network.client.ClientListener 1102 build - Straße - [{"x":-1,"y":0},{"x":-1,"y":-1}] - {17, 23}
2017-02-12 16:08:06.639 INFO  network.client.Client 180 receiveMsg - {"Bauvorgang":{"Gebäude":{"Ort":[{"x":-1,"y":0},{"x":-1,"y":-1}],"Eigentümer":3,"Typ":"Straße"}}}
2017-02-12 16:08:06.642 INFO  network.client.Client 180 receiveMsg - {"Statusupdate":{"Spieler":{"Status":"Warten","Rittermacht":0,"Farbe":"Orange","Längste Handelsstraße":false,"Siegpunkte":1,"Rohstoffe":{"Unbekannt":0},"id":3,"Entwicklungskarten":{"Unbekannt":0},"Name":"KI (3)","Größte Rittermacht":false}}}
2017-02-12 16:08:06.727 INFO  network.client.Client 180 receiveMsg - {"Statusupdate":{"Spieler":{"Status":"Dorf bauen","Rittermacht":0,"Farbe":"Weiß","Längste Handelsstraße":false,"Siegpunkte":0,"Rohstoffe":{"Getreide":0,"Wolle":0,"Holz":0,"Lehm":0,"Erz":0},"id":4,"Entwicklungskarten":{"Straßenbau":0,"Erfindung":0,"Monopol":0,"Ritter":0,"Siegpunkt":0},"Name":"chris","Größte Rittermacht":false}}}
