2017-02-12 18:33:08.153 INFO  network.client.Client 93 connect - Socket[addr=localhost/127.0.0.1,port=10003,localport=55834]
2017-02-12 18:33:08.159 INFO  network.client.Client 104 connect - Connected to localhost, 10003
2017-02-12 18:33:08.171 INFO  network.client.Client 153 sendMsg - {"Hallo":{"Version":"JavaFXClient 1.0 (DichteFideleLurche)"}}
2017-02-12 18:33:08.172 INFO  network.client.Client 180 receiveMsg - {"Hallo":{"Protokoll":"1.0","Version":"Catan-Server (DichteFideleForste"}}
2017-02-12 18:33:08.173 INFO  network.client.ClientListener 504 myId - Human.
2017-02-12 18:33:08.182 INFO  network.client.Client 180 receiveMsg - {"Willkommen":{"id":3}}
2017-02-12 18:33:08.268 INFO  network.client.Client 180 receiveMsg - {"Statusupdate":{"Spieler":{"Status":"Spiel starten","Rittermacht":0,"Längste Handelsstraße":false,"Siegpunkte":0,"Rohstoffe":{"Getreide":0,"Wolle":0,"Holz":0,"Lehm":0,"Erz":0},"id":3,"Entwicklungskarten":{"Straßenbau":0,"Erfindung":0,"Monopol":0,"Ritter":0,"Siegpunkt":0},"Größte Rittermacht":false}}}
2017-02-12 18:33:08.272 INFO  network.client.Client 180 receiveMsg - {"Statusupdate":{"Spieler":{"Status":"Wartet auf Spielbeginn","Rittermacht":0,"Farbe":"Blau","Längste Handelsstraße":false,"Siegpunkte":0,"Rohstoffe":{"Unbekannt":0},"id":1,"Entwicklungskarten":{"Unbekannt":0},"Name":"KI (1)","Größte Rittermacht":false}}}
2017-02-12 18:33:08.360 INFO  network.client.Client 180 receiveMsg - {"Statusupdate":{"Spieler":{"Status":"Wartet auf Spielbeginn","Rittermacht":0,"Farbe":"Rot","Längste Handelsstraße":false,"Siegpunkte":0,"Rohstoffe":{"Unbekannt":0},"id":2,"Entwicklungskarten":{"Unbekannt":0},"Name":"KI (2)","Größte Rittermacht":false}}}
2017-02-12 18:33:12.141 INFO  network.client.Client 153 sendMsg - {"Spieler":{"Farbe":"Weiß","Name":"chris"}}
2017-02-12 18:33:12.142 INFO  network.client.Client 180 receiveMsg - {"Serverantwort":"OK"}
2017-02-12 18:33:12.146 INFO  network.client.Client 180 receiveMsg - {"Statusupdate":{"Spieler":{"Status":"Spiel starten","Rittermacht":0,"Farbe":"Weiß","Längste Handelsstraße":false,"Siegpunkte":0,"Rohstoffe":{"Getreide":0,"Wolle":0,"Holz":0,"Lehm":0,"Erz":0},"id":3,"Entwicklungskarten":{"Straßenbau":0,"Erfindung":0,"Monopol":0,"Ritter":0,"Siegpunkt":0},"Name":"chris","Größte Rittermacht":false}}}
2017-02-12 18:33:13.368 INFO  network.client.Client 153 sendMsg - {"Spiel starten":{}}
2017-02-12 18:33:13.371 INFO  network.client.Client 180 receiveMsg - {"Serverantwort":"OK"}
2017-02-12 18:33:13.375 INFO  network.client.Client 180 receiveMsg - {"Statusupdate":{"Spieler":{"Status":"Wartet auf Spielbeginn","Rittermacht":0,"Farbe":"Weiß","Längste Handelsstraße":false,"Siegpunkte":0,"Rohstoffe":{"Getreide":0,"Wolle":0,"Holz":0,"Lehm":0,"Erz":0},"id":3,"Entwicklungskarten":{"Straßenbau":0,"Erfindung":0,"Monopol":0,"Ritter":0,"Siegpunkt":0},"Name":"chris","Größte Rittermacht":false}}}
2017-02-12 18:33:13.465 INFO  network.client.Client 180 receiveMsg - {"Würfelwurf":{"Spieler":1,"Wurf":[1,5]}}
2017-02-12 18:33:13.473 INFO  network.Interpreter 328 axialToEdgeOrCorner - [{"x":0,"y":-2},{"x":0,"y":-3}]. {29, 33}
2017-02-12 18:33:13.475 INFO  network.Interpreter 328 axialToEdgeOrCorner - [{"x":-3,"y":1},{"x":-2,"y":1}]. {9, 10}
2017-02-12 18:33:13.475 INFO  network.Interpreter 328 axialToEdgeOrCorner - [{"x":1,"y":2},{"x":1,"y":1}]. {8, 13}
2017-02-12 18:33:13.476 INFO  network.Interpreter 328 axialToEdgeOrCorner - [{"x":-2,"y":-1},{"x":-1,"y":-1}]. {22, 23}
2017-02-12 18:33:13.476 INFO  network.Interpreter 328 axialToEdgeOrCorner - [{"x":-3,"y":3},{"x":-2,"y":2}]. {0, 5}
2017-02-12 18:33:13.476 INFO  network.Interpreter 328 axialToEdgeOrCorner - [{"x":2,"y":-1},{"x":3,"y":-2}]. {26, 32}
2017-02-12 18:33:13.477 INFO  network.Interpreter 328 axialToEdgeOrCorner - [{"x":-1,"y":3},{"x":-1,"y":2}]. {2, 6}
2017-02-12 18:33:13.477 INFO  network.Interpreter 328 axialToEdgeOrCorner - [{"x":1,"y":-2},{"x":2,"y":-3}]. {30, 35}
2017-02-12 18:33:13.477 INFO  network.Interpreter 328 axialToEdgeOrCorner - [{"x":2,"y":0},{"x":3,"y":0}]. {20, 21}
2017-02-12 18:33:13.500 INFO  network.client.Client 180 receiveMsg - {"Spiel gestartet":{"Karte":{"Felder":[{"Ort":{"x":-3,"y":2},"Typ":"Meer"},{"Ort":{"x":2,"y":0},"Zahl":8,"Typ":"Gebirge"},{"Ort":{"x":3,"y":-3},"Typ":"Meer"},{"Ort":{"x":-2,"y":3},"Typ":"Meer"},{"Ort":{"x":-1,"y":0},"Zahl":11,"Typ":"Wald"},{"Ort":{"x":0,"y":-3},"Typ":"Meer"},{"Ort":{"x":2,"y":1},"Typ":"Meer"},{"Ort":{"x":-3,"y":1},"Typ":"Meer"},{"Ort":{"x":-1,"y":2},"Zahl":2,"Typ":"Weideland"},{"Ort":{"x":0,"y":2},"Zahl":9,"Typ":"Wald"},{"Ort":{"x":1,"y":2},"Typ":"Meer"},{"Ort":{"x":-2,"y":1},"Zahl":12,"Typ":"Ackerland"},{"Ort":{"x":2,"y":-2},"Zahl":11,"Typ":"Weideland"},{"Ort":{"x":-1,"y":1},"Zahl":6,"Typ":"Hügelland"},{"Ort":{"x":0,"y":1},"Zahl":4,"Typ":"Weideland"},{"Ort":{"x":1,"y":1},"Zahl":10,"Typ":"Hügelland"},{"Ort":{"x":-3,"y":0},"Typ":"Meer"},{"Ort":{"x":-2,"y":-1},"Typ":"Meer"},{"Ort":{"x":-1,"y":-1},"Zahl":8,"Typ":"Wald"},{"Ort":{"x":0,"y":-1},"Zahl":3,"Typ":"Gebirge"},{"Ort":{"x":1,"y":-1},"Zahl":4,"Typ":"Ackerland"},{"Ort":{"x":2,"y":-1},"Zahl":5,"Typ":"Weideland"},{"Ort":{"x":3,"y":-1},"Typ":"Meer"},{"Ort":{"x":-1,"y":-2},"Typ":"Meer"},{"Ort":{"x":0,"y":-2},"Zahl":5,"Typ":"Hügelland"},{"Ort":{"x":1,"y":-2},"Zahl":6,"Typ":"Ackerland"},{"Ort":{"x":-3,"y":3},"Typ":"Meer"},{"Ort":{"x":-2,"y":0},"Zahl":9,"Typ":"Ackerland"},{"Ort":{"x":3,"y":-2},"Typ":"Meer"},{"Ort":{"x":-1,"y":3},"Typ":"Meer"},{"Ort":{"x":0,"y":0},"Typ":"Wüste"},{"Ort":{"x":1,"y":-3},"Typ":"Meer"},{"Ort":{"x":0,"y":3},"Typ":"Meer"},{"Ort":{"x":1,"y":0},"Zahl":3,"Typ":"Wald"},{"Ort":{"x":2,"y":-3},"Typ":"Meer"},{"Ort":{"x":-2,"y":2},"Zahl":10,"Typ":"Gebirge"},{"Ort":{"x":3,"y":0},"Typ":"Meer"}],"Gebäude":[],"Häfen":[{"Ort":[{"x":0,"y":-2},{"x":0,"y":-3}],"Typ":"Hafen"},{"Ort":[{"x":-3,"y":1},{"x":-2,"y":1}],"Typ":"Holz Hafen"},{"Ort":[{"x":1,"y":2},{"x":1,"y":1}],"Typ":"Erz Hafen"},{"Ort":[{"x":-2,"y":-1},{"x":-1,"y":-1}],"Typ":"Lehm Hafen"},{"Ort":[{"x":-3,"y":3},{"x":-2,"y":2}],"Typ":"Hafen"},{"Ort":[{"x":2,"y":-1},{"x":3,"y":-2}],"Typ":"Wolle Hafen"},{"Ort":[{"x":-1,"y":3},{"x":-1,"y":2}],"Typ":"Getreide Hafen"},{"Ort":[{"x":1,"y":-2},{"x":2,"y":-3}],"Typ":"Hafen"},{"Ort":[{"x":2,"y":0},{"x":3,"y":0}],"Typ":"Hafen"}],"Räuber":{"x":0,"y":0}}}}
2017-02-12 18:33:16.015 INFO  network.client.Client 180 receiveMsg - {"Würfelwurf":{"Spieler":2,"Wurf":[1,2]}}
2017-02-12 18:33:16.015 INFO  network.client.Client 180 receiveMsg - {"Würfelwurf":{"Spieler":3,"Wurf":[2,6]}}
2017-02-12 18:33:16.106 INFO  network.client.Client 180 receiveMsg - {"Statusupdate":{"Spieler":{"Status":"Warten","Rittermacht":0,"Farbe":"Blau","Längste Handelsstraße":false,"Siegpunkte":0,"Rohstoffe":{"Unbekannt":0},"id":1,"Entwicklungskarten":{"Unbekannt":0},"Name":"KI (1)","Größte Rittermacht":false}}}
2017-02-12 18:33:16.106 INFO  network.client.Client 180 receiveMsg - {"Statusupdate":{"Spieler":{"Status":"Warten","Rittermacht":0,"Farbe":"Rot","Längste Handelsstraße":false,"Siegpunkte":0,"Rohstoffe":{"Unbekannt":0},"id":2,"Entwicklungskarten":{"Unbekannt":0},"Name":"KI (2)","Größte Rittermacht":false}}}
2017-02-12 18:33:16.198 INFO  network.client.Client 180 receiveMsg - {"Statusupdate":{"Spieler":{"Status":"Dorf bauen","Rittermacht":0,"Farbe":"Weiß","Längste Handelsstraße":false,"Siegpunkte":0,"Rohstoffe":{"Getreide":0,"Wolle":0,"Holz":0,"Lehm":0,"Erz":0},"id":3,"Entwicklungskarten":{"Straßenbau":0,"Erfindung":0,"Monopol":0,"Ritter":0,"Siegpunkt":0},"Name":"chris","Größte Rittermacht":false}}}
2017-02-12 18:33:26.143 INFO  network.client.Client 153 sendMsg - {"Bauen":{"Ort":[{"x":1,"y":1},{"x":1,"y":0},{"x":2,"y":0}],"Typ":"Dorf"}}
2017-02-12 18:33:26.148 INFO  network.client.Client 180 receiveMsg - {"Serverantwort":"OK"}
2017-02-12 18:33:26.162 INFO  network.Interpreter 328 axialToEdgeOrCorner - [{"x":1,"y":1},{"x":1,"y":0},{"x":2,"y":0}]. {13, 19, 20}
2017-02-12 18:33:26.164 INFO  network.Interpreter 328 axialToEdgeOrCorner - [{"x":1,"y":1},{"x":1,"y":0},{"x":2,"y":0}]. {13, 19, 20}
2017-02-12 18:33:26.164 INFO  network.client.ClientListener 1102 build - Dorf - [{"x":1,"y":1},{"x":1,"y":0},{"x":2,"y":0}] - {13, 19, 20}
2017-02-12 18:33:26.164 INFO  network.client.Client 180 receiveMsg - {"Bauvorgang":{"Gebäude":{"Ort":[{"x":1,"y":1},{"x":1,"y":0},{"x":2,"y":0}],"Eigentümer":3,"Typ":"Dorf"}}}
2017-02-12 18:33:26.239 INFO  network.client.Client 180 receiveMsg - {"Statusupdate":{"Spieler":{"Status":"Straße bauen","Rittermacht":0,"Farbe":"Weiß","Längste Handelsstraße":false,"Siegpunkte":1,"Rohstoffe":{"Getreide":0,"Wolle":0,"Holz":0,"Lehm":0,"Erz":0},"id":3,"Entwicklungskarten":{"Straßenbau":0,"Erfindung":0,"Monopol":0,"Ritter":0,"Siegpunkt":0},"Name":"chris","Größte Rittermacht":false}}}
2017-02-12 18:33:27.119 INFO  network.client.Client 153 sendMsg - {"Bauen":{"Ort":[{"x":1,"y":0},{"x":2,"y":0}],"Typ":"Straße"}}
2017-02-12 18:33:27.122 INFO  network.client.Client 180 receiveMsg - {"Serverantwort":"OK"}
2017-02-12 18:33:27.134 INFO  network.Interpreter 328 axialToEdgeOrCorner - [{"x":1,"y":0},{"x":2,"y":0}]. {19, 20}
2017-02-12 18:33:27.135 INFO  network.Interpreter 328 axialToEdgeOrCorner - [{"x":1,"y":0},{"x":2,"y":0}]. {19, 20}
2017-02-12 18:33:27.135 INFO  network.client.ClientListener 1102 build - Straße - [{"x":1,"y":0},{"x":2,"y":0}] - {19, 20}
2017-02-12 18:33:27.135 INFO  network.client.Client 180 receiveMsg - {"Bauvorgang":{"Gebäude":{"Ort":[{"x":1,"y":0},{"x":2,"y":0}],"Eigentümer":3,"Typ":"Straße"}}}
2017-02-12 18:33:27.212 INFO  network.client.Client 180 receiveMsg - {"Statusupdate":{"Spieler":{"Status":"Warten","Rittermacht":0,"Farbe":"Weiß","Längste Handelsstraße":false,"Siegpunkte":1,"Rohstoffe":{"Getreide":0,"Wolle":0,"Holz":0,"Lehm":0,"Erz":0},"id":3,"Entwicklungskarten":{"Straßenbau":0,"Erfindung":0,"Monopol":0,"Ritter":0,"Siegpunkt":0},"Name":"chris","Größte Rittermacht":false}}}
2017-02-12 18:33:27.225 INFO  network.client.Client 180 receiveMsg - {"Statusupdate":{"Spieler":{"Status":"Dorf bauen","Rittermacht":0,"Farbe":"Blau","Längste Handelsstraße":false,"Siegpunkte":0,"Rohstoffe":{"Unbekannt":0},"id":1,"Entwicklungskarten":{"Unbekannt":0},"Name":"KI (1)","Größte Rittermacht":false}}}
2017-02-12 18:33:27.426 INFO  network.Interpreter 328 axialToEdgeOrCorner - [{"x":-1,"y":-1},{"x":0,"y":-1},{"x":0,"y":-2}]. {23, 24, 29}
2017-02-12 18:33:27.426 INFO  network.Interpreter 328 axialToEdgeOrCorner - [{"x":-1,"y":-1},{"x":0,"y":-1},{"x":0,"y":-2}]. {23, 24, 29}
2017-02-12 18:33:27.426 INFO  network.client.ClientListener 1102 build - Dorf - [{"x":-1,"y":-1},{"x":0,"y":-1},{"x":0,"y":-2}] - {23, 24, 29}
2017-02-12 18:33:27.426 INFO  network.client.Client 180 receiveMsg - {"Bauvorgang":{"Gebäude":{"Ort":[{"x":-1,"y":-1},{"x":0,"y":-1},{"x":0,"y":-2}],"Eigentümer":1,"Typ":"Dorf"}}}
2017-02-12 18:33:27.445 INFO  network.client.Client 180 receiveMsg - {"Statusupdate":{"Spieler":{"Status":"Straße bauen","Rittermacht":0,"Farbe":"Blau","Längste Handelsstraße":false,"Siegpunkte":1,"Rohstoffe":{"Unbekannt":0},"id":1,"Entwicklungskarten":{"Unbekannt":0},"Name":"KI (1)","Größte Rittermacht":false}}}
2017-02-12 18:33:27.773 INFO  network.Interpreter 328 axialToEdgeOrCorner - [{"x":0,"y":-1},{"x":0,"y":-2}]. {24, 29}
2017-02-12 18:33:27.773 INFO  network.Interpreter 328 axialToEdgeOrCorner - [{"x":0,"y":-1},{"x":0,"y":-2}]. {24, 29}
2017-02-12 18:33:27.773 INFO  network.client.ClientListener 1102 build - Straße - [{"x":0,"y":-1},{"x":0,"y":-2}] - {24, 29}
2017-02-12 18:33:27.773 INFO  network.client.Client 180 receiveMsg - {"Bauvorgang":{"Gebäude":{"Ort":[{"x":0,"y":-1},{"x":0,"y":-2}],"Eigentümer":1,"Typ":"Straße"}}}
2017-02-12 18:33:27.789 INFO  network.client.Client 180 receiveMsg - {"Statusupdate":{"Spieler":{"Status":"Warten","Rittermacht":0,"Farbe":"Blau","Längste Handelsstraße":false,"Siegpunkte":1,"Rohstoffe":{"Unbekannt":0},"id":1,"Entwicklungskarten":{"Unbekannt":0},"Name":"KI (1)","Größte Rittermacht":false}}}
2017-02-12 18:33:27.863 INFO  network.client.Client 180 receiveMsg - {"Statusupdate":{"Spieler":{"Status":"Dorf bauen","Rittermacht":0,"Farbe":"Rot","Längste Handelsstraße":false,"Siegpunkte":0,"Rohstoffe":{"Unbekannt":0},"id":2,"Entwicklungskarten":{"Unbekannt":0},"Name":"KI (2)","Größte Rittermacht":false}}}
2017-02-12 18:33:28.051 INFO  network.Interpreter 328 axialToEdgeOrCorner - [{"x":-2,"y":1},{"x":-1,"y":1},{"x":-1,"y":0}]. {10, 11, 17}
2017-02-12 18:33:28.052 INFO  network.Interpreter 328 axialToEdgeOrCorner - [{"x":-2,"y":1},{"x":-1,"y":1},{"x":-1,"y":0}]. {10, 11, 17}
2017-02-12 18:33:28.052 INFO  network.client.ClientListener 1102 build - Dorf - [{"x":-2,"y":1},{"x":-1,"y":1},{"x":-1,"y":0}] - {10, 11, 17}
2017-02-12 18:33:28.052 INFO  network.client.Client 180 receiveMsg - {"Bauvorgang":{"Gebäude":{"Ort":[{"x":-2,"y":1},{"x":-1,"y":1},{"x":-1,"y":0}],"Eigentümer":2,"Typ":"Dorf"}}}
2017-02-12 18:33:28.064 INFO  network.client.Client 180 receiveMsg - {"Statusupdate":{"Spieler":{"Status":"Straße bauen","Rittermacht":0,"Farbe":"Rot","Längste Handelsstraße":false,"Siegpunkte":1,"Rohstoffe":{"Unbekannt":0},"id":2,"Entwicklungskarten":{"Unbekannt":0},"Name":"KI (2)","Größte Rittermacht":false}}}
2017-02-12 18:33:28.398 INFO  network.Interpreter 328 axialToEdgeOrCorner - [{"x":-2,"y":1},{"x":-1,"y":1}]. {10, 11}
2017-02-12 18:33:28.398 INFO  network.Interpreter 328 axialToEdgeOrCorner - [{"x":-2,"y":1},{"x":-1,"y":1}]. {10, 11}
2017-02-12 18:33:28.398 INFO  network.client.ClientListener 1102 build - Straße - [{"x":-2,"y":1},{"x":-1,"y":1}] - {10, 11}
2017-02-12 18:33:28.398 INFO  network.client.Client 180 receiveMsg - {"Bauvorgang":{"Gebäude":{"Ort":[{"x":-2,"y":1},{"x":-1,"y":1}],"Eigentümer":2,"Typ":"Straße"}}}
2017-02-12 18:33:28.413 INFO  network.client.Client 180 receiveMsg - {"Statusupdate":{"Spieler":{"Status":"Dorf bauen","Rittermacht":0,"Farbe":"Rot","Längste Handelsstraße":false,"Siegpunkte":1,"Rohstoffe":{"Unbekannt":0},"id":2,"Entwicklungskarten":{"Unbekannt":0},"Name":"KI (2)","Größte Rittermacht":false}}}
2017-02-12 18:33:28.756 INFO  network.Interpreter 328 axialToEdgeOrCorner - [{"x":-2,"y":2},{"x":-1,"y":2},{"x":-1,"y":1}]. {5, 6, 11}
2017-02-12 18:33:28.756 INFO  network.Interpreter 328 axialToEdgeOrCorner - [{"x":-2,"y":2},{"x":-1,"y":2},{"x":-1,"y":1}]. {5, 6, 11}
2017-02-12 18:33:28.756 INFO  network.client.ClientListener 1102 build - Dorf - [{"x":-2,"y":2},{"x":-1,"y":2},{"x":-1,"y":1}] - {5, 6, 11}
2017-02-12 18:33:28.756 INFO  network.client.Client 180 receiveMsg - {"Bauvorgang":{"Gebäude":{"Ort":[{"x":-2,"y":2},{"x":-1,"y":2},{"x":-1,"y":1}],"Eigentümer":2,"Typ":"Dorf"}}}
2017-02-12 18:33:28.775 INFO  network.client.Client 180 receiveMsg - {"Ertrag":{"Rohstoffe":{"Wolle":1,"Lehm":1,"Erz":1},"Spieler":2}}
2017-02-12 18:33:28.844 INFO  network.client.Client 180 receiveMsg - {"Statusupdate":{"Spieler":{"Status":"Straße bauen","Rittermacht":0,"Farbe":"Rot","Längste Handelsstraße":false,"Siegpunkte":2,"Rohstoffe":{"Unbekannt":3},"id":2,"Entwicklungskarten":{"Unbekannt":0},"Name":"KI (2)","Größte Rittermacht":false}}}
2017-02-12 18:33:29.191 INFO  network.Interpreter 328 axialToEdgeOrCorner - [{"x":-2,"y":2},{"x":-1,"y":1}]. {5, 11}
2017-02-12 18:33:29.192 INFO  network.Interpreter 328 axialToEdgeOrCorner - [{"x":-2,"y":2},{"x":-1,"y":1}]. {5, 11}
2017-02-12 18:33:29.192 INFO  network.client.ClientListener 1102 build - Straße - [{"x":-2,"y":2},{"x":-1,"y":1}] - {5, 11}
2017-02-12 18:33:29.193 INFO  network.client.Client 180 receiveMsg - {"Bauvorgang":{"Gebäude":{"Ort":[{"x":-2,"y":2},{"x":-1,"y":1}],"Eigentümer":2,"Typ":"Straße"}}}
2017-02-12 18:33:29.206 INFO  network.client.Client 180 receiveMsg - {"Statusupdate":{"Spieler":{"Status":"Warten","Rittermacht":0,"Farbe":"Rot","Längste Handelsstraße":false,"Siegpunkte":2,"Rohstoffe":{"Unbekannt":3},"id":2,"Entwicklungskarten":{"Unbekannt":0},"Name":"KI (2)","Größte Rittermacht":false}}}
2017-02-12 18:33:29.279 INFO  network.client.Client 180 receiveMsg - {"Statusupdate":{"Spieler":{"Status":"Dorf bauen","Rittermacht":0,"Farbe":"Blau","Längste Handelsstraße":false,"Siegpunkte":1,"Rohstoffe":{"Unbekannt":0},"id":1,"Entwicklungskarten":{"Unbekannt":0},"Name":"KI (1)","Größte Rittermacht":false}}}
2017-02-12 18:33:29.465 INFO  network.Interpreter 328 axialToEdgeOrCorner - [{"x":1,"y":0},{"x":1,"y":-1},{"x":2,"y":-1}]. {19, 25, 26}
2017-02-12 18:33:29.466 INFO  network.Interpreter 328 axialToEdgeOrCorner - [{"x":1,"y":0},{"x":1,"y":-1},{"x":2,"y":-1}]. {19, 25, 26}
2017-02-12 18:33:29.466 INFO  network.client.ClientListener 1102 build - Dorf - [{"x":1,"y":0},{"x":1,"y":-1},{"x":2,"y":-1}] - {19, 25, 26}
2017-02-12 18:33:29.466 INFO  network.client.Client 180 receiveMsg - {"Bauvorgang":{"Gebäude":{"Ort":[{"x":1,"y":0},{"x":1,"y":-1},{"x":2,"y":-1}],"Eigentümer":1,"Typ":"Dorf"}}}
2017-02-12 18:33:29.482 INFO  network.client.Client 180 receiveMsg - {"Ertrag":{"Rohstoffe":{"Getreide":1,"Wolle":1,"Holz":1},"Spieler":1}}
2017-02-12 18:33:29.556 INFO  network.client.Client 180 receiveMsg - {"Statusupdate":{"Spieler":{"Status":"Straße bauen","Rittermacht":0,"Farbe":"Blau","Längste Handelsstraße":false,"Siegpunkte":2,"Rohstoffe":{"Unbekannt":3},"id":1,"Entwicklungskarten":{"Unbekannt":0},"Name":"KI (1)","Größte Rittermacht":false}}}
2017-02-12 18:33:29.893 INFO  network.Interpreter 328 axialToEdgeOrCorner - [{"x":1,"y":-1},{"x":2,"y":-1}]. {25, 26}
2017-02-12 18:33:29.894 INFO  network.Interpreter 328 axialToEdgeOrCorner - [{"x":1,"y":-1},{"x":2,"y":-1}]. {25, 26}
2017-02-12 18:33:29.894 INFO  network.client.ClientListener 1102 build - Straße - [{"x":1,"y":-1},{"x":2,"y":-1}] - {25, 26}
2017-02-12 18:33:29.894 INFO  network.client.Client 180 receiveMsg - {"Bauvorgang":{"Gebäude":{"Ort":[{"x":1,"y":-1},{"x":2,"y":-1}],"Eigentümer":1,"Typ":"Straße"}}}
2017-02-12 18:33:29.908 INFO  network.client.Client 180 receiveMsg - {"Statusupdate":{"Spieler":{"Status":"Warten","Rittermacht":0,"Farbe":"Blau","Längste Handelsstraße":false,"Siegpunkte":2,"Rohstoffe":{"Unbekannt":3},"id":1,"Entwicklungskarten":{"Unbekannt":0},"Name":"KI (1)","Größte Rittermacht":false}}}
2017-02-12 18:33:29.983 INFO  network.client.Client 180 receiveMsg - {"Statusupdate":{"Spieler":{"Status":"Dorf bauen","Rittermacht":0,"Farbe":"Weiß","Längste Handelsstraße":false,"Siegpunkte":1,"Rohstoffe":{"Getreide":0,"Wolle":0,"Holz":0,"Lehm":0,"Erz":0},"id":3,"Entwicklungskarten":{"Straßenbau":0,"Erfindung":0,"Monopol":0,"Ritter":0,"Siegpunkt":0},"Name":"chris","Größte Rittermacht":false}}}
2017-02-12 18:33:31.975 INFO  network.client.Client 153 sendMsg - {"Bauen":{"Ort":[{"x":0,"y":-1},{"x":1,"y":-1},{"x":1,"y":-2}],"Typ":"Dorf"}}
2017-02-12 18:33:31.977 INFO  network.client.Client 180 receiveMsg - {"Serverantwort":"OK"}
2017-02-12 18:33:31.990 INFO  network.Interpreter 328 axialToEdgeOrCorner - [{"x":0,"y":-1},{"x":1,"y":-1},{"x":1,"y":-2}]. {24, 25, 30}
2017-02-12 18:33:31.991 INFO  network.Interpreter 328 axialToEdgeOrCorner - [{"x":0,"y":-1},{"x":1,"y":-1},{"x":1,"y":-2}]. {24, 25, 30}
2017-02-12 18:33:31.991 INFO  network.client.ClientListener 1102 build - Dorf - [{"x":0,"y":-1},{"x":1,"y":-1},{"x":1,"y":-2}] - {24, 25, 30}
2017-02-12 18:33:31.991 INFO  network.client.Client 180 receiveMsg - {"Bauvorgang":{"Gebäude":{"Ort":[{"x":0,"y":-1},{"x":1,"y":-1},{"x":1,"y":-2}],"Eigentümer":3,"Typ":"Dorf"}}}
2017-02-12 18:33:32.068 INFO  network.client.Client 180 receiveMsg - {"Ertrag":{"Rohstoffe":{"Getreide":2,"Erz":1},"Spieler":3}}
2017-02-12 18:33:32.081 INFO  network.client.Client 180 receiveMsg - {"Statusupdate":{"Spieler":{"Status":"Straße bauen","Rittermacht":0,"Farbe":"Weiß","Längste Handelsstraße":false,"Siegpunkte":2,"Rohstoffe":{"Getreide":2,"Wolle":0,"Holz":0,"Lehm":0,"Erz":1},"id":3,"Entwicklungskarten":{"Straßenbau":0,"Erfindung":0,"Monopol":0,"Ritter":0,"Siegpunkt":0},"Name":"chris","Größte Rittermacht":false}}}
2017-02-12 18:33:33.063 INFO  network.client.Client 153 sendMsg - {"Bauen":{"Ort":[{"x":1,"y":-1},{"x":1,"y":-2}],"Typ":"Straße"}}
2017-02-12 18:33:33.065 INFO  network.client.Client 180 receiveMsg - {"Serverantwort":"OK"}
2017-02-12 18:33:33.077 INFO  network.Interpreter 328 axialToEdgeOrCorner - [{"x":1,"y":-1},{"x":1,"y":-2}]. {25, 30}
2017-02-12 18:33:33.077 INFO  network.Interpreter 328 axialToEdgeOrCorner - [{"x":1,"y":-1},{"x":1,"y":-2}]. {25, 30}
2017-02-12 18:33:33.078 INFO  network.client.ClientListener 1102 build - Straße - [{"x":1,"y":-1},{"x":1,"y":-2}] - {25, 30}
2017-02-12 18:33:33.078 INFO  network.client.Client 180 receiveMsg - {"Bauvorgang":{"Gebäude":{"Ort":[{"x":1,"y":-1},{"x":1,"y":-2}],"Eigentümer":3,"Typ":"Straße"}}}
2017-02-12 18:33:33.155 INFO  network.client.Client 180 receiveMsg - {"Statusupdate":{"Spieler":{"Status":"Würfeln","Rittermacht":0,"Farbe":"Weiß","Längste Handelsstraße":false,"Siegpunkte":2,"Rohstoffe":{"Getreide":2,"Wolle":0,"Holz":0,"Lehm":0,"Erz":1},"id":3,"Entwicklungskarten":{"Straßenbau":0,"Erfindung":0,"Monopol":0,"Ritter":0,"Siegpunkt":0},"Name":"chris","Größte Rittermacht":false}}}
2017-02-12 18:33:35.504 INFO  network.client.Client 153 sendMsg - {"Würfeln":{}}
2017-02-12 18:33:35.505 INFO  network.client.Client 180 receiveMsg - {"Serverantwort":"OK"}
2017-02-12 18:33:35.517 INFO  network.client.Client 180 receiveMsg - {"Würfelwurf":{"Spieler":3,"Wurf":[6,3]}}
2017-02-12 18:33:35.596 INFO  network.client.Client 180 receiveMsg - {"Statusupdate":{"Spieler":{"Status":"Handeln oder Bauen","Rittermacht":0,"Farbe":"Weiß","Längste Handelsstraße":false,"Siegpunkte":2,"Rohstoffe":{"Getreide":2,"Wolle":0,"Holz":0,"Lehm":0,"Erz":1},"id":3,"Entwicklungskarten":{"Straßenbau":0,"Erfindung":0,"Monopol":0,"Ritter":0,"Siegpunkt":0},"Name":"chris","Größte Rittermacht":false}}}
2017-02-12 18:33:37.089 INFO  network.client.Client 153 sendMsg - {"Zug beenden":{}}
2017-02-12 18:33:37.091 INFO  network.client.Client 180 receiveMsg - {"Statusupdate":{"Spieler":{"Status":"Warten","Rittermacht":0,"Farbe":"Weiß","Längste Handelsstraße":false,"Siegpunkte":2,"Rohstoffe":{"Getreide":2,"Wolle":0,"Holz":0,"Lehm":0,"Erz":1},"id":3,"Entwicklungskarten":{"Straßenbau":0,"Erfindung":0,"Monopol":0,"Ritter":0,"Siegpunkt":0},"Name":"chris","Größte Rittermacht":false}}}
2017-02-12 18:33:37.108 INFO  network.client.Client 180 receiveMsg - {"Statusupdate":{"Spieler":{"Status":"Würfeln","Rittermacht":0,"Farbe":"Blau","Längste Handelsstraße":false,"Siegpunkte":2,"Rohstoffe":{"Unbekannt":3},"id":1,"Entwicklungskarten":{"Unbekannt":0},"Name":"KI (1)","Größte Rittermacht":false}}}
2017-02-12 18:33:37.190 INFO  network.client.Client 180 receiveMsg - {"Würfelwurf":{"Spieler":1,"Wurf":[6,3]}}
2017-02-12 18:33:37.208 INFO  network.client.Client 180 receiveMsg - {"Statusupdate":{"Spieler":{"Status":"Handeln oder Bauen","Rittermacht":0,"Farbe":"Blau","Längste Handelsstraße":false,"Siegpunkte":2,"Rohstoffe":{"Unbekannt":3},"id":1,"Entwicklungskarten":{"Unbekannt":0},"Name":"KI (1)","Größte Rittermacht":false}}}
2017-02-12 18:33:37.602 INFO  network.client.Client 180 receiveMsg - {"Statusupdate":{"Spieler":{"Status":"Warten","Rittermacht":0,"Farbe":"Blau","Längste Handelsstraße":false,"Siegpunkte":2,"Rohstoffe":{"Unbekannt":3},"id":1,"Entwicklungskarten":{"Unbekannt":0},"Name":"KI (1)","Größte Rittermacht":false}}}
2017-02-12 18:33:37.615 INFO  network.client.Client 180 receiveMsg - {"Statusupdate":{"Spieler":{"Status":"Würfeln","Rittermacht":0,"Farbe":"Rot","Längste Handelsstraße":false,"Siegpunkte":2,"Rohstoffe":{"Unbekannt":3},"id":2,"Entwicklungskarten":{"Unbekannt":0},"Name":"KI (2)","Größte Rittermacht":false}}}
2017-02-12 18:33:37.694 INFO  network.client.Client 180 receiveMsg - {"Würfelwurf":{"Spieler":2,"Wurf":[6,1]}}
2017-02-12 18:33:37.709 INFO  network.client.Client 180 receiveMsg - {"Statusupdate":{"Spieler":{"Status":"Warten","Rittermacht":0,"Farbe":"Blau","Längste Handelsstraße":false,"Siegpunkte":2,"Rohstoffe":{"Unbekannt":3},"id":1,"Entwicklungskarten":{"Unbekannt":0},"Name":"KI (1)","Größte Rittermacht":false}}}
2017-02-12 18:33:37.782 INFO  network.client.Client 180 receiveMsg - {"Statusupdate":{"Spieler":{"Status":"Warten","Rittermacht":0,"Farbe":"Rot","Längste Handelsstraße":false,"Siegpunkte":2,"Rohstoffe":{"Unbekannt":3},"id":2,"Entwicklungskarten":{"Unbekannt":0},"Name":"KI (2)","Größte Rittermacht":false}}}
2017-02-12 18:33:37.797 INFO  network.client.Client 180 receiveMsg - {"Statusupdate":{"Spieler":{"Status":"Warten","Rittermacht":0,"Farbe":"Weiß","Längste Handelsstraße":false,"Siegpunkte":2,"Rohstoffe":{"Getreide":2,"Wolle":0,"Holz":0,"Lehm":0,"Erz":1},"id":3,"Entwicklungskarten":{"Straßenbau":0,"Erfindung":0,"Monopol":0,"Ritter":0,"Siegpunkt":0},"Name":"chris","Größte Rittermacht":false}}}
2017-02-12 18:33:37.868 INFO  network.client.Client 180 receiveMsg - {"Statusupdate":{"Spieler":{"Status":"Räuber versetzen","Rittermacht":0,"Farbe":"Rot","Längste Handelsstraße":false,"Siegpunkte":2,"Rohstoffe":{"Unbekannt":3},"id":2,"Entwicklungskarten":{"Unbekannt":0},"Name":"KI (2)","Größte Rittermacht":false}}}
2017-02-12 18:33:38.263 INFO  network.client.Client 180 receiveMsg - {"Kosten":{"Rohstoffe":{"Getreide":1},"Spieler":3}}
2017-02-12 18:33:38.283 INFO  network.client.Client 180 receiveMsg - {"Ertrag":{"Rohstoffe":{"Unbekannt":1},"Spieler":2}}
2017-02-12 18:33:38.351 INFO  network.client.Client 180 receiveMsg - {"Räuber versetzt":{"Ort":{"x":1,"y":-1},"Spieler":2,"Ziel":3}}
2017-02-12 18:33:38.373 INFO  network.client.Client 180 receiveMsg - {"Statusupdate":{"Spieler":{"Status":"Handeln oder Bauen","Rittermacht":0,"Farbe":"Rot","Längste Handelsstraße":false,"Siegpunkte":2,"Rohstoffe":{"Unbekannt":4},"id":2,"Entwicklungskarten":{"Unbekannt":0},"Name":"KI (2)","Größte Rittermacht":false}}}
2017-02-12 18:33:38.769 INFO  network.JsonLib 259 dev - Case not covered!
2017-02-12 18:33:38.769 INFO  network.client.Client 180 receiveMsg - {"Entwicklungskarte gekauft":{"Entwicklungskarte":"Unbekannt","Spieler":2}}
2017-02-12 18:33:38.782 INFO  network.client.Client 180 receiveMsg - {"Kosten":{"Rohstoffe":{"Unbekannt":3},"Spieler":2}}
2017-02-12 18:33:38.861 INFO  network.client.Client 180 receiveMsg - {"Statusupdate":{"Spieler":{"Status":"Handeln oder Bauen","Rittermacht":0,"Farbe":"Rot","Längste Handelsstraße":false,"Siegpunkte":2,"Rohstoffe":{"Unbekannt":1},"id":2,"Entwicklungskarten":{"Unbekannt":1},"Name":"KI (2)","Größte Rittermacht":false}}}
2017-02-12 18:33:39.184 INFO  network.client.Client 180 receiveMsg - {"Statusupdate":{"Spieler":{"Status":"Warten","Rittermacht":0,"Farbe":"Rot","Längste Handelsstraße":false,"Siegpunkte":2,"Rohstoffe":{"Unbekannt":1},"id":2,"Entwicklungskarten":{"Unbekannt":1},"Name":"KI (2)","Größte Rittermacht":false}}}
2017-02-12 18:33:39.191 INFO  network.client.Client 180 receiveMsg - {"Statusupdate":{"Spieler":{"Status":"Würfeln","Rittermacht":0,"Farbe":"Weiß","Längste Handelsstraße":false,"Siegpunkte":2,"Rohstoffe":{"Getreide":1,"Wolle":0,"Holz":0,"Lehm":0,"Erz":1},"id":3,"Entwicklungskarten":{"Straßenbau":0,"Erfindung":0,"Monopol":0,"Ritter":0,"Siegpunkt":0},"Name":"chris","Größte Rittermacht":false}}}
2017-02-12 18:33:41.234 INFO  network.client.Client 153 sendMsg - {"Würfeln":{}}
2017-02-12 18:33:41.235 INFO  network.client.Client 180 receiveMsg - {"Serverantwort":"OK"}
2017-02-12 18:33:41.247 INFO  network.client.Client 180 receiveMsg - {"Würfelwurf":{"Spieler":3,"Wurf":[5,6]}}
2017-02-12 18:33:41.325 INFO  network.client.Client 180 receiveMsg - {"Ertrag":{"Rohstoffe":{"Holz":1},"Spieler":2}}
2017-02-12 18:33:41.337 INFO  network.client.Client 180 receiveMsg - {"Statusupdate":{"Spieler":{"Status":"Handeln oder Bauen","Rittermacht":0,"Farbe":"Weiß","Längste Handelsstraße":false,"Siegpunkte":2,"Rohstoffe":{"Getreide":1,"Wolle":0,"Holz":0,"Lehm":0,"Erz":1},"id":3,"Entwicklungskarten":{"Straßenbau":0,"Erfindung":0,"Monopol":0,"Ritter":0,"Siegpunkt":0},"Name":"chris","Größte Rittermacht":false}}}
2017-02-12 18:33:42.203 INFO  network.client.Client 153 sendMsg - {"Zug beenden":{}}
2017-02-12 18:33:42.206 INFO  network.client.Client 180 receiveMsg - {"Statusupdate":{"Spieler":{"Status":"Warten","Rittermacht":0,"Farbe":"Weiß","Längste Handelsstraße":false,"Siegpunkte":2,"Rohstoffe":{"Getreide":1,"Wolle":0,"Holz":0,"Lehm":0,"Erz":1},"id":3,"Entwicklungskarten":{"Straßenbau":0,"Erfindung":0,"Monopol":0,"Ritter":0,"Siegpunkt":0},"Name":"chris","Größte Rittermacht":false}}}
2017-02-12 18:33:42.223 INFO  network.client.Client 180 receiveMsg - {"Statusupdate":{"Spieler":{"Status":"Würfeln","Rittermacht":0,"Farbe":"Blau","Längste Handelsstraße":false,"Siegpunkte":2,"Rohstoffe":{"Unbekannt":3},"id":1,"Entwicklungskarten":{"Unbekannt":0},"Name":"KI (1)","Größte Rittermacht":false}}}
2017-02-12 18:33:42.304 INFO  network.client.Client 180 receiveMsg - {"Würfelwurf":{"Spieler":1,"Wurf":[3,3]}}
2017-02-12 18:33:42.323 INFO  network.client.Client 180 receiveMsg - {"Ertrag":{"Rohstoffe":{"Lehm":2},"Spieler":2}}
2017-02-12 18:33:42.393 INFO  network.client.Client 180 receiveMsg - {"Ertrag":{"Rohstoffe":{"Getreide":1},"Spieler":3}}
2017-02-12 18:33:42.410 INFO  network.client.Client 180 receiveMsg - {"Statusupdate":{"Spieler":{"Status":"Handeln oder Bauen","Rittermacht":0,"Farbe":"Blau","Längste Handelsstraße":false,"Siegpunkte":2,"Rohstoffe":{"Unbekannt":3},"id":1,"Entwicklungskarten":{"Unbekannt":0},"Name":"KI (1)","Größte Rittermacht":false}}}
2017-02-12 18:33:42.877 INFO  network.client.Client 180 receiveMsg - {"Statusupdate":{"Spieler":{"Status":"Warten","Rittermacht":0,"Farbe":"Blau","Längste Handelsstraße":false,"Siegpunkte":2,"Rohstoffe":{"Unbekannt":3},"id":1,"Entwicklungskarten":{"Unbekannt":0},"Name":"KI (1)","Größte Rittermacht":false}}}
2017-02-12 18:33:42.889 INFO  network.client.Client 180 receiveMsg - {"Statusupdate":{"Spieler":{"Status":"Würfeln","Rittermacht":0,"Farbe":"Rot","Längste Handelsstraße":false,"Siegpunkte":2,"Rohstoffe":{"Unbekannt":4},"id":2,"Entwicklungskarten":{"Unbekannt":1},"Name":"KI (2)","Größte Rittermacht":false}}}
2017-02-12 18:33:42.966 INFO  network.client.Client 180 receiveMsg - {"Würfelwurf":{"Spieler":2,"Wurf":[1,2]}}
2017-02-12 18:33:42.984 INFO  network.client.Client 180 receiveMsg - {"Ertrag":{"Rohstoffe":{"Holz":1,"Erz":1},"Spieler":3}}
2017-02-12 18:33:43.056 INFO  network.client.Client 180 receiveMsg - {"Ertrag":{"Rohstoffe":{"Holz":1,"Erz":1},"Spieler":1}}
2017-02-12 18:33:43.074 INFO  network.client.Client 180 receiveMsg - {"Statusupdate":{"Spieler":{"Status":"Handeln oder Bauen","Rittermacht":0,"Farbe":"Rot","Längste Handelsstraße":false,"Siegpunkte":2,"Rohstoffe":{"Unbekannt":4},"id":2,"Entwicklungskarten":{"Unbekannt":1},"Name":"KI (2)","Größte Rittermacht":false}}}
2017-02-12 18:33:43.487 INFO  network.Interpreter 328 axialToEdgeOrCorner - [{"x":-2,"y":2},{"x":-1,"y":2}]. {5, 6}
2017-02-12 18:33:43.488 INFO  network.Interpreter 328 axialToEdgeOrCorner - [{"x":-2,"y":2},{"x":-1,"y":2}]. {5, 6}
2017-02-12 18:33:43.488 INFO  network.client.ClientListener 1102 build - Straße - [{"x":-2,"y":2},{"x":-1,"y":2}] - {5, 6}
2017-02-12 18:33:43.488 INFO  network.client.Client 180 receiveMsg - {"Bauvorgang":{"Gebäude":{"Ort":[{"x":-2,"y":2},{"x":-1,"y":2}],"Eigentümer":2,"Typ":"Straße"}}}
2017-02-12 18:33:43.498 INFO  network.client.Client 180 receiveMsg - {"Kosten":{"Rohstoffe":{"Unbekannt":2},"Spieler":2}}
2017-02-12 18:33:43.577 INFO  network.client.Client 180 receiveMsg - {"Statusupdate":{"Spieler":{"Status":"Handeln oder Bauen","Rittermacht":0,"Farbe":"Rot","Längste Handelsstraße":false,"Siegpunkte":2,"Rohstoffe":{"Unbekannt":2},"id":2,"Entwicklungskarten":{"Unbekannt":1},"Name":"KI (2)","Größte Rittermacht":false}}}
2017-02-12 18:33:43.978 INFO  network.client.Client 180 receiveMsg - {"Statusupdate":{"Spieler":{"Status":"Warten","Rittermacht":0,"Farbe":"Rot","Längste Handelsstraße":false,"Siegpunkte":2,"Rohstoffe":{"Unbekannt":2},"id":2,"Entwicklungskarten":{"Unbekannt":1},"Name":"KI (2)","Größte Rittermacht":false}}}
2017-02-12 18:33:43.985 INFO  network.client.Client 180 receiveMsg - {"Statusupdate":{"Spieler":{"Status":"Würfeln","Rittermacht":0,"Farbe":"Weiß","Längste Handelsstraße":false,"Siegpunkte":2,"Rohstoffe":{"Getreide":2,"Wolle":0,"Holz":1,"Lehm":0,"Erz":2},"id":3,"Entwicklungskarten":{"Straßenbau":0,"Erfindung":0,"Monopol":0,"Ritter":0,"Siegpunkt":0},"Name":"chris","Größte Rittermacht":false}}}
2017-02-12 18:33:45.374 INFO  network.client.Client 153 sendMsg - {"Würfeln":{}}
2017-02-12 18:33:45.376 INFO  network.client.Client 180 receiveMsg - {"Serverantwort":"OK"}
2017-02-12 18:33:45.388 INFO  network.client.Client 180 receiveMsg - {"Würfelwurf":{"Spieler":3,"Wurf":[2,1]}}
2017-02-12 18:33:45.465 INFO  network.client.Client 180 receiveMsg - {"Ertrag":{"Rohstoffe":{"Holz":1,"Erz":1},"Spieler":3}}
2017-02-12 18:33:45.476 INFO  network.client.Client 180 receiveMsg - {"Ertrag":{"Rohstoffe":{"Holz":1,"Erz":1},"Spieler":1}}
2017-02-12 18:33:45.553 INFO  network.client.Client 180 receiveMsg - {"Statusupdate":{"Spieler":{"Status":"Handeln oder Bauen","Rittermacht":0,"Farbe":"Weiß","Längste Handelsstraße":false,"Siegpunkte":2,"Rohstoffe":{"Getreide":2,"Wolle":0,"Holz":2,"Lehm":0,"Erz":3},"id":3,"Entwicklungskarten":{"Straßenbau":0,"Erfindung":0,"Monopol":0,"Ritter":0,"Siegpunkt":0},"Name":"chris","Größte Rittermacht":false}}}
2017-02-12 18:33:48.956 INFO  network.client.Client 153 sendMsg - {"Bauen":{"Ort":[{"x":1,"y":1},{"x":1,"y":0},{"x":2,"y":0}],"Typ":"Stadt"}}
2017-02-12 18:33:48.958 INFO  network.client.Client 180 receiveMsg - {"Serverantwort":"OK"}
2017-02-12 18:33:48.970 INFO  network.Interpreter 328 axialToEdgeOrCorner - [{"x":1,"y":1},{"x":1,"y":0},{"x":2,"y":0}]. {13, 19, 20}
2017-02-12 18:33:48.971 INFO  network.Interpreter 328 axialToEdgeOrCorner - [{"x":1,"y":1},{"x":1,"y":0},{"x":2,"y":0}]. {13, 19, 20}
2017-02-12 18:33:48.971 INFO  network.client.ClientListener 1102 build - Stadt - [{"x":1,"y":1},{"x":1,"y":0},{"x":2,"y":0}] - {13, 19, 20}
2017-02-12 18:33:48.971 INFO  network.client.Client 180 receiveMsg - {"Bauvorgang":{"Gebäude":{"Ort":[{"x":1,"y":1},{"x":1,"y":0},{"x":2,"y":0}],"Eigentümer":3,"Typ":"Stadt"}}}
2017-02-12 18:33:49.045 INFO  network.client.Client 180 receiveMsg - {"Kosten":{"Rohstoffe":{"Getreide":2,"Erz":3},"Spieler":3}}
2017-02-12 18:33:49.061 INFO  network.client.Client 180 receiveMsg - {"Statusupdate":{"Spieler":{"Status":"Handeln oder Bauen","Rittermacht":0,"Farbe":"Weiß","Längste Handelsstraße":false,"Siegpunkte":3,"Rohstoffe":{"Getreide":0,"Wolle":0,"Holz":2,"Lehm":0,"Erz":0},"id":3,"Entwicklungskarten":{"Straßenbau":0,"Erfindung":0,"Monopol":0,"Ritter":0,"Siegpunkt":0},"Name":"chris","Größte Rittermacht":false}}}
2017-02-12 18:33:51.308 INFO  network.client.Client 153 sendMsg - {"Zug beenden":{}}
2017-02-12 18:33:51.311 INFO  network.client.Client 180 receiveMsg - {"Statusupdate":{"Spieler":{"Status":"Warten","Rittermacht":0,"Farbe":"Weiß","Längste Handelsstraße":false,"Siegpunkte":3,"Rohstoffe":{"Getreide":0,"Wolle":0,"Holz":2,"Lehm":0,"Erz":0},"id":3,"Entwicklungskarten":{"Straßenbau":0,"Erfindung":0,"Monopol":0,"Ritter":0,"Siegpunkt":0},"Name":"chris","Größte Rittermacht":false}}}
2017-02-12 18:33:51.328 INFO  network.client.Client 180 receiveMsg - {"Statusupdate":{"Spieler":{"Status":"Würfeln","Rittermacht":0,"Farbe":"Blau","Längste Handelsstraße":false,"Siegpunkte":2,"Rohstoffe":{"Unbekannt":7},"id":1,"Entwicklungskarten":{"Unbekannt":0},"Name":"KI (1)","Größte Rittermacht":false}}}
2017-02-12 18:33:51.409 INFO  network.client.Client 180 receiveMsg - {"Würfelwurf":{"Spieler":1,"Wurf":[3,4]}}
2017-02-12 18:33:51.422 INFO  network.client.Client 180 receiveMsg - {"Statusupdate":{"Spieler":{"Status":"Warten","Rittermacht":0,"Farbe":"Blau","Längste Handelsstraße":false,"Siegpunkte":2,"Rohstoffe":{"Unbekannt":7},"id":1,"Entwicklungskarten":{"Unbekannt":0},"Name":"KI (1)","Größte Rittermacht":false}}}
2017-02-12 18:33:51.496 INFO  network.client.Client 180 receiveMsg - {"Statusupdate":{"Spieler":{"Status":"Warten","Rittermacht":0,"Farbe":"Rot","Längste Handelsstraße":false,"Siegpunkte":2,"Rohstoffe":{"Unbekannt":2},"id":2,"Entwicklungskarten":{"Unbekannt":1},"Name":"KI (2)","Größte Rittermacht":false}}}
2017-02-12 18:33:51.513 INFO  network.client.Client 180 receiveMsg - {"Statusupdate":{"Spieler":{"Status":"Warten","Rittermacht":0,"Farbe":"Weiß","Längste Handelsstraße":false,"Siegpunkte":3,"Rohstoffe":{"Getreide":0,"Wolle":0,"Holz":2,"Lehm":0,"Erz":0},"id":3,"Entwicklungskarten":{"Straßenbau":0,"Erfindung":0,"Monopol":0,"Ritter":0,"Siegpunkt":0},"Name":"chris","Größte Rittermacht":false}}}
2017-02-12 18:33:51.585 INFO  network.client.Client 180 receiveMsg - {"Statusupdate":{"Spieler":{"Status":"Räuber versetzen","Rittermacht":0,"Farbe":"Blau","Längste Handelsstraße":false,"Siegpunkte":2,"Rohstoffe":{"Unbekannt":7},"id":1,"Entwicklungskarten":{"Unbekannt":0},"Name":"KI (1)","Größte Rittermacht":false}}}
2017-02-12 18:33:51.987 INFO  network.client.Client 180 receiveMsg - {"Kosten":{"Rohstoffe":{"Unbekannt":1},"Spieler":2}}
2017-02-12 18:33:51.999 INFO  network.client.Client 180 receiveMsg - {"Ertrag":{"Rohstoffe":{"Unbekannt":1},"Spieler":1}}
2017-02-12 18:33:52.076 INFO  network.client.Client 180 receiveMsg - {"Räuber versetzt":{"Ort":{"x":-1,"y":0},"Spieler":1,"Ziel":2}}
2017-02-12 18:33:52.086 INFO  network.client.Client 180 receiveMsg - {"Statusupdate":{"Spieler":{"Status":"Handeln oder Bauen","Rittermacht":0,"Farbe":"Blau","Längste Handelsstraße":false,"Siegpunkte":2,"Rohstoffe":{"Unbekannt":8},"id":1,"Entwicklungskarten":{"Unbekannt":0},"Name":"KI (1)","Größte Rittermacht":false}}}
2017-02-12 18:33:52.510 INFO  network.Interpreter 328 axialToEdgeOrCorner - [{"x":0,"y":-2},{"x":1,"y":-2}]. {29, 30}
2017-02-12 18:33:52.511 INFO  network.Interpreter 328 axialToEdgeOrCorner - [{"x":0,"y":-2},{"x":1,"y":-2}]. {29, 30}
2017-02-12 18:33:52.511 INFO  network.client.ClientListener 1102 build - Straße - [{"x":0,"y":-2},{"x":1,"y":-2}] - {29, 30}
2017-02-12 18:33:52.511 INFO  network.client.Client 180 receiveMsg - {"Bauvorgang":{"Gebäude":{"Ort":[{"x":0,"y":-2},{"x":1,"y":-2}],"Eigentümer":1,"Typ":"Straße"}}}
2017-02-12 18:33:52.523 INFO  network.client.Client 180 receiveMsg - {"Kosten":{"Rohstoffe":{"Unbekannt":2},"Spieler":1}}
2017-02-12 18:33:52.598 INFO  network.client.Client 180 receiveMsg - {"Statusupdate":{"Spieler":{"Status":"Handeln oder Bauen","Rittermacht":0,"Farbe":"Blau","Längste Handelsstraße":false,"Siegpunkte":2,"Rohstoffe":{"Unbekannt":6},"id":1,"Entwicklungskarten":{"Unbekannt":0},"Name":"KI (1)","Größte Rittermacht":false}}}
2017-02-12 18:33:52.918 INFO  network.JsonLib 259 dev - Case not covered!
2017-02-12 18:33:52.919 INFO  network.client.Client 180 receiveMsg - {"Entwicklungskarte gekauft":{"Entwicklungskarte":"Unbekannt","Spieler":1}}
2017-02-12 18:33:52.931 INFO  network.client.Client 180 receiveMsg - {"Kosten":{"Rohstoffe":{"Unbekannt":3},"Spieler":1}}
2017-02-12 18:33:53.005 INFO  network.client.Client 180 receiveMsg - {"Statusupdate":{"Spieler":{"Status":"Handeln oder Bauen","Rittermacht":0,"Farbe":"Blau","Längste Handelsstraße":false,"Siegpunkte":2,"Rohstoffe":{"Unbekannt":3},"id":1,"Entwicklungskarten":{"Unbekannt":1},"Name":"KI (1)","Größte Rittermacht":false}}}
2017-02-12 18:33:53.335 INFO  network.client.Client 180 receiveMsg - {"Statusupdate":{"Spieler":{"Status":"Warten","Rittermacht":0,"Farbe":"Blau","Längste Handelsstraße":false,"Siegpunkte":2,"Rohstoffe":{"Unbekannt":3},"id":1,"Entwicklungskarten":{"Unbekannt":1},"Name":"KI (1)","Größte Rittermacht":false}}}
2017-02-12 18:33:53.348 INFO  network.client.Client 180 receiveMsg - {"Statusupdate":{"Spieler":{"Status":"Würfeln","Rittermacht":0,"Farbe":"Rot","Längste Handelsstraße":false,"Siegpunkte":2,"Rohstoffe":{"Unbekannt":1},"id":2,"Entwicklungskarten":{"Unbekannt":1},"Name":"KI (2)","Größte Rittermacht":false}}}
2017-02-12 18:33:53.422 INFO  network.client.Client 180 receiveMsg - {"Würfelwurf":{"Spieler":2,"Wurf":[1,5]}}
2017-02-12 18:33:53.441 INFO  network.client.Client 180 receiveMsg - {"Ertrag":{"Rohstoffe":{"Lehm":2},"Spieler":2}}
2017-02-12 18:33:53.510 INFO  network.client.Client 180 receiveMsg - {"Ertrag":{"Rohstoffe":{"Getreide":1},"Spieler":3}}
2017-02-12 18:33:53.528 INFO  network.client.Client 180 receiveMsg - {"Statusupdate":{"Spieler":{"Status":"Handeln oder Bauen","Rittermacht":0,"Farbe":"Rot","Längste Handelsstraße":false,"Siegpunkte":2,"Rohstoffe":{"Unbekannt":3},"id":2,"Entwicklungskarten":{"Unbekannt":1},"Name":"KI (2)","Größte Rittermacht":false}}}
2017-02-12 18:33:54.002 INFO  network.client.Client 180 receiveMsg - {"Statusupdate":{"Spieler":{"Status":"Warten","Rittermacht":0,"Farbe":"Rot","Längste Handelsstraße":false,"Siegpunkte":2,"Rohstoffe":{"Unbekannt":3},"id":2,"Entwicklungskarten":{"Unbekannt":1},"Name":"KI (2)","Größte Rittermacht":false}}}
2017-02-12 18:33:54.010 INFO  network.client.Client 180 receiveMsg - {"Statusupdate":{"Spieler":{"Status":"Würfeln","Rittermacht":0,"Farbe":"Weiß","Längste Handelsstraße":false,"Siegpunkte":3,"Rohstoffe":{"Getreide":1,"Wolle":0,"Holz":2,"Lehm":0,"Erz":0},"id":3,"Entwicklungskarten":{"Straßenbau":0,"Erfindung":0,"Monopol":0,"Ritter":0,"Siegpunkt":0},"Name":"chris","Größte Rittermacht":false}}}
2017-02-12 18:33:54.627 INFO  network.client.Client 153 sendMsg - {"Würfeln":{}}
2017-02-12 18:33:54.628 INFO  network.client.Client 180 receiveMsg - {"Serverantwort":"OK"}
2017-02-12 18:33:54.639 INFO  network.client.Client 180 receiveMsg - {"Würfelwurf":{"Spieler":3,"Wurf":[1,5]}}
2017-02-12 18:33:54.718 INFO  network.client.Client 180 receiveMsg - {"Ertrag":{"Rohstoffe":{"Lehm":2},"Spieler":2}}
2017-02-12 18:33:54.727 INFO  network.client.Client 180 receiveMsg - {"Ertrag":{"Rohstoffe":{"Getreide":1},"Spieler":3}}
2017-02-12 18:33:54.808 INFO  network.client.Client 180 receiveMsg - {"Statusupdate":{"Spieler":{"Status":"Handeln oder Bauen","Rittermacht":0,"Farbe":"Weiß","Längste Handelsstraße":false,"Siegpunkte":3,"Rohstoffe":{"Getreide":2,"Wolle":0,"Holz":2,"Lehm":0,"Erz":0},"id":3,"Entwicklungskarten":{"Straßenbau":0,"Erfindung":0,"Monopol":0,"Ritter":0,"Siegpunkt":0},"Name":"chris","Größte Rittermacht":false}}}
2017-02-12 18:33:55.661 INFO  network.client.Client 153 sendMsg - {"Zug beenden":{}}
2017-02-12 18:33:55.664 INFO  network.client.Client 180 receiveMsg - {"Statusupdate":{"Spieler":{"Status":"Warten","Rittermacht":0,"Farbe":"Weiß","Längste Handelsstraße":false,"Siegpunkte":3,"Rohstoffe":{"Getreide":2,"Wolle":0,"Holz":2,"Lehm":0,"Erz":0},"id":3,"Entwicklungskarten":{"Straßenbau":0,"Erfindung":0,"Monopol":0,"Ritter":0,"Siegpunkt":0},"Name":"chris","Größte Rittermacht":false}}}
2017-02-12 18:33:55.682 INFO  network.client.Client 180 receiveMsg - {"Statusupdate":{"Spieler":{"Status":"Würfeln","Rittermacht":0,"Farbe":"Blau","Längste Handelsstraße":false,"Siegpunkte":2,"Rohstoffe":{"Unbekannt":3},"id":1,"Entwicklungskarten":{"Unbekannt":1},"Name":"KI (1)","Größte Rittermacht":false}}}
2017-02-12 18:33:55.757 INFO  network.client.Client 180 receiveMsg - {"Würfelwurf":{"Spieler":1,"Wurf":[3,2]}}
2017-02-12 18:33:55.776 INFO  network.client.Client 180 receiveMsg - {"Ertrag":{"Rohstoffe":{"Wolle":1,"Lehm":1},"Spieler":1}}
2017-02-12 18:33:55.843 INFO  network.client.Client 180 receiveMsg - {"Statusupdate":{"Spieler":{"Status":"Handeln oder Bauen","Rittermacht":0,"Farbe":"Blau","Längste Handelsstraße":false,"Siegpunkte":2,"Rohstoffe":{"Unbekannt":5},"id":1,"Entwicklungskarten":{"Unbekannt":1},"Name":"KI (1)","Größte Rittermacht":false}}}
2017-02-12 18:33:56.193 INFO  network.Interpreter 328 axialToEdgeOrCorner - [{"x":0,"y":-2},{"x":1,"y":-3}]. {29, 34}
2017-02-12 18:33:56.193 INFO  network.Interpreter 328 axialToEdgeOrCorner - [{"x":0,"y":-2},{"x":1,"y":-3}]. {29, 34}
2017-02-12 18:33:56.193 INFO  network.client.ClientListener 1102 build - Straße - [{"x":0,"y":-2},{"x":1,"y":-3}] - {29, 34}
2017-02-12 18:33:56.193 INFO  network.client.Client 180 receiveMsg - {"Bauvorgang":{"Gebäude":{"Ort":[{"x":0,"y":-2},{"x":1,"y":-3}],"Eigentümer":1,"Typ":"Straße"}}}
2017-02-12 18:33:56.203 INFO  network.client.Client 180 receiveMsg - {"Kosten":{"Rohstoffe":{"Unbekannt":2},"Spieler":1}}
2017-02-12 18:33:56.280 INFO  network.client.Client 180 receiveMsg - {"Statusupdate":{"Spieler":{"Status":"Handeln oder Bauen","Rittermacht":0,"Farbe":"Blau","Längste Handelsstraße":false,"Siegpunkte":2,"Rohstoffe":{"Unbekannt":3},"id":1,"Entwicklungskarten":{"Unbekannt":1},"Name":"KI (1)","Größte Rittermacht":false}}}
2017-02-12 18:33:56.596 INFO  network.client.Client 180 receiveMsg - {"Kosten":{"Rohstoffe":{"Holz":1},"Spieler":3}}
2017-02-12 18:33:56.614 INFO  network.client.Client 180 receiveMsg - {"Ertrag":{"Rohstoffe":{"Unbekannt":1},"Spieler":1}}
2017-02-12 18:33:56.682 INFO  network.client.Client 180 receiveMsg - {"Ritter ausspielen":{"Ort":{"x":2,"y":0},"Spieler":1,"Ziel":3}}
2017-02-12 18:33:56.703 INFO  network.client.Client 180 receiveMsg - {"Statusupdate":{"Spieler":{"Status":"Handeln oder Bauen","Rittermacht":1,"Farbe":"Blau","Längste Handelsstraße":false,"Siegpunkte":2,"Rohstoffe":{"Unbekannt":4},"id":1,"Entwicklungskarten":{"Unbekannt":0},"Name":"KI (1)","Größte Rittermacht":false}}}
2017-02-12 18:33:56.768 INFO  network.client.Client 180 receiveMsg - {"Statusupdate":{"Spieler":{"Status":"Warten","Rittermacht":1,"Farbe":"Blau","Längste Handelsstraße":false,"Siegpunkte":2,"Rohstoffe":{"Unbekannt":4},"id":1,"Entwicklungskarten":{"Unbekannt":0},"Name":"KI (1)","Größte Rittermacht":false}}}
2017-02-12 18:33:56.794 INFO  network.client.Client 180 receiveMsg - {"Statusupdate":{"Spieler":{"Status":"Würfeln","Rittermacht":0,"Farbe":"Rot","Längste Handelsstraße":false,"Siegpunkte":2,"Rohstoffe":{"Unbekannt":5},"id":2,"Entwicklungskarten":{"Unbekannt":1},"Name":"KI (2)","Größte Rittermacht":false}}}
2017-02-12 18:33:57.025 INFO  network.client.Client 180 receiveMsg - {"Würfelwurf":{"Spieler":2,"Wurf":[2,6]}}
2017-02-12 18:33:57.044 INFO  network.client.Client 180 receiveMsg - {"Ertrag":{"Rohstoffe":{"Holz":1},"Spieler":1}}
2017-02-12 18:33:57.116 INFO  network.client.Client 180 receiveMsg - {"Statusupdate":{"Spieler":{"Status":"Handeln oder Bauen","Rittermacht":0,"Farbe":"Rot","Längste Handelsstraße":false,"Siegpunkte":2,"Rohstoffe":{"Unbekannt":5},"id":2,"Entwicklungskarten":{"Unbekannt":1},"Name":"KI (2)","Größte Rittermacht":false}}}
2017-02-12 18:33:57.518 INFO  network.client.Client 180 receiveMsg - {"Statusupdate":{"Spieler":{"Status":"Warten","Rittermacht":0,"Farbe":"Rot","Längste Handelsstraße":false,"Siegpunkte":2,"Rohstoffe":{"Unbekannt":5},"id":2,"Entwicklungskarten":{"Unbekannt":1},"Name":"KI (2)","Größte Rittermacht":false}}}
2017-02-12 18:33:57.524 INFO  network.client.Client 180 receiveMsg - {"Statusupdate":{"Spieler":{"Status":"Würfeln","Rittermacht":0,"Farbe":"Weiß","Längste Handelsstraße":false,"Siegpunkte":3,"Rohstoffe":{"Getreide":2,"Wolle":0,"Holz":1,"Lehm":0,"Erz":0},"id":3,"Entwicklungskarten":{"Straßenbau":0,"Erfindung":0,"Monopol":0,"Ritter":0,"Siegpunkt":0},"Name":"chris","Größte Rittermacht":false}}}
2017-02-12 18:33:58.506 INFO  network.client.Client 153 sendMsg - {"Würfeln":{}}
2017-02-12 18:33:58.507 INFO  network.client.Client 180 receiveMsg - {"Serverantwort":"OK"}
2017-02-12 18:33:58.518 INFO  network.client.Client 180 receiveMsg - {"Würfelwurf":{"Spieler":3,"Wurf":[3,5]}}
2017-02-12 18:33:58.596 INFO  network.client.Client 180 receiveMsg - {"Ertrag":{"Rohstoffe":{"Holz":1},"Spieler":1}}
2017-02-12 18:33:58.610 INFO  network.client.Client 180 receiveMsg - {"Statusupdate":{"Spieler":{"Status":"Handeln oder Bauen","Rittermacht":0,"Farbe":"Weiß","Längste Handelsstraße":false,"Siegpunkte":3,"Rohstoffe":{"Getreide":2,"Wolle":0,"Holz":1,"Lehm":0,"Erz":0},"id":3,"Entwicklungskarten":{"Straßenbau":0,"Erfindung":0,"Monopol":0,"Ritter":0,"Siegpunkt":0},"Name":"chris","Größte Rittermacht":false}}}
2017-02-12 18:34:00.255 INFO  network.client.Client 153 sendMsg - {"Zug beenden":{}}
2017-02-12 18:34:00.258 INFO  network.client.Client 180 receiveMsg - {"Statusupdate":{"Spieler":{"Status":"Warten","Rittermacht":0,"Farbe":"Weiß","Längste Handelsstraße":false,"Siegpunkte":3,"Rohstoffe":{"Getreide":2,"Wolle":0,"Holz":1,"Lehm":0,"Erz":0},"id":3,"Entwicklungskarten":{"Straßenbau":0,"Erfindung":0,"Monopol":0,"Ritter":0,"Siegpunkt":0},"Name":"chris","Größte Rittermacht":false}}}
2017-02-12 18:34:00.275 INFO  network.client.Client 180 receiveMsg - {"Statusupdate":{"Spieler":{"Status":"Würfeln","Rittermacht":1,"Farbe":"Blau","Längste Handelsstraße":false,"Siegpunkte":2,"Rohstoffe":{"Unbekannt":6},"id":1,"Entwicklungskarten":{"Unbekannt":0},"Name":"KI (1)","Größte Rittermacht":false}}}
2017-02-12 18:34:00.354 INFO  network.client.Client 180 receiveMsg - {"Würfelwurf":{"Spieler":1,"Wurf":[1,6]}}
2017-02-12 18:34:00.366 INFO  network.client.Client 180 receiveMsg - {"Statusupdate":{"Spieler":{"Status":"Warten","Rittermacht":1,"Farbe":"Blau","Längste Handelsstraße":false,"Siegpunkte":2,"Rohstoffe":{"Unbekannt":6},"id":1,"Entwicklungskarten":{"Unbekannt":0},"Name":"KI (1)","Größte Rittermacht":false}}}
2017-02-12 18:34:00.443 INFO  network.client.Client 180 receiveMsg - {"Statusupdate":{"Spieler":{"Status":"Warten","Rittermacht":0,"Farbe":"Rot","Längste Handelsstraße":false,"Siegpunkte":2,"Rohstoffe":{"Unbekannt":5},"id":2,"Entwicklungskarten":{"Unbekannt":1},"Name":"KI (2)","Größte Rittermacht":false}}}
2017-02-12 18:34:00.458 INFO  network.client.Client 180 receiveMsg - {"Statusupdate":{"Spieler":{"Status":"Warten","Rittermacht":0,"Farbe":"Weiß","Längste Handelsstraße":false,"Siegpunkte":3,"Rohstoffe":{"Getreide":2,"Wolle":0,"Holz":1,"Lehm":0,"Erz":0},"id":3,"Entwicklungskarten":{"Straßenbau":0,"Erfindung":0,"Monopol":0,"Ritter":0,"Siegpunkt":0},"Name":"chris","Größte Rittermacht":false}}}
2017-02-12 18:34:00.532 INFO  network.client.Client 180 receiveMsg - {"Statusupdate":{"Spieler":{"Status":"Räuber versetzen","Rittermacht":1,"Farbe":"Blau","Längste Handelsstraße":false,"Siegpunkte":2,"Rohstoffe":{"Unbekannt":6},"id":1,"Entwicklungskarten":{"Unbekannt":0},"Name":"KI (1)","Größte Rittermacht":false}}}
2017-02-12 18:34:00.923 INFO  network.client.Client 180 receiveMsg - {"Kosten":{"Rohstoffe":{"Unbekannt":1},"Spieler":2}}
2017-02-12 18:34:00.935 INFO  network.client.Client 180 receiveMsg - {"Ertrag":{"Rohstoffe":{"Unbekannt":1},"Spieler":1}}
2017-02-12 18:34:01.009 INFO  network.client.Client 180 receiveMsg - {"Räuber versetzt":{"Ort":{"x":-2,"y":1},"Spieler":1,"Ziel":2}}
2017-02-12 18:34:01.021 INFO  network.client.Client 180 receiveMsg - {"Statusupdate":{"Spieler":{"Status":"Handeln oder Bauen","Rittermacht":1,"Farbe":"Blau","Längste Handelsstraße":false,"Siegpunkte":2,"Rohstoffe":{"Unbekannt":7},"id":1,"Entwicklungskarten":{"Unbekannt":0},"Name":"KI (1)","Größte Rittermacht":false}}}
2017-02-12 18:34:01.450 INFO  network.Interpreter 328 axialToEdgeOrCorner - [{"x":0,"y":-2},{"x":0,"y":-3}]. {29, 33}
2017-02-12 18:34:01.450 INFO  network.Interpreter 328 axialToEdgeOrCorner - [{"x":0,"y":-2},{"x":0,"y":-3}]. {29, 33}
2017-02-12 18:34:01.450 INFO  network.client.ClientListener 1102 build - Straße - [{"x":0,"y":-2},{"x":0,"y":-3}] - {29, 33}
2017-02-12 18:34:01.450 INFO  network.client.Client 180 receiveMsg - {"Bauvorgang":{"Gebäude":{"Ort":[{"x":0,"y":-2},{"x":0,"y":-3}],"Eigentümer":1,"Typ":"Straße"}}}
2017-02-12 18:34:01.461 INFO  network.client.Client 180 receiveMsg - {"Kosten":{"Rohstoffe":{"Unbekannt":2},"Spieler":1}}
2017-02-12 18:34:01.540 INFO  network.client.Client 180 receiveMsg - {"Statusupdate":{"Spieler":{"Status":"Handeln oder Bauen","Rittermacht":1,"Farbe":"Blau","Längste Handelsstraße":false,"Siegpunkte":2,"Rohstoffe":{"Unbekannt":5},"id":1,"Entwicklungskarten":{"Unbekannt":0},"Name":"KI (1)","Größte Rittermacht":false}}}
2017-02-12 18:34:01.935 INFO  network.client.Client 180 receiveMsg - {"Statusupdate":{"Spieler":{"Status":"Warten","Rittermacht":1,"Farbe":"Blau","Längste Handelsstraße":false,"Siegpunkte":2,"Rohstoffe":{"Unbekannt":5},"id":1,"Entwicklungskarten":{"Unbekannt":0},"Name":"KI (1)","Größte Rittermacht":false}}}
2017-02-12 18:34:01.948 INFO  network.client.Client 180 receiveMsg - {"Statusupdate":{"Spieler":{"Status":"Würfeln","Rittermacht":0,"Farbe":"Rot","Längste Handelsstraße":false,"Siegpunkte":2,"Rohstoffe":{"Unbekannt":4},"id":2,"Entwicklungskarten":{"Unbekannt":1},"Name":"KI (2)","Größte Rittermacht":false}}}
2017-02-12 18:34:02.026 INFO  network.client.Client 180 receiveMsg - {"Würfelwurf":{"Spieler":2,"Wurf":[5,6]}}
2017-02-12 18:34:02.042 INFO  network.client.Client 180 receiveMsg - {"Ertrag":{"Rohstoffe":{"Holz":1},"Spieler":2}}
2017-02-12 18:34:02.114 INFO  network.client.Client 180 receiveMsg - {"Statusupdate":{"Spieler":{"Status":"Handeln oder Bauen","Rittermacht":0,"Farbe":"Rot","Längste Handelsstraße":false,"Siegpunkte":2,"Rohstoffe":{"Unbekannt":5},"id":2,"Entwicklungskarten":{"Unbekannt":1},"Name":"KI (2)","Größte Rittermacht":false}}}
2017-02-12 18:34:02.460 INFO  network.Interpreter 328 axialToEdgeOrCorner - [{"x":-2,"y":1},{"x":-1,"y":0}]. {10, 17}
2017-02-12 18:34:02.460 INFO  network.Interpreter 328 axialToEdgeOrCorner - [{"x":-2,"y":1},{"x":-1,"y":0}]. {10, 17}
2017-02-12 18:34:02.460 INFO  network.client.ClientListener 1102 build - Straße - [{"x":-2,"y":1},{"x":-1,"y":0}] - {10, 17}
2017-02-12 18:34:02.460 INFO  network.client.Client 180 receiveMsg - {"Bauvorgang":{"Gebäude":{"Ort":[{"x":-2,"y":1},{"x":-1,"y":0}],"Eigentümer":2,"Typ":"Straße"}}}
2017-02-12 18:34:02.472 INFO  network.client.Client 180 receiveMsg - {"Kosten":{"Rohstoffe":{"Unbekannt":2},"Spieler":2}}
2017-02-12 18:34:02.547 INFO  network.client.Client 180 receiveMsg - {"Statusupdate":{"Spieler":{"Status":"Handeln oder Bauen","Rittermacht":0,"Farbe":"Rot","Längste Handelsstraße":false,"Siegpunkte":2,"Rohstoffe":{"Unbekannt":3},"id":2,"Entwicklungskarten":{"Unbekannt":1},"Name":"KI (2)","Größte Rittermacht":false}}}
2017-02-12 18:34:02.952 INFO  network.client.Client 180 receiveMsg - {"Statusupdate":{"Spieler":{"Status":"Warten","Rittermacht":0,"Farbe":"Rot","Längste Handelsstraße":false,"Siegpunkte":2,"Rohstoffe":{"Unbekannt":3},"id":2,"Entwicklungskarten":{"Unbekannt":1},"Name":"KI (2)","Größte Rittermacht":false}}}
2017-02-12 18:34:02.961 INFO  network.client.Client 180 receiveMsg - {"Statusupdate":{"Spieler":{"Status":"Würfeln","Rittermacht":0,"Farbe":"Weiß","Längste Handelsstraße":false,"Siegpunkte":3,"Rohstoffe":{"Getreide":2,"Wolle":0,"Holz":1,"Lehm":0,"Erz":0},"id":3,"Entwicklungskarten":{"Straßenbau":0,"Erfindung":0,"Monopol":0,"Ritter":0,"Siegpunkt":0},"Name":"chris","Größte Rittermacht":false}}}
2017-02-12 18:34:03.643 INFO  network.client.Client 153 sendMsg - {"Würfeln":{}}
2017-02-12 18:34:03.645 INFO  network.client.Client 180 receiveMsg - {"Serverantwort":"OK"}
2017-02-12 18:34:03.656 INFO  network.client.Client 180 receiveMsg - {"Würfelwurf":{"Spieler":3,"Wurf":[6,5]}}
2017-02-12 18:34:03.735 INFO  network.client.Client 180 receiveMsg - {"Ertrag":{"Rohstoffe":{"Holz":1},"Spieler":2}}
2017-02-12 18:34:03.745 INFO  network.client.Client 180 receiveMsg - {"Statusupdate":{"Spieler":{"Status":"Handeln oder Bauen","Rittermacht":0,"Farbe":"Weiß","Längste Handelsstraße":false,"Siegpunkte":3,"Rohstoffe":{"Getreide":2,"Wolle":0,"Holz":1,"Lehm":0,"Erz":0},"id":3,"Entwicklungskarten":{"Straßenbau":0,"Erfindung":0,"Monopol":0,"Ritter":0,"Siegpunkt":0},"Name":"chris","Größte Rittermacht":false}}}
2017-02-12 18:34:05.038 INFO  network.client.Client 153 sendMsg - {"Zug beenden":{}}
2017-02-12 18:34:05.041 INFO  network.client.Client 180 receiveMsg - {"Statusupdate":{"Spieler":{"Status":"Warten","Rittermacht":0,"Farbe":"Weiß","Längste Handelsstraße":false,"Siegpunkte":3,"Rohstoffe":{"Getreide":2,"Wolle":0,"Holz":1,"Lehm":0,"Erz":0},"id":3,"Entwicklungskarten":{"Straßenbau":0,"Erfindung":0,"Monopol":0,"Ritter":0,"Siegpunkt":0},"Name":"chris","Größte Rittermacht":false}}}
2017-02-12 18:34:05.059 INFO  network.client.Client 180 receiveMsg - {"Statusupdate":{"Spieler":{"Status":"Würfeln","Rittermacht":1,"Farbe":"Blau","Längste Handelsstraße":false,"Siegpunkte":2,"Rohstoffe":{"Unbekannt":5},"id":1,"Entwicklungskarten":{"Unbekannt":0},"Name":"KI (1)","Größte Rittermacht":false}}}
2017-02-12 18:34:05.138 INFO  network.client.Client 180 receiveMsg - {"Würfelwurf":{"Spieler":1,"Wurf":[6,3]}}
2017-02-12 18:34:05.152 INFO  network.client.Client 180 receiveMsg - {"Statusupdate":{"Spieler":{"Status":"Handeln oder Bauen","Rittermacht":1,"Farbe":"Blau","Längste Handelsstraße":false,"Siegpunkte":2,"Rohstoffe":{"Unbekannt":5},"id":1,"Entwicklungskarten":{"Unbekannt":0},"Name":"KI (1)","Größte Rittermacht":false}}}
2017-02-12 18:34:05.542 INFO  network.client.Client 180 receiveMsg - {"Statusupdate":{"Spieler":{"Status":"Warten","Rittermacht":1,"Farbe":"Blau","Längste Handelsstraße":false,"Siegpunkte":2,"Rohstoffe":{"Unbekannt":5},"id":1,"Entwicklungskarten":{"Unbekannt":0},"Name":"KI (1)","Größte Rittermacht":false}}}
2017-02-12 18:34:05.554 INFO  network.client.Client 180 receiveMsg - {"Statusupdate":{"Spieler":{"Status":"Würfeln","Rittermacht":0,"Farbe":"Rot","Längste Handelsstraße":false,"Siegpunkte":2,"Rohstoffe":{"Unbekannt":4},"id":2,"Entwicklungskarten":{"Unbekannt":1},"Name":"KI (2)","Größte Rittermacht":false}}}
2017-02-12 18:34:05.632 INFO  network.client.Client 180 receiveMsg - {"Würfelwurf":{"Spieler":2,"Wurf":[2,1]}}
2017-02-12 18:34:05.650 INFO  network.client.Client 180 receiveMsg - {"Ertrag":{"Rohstoffe":{"Holz":2,"Erz":1},"Spieler":3}}
2017-02-12 18:34:05.718 INFO  network.client.Client 180 receiveMsg - {"Ertrag":{"Rohstoffe":{"Holz":1,"Erz":1},"Spieler":1}}
2017-02-12 18:34:05.739 INFO  network.client.Client 180 receiveMsg - {"Statusupdate":{"Spieler":{"Status":"Handeln oder Bauen","Rittermacht":0,"Farbe":"Rot","Längste Handelsstraße":false,"Siegpunkte":2,"Rohstoffe":{"Unbekannt":4},"id":2,"Entwicklungskarten":{"Unbekannt":1},"Name":"KI (2)","Größte Rittermacht":false}}}
2017-02-12 18:34:06.152 INFO  network.Interpreter 328 axialToEdgeOrCorner - [{"x":-2,"y":3},{"x":-2,"y":2}]. {1, 5}
2017-02-12 18:34:06.152 INFO  network.Interpreter 328 axialToEdgeOrCorner - [{"x":-2,"y":3},{"x":-2,"y":2}]. {1, 5}
2017-02-12 18:34:06.152 INFO  network.client.ClientListener 1102 build - Straße - [{"x":-2,"y":3},{"x":-2,"y":2}] - {1, 5}
2017-02-12 18:34:06.152 INFO  network.client.Client 180 receiveMsg - {"Bauvorgang":{"Gebäude":{"Ort":[{"x":-2,"y":3},{"x":-2,"y":2}],"Eigentümer":2,"Typ":"Straße"}}}
2017-02-12 18:34:06.162 INFO  network.client.Client 180 receiveMsg - {"Kosten":{"Rohstoffe":{"Unbekannt":2},"Spieler":2}}
2017-02-12 18:34:06.241 INFO  network.client.Client 180 receiveMsg - {"Statusupdate":{"Spieler":{"Status":"Handeln oder Bauen","Rittermacht":0,"Farbe":"Rot","Längste Handelsstraße":false,"Siegpunkte":2,"Rohstoffe":{"Unbekannt":2},"id":2,"Entwicklungskarten":{"Unbekannt":1},"Name":"KI (2)","Größte Rittermacht":false}}}
2017-02-12 18:34:06.253 INFO  network.client.Client 180 receiveMsg - {"Längste Handelsstraße":{"Spieler":2}}
2017-02-12 18:34:06.328 INFO  network.client.Client 180 receiveMsg - {"Statusupdate":{"Spieler":{"Status":"Handeln oder Bauen","Rittermacht":0,"Farbe":"Rot","Längste Handelsstraße":true,"Siegpunkte":4,"Rohstoffe":{"Unbekannt":2},"id":2,"Entwicklungskarten":{"Unbekannt":1},"Name":"KI (2)","Größte Rittermacht":false}}}
2017-02-12 18:34:06.642 INFO  network.client.Client 180 receiveMsg - {"Statusupdate":{"Spieler":{"Status":"Warten","Rittermacht":0,"Farbe":"Rot","Längste Handelsstraße":true,"Siegpunkte":4,"Rohstoffe":{"Unbekannt":2},"id":2,"Entwicklungskarten":{"Unbekannt":1},"Name":"KI (2)","Größte Rittermacht":false}}}
2017-02-12 18:34:06.649 INFO  network.client.Client 180 receiveMsg - {"Statusupdate":{"Spieler":{"Status":"Würfeln","Rittermacht":0,"Farbe":"Weiß","Längste Handelsstraße":false,"Siegpunkte":3,"Rohstoffe":{"Getreide":2,"Wolle":0,"Holz":3,"Lehm":0,"Erz":1},"id":3,"Entwicklungskarten":{"Straßenbau":0,"Erfindung":0,"Monopol":0,"Ritter":0,"Siegpunkt":0},"Name":"chris","Größte Rittermacht":false}}}
2017-02-12 18:34:08.140 INFO  network.client.Client 153 sendMsg - {"Würfeln":{}}
2017-02-12 18:34:08.142 INFO  network.client.Client 180 receiveMsg - {"Serverantwort":"OK"}
2017-02-12 18:34:08.153 INFO  network.client.Client 180 receiveMsg - {"Würfelwurf":{"Spieler":3,"Wurf":[3,3]}}
2017-02-12 18:34:08.231 INFO  network.client.Client 180 receiveMsg - {"Ertrag":{"Rohstoffe":{"Lehm":2},"Spieler":2}}
2017-02-12 18:34:08.243 INFO  network.client.Client 180 receiveMsg - {"Ertrag":{"Rohstoffe":{"Getreide":1},"Spieler":3}}
2017-02-12 18:34:08.318 INFO  network.client.Client 180 receiveMsg - {"Statusupdate":{"Spieler":{"Status":"Handeln oder Bauen","Rittermacht":0,"Farbe":"Weiß","Längste Handelsstraße":false,"Siegpunkte":3,"Rohstoffe":{"Getreide":3,"Wolle":0,"Holz":3,"Lehm":0,"Erz":1},"id":3,"Entwicklungskarten":{"Straßenbau":0,"Erfindung":0,"Monopol":0,"Ritter":0,"Siegpunkt":0},"Name":"chris","Größte Rittermacht":false}}}
2017-02-12 18:34:09.561 INFO  network.client.Client 153 sendMsg - {"Zug beenden":{}}
2017-02-12 18:34:09.563 INFO  network.client.Client 180 receiveMsg - {"Statusupdate":{"Spieler":{"Status":"Warten","Rittermacht":0,"Farbe":"Weiß","Längste Handelsstraße":false,"Siegpunkte":3,"Rohstoffe":{"Getreide":3,"Wolle":0,"Holz":3,"Lehm":0,"Erz":1},"id":3,"Entwicklungskarten":{"Straßenbau":0,"Erfindung":0,"Monopol":0,"Ritter":0,"Siegpunkt":0},"Name":"chris","Größte Rittermacht":false}}}
2017-02-12 18:34:09.580 INFO  network.client.Client 180 receiveMsg - {"Statusupdate":{"Spieler":{"Status":"Würfeln","Rittermacht":1,"Farbe":"Blau","Längste Handelsstraße":false,"Siegpunkte":2,"Rohstoffe":{"Unbekannt":7},"id":1,"Entwicklungskarten":{"Unbekannt":0},"Name":"KI (1)","Größte Rittermacht":false}}}
2017-02-12 18:34:09.657 INFO  network.client.Client 180 receiveMsg - {"Würfelwurf":{"Spieler":1,"Wurf":[3,6]}}
2017-02-12 18:34:09.669 INFO  network.client.Client 180 receiveMsg - {"Statusupdate":{"Spieler":{"Status":"Handeln oder Bauen","Rittermacht":1,"Farbe":"Blau","Längste Handelsstraße":false,"Siegpunkte":2,"Rohstoffe":{"Unbekannt":7},"id":1,"Entwicklungskarten":{"Unbekannt":0},"Name":"KI (1)","Größte Rittermacht":false}}}
2017-02-12 18:34:10.070 INFO  network.client.Client 180 receiveMsg - {"Statusupdate":{"Spieler":{"Status":"Warten","Rittermacht":1,"Farbe":"Blau","Längste Handelsstraße":false,"Siegpunkte":2,"Rohstoffe":{"Unbekannt":7},"id":1,"Entwicklungskarten":{"Unbekannt":0},"Name":"KI (1)","Größte Rittermacht":false}}}
2017-02-12 18:34:10.083 INFO  network.client.Client 180 receiveMsg - {"Statusupdate":{"Spieler":{"Status":"Würfeln","Rittermacht":0,"Farbe":"Rot","Längste Handelsstraße":true,"Siegpunkte":4,"Rohstoffe":{"Unbekannt":4},"id":2,"Entwicklungskarten":{"Unbekannt":1},"Name":"KI (2)","Größte Rittermacht":false}}}
2017-02-12 18:34:10.159 INFO  network.client.Client 180 receiveMsg - {"Würfelwurf":{"Spieler":2,"Wurf":[5,6]}}
2017-02-12 18:34:10.177 INFO  network.client.Client 180 receiveMsg - {"Ertrag":{"Rohstoffe":{"Holz":1},"Spieler":2}}
2017-02-12 18:34:10.249 INFO  network.client.Client 180 receiveMsg - {"Statusupdate":{"Spieler":{"Status":"Handeln oder Bauen","Rittermacht":0,"Farbe":"Rot","Längste Handelsstraße":true,"Siegpunkte":4,"Rohstoffe":{"Unbekannt":5},"id":2,"Entwicklungskarten":{"Unbekannt":1},"Name":"KI (2)","Größte Rittermacht":false}}}
2017-02-12 18:34:10.592 INFO  network.Interpreter 328 axialToEdgeOrCorner - [{"x":-3,"y":3},{"x":-2,"y":2}]. {0, 5}
2017-02-12 18:34:10.593 INFO  network.Interpreter 328 axialToEdgeOrCorner - [{"x":-3,"y":3},{"x":-2,"y":2}]. {0, 5}
2017-02-12 18:34:10.593 INFO  network.client.ClientListener 1102 build - Straße - [{"x":-3,"y":3},{"x":-2,"y":2}] - {0, 5}
2017-02-12 18:34:10.593 INFO  network.client.Client 180 receiveMsg - {"Bauvorgang":{"Gebäude":{"Ort":[{"x":-3,"y":3},{"x":-2,"y":2}],"Eigentümer":2,"Typ":"Straße"}}}
2017-02-12 18:34:10.605 INFO  network.client.Client 180 receiveMsg - {"Kosten":{"Rohstoffe":{"Unbekannt":2},"Spieler":2}}
2017-02-12 18:34:10.684 INFO  network.client.Client 180 receiveMsg - {"Statusupdate":{"Spieler":{"Status":"Handeln oder Bauen","Rittermacht":0,"Farbe":"Rot","Längste Handelsstraße":true,"Siegpunkte":4,"Rohstoffe":{"Unbekannt":3},"id":2,"Entwicklungskarten":{"Unbekannt":1},"Name":"KI (2)","Größte Rittermacht":false}}}
2017-02-12 18:34:11.077 INFO  network.client.Client 180 receiveMsg - {"Statusupdate":{"Spieler":{"Status":"Warten","Rittermacht":0,"Farbe":"Rot","Längste Handelsstraße":true,"Siegpunkte":4,"Rohstoffe":{"Unbekannt":3},"id":2,"Entwicklungskarten":{"Unbekannt":1},"Name":"KI (2)","Größte Rittermacht":false}}}
2017-02-12 18:34:11.085 INFO  network.client.Client 180 receiveMsg - {"Statusupdate":{"Spieler":{"Status":"Würfeln","Rittermacht":0,"Farbe":"Weiß","Längste Handelsstraße":false,"Siegpunkte":3,"Rohstoffe":{"Getreide":3,"Wolle":0,"Holz":3,"Lehm":0,"Erz":1},"id":3,"Entwicklungskarten":{"Straßenbau":0,"Erfindung":0,"Monopol":0,"Ritter":0,"Siegpunkt":0},"Name":"chris","Größte Rittermacht":false}}}
2017-02-12 18:34:12.638 INFO  network.client.Client 153 sendMsg - {"Würfeln":{}}
2017-02-12 18:34:12.639 INFO  network.client.Client 180 receiveMsg - {"Serverantwort":"OK"}
2017-02-12 18:34:12.650 INFO  network.client.Client 180 receiveMsg - {"Würfelwurf":{"Spieler":3,"Wurf":[4,1]}}
2017-02-12 18:34:12.727 INFO  network.client.Client 180 receiveMsg - {"Ertrag":{"Rohstoffe":{"Wolle":1,"Lehm":1},"Spieler":1}}
2017-02-12 18:34:12.741 INFO  network.client.Client 180 receiveMsg - {"Statusupdate":{"Spieler":{"Status":"Handeln oder Bauen","Rittermacht":0,"Farbe":"Weiß","Längste Handelsstraße":false,"Siegpunkte":3,"Rohstoffe":{"Getreide":3,"Wolle":0,"Holz":3,"Lehm":0,"Erz":1},"id":3,"Entwicklungskarten":{"Straßenbau":0,"Erfindung":0,"Monopol":0,"Ritter":0,"Siegpunkt":0},"Name":"chris","Größte Rittermacht":false}}}
2017-02-12 18:34:13.886 INFO  network.client.Client 153 sendMsg - {"Zug beenden":{}}
2017-02-12 18:34:13.889 INFO  network.client.Client 180 receiveMsg - {"Statusupdate":{"Spieler":{"Status":"Warten","Rittermacht":0,"Farbe":"Weiß","Längste Handelsstraße":false,"Siegpunkte":3,"Rohstoffe":{"Getreide":3,"Wolle":0,"Holz":3,"Lehm":0,"Erz":1},"id":3,"Entwicklungskarten":{"Straßenbau":0,"Erfindung":0,"Monopol":0,"Ritter":0,"Siegpunkt":0},"Name":"chris","Größte Rittermacht":false}}}
2017-02-12 18:34:13.916 INFO  network.client.Client 180 receiveMsg - {"Statusupdate":{"Spieler":{"Status":"Würfeln","Rittermacht":1,"Farbe":"Blau","Längste Handelsstraße":false,"Siegpunkte":2,"Rohstoffe":{"Unbekannt":9},"id":1,"Entwicklungskarten":{"Unbekannt":0},"Name":"KI (1)","Größte Rittermacht":false}}}
2017-02-12 18:34:13.983 INFO  network.client.Client 180 receiveMsg - {"Würfelwurf":{"Spieler":1,"Wurf":[5,1]}}
2017-02-12 18:34:14.005 INFO  network.client.Client 180 receiveMsg - {"Ertrag":{"Rohstoffe":{"Lehm":2},"Spieler":2}}
2017-02-12 18:34:14.074 INFO  network.client.Client 180 receiveMsg - {"Ertrag":{"Rohstoffe":{"Getreide":1},"Spieler":3}}
2017-02-12 18:34:14.093 INFO  network.client.Client 180 receiveMsg - {"Statusupdate":{"Spieler":{"Status":"Handeln oder Bauen","Rittermacht":1,"Farbe":"Blau","Längste Handelsstraße":false,"Siegpunkte":2,"Rohstoffe":{"Unbekannt":9},"id":1,"Entwicklungskarten":{"Unbekannt":0},"Name":"KI (1)","Größte Rittermacht":false}}}
2017-02-12 18:34:14.499 INFO  network.Interpreter 328 axialToEdgeOrCorner - [{"x":-1,"y":-1},{"x":0,"y":-1}]. {23, 24}
2017-02-12 18:34:14.499 INFO  network.Interpreter 328 axialToEdgeOrCorner - [{"x":-1,"y":-1},{"x":0,"y":-1}]. {23, 24}
2017-02-12 18:34:14.499 INFO  network.client.ClientListener 1102 build - Straße - [{"x":-1,"y":-1},{"x":0,"y":-1}] - {23, 24}
2017-02-12 18:34:14.499 INFO  network.client.Client 180 receiveMsg - {"Bauvorgang":{"Gebäude":{"Ort":[{"x":-1,"y":-1},{"x":0,"y":-1}],"Eigentümer":1,"Typ":"Straße"}}}
2017-02-12 18:34:14.511 INFO  network.client.Client 180 receiveMsg - {"Kosten":{"Rohstoffe":{"Unbekannt":2},"Spieler":1}}
2017-02-12 18:34:14.590 INFO  network.client.Client 180 receiveMsg - {"Statusupdate":{"Spieler":{"Status":"Handeln oder Bauen","Rittermacht":1,"Farbe":"Blau","Längste Handelsstraße":false,"Siegpunkte":2,"Rohstoffe":{"Unbekannt":7},"id":1,"Entwicklungskarten":{"Unbekannt":0},"Name":"KI (1)","Größte Rittermacht":false}}}
2017-02-12 18:34:14.985 INFO  network.client.Client 180 receiveMsg - {"Statusupdate":{"Spieler":{"Status":"Warten","Rittermacht":1,"Farbe":"Blau","Längste Handelsstraße":false,"Siegpunkte":2,"Rohstoffe":{"Unbekannt":7},"id":1,"Entwicklungskarten":{"Unbekannt":0},"Name":"KI (1)","Größte Rittermacht":false}}}
2017-02-12 18:34:14.997 INFO  network.client.Client 180 receiveMsg - {"Statusupdate":{"Spieler":{"Status":"Würfeln","Rittermacht":0,"Farbe":"Rot","Längste Handelsstraße":true,"Siegpunkte":4,"Rohstoffe":{"Unbekannt":5},"id":2,"Entwicklungskarten":{"Unbekannt":1},"Name":"KI (2)","Größte Rittermacht":false}}}
2017-02-12 18:34:15.072 INFO  network.client.Client 180 receiveMsg - {"Würfelwurf":{"Spieler":2,"Wurf":[2,6]}}
2017-02-12 18:34:15.089 INFO  network.client.Client 180 receiveMsg - {"Ertrag":{"Rohstoffe":{"Erz":2},"Spieler":3}}
2017-02-12 18:34:15.161 INFO  network.client.Client 180 receiveMsg - {"Ertrag":{"Rohstoffe":{"Holz":1},"Spieler":1}}
2017-02-12 18:34:15.177 INFO  network.client.Client 180 receiveMsg - {"Statusupdate":{"Spieler":{"Status":"Handeln oder Bauen","Rittermacht":0,"Farbe":"Rot","Längste Handelsstraße":true,"Siegpunkte":4,"Rohstoffe":{"Unbekannt":5},"id":2,"Entwicklungskarten":{"Unbekannt":1},"Name":"KI (2)","Größte Rittermacht":false}}}
2017-02-12 18:34:15.651 INFO  network.client.Client 180 receiveMsg - {"Statusupdate":{"Spieler":{"Status":"Warten","Rittermacht":0,"Farbe":"Rot","Längste Handelsstraße":true,"Siegpunkte":4,"Rohstoffe":{"Unbekannt":5},"id":2,"Entwicklungskarten":{"Unbekannt":1},"Name":"KI (2)","Größte Rittermacht":false}}}
2017-02-12 18:34:15.657 INFO  network.client.Client 180 receiveMsg - {"Statusupdate":{"Spieler":{"Status":"Würfeln","Rittermacht":0,"Farbe":"Weiß","Längste Handelsstraße":false,"Siegpunkte":3,"Rohstoffe":{"Getreide":4,"Wolle":0,"Holz":3,"Lehm":0,"Erz":3},"id":3,"Entwicklungskarten":{"Straßenbau":0,"Erfindung":0,"Monopol":0,"Ritter":0,"Siegpunkt":0},"Name":"chris","Größte Rittermacht":false}}}
2017-02-12 18:34:16.372 INFO  network.client.Client 153 sendMsg - {"Würfeln":{}}
2017-02-12 18:34:16.373 INFO  network.client.Client 180 receiveMsg - {"Serverantwort":"OK"}
2017-02-12 18:34:16.385 INFO  network.client.Client 180 receiveMsg - {"Würfelwurf":{"Spieler":3,"Wurf":[2,1]}}
2017-02-12 18:34:16.463 INFO  network.client.Client 180 receiveMsg - {"Ertrag":{"Rohstoffe":{"Holz":2,"Erz":1},"Spieler":3}}
2017-02-12 18:34:16.474 INFO  network.client.Client 180 receiveMsg - {"Ertrag":{"Rohstoffe":{"Holz":1,"Erz":1},"Spieler":1}}
2017-02-12 18:34:16.550 INFO  network.client.Client 180 receiveMsg - {"Statusupdate":{"Spieler":{"Status":"Handeln oder Bauen","Rittermacht":0,"Farbe":"Weiß","Längste Handelsstraße":false,"Siegpunkte":3,"Rohstoffe":{"Getreide":4,"Wolle":0,"Holz":5,"Lehm":0,"Erz":4},"id":3,"Entwicklungskarten":{"Straßenbau":0,"Erfindung":0,"Monopol":0,"Ritter":0,"Siegpunkt":0},"Name":"chris","Größte Rittermacht":false}}}
2017-02-12 18:34:19.985 INFO  network.client.Client 153 sendMsg - {"Bauen":{"Ort":[{"x":0,"y":-1},{"x":1,"y":-1},{"x":1,"y":-2}],"Typ":"Stadt"}}
2017-02-12 18:34:19.987 INFO  network.client.Client 180 receiveMsg - {"Serverantwort":"OK"}
2017-02-12 18:34:20.001 INFO  network.Interpreter 328 axialToEdgeOrCorner - [{"x":0,"y":-1},{"x":1,"y":-1},{"x":1,"y":-2}]. {24, 25, 30}
2017-02-12 18:34:20.001 INFO  network.Interpreter 328 axialToEdgeOrCorner - [{"x":0,"y":-1},{"x":1,"y":-1},{"x":1,"y":-2}]. {24, 25, 30}
2017-02-12 18:34:20.001 INFO  network.client.ClientListener 1102 build - Stadt - [{"x":0,"y":-1},{"x":1,"y":-1},{"x":1,"y":-2}] - {24, 25, 30}
2017-02-12 18:34:20.001 INFO  network.client.Client 180 receiveMsg - {"Bauvorgang":{"Gebäude":{"Ort":[{"x":0,"y":-1},{"x":1,"y":-1},{"x":1,"y":-2}],"Eigentümer":3,"Typ":"Stadt"}}}
2017-02-12 18:34:20.077 INFO  network.client.Client 180 receiveMsg - {"Kosten":{"Rohstoffe":{"Getreide":2,"Erz":3},"Spieler":3}}
2017-02-12 18:34:20.094 INFO  network.client.Client 180 receiveMsg - {"Statusupdate":{"Spieler":{"Status":"Handeln oder Bauen","Rittermacht":0,"Farbe":"Weiß","Längste Handelsstraße":false,"Siegpunkte":4,"Rohstoffe":{"Getreide":2,"Wolle":0,"Holz":5,"Lehm":0,"Erz":1},"id":3,"Entwicklungskarten":{"Straßenbau":0,"Erfindung":0,"Monopol":0,"Ritter":0,"Siegpunkt":0},"Name":"chris","Größte Rittermacht":false}}}
2017-02-12 18:34:21.333 INFO  network.client.Client 153 sendMsg - {"Zug beenden":{}}
2017-02-12 18:34:21.336 INFO  network.client.Client 180 receiveMsg - {"Statusupdate":{"Spieler":{"Status":"Warten","Rittermacht":0,"Farbe":"Weiß","Längste Handelsstraße":false,"Siegpunkte":4,"Rohstoffe":{"Getreide":2,"Wolle":0,"Holz":5,"Lehm":0,"Erz":1},"id":3,"Entwicklungskarten":{"Straßenbau":0,"Erfindung":0,"Monopol":0,"Ritter":0,"Siegpunkt":0},"Name":"chris","Größte Rittermacht":false}}}
2017-02-12 18:34:21.354 INFO  network.client.Client 180 receiveMsg - {"Statusupdate":{"Spieler":{"Status":"Würfeln","Rittermacht":1,"Farbe":"Blau","Längste Handelsstraße":false,"Siegpunkte":2,"Rohstoffe":{"Unbekannt":10},"id":1,"Entwicklungskarten":{"Unbekannt":0},"Name":"KI (1)","Größte Rittermacht":false}}}
2017-02-12 18:34:21.431 INFO  network.client.Client 180 receiveMsg - {"Würfelwurf":{"Spieler":1,"Wurf":[3,5]}}
2017-02-12 18:34:21.450 INFO  network.client.Client 180 receiveMsg - {"Ertrag":{"Rohstoffe":{"Erz":2},"Spieler":3}}
2017-02-12 18:34:21.518 INFO  network.client.Client 180 receiveMsg - {"Ertrag":{"Rohstoffe":{"Holz":1},"Spieler":1}}
2017-02-12 18:34:21.538 INFO  network.client.Client 180 receiveMsg - {"Statusupdate":{"Spieler":{"Status":"Handeln oder Bauen","Rittermacht":1,"Farbe":"Blau","Längste Handelsstraße":false,"Siegpunkte":2,"Rohstoffe":{"Unbekannt":11},"id":1,"Entwicklungskarten":{"Unbekannt":0},"Name":"KI (1)","Größte Rittermacht":false}}}
2017-02-12 18:34:22.001 INFO  network.client.Client 180 receiveMsg - {"Statusupdate":{"Spieler":{"Status":"Warten","Rittermacht":1,"Farbe":"Blau","Längste Handelsstraße":false,"Siegpunkte":2,"Rohstoffe":{"Unbekannt":11},"id":1,"Entwicklungskarten":{"Unbekannt":0},"Name":"KI (1)","Größte Rittermacht":false}}}
2017-02-12 18:34:22.014 INFO  network.client.Client 180 receiveMsg - {"Statusupdate":{"Spieler":{"Status":"Würfeln","Rittermacht":0,"Farbe":"Rot","Längste Handelsstraße":true,"Siegpunkte":4,"Rohstoffe":{"Unbekannt":5},"id":2,"Entwicklungskarten":{"Unbekannt":1},"Name":"KI (2)","Größte Rittermacht":false}}}
2017-02-12 18:34:22.089 INFO  network.client.Client 180 receiveMsg - {"Würfelwurf":{"Spieler":2,"Wurf":[5,4]}}
2017-02-12 18:34:22.103 INFO  network.client.Client 180 receiveMsg - {"Statusupdate":{"Spieler":{"Status":"Handeln oder Bauen","Rittermacht":0,"Farbe":"Rot","Längste Handelsstraße":true,"Siegpunkte":4,"Rohstoffe":{"Unbekannt":5},"id":2,"Entwicklungskarten":{"Unbekannt":1},"Name":"KI (2)","Größte Rittermacht":false}}}
2017-02-12 18:34:22.498 INFO  network.client.Client 180 receiveMsg - {"Statusupdate":{"Spieler":{"Status":"Warten","Rittermacht":0,"Farbe":"Rot","Längste Handelsstraße":true,"Siegpunkte":4,"Rohstoffe":{"Unbekannt":5},"id":2,"Entwicklungskarten":{"Unbekannt":1},"Name":"KI (2)","Größte Rittermacht":false}}}
2017-02-12 18:34:22.506 INFO  network.client.Client 180 receiveMsg - {"Statusupdate":{"Spieler":{"Status":"Würfeln","Rittermacht":0,"Farbe":"Weiß","Längste Handelsstraße":false,"Siegpunkte":4,"Rohstoffe":{"Getreide":2,"Wolle":0,"Holz":5,"Lehm":0,"Erz":3},"id":3,"Entwicklungskarten":{"Straßenbau":0,"Erfindung":0,"Monopol":0,"Ritter":0,"Siegpunkt":0},"Name":"chris","Größte Rittermacht":false}}}
2017-02-12 18:34:23.887 INFO  network.client.Client 153 sendMsg - {"Würfeln":{}}
2017-02-12 18:34:23.888 INFO  network.client.Client 180 receiveMsg - {"Serverantwort":"OK"}
2017-02-12 18:34:23.899 INFO  network.client.Client 180 receiveMsg - {"Würfelwurf":{"Spieler":3,"Wurf":[6,4]}}
2017-02-12 18:34:23.975 INFO  network.client.Client 180 receiveMsg - {"Ertrag":{"Rohstoffe":{"Erz":1},"Spieler":2}}
2017-02-12 18:34:23.988 INFO  network.client.Client 180 receiveMsg - {"Ertrag":{"Rohstoffe":{"Lehm":2},"Spieler":3}}
2017-02-12 18:34:24.061 INFO  network.client.Client 180 receiveMsg - {"Statusupdate":{"Spieler":{"Status":"Handeln oder Bauen","Rittermacht":0,"Farbe":"Weiß","Längste Handelsstraße":false,"Siegpunkte":4,"Rohstoffe":{"Getreide":2,"Wolle":0,"Holz":5,"Lehm":2,"Erz":3},"id":3,"Entwicklungskarten":{"Straßenbau":0,"Erfindung":0,"Monopol":0,"Ritter":0,"Siegpunkt":0},"Name":"chris","Größte Rittermacht":false}}}
2017-02-12 18:34:28.335 INFO  network.client.Client 153 sendMsg - {"Bauen":{"Ort":[{"x":1,"y":1},{"x":1,"y":0}],"Typ":"Straße"}}
2017-02-12 18:34:28.338 INFO  network.client.Client 180 receiveMsg - {"Serverantwort":"OK"}
2017-02-12 18:34:28.350 INFO  network.Interpreter 328 axialToEdgeOrCorner - [{"x":1,"y":1},{"x":1,"y":0}]. {13, 19}
2017-02-12 18:34:28.350 INFO  network.Interpreter 328 axialToEdgeOrCorner - [{"x":1,"y":1},{"x":1,"y":0}]. {13, 19}
2017-02-12 18:34:28.350 INFO  network.client.ClientListener 1102 build - Straße - [{"x":1,"y":1},{"x":1,"y":0}] - {13, 19}
2017-02-12 18:34:28.350 INFO  network.client.Client 180 receiveMsg - {"Bauvorgang":{"Gebäude":{"Ort":[{"x":1,"y":1},{"x":1,"y":0}],"Eigentümer":3,"Typ":"Straße"}}}
2017-02-12 18:34:28.427 INFO  network.client.Client 180 receiveMsg - {"Kosten":{"Rohstoffe":{"Holz":1,"Lehm":1},"Spieler":3}}
2017-02-12 18:34:28.440 INFO  network.client.Client 180 receiveMsg - {"Statusupdate":{"Spieler":{"Status":"Handeln oder Bauen","Rittermacht":0,"Farbe":"Weiß","Längste Handelsstraße":false,"Siegpunkte":4,"Rohstoffe":{"Getreide":2,"Wolle":0,"Holz":4,"Lehm":1,"Erz":3},"id":3,"Entwicklungskarten":{"Straßenbau":0,"Erfindung":0,"Monopol":0,"Ritter":0,"Siegpunkt":0},"Name":"chris","Größte Rittermacht":false}}}
2017-02-12 18:34:29.623 INFO  network.client.Client 153 sendMsg - {"Zug beenden":{}}
2017-02-12 18:34:29.625 INFO  network.client.Client 180 receiveMsg - {"Statusupdate":{"Spieler":{"Status":"Warten","Rittermacht":0,"Farbe":"Weiß","Längste Handelsstraße":false,"Siegpunkte":4,"Rohstoffe":{"Getreide":2,"Wolle":0,"Holz":4,"Lehm":1,"Erz":3},"id":3,"Entwicklungskarten":{"Straßenbau":0,"Erfindung":0,"Monopol":0,"Ritter":0,"Siegpunkt":0},"Name":"chris","Größte Rittermacht":false}}}
2017-02-12 18:34:29.643 INFO  network.client.Client 180 receiveMsg - {"Statusupdate":{"Spieler":{"Status":"Würfeln","Rittermacht":1,"Farbe":"Blau","Längste Handelsstraße":false,"Siegpunkte":2,"Rohstoffe":{"Unbekannt":11},"id":1,"Entwicklungskarten":{"Unbekannt":0},"Name":"KI (1)","Größte Rittermacht":false}}}
2017-02-12 18:34:29.723 INFO  network.client.Client 180 receiveMsg - {"Würfelwurf":{"Spieler":1,"Wurf":[1,5]}}
2017-02-12 18:34:29.742 INFO  network.client.Client 180 receiveMsg - {"Ertrag":{"Rohstoffe":{"Lehm":2},"Spieler":2}}
2017-02-12 18:34:29.811 INFO  network.client.Client 180 receiveMsg - {"Ertrag":{"Rohstoffe":{"Getreide":2},"Spieler":3}}
2017-02-12 18:34:29.828 INFO  network.client.Client 180 receiveMsg - {"Statusupdate":{"Spieler":{"Status":"Handeln oder Bauen","Rittermacht":1,"Farbe":"Blau","Längste Handelsstraße":false,"Siegpunkte":2,"Rohstoffe":{"Unbekannt":11},"id":1,"Entwicklungskarten":{"Unbekannt":0},"Name":"KI (1)","Größte Rittermacht":false}}}
2017-02-12 18:34:30.302 INFO  network.client.Client 180 receiveMsg - {"Statusupdate":{"Spieler":{"Status":"Warten","Rittermacht":1,"Farbe":"Blau","Längste Handelsstraße":false,"Siegpunkte":2,"Rohstoffe":{"Unbekannt":11},"id":1,"Entwicklungskarten":{"Unbekannt":0},"Name":"KI (1)","Größte Rittermacht":false}}}
2017-02-12 18:34:30.314 INFO  network.client.Client 180 receiveMsg - {"Statusupdate":{"Spieler":{"Status":"Würfeln","Rittermacht":0,"Farbe":"Rot","Längste Handelsstraße":true,"Siegpunkte":4,"Rohstoffe":{"Unbekannt":8},"id":2,"Entwicklungskarten":{"Unbekannt":1},"Name":"KI (2)","Größte Rittermacht":false}}}
2017-02-12 18:34:30.392 INFO  network.client.Client 180 receiveMsg - {"Würfelwurf":{"Spieler":2,"Wurf":[3,2]}}
2017-02-12 18:34:30.410 INFO  network.client.Client 180 receiveMsg - {"Ertrag":{"Rohstoffe":{"Wolle":1,"Lehm":1},"Spieler":1}}
2017-02-12 18:34:30.482 INFO  network.client.Client 180 receiveMsg - {"Statusupdate":{"Spieler":{"Status":"Handeln oder Bauen","Rittermacht":0,"Farbe":"Rot","Längste Handelsstraße":true,"Siegpunkte":4,"Rohstoffe":{"Unbekannt":8},"id":2,"Entwicklungskarten":{"Unbekannt":1},"Name":"KI (2)","Größte Rittermacht":false}}}
2017-02-12 18:34:30.885 INFO  network.client.Client 180 receiveMsg - {"Statusupdate":{"Spieler":{"Status":"Warten","Rittermacht":0,"Farbe":"Rot","Längste Handelsstraße":true,"Siegpunkte":4,"Rohstoffe":{"Unbekannt":8},"id":2,"Entwicklungskarten":{"Unbekannt":1},"Name":"KI (2)","Größte Rittermacht":false}}}
2017-02-12 18:34:30.893 INFO  network.client.Client 180 receiveMsg - {"Statusupdate":{"Spieler":{"Status":"Würfeln","Rittermacht":0,"Farbe":"Weiß","Längste Handelsstraße":false,"Siegpunkte":4,"Rohstoffe":{"Getreide":4,"Wolle":0,"Holz":4,"Lehm":1,"Erz":3},"id":3,"Entwicklungskarten":{"Straßenbau":0,"Erfindung":0,"Monopol":0,"Ritter":0,"Siegpunkt":0},"Name":"chris","Größte Rittermacht":false}}}
2017-02-12 18:34:31.715 INFO  network.client.Client 153 sendMsg - {"Würfeln":{}}
2017-02-12 18:34:31.716 INFO  network.client.Client 180 receiveMsg - {"Serverantwort":"OK"}
2017-02-12 18:34:31.727 INFO  network.client.Client 180 receiveMsg - {"Würfelwurf":{"Spieler":3,"Wurf":[3,3]}}
2017-02-12 18:34:31.805 INFO  network.client.Client 180 receiveMsg - {"Ertrag":{"Rohstoffe":{"Lehm":2},"Spieler":2}}
2017-02-12 18:34:31.816 INFO  network.client.Client 180 receiveMsg - {"Ertrag":{"Rohstoffe":{"Getreide":2},"Spieler":3}}
2017-02-12 18:34:31.895 INFO  network.client.Client 180 receiveMsg - {"Statusupdate":{"Spieler":{"Status":"Handeln oder Bauen","Rittermacht":0,"Farbe":"Weiß","Längste Handelsstraße":false,"Siegpunkte":4,"Rohstoffe":{"Getreide":6,"Wolle":0,"Holz":4,"Lehm":1,"Erz":3},"id":3,"Entwicklungskarten":{"Straßenbau":0,"Erfindung":0,"Monopol":0,"Ritter":0,"Siegpunkt":0},"Name":"chris","Größte Rittermacht":false}}}
2017-02-12 18:34:34.392 INFO  network.client.Client 153 sendMsg - {"Bauen":{"Ort":[{"x":0,"y":1},{"x":1,"y":1}],"Typ":"Straße"}}
2017-02-12 18:34:34.393 INFO  network.client.Client 180 receiveMsg - {"Serverantwort":"OK"}
2017-02-12 18:34:34.407 INFO  network.Interpreter 328 axialToEdgeOrCorner - [{"x":0,"y":1},{"x":1,"y":1}]. {12, 13}
2017-02-12 18:34:34.407 INFO  network.Interpreter 328 axialToEdgeOrCorner - [{"x":0,"y":1},{"x":1,"y":1}]. {12, 13}
2017-02-12 18:34:34.407 INFO  network.client.ClientListener 1102 build - Straße - [{"x":0,"y":1},{"x":1,"y":1}] - {12, 13}
2017-02-12 18:34:34.408 INFO  network.client.Client 180 receiveMsg - {"Bauvorgang":{"Gebäude":{"Ort":[{"x":0,"y":1},{"x":1,"y":1}],"Eigentümer":3,"Typ":"Straße"}}}
2017-02-12 18:34:34.484 INFO  network.client.Client 180 receiveMsg - {"Kosten":{"Rohstoffe":{"Holz":1,"Lehm":1},"Spieler":3}}
2017-02-12 18:34:34.496 INFO  network.client.Client 180 receiveMsg - {"Statusupdate":{"Spieler":{"Status":"Handeln oder Bauen","Rittermacht":0,"Farbe":"Weiß","Längste Handelsstraße":false,"Siegpunkte":4,"Rohstoffe":{"Getreide":6,"Wolle":0,"Holz":3,"Lehm":0,"Erz":3},"id":3,"Entwicklungskarten":{"Straßenbau":0,"Erfindung":0,"Monopol":0,"Ritter":0,"Siegpunkt":0},"Name":"chris","Größte Rittermacht":false}}}
2017-02-12 18:34:36.500 INFO  network.client.Client 153 sendMsg - {"Zug beenden":{}}
2017-02-12 18:34:36.502 INFO  network.client.Client 180 receiveMsg - {"Statusupdate":{"Spieler":{"Status":"Warten","Rittermacht":0,"Farbe":"Weiß","Längste Handelsstraße":false,"Siegpunkte":4,"Rohstoffe":{"Getreide":6,"Wolle":0,"Holz":3,"Lehm":0,"Erz":3},"id":3,"Entwicklungskarten":{"Straßenbau":0,"Erfindung":0,"Monopol":0,"Ritter":0,"Siegpunkt":0},"Name":"chris","Größte Rittermacht":false}}}
2017-02-12 18:34:36.519 INFO  network.client.Client 180 receiveMsg - {"Statusupdate":{"Spieler":{"Status":"Würfeln","Rittermacht":1,"Farbe":"Blau","Längste Handelsstraße":false,"Siegpunkte":2,"Rohstoffe":{"Unbekannt":13},"id":1,"Entwicklungskarten":{"Unbekannt":0},"Name":"KI (1)","Größte Rittermacht":false}}}
2017-02-12 18:34:36.599 INFO  network.client.Client 180 receiveMsg - {"Würfelwurf":{"Spieler":1,"Wurf":[2,2]}}
2017-02-12 18:34:36.617 INFO  network.client.Client 180 receiveMsg - {"Ertrag":{"Rohstoffe":{"Getreide":2},"Spieler":3}}
2017-02-12 18:34:36.685 INFO  network.client.Client 180 receiveMsg - {"Ertrag":{"Rohstoffe":{"Getreide":1},"Spieler":1}}
2017-02-12 18:34:36.705 INFO  network.client.Client 180 receiveMsg - {"Statusupdate":{"Spieler":{"Status":"Handeln oder Bauen","Rittermacht":1,"Farbe":"Blau","Längste Handelsstraße":false,"Siegpunkte":2,"Rohstoffe":{"Unbekannt":14},"id":1,"Entwicklungskarten":{"Unbekannt":0},"Name":"KI (1)","Größte Rittermacht":false}}}
2017-02-12 18:34:37.122 INFO  network.Interpreter 328 axialToEdgeOrCorner - [{"x":0,"y":-2},{"x":1,"y":-2},{"x":1,"y":-3}]. {29, 30, 34}
2017-02-12 18:34:37.122 INFO  network.Interpreter 328 axialToEdgeOrCorner - [{"x":0,"y":-2},{"x":1,"y":-2},{"x":1,"y":-3}]. {29, 30, 34}
2017-02-12 18:34:37.122 INFO  network.client.ClientListener 1102 build - Dorf - [{"x":0,"y":-2},{"x":1,"y":-2},{"x":1,"y":-3}] - {29, 30, 34}
2017-02-12 18:34:37.122 INFO  network.client.Client 180 receiveMsg - {"Bauvorgang":{"Gebäude":{"Ort":[{"x":0,"y":-2},{"x":1,"y":-2},{"x":1,"y":-3}],"Eigentümer":1,"Typ":"Dorf"}}}
2017-02-12 18:34:37.133 INFO  network.client.Client 180 receiveMsg - {"Kosten":{"Rohstoffe":{"Unbekannt":4},"Spieler":1}}
2017-02-12 18:34:37.212 INFO  network.client.Client 180 receiveMsg - {"Statusupdate":{"Spieler":{"Status":"Handeln oder Bauen","Rittermacht":1,"Farbe":"Blau","Längste Handelsstraße":false,"Siegpunkte":3,"Rohstoffe":{"Unbekannt":10},"id":1,"Entwicklungskarten":{"Unbekannt":0},"Name":"KI (1)","Größte Rittermacht":false}}}
2017-02-12 18:34:37.618 INFO  network.client.Client 180 receiveMsg - {"Statusupdate":{"Spieler":{"Status":"Warten","Rittermacht":1,"Farbe":"Blau","Längste Handelsstraße":false,"Siegpunkte":3,"Rohstoffe":{"Unbekannt":10},"id":1,"Entwicklungskarten":{"Unbekannt":0},"Name":"KI (1)","Größte Rittermacht":false}}}
2017-02-12 18:34:37.631 INFO  network.client.Client 180 receiveMsg - {"Statusupdate":{"Spieler":{"Status":"Würfeln","Rittermacht":0,"Farbe":"Rot","Längste Handelsstraße":true,"Siegpunkte":4,"Rohstoffe":{"Unbekannt":10},"id":2,"Entwicklungskarten":{"Unbekannt":1},"Name":"KI (2)","Größte Rittermacht":false}}}
2017-02-12 18:34:37.708 INFO  network.client.Client 180 receiveMsg - {"Würfelwurf":{"Spieler":2,"Wurf":[1,4]}}
2017-02-12 18:34:37.727 INFO  network.client.Client 180 receiveMsg - {"Ertrag":{"Rohstoffe":{"Wolle":1,"Lehm":2},"Spieler":1}}
2017-02-12 18:34:37.798 INFO  network.client.Client 180 receiveMsg - {"Statusupdate":{"Spieler":{"Status":"Handeln oder Bauen","Rittermacht":0,"Farbe":"Rot","Längste Handelsstraße":true,"Siegpunkte":4,"Rohstoffe":{"Unbekannt":10},"id":2,"Entwicklungskarten":{"Unbekannt":1},"Name":"KI (2)","Größte Rittermacht":false}}}
2017-02-12 18:34:38.203 INFO  network.client.Client 180 receiveMsg - {"Statusupdate":{"Spieler":{"Status":"Warten","Rittermacht":0,"Farbe":"Rot","Längste Handelsstraße":true,"Siegpunkte":4,"Rohstoffe":{"Unbekannt":10},"id":2,"Entwicklungskarten":{"Unbekannt":1},"Name":"KI (2)","Größte Rittermacht":false}}}
2017-02-12 18:34:38.211 INFO  network.client.Client 180 receiveMsg - {"Statusupdate":{"Spieler":{"Status":"Würfeln","Rittermacht":0,"Farbe":"Weiß","Längste Handelsstraße":false,"Siegpunkte":4,"Rohstoffe":{"Getreide":8,"Wolle":0,"Holz":3,"Lehm":0,"Erz":3},"id":3,"Entwicklungskarten":{"Straßenbau":0,"Erfindung":0,"Monopol":0,"Ritter":0,"Siegpunkt":0},"Name":"chris","Größte Rittermacht":false}}}
2017-02-12 18:34:39.364 INFO  network.client.Client 153 sendMsg - {"Würfeln":{}}
2017-02-12 18:34:39.365 INFO  network.client.Client 180 receiveMsg - {"Serverantwort":"OK"}
2017-02-12 18:34:39.375 INFO  network.client.Client 180 receiveMsg - {"Würfelwurf":{"Spieler":3,"Wurf":[5,4]}}
2017-02-12 18:34:39.454 INFO  network.client.Client 180 receiveMsg - {"Statusupdate":{"Spieler":{"Status":"Handeln oder Bauen","Rittermacht":0,"Farbe":"Weiß","Längste Handelsstraße":false,"Siegpunkte":4,"Rohstoffe":{"Getreide":8,"Wolle":0,"Holz":3,"Lehm":0,"Erz":3},"id":3,"Entwicklungskarten":{"Straßenbau":0,"Erfindung":0,"Monopol":0,"Ritter":0,"Siegpunkt":0},"Name":"chris","Größte Rittermacht":false}}}
