2017-05-31 21:29:43.472 TRACE model.players.Human 11 <init> - Enter model.players.Human@5032dab5
2017-05-31 21:29:43.474 DEBUG model.players.Player 62 printPlayer - model.players.Human@5032dab5
id        3         color     NULL      name                status    null      
vp        0         road      false     army      false     
dev       0         dice      0         
res       0         lumber    0         brick     0         grain     0         wool      0         ore       0         
dev       []
dev BLOCK []
Harbors   []
Roads          left      15        built     []
Settlements    left      5         built     []
Cities         left      4         built     []
2017-05-31 21:29:43.476 DEBUG model.players.Player 62 printPlayer - model.players.Human@5032dab5
id        3         color     NULL      name                status    START_GAME
vp        0         road      false     army      false     
dev       0         dice      0         
res       0         lumber    0         brick     0         grain     0         wool      0         ore       0         
dev       []
dev BLOCK []
Harbors   []
Roads          left      15        built     []
Settlements    left      5         built     []
Cities         left      4         built     []
2017-05-31 21:29:43.566 DEBUG model.players.Player 62 printPlayer - model.players.Human@5032dab5
id        3         color     NULL      name                status    START_GAME
vp        0         road      false     army      false     
dev       0         dice      0         
res       0         lumber    0         brick     0         grain     0         wool      0         ore       0         
dev       []
dev BLOCK []
Harbors   []
Roads          left      15        built     []
Settlements    left      5         built     []
Cities         left      4         built     []
2017-05-31 21:29:43.570 DEBUG model.players.Player 233 setGrain - model.players.Human@5032dab5 [ id: 3 ] old: 0, new: 0
2017-05-31 21:29:43.571 DEBUG model.players.Player 255 setWool - model.players.Human@5032dab5 [ id: 3 ] old: 0, new: 0
2017-05-31 21:29:43.571 DEBUG model.players.Player 189 setLumber - model.players.Human@5032dab5 [ id: 3 ] old: 0, new: 0
2017-05-31 21:29:43.571 DEBUG model.players.Player 167 setBrick - model.players.Human@5032dab5 [ id: 3 ] old: 0, new: 0
2017-05-31 21:29:43.571 DEBUG model.players.Player 211 setOre - model.players.Human@5032dab5 [ id: 3 ] old: 0, new: 0
2017-05-31 21:29:43.571 INFO  model.players.Player 489 setKnightsDev - 0, 0 old and new value of knightDev Card. Knight card which is on the hand of ClientName: 
2017-05-31 21:29:43.661 TRACE model.players.Human 11 <init> - Enter model.players.Human@1b1e6
2017-05-31 21:29:43.663 DEBUG model.players.Player 62 printPlayer - model.players.Human@1b1e6
id        1         color     BLUE      name      KI (1)    status    null      
vp        0         road      false     army      false     
dev       0         dice      0         
res       0         lumber    0         brick     0         grain     0         wool      0         ore       0         
dev       []
dev BLOCK []
Harbors   []
Roads          left      15        built     []
Settlements    left      5         built     []
Cities         left      4         built     []
2017-05-31 21:29:43.664 DEBUG model.players.Player 62 printPlayer - model.players.Human@1b1e6
id        1         color     BLUE      name      KI (1)    status    WAIT_FOR_GAME_START
vp        0         road      false     army      false     
dev       0         dice      0         
res       0         lumber    0         brick     0         grain     0         wool      0         ore       0         
dev       []
dev BLOCK []
Harbors   []
Roads          left      15        built     []
Settlements    left      5         built     []
Cities         left      4         built     []
2017-05-31 21:29:43.753 TRACE model.players.Human 11 <init> - Enter model.players.Human@4276745c
2017-05-31 21:29:43.754 DEBUG model.players.Player 62 printPlayer - model.players.Human@4276745c
id        2         color     RED       name      KI (2)    status    null      
vp        0         road      false     army      false     
dev       0         dice      0         
res       0         lumber    0         brick     0         grain     0         wool      0         ore       0         
dev       []
dev BLOCK []
Harbors   []
Roads          left      15        built     []
Settlements    left      5         built     []
Cities         left      4         built     []
2017-05-31 21:29:43.756 DEBUG model.players.Player 62 printPlayer - model.players.Human@4276745c
id        2         color     RED       name      KI (2)    status    WAIT_FOR_GAME_START
vp        0         road      false     army      false     
dev       0         dice      0         
res       0         lumber    0         brick     0         grain     0         wool      0         ore       0         
dev       []
dev BLOCK []
Harbors   []
Roads          left      15        built     []
Settlements    left      5         built     []
Cities         left      4         built     []
