2017-11-09 16:33:21.174 DEBUG controller.Register 159 setViewStartServerController - view.startServer.Controller@64b5877e
2017-11-09 16:33:21.175 DEBUG controller.Register 199 setRelevantTextArea - 2
2017-11-09 16:33:23.272 DEBUG controller.Register 159 setViewStartServerController - view.startServer.Controller@78a119a0
2017-11-09 16:33:23.272 DEBUG controller.Register 199 setRelevantTextArea - 2
2017-11-09 16:33:24.931 DEBUG controller.Register 159 setViewStartServerController - view.startServer.Controller@66ad328e
2017-11-09 16:33:24.931 DEBUG controller.Register 199 setRelevantTextArea - 2
2017-11-09 16:33:35.577 DEBUG controller.Register 105 setNtwrkServer - network.server.Server@4262cdff
2017-11-09 16:33:35.581 INFO  controller.Controller 28 <init> - controller.Controller@50a06a73
2017-11-09 16:33:35.582 DEBUG controller.Register 60 setController - controller.Controller@50a06a73
2017-11-09 16:33:35.605 TRACE controller.Controller 151 setBoard - Enter
2017-11-09 16:33:35.627 INFO  controller.Controller 46 setManagement - model.Management@636c0875
2017-11-09 16:33:40.981 DEBUG controller.Register 159 setViewStartServerController - view.startServer.Controller@6e5f7001
2017-11-09 16:33:40.982 DEBUG controller.Register 199 setRelevantTextArea - 2
2017-11-09 16:33:40.984 DEBUG controller.Register 105 setNtwrkServer - null
2017-11-09 16:33:42.712 DEBUG controller.Register 159 setViewStartServerController - view.startServer.Controller@68d1b1c
2017-11-09 16:33:42.712 DEBUG controller.Register 199 setRelevantTextArea - 2
2017-11-09 16:33:48.838 DEBUG controller.Register 105 setNtwrkServer - network.server.Server@64906866
2017-11-09 16:33:48.846 INFO  controller.Controller 28 <init> - controller.Controller@3ed889f3
2017-11-09 16:33:48.846 DEBUG controller.Register 60 setController - controller.Controller@3ed889f3
2017-11-09 16:33:48.849 TRACE controller.Controller 151 setBoard - Enter
2017-11-09 16:33:48.854 INFO  controller.Controller 46 setManagement - model.Management@bdf0028
2017-11-09 16:33:59.304 DEBUG controller.Register 159 setViewStartServerController - view.startServer.Controller@5db6230a
2017-11-09 16:33:59.311 DEBUG controller.Register 199 setRelevantTextArea - 2
2017-11-09 16:33:59.313 DEBUG controller.Register 105 setNtwrkServer - null
2017-11-09 16:34:01.229 DEBUG controller.Register 141 setViewJoinServerController - view.joinServer.Controller@25f27f84
2017-11-09 16:34:01.229 DEBUG controller.Register 199 setRelevantTextArea - 0
2017-11-09 16:34:05.687 INFO  controller.Controller 28 <init> - controller.Controller@6eb492be
2017-11-09 16:34:05.695 DEBUG controller.Register 60 setController - controller.Controller@6eb492be
2017-11-09 16:34:05.696 DEBUG controller.Register 123 setNtwrkClient - network.client.Client@23aae4b6
2017-11-09 16:34:07.723 DEBUG controller.Register 141 setViewJoinServerController - view.joinServer.Controller@522a71b0
2017-11-09 16:34:07.724 DEBUG controller.Register 199 setRelevantTextArea - 0
2017-11-09 16:34:09.225 DEBUG controller.Register 159 setViewStartServerController - view.startServer.Controller@7ac43045
2017-11-09 16:34:09.225 DEBUG controller.Register 199 setRelevantTextArea - 2
2017-11-09 16:34:15.136 DEBUG controller.Register 105 setNtwrkServer - network.server.Server@6ae96f82
2017-11-09 16:34:15.144 INFO  controller.Controller 28 <init> - controller.Controller@2c57fed2
2017-11-09 16:34:15.144 DEBUG controller.Register 60 setController - controller.Controller@2c57fed2
2017-11-09 16:34:15.146 TRACE controller.Controller 151 setBoard - Enter
2017-11-09 16:34:15.151 INFO  controller.Controller 46 setManagement - model.Management@77912862
