2017-02-12 16:35:53.834 INFO  model.board.Board 262 printBoardIDs - 
  null  null  null   {0}   {1}   {2}   {3}
  null  null   {4}   {5}   {6}   {7}   {8}
  null   {9}  {10}  {11}  {12}  {13}  {14}
  {15}  {16}  {17}  {18}  {19}  {20}  {21}
  {22}  {23}  {24}  {25}  {26}  {27}  null
  {28}  {29}  {30}  {31}  {32}  null  null
  {33}  {34}  {35}  {36}  null  null  null

2017-02-12 16:35:53.836 INFO  model.board.Board 339 printNumberTokens - 
  null  null  null  null  null  null  null
  null  null  null    10     2     9  null
  null  null    12     6     4    10  null
  null     9    11     0     3     8  null
  null     8     3     4     5  null  null
  null     5     6    11  null  null  null
  null  null  null  null  null  null  null

2017-02-12 16:35:53.838 INFO  model.board.Board 280 printBoardSpecialCo - 
(     )(     )(     )( 0,-3)( 1,-3)( 2,-3)( 3,-3)
(     )(     )(-1,-2)( 0,-2)( 1,-2)( 2,-2)( 3,-2)
(     )(-2,-1)(-1,-1)( 0,-1)( 1,-1)( 2,-1)( 3,-1)
(-3, 0)(-2, 0)(-1, 0)( 0, 0)( 1, 0)( 2, 0)( 3, 0)
(-3, 1)(-2, 1)(-1, 1)( 0, 1)( 1, 1)( 2, 1)(     )
(-3, 2)(-2, 2)(-1, 2)( 0, 2)( 1, 2)(     )(     )
(-3, 3)(-2, 3)(-1, 3)( 0, 3)(     )(     )(     )

2017-02-12 16:35:53.841 INFO  model.board.Board 300 printTileNeighbors - 
Row: 0
                          null : 
                          null : 
                          null : 
      model.board.Sea@28d9e475 : [model.board.Sea@46fb027f, model.board.Mountain@5a475a5e, model.board.Sea@3584d01f]
      model.board.Sea@46fb027f : [model.board.Pasture@52197096, model.board.Mountain@5a475a5e, model.board.Sea@28d9e475, model.board.Sea@4c6f7850]
      model.board.Sea@4c6f7850 : [model.board.Sea@46fb027f, model.board.Forest@2c1a4e29, model.board.Pasture@52197096, model.board.Sea@3f8d779d]
      model.board.Sea@3f8d779d : [model.board.Sea@26092d3a, model.board.Forest@2c1a4e29, model.board.Sea@4c6f7850]
Row: 1
                          null : 
                          null : 
      model.board.Sea@3584d01f : [model.board.Mountain@5a475a5e, model.board.Field@11937c53, model.board.Sea@6f86134e, model.board.Sea@28d9e475]
 model.board.Mountain@5a475a5e : [model.board.Sea@46fb027f, model.board.Pasture@52197096, model.board.Hill@3be3b0bc, model.board.Field@11937c53, model.board.Sea@3584d01f, model.board.Sea@28d9e475]
  model.board.Pasture@52197096 : [model.board.Sea@46fb027f, model.board.Forest@2c1a4e29, model.board.Pasture@54ec2a07, model.board.Hill@3be3b0bc, model.board.Mountain@5a475a5e, model.board.Sea@4c6f7850]
   model.board.Forest@2c1a4e29 : [model.board.Sea@26092d3a, model.board.Hill@5e17b52d, model.board.Pasture@54ec2a07, model.board.Pasture@52197096, model.board.Sea@4c6f7850, model.board.Sea@3f8d779d]
      model.board.Sea@26092d3a : [model.board.Sea@154d1c2, model.board.Hill@5e17b52d, model.board.Forest@2c1a4e29, model.board.Sea@3f8d779d]
Row: 2
                          null : 
      model.board.Sea@6f86134e : [model.board.Sea@3584d01f, model.board.Field@11937c53, model.board.Sea@2714f704, model.board.Field@129d4df3]
    model.board.Field@11937c53 : [model.board.Forest@71403c50, model.board.Sea@3584d01f, model.board.Mountain@5a475a5e, model.board.Hill@3be3b0bc, model.board.Sea@6f86134e, model.board.Field@129d4df3]
     model.board.Hill@3be3b0bc : [model.board.Forest@71403c50, model.board.Mountain@5a475a5e, model.board.Pasture@52197096, model.board.Pasture@54ec2a07, model.board.Field@11937c53, model.board.Desert@56bd397b]
  model.board.Pasture@54ec2a07 : [model.board.Pasture@52197096, model.board.Forest@2c1a4e29, model.board.Hill@5e17b52d, model.board.Hill@3be3b0bc, model.board.Desert@56bd397b, model.board.Forest@5611587f]
     model.board.Hill@5e17b52d : [model.board.Forest@2c1a4e29, model.board.Sea@26092d3a, model.board.Sea@154d1c2, model.board.Mountain@2e9b659b, model.board.Pasture@54ec2a07, model.board.Forest@5611587f]
       model.board.Sea@154d1c2 : [model.board.Sea@26092d3a, model.board.Sea@5ec96ea4, model.board.Mountain@2e9b659b, model.board.Hill@5e17b52d]
Row: 3
      model.board.Sea@2714f704 : [model.board.Sea@6f86134e, model.board.Sea@6180f2e7, model.board.Field@129d4df3]
    model.board.Field@129d4df3 : [model.board.Forest@71403c50, model.board.Sea@6f86134e, model.board.Field@11937c53, model.board.Forest@3d0e8c08, model.board.Sea@6180f2e7, model.board.Sea@2714f704]
   model.board.Forest@71403c50 : [model.board.Field@11937c53, model.board.Hill@3be3b0bc, model.board.Mountain@48cc818f, model.board.Forest@3d0e8c08, model.board.Field@129d4df3, model.board.Desert@56bd397b]
   model.board.Desert@56bd397b : [model.board.Forest@71403c50, model.board.Hill@3be3b0bc, model.board.Pasture@54ec2a07, model.board.Field@5d657a7c, model.board.Mountain@48cc818f, model.board.Forest@5611587f]
   model.board.Forest@5611587f : [model.board.Pasture@54ec2a07, model.board.Hill@5e17b52d, model.board.Mountain@2e9b659b, model.board.Pasture@3b14acfd, model.board.Field@5d657a7c, model.board.Desert@56bd397b]
 model.board.Mountain@2e9b659b : [model.board.Hill@5e17b52d, model.board.Sea@154d1c2, model.board.Sea@5ec96ea4, model.board.Sea@7233095b, model.board.Pasture@3b14acfd, model.board.Forest@5611587f]
      model.board.Sea@5ec96ea4 : [model.board.Sea@154d1c2, model.board.Sea@7233095b, model.board.Mountain@2e9b659b]
Row: 4
      model.board.Sea@6180f2e7 : [model.board.Sea@2714f704, model.board.Forest@3d0e8c08, model.board.Sea@5edf3e6b, model.board.Field@129d4df3]
   model.board.Forest@3d0e8c08 : [model.board.Forest@71403c50, model.board.Mountain@48cc818f, model.board.Hill@281f1956, model.board.Sea@5edf3e6b, model.board.Sea@6180f2e7, model.board.Field@129d4df3]
 model.board.Mountain@48cc818f : [model.board.Forest@71403c50, model.board.Field@5d657a7c, model.board.Field@36f22bec, model.board.Hill@281f1956, model.board.Forest@3d0e8c08, model.board.Desert@56bd397b]
    model.board.Field@5d657a7c : [model.board.Pasture@3b14acfd, model.board.Pasture@5c6195b8, model.board.Field@36f22bec, model.board.Mountain@48cc818f, model.board.Desert@56bd397b, model.board.Forest@5611587f]
  model.board.Pasture@3b14acfd : [model.board.Mountain@2e9b659b, model.board.Sea@7233095b, model.board.Pasture@5c6195b8, model.board.Field@5d657a7c, model.board.Sea@7bead439, model.board.Forest@5611587f]
      model.board.Sea@7233095b : [model.board.Mountain@2e9b659b, model.board.Sea@5ec96ea4, model.board.Pasture@3b14acfd, model.board.Sea@7bead439]
                          null : 
Row: 5
      model.board.Sea@5edf3e6b : [model.board.Sea@2befb7bb, model.board.Sea@6180f2e7, model.board.Forest@3d0e8c08, model.board.Hill@281f1956]
     model.board.Hill@281f1956 : [model.board.Sea@2befb7bb, model.board.Forest@3d0e8c08, model.board.Mountain@48cc818f, model.board.Field@36f22bec, model.board.Sea@5edf3e6b, model.board.Sea@c655461]
    model.board.Field@36f22bec : [model.board.Mountain@48cc818f, model.board.Field@5d657a7c, model.board.Pasture@5c6195b8, model.board.Hill@281f1956, model.board.Sea@c655461, model.board.Sea@5cf9cc00]
  model.board.Pasture@5c6195b8 : [model.board.Field@5d657a7c, model.board.Pasture@3b14acfd, model.board.Sea@711f90ba, model.board.Field@36f22bec, model.board.Sea@7bead439, model.board.Sea@5cf9cc00]
      model.board.Sea@7bead439 : [model.board.Pasture@3b14acfd, model.board.Sea@7233095b, model.board.Sea@711f90ba, model.board.Pasture@5c6195b8]
                          null : 
                          null : 
Row: 6
      model.board.Sea@2befb7bb : [model.board.Sea@5edf3e6b, model.board.Hill@281f1956, model.board.Sea@c655461]
       model.board.Sea@c655461 : [model.board.Sea@2befb7bb, model.board.Hill@281f1956, model.board.Field@36f22bec, model.board.Sea@5cf9cc00]
      model.board.Sea@5cf9cc00 : [model.board.Field@36f22bec, model.board.Pasture@5c6195b8, model.board.Sea@711f90ba, model.board.Sea@c655461]
      model.board.Sea@711f90ba : [model.board.Pasture@5c6195b8, model.board.Sea@7bead439, model.board.Sea@5cf9cc00]
                          null : 
                          null : 
                          null : 

2017-02-12 16:35:53.843 INFO  model.board.Board 321 printPorts - 
        {33} : GENERIC
         {9} : LUMBER
         {8} : ORE
        {22} : BRICK
         {0} : GENERIC
        {32} : WOOL
         {2} : GRAIN
        {35} : GENERIC
        {21} : GENERIC

{22, 23, 28} : BRICK
{16, 22, 23} : BRICK
   {1, 2, 6} : GRAIN
   {2, 6, 7} : GRAIN
  {4, 9, 10} : LUMBER
{28, 29, 33} : GENERIC
  {7, 8, 13} : ORE
 {8, 13, 14} : ORE
 {9, 10, 16} : LUMBER
{26, 27, 32} : WOOL
{26, 31, 32} : WOOL
{29, 33, 34} : GENERIC
{30, 31, 35} : GENERIC
{30, 34, 35} : GENERIC
{14, 20, 21} : GENERIC
{20, 21, 27} : GENERIC
   {0, 4, 5} : GENERIC
   {0, 1, 5} : GENERIC

2017-02-12 16:35:53.875 TRACE model.players.Ai 33 <init> - Enter model.players.Ai@108f630d
2017-02-12 16:35:53.877 DEBUG model.players.Player 62 printPlayer - model.players.Ai@108f630d
id        1         color     NULL      name                status    null      
vp        0         road      false     army      false     
dev       0         dice      0         
res       0         lumber    0         brick     0         grain     0         wool      0         ore       0         
dev       []
dev BLOCK []
Harbors   []
Roads          left      15        built     []
Settlements    left      5         built     []
Cities         left      4         built     []
2017-02-12 16:35:53.878 DEBUG model.players.Player 62 printPlayer - model.players.Ai@108f630d
id        1         color     NULL      name                status    START_GAME
vp        0         road      false     army      false     
dev       0         dice      0         
res       0         lumber    0         brick     0         grain     0         wool      0         ore       0         
dev       []
dev BLOCK []
Harbors   []
Roads          left      15        built     []
Settlements    left      5         built     []
Cities         left      4         built     []
2017-02-12 16:35:53.945 TRACE model.players.Ai 33 <init> - Enter model.players.Ai@72be09b5
2017-02-12 16:35:53.946 DEBUG model.players.Player 62 printPlayer - model.players.Ai@72be09b5
id        2         color     NULL      name                status    null      
vp        0         road      false     army      false     
dev       0         dice      0         
res       0         lumber    0         brick     0         grain     0         wool      0         ore       0         
dev       []
dev BLOCK []
Harbors   []
Roads          left      15        built     []
Settlements    left      5         built     []
Cities         left      4         built     []
2017-02-12 16:35:53.947 DEBUG model.players.Player 62 printPlayer - model.players.Ai@72be09b5
id        2         color     NULL      name                status    START_GAME
vp        0         road      false     army      false     
dev       0         dice      0         
res       0         lumber    0         brick     0         grain     0         wool      0         ore       0         
dev       []
dev BLOCK []
Harbors   []
Roads          left      15        built     []
Settlements    left      5         built     []
Cities         left      4         built     []
2017-02-12 16:35:54.369 DEBUG model.players.Player 62 printPlayer - model.players.Ai@108f630d
id        1         color     BLUE      name      KI (1)    status    WAIT_FOR_GAME_START
vp        0         road      false     army      false     
dev       0         dice      0         
res       0         lumber    0         brick     0         grain     0         wool      0         ore       0         
dev       []
dev BLOCK []
Harbors   []
Roads          left      15        built     []
Settlements    left      5         built     []
Cities         left      4         built     []
2017-02-12 16:35:54.371 DEBUG model.Management 42 printManagement - model.Management@1fb3d93
KI (1)    sum       0         lumber    0         brick     0         grain     0         wool      0         ore       0         
KI (2)    sum       0         lumber    0         brick     0         grain     0         wool      0         ore       0         
[ M ]     sum       95        lumber    19        brick     19        grain     19        wool      19        ore       19        
2017-02-12 16:35:54.533 DEBUG model.players.Player 62 printPlayer - model.players.Ai@72be09b5
id        2         color     RED       name      KI (2)    status    WAIT_FOR_GAME_START
vp        0         road      false     army      false     
dev       0         dice      0         
res       0         lumber    0         brick     0         grain     0         wool      0         ore       0         
dev       []
dev BLOCK []
Harbors   []
Roads          left      15        built     []
Settlements    left      5         built     []
Cities         left      4         built     []
2017-02-12 16:35:54.534 DEBUG model.Management 42 printManagement - model.Management@1fb3d93
KI (1)    sum       0         lumber    0         brick     0         grain     0         wool      0         ore       0         
KI (2)    sum       0         lumber    0         brick     0         grain     0         wool      0         ore       0         
[ M ]     sum       95        lumber    19        brick     19        grain     19        wool      19        ore       19        
2017-02-12 16:36:04.731 TRACE model.players.Human 11 <init> - Enter model.players.Human@530992f2
2017-02-12 16:36:04.732 DEBUG model.players.Player 62 printPlayer - model.players.Human@530992f2
id        3         color     NULL      name                status    null      
vp        0         road      false     army      false     
dev       0         dice      0         
res       0         lumber    0         brick     0         grain     0         wool      0         ore       0         
dev       []
dev BLOCK []
Harbors   []
Roads          left      15        built     []
Settlements    left      5         built     []
Cities         left      4         built     []
2017-02-12 16:36:04.733 DEBUG model.players.Player 62 printPlayer - model.players.Human@530992f2
id        3         color     NULL      name                status    START_GAME
vp        0         road      false     army      false     
dev       0         dice      0         
res       0         lumber    0         brick     0         grain     0         wool      0         ore       0         
dev       []
dev BLOCK []
Harbors   []
Roads          left      15        built     []
Settlements    left      5         built     []
Cities         left      4         built     []
2017-02-12 16:36:10.950 DEBUG model.players.Player 62 printPlayer - model.players.Human@530992f2
id        3         color     WHITE     name      chris     status    WAIT_FOR_GAME_START
vp        0         road      false     army      false     
dev       0         dice      0         
res       0         lumber    0         brick     0         grain     0         wool      0         ore       0         
dev       []
dev BLOCK []
Harbors   []
Roads          left      15        built     []
Settlements    left      5         built     []
Cities         left      4         built     []
2017-02-12 16:36:10.951 DEBUG model.Management 42 printManagement - model.Management@1fb3d93
KI (1)    sum       0         lumber    0         brick     0         grain     0         wool      0         ore       0         
KI (2)    sum       0         lumber    0         brick     0         grain     0         wool      0         ore       0         
chris     sum       0         lumber    0         brick     0         grain     0         wool      0         ore       0         
[ M ]     sum       95        lumber    19        brick     19        grain     19        wool      19        ore       19        
2017-02-12 16:36:10.984 INFO  model.Management 58 rollDices - 
 Dice [ 6, 1 ]
 Resources [ BRICK 19, LUMBER 19, ORE 19, GRAIN 19, WOOL 19 ]
2017-02-12 16:36:11.002 INFO  model.Management 58 rollDices - 
 Dice [ 3, 2 ]
 Resources [ BRICK 19, LUMBER 19, ORE 19, GRAIN 19, WOOL 19 ]
2017-02-12 16:36:11.020 INFO  model.Management 58 rollDices - 
 Dice [ 5, 1 ]
 Resources [ BRICK 19, LUMBER 19, ORE 19, GRAIN 19, WOOL 19 ]
2017-02-12 16:36:11.040 DEBUG model.players.Player 62 printPlayer - model.players.Ai@108f630d
id        1         color     BLUE      name      KI (1)    status    BUILD_SETTLEMENT
vp        0         road      false     army      false     
dev       0         dice      0         
res       0         lumber    0         brick     0         grain     0         wool      0         ore       0         
dev       []
dev BLOCK []
Harbors   []
Roads          left      15        built     []
Settlements    left      5         built     []
Cities         left      4         built     []
2017-02-12 16:36:11.040 DEBUG model.Management 42 printManagement - model.Management@1fb3d93
KI (1)    sum       0         lumber    0         brick     0         grain     0         wool      0         ore       0         
KI (2)    sum       0         lumber    0         brick     0         grain     0         wool      0         ore       0         
chris     sum       0         lumber    0         brick     0         grain     0         wool      0         ore       0         
[ M ]     sum       95        lumber    19        brick     19        grain     19        wool      19        ore       19        
2017-02-12 16:36:11.041 DEBUG model.players.Player 62 printPlayer - model.players.Ai@72be09b5
id        2         color     RED       name      KI (2)    status    WAIT      
vp        0         road      false     army      false     
dev       0         dice      0         
res       0         lumber    0         brick     0         grain     0         wool      0         ore       0         
dev       []
dev BLOCK []
Harbors   []
Roads          left      15        built     []
Settlements    left      5         built     []
Cities         left      4         built     []
2017-02-12 16:36:11.042 DEBUG model.Management 42 printManagement - model.Management@1fb3d93
KI (1)    sum       0         lumber    0         brick     0         grain     0         wool      0         ore       0         
KI (2)    sum       0         lumber    0         brick     0         grain     0         wool      0         ore       0         
chris     sum       0         lumber    0         brick     0         grain     0         wool      0         ore       0         
[ M ]     sum       95        lumber    19        brick     19        grain     19        wool      19        ore       19        
2017-02-12 16:36:11.056 DEBUG model.players.Player 62 printPlayer - model.players.Human@530992f2
id        3         color     WHITE     name      chris     status    WAIT      
vp        0         road      false     army      false     
dev       0         dice      0         
res       0         lumber    0         brick     0         grain     0         wool      0         ore       0         
dev       []
dev BLOCK []
Harbors   []
Roads          left      15        built     []
Settlements    left      5         built     []
Cities         left      4         built     []
2017-02-12 16:36:11.057 DEBUG model.Management 42 printManagement - model.Management@1fb3d93
KI (1)    sum       0         lumber    0         brick     0         grain     0         wool      0         ore       0         
KI (2)    sum       0         lumber    0         brick     0         grain     0         wool      0         ore       0         
chris     sum       0         lumber    0         brick     0         grain     0         wool      0         ore       0         
[ M ]     sum       95        lumber    19        brick     19        grain     19        wool      19        ore       19        
2017-02-12 16:36:11.617 INFO  model.players.Player 892 getBuildableSettlements - start settlement 54
2017-02-12 16:36:11.620 INFO  model.players.Player 892 getBuildableSettlements - start settlement 54
2017-02-12 16:36:11.621 INFO  model.players.Player 892 getBuildableSettlements - start settlement 54
2017-02-12 16:36:11.623 INFO  model.players.Player 892 getBuildableSettlements - start settlement 54
2017-02-12 16:36:11.625 INFO  model.players.Player 892 getBuildableSettlements - start settlement 54
2017-02-12 16:36:11.627 INFO  model.players.Player 892 getBuildableSettlements - start settlement 54
2017-02-12 16:36:11.628 INFO  model.players.Player 892 getBuildableSettlements - start settlement 54
2017-02-12 16:36:11.629 INFO  model.players.Player 892 getBuildableSettlements - start settlement 54
2017-02-12 16:36:11.630 INFO  model.players.Player 892 getBuildableSettlements - start settlement 54
2017-02-12 16:36:11.631 INFO  model.players.Player 892 getBuildableSettlements - start settlement 54
2017-02-12 16:36:11.633 INFO  model.players.Player 892 getBuildableSettlements - start settlement 54
2017-02-12 16:36:11.634 INFO  model.players.Player 892 getBuildableSettlements - start settlement 54
2017-02-12 16:36:11.635 INFO  model.players.Player 892 getBuildableSettlements - start settlement 54
2017-02-12 16:36:11.636 INFO  model.players.Player 892 getBuildableSettlements - start settlement 54
2017-02-12 16:36:11.637 INFO  model.players.Player 892 getBuildableSettlements - start settlement 54
2017-02-12 16:36:11.638 INFO  model.players.Player 892 getBuildableSettlements - start settlement 54
2017-02-12 16:36:11.639 INFO  model.players.Player 892 getBuildableSettlements - start settlement 54
2017-02-12 16:36:11.640 INFO  model.players.Player 892 getBuildableSettlements - start settlement 54
2017-02-12 16:36:11.641 INFO  model.players.Player 892 getBuildableSettlements - start settlement 54
2017-02-12 16:36:11.642 INFO  model.players.Player 892 getBuildableSettlements - start settlement 54
2017-02-12 16:36:11.643 INFO  model.players.Player 892 getBuildableSettlements - start settlement 54
2017-02-12 16:36:11.644 INFO  model.players.Player 892 getBuildableSettlements - start settlement 54
2017-02-12 16:36:11.646 INFO  model.players.Player 892 getBuildableSettlements - start settlement 54
2017-02-12 16:36:11.671 DEBUG model.players.Player 62 printPlayer - model.players.Ai@108f630d
id        1         color     BLUE      name      KI (1)    status    BUILD_STREET
vp        1         road      false     army      false     
dev       0         dice      0         
res       0         lumber    0         brick     0         grain     0         wool      0         ore       0         
dev       []
dev BLOCK []
Harbors   []
Roads          left      15        built     []
Settlements    left      4         built     [{10, 11, 17}]
Cities         left      4         built     []
2017-02-12 16:36:11.671 DEBUG model.Management 42 printManagement - model.Management@1fb3d93
KI (1)    sum       0         lumber    0         brick     0         grain     0         wool      0         ore       0         
KI (2)    sum       0         lumber    0         brick     0         grain     0         wool      0         ore       0         
chris     sum       0         lumber    0         brick     0         grain     0         wool      0         ore       0         
[ M ]     sum       95        lumber    19        brick     19        grain     19        wool      19        ore       19        
2017-02-12 16:36:11.690 INFO  model.Management 285 longestRoad - KI (1) longest road: 0
2017-02-12 16:36:11.691 INFO  model.Management 285 longestRoad - KI (2) longest road: 0
2017-02-12 16:36:11.691 INFO  model.Management 285 longestRoad - chris longest road: 0
2017-02-12 16:36:11.691 INFO  model.Management 331 longestRoad - longest road: nothing changed
2017-02-12 16:36:11.691 INFO  model.Management 397 finish - offene Siegpunkte: 1, Siegpunktkarten: 0
2017-02-12 16:36:11.691 INFO  model.Management 397 finish - offene Siegpunkte: 0, Siegpunktkarten: 0
2017-02-12 16:36:11.691 INFO  model.Management 397 finish - offene Siegpunkte: 0, Siegpunktkarten: 0
2017-02-12 16:36:12.033 INFO  model.Management 285 longestRoad - KI (1) longest road: 1
2017-02-12 16:36:12.033 INFO  model.Management 285 longestRoad - KI (2) longest road: 0
2017-02-12 16:36:12.034 INFO  model.Management 285 longestRoad - chris longest road: 0
2017-02-12 16:36:12.034 INFO  model.Management 331 longestRoad - longest road: nothing changed
2017-02-12 16:36:12.034 INFO  model.Management 397 finish - offene Siegpunkte: 1, Siegpunktkarten: 0
2017-02-12 16:36:12.034 INFO  model.Management 397 finish - offene Siegpunkte: 0, Siegpunktkarten: 0
2017-02-12 16:36:12.034 INFO  model.Management 397 finish - offene Siegpunkte: 0, Siegpunktkarten: 0
2017-02-12 16:36:12.035 DEBUG model.players.Player 62 printPlayer - model.players.Human@530992f2
id        3         color     WHITE     name      chris     status    BUILD_SETTLEMENT
vp        0         road      false     army      false     
dev       0         dice      0         
res       0         lumber    0         brick     0         grain     0         wool      0         ore       0         
dev       []
dev BLOCK []
Harbors   []
Roads          left      15        built     []
Settlements    left      5         built     []
Cities         left      4         built     []
2017-02-12 16:36:12.035 DEBUG model.Management 42 printManagement - model.Management@1fb3d93
KI (1)    sum       0         lumber    0         brick     0         grain     0         wool      0         ore       0         
KI (2)    sum       0         lumber    0         brick     0         grain     0         wool      0         ore       0         
chris     sum       0         lumber    0         brick     0         grain     0         wool      0         ore       0         
[ M ]     sum       95        lumber    19        brick     19        grain     19        wool      19        ore       19        
2017-02-12 16:36:12.035 DEBUG model.players.Player 62 printPlayer - model.players.Ai@108f630d
id        1         color     BLUE      name      KI (1)    status    WAIT      
vp        1         road      false     army      false     
dev       0         dice      0         
res       0         lumber    0         brick     0         grain     0         wool      0         ore       0         
dev       []
dev BLOCK []
Harbors   []
Roads          left      14        built     [{10, 17}]
Settlements    left      4         built     [{10, 11, 17}]
Cities         left      4         built     []
2017-02-12 16:36:12.036 DEBUG model.Management 42 printManagement - model.Management@1fb3d93
KI (1)    sum       0         lumber    0         brick     0         grain     0         wool      0         ore       0         
KI (2)    sum       0         lumber    0         brick     0         grain     0         wool      0         ore       0         
chris     sum       0         lumber    0         brick     0         grain     0         wool      0         ore       0         
[ M ]     sum       95        lumber    19        brick     19        grain     19        wool      19        ore       19        
2017-02-12 16:36:16.864 DEBUG model.players.Player 62 printPlayer - model.players.Human@530992f2
id        3         color     WHITE     name      chris     status    BUILD_STREET
vp        1         road      false     army      false     
dev       0         dice      0         
res       0         lumber    0         brick     0         grain     0         wool      0         ore       0         
dev       []
dev BLOCK []
Harbors   []
Roads          left      15        built     []
Settlements    left      4         built     [{24, 29, 30}]
Cities         left      4         built     []
2017-02-12 16:36:16.864 DEBUG model.Management 42 printManagement - model.Management@1fb3d93
KI (1)    sum       0         lumber    0         brick     0         grain     0         wool      0         ore       0         
KI (2)    sum       0         lumber    0         brick     0         grain     0         wool      0         ore       0         
chris     sum       0         lumber    0         brick     0         grain     0         wool      0         ore       0         
[ M ]     sum       95        lumber    19        brick     19        grain     19        wool      19        ore       19        
2017-02-12 16:36:16.882 INFO  model.Management 285 longestRoad - KI (1) longest road: 1
2017-02-12 16:36:16.882 INFO  model.Management 285 longestRoad - KI (2) longest road: 0
2017-02-12 16:36:16.883 INFO  model.Management 285 longestRoad - chris longest road: 0
2017-02-12 16:36:16.883 INFO  model.Management 331 longestRoad - longest road: nothing changed
2017-02-12 16:36:16.883 INFO  model.Management 397 finish - offene Siegpunkte: 1, Siegpunktkarten: 0
2017-02-12 16:36:16.883 INFO  model.Management 397 finish - offene Siegpunkte: 0, Siegpunktkarten: 0
2017-02-12 16:36:16.883 INFO  model.Management 397 finish - offene Siegpunkte: 1, Siegpunktkarten: 0
2017-02-12 16:36:17.770 INFO  model.Management 285 longestRoad - KI (1) longest road: 1
2017-02-12 16:36:17.771 INFO  model.Management 285 longestRoad - KI (2) longest road: 0
2017-02-12 16:36:17.771 INFO  model.Management 285 longestRoad - chris longest road: 1
2017-02-12 16:36:17.771 INFO  model.Management 331 longestRoad - longest road: nothing changed
2017-02-12 16:36:17.771 INFO  model.Management 397 finish - offene Siegpunkte: 1, Siegpunktkarten: 0
2017-02-12 16:36:17.771 INFO  model.Management 397 finish - offene Siegpunkte: 0, Siegpunktkarten: 0
2017-02-12 16:36:17.771 INFO  model.Management 397 finish - offene Siegpunkte: 1, Siegpunktkarten: 0
2017-02-12 16:36:17.772 DEBUG model.players.Player 62 printPlayer - model.players.Ai@72be09b5
id        2         color     RED       name      KI (2)    status    BUILD_SETTLEMENT
vp        0         road      false     army      false     
dev       0         dice      0         
res       0         lumber    0         brick     0         grain     0         wool      0         ore       0         
dev       []
dev BLOCK []
Harbors   []
Roads          left      15        built     []
Settlements    left      5         built     []
Cities         left      4         built     []
2017-02-12 16:36:17.772 DEBUG model.Management 42 printManagement - model.Management@1fb3d93
KI (1)    sum       0         lumber    0         brick     0         grain     0         wool      0         ore       0         
KI (2)    sum       0         lumber    0         brick     0         grain     0         wool      0         ore       0         
chris     sum       0         lumber    0         brick     0         grain     0         wool      0         ore       0         
[ M ]     sum       95        lumber    19        brick     19        grain     19        wool      19        ore       19        
2017-02-12 16:36:17.773 DEBUG model.players.Player 62 printPlayer - model.players.Human@530992f2
id        3         color     WHITE     name      chris     status    WAIT      
vp        1         road      false     army      false     
dev       0         dice      0         
res       0         lumber    0         brick     0         grain     0         wool      0         ore       0         
dev       []
dev BLOCK []
Harbors   []
Roads          left      14        built     [{24, 29}]
Settlements    left      4         built     [{24, 29, 30}]
Cities         left      4         built     []
2017-02-12 16:36:17.773 DEBUG model.Management 42 printManagement - model.Management@1fb3d93
KI (1)    sum       0         lumber    0         brick     0         grain     0         wool      0         ore       0         
KI (2)    sum       0         lumber    0         brick     0         grain     0         wool      0         ore       0         
chris     sum       0         lumber    0         brick     0         grain     0         wool      0         ore       0         
[ M ]     sum       95        lumber    19        brick     19        grain     19        wool      19        ore       19        
2017-02-12 16:36:18.008 INFO  model.players.Player 892 getBuildableSettlements - start settlement 46
2017-02-12 16:36:18.009 INFO  model.players.Player 892 getBuildableSettlements - start settlement 46
2017-02-12 16:36:18.010 INFO  model.players.Player 892 getBuildableSettlements - start settlement 46
2017-02-12 16:36:18.010 INFO  model.players.Player 892 getBuildableSettlements - start settlement 46
2017-02-12 16:36:18.010 INFO  model.players.Player 892 getBuildableSettlements - start settlement 46
2017-02-12 16:36:18.011 INFO  model.players.Player 892 getBuildableSettlements - start settlement 46
2017-02-12 16:36:18.011 INFO  model.players.Player 892 getBuildableSettlements - start settlement 46
2017-02-12 16:36:18.011 INFO  model.players.Player 892 getBuildableSettlements - start settlement 46
2017-02-12 16:36:18.012 INFO  model.players.Player 892 getBuildableSettlements - start settlement 46
2017-02-12 16:36:18.012 INFO  model.players.Player 892 getBuildableSettlements - start settlement 46
2017-02-12 16:36:18.012 INFO  model.players.Player 892 getBuildableSettlements - start settlement 46
2017-02-12 16:36:18.013 INFO  model.players.Player 892 getBuildableSettlements - start settlement 46
2017-02-12 16:36:18.013 INFO  model.players.Player 892 getBuildableSettlements - start settlement 46
2017-02-12 16:36:18.014 INFO  model.players.Player 892 getBuildableSettlements - start settlement 46
2017-02-12 16:36:18.014 INFO  model.players.Player 892 getBuildableSettlements - start settlement 46
2017-02-12 16:36:18.014 INFO  model.players.Player 892 getBuildableSettlements - start settlement 46
2017-02-12 16:36:18.015 INFO  model.players.Player 892 getBuildableSettlements - start settlement 46
2017-02-12 16:36:18.015 INFO  model.players.Player 892 getBuildableSettlements - start settlement 46
2017-02-12 16:36:18.016 INFO  model.players.Player 892 getBuildableSettlements - start settlement 46
2017-02-12 16:36:18.016 INFO  model.players.Player 892 getBuildableSettlements - start settlement 46
2017-02-12 16:36:18.016 INFO  model.players.Player 892 getBuildableSettlements - start settlement 46
2017-02-12 16:36:18.017 INFO  model.players.Player 892 getBuildableSettlements - start settlement 46
2017-02-12 16:36:18.017 INFO  model.players.Player 892 getBuildableSettlements - start settlement 46
2017-02-12 16:36:18.037 DEBUG model.players.Player 62 printPlayer - model.players.Ai@72be09b5
id        2         color     RED       name      KI (2)    status    BUILD_STREET
vp        1         road      false     army      false     
dev       0         dice      0         
res       0         lumber    0         brick     0         grain     0         wool      0         ore       0         
dev       []
dev BLOCK []
Harbors   []
Roads          left      15        built     []
Settlements    left      4         built     [{19, 20, 26}]
Cities         left      4         built     []
2017-02-12 16:36:18.038 DEBUG model.Management 42 printManagement - model.Management@1fb3d93
KI (1)    sum       0         lumber    0         brick     0         grain     0         wool      0         ore       0         
KI (2)    sum       0         lumber    0         brick     0         grain     0         wool      0         ore       0         
chris     sum       0         lumber    0         brick     0         grain     0         wool      0         ore       0         
[ M ]     sum       95        lumber    19        brick     19        grain     19        wool      19        ore       19        
2017-02-12 16:36:18.056 INFO  model.Management 285 longestRoad - KI (1) longest road: 1
2017-02-12 16:36:18.056 INFO  model.Management 285 longestRoad - KI (2) longest road: 0
2017-02-12 16:36:18.056 INFO  model.Management 285 longestRoad - chris longest road: 1
2017-02-12 16:36:18.056 INFO  model.Management 331 longestRoad - longest road: nothing changed
2017-02-12 16:36:18.057 INFO  model.Management 397 finish - offene Siegpunkte: 1, Siegpunktkarten: 0
2017-02-12 16:36:18.057 INFO  model.Management 397 finish - offene Siegpunkte: 1, Siegpunktkarten: 0
2017-02-12 16:36:18.057 INFO  model.Management 397 finish - offene Siegpunkte: 1, Siegpunktkarten: 0
2017-02-12 16:36:18.409 INFO  model.Management 285 longestRoad - KI (1) longest road: 1
2017-02-12 16:36:18.410 INFO  model.Management 285 longestRoad - KI (2) longest road: 1
2017-02-12 16:36:18.410 INFO  model.Management 285 longestRoad - chris longest road: 1
2017-02-12 16:36:18.410 INFO  model.Management 331 longestRoad - longest road: nothing changed
2017-02-12 16:36:18.410 INFO  model.Management 397 finish - offene Siegpunkte: 1, Siegpunktkarten: 0
2017-02-12 16:36:18.410 INFO  model.Management 397 finish - offene Siegpunkte: 1, Siegpunktkarten: 0
2017-02-12 16:36:18.410 INFO  model.Management 397 finish - offene Siegpunkte: 1, Siegpunktkarten: 0
2017-02-12 16:36:18.411 DEBUG model.players.Player 62 printPlayer - model.players.Ai@72be09b5
id        2         color     RED       name      KI (2)    status    BUILD_SETTLEMENT
vp        1         road      false     army      false     
dev       0         dice      0         
res       0         lumber    0         brick     0         grain     0         wool      0         ore       0         
dev       []
dev BLOCK []
Harbors   []
Roads          left      14        built     [{19, 20}]
Settlements    left      4         built     [{19, 20, 26}]
Cities         left      4         built     []
2017-02-12 16:36:18.411 DEBUG model.Management 42 printManagement - model.Management@1fb3d93
KI (1)    sum       0         lumber    0         brick     0         grain     0         wool      0         ore       0         
KI (2)    sum       0         lumber    0         brick     0         grain     0         wool      0         ore       0         
chris     sum       0         lumber    0         brick     0         grain     0         wool      0         ore       0         
[ M ]     sum       95        lumber    19        brick     19        grain     19        wool      19        ore       19        
2017-02-12 16:36:18.726 INFO  model.players.Player 892 getBuildableSettlements - start settlement 42
2017-02-12 16:36:18.727 INFO  model.players.Player 892 getBuildableSettlements - start settlement 42
2017-02-12 16:36:18.732 INFO  model.players.Player 892 getBuildableSettlements - start settlement 42
2017-02-12 16:36:18.733 INFO  model.players.Player 892 getBuildableSettlements - start settlement 42
2017-02-12 16:36:18.734 INFO  model.players.Player 892 getBuildableSettlements - start settlement 42
2017-02-12 16:36:18.734 INFO  model.players.Player 892 getBuildableSettlements - start settlement 42
2017-02-12 16:36:18.734 INFO  model.players.Player 892 getBuildableSettlements - start settlement 42
2017-02-12 16:36:18.734 INFO  model.players.Player 892 getBuildableSettlements - start settlement 42
2017-02-12 16:36:18.735 INFO  model.players.Player 892 getBuildableSettlements - start settlement 42
2017-02-12 16:36:18.735 INFO  model.players.Player 892 getBuildableSettlements - start settlement 42
2017-02-12 16:36:18.735 INFO  model.players.Player 892 getBuildableSettlements - start settlement 42
2017-02-12 16:36:18.736 INFO  model.players.Player 892 getBuildableSettlements - start settlement 42
2017-02-12 16:36:18.736 INFO  model.players.Player 892 getBuildableSettlements - start settlement 42
2017-02-12 16:36:18.736 INFO  model.players.Player 892 getBuildableSettlements - start settlement 42
2017-02-12 16:36:18.737 INFO  model.players.Player 892 getBuildableSettlements - start settlement 42
2017-02-12 16:36:18.737 INFO  model.players.Player 892 getBuildableSettlements - start settlement 42
2017-02-12 16:36:18.737 INFO  model.players.Player 892 getBuildableSettlements - start settlement 42
2017-02-12 16:36:18.737 INFO  model.players.Player 892 getBuildableSettlements - start settlement 42
2017-02-12 16:36:18.738 INFO  model.players.Player 892 getBuildableSettlements - start settlement 42
2017-02-12 16:36:18.759 DEBUG model.players.Player 211 setOre - model.players.Ai@72be09b5 [ id: 2 ] old: 0, new: 1
2017-02-12 16:36:18.760 INFO  model.Management 461 setOre - vorher Ore: 18
2017-02-12 16:36:18.761 INFO  model.Management 463 setOre - nacher Ore: 18
2017-02-12 16:36:18.761 DEBUG model.players.Player 255 setWool - model.players.Ai@72be09b5 [ id: 2 ] old: 0, new: 1
2017-02-12 16:36:18.761 INFO  model.Management 503 setWool - vorher Wool: 18
2017-02-12 16:36:18.761 INFO  model.Management 505 setWool - nacher Wool: 18
2017-02-12 16:36:18.761 DEBUG model.players.Player 167 setBrick - model.players.Ai@72be09b5 [ id: 2 ] old: 0, new: 1
2017-02-12 16:36:18.761 INFO  model.Management 420 setBrick - vorher Brick: 18
2017-02-12 16:36:18.761 INFO  model.Management 422 setBrick - nacher Brick: 18
2017-02-12 16:36:18.762 DEBUG model.players.Player 62 printPlayer - model.players.Ai@72be09b5
id        2         color     RED       name      KI (2)    status    BUILD_STREET
vp        2         road      false     army      false     
dev       0         dice      0         
res       3         lumber    0         brick     1         grain     0         wool      1         ore       1         
dev       []
dev BLOCK []
Harbors   []
Roads          left      14        built     [{19, 20}]
Settlements    left      3         built     [{19, 20, 26}, {5, 6, 11}]
Cities         left      4         built     []
2017-02-12 16:36:18.762 DEBUG model.Management 42 printManagement - model.Management@1fb3d93
KI (1)    sum       0         lumber    0         brick     0         grain     0         wool      0         ore       0         
KI (2)    sum       3         lumber    0         brick     1         grain     0         wool      1         ore       1         
chris     sum       0         lumber    0         brick     0         grain     0         wool      0         ore       0         
[ M ]     sum       92        lumber    19        brick     18        grain     19        wool      18        ore       18        
2017-02-12 16:36:18.802 INFO  model.Management 285 longestRoad - KI (1) longest road: 1
2017-02-12 16:36:18.802 INFO  model.Management 285 longestRoad - KI (2) longest road: 1
2017-02-12 16:36:18.802 INFO  model.Management 285 longestRoad - chris longest road: 1
2017-02-12 16:36:18.802 INFO  model.Management 331 longestRoad - longest road: nothing changed
2017-02-12 16:36:18.802 INFO  model.Management 397 finish - offene Siegpunkte: 1, Siegpunktkarten: 0
2017-02-12 16:36:18.802 INFO  model.Management 397 finish - offene Siegpunkte: 2, Siegpunktkarten: 0
2017-02-12 16:36:18.802 INFO  model.Management 397 finish - offene Siegpunkte: 1, Siegpunktkarten: 0
2017-02-12 16:36:19.212 INFO  model.Management 285 longestRoad - KI (1) longest road: 1
2017-02-12 16:36:19.212 INFO  model.Management 285 longestRoad - KI (2) longest road: 1
2017-02-12 16:36:19.212 INFO  model.Management 285 longestRoad - chris longest road: 1
2017-02-12 16:36:19.213 INFO  model.Management 331 longestRoad - longest road: nothing changed
2017-02-12 16:36:19.213 INFO  model.Management 397 finish - offene Siegpunkte: 1, Siegpunktkarten: 0
2017-02-12 16:36:19.213 INFO  model.Management 397 finish - offene Siegpunkte: 2, Siegpunktkarten: 0
2017-02-12 16:36:19.213 INFO  model.Management 397 finish - offene Siegpunkte: 1, Siegpunktkarten: 0
2017-02-12 16:36:19.213 DEBUG model.players.Player 62 printPlayer - model.players.Human@530992f2
id        3         color     WHITE     name      chris     status    BUILD_SETTLEMENT
vp        1         road      false     army      false     
dev       0         dice      0         
res       0         lumber    0         brick     0         grain     0         wool      0         ore       0         
dev       []
dev BLOCK []
Harbors   []
Roads          left      14        built     [{24, 29}]
Settlements    left      4         built     [{24, 29, 30}]
Cities         left      4         built     []
2017-02-12 16:36:19.213 DEBUG model.Management 42 printManagement - model.Management@1fb3d93
KI (1)    sum       0         lumber    0         brick     0         grain     0         wool      0         ore       0         
KI (2)    sum       3         lumber    0         brick     1         grain     0         wool      1         ore       1         
chris     sum       0         lumber    0         brick     0         grain     0         wool      0         ore       0         
[ M ]     sum       92        lumber    19        brick     18        grain     19        wool      18        ore       18        
2017-02-12 16:36:19.214 DEBUG model.players.Player 62 printPlayer - model.players.Ai@72be09b5
id        2         color     RED       name      KI (2)    status    WAIT      
vp        2         road      false     army      false     
dev       0         dice      0         
res       3         lumber    0         brick     1         grain     0         wool      1         ore       1         
dev       []
dev BLOCK []
Harbors   []
Roads          left      13        built     [{19, 20}, {5, 11}]
Settlements    left      3         built     [{19, 20, 26}, {5, 6, 11}]
Cities         left      4         built     []
2017-02-12 16:36:19.214 DEBUG model.Management 42 printManagement - model.Management@1fb3d93
KI (1)    sum       0         lumber    0         brick     0         grain     0         wool      0         ore       0         
KI (2)    sum       3         lumber    0         brick     1         grain     0         wool      1         ore       1         
chris     sum       0         lumber    0         brick     0         grain     0         wool      0         ore       0         
[ M ]     sum       92        lumber    19        brick     18        grain     19        wool      18        ore       18        
2017-02-12 16:36:21.086 DEBUG model.players.Player 189 setLumber - model.players.Human@530992f2 [ id: 3 ] old: 0, new: 1
2017-02-12 16:36:21.087 INFO  model.Management 440 setLumber - vorher Lumber: 18
2017-02-12 16:36:21.087 INFO  model.Management 442 setLumber - nacher Lumber: 18
2017-02-12 16:36:21.087 DEBUG model.players.Player 189 setLumber - model.players.Human@530992f2 [ id: 3 ] old: 1, new: 2
2017-02-12 16:36:21.087 INFO  model.Management 440 setLumber - vorher Lumber: 17
2017-02-12 16:36:21.087 INFO  model.Management 442 setLumber - nacher Lumber: 17
2017-02-12 16:36:21.087 DEBUG model.players.Player 211 setOre - model.players.Human@530992f2 [ id: 3 ] old: 0, new: 1
2017-02-12 16:36:21.087 INFO  model.Management 461 setOre - vorher Ore: 17
2017-02-12 16:36:21.087 INFO  model.Management 463 setOre - nacher Ore: 17
2017-02-12 16:36:21.087 DEBUG model.players.Player 62 printPlayer - model.players.Human@530992f2
id        3         color     WHITE     name      chris     status    BUILD_STREET
vp        2         road      false     army      false     
dev       0         dice      0         
res       3         lumber    2         brick     0         grain     0         wool      0         ore       1         
dev       []
dev BLOCK []
Harbors   []
Roads          left      14        built     [{24, 29}]
Settlements    left      3         built     [{24, 29, 30}, {17, 23, 24}]
Cities         left      4         built     []
2017-02-12 16:36:21.088 DEBUG model.Management 42 printManagement - model.Management@1fb3d93
KI (1)    sum       0         lumber    0         brick     0         grain     0         wool      0         ore       0         
KI (2)    sum       3         lumber    0         brick     1         grain     0         wool      1         ore       1         
chris     sum       3         lumber    2         brick     0         grain     0         wool      0         ore       1         
[ M ]     sum       89        lumber    17        brick     18        grain     19        wool      18        ore       17        
2017-02-12 16:36:21.122 INFO  model.Management 285 longestRoad - KI (1) longest road: 1
2017-02-12 16:36:21.123 INFO  model.Management 285 longestRoad - KI (2) longest road: 1
2017-02-12 16:36:21.123 INFO  model.Management 285 longestRoad - chris longest road: 1
2017-02-12 16:36:21.123 INFO  model.Management 331 longestRoad - longest road: nothing changed
2017-02-12 16:36:21.123 INFO  model.Management 397 finish - offene Siegpunkte: 1, Siegpunktkarten: 0
2017-02-12 16:36:21.123 INFO  model.Management 397 finish - offene Siegpunkte: 2, Siegpunktkarten: 0
2017-02-12 16:36:21.123 INFO  model.Management 397 finish - offene Siegpunkte: 2, Siegpunktkarten: 0
2017-02-12 16:36:22.048 INFO  model.Management 285 longestRoad - KI (1) longest road: 1
2017-02-12 16:36:22.048 INFO  model.Management 285 longestRoad - KI (2) longest road: 1
2017-02-12 16:36:22.048 INFO  model.Management 285 longestRoad - chris longest road: 2
2017-02-12 16:36:22.049 INFO  model.Management 331 longestRoad - longest road: nothing changed
2017-02-12 16:36:22.049 INFO  model.Management 397 finish - offene Siegpunkte: 1, Siegpunktkarten: 0
2017-02-12 16:36:22.049 INFO  model.Management 397 finish - offene Siegpunkte: 2, Siegpunktkarten: 0
2017-02-12 16:36:22.049 INFO  model.Management 397 finish - offene Siegpunkte: 2, Siegpunktkarten: 0
2017-02-12 16:36:22.049 DEBUG model.players.Player 62 printPlayer - model.players.Ai@108f630d
id        1         color     BLUE      name      KI (1)    status    BUILD_SETTLEMENT
vp        1         road      false     army      false     
dev       0         dice      0         
res       0         lumber    0         brick     0         grain     0         wool      0         ore       0         
dev       []
dev BLOCK []
Harbors   []
Roads          left      14        built     [{10, 17}]
Settlements    left      4         built     [{10, 11, 17}]
Cities         left      4         built     []
2017-02-12 16:36:22.049 DEBUG model.Management 42 printManagement - model.Management@1fb3d93
KI (1)    sum       0         lumber    0         brick     0         grain     0         wool      0         ore       0         
KI (2)    sum       3         lumber    0         brick     1         grain     0         wool      1         ore       1         
chris     sum       3         lumber    2         brick     0         grain     0         wool      0         ore       1         
[ M ]     sum       89        lumber    17        brick     18        grain     19        wool      18        ore       17        
2017-02-12 16:36:22.050 DEBUG model.players.Player 62 printPlayer - model.players.Human@530992f2
id        3         color     WHITE     name      chris     status    WAIT      
vp        2         road      false     army      false     
dev       0         dice      0         
res       3         lumber    2         brick     0         grain     0         wool      0         ore       1         
dev       []
dev BLOCK []
Harbors   []
Roads          left      13        built     [{24, 29}, {23, 24}]
Settlements    left      3         built     [{24, 29, 30}, {17, 23, 24}]
Cities         left      4         built     []
2017-02-12 16:36:22.050 DEBUG model.Management 42 printManagement - model.Management@1fb3d93
KI (1)    sum       0         lumber    0         brick     0         grain     0         wool      0         ore       0         
KI (2)    sum       3         lumber    0         brick     1         grain     0         wool      1         ore       1         
chris     sum       3         lumber    2         brick     0         grain     0         wool      0         ore       1         
[ M ]     sum       89        lumber    17        brick     18        grain     19        wool      18        ore       17        
2017-02-12 16:36:22.279 INFO  model.players.Player 892 getBuildableSettlements - start settlement 36
2017-02-12 16:36:22.280 INFO  model.players.Player 892 getBuildableSettlements - start settlement 36
2017-02-12 16:36:22.280 INFO  model.players.Player 892 getBuildableSettlements - start settlement 36
2017-02-12 16:36:22.281 INFO  model.players.Player 892 getBuildableSettlements - start settlement 36
2017-02-12 16:36:22.281 INFO  model.players.Player 892 getBuildableSettlements - start settlement 36
2017-02-12 16:36:22.281 INFO  model.players.Player 892 getBuildableSettlements - start settlement 36
2017-02-12 16:36:22.281 INFO  model.players.Player 892 getBuildableSettlements - start settlement 36
2017-02-12 16:36:22.282 INFO  model.players.Player 892 getBuildableSettlements - start settlement 36
2017-02-12 16:36:22.282 INFO  model.players.Player 892 getBuildableSettlements - start settlement 36
2017-02-12 16:36:22.282 INFO  model.players.Player 892 getBuildableSettlements - start settlement 36
2017-02-12 16:36:22.282 INFO  model.players.Player 892 getBuildableSettlements - start settlement 36
2017-02-12 16:36:22.283 INFO  model.players.Player 892 getBuildableSettlements - start settlement 36
2017-02-12 16:36:22.283 INFO  model.players.Player 892 getBuildableSettlements - start settlement 36
2017-02-12 16:36:22.283 INFO  model.players.Player 892 getBuildableSettlements - start settlement 36
2017-02-12 16:36:22.284 INFO  model.players.Player 892 getBuildableSettlements - start settlement 36
2017-02-12 16:36:22.284 INFO  model.players.Player 892 getBuildableSettlements - start settlement 36
2017-02-12 16:36:22.284 INFO  model.players.Player 892 getBuildableSettlements - start settlement 36
2017-02-12 16:36:22.284 INFO  model.players.Player 892 getBuildableSettlements - start settlement 36
2017-02-12 16:36:22.285 INFO  model.players.Player 892 getBuildableSettlements - start settlement 36
2017-02-12 16:36:22.285 INFO  model.players.Player 892 getBuildableSettlements - start settlement 36
2017-02-12 16:36:22.285 INFO  model.players.Player 892 getBuildableSettlements - start settlement 36
2017-02-12 16:36:22.303 DEBUG model.players.Player 189 setLumber - model.players.Ai@108f630d [ id: 1 ] old: 0, new: 1
2017-02-12 16:36:22.303 INFO  model.Management 440 setLumber - vorher Lumber: 16
2017-02-12 16:36:22.303 INFO  model.Management 442 setLumber - nacher Lumber: 16
2017-02-12 16:36:22.303 DEBUG model.players.Player 255 setWool - model.players.Ai@108f630d [ id: 1 ] old: 0, new: 1
2017-02-12 16:36:22.303 INFO  model.Management 503 setWool - vorher Wool: 17
2017-02-12 16:36:22.303 INFO  model.Management 505 setWool - nacher Wool: 17
2017-02-12 16:36:22.303 DEBUG model.players.Player 167 setBrick - model.players.Ai@108f630d [ id: 1 ] old: 0, new: 1
2017-02-12 16:36:22.303 INFO  model.Management 420 setBrick - vorher Brick: 17
2017-02-12 16:36:22.303 INFO  model.Management 422 setBrick - nacher Brick: 17
2017-02-12 16:36:22.303 DEBUG model.players.Player 62 printPlayer - model.players.Ai@108f630d
id        1         color     BLUE      name      KI (1)    status    BUILD_STREET
vp        2         road      false     army      false     
dev       0         dice      0         
res       3         lumber    1         brick     1         grain     0         wool      1         ore       0         
dev       []
dev BLOCK []
Harbors   []
Roads          left      14        built     [{10, 17}]
Settlements    left      3         built     [{10, 11, 17}, {7, 12, 13}]
Cities         left      4         built     []
2017-02-12 16:36:22.304 DEBUG model.Management 42 printManagement - model.Management@1fb3d93
KI (1)    sum       3         lumber    1         brick     1         grain     0         wool      1         ore       0         
KI (2)    sum       3         lumber    0         brick     1         grain     0         wool      1         ore       1         
chris     sum       3         lumber    2         brick     0         grain     0         wool      0         ore       1         
[ M ]     sum       86        lumber    16        brick     17        grain     19        wool      17        ore       17        
2017-02-12 16:36:22.339 INFO  model.Management 285 longestRoad - KI (1) longest road: 1
2017-02-12 16:36:22.339 INFO  model.Management 285 longestRoad - KI (2) longest road: 1
2017-02-12 16:36:22.340 INFO  model.Management 285 longestRoad - chris longest road: 2
2017-02-12 16:36:22.340 INFO  model.Management 331 longestRoad - longest road: nothing changed
2017-02-12 16:36:22.340 INFO  model.Management 397 finish - offene Siegpunkte: 2, Siegpunktkarten: 0
2017-02-12 16:36:22.340 INFO  model.Management 397 finish - offene Siegpunkte: 2, Siegpunktkarten: 0
2017-02-12 16:36:22.340 INFO  model.Management 397 finish - offene Siegpunkte: 2, Siegpunktkarten: 0
2017-02-12 16:36:22.750 INFO  model.Management 285 longestRoad - KI (1) longest road: 1
2017-02-12 16:36:22.751 INFO  model.Management 285 longestRoad - KI (2) longest road: 1
2017-02-12 16:36:22.751 INFO  model.Management 285 longestRoad - chris longest road: 2
2017-02-12 16:36:22.751 INFO  model.Management 331 longestRoad - longest road: nothing changed
2017-02-12 16:36:22.751 INFO  model.Management 397 finish - offene Siegpunkte: 2, Siegpunktkarten: 0
2017-02-12 16:36:22.751 INFO  model.Management 397 finish - offene Siegpunkte: 2, Siegpunktkarten: 0
2017-02-12 16:36:22.751 INFO  model.Management 397 finish - offene Siegpunkte: 2, Siegpunktkarten: 0
2017-02-12 16:36:22.751 DEBUG model.players.Player 62 printPlayer - model.players.Ai@108f630d
id        1         color     BLUE      name      KI (1)    status    ROLL_DICE 
vp        2         road      false     army      false     
dev       0         dice      0         
res       3         lumber    1         brick     1         grain     0         wool      1         ore       0         
dev       []
dev BLOCK []
Harbors   []
Roads          left      13        built     [{10, 17}, {7, 13}]
Settlements    left      3         built     [{10, 11, 17}, {7, 12, 13}]
Cities         left      4         built     []
2017-02-12 16:36:22.752 DEBUG model.Management 42 printManagement - model.Management@1fb3d93
KI (1)    sum       3         lumber    1         brick     1         grain     0         wool      1         ore       0         
KI (2)    sum       3         lumber    0         brick     1         grain     0         wool      1         ore       1         
chris     sum       3         lumber    2         brick     0         grain     0         wool      0         ore       1         
[ M ]     sum       86        lumber    16        brick     17        grain     19        wool      17        ore       17        
2017-02-12 16:36:22.983 INFO  model.Management 58 rollDices - 
 Dice [ 6, 4 ]
 Resources [ BRICK 17, LUMBER 16, ORE 17, GRAIN 19, WOOL 17 ]
2017-02-12 16:36:23.005 DEBUG model.players.Player 167 setBrick - model.players.Ai@108f630d [ id: 1 ] old: 1, new: 2
2017-02-12 16:36:23.005 INFO  model.Management 420 setBrick - vorher Brick: 16
2017-02-12 16:36:23.005 INFO  model.Management 422 setBrick - nacher Brick: 16
2017-02-12 16:36:23.005 INFO  model.Management 102 bigHarvest - corner: {7, 12, 13}, resource: BRICK, management: brick: 16, lumber: 16, grain: 19, wool: 17, ore: 17
2017-02-12 16:36:23.005 DEBUG model.players.Player 211 setOre - model.players.Ai@72be09b5 [ id: 2 ] old: 1, new: 2
2017-02-12 16:36:23.006 INFO  model.Management 461 setOre - vorher Ore: 16
2017-02-12 16:36:23.006 INFO  model.Management 463 setOre - nacher Ore: 16
2017-02-12 16:36:23.006 INFO  model.Management 113 bigHarvest - corner: {5, 6, 11}, resource: ORE, management: brick: 16, lumber: 16, grain: 19, wool: 17, ore: 16
2017-02-12 16:36:23.039 DEBUG model.players.Player 62 printPlayer - model.players.Ai@108f630d
id        1         color     BLUE      name      KI (1)    status    TRADE_OR_BUILD
vp        2         road      false     army      false     
dev       0         dice      10        
res       4         lumber    1         brick     2         grain     0         wool      1         ore       0         
dev       []
dev BLOCK []
Harbors   []
Roads          left      13        built     [{10, 17}, {7, 13}]
Settlements    left      3         built     [{10, 11, 17}, {7, 12, 13}]
Cities         left      4         built     []
2017-02-12 16:36:23.040 DEBUG model.Management 42 printManagement - model.Management@1fb3d93
KI (1)    sum       4         lumber    1         brick     2         grain     0         wool      1         ore       0         
KI (2)    sum       4         lumber    0         brick     1         grain     0         wool      1         ore       2         
chris     sum       3         lumber    2         brick     0         grain     0         wool      0         ore       1         
[ M ]     sum       84        lumber    16        brick     16        grain     19        wool      17        ore       16        
2017-02-12 16:36:23.491 INFO  model.players.Player 895 getBuildableSettlements - move settlement 0
2017-02-12 16:36:24.107 INFO  model.players.Ai 554 buildRoad - [model.board.Edge@3f34d48f, model.board.Edge@7a365d0d]
2017-02-12 16:36:24.127 DEBUG model.players.Player 167 setBrick - model.players.Ai@108f630d [ id: 1 ] old: 2, new: 1
2017-02-12 16:36:24.128 INFO  model.Management 420 setBrick - vorher Brick: 17
2017-02-12 16:36:24.128 INFO  model.Management 422 setBrick - nacher Brick: 17
2017-02-12 16:36:24.128 DEBUG model.players.Player 189 setLumber - model.players.Ai@108f630d [ id: 1 ] old: 1, new: 0
2017-02-12 16:36:24.128 INFO  model.Management 440 setLumber - vorher Lumber: 17
2017-02-12 16:36:24.128 INFO  model.Management 442 setLumber - nacher Lumber: 17
2017-02-12 16:36:24.128 INFO  model.players.Player 1108 buildRoad - {8, 13}
2017-02-12 16:36:24.169 INFO  model.Management 285 longestRoad - KI (1) longest road: 2
2017-02-12 16:36:24.169 INFO  model.Management 285 longestRoad - KI (2) longest road: 1
2017-02-12 16:36:24.170 INFO  model.Management 285 longestRoad - chris longest road: 2
2017-02-12 16:36:24.170 INFO  model.Management 331 longestRoad - longest road: nothing changed
2017-02-12 16:36:24.170 INFO  model.Management 397 finish - offene Siegpunkte: 2, Siegpunktkarten: 0
2017-02-12 16:36:24.170 INFO  model.Management 397 finish - offene Siegpunkte: 2, Siegpunktkarten: 0
2017-02-12 16:36:24.170 INFO  model.Management 397 finish - offene Siegpunkte: 2, Siegpunktkarten: 0
2017-02-12 16:36:24.540 INFO  model.players.Player 895 getBuildableSettlements - move settlement 1
2017-02-12 16:36:24.624 INFO  model.players.Player 1160 moveDevelopmentcards - [] Karten knnen gespielt werden
2017-02-12 16:36:24.625 DEBUG model.players.Player 62 printPlayer - model.players.Ai@108f630d
id        1         color     BLUE      name      KI (1)    status    WAIT      
vp        2         road      false     army      false     
dev       0         dice      10        
res       2         lumber    0         brick     1         grain     0         wool      1         ore       0         
dev       []
dev BLOCK []
Harbors   []
Roads          left      12        built     [{10, 17}, {7, 13}, {8, 13}]
Settlements    left      3         built     [{10, 11, 17}, {7, 12, 13}]
Cities         left      4         built     []
2017-02-12 16:36:24.625 DEBUG model.Management 42 printManagement - model.Management@1fb3d93
KI (1)    sum       2         lumber    0         brick     1         grain     0         wool      1         ore       0         
KI (2)    sum       4         lumber    0         brick     1         grain     0         wool      1         ore       2         
chris     sum       3         lumber    2         brick     0         grain     0         wool      0         ore       1         
[ M ]     sum       86        lumber    17        brick     17        grain     19        wool      17        ore       16        
2017-02-12 16:36:24.640 DEBUG model.players.Player 62 printPlayer - model.players.Human@530992f2
id        3         color     WHITE     name      chris     status    ROLL_DICE 
vp        2         road      false     army      false     
dev       0         dice      0         
res       3         lumber    2         brick     0         grain     0         wool      0         ore       1         
dev       []
dev BLOCK []
Harbors   []
Roads          left      13        built     [{24, 29}, {23, 24}]
Settlements    left      3         built     [{24, 29, 30}, {17, 23, 24}]
Cities         left      4         built     []
2017-02-12 16:36:24.640 DEBUG model.Management 42 printManagement - model.Management@1fb3d93
KI (1)    sum       2         lumber    0         brick     1         grain     0         wool      1         ore       0         
KI (2)    sum       4         lumber    0         brick     1         grain     0         wool      1         ore       2         
chris     sum       3         lumber    2         brick     0         grain     0         wool      0         ore       1         
[ M ]     sum       86        lumber    17        brick     17        grain     19        wool      17        ore       16        
2017-02-12 16:36:25.800 INFO  model.Management 58 rollDices - 
 Dice [ 6, 3 ]
 Resources [ BRICK 17, LUMBER 17, ORE 16, GRAIN 19, WOOL 17 ]
2017-02-12 16:36:25.816 DEBUG model.players.Player 189 setLumber - model.players.Ai@108f630d [ id: 1 ] old: 0, new: 1
2017-02-12 16:36:25.816 INFO  model.Management 440 setLumber - vorher Lumber: 16
2017-02-12 16:36:25.816 INFO  model.Management 442 setLumber - nacher Lumber: 16
2017-02-12 16:36:25.816 INFO  model.Management 102 bigHarvest - corner: {7, 12, 13}, resource: LUMBER, management: brick: 17, lumber: 16, grain: 19, wool: 17, ore: 16
2017-02-12 16:36:25.833 DEBUG model.players.Player 62 printPlayer - model.players.Human@530992f2
id        3         color     WHITE     name      chris     status    TRADE_OR_BUILD
vp        2         road      false     army      false     
dev       0         dice      9         
res       3         lumber    2         brick     0         grain     0         wool      0         ore       1         
dev       []
dev BLOCK []
Harbors   []
Roads          left      13        built     [{24, 29}, {23, 24}]
Settlements    left      3         built     [{24, 29, 30}, {17, 23, 24}]
Cities         left      4         built     []
2017-02-12 16:36:25.833 DEBUG model.Management 42 printManagement - model.Management@1fb3d93
KI (1)    sum       3         lumber    1         brick     1         grain     0         wool      1         ore       0         
KI (2)    sum       4         lumber    0         brick     1         grain     0         wool      1         ore       2         
chris     sum       3         lumber    2         brick     0         grain     0         wool      0         ore       1         
[ M ]     sum       85        lumber    16        brick     17        grain     19        wool      17        ore       16        
2017-02-12 16:37:23.042 DEBUG model.players.Player 62 printPlayer - model.players.Human@530992f2
id        3         color     WHITE     name      chris     status    CONNECTION_LOST
vp        2         road      false     army      false     
dev       0         dice      9         
res       3         lumber    2         brick     0         grain     0         wool      0         ore       1         
dev       []
dev BLOCK []
Harbors   []
Roads          left      13        built     [{24, 29}, {23, 24}]
Settlements    left      3         built     [{24, 29, 30}, {17, 23, 24}]
Cities         left      4         built     []
2017-02-12 16:37:23.042 DEBUG model.Management 42 printManagement - model.Management@1fb3d93
KI (1)    sum       3         lumber    1         brick     1         grain     0         wool      1         ore       0         
KI (2)    sum       4         lumber    0         brick     1         grain     0         wool      1         ore       2         
chris     sum       3         lumber    2         brick     0         grain     0         wool      0         ore       1         
[ M ]     sum       85        lumber    16        brick     17        grain     19        wool      17        ore       16        
