2017-05-31 21:28:13.764 INFO  model.board.Board 263 printBoardIDs - 
  null  null  null   {0}   {1}   {2}   {3}
  null  null   {4}   {5}   {6}   {7}   {8}
  null   {9}  {10}  {11}  {12}  {13}  {14}
  {15}  {16}  {17}  {18}  {19}  {20}  {21}
  {22}  {23}  {24}  {25}  {26}  {27}  null
  {28}  {29}  {30}  {31}  {32}  null  null
  {33}  {34}  {35}  {36}  null  null  null

2017-05-31 21:28:13.765 INFO  model.board.Board 340 printNumberTokens - 
  null  null  null  null  null  null  null
  null  null  null    10     2     9  null
  null  null    12     6     4    10  null
  null     9    11     0     3     8  null
  null     8     3     4     5  null  null
  null     5     6    11  null  null  null
  null  null  null  null  null  null  null

2017-05-31 21:28:13.768 INFO  model.board.Board 281 printBoardSpecialCo - 
(     )(     )(     )( 0,-3)( 1,-3)( 2,-3)( 3,-3)
(     )(     )(-1,-2)( 0,-2)( 1,-2)( 2,-2)( 3,-2)
(     )(-2,-1)(-1,-1)( 0,-1)( 1,-1)( 2,-1)( 3,-1)
(-3, 0)(-2, 0)(-1, 0)( 0, 0)( 1, 0)( 2, 0)( 3, 0)
(-3, 1)(-2, 1)(-1, 1)( 0, 1)( 1, 1)( 2, 1)(     )
(-3, 2)(-2, 2)(-1, 2)( 0, 2)( 1, 2)(     )(     )
(-3, 3)(-2, 3)(-1, 3)( 0, 3)(     )(     )(     )

2017-05-31 21:28:13.770 INFO  model.board.Board 301 printTileNeighbors - 
Row: 0
                          null : 
                          null : 
                          null : 
      model.board.Sea@6969e544 : [model.board.Sea@68fe3709, model.board.Mountain@2ac36912, model.board.Sea@40a2c530]
      model.board.Sea@68fe3709 : [model.board.Pasture@66475ba5, model.board.Mountain@2ac36912, model.board.Sea@6969e544, model.board.Sea@7f186e1b]
      model.board.Sea@7f186e1b : [model.board.Sea@68fe3709, model.board.Forest@4e221313, model.board.Pasture@66475ba5, model.board.Sea@187fc4a2]
      model.board.Sea@187fc4a2 : [model.board.Sea@44b92e7b, model.board.Forest@4e221313, model.board.Sea@7f186e1b]
Row: 1
                          null : 
                          null : 
      model.board.Sea@40a2c530 : [model.board.Mountain@2ac36912, model.board.Field@786df841, model.board.Sea@2609d6d4, model.board.Sea@6969e544]
 model.board.Mountain@2ac36912 : [model.board.Sea@68fe3709, model.board.Pasture@66475ba5, model.board.Hill@40b55c63, model.board.Field@786df841, model.board.Sea@40a2c530, model.board.Sea@6969e544]
  model.board.Pasture@66475ba5 : [model.board.Sea@68fe3709, model.board.Forest@4e221313, model.board.Pasture@4df278f8, model.board.Hill@40b55c63, model.board.Mountain@2ac36912, model.board.Sea@7f186e1b]
   model.board.Forest@4e221313 : [model.board.Sea@44b92e7b, model.board.Hill@5aca2ef7, model.board.Pasture@4df278f8, model.board.Pasture@66475ba5, model.board.Sea@7f186e1b, model.board.Sea@187fc4a2]
      model.board.Sea@44b92e7b : [model.board.Sea@321dfc0c, model.board.Hill@5aca2ef7, model.board.Forest@4e221313, model.board.Sea@187fc4a2]
Row: 2
                          null : 
      model.board.Sea@2609d6d4 : [model.board.Sea@40a2c530, model.board.Field@786df841, model.board.Sea@5821f868, model.board.Field@6ca6e2c]
    model.board.Field@786df841 : [model.board.Forest@dfc4594, model.board.Sea@40a2c530, model.board.Mountain@2ac36912, model.board.Hill@40b55c63, model.board.Sea@2609d6d4, model.board.Field@6ca6e2c]
     model.board.Hill@40b55c63 : [model.board.Forest@dfc4594, model.board.Mountain@2ac36912, model.board.Pasture@66475ba5, model.board.Pasture@4df278f8, model.board.Field@786df841, model.board.Desert@505c35bb]
  model.board.Pasture@4df278f8 : [model.board.Pasture@66475ba5, model.board.Forest@4e221313, model.board.Hill@5aca2ef7, model.board.Hill@40b55c63, model.board.Desert@505c35bb, model.board.Forest@7697560]
     model.board.Hill@5aca2ef7 : [model.board.Forest@4e221313, model.board.Sea@44b92e7b, model.board.Sea@321dfc0c, model.board.Mountain@5287c0af, model.board.Pasture@4df278f8, model.board.Forest@7697560]
      model.board.Sea@321dfc0c : [model.board.Sea@44b92e7b, model.board.Sea@3d38ff8e, model.board.Mountain@5287c0af, model.board.Hill@5aca2ef7]
Row: 3
      model.board.Sea@5821f868 : [model.board.Sea@2609d6d4, model.board.Sea@cf8e47f, model.board.Field@6ca6e2c]
     model.board.Field@6ca6e2c : [model.board.Forest@dfc4594, model.board.Sea@2609d6d4, model.board.Field@786df841, model.board.Forest@407652f5, model.board.Sea@cf8e47f, model.board.Sea@5821f868]
    model.board.Forest@dfc4594 : [model.board.Field@786df841, model.board.Hill@40b55c63, model.board.Mountain@2c9860ec, model.board.Forest@407652f5, model.board.Field@6ca6e2c, model.board.Desert@505c35bb]
   model.board.Desert@505c35bb : [model.board.Forest@dfc4594, model.board.Hill@40b55c63, model.board.Pasture@4df278f8, model.board.Field@56a62e7e, model.board.Mountain@2c9860ec, model.board.Forest@7697560]
    model.board.Forest@7697560 : [model.board.Pasture@4df278f8, model.board.Hill@5aca2ef7, model.board.Mountain@5287c0af, model.board.Pasture@1db6f3c9, model.board.Field@56a62e7e, model.board.Desert@505c35bb]
 model.board.Mountain@5287c0af : [model.board.Hill@5aca2ef7, model.board.Sea@321dfc0c, model.board.Sea@3d38ff8e, model.board.Sea@6fa5eb70, model.board.Pasture@1db6f3c9, model.board.Forest@7697560]
      model.board.Sea@3d38ff8e : [model.board.Sea@321dfc0c, model.board.Sea@6fa5eb70, model.board.Mountain@5287c0af]
Row: 4
       model.board.Sea@cf8e47f : [model.board.Sea@5821f868, model.board.Forest@407652f5, model.board.Sea@d56968, model.board.Field@6ca6e2c]
   model.board.Forest@407652f5 : [model.board.Forest@dfc4594, model.board.Mountain@2c9860ec, model.board.Hill@67e762d2, model.board.Sea@d56968, model.board.Sea@cf8e47f, model.board.Field@6ca6e2c]
 model.board.Mountain@2c9860ec : [model.board.Forest@dfc4594, model.board.Field@56a62e7e, model.board.Field@4d65ed5c, model.board.Hill@67e762d2, model.board.Forest@407652f5, model.board.Desert@505c35bb]
    model.board.Field@56a62e7e : [model.board.Pasture@1db6f3c9, model.board.Pasture@d5b71eb, model.board.Field@4d65ed5c, model.board.Mountain@2c9860ec, model.board.Desert@505c35bb, model.board.Forest@7697560]
  model.board.Pasture@1db6f3c9 : [model.board.Mountain@5287c0af, model.board.Sea@6fa5eb70, model.board.Pasture@d5b71eb, model.board.Field@56a62e7e, model.board.Sea@266ed701, model.board.Forest@7697560]
      model.board.Sea@6fa5eb70 : [model.board.Mountain@5287c0af, model.board.Sea@3d38ff8e, model.board.Pasture@1db6f3c9, model.board.Sea@266ed701]
                          null : 
Row: 5
        model.board.Sea@d56968 : [model.board.Sea@7a43d0ec, model.board.Sea@cf8e47f, model.board.Forest@407652f5, model.board.Hill@67e762d2]
     model.board.Hill@67e762d2 : [model.board.Sea@7a43d0ec, model.board.Forest@407652f5, model.board.Mountain@2c9860ec, model.board.Field@4d65ed5c, model.board.Sea@d56968, model.board.Sea@182ecdf5]
    model.board.Field@4d65ed5c : [model.board.Mountain@2c9860ec, model.board.Field@56a62e7e, model.board.Pasture@d5b71eb, model.board.Hill@67e762d2, model.board.Sea@182ecdf5, model.board.Sea@4eac2332]
   model.board.Pasture@d5b71eb : [model.board.Field@56a62e7e, model.board.Pasture@1db6f3c9, model.board.Sea@1e2a3339, model.board.Field@4d65ed5c, model.board.Sea@266ed701, model.board.Sea@4eac2332]
      model.board.Sea@266ed701 : [model.board.Pasture@1db6f3c9, model.board.Sea@6fa5eb70, model.board.Sea@1e2a3339, model.board.Pasture@d5b71eb]
                          null : 
                          null : 
Row: 6
      model.board.Sea@7a43d0ec : [model.board.Sea@d56968, model.board.Hill@67e762d2, model.board.Sea@182ecdf5]
      model.board.Sea@182ecdf5 : [model.board.Sea@7a43d0ec, model.board.Hill@67e762d2, model.board.Field@4d65ed5c, model.board.Sea@4eac2332]
      model.board.Sea@4eac2332 : [model.board.Field@4d65ed5c, model.board.Pasture@d5b71eb, model.board.Sea@1e2a3339, model.board.Sea@182ecdf5]
      model.board.Sea@1e2a3339 : [model.board.Pasture@d5b71eb, model.board.Sea@266ed701, model.board.Sea@4eac2332]
                          null : 
                          null : 
                          null : 

2017-05-31 21:28:13.772 INFO  model.board.Board 322 printPorts - 
        {33} : GENERIC
         {9} : LUMBER
         {8} : ORE
        {22} : BRICK
         {0} : GENERIC
        {32} : WOOL
         {2} : GRAIN
        {35} : GENERIC
        {21} : GENERIC

{22, 23, 28} : BRICK
{16, 22, 23} : BRICK
   {1, 2, 6} : GRAIN
   {2, 6, 7} : GRAIN
  {4, 9, 10} : LUMBER
{28, 29, 33} : GENERIC
  {7, 8, 13} : ORE
 {8, 13, 14} : ORE
 {9, 10, 16} : LUMBER
{26, 27, 32} : WOOL
{26, 31, 32} : WOOL
{29, 33, 34} : GENERIC
{30, 31, 35} : GENERIC
{30, 34, 35} : GENERIC
{14, 20, 21} : GENERIC
{20, 21, 27} : GENERIC
   {0, 4, 5} : GENERIC
   {0, 1, 5} : GENERIC

2017-05-31 21:28:13.808 TRACE model.players.Ai 34 <init> - Enter model.players.Ai@5ebb26fb
2017-05-31 21:28:13.809 DEBUG model.players.Player 62 printPlayer - model.players.Ai@5ebb26fb
id        1         color     NULL      name                status    null      
vp        0         road      false     army      false     
dev       0         dice      0         
res       0         lumber    0         brick     0         grain     0         wool      0         ore       0         
dev       []
dev BLOCK []
Harbors   []
Roads          left      15        built     []
Settlements    left      5         built     []
Cities         left      4         built     []
2017-05-31 21:28:13.810 DEBUG model.players.Player 62 printPlayer - model.players.Ai@5ebb26fb
id        1         color     NULL      name                status    START_GAME
vp        0         road      false     army      false     
dev       0         dice      0         
res       0         lumber    0         brick     0         grain     0         wool      0         ore       0         
dev       []
dev BLOCK []
Harbors   []
Roads          left      15        built     []
Settlements    left      5         built     []
Cities         left      4         built     []
2017-05-31 21:28:13.874 TRACE model.players.Ai 34 <init> - Enter model.players.Ai@1007dc42
2017-05-31 21:28:13.875 DEBUG model.players.Player 62 printPlayer - model.players.Ai@1007dc42
id        2         color     NULL      name                status    null      
vp        0         road      false     army      false     
dev       0         dice      0         
res       0         lumber    0         brick     0         grain     0         wool      0         ore       0         
dev       []
dev BLOCK []
Harbors   []
Roads          left      15        built     []
Settlements    left      5         built     []
Cities         left      4         built     []
2017-05-31 21:28:13.876 DEBUG model.players.Player 62 printPlayer - model.players.Ai@1007dc42
id        2         color     NULL      name                status    START_GAME
vp        0         road      false     army      false     
dev       0         dice      0         
res       0         lumber    0         brick     0         grain     0         wool      0         ore       0         
dev       []
dev BLOCK []
Harbors   []
Roads          left      15        built     []
Settlements    left      5         built     []
Cities         left      4         built     []
2017-05-31 21:28:14.339 DEBUG model.players.Player 62 printPlayer - model.players.Ai@5ebb26fb
id        1         color     BLUE      name      KI (1)    status    WAIT_FOR_GAME_START
vp        0         road      false     army      false     
dev       0         dice      0         
res       0         lumber    0         brick     0         grain     0         wool      0         ore       0         
dev       []
dev BLOCK []
Harbors   []
Roads          left      15        built     []
Settlements    left      5         built     []
Cities         left      4         built     []
2017-05-31 21:28:14.341 DEBUG model.Management 43 printManagement - model.Management@14a57f71
KI (1)    sum       0         lumber    0         brick     0         grain     0         wool      0         ore       0         
KI (2)    sum       0         lumber    0         brick     0         grain     0         wool      0         ore       0         
[ M ]     sum       95        lumber    19        brick     19        grain     19        wool      19        ore       19        
2017-05-31 21:28:14.487 DEBUG model.players.Player 62 printPlayer - model.players.Ai@1007dc42
id        2         color     RED       name      KI (2)    status    WAIT_FOR_GAME_START
vp        0         road      false     army      false     
dev       0         dice      0         
res       0         lumber    0         brick     0         grain     0         wool      0         ore       0         
dev       []
dev BLOCK []
Harbors   []
Roads          left      15        built     []
Settlements    left      5         built     []
Cities         left      4         built     []
2017-05-31 21:28:14.489 DEBUG model.Management 43 printManagement - model.Management@14a57f71
KI (1)    sum       0         lumber    0         brick     0         grain     0         wool      0         ore       0         
KI (2)    sum       0         lumber    0         brick     0         grain     0         wool      0         ore       0         
[ M ]     sum       95        lumber    19        brick     19        grain     19        wool      19        ore       19        
2017-05-31 21:28:27.727 TRACE model.players.Ai 34 <init> - Enter model.players.Ai@585193f5
2017-05-31 21:28:27.728 DEBUG model.players.Player 62 printPlayer - model.players.Ai@585193f5
id        3         color     NULL      name                status    null      
vp        0         road      false     army      false     
dev       0         dice      0         
res       0         lumber    0         brick     0         grain     0         wool      0         ore       0         
dev       []
dev BLOCK []
Harbors   []
Roads          left      15        built     []
Settlements    left      5         built     []
Cities         left      4         built     []
2017-05-31 21:28:27.728 DEBUG model.players.Player 62 printPlayer - model.players.Ai@585193f5
id        3         color     NULL      name                status    START_GAME
vp        0         road      false     army      false     
dev       0         dice      0         
res       0         lumber    0         brick     0         grain     0         wool      0         ore       0         
dev       []
dev BLOCK []
Harbors   []
Roads          left      15        built     []
Settlements    left      5         built     []
Cities         left      4         built     []
2017-05-31 21:28:56.351 DEBUG model.players.Player 62 printPlayer - model.players.Ai@585193f5
id        3         color     NULL      name                status    CONNECTION_LOST
vp        0         road      false     army      false     
dev       0         dice      0         
res       0         lumber    0         brick     0         grain     0         wool      0         ore       0         
dev       []
dev BLOCK []
Harbors   []
Roads          left      15        built     []
Settlements    left      5         built     []
Cities         left      4         built     []
2017-05-31 21:28:56.353 DEBUG model.Management 43 printManagement - model.Management@14a57f71
KI (1)    sum       0         lumber    0         brick     0         grain     0         wool      0         ore       0         
KI (2)    sum       0         lumber    0         brick     0         grain     0         wool      0         ore       0         
          sum       0         lumber    0         brick     0         grain     0         wool      0         ore       0         
[ M ]     sum       95        lumber    19        brick     19        grain     19        wool      19        ore       19        
