2017-05-31 21:29:28.565 INFO  model.board.RandomBoard 129 setNumberTokensRandom - 
 outerTerrains :
{{13}=model.board.Field@46b7cf82, {6}=model.board.Hill@12556c6d, {7}=model.board.Field@ab203a, {10}=model.board.Mountain@6eafc95c, {31}=model.board.Forest@169cd0d4, {23}=model.board.Pasture@2f93f06e, {26}=model.board.Pasture@7660bf56, {29}=model.board.Mountain@66956def, {30}=model.board.Forest@16ff1b99, {16}=model.board.Pasture@26df99a8, {5}=model.board.Field@55b6182a}
2017-05-31 21:29:28.569 INFO  model.board.Board 263 printBoardIDs - 
  null  null  null   {0}   {1}   {2}   {3}
  null  null   {4}   {5}   {6}   {7}   {8}
  null   {9}  {10}  {11}  {12}  {13}  {14}
  {15}  {16}  {17}  {18}  {19}  {20}  {21}
  {22}  {23}  {24}  {25}  {26}  {27}  null
  {28}  {29}  {30}  {31}  {32}  null  null
  {33}  {34}  {35}  {36}  null  null  null

2017-05-31 21:29:28.570 INFO  model.board.Board 340 printNumberTokens - 
  null  null  null  null  null  null  null
  null  null  null     8     3     6  null
  null  null    10     5     4     2  null
  null     9     6     0     9     5  null
  null    12     3    11    10  null  null
  null    11     4     8  null  null  null
  null  null  null  null  null  null  null

2017-05-31 21:29:28.573 INFO  model.board.Board 281 printBoardSpecialCo - 
(     )(     )(     )( 0,-3)( 1,-3)( 2,-3)( 3,-3)
(     )(     )(-1,-2)( 0,-2)( 1,-2)( 2,-2)( 3,-2)
(     )(-2,-1)(-1,-1)( 0,-1)( 1,-1)( 2,-1)( 3,-1)
(-3, 0)(-2, 0)(-1, 0)( 0, 0)( 1, 0)( 2, 0)( 3, 0)
(-3, 1)(-2, 1)(-1, 1)( 0, 1)( 1, 1)( 2, 1)(     )
(-3, 2)(-2, 2)(-1, 2)( 0, 2)( 1, 2)(     )(     )
(-3, 3)(-2, 3)(-1, 3)( 0, 3)(     )(     )(     )

2017-05-31 21:29:28.576 INFO  model.board.Board 301 printTileNeighbors - 
Row: 0
                          null : 
                          null : 
                          null : 
      model.board.Sea@1801fd66 : [model.board.Sea@764c0e2c, model.board.Field@55b6182a, model.board.Sea@2c04cb94]
      model.board.Sea@764c0e2c : [model.board.Hill@12556c6d, model.board.Field@55b6182a, model.board.Sea@1801fd66, model.board.Sea@4996f176]
      model.board.Sea@4996f176 : [model.board.Sea@764c0e2c, model.board.Field@ab203a, model.board.Hill@12556c6d, model.board.Sea@5e6bcfef]
      model.board.Sea@5e6bcfef : [model.board.Sea@48408760, model.board.Field@ab203a, model.board.Sea@4996f176]
Row: 1
                          null : 
                          null : 
      model.board.Sea@2c04cb94 : [model.board.Field@55b6182a, model.board.Mountain@6eafc95c, model.board.Sea@4212ad97, model.board.Sea@1801fd66]
    model.board.Field@55b6182a : [model.board.Sea@764c0e2c, model.board.Hill@12556c6d, model.board.Forest@3c71e9e2, model.board.Mountain@6eafc95c, model.board.Sea@2c04cb94, model.board.Sea@1801fd66]
     model.board.Hill@12556c6d : [model.board.Sea@764c0e2c, model.board.Field@ab203a, model.board.Hill@3ce55d34, model.board.Forest@3c71e9e2, model.board.Field@55b6182a, model.board.Sea@4996f176]
      model.board.Field@ab203a : [model.board.Sea@48408760, model.board.Field@46b7cf82, model.board.Hill@3ce55d34, model.board.Hill@12556c6d, model.board.Sea@4996f176, model.board.Sea@5e6bcfef]
      model.board.Sea@48408760 : [model.board.Sea@7052a64f, model.board.Field@46b7cf82, model.board.Field@ab203a, model.board.Sea@5e6bcfef]
Row: 2
                          null : 
      model.board.Sea@4212ad97 : [model.board.Sea@2c04cb94, model.board.Mountain@6eafc95c, model.board.Sea@277bd3c7, model.board.Pasture@26df99a8]
 model.board.Mountain@6eafc95c : [model.board.Mountain@14760033, model.board.Sea@2c04cb94, model.board.Field@55b6182a, model.board.Forest@3c71e9e2, model.board.Sea@4212ad97, model.board.Pasture@26df99a8]
   model.board.Forest@3c71e9e2 : [model.board.Mountain@14760033, model.board.Field@55b6182a, model.board.Hill@12556c6d, model.board.Hill@3ce55d34, model.board.Mountain@6eafc95c, model.board.Desert@26ce374]
     model.board.Hill@3ce55d34 : [model.board.Hill@12556c6d, model.board.Field@ab203a, model.board.Field@46b7cf82, model.board.Forest@3c71e9e2, model.board.Desert@26ce374, model.board.Pasture@67694da8]
    model.board.Field@46b7cf82 : [model.board.Field@ab203a, model.board.Sea@48408760, model.board.Sea@7052a64f, model.board.Field@1ef55f69, model.board.Hill@3ce55d34, model.board.Pasture@67694da8]
      model.board.Sea@7052a64f : [model.board.Sea@48408760, model.board.Sea@3aa6a31c, model.board.Field@1ef55f69, model.board.Field@46b7cf82]
Row: 3
      model.board.Sea@277bd3c7 : [model.board.Sea@4212ad97, model.board.Sea@5f34807f, model.board.Pasture@26df99a8]
  model.board.Pasture@26df99a8 : [model.board.Mountain@14760033, model.board.Sea@4212ad97, model.board.Mountain@6eafc95c, model.board.Pasture@2f93f06e, model.board.Sea@5f34807f, model.board.Sea@277bd3c7]
 model.board.Mountain@14760033 : [model.board.Mountain@6eafc95c, model.board.Forest@3c71e9e2, model.board.Hill@729d823c, model.board.Pasture@2f93f06e, model.board.Pasture@26df99a8, model.board.Desert@26ce374]
    model.board.Desert@26ce374 : [model.board.Mountain@14760033, model.board.Forest@3c71e9e2, model.board.Hill@3ce55d34, model.board.Forest@46a78511, model.board.Hill@729d823c, model.board.Pasture@67694da8]
  model.board.Pasture@67694da8 : [model.board.Hill@3ce55d34, model.board.Field@46b7cf82, model.board.Field@1ef55f69, model.board.Pasture@7660bf56, model.board.Forest@46a78511, model.board.Desert@26ce374]
    model.board.Field@1ef55f69 : [model.board.Field@46b7cf82, model.board.Sea@7052a64f, model.board.Sea@3aa6a31c, model.board.Sea@4996609a, model.board.Pasture@7660bf56, model.board.Pasture@67694da8]
      model.board.Sea@3aa6a31c : [model.board.Sea@7052a64f, model.board.Sea@4996609a, model.board.Field@1ef55f69]
Row: 4
      model.board.Sea@5f34807f : [model.board.Sea@277bd3c7, model.board.Pasture@2f93f06e, model.board.Sea@325a26af, model.board.Pasture@26df99a8]
  model.board.Pasture@2f93f06e : [model.board.Mountain@14760033, model.board.Hill@729d823c, model.board.Mountain@66956def, model.board.Sea@325a26af, model.board.Sea@5f34807f, model.board.Pasture@26df99a8]
     model.board.Hill@729d823c : [model.board.Mountain@14760033, model.board.Forest@46a78511, model.board.Forest@16ff1b99, model.board.Mountain@66956def, model.board.Pasture@2f93f06e, model.board.Desert@26ce374]
   model.board.Forest@46a78511 : [model.board.Pasture@7660bf56, model.board.Forest@169cd0d4, model.board.Forest@16ff1b99, model.board.Hill@729d823c, model.board.Desert@26ce374, model.board.Pasture@67694da8]
  model.board.Pasture@7660bf56 : [model.board.Field@1ef55f69, model.board.Sea@4996609a, model.board.Forest@169cd0d4, model.board.Forest@46a78511, model.board.Sea@2cc8deba, model.board.Pasture@67694da8]
      model.board.Sea@4996609a : [model.board.Field@1ef55f69, model.board.Sea@3aa6a31c, model.board.Pasture@7660bf56, model.board.Sea@2cc8deba]
                          null : 
Row: 5
      model.board.Sea@325a26af : [model.board.Sea@56bd493f, model.board.Sea@5f34807f, model.board.Pasture@2f93f06e, model.board.Mountain@66956def]
 model.board.Mountain@66956def : [model.board.Sea@56bd493f, model.board.Pasture@2f93f06e, model.board.Hill@729d823c, model.board.Forest@16ff1b99, model.board.Sea@325a26af, model.board.Sea@2cd561c2]
   model.board.Forest@16ff1b99 : [model.board.Hill@729d823c, model.board.Forest@46a78511, model.board.Forest@169cd0d4, model.board.Mountain@66956def, model.board.Sea@2cd561c2, model.board.Sea@4fd945a9]
   model.board.Forest@169cd0d4 : [model.board.Forest@46a78511, model.board.Pasture@7660bf56, model.board.Sea@250e6fe6, model.board.Forest@16ff1b99, model.board.Sea@2cc8deba, model.board.Sea@4fd945a9]
      model.board.Sea@2cc8deba : [model.board.Pasture@7660bf56, model.board.Sea@4996609a, model.board.Sea@250e6fe6, model.board.Forest@169cd0d4]
                          null : 
                          null : 
Row: 6
      model.board.Sea@56bd493f : [model.board.Sea@325a26af, model.board.Mountain@66956def, model.board.Sea@2cd561c2]
      model.board.Sea@2cd561c2 : [model.board.Sea@56bd493f, model.board.Mountain@66956def, model.board.Forest@16ff1b99, model.board.Sea@4fd945a9]
      model.board.Sea@4fd945a9 : [model.board.Forest@16ff1b99, model.board.Forest@169cd0d4, model.board.Sea@250e6fe6, model.board.Sea@2cd561c2]
      model.board.Sea@250e6fe6 : [model.board.Forest@169cd0d4, model.board.Sea@2cc8deba, model.board.Sea@4fd945a9]
                          null : 
                          null : 
                          null : 

2017-05-31 21:29:28.577 INFO  model.board.Board 322 printPorts - 
         {4} : GENERIC
        {36} : BRICK
         {1} : GENERIC
        {14} : GENERIC
        {15} : GRAIN
        {27} : ORE
        {28} : LUMBER
        {34} : GENERIC
         {3} : WOOL

{15, 16, 22} : GRAIN
   {1, 2, 6} : GENERIC
   {1, 5, 6} : GENERIC
  {4, 9, 10} : GENERIC
{13, 14, 20} : GENERIC
{20, 26, 27} : ORE
{31, 32, 36} : BRICK
{31, 35, 36} : BRICK
{28, 29, 33} : LUMBER
 {8, 13, 14} : GENERIC
{23, 28, 29} : LUMBER
 {9, 15, 16} : GRAIN
{29, 30, 34} : GENERIC
   {3, 7, 8} : WOOL
   {2, 3, 7} : WOOL
{30, 34, 35} : GENERIC
  {4, 5, 10} : GENERIC
{20, 21, 27} : ORE

2017-05-31 21:29:28.612 TRACE model.players.Ai 34 <init> - Enter model.players.Ai@61ba2482
2017-05-31 21:29:28.614 DEBUG model.players.Player 62 printPlayer - model.players.Ai@61ba2482
id        1         color     NULL      name                status    null      
vp        0         road      false     army      false     
dev       0         dice      0         
res       0         lumber    0         brick     0         grain     0         wool      0         ore       0         
dev       []
dev BLOCK []
Harbors   []
Roads          left      15        built     []
Settlements    left      5         built     []
Cities         left      4         built     []
2017-05-31 21:29:28.615 DEBUG model.players.Player 62 printPlayer - model.players.Ai@61ba2482
id        1         color     NULL      name                status    START_GAME
vp        0         road      false     army      false     
dev       0         dice      0         
res       0         lumber    0         brick     0         grain     0         wool      0         ore       0         
dev       []
dev BLOCK []
Harbors   []
Roads          left      15        built     []
Settlements    left      5         built     []
Cities         left      4         built     []
2017-05-31 21:29:28.679 TRACE model.players.Ai 34 <init> - Enter model.players.Ai@530de92e
2017-05-31 21:29:28.680 DEBUG model.players.Player 62 printPlayer - model.players.Ai@530de92e
id        2         color     NULL      name                status    null      
vp        0         road      false     army      false     
dev       0         dice      0         
res       0         lumber    0         brick     0         grain     0         wool      0         ore       0         
dev       []
dev BLOCK []
Harbors   []
Roads          left      15        built     []
Settlements    left      5         built     []
Cities         left      4         built     []
2017-05-31 21:29:28.681 DEBUG model.players.Player 62 printPlayer - model.players.Ai@530de92e
id        2         color     NULL      name                status    START_GAME
vp        0         road      false     army      false     
dev       0         dice      0         
res       0         lumber    0         brick     0         grain     0         wool      0         ore       0         
dev       []
dev BLOCK []
Harbors   []
Roads          left      15        built     []
Settlements    left      5         built     []
Cities         left      4         built     []
2017-05-31 21:29:29.143 DEBUG model.players.Player 62 printPlayer - model.players.Ai@61ba2482
id        1         color     BLUE      name      KI (1)    status    WAIT_FOR_GAME_START
vp        0         road      false     army      false     
dev       0         dice      0         
res       0         lumber    0         brick     0         grain     0         wool      0         ore       0         
dev       []
dev BLOCK []
Harbors   []
Roads          left      15        built     []
Settlements    left      5         built     []
Cities         left      4         built     []
2017-05-31 21:29:29.144 DEBUG model.Management 43 printManagement - model.Management@19462ec9
KI (1)    sum       0         lumber    0         brick     0         grain     0         wool      0         ore       0         
KI (2)    sum       0         lumber    0         brick     0         grain     0         wool      0         ore       0         
[ M ]     sum       95        lumber    19        brick     19        grain     19        wool      19        ore       19        
2017-05-31 21:29:29.285 DEBUG model.players.Player 62 printPlayer - model.players.Ai@530de92e
id        2         color     RED       name      KI (2)    status    WAIT_FOR_GAME_START
vp        0         road      false     army      false     
dev       0         dice      0         
res       0         lumber    0         brick     0         grain     0         wool      0         ore       0         
dev       []
dev BLOCK []
Harbors   []
Roads          left      15        built     []
Settlements    left      5         built     []
Cities         left      4         built     []
2017-05-31 21:29:29.286 DEBUG model.Management 43 printManagement - model.Management@19462ec9
KI (1)    sum       0         lumber    0         brick     0         grain     0         wool      0         ore       0         
KI (2)    sum       0         lumber    0         brick     0         grain     0         wool      0         ore       0         
[ M ]     sum       95        lumber    19        brick     19        grain     19        wool      19        ore       19        
2017-05-31 21:29:43.381 TRACE model.players.Human 11 <init> - Enter model.players.Human@445e71e7
2017-05-31 21:29:43.382 DEBUG model.players.Player 62 printPlayer - model.players.Human@445e71e7
id        3         color     NULL      name                status    null      
vp        0         road      false     army      false     
dev       0         dice      0         
res       0         lumber    0         brick     0         grain     0         wool      0         ore       0         
dev       []
dev BLOCK []
Harbors   []
Roads          left      15        built     []
Settlements    left      5         built     []
Cities         left      4         built     []
2017-05-31 21:29:43.383 DEBUG model.players.Player 62 printPlayer - model.players.Human@445e71e7
id        3         color     NULL      name                status    START_GAME
vp        0         road      false     army      false     
dev       0         dice      0         
res       0         lumber    0         brick     0         grain     0         wool      0         ore       0         
dev       []
dev BLOCK []
Harbors   []
Roads          left      15        built     []
Settlements    left      5         built     []
Cities         left      4         built     []
2017-05-31 21:30:11.007 DEBUG model.players.Player 62 printPlayer - model.players.Human@445e71e7
id        3         color     NULL      name                status    CONNECTION_LOST
vp        0         road      false     army      false     
dev       0         dice      0         
res       0         lumber    0         brick     0         grain     0         wool      0         ore       0         
dev       []
dev BLOCK []
Harbors   []
Roads          left      15        built     []
Settlements    left      5         built     []
Cities         left      4         built     []
2017-05-31 21:30:11.008 DEBUG model.Management 43 printManagement - model.Management@19462ec9
KI (1)    sum       0         lumber    0         brick     0         grain     0         wool      0         ore       0         
KI (2)    sum       0         lumber    0         brick     0         grain     0         wool      0         ore       0         
          sum       0         lumber    0         brick     0         grain     0         wool      0         ore       0         
[ M ]     sum       95        lumber    19        brick     19        grain     19        wool      19        ore       19        
