2017-02-12 16:12:16.310 TRACE model.players.Human 11 <init> - Enter model.players.Human@7e2fb013
2017-02-12 16:12:16.313 DEBUG model.players.Player 62 printPlayer - model.players.Human@7e2fb013
id        3         color     NULL      name                status    null      
vp        0         road      false     army      false     
dev       0         dice      0         
res       0         lumber    0         brick     0         grain     0         wool      0         ore       0         
dev       []
dev BLOCK []
Harbors   []
Roads          left      15        built     []
Settlements    left      5         built     []
Cities         left      4         built     []
2017-02-12 16:12:16.316 DEBUG model.players.Player 62 printPlayer - model.players.Human@7e2fb013
id        3         color     NULL      name                status    START_GAME
vp        0         road      false     army      false     
dev       0         dice      0         
res       0         lumber    0         brick     0         grain     0         wool      0         ore       0         
dev       []
dev BLOCK []
Harbors   []
Roads          left      15        built     []
Settlements    left      5         built     []
Cities         left      4         built     []
2017-02-12 16:12:16.399 DEBUG model.players.Player 62 printPlayer - model.players.Human@7e2fb013
id        3         color     NULL      name                status    START_GAME
vp        0         road      false     army      false     
dev       0         dice      0         
res       0         lumber    0         brick     0         grain     0         wool      0         ore       0         
dev       []
dev BLOCK []
Harbors   []
Roads          left      15        built     []
Settlements    left      5         built     []
Cities         left      4         built     []
2017-02-12 16:12:16.402 DEBUG model.players.Player 233 setGrain - model.players.Human@7e2fb013 [ id: 3 ] old: 0, new: 0
2017-02-12 16:12:16.402 DEBUG model.players.Player 255 setWool - model.players.Human@7e2fb013 [ id: 3 ] old: 0, new: 0
2017-02-12 16:12:16.403 DEBUG model.players.Player 189 setLumber - model.players.Human@7e2fb013 [ id: 3 ] old: 0, new: 0
2017-02-12 16:12:16.403 DEBUG model.players.Player 167 setBrick - model.players.Human@7e2fb013 [ id: 3 ] old: 0, new: 0
2017-02-12 16:12:16.403 DEBUG model.players.Player 211 setOre - model.players.Human@7e2fb013 [ id: 3 ] old: 0, new: 0
2017-02-12 16:12:16.403 INFO  model.players.Player 489 setKnightsDev - 0, 0 old and new value of knightDev Card. Knight card which is on the hand of ClientName: 
2017-02-12 16:12:16.403 TRACE model.players.Human 11 <init> - Enter model.players.Human@70e841a6
2017-02-12 16:12:16.405 DEBUG model.players.Player 62 printPlayer - model.players.Human@70e841a6
id        1         color     BLUE      name      KI (1)    status    null      
vp        0         road      false     army      false     
dev       0         dice      0         
res       0         lumber    0         brick     0         grain     0         wool      0         ore       0         
dev       []
dev BLOCK []
Harbors   []
Roads          left      15        built     []
Settlements    left      5         built     []
Cities         left      4         built     []
2017-02-12 16:12:16.406 DEBUG model.players.Player 62 printPlayer - model.players.Human@70e841a6
id        1         color     BLUE      name      KI (1)    status    WAIT_FOR_GAME_START
vp        0         road      false     army      false     
dev       0         dice      0         
res       0         lumber    0         brick     0         grain     0         wool      0         ore       0         
dev       []
dev BLOCK []
Harbors   []
Roads          left      15        built     []
Settlements    left      5         built     []
Cities         left      4         built     []
2017-02-12 16:12:16.494 TRACE model.players.Human 11 <init> - Enter model.players.Human@68612f19
2017-02-12 16:12:16.495 DEBUG model.players.Player 62 printPlayer - model.players.Human@68612f19
id        2         color     RED       name      KI (2)    status    null      
vp        0         road      false     army      false     
dev       0         dice      0         
res       0         lumber    0         brick     0         grain     0         wool      0         ore       0         
dev       []
dev BLOCK []
Harbors   []
Roads          left      15        built     []
Settlements    left      5         built     []
Cities         left      4         built     []
2017-02-12 16:12:16.495 DEBUG model.players.Player 62 printPlayer - model.players.Human@68612f19
id        2         color     RED       name      KI (2)    status    WAIT_FOR_GAME_START
vp        0         road      false     army      false     
dev       0         dice      0         
res       0         lumber    0         brick     0         grain     0         wool      0         ore       0         
dev       []
dev BLOCK []
Harbors   []
Roads          left      15        built     []
Settlements    left      5         built     []
Cities         left      4         built     []
2017-02-12 16:12:22.954 DEBUG model.players.Player 62 printPlayer - model.players.Human@7e2fb013
id        3         color     WHITE     name      chris     status    START_GAME
vp        0         road      false     army      false     
dev       0         dice      0         
res       0         lumber    0         brick     0         grain     0         wool      0         ore       0         
dev       []
dev BLOCK []
Harbors   []
Roads          left      15        built     []
Settlements    left      5         built     []
Cities         left      4         built     []
2017-02-12 16:12:22.955 DEBUG model.players.Player 233 setGrain - model.players.Human@7e2fb013 [ id: 3 ] old: 0, new: 0
2017-02-12 16:12:22.955 DEBUG model.players.Player 255 setWool - model.players.Human@7e2fb013 [ id: 3 ] old: 0, new: 0
2017-02-12 16:12:22.955 DEBUG model.players.Player 189 setLumber - model.players.Human@7e2fb013 [ id: 3 ] old: 0, new: 0
2017-02-12 16:12:22.955 DEBUG model.players.Player 167 setBrick - model.players.Human@7e2fb013 [ id: 3 ] old: 0, new: 0
2017-02-12 16:12:22.955 DEBUG model.players.Player 211 setOre - model.players.Human@7e2fb013 [ id: 3 ] old: 0, new: 0
2017-02-12 16:12:22.955 INFO  model.players.Player 489 setKnightsDev - 0, 0 old and new value of knightDev Card. Knight card which is on the hand of ClientName: chris
2017-02-12 16:12:24.716 DEBUG model.players.Player 62 printPlayer - model.players.Human@7e2fb013
id        3         color     WHITE     name      chris     status    WAIT_FOR_GAME_START
vp        0         road      false     army      false     
dev       0         dice      0         
res       0         lumber    0         brick     0         grain     0         wool      0         ore       0         
dev       []
dev BLOCK []
Harbors   []
Roads          left      15        built     []
Settlements    left      5         built     []
Cities         left      4         built     []
2017-02-12 16:12:24.717 DEBUG model.players.Player 233 setGrain - model.players.Human@7e2fb013 [ id: 3 ] old: 0, new: 0
2017-02-12 16:12:24.717 DEBUG model.players.Player 255 setWool - model.players.Human@7e2fb013 [ id: 3 ] old: 0, new: 0
2017-02-12 16:12:24.717 DEBUG model.players.Player 189 setLumber - model.players.Human@7e2fb013 [ id: 3 ] old: 0, new: 0
2017-02-12 16:12:24.717 DEBUG model.players.Player 167 setBrick - model.players.Human@7e2fb013 [ id: 3 ] old: 0, new: 0
2017-02-12 16:12:24.718 DEBUG model.players.Player 211 setOre - model.players.Human@7e2fb013 [ id: 3 ] old: 0, new: 0
2017-02-12 16:12:24.718 INFO  model.players.Player 489 setKnightsDev - 0, 0 old and new value of knightDev Card. Knight card which is on the hand of ClientName: chris
2017-02-12 16:12:24.821 INFO  model.board.Board 262 printBoardIDs - 
  null  null  null   {0}   {1}   {2}   {3}
  null  null   {4}   {5}   {6}   {7}   {8}
  null   {9}  {10}  {11}  {12}  {13}  {14}
  {15}  {16}  {17}  {18}  {19}  {20}  {21}
  {22}  {23}  {24}  {25}  {26}  {27}  null
  {28}  {29}  {30}  {31}  {32}  null  null
  {33}  {34}  {35}  {36}  null  null  null

2017-02-12 16:12:24.822 INFO  model.board.Board 339 printNumberTokens - 
  null  null  null  null  null  null  null
  null  null  null     4     0    11  null
  null  null     8     3     6    12  null
  null     5    10    11     5     9  null
  null     2     9     4    10  null  null
  null     6     3     8  null  null  null
  null  null  null  null  null  null  null

2017-02-12 16:12:24.824 INFO  model.board.Board 280 printBoardSpecialCo - 
(     )(     )(     )( 0,-3)( 1,-3)( 2,-3)( 3,-3)
(     )(     )(-1,-2)( 0,-2)( 1,-2)( 2,-2)( 3,-2)
(     )(-2,-1)(-1,-1)( 0,-1)( 1,-1)( 2,-1)( 3,-1)
(-3, 0)(-2, 0)(-1, 0)( 0, 0)( 1, 0)( 2, 0)( 3, 0)
(-3, 1)(-2, 1)(-1, 1)( 0, 1)( 1, 1)( 2, 1)(     )
(-3, 2)(-2, 2)(-1, 2)( 0, 2)( 1, 2)(     )(     )
(-3, 3)(-2, 3)(-1, 3)( 0, 3)(     )(     )(     )

2017-02-12 16:12:24.827 INFO  model.board.Board 300 printTileNeighbors - 
Row: 0
                          null : 
                          null : 
                          null : 
      model.board.Sea@74d7db63 : [model.board.Sea@31d54b9d, model.board.Hill@3279da9c, model.board.Sea@2e5804]
      model.board.Sea@31d54b9d : [model.board.Desert@4a6897a1, model.board.Hill@3279da9c, model.board.Sea@74d7db63, model.board.Sea@51fab4d2]
      model.board.Sea@51fab4d2 : [model.board.Sea@31d54b9d, model.board.Field@2d2b294b, model.board.Desert@4a6897a1, model.board.Sea@5fb7ba92]
      model.board.Sea@5fb7ba92 : [model.board.Sea@516cfb5a, model.board.Field@2d2b294b, model.board.Sea@51fab4d2]
Row: 1
                          null : 
                          null : 
        model.board.Sea@2e5804 : [model.board.Hill@3279da9c, model.board.Forest@55b48981, model.board.Sea@21a1830d, model.board.Sea@74d7db63]
     model.board.Hill@3279da9c : [model.board.Sea@31d54b9d, model.board.Desert@4a6897a1, model.board.Mountain@4320de81, model.board.Forest@55b48981, model.board.Sea@2e5804, model.board.Sea@74d7db63]
   model.board.Desert@4a6897a1 : [model.board.Sea@31d54b9d, model.board.Field@2d2b294b, model.board.Forest@75a04b94, model.board.Mountain@4320de81, model.board.Hill@3279da9c, model.board.Sea@51fab4d2]
    model.board.Field@2d2b294b : [model.board.Sea@516cfb5a, model.board.Field@4293c20, model.board.Forest@75a04b94, model.board.Desert@4a6897a1, model.board.Sea@51fab4d2, model.board.Sea@5fb7ba92]
      model.board.Sea@516cfb5a : [model.board.Sea@293d6e43, model.board.Field@4293c20, model.board.Field@2d2b294b, model.board.Sea@5fb7ba92]
Row: 2
                          null : 
      model.board.Sea@21a1830d : [model.board.Sea@2e5804, model.board.Forest@55b48981, model.board.Sea@6cac7933, model.board.Mountain@1b2773d9]
   model.board.Forest@55b48981 : [model.board.Pasture@56a294a1, model.board.Sea@2e5804, model.board.Hill@3279da9c, model.board.Mountain@4320de81, model.board.Sea@21a1830d, model.board.Mountain@1b2773d9]
 model.board.Mountain@4320de81 : [model.board.Pasture@56a294a1, model.board.Hill@3279da9c, model.board.Desert@4a6897a1, model.board.Forest@75a04b94, model.board.Forest@55b48981, model.board.Forest@14afb740]
   model.board.Forest@75a04b94 : [model.board.Desert@4a6897a1, model.board.Field@2d2b294b, model.board.Field@4293c20, model.board.Mountain@4320de81, model.board.Forest@14afb740, model.board.Pasture@1b452107]
     model.board.Field@4293c20 : [model.board.Field@2d2b294b, model.board.Sea@516cfb5a, model.board.Sea@293d6e43, model.board.Field@3b5c200d, model.board.Forest@75a04b94, model.board.Pasture@1b452107]
      model.board.Sea@293d6e43 : [model.board.Sea@516cfb5a, model.board.Sea@7999ac5b, model.board.Field@3b5c200d, model.board.Field@4293c20]
Row: 3
      model.board.Sea@6cac7933 : [model.board.Sea@21a1830d, model.board.Sea@1065019f, model.board.Mountain@1b2773d9]
 model.board.Mountain@1b2773d9 : [model.board.Pasture@56a294a1, model.board.Sea@21a1830d, model.board.Forest@55b48981, model.board.Field@221a478d, model.board.Sea@1065019f, model.board.Sea@6cac7933]
  model.board.Pasture@56a294a1 : [model.board.Forest@55b48981, model.board.Mountain@4320de81, model.board.Mountain@781c478b, model.board.Field@221a478d, model.board.Mountain@1b2773d9, model.board.Forest@14afb740]
   model.board.Forest@14afb740 : [model.board.Pasture@56a294a1, model.board.Mountain@4320de81, model.board.Forest@75a04b94, model.board.Pasture@4c53d7a7, model.board.Mountain@781c478b, model.board.Pasture@1b452107]
  model.board.Pasture@1b452107 : [model.board.Forest@75a04b94, model.board.Field@4293c20, model.board.Field@3b5c200d, model.board.Forest@74824e4b, model.board.Pasture@4c53d7a7, model.board.Forest@14afb740]
    model.board.Field@3b5c200d : [model.board.Field@4293c20, model.board.Sea@293d6e43, model.board.Sea@7999ac5b, model.board.Sea@4d45979, model.board.Forest@74824e4b, model.board.Pasture@1b452107]
      model.board.Sea@7999ac5b : [model.board.Sea@293d6e43, model.board.Sea@4d45979, model.board.Field@3b5c200d]
Row: 4
      model.board.Sea@1065019f : [model.board.Sea@6cac7933, model.board.Field@221a478d, model.board.Sea@1eee7677, model.board.Mountain@1b2773d9]
    model.board.Field@221a478d : [model.board.Pasture@56a294a1, model.board.Mountain@781c478b, model.board.Hill@4cd264e2, model.board.Sea@1eee7677, model.board.Sea@1065019f, model.board.Mountain@1b2773d9]
 model.board.Mountain@781c478b : [model.board.Pasture@56a294a1, model.board.Pasture@4c53d7a7, model.board.Hill@2ac48b25, model.board.Hill@4cd264e2, model.board.Field@221a478d, model.board.Forest@14afb740]
  model.board.Pasture@4c53d7a7 : [model.board.Forest@74824e4b, model.board.Pasture@cfd1095, model.board.Hill@2ac48b25, model.board.Mountain@781c478b, model.board.Forest@14afb740, model.board.Pasture@1b452107]
   model.board.Forest@74824e4b : [model.board.Field@3b5c200d, model.board.Sea@4d45979, model.board.Pasture@cfd1095, model.board.Pasture@4c53d7a7, model.board.Sea@614d92b3, model.board.Pasture@1b452107]
       model.board.Sea@4d45979 : [model.board.Field@3b5c200d, model.board.Sea@7999ac5b, model.board.Forest@74824e4b, model.board.Sea@614d92b3]
                          null : 
Row: 5
      model.board.Sea@1eee7677 : [model.board.Sea@3e671f0c, model.board.Sea@1065019f, model.board.Field@221a478d, model.board.Hill@4cd264e2]
     model.board.Hill@4cd264e2 : [model.board.Sea@3e671f0c, model.board.Field@221a478d, model.board.Mountain@781c478b, model.board.Hill@2ac48b25, model.board.Sea@1eee7677, model.board.Sea@30743646]
     model.board.Hill@2ac48b25 : [model.board.Mountain@781c478b, model.board.Pasture@4c53d7a7, model.board.Pasture@cfd1095, model.board.Hill@4cd264e2, model.board.Sea@30743646, model.board.Sea@5469f165]
   model.board.Pasture@cfd1095 : [model.board.Pasture@4c53d7a7, model.board.Forest@74824e4b, model.board.Sea@59bc2951, model.board.Hill@2ac48b25, model.board.Sea@614d92b3, model.board.Sea@5469f165]
      model.board.Sea@614d92b3 : [model.board.Forest@74824e4b, model.board.Sea@4d45979, model.board.Sea@59bc2951, model.board.Pasture@cfd1095]
                          null : 
                          null : 
Row: 6
      model.board.Sea@3e671f0c : [model.board.Sea@1eee7677, model.board.Hill@4cd264e2, model.board.Sea@30743646]
      model.board.Sea@30743646 : [model.board.Sea@3e671f0c, model.board.Hill@4cd264e2, model.board.Hill@2ac48b25, model.board.Sea@5469f165]
      model.board.Sea@5469f165 : [model.board.Hill@2ac48b25, model.board.Pasture@cfd1095, model.board.Sea@59bc2951, model.board.Sea@30743646]
      model.board.Sea@59bc2951 : [model.board.Pasture@cfd1095, model.board.Sea@614d92b3, model.board.Sea@5469f165]
                          null : 
                          null : 
                          null : 

2017-02-12 16:12:24.829 INFO  model.board.Board 321 printPorts - 
        {33} : ORE
         {9} : GENERIC
        {22} : GRAIN
         {8} : BRICK
         {0} : GENERIC
        {32} : GENERIC
         {2} : GENERIC
        {35} : LUMBER
        {21} : WOOL

{22, 23, 28} : GRAIN
{16, 22, 23} : GRAIN
   {2, 6, 7} : GENERIC
{31, 32, 36} : GENERIC
{28, 29, 33} : ORE
  {7, 8, 13} : BRICK
 {8, 13, 14} : BRICK
 {9, 10, 16} : GENERIC
 {9, 15, 16} : GENERIC
{26, 31, 32} : GENERIC
{29, 33, 34} : ORE
{30, 31, 35} : LUMBER
   {2, 3, 7} : GENERIC
{30, 34, 35} : LUMBER
{14, 20, 21} : WOOL
{20, 21, 27} : WOOL
   {0, 4, 5} : GENERIC
   {0, 1, 5} : GENERIC

2017-02-12 16:12:27.908 DEBUG model.players.Player 62 printPlayer - model.players.Human@7e2fb013
id        3         color     WHITE     name      chris     status    WAIT      
vp        0         road      false     army      false     
dev       0         dice      7         
res       0         lumber    0         brick     0         grain     0         wool      0         ore       0         
dev       []
dev BLOCK []
Harbors   []
Roads          left      15        built     []
Settlements    left      5         built     []
Cities         left      4         built     []
2017-02-12 16:12:27.908 DEBUG model.players.Player 62 printPlayer - model.players.Human@68612f19
id        2         color     RED       name      KI (2)    status    WAIT      
vp        0         road      false     army      false     
dev       0         dice      5         
res       0         lumber    0         brick     0         grain     0         wool      0         ore       0         
dev       []
dev BLOCK []
Harbors   []
Roads          left      15        built     []
Settlements    left      5         built     []
Cities         left      4         built     []
2017-02-12 16:12:27.909 DEBUG model.Management 42 printManagement - model.Management@5fa5c215
KI (1)    sum       0         lumber    0         brick     0         grain     0         wool      0         ore       0         
KI (2)    sum       0         lumber    0         brick     0         grain     0         wool      0         ore       0         
chris     sum       0         lumber    0         brick     0         grain     0         wool      0         ore       0         
[ M ]     sum       95        lumber    19        brick     19        grain     19        wool      19        ore       19        
2017-02-12 16:12:27.909 DEBUG model.Management 42 printManagement - model.Management@5fa5c215
KI (1)    sum       0         lumber    0         brick     0         grain     0         wool      0         ore       0         
KI (2)    sum       0         lumber    0         brick     0         grain     0         wool      0         ore       0         
chris     sum       0         lumber    0         brick     0         grain     0         wool      0         ore       0         
[ M ]     sum       95        lumber    19        brick     19        grain     19        wool      19        ore       19        
2017-02-12 16:12:27.909 DEBUG model.players.Player 233 setGrain - model.players.Human@7e2fb013 [ id: 3 ] old: 0, new: 0
2017-02-12 16:12:27.910 DEBUG model.players.Player 255 setWool - model.players.Human@7e2fb013 [ id: 3 ] old: 0, new: 0
2017-02-12 16:12:27.910 DEBUG model.players.Player 189 setLumber - model.players.Human@7e2fb013 [ id: 3 ] old: 0, new: 0
2017-02-12 16:12:27.910 DEBUG model.players.Player 167 setBrick - model.players.Human@7e2fb013 [ id: 3 ] old: 0, new: 0
2017-02-12 16:12:27.910 DEBUG model.players.Player 211 setOre - model.players.Human@7e2fb013 [ id: 3 ] old: 0, new: 0
2017-02-12 16:12:27.911 INFO  model.players.Player 489 setKnightsDev - 0, 0 old and new value of knightDev Card. Knight card which is on the hand of ClientName: chris
2017-02-12 16:12:28.000 INFO  model.players.Player 945 buildSettlementFORCE - KI (1): {10, 11, 17}
2017-02-12 16:12:28.000 DEBUG model.players.Player 62 printPlayer - model.players.Human@70e841a6
id        1         color     BLUE      name      KI (1)    status    BUILD_SETTLEMENT
vp        0         road      false     army      false     
dev       0         dice      10        
res       0         lumber    0         brick     0         grain     0         wool      0         ore       0         
dev       []
dev BLOCK []
Harbors   []
Roads          left      15        built     []
Settlements    left      4         built     [{10, 11, 17}]
Cities         left      4         built     []
2017-02-12 16:12:28.001 DEBUG model.Management 42 printManagement - model.Management@5fa5c215
KI (1)    sum       0         lumber    0         brick     0         grain     0         wool      0         ore       0         
KI (2)    sum       0         lumber    0         brick     0         grain     0         wool      0         ore       0         
chris     sum       0         lumber    0         brick     0         grain     0         wool      0         ore       0         
[ M ]     sum       95        lumber    19        brick     19        grain     19        wool      19        ore       19        
2017-02-12 16:12:28.089 INFO  model.players.Player 979 buildStreetFORCE - KI (1): {10, 17}
2017-02-12 16:12:28.091 DEBUG model.players.Player 62 printPlayer - model.players.Human@70e841a6
id        1         color     BLUE      name      KI (1)    status    BUILD_STREET
vp        0         road      false     army      false     
dev       0         dice      10        
res       0         lumber    0         brick     0         grain     0         wool      0         ore       0         
dev       []
dev BLOCK []
Harbors   []
Roads          left      15        built     []
Settlements    left      4         built     [{10, 11, 17}]
Cities         left      4         built     []
2017-02-12 16:12:28.091 DEBUG model.Management 42 printManagement - model.Management@5fa5c215
KI (1)    sum       0         lumber    0         brick     0         grain     0         wool      0         ore       0         
KI (2)    sum       0         lumber    0         brick     0         grain     0         wool      0         ore       0         
chris     sum       0         lumber    0         brick     0         grain     0         wool      0         ore       0         
[ M ]     sum       95        lumber    19        brick     19        grain     19        wool      19        ore       19        
2017-02-12 16:12:28.179 DEBUG model.players.Player 62 printPlayer - model.players.Human@7e2fb013
id        3         color     WHITE     name      chris     status    BUILD_SETTLEMENT
vp        0         road      false     army      false     
dev       0         dice      7         
res       0         lumber    0         brick     0         grain     0         wool      0         ore       0         
dev       []
dev BLOCK []
Harbors   []
Roads          left      15        built     []
Settlements    left      5         built     []
Cities         left      4         built     []
2017-02-12 16:12:28.179 DEBUG model.players.Player 62 printPlayer - model.players.Human@70e841a6
id        1         color     BLUE      name      KI (1)    status    WAIT      
vp        1         road      false     army      false     
dev       0         dice      10        
res       0         lumber    0         brick     0         grain     0         wool      0         ore       0         
dev       []
dev BLOCK []
Harbors   []
Roads          left      14        built     [{10, 17}]
Settlements    left      4         built     [{10, 11, 17}]
Cities         left      4         built     []
2017-02-12 16:12:28.179 DEBUG model.Management 42 printManagement - model.Management@5fa5c215
KI (1)    sum       0         lumber    0         brick     0         grain     0         wool      0         ore       0         
KI (2)    sum       0         lumber    0         brick     0         grain     0         wool      0         ore       0         
chris     sum       0         lumber    0         brick     0         grain     0         wool      0         ore       0         
[ M ]     sum       95        lumber    19        brick     19        grain     19        wool      19        ore       19        
2017-02-12 16:12:28.180 DEBUG model.Management 42 printManagement - model.Management@5fa5c215
KI (1)    sum       0         lumber    0         brick     0         grain     0         wool      0         ore       0         
KI (2)    sum       0         lumber    0         brick     0         grain     0         wool      0         ore       0         
chris     sum       0         lumber    0         brick     0         grain     0         wool      0         ore       0         
[ M ]     sum       95        lumber    19        brick     19        grain     19        wool      19        ore       19        
2017-02-12 16:12:28.181 DEBUG model.players.Player 233 setGrain - model.players.Human@7e2fb013 [ id: 3 ] old: 0, new: 0
2017-02-12 16:12:28.181 DEBUG model.players.Player 255 setWool - model.players.Human@7e2fb013 [ id: 3 ] old: 0, new: 0
2017-02-12 16:12:28.181 DEBUG model.players.Player 189 setLumber - model.players.Human@7e2fb013 [ id: 3 ] old: 0, new: 0
2017-02-12 16:12:28.181 DEBUG model.players.Player 167 setBrick - model.players.Human@7e2fb013 [ id: 3 ] old: 0, new: 0
2017-02-12 16:12:28.181 DEBUG model.players.Player 211 setOre - model.players.Human@7e2fb013 [ id: 3 ] old: 0, new: 0
2017-02-12 16:12:28.181 INFO  model.players.Player 489 setKnightsDev - 0, 0 old and new value of knightDev Card. Knight card which is on the hand of ClientName: chris
2017-02-12 16:12:28.277 INFO  model.players.Player 892 getBuildableSettlements - start settlement 50
2017-02-12 16:12:28.279 INFO  model.players.Player 892 getBuildableSettlements - start settlement 50
