2017-02-12 16:12:16.290 INFO  network.client.Client 93 connect - Socket[addr=ChrisMacBookPro2016/192.168.2.106,port=10003,localport=53913]
2017-02-12 16:12:16.294 INFO  network.client.Client 104 connect - Connected to ChrisMacBookPro2016, 10003
2017-02-12 16:12:16.305 INFO  network.client.Client 153 sendMsg - {"Hallo":{"Version":"JavaFXClient 1.0 (DichteFideleLurche)"}}
2017-02-12 16:12:16.306 INFO  network.client.Client 180 receiveMsg - {"Hallo":{"Protokoll":"1.0","Version":"Catan-Server (DichteFideleForste"}}
2017-02-12 16:12:16.306 INFO  network.client.ClientListener 504 myId - Human.
2017-02-12 16:12:16.316 INFO  network.client.Client 180 receiveMsg - {"Willkommen":{"id":3}}
2017-02-12 16:12:16.403 INFO  network.client.Client 180 receiveMsg - {"Statusupdate":{"Spieler":{"Status":"Spiel starten","Rittermacht":0,"Längste Handelsstraße":false,"Siegpunkte":0,"Rohstoffe":{"Getreide":0,"Wolle":0,"Holz":0,"Lehm":0,"Erz":0},"id":3,"Entwicklungskarten":{"Straßenbau":0,"Erfindung":0,"Monopol":0,"Ritter":0,"Siegpunkt":0},"Größte Rittermacht":false}}}
2017-02-12 16:12:16.406 INFO  network.client.Client 180 receiveMsg - {"Statusupdate":{"Spieler":{"Status":"Wartet auf Spielbeginn","Rittermacht":0,"Farbe":"Blau","Längste Handelsstraße":false,"Siegpunkte":0,"Rohstoffe":{"Unbekannt":0},"id":1,"Entwicklungskarten":{"Unbekannt":0},"Name":"KI (1)","Größte Rittermacht":false}}}
2017-02-12 16:12:16.496 INFO  network.client.Client 180 receiveMsg - {"Statusupdate":{"Spieler":{"Status":"Wartet auf Spielbeginn","Rittermacht":0,"Farbe":"Rot","Längste Handelsstraße":false,"Siegpunkte":0,"Rohstoffe":{"Unbekannt":0},"id":2,"Entwicklungskarten":{"Unbekannt":0},"Name":"KI (2)","Größte Rittermacht":false}}}
2017-02-12 16:12:22.951 INFO  network.client.Client 153 sendMsg - {"Spieler":{"Farbe":"Weiß","Name":"chris"}}
2017-02-12 16:12:22.952 INFO  network.client.Client 180 receiveMsg - {"Serverantwort":"OK"}
2017-02-12 16:12:22.955 INFO  network.client.Client 180 receiveMsg - {"Statusupdate":{"Spieler":{"Status":"Spiel starten","Rittermacht":0,"Farbe":"Weiß","Längste Handelsstraße":false,"Siegpunkte":0,"Rohstoffe":{"Getreide":0,"Wolle":0,"Holz":0,"Lehm":0,"Erz":0},"id":3,"Entwicklungskarten":{"Straßenbau":0,"Erfindung":0,"Monopol":0,"Ritter":0,"Siegpunkt":0},"Name":"chris","Größte Rittermacht":false}}}
2017-02-12 16:12:24.711 INFO  network.client.Client 153 sendMsg - {"Spiel starten":{}}
2017-02-12 16:12:24.714 INFO  network.client.Client 180 receiveMsg - {"Serverantwort":"OK"}
2017-02-12 16:12:24.718 INFO  network.client.Client 180 receiveMsg - {"Statusupdate":{"Spieler":{"Status":"Wartet auf Spielbeginn","Rittermacht":0,"Farbe":"Weiß","Längste Handelsstraße":false,"Siegpunkte":0,"Rohstoffe":{"Getreide":0,"Wolle":0,"Holz":0,"Lehm":0,"Erz":0},"id":3,"Entwicklungskarten":{"Straßenbau":0,"Erfindung":0,"Monopol":0,"Ritter":0,"Siegpunkt":0},"Name":"chris","Größte Rittermacht":false}}}
2017-02-12 16:12:24.809 INFO  network.client.Client 180 receiveMsg - {"Würfelwurf":{"Spieler":1,"Wurf":[6,4]}}
2017-02-12 16:12:24.815 INFO  network.Interpreter 328 axialToEdgeOrCorner - [{"x":0,"y":-2},{"x":0,"y":-3}]. {29, 33}
2017-02-12 16:12:24.816 INFO  network.Interpreter 328 axialToEdgeOrCorner - [{"x":-3,"y":1},{"x":-2,"y":0}]. {9, 16}
2017-02-12 16:12:24.817 INFO  network.Interpreter 328 axialToEdgeOrCorner - [{"x":1,"y":2},{"x":1,"y":1}]. {8, 13}
2017-02-12 16:12:24.817 INFO  network.Interpreter 328 axialToEdgeOrCorner - [{"x":-2,"y":-1},{"x":-1,"y":-1}]. {22, 23}
2017-02-12 16:12:24.817 INFO  network.Interpreter 328 axialToEdgeOrCorner - [{"x":-3,"y":3},{"x":-2,"y":2}]. {0, 5}
2017-02-12 16:12:24.818 INFO  network.Interpreter 328 axialToEdgeOrCorner - [{"x":2,"y":-2},{"x":3,"y":-2}]. {31, 32}
2017-02-12 16:12:24.818 INFO  network.Interpreter 328 axialToEdgeOrCorner - [{"x":-1,"y":3},{"x":0,"y":2}]. {2, 7}
2017-02-12 16:12:24.819 INFO  network.Interpreter 328 axialToEdgeOrCorner - [{"x":1,"y":-2},{"x":2,"y":-3}]. {30, 35}
2017-02-12 16:12:24.819 INFO  network.Interpreter 328 axialToEdgeOrCorner - [{"x":2,"y":0},{"x":3,"y":0}]. {20, 21}
2017-02-12 16:12:24.837 INFO  network.client.Client 180 receiveMsg - {"Spiel gestartet":{"Karte":{"Felder":[{"Ort":{"x":-3,"y":2},"Typ":"Meer"},{"Ort":{"x":2,"y":0},"Zahl":9,"Typ":"Ackerland"},{"Ort":{"x":3,"y":-3},"Typ":"Meer"},{"Ort":{"x":-2,"y":3},"Typ":"Meer"},{"Ort":{"x":-1,"y":0},"Zahl":10,"Typ":"Weideland"},{"Ort":{"x":0,"y":-3},"Typ":"Meer"},{"Ort":{"x":2,"y":1},"Typ":"Meer"},{"Ort":{"x":-3,"y":1},"Typ":"Meer"},{"Ort":{"x":-1,"y":2},"Typ":"Wüste"},{"Ort":{"x":0,"y":2},"Zahl":11,"Typ":"Ackerland"},{"Ort":{"x":1,"y":2},"Typ":"Meer"},{"Ort":{"x":-2,"y":1},"Zahl":8,"Typ":"Wald"},{"Ort":{"x":2,"y":-2},"Zahl":8,"Typ":"Weideland"},{"Ort":{"x":-1,"y":1},"Zahl":3,"Typ":"Gebirge"},{"Ort":{"x":0,"y":1},"Zahl":6,"Typ":"Wald"},{"Ort":{"x":1,"y":1},"Zahl":12,"Typ":"Ackerland"},{"Ort":{"x":-3,"y":0},"Typ":"Meer"},{"Ort":{"x":-2,"y":-1},"Typ":"Meer"},{"Ort":{"x":-1,"y":-1},"Zahl":2,"Typ":"Ackerland"},{"Ort":{"x":0,"y":-1},"Zahl":9,"Typ":"Gebirge"},{"Ort":{"x":1,"y":-1},"Zahl":4,"Typ":"Weideland"},{"Ort":{"x":2,"y":-1},"Zahl":10,"Typ":"Wald"},{"Ort":{"x":3,"y":-1},"Typ":"Meer"},{"Ort":{"x":-1,"y":-2},"Typ":"Meer"},{"Ort":{"x":0,"y":-2},"Zahl":6,"Typ":"Hügelland"},{"Ort":{"x":1,"y":-2},"Zahl":3,"Typ":"Hügelland"},{"Ort":{"x":-3,"y":3},"Typ":"Meer"},{"Ort":{"x":-2,"y":0},"Zahl":5,"Typ":"Gebirge"},{"Ort":{"x":3,"y":-2},"Typ":"Meer"},{"Ort":{"x":-1,"y":3},"Typ":"Meer"},{"Ort":{"x":0,"y":0},"Zahl":11,"Typ":"Wald"},{"Ort":{"x":1,"y":-3},"Typ":"Meer"},{"Ort":{"x":0,"y":3},"Typ":"Meer"},{"Ort":{"x":1,"y":0},"Zahl":5,"Typ":"Weideland"},{"Ort":{"x":2,"y":-3},"Typ":"Meer"},{"Ort":{"x":-2,"y":2},"Zahl":4,"Typ":"Hügelland"},{"Ort":{"x":3,"y":0},"Typ":"Meer"}],"Gebäude":[],"Häfen":[{"Ort":[{"x":0,"y":-2},{"x":0,"y":-3}],"Typ":"Erz Hafen"},{"Ort":[{"x":-3,"y":1},{"x":-2,"y":0}],"Typ":"Hafen"},{"Ort":[{"x":1,"y":2},{"x":1,"y":1}],"Typ":"Lehm Hafen"},{"Ort":[{"x":-2,"y":-1},{"x":-1,"y":-1}],"Typ":"Getreide Hafen"},{"Ort":[{"x":-3,"y":3},{"x":-2,"y":2}],"Typ":"Hafen"},{"Ort":[{"x":2,"y":-2},{"x":3,"y":-2}],"Typ":"Hafen"},{"Ort":[{"x":-1,"y":3},{"x":0,"y":2}],"Typ":"Hafen"},{"Ort":[{"x":1,"y":-2},{"x":2,"y":-3}],"Typ":"Holz Hafen"},{"Ort":[{"x":2,"y":0},{"x":3,"y":0}],"Typ":"Wolle Hafen"}],"Räuber":{"x":-1,"y":2}}}}
2017-02-12 16:12:27.817 INFO  network.client.Client 180 receiveMsg - {"Würfelwurf":{"Spieler":3,"Wurf":[1,6]}}
2017-02-12 16:12:27.817 INFO  network.client.Client 180 receiveMsg - {"Würfelwurf":{"Spieler":2,"Wurf":[1,4]}}
2017-02-12 16:12:27.911 INFO  network.client.Client 180 receiveMsg - {"Statusupdate":{"Spieler":{"Status":"Warten","Rittermacht":0,"Farbe":"Weiß","Längste Handelsstraße":false,"Siegpunkte":0,"Rohstoffe":{"Getreide":0,"Wolle":0,"Holz":0,"Lehm":0,"Erz":0},"id":3,"Entwicklungskarten":{"Straßenbau":0,"Erfindung":0,"Monopol":0,"Ritter":0,"Siegpunkt":0},"Name":"chris","Größte Rittermacht":false}}}
2017-02-12 16:12:27.911 INFO  network.client.Client 180 receiveMsg - {"Statusupdate":{"Spieler":{"Status":"Warten","Rittermacht":0,"Farbe":"Rot","Längste Handelsstraße":false,"Siegpunkte":0,"Rohstoffe":{"Unbekannt":0},"id":2,"Entwicklungskarten":{"Unbekannt":0},"Name":"KI (2)","Größte Rittermacht":false}}}
2017-02-12 16:12:28.000 INFO  network.Interpreter 328 axialToEdgeOrCorner - [{"x":-2,"y":1},{"x":-1,"y":1},{"x":-1,"y":0}]. {10, 11, 17}
2017-02-12 16:12:28.000 INFO  network.Interpreter 328 axialToEdgeOrCorner - [{"x":-2,"y":1},{"x":-1,"y":1},{"x":-1,"y":0}]. {10, 11, 17}
2017-02-12 16:12:28.001 INFO  network.client.ClientListener 1102 build - Dorf - [{"x":-2,"y":1},{"x":-1,"y":1},{"x":-1,"y":0}] - {10, 11, 17}
2017-02-12 16:12:28.001 INFO  network.client.Client 180 receiveMsg - {"Bauvorgang":{"Gebäude":{"Ort":[{"x":-2,"y":1},{"x":-1,"y":1},{"x":-1,"y":0}],"Eigentümer":1,"Typ":"Dorf"}}}
2017-02-12 16:12:28.001 INFO  network.client.Client 180 receiveMsg - {"Statusupdate":{"Spieler":{"Status":"Dorf bauen","Rittermacht":0,"Farbe":"Blau","Längste Handelsstraße":false,"Siegpunkte":0,"Rohstoffe":{"Unbekannt":0},"id":1,"Entwicklungskarten":{"Unbekannt":0},"Name":"KI (1)","Größte Rittermacht":false}}}
2017-02-12 16:12:28.089 INFO  network.Interpreter 328 axialToEdgeOrCorner - [{"x":-2,"y":1},{"x":-1,"y":0}]. {10, 17}
2017-02-12 16:12:28.092 INFO  network.client.Client 180 receiveMsg - {"Statusupdate":{"Spieler":{"Status":"Straße bauen","Rittermacht":0,"Farbe":"Blau","Längste Handelsstraße":false,"Siegpunkte":1,"Rohstoffe":{"Unbekannt":0},"id":1,"Entwicklungskarten":{"Unbekannt":0},"Name":"KI (1)","Größte Rittermacht":false}}}
2017-02-12 16:12:28.092 INFO  network.Interpreter 328 axialToEdgeOrCorner - [{"x":-2,"y":1},{"x":-1,"y":0}]. {10, 17}
2017-02-12 16:12:28.092 INFO  network.client.ClientListener 1102 build - Straße - [{"x":-2,"y":1},{"x":-1,"y":0}] - {10, 17}
2017-02-12 16:12:28.092 INFO  network.client.Client 180 receiveMsg - {"Bauvorgang":{"Gebäude":{"Ort":[{"x":-2,"y":1},{"x":-1,"y":0}],"Eigentümer":1,"Typ":"Straße"}}}
2017-02-12 16:12:28.180 INFO  network.client.Client 180 receiveMsg - {"Statusupdate":{"Spieler":{"Status":"Warten","Rittermacht":0,"Farbe":"Blau","Längste Handelsstraße":false,"Siegpunkte":1,"Rohstoffe":{"Unbekannt":0},"id":1,"Entwicklungskarten":{"Unbekannt":0},"Name":"KI (1)","Größte Rittermacht":false}}}
2017-02-12 16:12:28.182 INFO  network.client.Client 180 receiveMsg - {"Statusupdate":{"Spieler":{"Status":"Dorf bauen","Rittermacht":0,"Farbe":"Weiß","Längste Handelsstraße":false,"Siegpunkte":0,"Rohstoffe":{"Getreide":0,"Wolle":0,"Holz":0,"Lehm":0,"Erz":0},"id":3,"Entwicklungskarten":{"Straßenbau":0,"Erfindung":0,"Monopol":0,"Ritter":0,"Siegpunkt":0},"Name":"chris","Größte Rittermacht":false}}}
