2017-02-12 16:10:00.032 INFO  network.client.Client 93 connect - Socket[addr=ChrisMacBookPro2016/192.168.2.106,port=10003,localport=53872]
2017-02-12 16:10:00.036 INFO  network.client.Client 104 connect - Connected to ChrisMacBookPro2016, 10003
2017-02-12 16:10:00.049 INFO  network.client.Client 153 sendMsg - {"Hallo":{"Version":"JavaFXClient 1.0 (DichteFideleLurche)"}}
2017-02-12 16:10:00.049 INFO  network.client.Client 180 receiveMsg - {"Hallo":{"Protokoll":"1.0","Version":"Catan-Server (DichteFideleForste"}}
2017-02-12 16:10:00.050 INFO  network.client.ClientListener 504 myId - Human.
2017-02-12 16:10:00.059 INFO  network.client.Client 180 receiveMsg - {"Willkommen":{"id":3}}
2017-02-12 16:10:00.146 INFO  network.client.Client 180 receiveMsg - {"Statusupdate":{"Spieler":{"Status":"Spiel starten","Rittermacht":0,"Längste Handelsstraße":false,"Siegpunkte":0,"Rohstoffe":{"Getreide":0,"Wolle":0,"Holz":0,"Lehm":0,"Erz":0},"id":3,"Entwicklungskarten":{"Straßenbau":0,"Erfindung":0,"Monopol":0,"Ritter":0,"Siegpunkt":0},"Größte Rittermacht":false}}}
2017-02-12 16:10:00.147 INFO  network.client.Client 180 receiveMsg - {"Statusupdate":{"Spieler":{"Status":"Wartet auf Spielbeginn","Rittermacht":0,"Farbe":"Blau","Längste Handelsstraße":false,"Siegpunkte":0,"Rohstoffe":{"Unbekannt":0},"id":1,"Entwicklungskarten":{"Unbekannt":0},"Name":"KI (1)","Größte Rittermacht":false}}}
2017-02-12 16:10:00.237 INFO  network.client.Client 180 receiveMsg - {"Statusupdate":{"Spieler":{"Status":"Wartet auf Spielbeginn","Rittermacht":0,"Farbe":"Rot","Längste Handelsstraße":false,"Siegpunkte":0,"Rohstoffe":{"Unbekannt":0},"id":2,"Entwicklungskarten":{"Unbekannt":0},"Name":"KI (2)","Größte Rittermacht":false}}}
2017-02-12 16:10:07.520 INFO  network.client.Client 153 sendMsg - {"Spieler":{"Farbe":"Orange","Name":"chrus"}}
2017-02-12 16:10:07.521 INFO  network.client.Client 180 receiveMsg - {"Serverantwort":"OK"}
2017-02-12 16:10:07.524 INFO  network.client.Client 180 receiveMsg - {"Statusupdate":{"Spieler":{"Status":"Spiel starten","Rittermacht":0,"Farbe":"Orange","Längste Handelsstraße":false,"Siegpunkte":0,"Rohstoffe":{"Getreide":0,"Wolle":0,"Holz":0,"Lehm":0,"Erz":0},"id":3,"Entwicklungskarten":{"Straßenbau":0,"Erfindung":0,"Monopol":0,"Ritter":0,"Siegpunkt":0},"Name":"chrus","Größte Rittermacht":false}}}
2017-02-12 16:10:08.833 INFO  network.client.Client 153 sendMsg - {"Spiel starten":{}}
2017-02-12 16:10:08.836 INFO  network.client.Client 180 receiveMsg - {"Serverantwort":"OK"}
2017-02-12 16:10:08.841 INFO  network.client.Client 180 receiveMsg - {"Statusupdate":{"Spieler":{"Status":"Wartet auf Spielbeginn","Rittermacht":0,"Farbe":"Orange","Längste Handelsstraße":false,"Siegpunkte":0,"Rohstoffe":{"Getreide":0,"Wolle":0,"Holz":0,"Lehm":0,"Erz":0},"id":3,"Entwicklungskarten":{"Straßenbau":0,"Erfindung":0,"Monopol":0,"Ritter":0,"Siegpunkt":0},"Name":"chrus","Größte Rittermacht":false}}}
2017-02-12 16:10:08.931 INFO  network.client.Client 180 receiveMsg - {"Würfelwurf":{"Spieler":1,"Wurf":[6,3]}}
2017-02-12 16:10:08.937 INFO  network.Interpreter 328 axialToEdgeOrCorner - [{"x":-3,"y":2},{"x":-2,"y":1}]. {4, 10}
2017-02-12 16:10:08.938 INFO  network.Interpreter 328 axialToEdgeOrCorner - [{"x":2,"y":-2},{"x":3,"y":-3}]. {31, 36}
2017-02-12 16:10:08.938 INFO  network.Interpreter 328 axialToEdgeOrCorner - [{"x":-2,"y":3},{"x":-1,"y":2}]. {1, 6}
2017-02-12 16:10:08.939 INFO  network.Interpreter 328 axialToEdgeOrCorner - [{"x":1,"y":1},{"x":2,"y":1}]. {13, 14}
2017-02-12 16:10:08.939 INFO  network.Interpreter 328 axialToEdgeOrCorner - [{"x":-3,"y":0},{"x":-2,"y":0}]. {15, 16}
2017-02-12 16:10:08.939 INFO  network.Interpreter 328 axialToEdgeOrCorner - [{"x":2,"y":-1},{"x":3,"y":-1}]. {26, 27}
2017-02-12 16:10:08.940 INFO  network.Interpreter 328 axialToEdgeOrCorner - [{"x":-1,"y":-1},{"x":-1,"y":-2}]. {23, 28}
2017-02-12 16:10:08.940 INFO  network.Interpreter 328 axialToEdgeOrCorner - [{"x":0,"y":-2},{"x":1,"y":-3}]. {29, 34}
2017-02-12 16:10:08.940 INFO  network.Interpreter 328 axialToEdgeOrCorner - [{"x":0,"y":3},{"x":0,"y":2}]. {3, 7}
2017-02-12 16:10:08.961 INFO  network.client.Client 180 receiveMsg - {"Spiel gestartet":{"Karte":{"Felder":[{"Ort":{"x":-3,"y":2},"Typ":"Meer"},{"Ort":{"x":2,"y":0},"Zahl":6,"Typ":"Wald"},{"Ort":{"x":3,"y":-3},"Typ":"Meer"},{"Ort":{"x":-2,"y":3},"Typ":"Meer"},{"Ort":{"x":-1,"y":0},"Zahl":6,"Typ":"Weideland"},{"Ort":{"x":0,"y":-3},"Typ":"Meer"},{"Ort":{"x":2,"y":1},"Typ":"Meer"},{"Ort":{"x":-3,"y":1},"Typ":"Meer"},{"Ort":{"x":-1,"y":2},"Zahl":10,"Typ":"Hügelland"},{"Ort":{"x":0,"y":2},"Zahl":8,"Typ":"Wald"},{"Ort":{"x":1,"y":2},"Typ":"Meer"},{"Ort":{"x":-2,"y":1},"Zahl":12,"Typ":"Ackerland"},{"Ort":{"x":2,"y":-2},"Zahl":5,"Typ":"Ackerland"},{"Ort":{"x":-1,"y":1},"Zahl":5,"Typ":"Gebirge"},{"Ort":{"x":0,"y":1},"Zahl":4,"Typ":"Ackerland"},{"Ort":{"x":1,"y":1},"Zahl":3,"Typ":"Hügelland"},{"Ort":{"x":-3,"y":0},"Typ":"Meer"},{"Ort":{"x":-2,"y":-1},"Typ":"Meer"},{"Ort":{"x":-1,"y":-1},"Typ":"Wüste"},{"Ort":{"x":0,"y":-1},"Zahl":3,"Typ":"Weideland"},{"Ort":{"x":1,"y":-1},"Zahl":10,"Typ":"Weideland"},{"Ort":{"x":2,"y":-1},"Zahl":2,"Typ":"Hügelland"},{"Ort":{"x":3,"y":-1},"Typ":"Meer"},{"Ort":{"x":-1,"y":-2},"Typ":"Meer"},{"Ort":{"x":0,"y":-2},"Zahl":4,"Typ":"Gebirge"},{"Ort":{"x":1,"y":-2},"Zahl":8,"Typ":"Gebirge"},{"Ort":{"x":-3,"y":3},"Typ":"Meer"},{"Ort":{"x":-2,"y":0},"Zahl":11,"Typ":"Wald"},{"Ort":{"x":3,"y":-2},"Typ":"Meer"},{"Ort":{"x":-1,"y":3},"Typ":"Meer"},{"Ort":{"x":0,"y":0},"Zahl":11,"Typ":"Wald"},{"Ort":{"x":1,"y":-3},"Typ":"Meer"},{"Ort":{"x":0,"y":3},"Typ":"Meer"},{"Ort":{"x":1,"y":0},"Zahl":9,"Typ":"Ackerland"},{"Ort":{"x":2,"y":-3},"Typ":"Meer"},{"Ort":{"x":-2,"y":2},"Zahl":9,"Typ":"Weideland"},{"Ort":{"x":3,"y":0},"Typ":"Meer"}],"Gebäude":[],"Häfen":[{"Ort":[{"x":-3,"y":2},{"x":-2,"y":1}],"Typ":"Hafen"},{"Ort":[{"x":2,"y":-2},{"x":3,"y":-3}],"Typ":"Wolle Hafen"},{"Ort":[{"x":-2,"y":3},{"x":-1,"y":2}],"Typ":"Hafen"},{"Ort":[{"x":1,"y":1},{"x":2,"y":1}],"Typ":"Lehm Hafen"},{"Ort":[{"x":-3,"y":0},{"x":-2,"y":0}],"Typ":"Erz Hafen"},{"Ort":[{"x":2,"y":-1},{"x":3,"y":-1}],"Typ":"Hafen"},{"Ort":[{"x":-1,"y":-1},{"x":-1,"y":-2}],"Typ":"Getreide Hafen"},{"Ort":[{"x":0,"y":-2},{"x":1,"y":-3}],"Typ":"Hafen"},{"Ort":[{"x":0,"y":3},{"x":0,"y":2}],"Typ":"Holz Hafen"}],"Räuber":{"x":-1,"y":-1}}}}
2017-02-12 16:10:11.939 INFO  network.client.Client 180 receiveMsg - {"Würfelwurf":{"Spieler":1,"Wurf":[3,5]}}
2017-02-12 16:10:11.939 INFO  network.client.Client 180 receiveMsg - {"Würfelwurf":{"Spieler":2,"Wurf":[5,4]}}
2017-02-12 16:10:12.025 INFO  network.client.Client 180 receiveMsg - {"Würfelwurf":{"Spieler":3,"Wurf":[6,4]}}
2017-02-12 16:10:12.025 INFO  network.client.Client 180 receiveMsg - {"Würfelwurf":{"Spieler":2,"Wurf":[1,4]}}
2017-02-12 16:10:12.118 INFO  network.client.Client 180 receiveMsg - {"Statusupdate":{"Spieler":{"Status":"Warten","Rittermacht":0,"Farbe":"Blau","Längste Handelsstraße":false,"Siegpunkte":0,"Rohstoffe":{"Unbekannt":0},"id":1,"Entwicklungskarten":{"Unbekannt":0},"Name":"KI (1)","Größte Rittermacht":false}}}
2017-02-12 16:10:12.118 INFO  network.client.Client 180 receiveMsg - {"Statusupdate":{"Spieler":{"Status":"Warten","Rittermacht":0,"Farbe":"Rot","Längste Handelsstraße":false,"Siegpunkte":0,"Rohstoffe":{"Unbekannt":0},"id":2,"Entwicklungskarten":{"Unbekannt":0},"Name":"KI (2)","Größte Rittermacht":false}}}
2017-02-12 16:10:12.208 INFO  network.client.Client 180 receiveMsg - {"Statusupdate":{"Spieler":{"Status":"Dorf bauen","Rittermacht":0,"Farbe":"Orange","Längste Handelsstraße":false,"Siegpunkte":0,"Rohstoffe":{"Getreide":0,"Wolle":0,"Holz":0,"Lehm":0,"Erz":0},"id":3,"Entwicklungskarten":{"Straßenbau":0,"Erfindung":0,"Monopol":0,"Ritter":0,"Siegpunkt":0},"Name":"chrus","Größte Rittermacht":false}}}
