2017-10-14 14:42:44.045 INFO  model.board.RandomBoard 129 setNumberTokensRandom - 
 outerTerrains :
{{13}=model.board.Mountain@2e06f98d, {6}=model.board.Forest@246e0e2d, {7}=model.board.Hill@54f5e156, {10}=model.board.Mountain@5e26c848, {31}=model.board.Forest@47759890, {23}=model.board.Hill@133ef935, {26}=model.board.Forest@683a4555, {29}=model.board.Field@36a492, {30}=model.board.Desert@6bec0d1c, {16}=model.board.Field@f7fa605, {5}=model.board.Pasture@35d55a52}
2017-10-14 14:42:44.048 INFO  model.board.Board 263 printBoardIDs - 
  null  null  null   {0}   {1}   {2}   {3}
  null  null   {4}   {5}   {6}   {7}   {8}
  null   {9}  {10}  {11}  {12}  {13}  {14}
  {15}  {16}  {17}  {18}  {19}  {20}  {21}
  {22}  {23}  {24}  {25}  {26}  {27}  null
  {28}  {29}  {30}  {31}  {32}  null  null
  {33}  {34}  {35}  {36}  null  null  null

2017-10-14 14:42:44.049 INFO  model.board.Board 340 printNumberTokens - 
  null  null  null  null  null  null  null
  null  null  null     8     3     6  null
  null  null    10     4     9     2  null
  null     9     5    11    10     5  null
  null    12     6     3     8  null  null
  null    11     0     4  null  null  null
  null  null  null  null  null  null  null

2017-10-14 14:42:44.051 INFO  model.board.Board 281 printBoardSpecialCo - 
(     )(     )(     )( 0,-3)( 1,-3)( 2,-3)( 3,-3)
(     )(     )(-1,-2)( 0,-2)( 1,-2)( 2,-2)( 3,-2)
(     )(-2,-1)(-1,-1)( 0,-1)( 1,-1)( 2,-1)( 3,-1)
(-3, 0)(-2, 0)(-1, 0)( 0, 0)( 1, 0)( 2, 0)( 3, 0)
(-3, 1)(-2, 1)(-1, 1)( 0, 1)( 1, 1)( 2, 1)(     )
(-3, 2)(-2, 2)(-1, 2)( 0, 2)( 1, 2)(     )(     )
(-3, 3)(-2, 3)(-1, 3)( 0, 3)(     )(     )(     )

2017-10-14 14:42:44.054 INFO  model.board.Board 301 printTileNeighbors - 
Row: 0
                          null : 
                          null : 
                          null : 
        model.board.Sea@726a4e : [model.board.Sea@bfd03b1, model.board.Pasture@35d55a52, model.board.Sea@7940c345]
       model.board.Sea@bfd03b1 : [model.board.Forest@246e0e2d, model.board.Pasture@35d55a52, model.board.Sea@726a4e, model.board.Sea@665811f5]
      model.board.Sea@665811f5 : [model.board.Sea@bfd03b1, model.board.Hill@54f5e156, model.board.Forest@246e0e2d, model.board.Sea@75eb376a]
      model.board.Sea@75eb376a : [model.board.Sea@16e852ed, model.board.Hill@54f5e156, model.board.Sea@665811f5]
Row: 1
                          null : 
                          null : 
      model.board.Sea@7940c345 : [model.board.Pasture@35d55a52, model.board.Mountain@5e26c848, model.board.Sea@694df19e, model.board.Sea@726a4e]
  model.board.Pasture@35d55a52 : [model.board.Sea@bfd03b1, model.board.Forest@246e0e2d, model.board.Field@4fbc92fb, model.board.Mountain@5e26c848, model.board.Sea@7940c345, model.board.Sea@726a4e]
   model.board.Forest@246e0e2d : [model.board.Sea@bfd03b1, model.board.Hill@54f5e156, model.board.Mountain@63c0ac01, model.board.Field@4fbc92fb, model.board.Pasture@35d55a52, model.board.Sea@665811f5]
     model.board.Hill@54f5e156 : [model.board.Sea@16e852ed, model.board.Mountain@2e06f98d, model.board.Mountain@63c0ac01, model.board.Forest@246e0e2d, model.board.Sea@665811f5, model.board.Sea@75eb376a]
      model.board.Sea@16e852ed : [model.board.Sea@376be5ae, model.board.Mountain@2e06f98d, model.board.Hill@54f5e156, model.board.Sea@75eb376a]
Row: 2
                          null : 
      model.board.Sea@694df19e : [model.board.Sea@7940c345, model.board.Mountain@5e26c848, model.board.Sea@31ac33dc, model.board.Field@f7fa605]
 model.board.Mountain@5e26c848 : [model.board.Pasture@1a2c4458, model.board.Sea@7940c345, model.board.Pasture@35d55a52, model.board.Field@4fbc92fb, model.board.Sea@694df19e, model.board.Field@f7fa605]
    model.board.Field@4fbc92fb : [model.board.Pasture@1a2c4458, model.board.Pasture@35d55a52, model.board.Forest@246e0e2d, model.board.Mountain@63c0ac01, model.board.Mountain@5e26c848, model.board.Pasture@7cea43b8]
 model.board.Mountain@63c0ac01 : [model.board.Forest@246e0e2d, model.board.Hill@54f5e156, model.board.Mountain@2e06f98d, model.board.Field@4fbc92fb, model.board.Pasture@7cea43b8, model.board.Forest@14449f1e]
 model.board.Mountain@2e06f98d : [model.board.Hill@54f5e156, model.board.Sea@16e852ed, model.board.Sea@376be5ae, model.board.Field@44a66c99, model.board.Mountain@63c0ac01, model.board.Forest@14449f1e]
      model.board.Sea@376be5ae : [model.board.Sea@16e852ed, model.board.Sea@3cd0eed1, model.board.Field@44a66c99, model.board.Mountain@2e06f98d]
Row: 3
      model.board.Sea@31ac33dc : [model.board.Sea@694df19e, model.board.Sea@12099d70, model.board.Field@f7fa605]
     model.board.Field@f7fa605 : [model.board.Pasture@1a2c4458, model.board.Sea@694df19e, model.board.Mountain@5e26c848, model.board.Hill@133ef935, model.board.Sea@12099d70, model.board.Sea@31ac33dc]
  model.board.Pasture@1a2c4458 : [model.board.Mountain@5e26c848, model.board.Field@4fbc92fb, model.board.Pasture@22054c40, model.board.Hill@133ef935, model.board.Field@f7fa605, model.board.Pasture@7cea43b8]
  model.board.Pasture@7cea43b8 : [model.board.Pasture@1a2c4458, model.board.Field@4fbc92fb, model.board.Mountain@63c0ac01, model.board.Hill@55b03e3d, model.board.Pasture@22054c40, model.board.Forest@14449f1e]
   model.board.Forest@14449f1e : [model.board.Mountain@63c0ac01, model.board.Mountain@2e06f98d, model.board.Field@44a66c99, model.board.Forest@683a4555, model.board.Hill@55b03e3d, model.board.Pasture@7cea43b8]
    model.board.Field@44a66c99 : [model.board.Mountain@2e06f98d, model.board.Sea@376be5ae, model.board.Sea@3cd0eed1, model.board.Sea@6eade43c, model.board.Forest@683a4555, model.board.Forest@14449f1e]
      model.board.Sea@3cd0eed1 : [model.board.Sea@376be5ae, model.board.Sea@6eade43c, model.board.Field@44a66c99]
Row: 4
      model.board.Sea@12099d70 : [model.board.Sea@31ac33dc, model.board.Hill@133ef935, model.board.Sea@30111684, model.board.Field@f7fa605]
     model.board.Hill@133ef935 : [model.board.Pasture@1a2c4458, model.board.Pasture@22054c40, model.board.Field@36a492, model.board.Sea@30111684, model.board.Sea@12099d70, model.board.Field@f7fa605]
  model.board.Pasture@22054c40 : [model.board.Pasture@1a2c4458, model.board.Hill@55b03e3d, model.board.Desert@6bec0d1c, model.board.Field@36a492, model.board.Hill@133ef935, model.board.Pasture@7cea43b8]
     model.board.Hill@55b03e3d : [model.board.Forest@683a4555, model.board.Forest@47759890, model.board.Desert@6bec0d1c, model.board.Pasture@22054c40, model.board.Pasture@7cea43b8, model.board.Forest@14449f1e]
   model.board.Forest@683a4555 : [model.board.Field@44a66c99, model.board.Sea@6eade43c, model.board.Forest@47759890, model.board.Hill@55b03e3d, model.board.Sea@38fe3b8a, model.board.Forest@14449f1e]
      model.board.Sea@6eade43c : [model.board.Field@44a66c99, model.board.Sea@3cd0eed1, model.board.Forest@683a4555, model.board.Sea@38fe3b8a]
                          null : 
Row: 5
      model.board.Sea@30111684 : [model.board.Sea@6cebbb7e, model.board.Sea@12099d70, model.board.Hill@133ef935, model.board.Field@36a492]
      model.board.Field@36a492 : [model.board.Sea@6cebbb7e, model.board.Hill@133ef935, model.board.Pasture@22054c40, model.board.Desert@6bec0d1c, model.board.Sea@30111684, model.board.Sea@6d662edb]
   model.board.Desert@6bec0d1c : [model.board.Pasture@22054c40, model.board.Hill@55b03e3d, model.board.Forest@47759890, model.board.Field@36a492, model.board.Sea@6d662edb, model.board.Sea@557ba0c5]
   model.board.Forest@47759890 : [model.board.Hill@55b03e3d, model.board.Forest@683a4555, model.board.Sea@1c10e38b, model.board.Desert@6bec0d1c, model.board.Sea@38fe3b8a, model.board.Sea@557ba0c5]
      model.board.Sea@38fe3b8a : [model.board.Forest@683a4555, model.board.Sea@6eade43c, model.board.Sea@1c10e38b, model.board.Forest@47759890]
                          null : 
                          null : 
Row: 6
      model.board.Sea@6cebbb7e : [model.board.Sea@30111684, model.board.Field@36a492, model.board.Sea@6d662edb]
      model.board.Sea@6d662edb : [model.board.Sea@6cebbb7e, model.board.Field@36a492, model.board.Desert@6bec0d1c, model.board.Sea@557ba0c5]
      model.board.Sea@557ba0c5 : [model.board.Desert@6bec0d1c, model.board.Forest@47759890, model.board.Sea@1c10e38b, model.board.Sea@6d662edb]
      model.board.Sea@1c10e38b : [model.board.Forest@47759890, model.board.Sea@38fe3b8a, model.board.Sea@557ba0c5]
                          null : 
                          null : 
                          null : 

2017-10-14 14:42:44.056 INFO  model.board.Board 322 printPorts - 
        {33} : BRICK
         {9} : GENERIC
         {8} : WOOL
        {22} : GRAIN
         {0} : GENERIC
        {32} : GENERIC
         {2} : GENERIC
        {35} : LUMBER
        {21} : ORE

{15, 16, 22} : GRAIN
{16, 22, 23} : GRAIN
   {2, 6, 7} : GENERIC
{31, 32, 36} : GENERIC
{28, 29, 33} : BRICK
  {7, 8, 13} : WOOL
 {8, 13, 14} : WOOL
 {9, 10, 16} : GENERIC
 {9, 15, 16} : GENERIC
{26, 31, 32} : GENERIC
{29, 33, 34} : BRICK
{30, 31, 35} : LUMBER
   {2, 3, 7} : GENERIC
{30, 34, 35} : LUMBER
{14, 20, 21} : ORE
{20, 21, 27} : ORE
   {0, 4, 5} : GENERIC
   {0, 1, 5} : GENERIC

2017-10-14 14:42:44.092 TRACE model.players.Ai 34 <init> - Enter model.players.Ai@7518aba9
2017-10-14 14:42:44.094 DEBUG model.players.Player 62 printPlayer - model.players.Ai@7518aba9
id        1         color     NULL      name                status    null      
vp        0         road      false     army      false     
dev       0         dice      0         
res       0         lumber    0         brick     0         grain     0         wool      0         ore       0         
dev       []
dev BLOCK []
Harbors   []
Roads          left      15        built     []
Settlements    left      5         built     []
Cities         left      4         built     []
2017-10-14 14:42:44.095 DEBUG model.players.Player 62 printPlayer - model.players.Ai@7518aba9
id        1         color     NULL      name                status    START_GAME
vp        0         road      false     army      false     
dev       0         dice      0         
res       0         lumber    0         brick     0         grain     0         wool      0         ore       0         
dev       []
dev BLOCK []
Harbors   []
Roads          left      15        built     []
Settlements    left      5         built     []
Cities         left      4         built     []
2017-10-14 14:42:44.156 TRACE model.players.Ai 34 <init> - Enter model.players.Ai@3c52a748
2017-10-14 14:42:44.156 DEBUG model.players.Player 62 printPlayer - model.players.Ai@3c52a748
id        2         color     NULL      name                status    null      
vp        0         road      false     army      false     
dev       0         dice      0         
res       0         lumber    0         brick     0         grain     0         wool      0         ore       0         
dev       []
dev BLOCK []
Harbors   []
Roads          left      15        built     []
Settlements    left      5         built     []
Cities         left      4         built     []
2017-10-14 14:42:44.157 DEBUG model.players.Player 62 printPlayer - model.players.Ai@3c52a748
id        2         color     NULL      name                status    START_GAME
vp        0         road      false     army      false     
dev       0         dice      0         
res       0         lumber    0         brick     0         grain     0         wool      0         ore       0         
dev       []
dev BLOCK []
Harbors   []
Roads          left      15        built     []
Settlements    left      5         built     []
Cities         left      4         built     []
2017-10-14 14:42:44.624 DEBUG model.players.Player 62 printPlayer - model.players.Ai@7518aba9
id        1         color     BLUE      name      KI (1)    status    WAIT_FOR_GAME_START
vp        0         road      false     army      false     
dev       0         dice      0         
res       0         lumber    0         brick     0         grain     0         wool      0         ore       0         
dev       []
dev BLOCK []
Harbors   []
Roads          left      15        built     []
Settlements    left      5         built     []
Cities         left      4         built     []
2017-10-14 14:42:44.625 DEBUG model.Management 43 printManagement - model.Management@2d919b3c
KI (1)    sum       0         lumber    0         brick     0         grain     0         wool      0         ore       0         
KI (2)    sum       0         lumber    0         brick     0         grain     0         wool      0         ore       0         
[ M ]     sum       95        lumber    19        brick     19        grain     19        wool      19        ore       19        
2017-10-14 14:42:44.774 DEBUG model.players.Player 62 printPlayer - model.players.Ai@3c52a748
id        2         color     RED       name      KI (2)    status    WAIT_FOR_GAME_START
vp        0         road      false     army      false     
dev       0         dice      0         
res       0         lumber    0         brick     0         grain     0         wool      0         ore       0         
dev       []
dev BLOCK []
Harbors   []
Roads          left      15        built     []
Settlements    left      5         built     []
Cities         left      4         built     []
2017-10-14 14:42:44.775 DEBUG model.Management 43 printManagement - model.Management@2d919b3c
KI (1)    sum       0         lumber    0         brick     0         grain     0         wool      0         ore       0         
KI (2)    sum       0         lumber    0         brick     0         grain     0         wool      0         ore       0         
[ M ]     sum       95        lumber    19        brick     19        grain     19        wool      19        ore       19        
