2017-02-13 08:51:33.044 DEBUG controller.Register 138 setViewJoinServerController - view.joinServer.Controller@31c4ec43
2017-02-13 08:51:33.044 DEBUG controller.Register 194 setRelevantTextArea - 0
2017-02-13 08:51:35.425 INFO  controller.Controller 28 <init> - controller.Controller@738af156
2017-02-13 08:51:35.426 DEBUG controller.Register 60 setController - controller.Controller@738af156
2017-02-13 08:51:35.429 DEBUG controller.Register 121 setNtwrkClient - network.client.Client@8630666
2017-02-13 08:51:37.363 INFO  controller.Controller 28 <init> - controller.Controller@571c7c2b
2017-02-13 08:51:37.364 DEBUG controller.Register 60 setController - controller.Controller@571c7c2b
2017-02-13 08:51:37.364 DEBUG controller.Register 121 setNtwrkClient - network.client.Client@5729e3b7
2017-02-13 08:51:38.076 INFO  controller.Controller 28 <init> - controller.Controller@3ce0b7a1
2017-02-13 08:51:38.076 DEBUG controller.Register 60 setController - controller.Controller@3ce0b7a1
2017-02-13 08:51:38.076 DEBUG controller.Register 121 setNtwrkClient - network.client.Client@712f51f9
2017-02-13 08:53:48.250 DEBUG controller.Register 138 setViewJoinServerController - view.joinServer.Controller@1d3b2849
2017-02-13 08:53:48.250 DEBUG controller.Register 194 setRelevantTextArea - 0
2017-02-13 08:53:49.958 DEBUG controller.Register 155 setViewStartServerController - view.startServer.Controller@1b19c80f
2017-02-13 08:53:49.958 DEBUG controller.Register 194 setRelevantTextArea - 2
2017-02-13 08:53:58.031 DEBUG controller.Register 104 setNtwrkServer - network.server.Server@4436b9ba
2017-02-13 08:53:58.031 INFO  controller.Controller 28 <init> - controller.Controller@5d2e49ce
2017-02-13 08:53:58.031 DEBUG controller.Register 60 setController - controller.Controller@5d2e49ce
2017-02-13 08:53:58.041 TRACE controller.Controller 149 setBoard - Enter
2017-02-13 08:53:58.054 INFO  controller.Controller 46 setManagement - model.Management@1e279a26
