2017-02-13 08:54:03.418 DEBUG controller.Register 138 setViewJoinServerController - view.joinServer.Controller@54412ceb
2017-02-13 08:54:03.419 DEBUG controller.Register 194 setRelevantTextArea - 0
2017-02-13 08:54:06.342 INFO  controller.Controller 28 <init> - controller.Controller@62c228e2
2017-02-13 08:54:06.342 DEBUG controller.Register 60 setController - controller.Controller@62c228e2
2017-02-13 08:54:06.345 DEBUG controller.Register 121 setNtwrkClient - network.client.Client@5fcd9a4c
2017-02-13 08:54:11.189 INFO  controller.Controller 28 <init> - controller.Controller@407809e1
2017-02-13 08:54:11.190 DEBUG controller.Register 60 setController - controller.Controller@407809e1
2017-02-13 08:54:11.190 DEBUG controller.Register 121 setNtwrkClient - network.client.Client@2cee70bb
2017-02-13 08:54:15.476 INFO  controller.Controller 28 <init> - controller.Controller@6da02487
2017-02-13 08:54:15.476 DEBUG controller.Register 60 setController - controller.Controller@6da02487
2017-02-13 08:54:15.477 DEBUG controller.Register 121 setNtwrkClient - network.client.Client@6d171fd3
2017-02-13 08:54:25.041 TRACE controller.Controller 178 initCustomisedBoard - Enter
2017-02-13 08:54:25.070 INFO  controller.Controller 46 setManagement - model.Management@808af45
2017-02-13 08:54:25.071 INFO  controller.Controller 130 setSequence - 6, chris, WHITE, WAIT_FOR_GAME_START
2017-02-13 08:54:25.072 INFO  controller.Controller 130 setSequence - 1, KI (1), BLUE, WAIT_FOR_GAME_START
2017-02-13 08:54:25.072 INFO  controller.Controller 130 setSequence - 2, KI (2), RED, WAIT_FOR_GAME_START
2017-02-13 08:54:25.072 INFO  controller.Controller 130 setSequence - 3, KI (3), ORANGE, WAIT_FOR_GAME_START
2017-02-13 08:54:25.857 DEBUG controller.Register 213 setViewBuildController - view.client.build.BuildController@6ccf7acc
2017-02-13 08:54:25.857 DEBUG controller.Register 172 setViewClientController - view.client.Controller@4ae05ec3
2017-02-13 08:54:25.858 DEBUG controller.Register 194 setRelevantTextArea - 1
2017-02-13 08:54:26.207 DEBUG controller.Register 76 setCanvasBoard - view.client.CanvasBoard@13f197fc
