2017-02-13 08:54:28.661 INFO  view.client.CanvasBoard 824 lambda$setRobber$8 - Robber is drawn at new position: 29
2017-02-13 08:54:28.705 INFO  view.client.build.BuildController 105 lambda$deactivateButtons$0 - Case not covered!
2017-02-13 08:54:28.705 INFO  view.client.build.BuildController 105 lambda$deactivateButtons$0 - Case not covered!
2017-02-13 08:54:28.706 INFO  view.client.build.BuildController 105 lambda$deactivateButtons$0 - Case not covered!
2017-02-13 08:54:28.707 INFO  view.client.build.BuildController 105 lambda$deactivateButtons$0 - Case not covered!
2017-02-13 08:54:28.709 INFO  view.client.build.BuildController 105 lambda$deactivateButtons$0 - Case not covered!
2017-02-13 08:54:28.774 INFO  view.client.build.BuildController 105 lambda$deactivateButtons$0 - Case not covered!
2017-02-13 08:54:28.905 INFO  view.client.build.BuildController 105 lambda$deactivateButtons$0 - Case not covered!
2017-02-13 08:54:28.990 INFO  view.client.build.BuildController 105 lambda$deactivateButtons$0 - Case not covered!
2017-02-13 08:54:29.211 INFO  view.client.build.BuildController 105 lambda$deactivateButtons$0 - Case not covered!
2017-02-13 08:54:29.497 INFO  view.client.build.BuildController 105 lambda$deactivateButtons$0 - Case not covered!
2017-02-13 08:54:29.562 INFO  view.client.build.BuildController 105 lambda$deactivateButtons$0 - Case not covered!
2017-02-13 08:54:29.802 INFO  view.client.build.BuildController 105 lambda$deactivateButtons$0 - Case not covered!
2017-02-13 08:54:30.156 INFO  view.client.build.BuildController 105 lambda$deactivateButtons$0 - Case not covered!
2017-02-13 08:54:30.218 INFO  view.client.build.BuildController 105 lambda$deactivateButtons$0 - Case not covered!
2017-02-13 08:54:30.439 INFO  view.client.build.BuildController 105 lambda$deactivateButtons$0 - Case not covered!
2017-02-13 08:54:30.791 INFO  view.client.build.BuildController 105 lambda$deactivateButtons$0 - Case not covered!
2017-02-13 08:54:31.222 INFO  view.client.build.BuildController 105 lambda$deactivateButtons$0 - Case not covered!
2017-02-13 08:54:31.581 INFO  view.client.build.BuildController 105 lambda$deactivateButtons$0 - Case not covered!
2017-02-13 08:54:31.645 INFO  view.client.build.BuildController 105 lambda$deactivateButtons$0 - Case not covered!
2017-02-13 08:54:31.957 INFO  view.client.build.BuildController 105 lambda$deactivateButtons$0 - Case not covered!
2017-02-13 08:54:32.320 INFO  view.client.build.BuildController 105 lambda$deactivateButtons$0 - Case not covered!
2017-02-13 08:54:32.388 INFO  view.client.build.BuildController 105 lambda$deactivateButtons$0 - Case not covered!
2017-02-13 08:54:32.682 INFO  view.client.build.BuildController 105 lambda$deactivateButtons$0 - Case not covered!
2017-02-13 08:54:33.028 INFO  view.client.build.BuildController 105 lambda$deactivateButtons$0 - Case not covered!
2017-02-13 08:54:33.091 INFO  view.client.build.BuildController 105 lambda$deactivateButtons$0 - Case not covered!
2017-02-13 08:54:33.302 INFO  view.client.Controller 1598 lambda$triggerFading$33 - Fade in Resources
2017-02-13 08:54:33.374 INFO  view.client.build.BuildController 105 lambda$deactivateButtons$0 - Case not covered!
2017-02-13 08:54:33.587 INFO  view.client.build.BuildController 105 lambda$deactivateButtons$0 - Case not covered!
2017-02-13 08:54:33.734 INFO  view.client.Controller 1598 lambda$triggerFading$33 - Fade in Resources
2017-02-13 08:54:33.817 INFO  view.client.build.BuildController 105 lambda$deactivateButtons$0 - Case not covered!
2017-02-13 08:54:34.193 INFO  view.client.Controller 1598 lambda$triggerFading$33 - Fade in Resources
2017-02-13 08:54:34.274 INFO  view.client.build.BuildController 105 lambda$deactivateButtons$0 - Case not covered!
2017-02-13 08:54:34.448 INFO  view.client.build.BuildController 105 lambda$deactivateButtons$0 - Case not covered!
2017-02-13 08:54:34.528 INFO  view.client.build.BuildController 105 lambda$deactivateButtons$0 - Case not covered!
2017-02-13 08:54:34.639 INFO  view.client.Controller 1598 lambda$triggerFading$33 - Fade in Resources
2017-02-13 08:54:34.725 INFO  view.client.build.BuildController 105 lambda$deactivateButtons$0 - Case not covered!
2017-02-13 08:54:35.209 INFO  view.client.build.BuildController 105 lambda$deactivateButtons$0 - Case not covered!
2017-02-13 08:54:35.544 INFO  view.client.build.BuildController 105 lambda$deactivateButtons$0 - Case not covered!
2017-02-13 08:54:35.562 INFO  view.client.build.BuildController 105 lambda$deactivateButtons$0 - Case not covered!
2017-02-13 08:54:35.667 INFO  view.client.Controller 1598 lambda$triggerFading$33 - Fade in Resources
2017-02-13 08:54:35.753 INFO  view.client.build.BuildController 105 lambda$deactivateButtons$0 - Case not covered!
2017-02-13 08:54:36.220 INFO  view.client.build.BuildController 105 lambda$deactivateButtons$0 - Case not covered!
2017-02-13 08:54:36.237 INFO  view.client.build.BuildController 105 lambda$deactivateButtons$0 - Case not covered!
2017-02-13 08:54:36.426 INFO  view.client.build.BuildController 105 lambda$deactivateButtons$0 - Case not covered!
2017-02-13 08:54:36.892 INFO  view.client.build.BuildController 105 lambda$deactivateButtons$0 - Case not covered!
2017-02-13 08:54:36.897 INFO  view.client.build.BuildController 105 lambda$deactivateButtons$0 - Case not covered!
2017-02-13 08:54:37.057 INFO  view.client.Controller 1598 lambda$triggerFading$33 - Fade in Resources
2017-02-13 08:54:37.141 INFO  view.client.build.BuildController 105 lambda$deactivateButtons$0 - Case not covered!
2017-02-13 08:54:37.399 INFO  view.client.build.BuildController 105 lambda$deactivateButtons$0 - Case not covered!
2017-02-13 08:54:37.480 INFO  view.client.build.BuildController 105 lambda$deactivateButtons$0 - Case not covered!
2017-02-13 08:54:37.652 INFO  view.client.build.BuildController 105 lambda$deactivateButtons$0 - Case not covered!
2017-02-13 08:54:38.086 INFO  view.client.CanvasBoard 824 lambda$setRobber$8 - Robber is drawn at new position: 25
2017-02-13 08:54:38.096 INFO  view.client.build.BuildController 105 lambda$deactivateButtons$0 - Case not covered!
2017-02-13 08:54:38.165 INFO  view.client.build.BuildController 105 lambda$deactivateButtons$0 - Case not covered!
2017-02-13 08:54:38.182 INFO  view.client.build.BuildController 105 lambda$deactivateButtons$0 - Case not covered!
2017-02-13 08:54:38.529 INFO  view.client.build.BuildController 105 lambda$deactivateButtons$0 - Case not covered!
2017-02-13 08:54:39.030 INFO  view.client.build.BuildController 105 lambda$deactivateButtons$0 - Case not covered!
2017-02-13 08:54:39.436 INFO  view.client.build.BuildController 105 lambda$deactivateButtons$0 - Case not covered!
2017-02-13 08:54:39.456 INFO  view.client.build.BuildController 105 lambda$deactivateButtons$0 - Case not covered!
2017-02-13 08:54:39.613 INFO  view.client.Controller 1598 lambda$triggerFading$33 - Fade in Resources
2017-02-13 08:54:39.702 INFO  view.client.build.BuildController 105 lambda$deactivateButtons$0 - Case not covered!
2017-02-13 08:54:40.186 INFO  view.client.build.BuildController 105 lambda$deactivateButtons$0 - Case not covered!
2017-02-13 08:54:40.191 INFO  view.client.build.BuildController 105 lambda$deactivateButtons$0 - Case not covered!
2017-02-13 08:54:40.355 INFO  view.client.Controller 1598 lambda$triggerFading$33 - Fade in Resources
2017-02-13 08:54:40.436 INFO  view.client.build.BuildController 105 lambda$deactivateButtons$0 - Case not covered!
2017-02-13 08:54:40.694 INFO  view.client.build.BuildController 105 lambda$deactivateButtons$0 - Case not covered!
2017-02-13 08:54:40.773 INFO  view.client.build.BuildController 105 lambda$deactivateButtons$0 - Case not covered!
2017-02-13 08:54:40.856 INFO  view.client.Controller 1598 lambda$triggerFading$33 - Fade in Resources
2017-02-13 08:54:40.943 INFO  view.client.build.BuildController 105 lambda$deactivateButtons$0 - Case not covered!
2017-02-13 08:54:41.373 INFO  view.client.build.BuildController 105 lambda$deactivateButtons$0 - Case not covered!
2017-02-13 08:54:41.389 INFO  view.client.build.BuildController 105 lambda$deactivateButtons$0 - Case not covered!
2017-02-13 08:54:41.574 INFO  view.client.build.BuildController 105 lambda$deactivateButtons$0 - Case not covered!
2017-02-13 08:54:42.040 INFO  view.client.build.BuildController 105 lambda$deactivateButtons$0 - Case not covered!
2017-02-13 08:54:42.059 INFO  view.client.build.BuildController 105 lambda$deactivateButtons$0 - Case not covered!
2017-02-13 08:54:42.156 INFO  view.client.build.BuildController 105 lambda$deactivateButtons$0 - Case not covered!
2017-02-13 08:54:42.548 INFO  view.client.build.BuildController 105 lambda$deactivateButtons$0 - Case not covered!
2017-02-13 08:54:42.554 INFO  view.client.build.BuildController 105 lambda$deactivateButtons$0 - Case not covered!
2017-02-13 08:54:42.722 INFO  view.client.Controller 1598 lambda$triggerFading$33 - Fade in Resources
2017-02-13 08:54:42.807 INFO  view.client.build.BuildController 105 lambda$deactivateButtons$0 - Case not covered!
2017-02-13 08:54:43.070 INFO  view.client.build.BuildController 105 lambda$deactivateButtons$0 - Case not covered!
2017-02-13 08:54:43.147 INFO  view.client.build.BuildController 105 lambda$deactivateButtons$0 - Case not covered!
2017-02-13 08:54:43.339 INFO  view.client.build.BuildController 105 lambda$deactivateButtons$0 - Case not covered!
2017-02-13 08:54:43.830 INFO  view.client.build.BuildController 105 lambda$deactivateButtons$0 - Case not covered!
2017-02-13 08:54:44.238 INFO  view.client.build.BuildController 105 lambda$deactivateButtons$0 - Case not covered!
2017-02-13 08:54:44.256 INFO  view.client.build.BuildController 105 lambda$deactivateButtons$0 - Case not covered!
2017-02-13 08:54:44.350 INFO  view.client.build.BuildController 105 lambda$deactivateButtons$0 - Case not covered!
2017-02-13 08:54:44.773 INFO  view.client.build.BuildController 105 lambda$deactivateButtons$0 - Case not covered!
2017-02-13 08:54:45.179 INFO  view.client.build.BuildController 105 lambda$deactivateButtons$0 - Case not covered!
2017-02-13 08:54:45.197 INFO  view.client.build.BuildController 105 lambda$deactivateButtons$0 - Case not covered!
2017-02-13 08:54:45.298 INFO  view.client.Controller 1598 lambda$triggerFading$33 - Fade in Resources
2017-02-13 08:54:45.380 INFO  view.client.build.BuildController 105 lambda$deactivateButtons$0 - Case not covered!
2017-02-13 08:54:45.851 INFO  view.client.build.BuildController 105 lambda$deactivateButtons$0 - Case not covered!
2017-02-13 08:54:45.857 INFO  view.client.build.BuildController 105 lambda$deactivateButtons$0 - Case not covered!
2017-02-13 08:54:46.019 INFO  view.client.build.BuildController 105 lambda$deactivateButtons$0 - Case not covered!
2017-02-13 08:54:46.023 INFO  view.client.build.BuildController 105 lambda$deactivateButtons$0 - Case not covered!
2017-02-13 08:54:46.101 INFO  view.client.build.BuildController 105 lambda$deactivateButtons$0 - Case not covered!
2017-02-13 08:54:46.107 INFO  view.client.build.BuildController 105 lambda$deactivateButtons$0 - Case not covered!
2017-02-13 08:54:46.273 INFO  view.client.Controller 1598 lambda$triggerFading$33 - Fade in Resources
2017-02-13 08:54:46.278 INFO  view.client.build.BuildController 105 lambda$deactivateButtons$0 - Case not covered!
2017-02-13 08:54:46.360 INFO  view.client.build.BuildController 105 lambda$deactivateButtons$0 - Case not covered!
2017-02-13 08:54:46.447 INFO  view.client.build.BuildController 105 lambda$deactivateButtons$0 - Case not covered!
2017-02-13 08:54:46.522 INFO  view.client.build.BuildController 105 lambda$deactivateButtons$0 - Case not covered!
2017-02-13 08:54:46.700 INFO  view.client.Controller 1598 lambda$triggerFading$33 - Fade in Resources
2017-02-13 08:54:46.790 INFO  view.client.CanvasBoard 824 lambda$setRobber$8 - Robber is drawn at new position: 11
2017-02-13 08:54:46.792 INFO  view.client.build.BuildController 105 lambda$deactivateButtons$0 - Case not covered!
2017-02-13 08:54:46.973 INFO  view.client.Controller 1598 lambda$triggerFading$33 - Fade in Resources
2017-02-13 08:54:47.054 INFO  view.client.build.BuildController 105 lambda$deactivateButtons$0 - Case not covered!
2017-02-13 08:54:47.229 INFO  view.client.build.BuildController 105 lambda$deactivateButtons$0 - Case not covered!
2017-02-13 08:54:47.313 INFO  view.client.build.BuildController 105 lambda$deactivateButtons$0 - Case not covered!
2017-02-13 08:54:47.940 INFO  view.client.Controller 1598 lambda$triggerFading$33 - Fade in Resources
2017-02-13 08:54:48.024 INFO  view.client.build.BuildController 105 lambda$deactivateButtons$0 - Case not covered!
2017-02-13 08:54:48.546 INFO  view.client.build.BuildController 105 lambda$deactivateButtons$0 - Case not covered!
2017-02-13 08:54:48.953 INFO  view.client.build.BuildController 105 lambda$deactivateButtons$0 - Case not covered!
2017-02-13 08:54:48.970 INFO  view.client.build.BuildController 105 lambda$deactivateButtons$0 - Case not covered!
2017-02-13 08:54:49.134 INFO  view.client.Controller 1598 lambda$triggerFading$33 - Fade in Resources
2017-02-13 08:54:49.220 INFO  view.client.build.BuildController 105 lambda$deactivateButtons$0 - Case not covered!
2017-02-13 08:54:49.705 INFO  view.client.build.BuildController 105 lambda$deactivateButtons$0 - Case not covered!
2017-02-13 08:54:49.726 INFO  view.client.build.BuildController 105 lambda$deactivateButtons$0 - Case not covered!
2017-02-13 08:54:49.822 INFO  view.client.Controller 1598 lambda$triggerFading$33 - Fade in Resources
2017-02-13 08:54:49.907 INFO  view.client.build.BuildController 105 lambda$deactivateButtons$0 - Case not covered!
2017-02-13 08:54:50.371 INFO  view.client.build.BuildController 105 lambda$deactivateButtons$0 - Case not covered!
2017-02-13 08:54:50.376 INFO  view.client.build.BuildController 105 lambda$deactivateButtons$0 - Case not covered!
2017-02-13 08:54:50.545 INFO  view.client.build.BuildController 105 lambda$deactivateButtons$0 - Case not covered!
2017-02-13 08:54:50.736 INFO  view.client.Controller 1598 lambda$triggerFading$33 - Fade in Resources
2017-02-13 08:54:50.814 INFO  view.client.build.BuildController 105 lambda$deactivateButtons$0 - Case not covered!
2017-02-13 08:54:50.937 INFO  view.client.Controller 1724 lambda$devCardAnimation$35 - activate animation
2017-02-13 08:54:50.991 INFO  view.client.Controller 1598 lambda$triggerFading$33 - Fade in Resources
2017-02-13 08:54:51.001 INFO  view.client.build.BuildController 105 lambda$deactivateButtons$0 - Case not covered!
2017-02-13 08:54:51.185 INFO  view.client.build.BuildController 105 lambda$deactivateButtons$0 - Case not covered!
2017-02-13 08:54:51.255 INFO  view.client.build.BuildController 105 lambda$deactivateButtons$0 - Case not covered!
2017-02-13 08:54:51.399 INFO  view.client.build.BuildController 105 lambda$deactivateButtons$0 - Case not covered!
2017-02-13 08:54:51.459 INFO  view.client.build.BuildController 105 lambda$deactivateButtons$0 - Case not covered!
2017-02-13 08:54:51.494 INFO  view.client.build.BuildController 105 lambda$deactivateButtons$0 - Case not covered!
2017-02-13 08:54:51.543 INFO  view.client.build.BuildController 105 lambda$deactivateButtons$0 - Case not covered!
2017-02-13 08:54:51.812 INFO  view.client.build.BuildController 105 lambda$deactivateButtons$0 - Case not covered!
2017-02-13 08:54:51.878 INFO  view.client.build.BuildController 105 lambda$deactivateButtons$0 - Case not covered!
2017-02-13 08:54:52.294 INFO  view.client.CanvasBoard 824 lambda$setRobber$8 - Robber is drawn at new position: 18
2017-02-13 08:54:52.305 INFO  view.client.build.BuildController 105 lambda$deactivateButtons$0 - Case not covered!
2017-02-13 08:54:52.785 INFO  view.client.build.BuildController 105 lambda$deactivateButtons$0 - Case not covered!
2017-02-13 08:54:52.803 INFO  view.client.build.BuildController 105 lambda$deactivateButtons$0 - Case not covered!
2017-02-13 08:54:52.964 INFO  view.client.build.BuildController 105 lambda$deactivateButtons$0 - Case not covered!
2017-02-13 08:54:53.373 INFO  view.client.build.BuildController 105 lambda$deactivateButtons$0 - Case not covered!
2017-02-13 08:54:53.390 INFO  view.client.build.BuildController 105 lambda$deactivateButtons$0 - Case not covered!
2017-02-13 08:54:53.555 INFO  view.client.Controller 1598 lambda$triggerFading$33 - Fade in Resources
2017-02-13 08:54:53.640 INFO  view.client.build.BuildController 105 lambda$deactivateButtons$0 - Case not covered!
2017-02-13 08:54:54.130 INFO  view.client.build.BuildController 105 lambda$deactivateButtons$0 - Case not covered!
2017-02-13 08:54:54.459 INFO  view.client.build.BuildController 105 lambda$deactivateButtons$0 - Case not covered!
2017-02-13 08:54:54.464 INFO  view.client.build.BuildController 105 lambda$deactivateButtons$0 - Case not covered!
2017-02-13 08:54:54.490 INFO  view.client.Controller 1845 lambda$clearAnimation$39 - 
Cleared Animation
2017-02-13 08:54:54.634 INFO  view.client.build.BuildController 105 lambda$deactivateButtons$0 - Case not covered!
2017-02-13 08:54:54.890 INFO  view.client.Controller 1598 lambda$triggerFading$33 - Fade in Resources
2017-02-13 08:54:54.898 INFO  view.client.CanvasBoard 824 lambda$setRobber$8 - Robber is drawn at new position: 17
2017-02-13 08:54:54.971 INFO  view.client.build.BuildController 105 lambda$deactivateButtons$0 - Case not covered!
2017-02-13 08:54:55.146 INFO  view.client.build.BuildController 105 lambda$deactivateButtons$0 - Case not covered!
2017-02-13 08:54:55.230 INFO  view.client.build.BuildController 105 lambda$deactivateButtons$0 - Case not covered!
2017-02-13 08:54:55.313 INFO  view.client.build.BuildController 105 lambda$deactivateButtons$0 - Case not covered!
2017-02-13 08:54:55.703 INFO  view.client.build.BuildController 105 lambda$deactivateButtons$0 - Case not covered!
2017-02-13 08:54:55.721 INFO  view.client.build.BuildController 105 lambda$deactivateButtons$0 - Case not covered!
2017-02-13 08:54:55.879 INFO  view.client.build.BuildController 105 lambda$deactivateButtons$0 - Case not covered!
2017-02-13 08:54:56.290 INFO  view.client.build.BuildController 105 lambda$deactivateButtons$0 - Case not covered!
2017-02-13 08:54:56.308 INFO  view.client.build.BuildController 105 lambda$deactivateButtons$0 - Case not covered!
2017-02-13 08:54:56.491 INFO  view.client.build.BuildController 105 lambda$deactivateButtons$0 - Case not covered!
2017-02-13 08:54:56.969 INFO  view.client.CanvasBoard 824 lambda$setRobber$8 - Robber is drawn at new position: 11
2017-02-13 08:54:56.983 INFO  view.client.build.BuildController 105 lambda$deactivateButtons$0 - Case not covered!
2017-02-13 08:54:57.049 INFO  view.client.build.BuildController 105 lambda$deactivateButtons$0 - Case not covered!
2017-02-13 08:54:57.067 INFO  view.client.build.BuildController 105 lambda$deactivateButtons$0 - Case not covered!
2017-02-13 08:54:57.300 INFO  view.client.build.BuildController 105 lambda$deactivateButtons$0 - Case not covered!
2017-02-13 08:54:57.473 INFO  view.client.build.BuildController 105 lambda$deactivateButtons$0 - Case not covered!
2017-02-13 08:54:57.554 INFO  view.client.build.BuildController 105 lambda$deactivateButtons$0 - Case not covered!
2017-02-13 08:54:57.915 INFO  view.client.build.BuildController 105 lambda$deactivateButtons$0 - Case not covered!
2017-02-13 08:54:58.389 INFO  view.client.build.BuildController 105 lambda$deactivateButtons$0 - Case not covered!
2017-02-13 08:54:58.406 INFO  view.client.build.BuildController 105 lambda$deactivateButtons$0 - Case not covered!
2017-02-13 08:54:58.591 INFO  view.client.build.BuildController 105 lambda$deactivateButtons$0 - Case not covered!
2017-02-13 08:54:59.090 INFO  view.client.build.BuildController 105 lambda$deactivateButtons$0 - Case not covered!
2017-02-13 08:54:59.518 INFO  view.client.build.BuildController 105 lambda$deactivateButtons$0 - Case not covered!
2017-02-13 08:54:59.924 INFO  view.client.build.BuildController 105 lambda$deactivateButtons$0 - Case not covered!
2017-02-13 08:54:59.941 INFO  view.client.build.BuildController 105 lambda$deactivateButtons$0 - Case not covered!
2017-02-13 08:55:00.045 INFO  view.client.Controller 1598 lambda$triggerFading$33 - Fade in Resources
2017-02-13 08:55:00.188 INFO  view.client.build.BuildController 105 lambda$deactivateButtons$0 - Case not covered!
2017-02-13 08:55:00.703 INFO  view.client.build.BuildController 105 lambda$deactivateButtons$0 - Case not covered!
2017-02-13 08:55:01.105 INFO  view.client.build.BuildController 105 lambda$deactivateButtons$0 - Case not covered!
2017-02-13 08:55:01.110 INFO  view.client.build.BuildController 105 lambda$deactivateButtons$0 - Case not covered!
2017-02-13 08:55:01.281 INFO  view.client.build.BuildController 105 lambda$deactivateButtons$0 - Case not covered!
2017-02-13 08:55:01.451 INFO  view.client.build.BuildController 105 lambda$deactivateButtons$0 - Case not covered!
2017-02-13 08:55:01.530 INFO  view.client.build.BuildController 105 lambda$deactivateButtons$0 - Case not covered!
2017-02-13 08:55:01.723 INFO  view.client.build.BuildController 105 lambda$deactivateButtons$0 - Case not covered!
2017-02-13 08:55:02.187 INFO  view.client.build.BuildController 105 lambda$deactivateButtons$0 - Case not covered!
2017-02-13 08:55:02.204 INFO  view.client.build.BuildController 105 lambda$deactivateButtons$0 - Case not covered!
2017-02-13 08:55:02.391 INFO  view.client.build.BuildController 105 lambda$deactivateButtons$0 - Case not covered!
2017-02-13 08:55:02.857 INFO  view.client.build.BuildController 105 lambda$deactivateButtons$0 - Case not covered!
2017-02-13 08:55:02.875 INFO  view.client.build.BuildController 105 lambda$deactivateButtons$0 - Case not covered!
2017-02-13 08:55:03.040 INFO  view.client.build.BuildController 105 lambda$deactivateButtons$0 - Case not covered!
2017-02-13 08:55:03.452 INFO  view.client.build.BuildController 105 lambda$deactivateButtons$0 - Case not covered!
2017-02-13 08:55:03.787 INFO  view.client.build.BuildController 105 lambda$deactivateButtons$0 - Case not covered!
2017-02-13 08:55:03.793 INFO  view.client.build.BuildController 105 lambda$deactivateButtons$0 - Case not covered!
2017-02-13 08:55:04.040 INFO  view.client.build.BuildController 105 lambda$deactivateButtons$0 - Case not covered!
2017-02-13 08:55:04.210 INFO  view.client.build.BuildController 105 lambda$deactivateButtons$0 - Case not covered!
2017-02-13 08:55:04.292 INFO  view.client.build.BuildController 105 lambda$deactivateButtons$0 - Case not covered!
2017-02-13 08:55:04.395 INFO  view.client.build.BuildController 105 lambda$deactivateButtons$0 - Case not covered!
2017-02-13 08:55:04.457 INFO  view.client.build.BuildController 105 lambda$deactivateButtons$0 - Case not covered!
2017-02-13 08:55:04.476 INFO  view.client.build.BuildController 105 lambda$deactivateButtons$0 - Case not covered!
2017-02-13 08:55:04.543 INFO  view.client.build.BuildController 105 lambda$deactivateButtons$0 - Case not covered!
2017-02-13 08:55:04.734 INFO  view.client.build.BuildController 105 lambda$deactivateButtons$0 - Case not covered!
2017-02-13 08:55:04.818 INFO  view.client.build.BuildController 105 lambda$deactivateButtons$0 - Case not covered!
2017-02-13 08:55:04.884 INFO  view.client.build.BuildController 105 lambda$deactivateButtons$0 - Case not covered!
2017-02-13 08:55:05.628 INFO  view.client.CanvasBoard 824 lambda$setRobber$8 - Robber is drawn at new position: 18
2017-02-13 08:55:05.638 INFO  view.client.build.BuildController 105 lambda$deactivateButtons$0 - Case not covered!
2017-02-13 08:55:06.119 INFO  view.client.build.BuildController 105 lambda$deactivateButtons$0 - Case not covered!
2017-02-13 08:55:06.139 INFO  view.client.build.BuildController 105 lambda$deactivateButtons$0 - Case not covered!
2017-02-13 08:55:06.235 INFO  view.client.build.BuildController 105 lambda$deactivateButtons$0 - Case not covered!
2017-02-13 08:55:06.298 INFO  view.client.build.BuildController 105 lambda$deactivateButtons$0 - Case not covered!
2017-02-13 08:55:06.319 INFO  view.client.build.BuildController 105 lambda$deactivateButtons$0 - Case not covered!
2017-02-13 08:55:06.382 INFO  view.client.build.BuildController 105 lambda$deactivateButtons$0 - Case not covered!
2017-02-13 08:55:06.557 INFO  view.client.build.BuildController 105 lambda$deactivateButtons$0 - Case not covered!
2017-02-13 08:55:06.623 INFO  view.client.build.BuildController 105 lambda$deactivateButtons$0 - Case not covered!
2017-02-13 08:55:07.126 INFO  view.client.CanvasBoard 824 lambda$setRobber$8 - Robber is drawn at new position: 25
2017-02-13 08:55:07.139 INFO  view.client.build.BuildController 105 lambda$deactivateButtons$0 - Case not covered!
2017-02-13 08:55:07.619 INFO  view.client.build.BuildController 105 lambda$deactivateButtons$0 - Case not covered!
2017-02-13 08:55:07.638 INFO  view.client.build.BuildController 105 lambda$deactivateButtons$0 - Case not covered!
2017-02-13 08:55:07.801 INFO  view.client.Controller 1598 lambda$triggerFading$33 - Fade in Resources
2017-02-13 08:55:07.882 INFO  view.client.build.BuildController 105 lambda$deactivateButtons$0 - Case not covered!
2017-02-13 08:55:08.373 INFO  view.client.build.BuildController 105 lambda$deactivateButtons$0 - Case not covered!
2017-02-13 08:55:08.705 INFO  view.client.build.BuildController 105 lambda$deactivateButtons$0 - Case not covered!
2017-02-13 08:55:08.709 INFO  view.client.build.BuildController 105 lambda$deactivateButtons$0 - Case not covered!
2017-02-13 08:55:08.880 INFO  view.client.Controller 1598 lambda$triggerFading$33 - Fade in Resources
2017-02-13 08:55:08.967 INFO  view.client.build.BuildController 105 lambda$deactivateButtons$0 - Case not covered!
2017-02-13 08:55:09.142 INFO  view.client.build.BuildController 105 lambda$deactivateButtons$0 - Case not covered!
2017-02-13 08:55:09.226 INFO  view.client.build.BuildController 105 lambda$deactivateButtons$0 - Case not covered!
2017-02-13 08:55:09.457 INFO  view.client.Controller 1598 lambda$triggerFading$33 - Fade in Resources
2017-02-13 08:55:09.543 INFO  view.client.build.BuildController 105 lambda$deactivateButtons$0 - Case not covered!
2017-02-13 08:55:10.063 INFO  view.client.build.BuildController 105 lambda$deactivateButtons$0 - Case not covered!
2017-02-13 08:55:10.492 INFO  view.client.build.BuildController 105 lambda$deactivateButtons$0 - Case not covered!
2017-02-13 08:55:10.576 INFO  view.client.build.BuildController 105 lambda$deactivateButtons$0 - Case not covered!
2017-02-13 08:55:10.905 INFO  view.client.build.BuildController 105 lambda$deactivateButtons$0 - Case not covered!
2017-02-13 08:55:10.922 INFO  view.client.build.BuildController 105 lambda$deactivateButtons$0 - Case not covered!
2017-02-13 08:55:11.105 INFO  view.client.build.BuildController 105 lambda$deactivateButtons$0 - Case not covered!
2017-02-13 08:55:11.572 INFO  view.client.build.BuildController 105 lambda$deactivateButtons$0 - Case not covered!
2017-02-13 08:55:11.589 INFO  view.client.build.BuildController 105 lambda$deactivateButtons$0 - Case not covered!
2017-02-13 08:55:11.692 INFO  view.client.Controller 1598 lambda$triggerFading$33 - Fade in Resources
2017-02-13 08:55:11.835 INFO  view.client.build.BuildController 105 lambda$deactivateButtons$0 - Case not covered!
2017-02-13 08:55:12.226 INFO  view.client.Controller 1598 lambda$triggerFading$33 - Fade in Resources
2017-02-13 08:55:12.314 INFO  view.client.CanvasBoard 824 lambda$setRobber$8 - Robber is drawn at new position: 11
2017-02-13 08:55:12.340 INFO  view.client.build.BuildController 105 lambda$deactivateButtons$0 - Case not covered!
2017-02-13 08:55:12.391 INFO  view.client.build.BuildController 105 lambda$deactivateButtons$0 - Case not covered!
2017-02-13 08:55:12.425 INFO  view.client.build.BuildController 105 lambda$deactivateButtons$0 - Case not covered!
2017-02-13 08:55:12.639 INFO  view.client.build.BuildController 105 lambda$deactivateButtons$0 - Case not covered!
2017-02-13 08:55:12.825 INFO  view.client.Controller 1598 lambda$triggerFading$33 - Fade in Resources
2017-02-13 08:55:12.906 INFO  view.client.build.BuildController 105 lambda$deactivateButtons$0 - Case not covered!
2017-02-13 08:55:13.076 INFO  view.client.build.BuildController 105 lambda$deactivateButtons$0 - Case not covered!
2017-02-13 08:55:13.158 INFO  view.client.build.BuildController 105 lambda$deactivateButtons$0 - Case not covered!
2017-02-13 08:55:13.770 INFO  view.client.Controller 1598 lambda$triggerFading$33 - Fade in Resources
2017-02-13 08:55:13.912 INFO  view.client.build.BuildController 105 lambda$deactivateButtons$0 - Case not covered!
2017-02-13 08:55:14.406 INFO  view.client.build.BuildController 105 lambda$deactivateButtons$0 - Case not covered!
2017-02-13 08:55:14.423 INFO  view.client.build.BuildController 105 lambda$deactivateButtons$0 - Case not covered!
2017-02-13 08:55:14.582 INFO  view.client.build.BuildController 105 lambda$deactivateButtons$0 - Case not covered!
2017-02-13 08:55:14.994 INFO  view.client.build.BuildController 105 lambda$deactivateButtons$0 - Case not covered!
2017-02-13 08:55:15.011 INFO  view.client.build.BuildController 105 lambda$deactivateButtons$0 - Case not covered!
2017-02-13 08:55:15.108 INFO  view.client.build.BuildController 105 lambda$deactivateButtons$0 - Case not covered!
2017-02-13 08:55:15.176 INFO  view.client.build.BuildController 105 lambda$deactivateButtons$0 - Case not covered!
2017-02-13 08:55:15.194 INFO  view.client.build.BuildController 105 lambda$deactivateButtons$0 - Case not covered!
2017-02-13 08:55:15.260 INFO  view.client.build.BuildController 105 lambda$deactivateButtons$0 - Case not covered!
2017-02-13 08:55:15.345 INFO  view.client.Controller 1598 lambda$triggerFading$33 - Fade in Resources
2017-02-13 08:55:15.429 INFO  view.client.build.BuildController 105 lambda$deactivateButtons$0 - Case not covered!
2017-02-13 08:55:15.535 INFO  view.client.build.BuildController 105 lambda$deactivateButtons$0 - Case not covered!
2017-02-13 08:55:15.618 INFO  view.client.build.BuildController 105 lambda$deactivateButtons$0 - Case not covered!
2017-02-13 08:55:15.672 INFO  view.client.build.BuildController 105 lambda$deactivateButtons$0 - Case not covered!
2017-02-13 08:55:16.509 INFO  view.client.CanvasBoard 824 lambda$setRobber$8 - Robber is drawn at new position: 18
2017-02-13 08:55:16.522 INFO  view.client.build.BuildController 105 lambda$deactivateButtons$0 - Case not covered!
2017-02-13 08:55:17.007 INFO  view.client.build.BuildController 105 lambda$deactivateButtons$0 - Case not covered!
2017-02-13 08:55:17.340 INFO  view.client.build.BuildController 105 lambda$deactivateButtons$0 - Case not covered!
2017-02-13 08:55:17.344 INFO  view.client.build.BuildController 105 lambda$deactivateButtons$0 - Case not covered!
2017-02-13 08:55:17.589 INFO  view.client.build.BuildController 105 lambda$deactivateButtons$0 - Case not covered!
2017-02-13 08:55:17.761 INFO  view.client.build.BuildController 105 lambda$deactivateButtons$0 - Case not covered!
2017-02-13 08:55:17.843 INFO  view.client.build.BuildController 105 lambda$deactivateButtons$0 - Case not covered!
2017-02-13 08:55:18.005 INFO  view.client.Controller 1598 lambda$triggerFading$33 - Fade in Resources
2017-02-13 08:55:18.112 INFO  view.client.build.BuildController 105 lambda$deactivateButtons$0 - Case not covered!
2017-02-13 08:55:18.670 INFO  view.client.build.BuildController 105 lambda$deactivateButtons$0 - Case not covered!
2017-02-13 08:55:18.687 INFO  view.client.build.BuildController 105 lambda$deactivateButtons$0 - Case not covered!
2017-02-13 08:55:18.875 INFO  view.client.build.BuildController 105 lambda$deactivateButtons$0 - Case not covered!
2017-02-13 08:55:19.348 INFO  view.client.build.BuildController 105 lambda$deactivateButtons$0 - Case not covered!
2017-02-13 08:55:19.683 INFO  view.client.build.BuildController 105 lambda$deactivateButtons$0 - Case not covered!
2017-02-13 08:55:19.700 INFO  view.client.build.BuildController 105 lambda$deactivateButtons$0 - Case not covered!
2017-02-13 08:55:19.860 INFO  view.client.Controller 1598 lambda$triggerFading$33 - Fade in Resources
2017-02-13 08:55:19.943 INFO  view.client.build.BuildController 105 lambda$deactivateButtons$0 - Case not covered!
2017-02-13 08:55:20.371 INFO  view.client.Controller 1598 lambda$triggerFading$33 - Fade in Resources
2017-02-13 08:55:20.446 INFO  view.client.build.BuildController 105 lambda$deactivateButtons$0 - Case not covered!
2017-02-13 08:55:20.456 INFO  view.client.build.BuildController 105 lambda$deactivateButtons$0 - Case not covered!
2017-02-13 08:55:20.531 INFO  view.client.build.BuildController 105 lambda$deactivateButtons$0 - Case not covered!
2017-02-13 08:55:20.696 INFO  view.client.build.BuildController 105 lambda$deactivateButtons$0 - Case not covered!
2017-02-13 08:55:20.867 INFO  view.client.build.BuildController 105 lambda$deactivateButtons$0 - Case not covered!
2017-02-13 08:55:20.949 INFO  view.client.build.BuildController 105 lambda$deactivateButtons$0 - Case not covered!
2017-02-13 08:55:21.153 INFO  view.client.Controller 1598 lambda$triggerFading$33 - Fade in Resources
2017-02-13 08:55:21.284 INFO  view.client.build.BuildController 105 lambda$deactivateButtons$0 - Case not covered!
2017-02-13 08:55:21.774 INFO  view.client.build.BuildController 105 lambda$deactivateButtons$0 - Case not covered!
2017-02-13 08:55:22.104 INFO  view.client.build.BuildController 105 lambda$deactivateButtons$0 - Case not covered!
2017-02-13 08:55:22.121 INFO  view.client.build.BuildController 105 lambda$deactivateButtons$0 - Case not covered!
2017-02-13 08:55:22.282 INFO  view.client.Controller 1598 lambda$triggerFading$33 - Fade in Resources
2017-02-13 08:55:22.367 INFO  view.client.build.BuildController 105 lambda$deactivateButtons$0 - Case not covered!
2017-02-13 08:55:22.792 INFO  view.client.build.BuildController 105 lambda$deactivateButtons$0 - Case not covered!
2017-02-13 08:55:22.855 INFO  view.client.build.BuildController 105 lambda$deactivateButtons$0 - Case not covered!
2017-02-13 08:55:22.873 INFO  view.client.build.BuildController 105 lambda$deactivateButtons$0 - Case not covered!
2017-02-13 08:55:23.457 INFO  view.client.build.BuildController 105 lambda$deactivateButtons$0 - Case not covered!
2017-02-13 08:55:23.873 INFO  view.client.build.BuildController 105 lambda$deactivateButtons$0 - Case not covered!
2017-02-13 08:55:24.204 INFO  view.client.build.BuildController 105 lambda$deactivateButtons$0 - Case not covered!
2017-02-13 08:55:24.209 INFO  view.client.build.BuildController 105 lambda$deactivateButtons$0 - Case not covered!
2017-02-13 08:55:24.375 INFO  view.client.Controller 1598 lambda$triggerFading$33 - Fade in Resources
2017-02-13 08:55:24.458 INFO  view.client.build.BuildController 105 lambda$deactivateButtons$0 - Case not covered!
2017-02-13 08:55:24.544 INFO  view.client.Controller 1724 lambda$devCardAnimation$35 - activate animation
2017-02-13 08:55:24.622 INFO  view.client.Controller 1598 lambda$triggerFading$33 - Fade in Resources
2017-02-13 08:55:24.623 INFO  view.client.build.BuildController 105 lambda$deactivateButtons$0 - Case not covered!
2017-02-13 08:55:24.792 INFO  view.client.build.BuildController 105 lambda$deactivateButtons$0 - Case not covered!
2017-02-13 08:55:24.872 INFO  view.client.build.BuildController 105 lambda$deactivateButtons$0 - Case not covered!
2017-02-13 08:55:25.147 INFO  view.client.build.BuildController 105 lambda$deactivateButtons$0 - Case not covered!
2017-02-13 08:55:25.209 INFO  view.client.build.BuildController 105 lambda$deactivateButtons$0 - Case not covered!
2017-02-13 08:55:25.233 INFO  view.client.build.BuildController 105 lambda$deactivateButtons$0 - Case not covered!
2017-02-13 08:55:25.293 INFO  view.client.build.BuildController 105 lambda$deactivateButtons$0 - Case not covered!
2017-02-13 08:55:25.383 INFO  view.client.Controller 1598 lambda$triggerFading$33 - Fade in Resources
2017-02-13 08:55:25.465 INFO  view.client.build.BuildController 105 lambda$deactivateButtons$0 - Case not covered!
2017-02-13 08:55:25.656 INFO  view.client.build.BuildController 105 lambda$deactivateButtons$0 - Case not covered!
2017-02-13 08:55:25.714 INFO  view.client.build.BuildController 105 lambda$deactivateButtons$0 - Case not covered!
2017-02-13 08:55:26.213 INFO  view.client.CanvasBoard 824 lambda$setRobber$8 - Robber is drawn at new position: 25
2017-02-13 08:55:26.222 INFO  view.client.build.BuildController 105 lambda$deactivateButtons$0 - Case not covered!
2017-02-13 08:55:26.707 INFO  view.client.build.BuildController 105 lambda$deactivateButtons$0 - Case not covered!
2017-02-13 08:55:27.036 INFO  view.client.build.BuildController 105 lambda$deactivateButtons$0 - Case not covered!
2017-02-13 08:55:27.053 INFO  view.client.build.BuildController 105 lambda$deactivateButtons$0 - Case not covered!
2017-02-13 08:55:27.216 INFO  view.client.Controller 1598 lambda$triggerFading$33 - Fade in Resources
2017-02-13 08:55:27.323 INFO  view.client.build.BuildController 105 lambda$deactivateButtons$0 - Case not covered!
2017-02-13 08:55:27.883 INFO  view.client.build.BuildController 105 lambda$deactivateButtons$0 - Case not covered!
2017-02-13 08:55:28.050 INFO  view.client.Controller 1845 lambda$clearAnimation$39 - 
Cleared Animation
2017-02-13 08:55:28.220 INFO  view.client.build.BuildController 105 lambda$deactivateButtons$0 - Case not covered!
2017-02-13 08:55:28.238 INFO  view.client.build.BuildController 105 lambda$deactivateButtons$0 - Case not covered!
2017-02-13 08:55:28.336 INFO  view.client.build.BuildController 105 lambda$deactivateButtons$0 - Case not covered!
2017-02-13 08:55:28.401 INFO  view.client.build.BuildController 105 lambda$deactivateButtons$0 - Case not covered!
2017-02-13 08:55:28.422 INFO  view.client.build.BuildController 105 lambda$deactivateButtons$0 - Case not covered!
2017-02-13 08:55:28.488 INFO  view.client.build.BuildController 105 lambda$deactivateButtons$0 - Case not covered!
2017-02-13 08:55:28.507 INFO  view.client.build.BuildController 105 lambda$deactivateButtons$0 - Case not covered!
2017-02-13 08:55:29.065 INFO  view.client.CanvasBoard 824 lambda$setRobber$8 - Robber is drawn at new position: 11
2017-02-13 08:55:29.076 INFO  view.client.build.BuildController 105 lambda$deactivateButtons$0 - Case not covered!
2017-02-13 08:55:29.582 INFO  view.client.build.BuildController 105 lambda$deactivateButtons$0 - Case not covered!
2017-02-13 08:55:29.996 INFO  view.client.CanvasBoard 824 lambda$setRobber$8 - Robber is drawn at new position: 17
2017-02-13 08:55:30.074 INFO  view.client.build.BuildController 105 lambda$deactivateButtons$0 - Case not covered!
2017-02-13 08:55:30.663 INFO  view.client.build.BuildController 105 lambda$deactivateButtons$0 - Case not covered!
2017-02-13 08:55:30.989 INFO  view.client.build.BuildController 105 lambda$deactivateButtons$0 - Case not covered!
2017-02-13 08:55:30.996 INFO  view.client.build.BuildController 105 lambda$deactivateButtons$0 - Case not covered!
2017-02-13 08:55:31.161 INFO  view.client.Controller 1598 lambda$triggerFading$33 - Fade in Resources
2017-02-13 08:55:31.323 INFO  view.client.build.BuildController 105 lambda$deactivateButtons$0 - Case not covered!
2017-02-13 08:55:31.579 INFO  view.client.Controller 1598 lambda$triggerFading$33 - Fade in Resources
2017-02-13 08:55:31.590 INFO  view.client.CanvasBoard 824 lambda$setRobber$8 - Robber is drawn at new position: 23
2017-02-13 08:55:31.662 INFO  view.client.build.BuildController 105 lambda$deactivateButtons$0 - Case not covered!
2017-02-13 08:55:31.836 INFO  view.client.build.BuildController 105 lambda$deactivateButtons$0 - Case not covered!
2017-02-13 08:55:31.915 INFO  view.client.build.BuildController 105 lambda$deactivateButtons$0 - Case not covered!
2017-02-13 08:55:32.105 INFO  view.client.Controller 1598 lambda$triggerFading$33 - Fade in Resources
2017-02-13 08:55:32.250 INFO  view.client.build.BuildController 105 lambda$deactivateButtons$0 - Case not covered!
2017-02-13 08:55:32.738 INFO  view.client.build.BuildController 105 lambda$deactivateButtons$0 - Case not covered!
2017-02-13 08:55:32.756 INFO  view.client.build.BuildController 105 lambda$deactivateButtons$0 - Case not covered!
2017-02-13 08:55:32.918 INFO  view.client.Controller 1598 lambda$triggerFading$33 - Fade in Resources
2017-02-13 08:55:33.008 INFO  view.client.build.BuildController 105 lambda$deactivateButtons$0 - Case not covered!
2017-02-13 08:55:33.513 INFO  view.client.build.BuildController 105 lambda$deactivateButtons$0 - Case not covered!
2017-02-13 08:55:33.823 INFO  view.client.Controller 1598 lambda$triggerFading$33 - Fade in Resources
2017-02-13 08:55:33.911 INFO  view.client.CanvasBoard 824 lambda$setRobber$8 - Robber is drawn at new position: 12
2017-02-13 08:55:33.938 INFO  view.client.build.BuildController 105 lambda$deactivateButtons$0 - Case not covered!
2017-02-13 08:55:33.989 INFO  view.client.build.BuildController 105 lambda$deactivateButtons$0 - Case not covered!
2017-02-13 08:55:34.022 INFO  view.client.build.BuildController 105 lambda$deactivateButtons$0 - Case not covered!
2017-02-13 08:55:34.344 INFO  view.client.Controller 1598 lambda$triggerFading$33 - Fade in Resources
2017-02-13 08:55:34.430 INFO  view.client.build.BuildController 105 lambda$deactivateButtons$0 - Case not covered!
2017-02-13 08:55:34.928 INFO  view.client.CanvasBoard 824 lambda$setRobber$8 - Robber is drawn at new position: 11
2017-02-13 08:55:34.939 INFO  view.client.build.BuildController 105 lambda$deactivateButtons$0 - Case not covered!
2017-02-13 08:55:35.006 INFO  view.client.build.BuildController 105 lambda$deactivateButtons$0 - Case not covered!
2017-02-13 08:55:35.023 INFO  view.client.build.BuildController 105 lambda$deactivateButtons$0 - Case not covered!
2017-02-13 08:55:35.255 INFO  view.client.build.BuildController 105 lambda$deactivateButtons$0 - Case not covered!
2017-02-13 08:55:35.444 INFO  view.client.Controller 1598 lambda$triggerFading$33 - Fade in Resources
2017-02-13 08:55:35.545 INFO  view.client.build.BuildController 105 lambda$deactivateButtons$0 - Case not covered!
2017-02-13 08:55:35.610 INFO  view.client.build.BuildController 105 lambda$deactivateButtons$0 - Case not covered!
2017-02-13 08:55:35.781 INFO  view.client.build.BuildController 105 lambda$deactivateButtons$0 - Case not covered!
2017-02-13 08:55:35.800 INFO  view.client.build.BuildController 105 lambda$deactivateButtons$0 - Case not covered!
2017-02-13 08:55:36.257 INFO  view.client.Controller 1598 lambda$triggerFading$33 - Fade in Resources
2017-02-13 08:55:36.339 INFO  view.client.build.BuildController 105 lambda$deactivateButtons$0 - Case not covered!
2017-02-13 08:55:36.859 INFO  view.client.build.BuildController 105 lambda$deactivateButtons$0 - Case not covered!
2017-02-13 08:55:37.273 INFO  view.client.build.BuildController 105 lambda$deactivateButtons$0 - Case not covered!
2017-02-13 08:55:37.290 INFO  view.client.build.BuildController 105 lambda$deactivateButtons$0 - Case not covered!
2017-02-13 08:55:37.468 INFO  view.client.Controller 1598 lambda$triggerFading$33 - Fade in Resources
2017-02-13 08:55:37.611 INFO  view.client.build.BuildController 105 lambda$deactivateButtons$0 - Case not covered!
2017-02-13 08:55:38.103 INFO  view.client.build.BuildController 105 lambda$deactivateButtons$0 - Case not covered!
2017-02-13 08:55:38.121 INFO  view.client.build.BuildController 105 lambda$deactivateButtons$0 - Case not covered!
2017-02-13 08:55:38.220 INFO  view.client.Controller 1598 lambda$triggerFading$33 - Fade in Resources
2017-02-13 08:55:38.358 INFO  view.client.build.BuildController 105 lambda$deactivateButtons$0 - Case not covered!
2017-02-13 08:55:38.862 INFO  view.client.build.BuildController 105 lambda$deactivateButtons$0 - Case not covered!
2017-02-13 08:55:38.867 INFO  view.client.build.BuildController 105 lambda$deactivateButtons$0 - Case not covered!
2017-02-13 08:55:39.033 INFO  view.client.build.BuildController 105 lambda$deactivateButtons$0 - Case not covered!
2017-02-13 08:55:39.033 INFO  view.client.build.BuildController 105 lambda$deactivateButtons$0 - Case not covered!
2017-02-13 08:55:39.118 INFO  view.client.build.BuildController 105 lambda$deactivateButtons$0 - Case not covered!
2017-02-13 08:55:39.119 INFO  view.client.build.BuildController 105 lambda$deactivateButtons$0 - Case not covered!
2017-02-13 08:55:39.204 INFO  view.client.Controller 1598 lambda$triggerFading$33 - Fade in Resources
2017-02-13 08:55:39.291 INFO  view.client.build.BuildController 105 lambda$deactivateButtons$0 - Case not covered!
2017-02-13 08:55:39.454 INFO  view.client.build.BuildController 105 lambda$deactivateButtons$0 - Case not covered!
2017-02-13 08:55:39.456 INFO  view.client.build.BuildController 105 lambda$deactivateButtons$0 - Case not covered!
2017-02-13 08:55:39.538 INFO  view.client.build.BuildController 105 lambda$deactivateButtons$0 - Case not covered!
2017-02-13 08:55:39.706 INFO  view.client.Controller 1598 lambda$triggerFading$33 - Fade in Resources
2017-02-13 08:55:39.797 INFO  view.client.CanvasBoard 824 lambda$setRobber$8 - Robber is drawn at new position: 17
2017-02-13 08:55:39.798 INFO  view.client.build.BuildController 105 lambda$deactivateButtons$0 - Case not covered!
2017-02-13 08:55:39.879 INFO  view.client.Controller 1724 lambda$devCardAnimation$35 - activate animation
2017-02-13 08:55:39.960 INFO  view.client.Controller 1598 lambda$triggerFading$33 - Fade in Resources
2017-02-13 08:55:39.961 INFO  view.client.build.BuildController 105 lambda$deactivateButtons$0 - Case not covered!
2017-02-13 08:55:40.148 INFO  view.client.build.BuildController 105 lambda$deactivateButtons$0 - Case not covered!
2017-02-13 08:55:40.218 INFO  view.client.build.BuildController 105 lambda$deactivateButtons$0 - Case not covered!
2017-02-13 08:55:40.551 INFO  view.client.Controller 1845 lambda$clearAnimation$39 - 
Cleared Animation
2017-02-13 08:55:40.714 INFO  view.client.build.BuildController 105 lambda$deactivateButtons$0 - Case not covered!
2017-02-13 08:55:40.783 INFO  view.client.build.BuildController 105 lambda$deactivateButtons$0 - Case not covered!
2017-02-13 08:55:40.799 INFO  view.client.build.BuildController 105 lambda$deactivateButtons$0 - Case not covered!
2017-02-13 08:55:40.867 INFO  view.client.build.BuildController 105 lambda$deactivateButtons$0 - Case not covered!
2017-02-13 08:55:40.884 INFO  view.client.build.BuildController 105 lambda$deactivateButtons$0 - Case not covered!
2017-02-13 08:55:41.340 INFO  view.client.Controller 1598 lambda$triggerFading$33 - Fade in Resources
2017-02-13 08:55:41.430 INFO  view.client.CanvasBoard 824 lambda$setRobber$8 - Robber is drawn at new position: 12
2017-02-13 08:55:41.457 INFO  view.client.build.BuildController 105 lambda$deactivateButtons$0 - Case not covered!
2017-02-13 08:55:41.936 INFO  view.client.build.BuildController 105 lambda$deactivateButtons$0 - Case not covered!
2017-02-13 08:55:41.953 INFO  view.client.build.BuildController 105 lambda$deactivateButtons$0 - Case not covered!
2017-02-13 08:55:42.055 INFO  view.client.Controller 1598 lambda$triggerFading$33 - Fade in Resources
2017-02-13 08:55:42.202 INFO  view.client.build.BuildController 105 lambda$deactivateButtons$0 - Case not covered!
2017-02-13 08:55:42.707 INFO  view.client.build.BuildController 105 lambda$deactivateButtons$0 - Case not covered!
2017-02-13 08:55:43.121 INFO  view.client.build.BuildController 105 lambda$deactivateButtons$0 - Case not covered!
2017-02-13 08:55:43.138 INFO  view.client.build.BuildController 105 lambda$deactivateButtons$0 - Case not covered!
2017-02-13 08:55:43.229 INFO  view.client.build.BuildController 105 lambda$deactivateButtons$0 - Case not covered!
2017-02-13 08:55:43.296 INFO  view.client.build.BuildController 105 lambda$deactivateButtons$0 - Case not covered!
2017-02-13 08:55:43.312 INFO  view.client.build.BuildController 105 lambda$deactivateButtons$0 - Case not covered!
2017-02-13 08:55:43.380 INFO  view.client.build.BuildController 105 lambda$deactivateButtons$0 - Case not covered!
2017-02-13 08:55:43.390 INFO  view.client.Controller 1845 lambda$clearAnimation$39 - 
Cleared Animation
2017-02-13 08:55:43.399 INFO  view.client.build.BuildController 105 lambda$deactivateButtons$0 - Case not covered!
2017-02-13 08:55:43.960 INFO  view.client.CanvasBoard 824 lambda$setRobber$8 - Robber is drawn at new position: 11
2017-02-13 08:55:43.967 INFO  view.client.build.BuildController 105 lambda$deactivateButtons$0 - Case not covered!
2017-02-13 08:55:44.456 INFO  view.client.build.BuildController 105 lambda$deactivateButtons$0 - Case not covered!
2017-02-13 08:55:44.787 INFO  view.client.build.BuildController 105 lambda$deactivateButtons$0 - Case not covered!
2017-02-13 08:55:44.792 INFO  view.client.build.BuildController 105 lambda$deactivateButtons$0 - Case not covered!
2017-02-13 08:55:44.956 INFO  view.client.Controller 1598 lambda$triggerFading$33 - Fade in Resources
2017-02-13 08:55:45.039 INFO  view.client.build.BuildController 105 lambda$deactivateButtons$0 - Case not covered!
2017-02-13 08:55:45.379 INFO  view.client.build.BuildController 105 lambda$deactivateButtons$0 - Case not covered!
2017-02-13 08:55:45.575 INFO  view.client.Controller 1598 lambda$triggerFading$33 - Fade in Resources
2017-02-13 08:55:45.652 INFO  view.client.build.BuildController 105 lambda$deactivateButtons$0 - Case not covered!
2017-02-13 08:55:45.834 INFO  view.client.build.BuildController 105 lambda$deactivateButtons$0 - Case not covered!
2017-02-13 08:55:45.905 INFO  view.client.build.BuildController 105 lambda$deactivateButtons$0 - Case not covered!
2017-02-13 08:55:46.156 INFO  view.client.build.BuildController 105 lambda$deactivateButtons$0 - Case not covered!
2017-02-13 08:55:46.622 INFO  view.client.build.BuildController 105 lambda$deactivateButtons$0 - Case not covered!
2017-02-13 08:55:46.639 INFO  view.client.build.BuildController 105 lambda$deactivateButtons$0 - Case not covered!
2017-02-13 08:55:46.827 INFO  view.client.build.BuildController 105 lambda$deactivateButtons$0 - Case not covered!
2017-02-13 08:55:47.298 INFO  view.client.build.BuildController 105 lambda$deactivateButtons$0 - Case not covered!
2017-02-13 08:55:47.627 INFO  view.client.build.BuildController 105 lambda$deactivateButtons$0 - Case not covered!
2017-02-13 08:55:47.644 INFO  view.client.build.BuildController 105 lambda$deactivateButtons$0 - Case not covered!
2017-02-13 08:55:47.807 INFO  view.client.build.BuildController 105 lambda$deactivateButtons$0 - Case not covered!
2017-02-13 08:55:48.221 INFO  view.client.build.BuildController 105 lambda$deactivateButtons$0 - Case not covered!
2017-02-13 08:55:48.225 INFO  view.client.build.BuildController 105 lambda$deactivateButtons$0 - Case not covered!
2017-02-13 08:55:48.396 INFO  view.client.Controller 1598 lambda$triggerFading$33 - Fade in Resources
2017-02-13 08:55:48.478 INFO  view.client.build.BuildController 105 lambda$deactivateButtons$0 - Case not covered!
2017-02-13 08:55:48.653 INFO  view.client.build.BuildController 105 lambda$deactivateButtons$0 - Case not covered!
2017-02-13 08:55:48.738 INFO  view.client.build.BuildController 105 lambda$deactivateButtons$0 - Case not covered!
2017-02-13 08:55:48.995 INFO  view.client.build.BuildController 105 lambda$deactivateButtons$0 - Case not covered!
2017-02-13 08:55:49.489 INFO  view.client.build.BuildController 105 lambda$deactivateButtons$0 - Case not covered!
2017-02-13 08:55:49.905 INFO  view.client.build.BuildController 105 lambda$deactivateButtons$0 - Case not covered!
2017-02-13 08:55:49.922 INFO  view.client.build.BuildController 105 lambda$deactivateButtons$0 - Case not covered!
2017-02-13 08:55:50.024 INFO  view.client.Controller 1598 lambda$triggerFading$33 - Fade in Resources
2017-02-13 08:55:50.166 INFO  view.client.build.BuildController 105 lambda$deactivateButtons$0 - Case not covered!
2017-02-13 08:55:50.668 INFO  view.client.CanvasBoard 824 lambda$setRobber$8 - Robber is drawn at new position: 6
2017-02-13 08:55:50.679 INFO  view.client.build.BuildController 105 lambda$deactivateButtons$0 - Case not covered!
2017-02-13 08:55:50.746 INFO  view.client.build.BuildController 105 lambda$deactivateButtons$0 - Case not covered!
2017-02-13 08:55:50.765 INFO  view.client.build.BuildController 105 lambda$deactivateButtons$0 - Case not covered!
2017-02-13 08:55:51.087 INFO  view.client.Controller 1598 lambda$triggerFading$33 - Fade in Resources
2017-02-13 08:55:51.173 INFO  view.client.build.BuildController 105 lambda$deactivateButtons$0 - Case not covered!
2017-02-13 08:55:51.671 INFO  view.client.build.BuildController 105 lambda$deactivateButtons$0 - Case not covered!
2017-02-13 08:55:51.675 INFO  view.client.build.BuildController 105 lambda$deactivateButtons$0 - Case not covered!
2017-02-13 08:55:51.923 INFO  view.client.build.BuildController 105 lambda$deactivateButtons$0 - Case not covered!
2017-02-13 08:55:52.107 INFO  view.client.Controller 1598 lambda$triggerFading$33 - Fade in Resources
2017-02-13 08:55:52.193 INFO  view.client.build.BuildController 105 lambda$deactivateButtons$0 - Case not covered!
2017-02-13 08:55:52.365 INFO  view.client.build.BuildController 105 lambda$deactivateButtons$0 - Case not covered!
2017-02-13 08:55:52.443 INFO  view.client.build.BuildController 105 lambda$deactivateButtons$0 - Case not covered!
2017-02-13 08:55:52.598 INFO  view.client.build.BuildController 105 lambda$deactivateButtons$0 - Case not covered!
2017-02-13 08:55:53.004 INFO  view.client.build.BuildController 105 lambda$deactivateButtons$0 - Case not covered!
2017-02-13 08:55:53.021 INFO  view.client.build.BuildController 105 lambda$deactivateButtons$0 - Case not covered!
2017-02-13 08:55:53.357 INFO  view.client.Controller 1598 lambda$triggerFading$33 - Fade in Resources
2017-02-13 08:55:53.440 INFO  view.client.build.BuildController 105 lambda$deactivateButtons$0 - Case not covered!
2017-02-13 08:55:53.962 INFO  view.client.build.BuildController 105 lambda$deactivateButtons$0 - Case not covered!
2017-02-13 08:55:54.372 INFO  view.client.build.BuildController 105 lambda$deactivateButtons$0 - Case not covered!
2017-02-13 08:55:54.389 INFO  view.client.build.BuildController 105 lambda$deactivateButtons$0 - Case not covered!
2017-02-13 08:55:54.546 INFO  view.client.Controller 1598 lambda$triggerFading$33 - Fade in Resources
2017-02-13 08:55:54.631 INFO  view.client.build.BuildController 105 lambda$deactivateButtons$0 - Case not covered!
2017-02-13 08:55:55.126 INFO  view.client.build.BuildController 105 lambda$deactivateButtons$0 - Case not covered!
2017-02-13 08:55:55.131 INFO  view.client.build.BuildController 105 lambda$deactivateButtons$0 - Case not covered!
2017-02-13 08:55:55.378 INFO  view.client.build.BuildController 105 lambda$deactivateButtons$0 - Case not covered!
2017-02-13 08:55:55.569 INFO  view.client.Controller 1598 lambda$triggerFading$33 - Fade in Resources
2017-02-13 08:55:55.677 INFO  view.client.build.BuildController 105 lambda$deactivateButtons$0 - Case not covered!
2017-02-13 08:55:55.851 INFO  view.client.build.BuildController 105 lambda$deactivateButtons$0 - Case not covered!
2017-02-13 08:55:55.933 INFO  view.client.build.BuildController 105 lambda$deactivateButtons$0 - Case not covered!
2017-02-13 08:55:56.104 INFO  view.client.build.BuildController 105 lambda$deactivateButtons$0 - Case not covered!
2017-02-13 08:55:56.569 INFO  view.client.build.BuildController 105 lambda$deactivateButtons$0 - Case not covered!
2017-02-13 08:55:56.976 INFO  view.client.build.BuildController 105 lambda$deactivateButtons$0 - Case not covered!
2017-02-13 08:55:56.992 INFO  view.client.build.BuildController 105 lambda$deactivateButtons$0 - Case not covered!
2017-02-13 08:55:57.099 INFO  view.client.Controller 1598 lambda$triggerFading$33 - Fade in Resources
2017-02-13 08:55:57.239 INFO  view.client.build.BuildController 105 lambda$deactivateButtons$0 - Case not covered!
2017-02-13 08:55:57.770 INFO  view.client.build.BuildController 105 lambda$deactivateButtons$0 - Case not covered!
2017-02-13 08:55:58.170 INFO  view.client.build.BuildController 105 lambda$deactivateButtons$0 - Case not covered!
2017-02-13 08:55:58.188 INFO  view.client.build.BuildController 105 lambda$deactivateButtons$0 - Case not covered!
2017-02-13 08:55:58.344 INFO  view.client.Controller 1598 lambda$triggerFading$33 - Fade in Resources
2017-02-13 08:55:58.431 INFO  view.client.build.BuildController 105 lambda$deactivateButtons$0 - Case not covered!
2017-02-13 08:55:58.919 INFO  view.client.build.BuildController 105 lambda$deactivateButtons$0 - Case not covered!
2017-02-13 08:55:58.924 INFO  view.client.build.BuildController 105 lambda$deactivateButtons$0 - Case not covered!
2017-02-13 08:55:59.173 INFO  view.client.build.BuildController 105 lambda$deactivateButtons$0 - Case not covered!
2017-02-13 08:55:59.364 INFO  view.client.Controller 1598 lambda$triggerFading$33 - Fade in Resources
2017-02-13 08:55:59.446 INFO  view.client.build.BuildController 105 lambda$deactivateButtons$0 - Case not covered!
2017-02-13 08:55:59.617 INFO  view.client.build.BuildController 105 lambda$deactivateButtons$0 - Case not covered!
2017-02-13 08:55:59.696 INFO  view.client.build.BuildController 105 lambda$deactivateButtons$0 - Case not covered!
2017-02-13 08:55:59.851 INFO  view.client.Controller 1598 lambda$triggerFading$33 - Fade in Resources
2017-02-13 08:55:59.977 INFO  view.client.build.BuildController 105 lambda$deactivateButtons$0 - Case not covered!
2017-02-13 08:56:00.511 INFO  view.client.build.BuildController 105 lambda$deactivateButtons$0 - Case not covered!
2017-02-13 08:56:00.838 INFO  view.client.build.BuildController 105 lambda$deactivateButtons$0 - Case not covered!
2017-02-13 08:56:00.855 INFO  view.client.build.BuildController 105 lambda$deactivateButtons$0 - Case not covered!
2017-02-13 08:56:01.018 INFO  view.client.build.BuildController 105 lambda$deactivateButtons$0 - Case not covered!
2017-02-13 08:56:01.463 INFO  view.client.build.BuildController 105 lambda$deactivateButtons$0 - Case not covered!
2017-02-13 08:56:01.873 INFO  view.client.build.BuildController 105 lambda$deactivateButtons$0 - Case not covered!
2017-02-13 08:56:02.202 INFO  view.client.build.BuildController 105 lambda$deactivateButtons$0 - Case not covered!
2017-02-13 08:56:02.219 INFO  view.client.build.BuildController 105 lambda$deactivateButtons$0 - Case not covered!
2017-02-13 08:56:02.317 INFO  view.client.build.BuildController 105 lambda$deactivateButtons$0 - Case not covered!
2017-02-13 08:56:02.380 INFO  view.client.build.BuildController 105 lambda$deactivateButtons$0 - Case not covered!
2017-02-13 08:56:02.401 INFO  view.client.build.BuildController 105 lambda$deactivateButtons$0 - Case not covered!
2017-02-13 08:56:02.465 INFO  view.client.build.BuildController 105 lambda$deactivateButtons$0 - Case not covered!
2017-02-13 08:56:02.628 INFO  view.client.Controller 1598 lambda$triggerFading$33 - Fade in Resources
2017-02-13 08:56:02.636 INFO  view.client.build.BuildController 105 lambda$deactivateButtons$0 - Case not covered!
2017-02-13 08:56:02.728 INFO  view.client.build.BuildController 105 lambda$deactivateButtons$0 - Case not covered!
2017-02-13 08:56:02.805 INFO  view.client.build.BuildController 105 lambda$deactivateButtons$0 - Case not covered!
2017-02-13 08:56:02.889 INFO  view.client.build.BuildController 105 lambda$deactivateButtons$0 - Case not covered!
2017-02-13 08:56:02.965 INFO  view.client.build.BuildController 105 lambda$deactivateButtons$0 - Case not covered!
2017-02-13 08:56:03.879 INFO  view.client.CanvasBoard 824 lambda$setRobber$8 - Robber is drawn at new position: 11
2017-02-13 08:56:03.890 INFO  view.client.build.BuildController 105 lambda$deactivateButtons$0 - Case not covered!
2017-02-13 08:56:04.375 INFO  view.client.build.BuildController 105 lambda$deactivateButtons$0 - Case not covered!
2017-02-13 08:56:04.703 INFO  view.client.build.BuildController 105 lambda$deactivateButtons$0 - Case not covered!
2017-02-13 08:56:04.707 INFO  view.client.build.BuildController 105 lambda$deactivateButtons$0 - Case not covered!
2017-02-13 08:56:04.872 INFO  view.client.Controller 1598 lambda$triggerFading$33 - Fade in Resources
2017-02-13 08:56:04.958 INFO  view.client.build.BuildController 105 lambda$deactivateButtons$0 - Case not covered!
2017-02-13 08:56:05.154 INFO  view.client.Controller 1598 lambda$triggerFading$33 - Fade in Resources
2017-02-13 08:56:05.233 INFO  view.client.build.BuildController 105 lambda$deactivateButtons$0 - Case not covered!
2017-02-13 08:56:05.407 INFO  view.client.build.BuildController 105 lambda$deactivateButtons$0 - Case not covered!
2017-02-13 08:56:05.490 INFO  view.client.build.BuildController 105 lambda$deactivateButtons$0 - Case not covered!
2017-02-13 08:56:05.742 INFO  view.client.build.BuildController 105 lambda$deactivateButtons$0 - Case not covered!
2017-02-13 08:56:06.206 INFO  view.client.build.BuildController 105 lambda$deactivateButtons$0 - Case not covered!
2017-02-13 08:56:06.228 INFO  view.client.build.BuildController 105 lambda$deactivateButtons$0 - Case not covered!
2017-02-13 08:56:06.290 INFO  view.client.build.BuildController 105 lambda$deactivateButtons$0 - Case not covered!
2017-02-13 08:56:06.493 INFO  view.client.Controller 1598 lambda$triggerFading$33 - Fade in Resources
2017-02-13 08:56:06.639 INFO  view.client.build.BuildController 105 lambda$deactivateButtons$0 - Case not covered!
2017-02-13 08:56:07.163 INFO  view.client.build.BuildController 105 lambda$deactivateButtons$0 - Case not covered!
2017-02-13 08:56:07.472 INFO  view.client.Controller 1598 lambda$triggerFading$33 - Fade in Resources
2017-02-13 08:56:07.563 INFO  view.client.CanvasBoard 824 lambda$setRobber$8 - Robber is drawn at new position: 12
2017-02-13 08:56:07.587 INFO  view.client.build.BuildController 105 lambda$deactivateButtons$0 - Case not covered!
2017-02-13 08:56:07.639 INFO  view.client.build.BuildController 105 lambda$deactivateButtons$0 - Case not covered!
2017-02-13 08:56:07.671 INFO  view.client.build.BuildController 105 lambda$deactivateButtons$0 - Case not covered!
2017-02-13 08:56:07.991 INFO  view.client.Controller 1598 lambda$triggerFading$33 - Fade in Resources
2017-02-13 08:56:08.074 INFO  view.client.build.BuildController 105 lambda$deactivateButtons$0 - Case not covered!
2017-02-13 08:56:08.575 INFO  view.client.CanvasBoard 824 lambda$setRobber$8 - Robber is drawn at new position: 11
2017-02-13 08:56:08.587 INFO  view.client.build.BuildController 105 lambda$deactivateButtons$0 - Case not covered!
2017-02-13 08:56:08.654 INFO  view.client.build.BuildController 105 lambda$deactivateButtons$0 - Case not covered!
2017-02-13 08:56:08.671 INFO  view.client.build.BuildController 105 lambda$deactivateButtons$0 - Case not covered!
2017-02-13 08:56:08.821 INFO  view.client.build.BuildController 105 lambda$deactivateButtons$0 - Case not covered!
2017-02-13 08:56:08.843 INFO  view.client.build.BuildController 105 lambda$deactivateButtons$0 - Case not covered!
2017-02-13 08:56:08.906 INFO  view.client.build.BuildController 105 lambda$deactivateButtons$0 - Case not covered!
2017-02-13 08:56:08.926 INFO  view.client.build.BuildController 105 lambda$deactivateButtons$0 - Case not covered!
2017-02-13 08:56:09.241 INFO  view.client.build.BuildController 105 lambda$deactivateButtons$0 - Case not covered!
2017-02-13 08:56:09.783 INFO  view.client.build.BuildController 105 lambda$deactivateButtons$0 - Case not covered!
2017-02-13 08:56:09.845 INFO  view.client.build.BuildController 105 lambda$deactivateButtons$0 - Case not covered!
2017-02-13 08:56:10.013 INFO  view.client.Controller 1598 lambda$triggerFading$33 - Fade in Resources
2017-02-13 08:56:10.101 INFO  view.client.CanvasBoard 824 lambda$setRobber$8 - Robber is drawn at new position: 17
2017-02-13 08:56:10.104 INFO  view.client.build.BuildController 105 lambda$deactivateButtons$0 - Case not covered!
2017-02-13 08:56:10.286 INFO  view.client.Controller 1598 lambda$triggerFading$33 - Fade in Resources
2017-02-13 08:56:10.363 INFO  view.client.build.BuildController 105 lambda$deactivateButtons$0 - Case not covered!
2017-02-13 08:56:10.533 INFO  view.client.build.BuildController 105 lambda$deactivateButtons$0 - Case not covered!
2017-02-13 08:56:10.613 INFO  view.client.build.BuildController 105 lambda$deactivateButtons$0 - Case not covered!
2017-02-13 08:56:10.813 INFO  view.client.Controller 1598 lambda$triggerFading$33 - Fade in Resources
2017-02-13 08:56:10.897 INFO  view.client.build.BuildController 105 lambda$deactivateButtons$0 - Case not covered!
2017-02-13 08:56:11.413 INFO  view.client.build.BuildController 105 lambda$deactivateButtons$0 - Case not covered!
2017-02-13 08:56:11.843 INFO  view.client.build.BuildController 105 lambda$deactivateButtons$0 - Case not covered!
2017-02-13 08:56:12.251 INFO  view.client.build.BuildController 105 lambda$deactivateButtons$0 - Case not covered!
2017-02-13 08:56:12.268 INFO  view.client.build.BuildController 105 lambda$deactivateButtons$0 - Case not covered!
2017-02-13 08:56:12.427 INFO  view.client.Controller 1598 lambda$triggerFading$33 - Fade in Resources
2017-02-13 08:56:12.513 INFO  view.client.build.BuildController 105 lambda$deactivateButtons$0 - Case not covered!
2017-02-13 08:56:13.021 INFO  view.client.build.BuildController 105 lambda$deactivateButtons$0 - Case not covered!
2017-02-13 08:56:13.354 INFO  view.client.build.BuildController 105 lambda$deactivateButtons$0 - Case not covered!
2017-02-13 08:56:13.371 INFO  view.client.build.BuildController 105 lambda$deactivateButtons$0 - Case not covered!
2017-02-13 08:56:13.528 INFO  view.client.Controller 1598 lambda$triggerFading$33 - Fade in Resources
2017-02-13 08:56:13.639 INFO  view.client.build.BuildController 105 lambda$deactivateButtons$0 - Case not covered!
2017-02-13 08:56:14.189 INFO  view.client.build.BuildController 105 lambda$deactivateButtons$0 - Case not covered!
2017-02-13 08:56:14.520 INFO  view.client.build.BuildController 105 lambda$deactivateButtons$0 - Case not covered!
2017-02-13 08:56:14.524 INFO  view.client.build.BuildController 105 lambda$deactivateButtons$0 - Case not covered!
2017-02-13 08:56:14.690 INFO  view.client.Controller 1598 lambda$triggerFading$33 - Fade in Resources
2017-02-13 08:56:14.773 INFO  view.client.build.BuildController 105 lambda$deactivateButtons$0 - Case not covered!
2017-02-13 08:56:14.962 INFO  view.client.Controller 1598 lambda$triggerFading$33 - Fade in Resources
2017-02-13 08:56:15.045 INFO  view.client.build.BuildController 105 lambda$deactivateButtons$0 - Case not covered!
2017-02-13 08:56:15.217 INFO  view.client.build.BuildController 105 lambda$deactivateButtons$0 - Case not covered!
2017-02-13 08:56:15.298 INFO  view.client.build.BuildController 105 lambda$deactivateButtons$0 - Case not covered!
2017-02-13 08:56:15.526 INFO  view.client.build.BuildController 105 lambda$deactivateButtons$0 - Case not covered!
2017-02-13 08:56:15.963 INFO  view.client.build.BuildController 105 lambda$deactivateButtons$0 - Case not covered!
2017-02-13 08:56:16.370 INFO  view.client.build.BuildController 105 lambda$deactivateButtons$0 - Case not covered!
2017-02-13 08:56:16.387 INFO  view.client.build.BuildController 105 lambda$deactivateButtons$0 - Case not covered!
2017-02-13 08:56:16.543 INFO  view.client.Controller 1598 lambda$triggerFading$33 - Fade in Resources
2017-02-13 08:56:16.629 INFO  view.client.build.BuildController 105 lambda$deactivateButtons$0 - Case not covered!
2017-02-13 08:56:17.023 INFO  view.client.Controller 1598 lambda$triggerFading$33 - Fade in Resources
2017-02-13 08:56:17.111 INFO  view.client.CanvasBoard 824 lambda$setRobber$8 - Robber is drawn at new position: 6
2017-02-13 08:56:17.138 INFO  view.client.build.BuildController 105 lambda$deactivateButtons$0 - Case not covered!
2017-02-13 08:56:17.190 INFO  view.client.build.BuildController 105 lambda$deactivateButtons$0 - Case not covered!
2017-02-13 08:56:17.223 INFO  view.client.build.BuildController 105 lambda$deactivateButtons$0 - Case not covered!
2017-02-13 08:56:17.573 INFO  view.client.build.BuildController 105 lambda$deactivateButtons$0 - Case not covered!
2017-02-13 08:56:18.051 INFO  view.client.CanvasBoard 824 lambda$setRobber$8 - Robber is drawn at new position: 11
2017-02-13 08:56:18.063 INFO  view.client.build.BuildController 105 lambda$deactivateButtons$0 - Case not covered!
2017-02-13 08:56:18.631 INFO  view.client.build.BuildController 105 lambda$deactivateButtons$0 - Case not covered!
2017-02-13 08:56:18.960 INFO  view.client.build.BuildController 105 lambda$deactivateButtons$0 - Case not covered!
2017-02-13 08:56:18.966 INFO  view.client.build.BuildController 105 lambda$deactivateButtons$0 - Case not covered!
2017-02-13 08:56:19.123 INFO  view.client.build.BuildController 105 lambda$deactivateButtons$0 - Case not covered!
2017-02-13 08:56:19.138 INFO  view.client.build.BuildController 105 lambda$deactivateButtons$0 - Case not covered!
2017-02-13 08:56:19.207 INFO  view.client.build.BuildController 105 lambda$deactivateButtons$0 - Case not covered!
2017-02-13 08:56:19.221 INFO  view.client.build.BuildController 105 lambda$deactivateButtons$0 - Case not covered!
2017-02-13 08:56:19.288 INFO  view.client.build.BuildController 105 lambda$deactivateButtons$0 - Case not covered!
2017-02-13 08:56:19.459 INFO  view.client.Controller 1598 lambda$triggerFading$33 - Fade in Resources
2017-02-13 08:56:19.548 INFO  view.client.CanvasBoard 824 lambda$setRobber$8 - Robber is drawn at new position: 17
2017-02-13 08:56:19.549 INFO  view.client.build.BuildController 105 lambda$deactivateButtons$0 - Case not covered!
2017-02-13 08:56:19.719 INFO  view.client.build.BuildController 105 lambda$deactivateButtons$0 - Case not covered!
2017-02-13 08:56:19.798 INFO  view.client.build.BuildController 105 lambda$deactivateButtons$0 - Case not covered!
2017-02-13 08:56:20.131 INFO  view.client.Controller 1598 lambda$triggerFading$33 - Fade in Resources
2017-02-13 08:56:20.217 INFO  view.client.build.BuildController 105 lambda$deactivateButtons$0 - Case not covered!
2017-02-13 08:56:20.729 INFO  view.client.build.BuildController 105 lambda$deactivateButtons$0 - Case not covered!
2017-02-13 08:56:21.139 INFO  view.client.build.BuildController 105 lambda$deactivateButtons$0 - Case not covered!
2017-02-13 08:56:21.156 INFO  view.client.build.BuildController 105 lambda$deactivateButtons$0 - Case not covered!
2017-02-13 08:56:21.256 INFO  view.client.Controller 1598 lambda$triggerFading$33 - Fade in Resources
2017-02-13 08:56:21.403 INFO  view.client.build.BuildController 105 lambda$deactivateButtons$0 - Case not covered!
2017-02-13 08:56:21.908 INFO  view.client.build.BuildController 105 lambda$deactivateButtons$0 - Case not covered!
2017-02-13 08:56:22.322 INFO  view.client.build.BuildController 105 lambda$deactivateButtons$0 - Case not covered!
2017-02-13 08:56:22.339 INFO  view.client.build.BuildController 105 lambda$deactivateButtons$0 - Case not covered!
2017-02-13 08:56:22.499 INFO  view.client.Controller 1598 lambda$triggerFading$33 - Fade in Resources
2017-02-13 08:56:22.586 INFO  view.client.build.BuildController 105 lambda$deactivateButtons$0 - Case not covered!
2017-02-13 08:56:22.978 INFO  view.client.Controller 1598 lambda$triggerFading$33 - Fade in Resources
2017-02-13 08:56:23.068 INFO  view.client.CanvasBoard 824 lambda$setRobber$8 - Robber is drawn at new position: 11
2017-02-13 08:56:23.089 INFO  view.client.build.BuildController 105 lambda$deactivateButtons$0 - Case not covered!
2017-02-13 08:56:23.147 INFO  view.client.build.BuildController 105 lambda$deactivateButtons$0 - Case not covered!
2017-02-13 08:56:23.171 INFO  view.client.build.BuildController 105 lambda$deactivateButtons$0 - Case not covered!
2017-02-13 08:56:23.394 INFO  view.client.build.BuildController 105 lambda$deactivateButtons$0 - Case not covered!
2017-02-13 08:56:23.593 INFO  view.client.Controller 1598 lambda$triggerFading$33 - Fade in Resources
2017-02-13 08:56:23.675 INFO  view.client.build.BuildController 105 lambda$deactivateButtons$0 - Case not covered!
2017-02-13 08:56:23.844 INFO  view.client.build.BuildController 105 lambda$deactivateButtons$0 - Case not covered!
2017-02-13 08:56:23.925 INFO  view.client.build.BuildController 105 lambda$deactivateButtons$0 - Case not covered!
2017-02-13 08:56:24.233 INFO  view.client.Controller 1598 lambda$triggerFading$33 - Fade in Resources
2017-02-13 08:56:24.320 INFO  view.client.build.BuildController 105 lambda$deactivateButtons$0 - Case not covered!
2017-02-13 08:56:24.848 INFO  view.client.build.BuildController 105 lambda$deactivateButtons$0 - Case not covered!
2017-02-13 08:56:25.254 INFO  view.client.build.BuildController 105 lambda$deactivateButtons$0 - Case not covered!
2017-02-13 08:56:25.270 INFO  view.client.build.BuildController 105 lambda$deactivateButtons$0 - Case not covered!
2017-02-13 08:56:25.462 INFO  view.client.build.BuildController 105 lambda$deactivateButtons$0 - Case not covered!
2017-02-13 08:56:25.927 INFO  view.client.build.BuildController 105 lambda$deactivateButtons$0 - Case not covered!
2017-02-13 08:56:25.943 INFO  view.client.build.BuildController 105 lambda$deactivateButtons$0 - Case not covered!
2017-02-13 08:56:26.186 INFO  view.client.build.BuildController 105 lambda$deactivateButtons$0 - Case not covered!
2017-02-13 08:56:26.652 INFO  view.client.build.BuildController 105 lambda$deactivateButtons$0 - Case not covered!
2017-02-13 08:56:26.657 INFO  view.client.build.BuildController 105 lambda$deactivateButtons$0 - Case not covered!
2017-02-13 08:56:26.821 INFO  view.client.build.BuildController 105 lambda$deactivateButtons$0 - Case not covered!
2017-02-13 08:56:26.915 INFO  view.client.Controller 1724 lambda$devCardAnimation$35 - activate animation
2017-02-13 08:56:26.989 INFO  view.client.Controller 1598 lambda$triggerFading$33 - Fade in Resources
2017-02-13 08:56:26.989 INFO  view.client.build.BuildController 105 lambda$deactivateButtons$0 - Case not covered!
2017-02-13 08:56:27.174 INFO  view.client.build.BuildController 105 lambda$deactivateButtons$0 - Case not covered!
2017-02-13 08:56:27.237 INFO  view.client.build.BuildController 105 lambda$deactivateButtons$0 - Case not covered!
2017-02-13 08:56:27.430 INFO  view.client.Controller 1598 lambda$triggerFading$33 - Fade in Resources
2017-02-13 08:56:27.569 INFO  view.client.build.BuildController 105 lambda$deactivateButtons$0 - Case not covered!
2017-02-13 08:56:28.077 INFO  view.client.build.BuildController 105 lambda$deactivateButtons$0 - Case not covered!
2017-02-13 08:56:28.162 INFO  view.client.build.BuildController 105 lambda$deactivateButtons$0 - Case not covered!
2017-02-13 08:56:30.435 INFO  view.client.Controller 1845 lambda$clearAnimation$39 - 
Cleared Animation
