2017-02-13 16:08:56.886 INFO  view.client.CanvasBoard 824 lambda$setRobber$8 - Robber is drawn at new position: 5
2017-02-13 16:08:56.934 INFO  view.client.build.BuildController 105 lambda$deactivateButtons$0 - Case not covered!
2017-02-13 16:08:56.935 INFO  view.client.build.BuildController 105 lambda$deactivateButtons$0 - Case not covered!
2017-02-13 16:08:56.935 INFO  view.client.build.BuildController 105 lambda$deactivateButtons$0 - Case not covered!
2017-02-13 16:08:56.936 INFO  view.client.build.BuildController 105 lambda$deactivateButtons$0 - Case not covered!
2017-02-13 16:08:56.936 INFO  view.client.build.BuildController 105 lambda$deactivateButtons$0 - Case not covered!
2017-02-13 16:08:56.936 INFO  view.client.build.BuildController 105 lambda$deactivateButtons$0 - Case not covered!
2017-02-13 16:08:56.973 INFO  view.client.build.BuildController 105 lambda$deactivateButtons$0 - Case not covered!
2017-02-13 16:08:57.056 INFO  view.client.build.BuildController 105 lambda$deactivateButtons$0 - Case not covered!
2017-02-13 16:08:57.264 INFO  view.client.build.BuildController 105 lambda$deactivateButtons$0 - Case not covered!
2017-02-13 16:08:57.453 INFO  view.client.build.BuildController 105 lambda$deactivateButtons$0 - Case not covered!
2017-02-13 16:08:57.533 INFO  view.client.build.BuildController 105 lambda$deactivateButtons$0 - Case not covered!
2017-02-13 16:08:57.681 INFO  view.client.build.BuildController 105 lambda$deactivateButtons$0 - Case not covered!
2017-02-13 16:08:58.035 INFO  view.client.build.BuildController 105 lambda$deactivateButtons$0 - Case not covered!
2017-02-13 16:08:58.101 INFO  view.client.build.BuildController 105 lambda$deactivateButtons$0 - Case not covered!
2017-02-13 16:08:58.322 INFO  view.client.build.BuildController 105 lambda$deactivateButtons$0 - Case not covered!
2017-02-13 16:08:58.671 INFO  view.client.build.BuildController 105 lambda$deactivateButtons$0 - Case not covered!
2017-02-13 16:08:59.100 INFO  view.client.build.BuildController 105 lambda$deactivateButtons$0 - Case not covered!
2017-02-13 16:08:59.474 INFO  view.client.build.BuildController 105 lambda$deactivateButtons$0 - Case not covered!
2017-02-13 16:08:59.529 INFO  view.client.build.BuildController 105 lambda$deactivateButtons$0 - Case not covered!
2017-02-13 16:08:59.807 INFO  view.client.build.BuildController 105 lambda$deactivateButtons$0 - Case not covered!
2017-02-13 16:09:00.176 INFO  view.client.build.BuildController 105 lambda$deactivateButtons$0 - Case not covered!
2017-02-13 16:09:00.239 INFO  view.client.build.BuildController 105 lambda$deactivateButtons$0 - Case not covered!
2017-02-13 16:09:00.435 INFO  view.client.Controller 1611 lambda$triggerFading$33 - Fade in Resources
2017-02-13 16:09:00.518 INFO  view.client.build.BuildController 105 lambda$deactivateButtons$0 - Case not covered!
2017-02-13 16:09:00.705 INFO  view.client.build.BuildController 105 lambda$deactivateButtons$0 - Case not covered!
2017-02-13 16:09:00.786 INFO  view.client.build.BuildController 105 lambda$deactivateButtons$0 - Case not covered!
2017-02-13 16:09:01.006 INFO  view.client.build.BuildController 105 lambda$deactivateButtons$0 - Case not covered!
2017-02-13 16:09:01.372 INFO  view.client.build.BuildController 105 lambda$deactivateButtons$0 - Case not covered!
2017-02-13 16:09:01.626 INFO  view.client.Controller 1611 lambda$triggerFading$33 - Fade in Resources
2017-02-13 16:09:01.713 INFO  view.client.build.BuildController 105 lambda$deactivateButtons$0 - Case not covered!
2017-02-13 16:09:02.261 INFO  view.client.build.BuildController 105 lambda$deactivateButtons$0 - Case not covered!
2017-02-13 16:09:02.267 INFO  view.client.build.BuildController 105 lambda$deactivateButtons$0 - Case not covered!
2017-02-13 16:09:02.514 INFO  view.client.Controller 1611 lambda$triggerFading$33 - Fade in Resources
2017-02-13 16:09:02.516 INFO  view.client.build.BuildController 105 lambda$deactivateButtons$0 - Case not covered!
2017-02-13 16:09:02.603 INFO  view.client.Controller 1737 lambda$devCardAnimation$35 - activate animation
2017-02-13 16:09:02.687 INFO  view.client.Controller 1611 lambda$triggerFading$33 - Fade in Resources
2017-02-13 16:09:02.688 INFO  view.client.build.BuildController 105 lambda$deactivateButtons$0 - Case not covered!
2017-02-13 16:09:02.858 INFO  view.client.build.BuildController 105 lambda$deactivateButtons$0 - Case not covered!
2017-02-13 16:09:02.938 INFO  view.client.build.BuildController 105 lambda$deactivateButtons$0 - Case not covered!
2017-02-13 16:09:03.267 INFO  view.client.build.BuildController 105 lambda$deactivateButtons$0 - Case not covered!
2017-02-13 16:09:03.766 INFO  view.client.build.BuildController 105 lambda$deactivateButtons$0 - Case not covered!
2017-02-13 16:09:03.784 INFO  view.client.build.BuildController 105 lambda$deactivateButtons$0 - Case not covered!
2017-02-13 16:09:03.941 INFO  view.client.Controller 1611 lambda$triggerFading$33 - Fade in Resources
2017-02-13 16:09:04.027 INFO  view.client.build.BuildController 105 lambda$deactivateButtons$0 - Case not covered!
2017-02-13 16:09:04.513 INFO  view.client.build.BuildController 105 lambda$deactivateButtons$0 - Case not covered!
2017-02-13 16:09:04.850 INFO  view.client.build.BuildController 105 lambda$deactivateButtons$0 - Case not covered!
2017-02-13 16:09:04.868 INFO  view.client.build.BuildController 105 lambda$deactivateButtons$0 - Case not covered!
2017-02-13 16:09:05.019 INFO  view.client.Controller 1611 lambda$triggerFading$33 - Fade in Resources
2017-02-13 16:09:05.048 INFO  view.client.build.BuildController 105 lambda$deactivateButtons$0 - Case not covered!
2017-02-13 16:09:05.605 INFO  view.client.build.BuildController 105 lambda$deactivateButtons$0 - Case not covered!
2017-02-13 16:09:05.613 INFO  view.client.build.BuildController 105 lambda$deactivateButtons$0 - Case not covered!
2017-02-13 16:09:05.855 INFO  view.client.Controller 1611 lambda$triggerFading$33 - Fade in Resources
2017-02-13 16:09:05.864 INFO  view.client.build.BuildController 105 lambda$deactivateButtons$0 - Case not covered!
2017-02-13 16:09:06.051 INFO  view.client.Controller 1611 lambda$triggerFading$33 - Fade in Resources
2017-02-13 16:09:06.118 INFO  view.client.Controller 1859 lambda$clearAnimation$39 - 
Cleared Animation
2017-02-13 16:09:06.134 INFO  view.client.build.BuildController 105 lambda$deactivateButtons$0 - Case not covered!
2017-02-13 16:09:06.392 INFO  view.client.CanvasBoard 824 lambda$setRobber$8 - Robber is drawn at new position: 12
2017-02-13 16:09:06.392 INFO  view.client.Controller 1611 lambda$triggerFading$33 - Fade in Resources
2017-02-13 16:09:06.468 INFO  view.client.build.BuildController 105 lambda$deactivateButtons$0 - Case not covered!
2017-02-13 16:09:06.471 INFO  view.client.build.BuildController 105 lambda$deactivateButtons$0 - Case not covered!
2017-02-13 16:09:06.557 INFO  view.client.build.BuildController 105 lambda$deactivateButtons$0 - Case not covered!
2017-02-13 16:09:06.938 INFO  view.client.Controller 1611 lambda$triggerFading$33 - Fade in Resources
2017-02-13 16:09:06.961 INFO  view.client.build.BuildController 105 lambda$deactivateButtons$0 - Case not covered!
2017-02-13 16:09:07.513 INFO  view.client.build.BuildController 105 lambda$deactivateButtons$0 - Case not covered!
2017-02-13 16:09:07.531 INFO  view.client.build.BuildController 105 lambda$deactivateButtons$0 - Case not covered!
2017-02-13 16:09:07.631 INFO  view.client.build.BuildController 105 lambda$deactivateButtons$0 - Case not covered!
2017-02-13 16:09:07.691 INFO  view.client.build.BuildController 105 lambda$deactivateButtons$0 - Case not covered!
2017-02-13 16:09:07.714 INFO  view.client.build.BuildController 105 lambda$deactivateButtons$0 - Case not covered!
2017-02-13 16:09:07.773 INFO  view.client.build.BuildController 105 lambda$deactivateButtons$0 - Case not covered!
2017-02-13 16:09:07.798 INFO  view.client.build.BuildController 105 lambda$deactivateButtons$0 - Case not covered!
2017-02-13 16:09:08.250 INFO  view.client.Controller 1611 lambda$triggerFading$33 - Fade in Resources
2017-02-13 16:09:08.338 INFO  view.client.CanvasBoard 824 lambda$setRobber$8 - Robber is drawn at new position: 23
2017-02-13 16:09:08.364 INFO  view.client.build.BuildController 105 lambda$deactivateButtons$0 - Case not covered!
2017-02-13 16:09:08.847 INFO  view.client.build.BuildController 105 lambda$deactivateButtons$0 - Case not covered!
2017-02-13 16:09:09.189 INFO  view.client.CanvasBoard 824 lambda$setRobber$8 - Robber is drawn at new position: 12
2017-02-13 16:09:09.200 INFO  view.client.build.BuildController 105 lambda$deactivateButtons$0 - Case not covered!
2017-02-13 16:09:09.266 INFO  view.client.build.BuildController 105 lambda$deactivateButtons$0 - Case not covered!
2017-02-13 16:09:09.283 INFO  view.client.build.BuildController 105 lambda$deactivateButtons$0 - Case not covered!
2017-02-13 16:09:09.537 INFO  view.client.build.BuildController 105 lambda$deactivateButtons$0 - Case not covered!
2017-02-13 16:09:09.601 INFO  view.client.build.BuildController 105 lambda$deactivateButtons$0 - Case not covered!
2017-02-13 16:09:09.618 INFO  view.client.build.BuildController 105 lambda$deactivateButtons$0 - Case not covered!
2017-02-13 16:09:09.688 INFO  view.client.build.BuildController 105 lambda$deactivateButtons$0 - Case not covered!
2017-02-13 16:09:09.703 INFO  view.client.build.BuildController 105 lambda$deactivateButtons$0 - Case not covered!
2017-02-13 16:09:10.270 INFO  view.client.CanvasBoard 824 lambda$setRobber$8 - Robber is drawn at new position: 25
2017-02-13 16:09:10.281 INFO  view.client.build.BuildController 105 lambda$deactivateButtons$0 - Case not covered!
2017-02-13 16:09:10.849 INFO  view.client.build.BuildController 105 lambda$deactivateButtons$0 - Case not covered!
2017-02-13 16:09:10.855 INFO  view.client.build.BuildController 105 lambda$deactivateButtons$0 - Case not covered!
2017-02-13 16:09:11.097 INFO  view.client.build.BuildController 105 lambda$deactivateButtons$0 - Case not covered!
2017-02-13 16:09:11.272 INFO  view.client.build.BuildController 105 lambda$deactivateButtons$0 - Case not covered!
2017-02-13 16:09:11.350 INFO  view.client.build.BuildController 105 lambda$deactivateButtons$0 - Case not covered!
2017-02-13 16:09:11.457 INFO  view.client.Controller 1611 lambda$triggerFading$33 - Fade in Resources
2017-02-13 16:09:11.541 INFO  view.client.build.BuildController 105 lambda$deactivateButtons$0 - Case not covered!
2017-02-13 16:09:12.099 INFO  view.client.build.BuildController 105 lambda$deactivateButtons$0 - Case not covered!
2017-02-13 16:09:12.116 INFO  view.client.build.BuildController 105 lambda$deactivateButtons$0 - Case not covered!
2017-02-13 16:09:12.378 INFO  view.client.Controller 1611 lambda$triggerFading$33 - Fade in Resources
2017-02-13 16:09:12.433 INFO  view.client.build.BuildController 105 lambda$deactivateButtons$0 - Case not covered!
2017-02-13 16:09:12.955 INFO  view.client.build.BuildController 105 lambda$deactivateButtons$0 - Case not covered!
2017-02-13 16:09:13.365 INFO  view.client.build.BuildController 105 lambda$deactivateButtons$0 - Case not covered!
2017-02-13 16:09:13.705 INFO  view.client.CanvasBoard 824 lambda$setRobber$8 - Robber is drawn at new position: 23
2017-02-13 16:09:13.717 INFO  view.client.build.BuildController 105 lambda$deactivateButtons$0 - Case not covered!
2017-02-13 16:09:13.781 INFO  view.client.build.BuildController 105 lambda$deactivateButtons$0 - Case not covered!
2017-02-13 16:09:13.798 INFO  view.client.build.BuildController 105 lambda$deactivateButtons$0 - Case not covered!
2017-02-13 16:09:14.115 INFO  view.client.build.BuildController 105 lambda$deactivateButtons$0 - Case not covered!
2017-02-13 16:09:14.612 INFO  view.client.build.BuildController 105 lambda$deactivateButtons$0 - Case not covered!
2017-02-13 16:09:14.618 INFO  view.client.build.BuildController 105 lambda$deactivateButtons$0 - Case not covered!
2017-02-13 16:09:14.783 INFO  view.client.Controller 1611 lambda$triggerFading$33 - Fade in Resources
2017-02-13 16:09:14.866 INFO  view.client.build.BuildController 105 lambda$deactivateButtons$0 - Case not covered!
2017-02-13 16:09:14.955 INFO  view.client.Controller 1737 lambda$devCardAnimation$35 - activate animation
2017-02-13 16:09:15.036 INFO  view.client.Controller 1611 lambda$triggerFading$33 - Fade in Resources
2017-02-13 16:09:15.039 INFO  view.client.build.BuildController 105 lambda$deactivateButtons$0 - Case not covered!
2017-02-13 16:09:15.208 INFO  view.client.build.BuildController 105 lambda$deactivateButtons$0 - Case not covered!
2017-02-13 16:09:15.290 INFO  view.client.build.BuildController 105 lambda$deactivateButtons$0 - Case not covered!
2017-02-13 16:09:15.645 INFO  view.client.build.BuildController 105 lambda$deactivateButtons$0 - Case not covered!
2017-02-13 16:09:16.177 INFO  view.client.build.BuildController 105 lambda$deactivateButtons$0 - Case not covered!
2017-02-13 16:09:16.578 INFO  view.client.build.BuildController 105 lambda$deactivateButtons$0 - Case not covered!
2017-02-13 16:09:16.596 INFO  view.client.build.BuildController 105 lambda$deactivateButtons$0 - Case not covered!
2017-02-13 16:09:16.758 INFO  view.client.build.BuildController 105 lambda$deactivateButtons$0 - Case not covered!
2017-02-13 16:09:17.191 INFO  view.client.build.BuildController 105 lambda$deactivateButtons$0 - Case not covered!
2017-02-13 16:09:17.780 INFO  view.client.build.BuildController 105 lambda$deactivateButtons$0 - Case not covered!
2017-02-13 16:09:17.865 INFO  view.client.build.BuildController 105 lambda$deactivateButtons$0 - Case not covered!
2017-02-13 16:09:18.182 INFO  view.client.build.BuildController 105 lambda$deactivateButtons$0 - Case not covered!
2017-02-13 16:09:18.201 INFO  view.client.build.BuildController 105 lambda$deactivateButtons$0 - Case not covered!
2017-02-13 16:09:18.353 INFO  view.client.build.BuildController 105 lambda$deactivateButtons$0 - Case not covered!
2017-02-13 16:09:18.463 INFO  view.client.Controller 1859 lambda$clearAnimation$39 - 
Cleared Animation
2017-02-13 16:09:18.790 INFO  view.client.build.BuildController 105 lambda$deactivateButtons$0 - Case not covered!
2017-02-13 16:09:19.196 INFO  view.client.build.BuildController 105 lambda$deactivateButtons$0 - Case not covered!
2017-02-13 16:09:19.202 INFO  view.client.build.BuildController 105 lambda$deactivateButtons$0 - Case not covered!
2017-02-13 16:09:19.447 INFO  view.client.build.BuildController 105 lambda$deactivateButtons$0 - Case not covered!
2017-02-13 16:09:19.697 INFO  view.client.Controller 1611 lambda$triggerFading$33 - Fade in Resources
2017-02-13 16:09:19.706 INFO  view.client.CanvasBoard 824 lambda$setRobber$8 - Robber is drawn at new position: 12
2017-02-13 16:09:19.783 INFO  view.client.build.BuildController 105 lambda$deactivateButtons$0 - Case not covered!
2017-02-13 16:09:19.784 INFO  view.client.build.BuildController 105 lambda$deactivateButtons$0 - Case not covered!
2017-02-13 16:09:19.864 INFO  view.client.build.BuildController 105 lambda$deactivateButtons$0 - Case not covered!
2017-02-13 16:09:20.141 INFO  view.client.Controller 1611 lambda$triggerFading$33 - Fade in Resources
2017-02-13 16:09:20.226 INFO  view.client.build.BuildController 105 lambda$deactivateButtons$0 - Case not covered!
2017-02-13 16:09:20.699 INFO  view.client.build.BuildController 105 lambda$deactivateButtons$0 - Case not covered!
2017-02-13 16:09:20.718 INFO  view.client.build.BuildController 105 lambda$deactivateButtons$0 - Case not covered!
2017-02-13 16:09:20.870 INFO  view.client.build.BuildController 105 lambda$deactivateButtons$0 - Case not covered!
2017-02-13 16:09:20.937 INFO  view.client.build.BuildController 105 lambda$deactivateButtons$0 - Case not covered!
2017-02-13 16:09:20.950 INFO  view.client.build.BuildController 105 lambda$deactivateButtons$0 - Case not covered!
2017-02-13 16:09:21.022 INFO  view.client.build.BuildController 105 lambda$deactivateButtons$0 - Case not covered!
2017-02-13 16:09:21.105 INFO  view.client.build.BuildController 105 lambda$deactivateButtons$0 - Case not covered!
2017-02-13 16:09:21.214 INFO  view.client.build.BuildController 105 lambda$deactivateButtons$0 - Case not covered!
2017-02-13 16:09:21.278 INFO  view.client.build.BuildController 105 lambda$deactivateButtons$0 - Case not covered!
2017-02-13 16:09:21.833 INFO  view.client.Controller 1611 lambda$triggerFading$33 - Fade in Resources
2017-02-13 16:09:21.925 INFO  view.client.CanvasBoard 824 lambda$setRobber$8 - Robber is drawn at new position: 23
2017-02-13 16:09:21.949 INFO  view.client.build.BuildController 105 lambda$deactivateButtons$0 - Case not covered!
2017-02-13 16:09:22.431 INFO  view.client.build.BuildController 105 lambda$deactivateButtons$0 - Case not covered!
2017-02-13 16:09:22.449 INFO  view.client.build.BuildController 105 lambda$deactivateButtons$0 - Case not covered!
2017-02-13 16:09:22.600 INFO  view.client.build.BuildController 105 lambda$deactivateButtons$0 - Case not covered!
2017-02-13 16:09:23.040 INFO  view.client.build.BuildController 105 lambda$deactivateButtons$0 - Case not covered!
2017-02-13 16:09:23.453 INFO  view.client.build.BuildController 105 lambda$deactivateButtons$0 - Case not covered!
2017-02-13 16:09:23.459 INFO  view.client.build.BuildController 105 lambda$deactivateButtons$0 - Case not covered!
2017-02-13 16:09:23.629 INFO  view.client.Controller 1611 lambda$triggerFading$33 - Fade in Resources
2017-02-13 16:09:23.706 INFO  view.client.build.BuildController 105 lambda$deactivateButtons$0 - Case not covered!
2017-02-13 16:09:23.879 INFO  view.client.build.BuildController 105 lambda$deactivateButtons$0 - Case not covered!
2017-02-13 16:09:23.961 INFO  view.client.build.BuildController 105 lambda$deactivateButtons$0 - Case not covered!
2017-02-13 16:09:24.125 INFO  view.client.Controller 1611 lambda$triggerFading$33 - Fade in Resources
2017-02-13 16:09:24.211 INFO  view.client.build.BuildController 105 lambda$deactivateButtons$0 - Case not covered!
2017-02-13 16:09:24.700 INFO  view.client.build.BuildController 105 lambda$deactivateButtons$0 - Case not covered!
2017-02-13 16:09:24.718 INFO  view.client.build.BuildController 105 lambda$deactivateButtons$0 - Case not covered!
2017-02-13 16:09:24.816 INFO  view.client.build.BuildController 105 lambda$deactivateButtons$0 - Case not covered!
2017-02-13 16:09:24.881 INFO  view.client.build.BuildController 105 lambda$deactivateButtons$0 - Case not covered!
2017-02-13 16:09:24.898 INFO  view.client.build.BuildController 105 lambda$deactivateButtons$0 - Case not covered!
2017-02-13 16:09:24.968 INFO  view.client.build.BuildController 105 lambda$deactivateButtons$0 - Case not covered!
2017-02-13 16:09:24.984 INFO  view.client.build.BuildController 105 lambda$deactivateButtons$0 - Case not covered!
2017-02-13 16:09:25.543 INFO  view.client.CanvasBoard 824 lambda$setRobber$8 - Robber is drawn at new position: 12
2017-02-13 16:09:25.552 INFO  view.client.build.BuildController 105 lambda$deactivateButtons$0 - Case not covered!
2017-02-13 16:09:26.064 INFO  view.client.build.BuildController 105 lambda$deactivateButtons$0 - Case not covered!
2017-02-13 16:09:26.463 INFO  view.client.build.BuildController 105 lambda$deactivateButtons$0 - Case not covered!
2017-02-13 16:09:26.479 INFO  view.client.build.BuildController 105 lambda$deactivateButtons$0 - Case not covered!
2017-02-13 16:09:26.661 INFO  view.client.build.BuildController 105 lambda$deactivateButtons$0 - Case not covered!
2017-02-13 16:09:27.214 INFO  view.client.build.BuildController 105 lambda$deactivateButtons$0 - Case not covered!
2017-02-13 16:09:27.219 INFO  view.client.build.BuildController 105 lambda$deactivateButtons$0 - Case not covered!
2017-02-13 16:09:27.384 INFO  view.client.build.BuildController 105 lambda$deactivateButtons$0 - Case not covered!
2017-02-13 16:09:27.554 INFO  view.client.build.BuildController 105 lambda$deactivateButtons$0 - Case not covered!
2017-02-13 16:09:27.634 INFO  view.client.build.BuildController 105 lambda$deactivateButtons$0 - Case not covered!
2017-02-13 16:09:27.799 INFO  view.client.Controller 1611 lambda$triggerFading$33 - Fade in Resources
2017-02-13 16:09:27.820 INFO  view.client.build.BuildController 105 lambda$deactivateButtons$0 - Case not covered!
2017-02-13 16:09:28.301 INFO  view.client.build.BuildController 105 lambda$deactivateButtons$0 - Case not covered!
2017-02-13 16:09:28.319 INFO  view.client.build.BuildController 105 lambda$deactivateButtons$0 - Case not covered!
2017-02-13 16:09:28.416 INFO  view.client.build.BuildController 105 lambda$deactivateButtons$0 - Case not covered!
2017-02-13 16:09:28.480 INFO  view.client.build.BuildController 105 lambda$deactivateButtons$0 - Case not covered!
2017-02-13 16:09:28.498 INFO  view.client.build.BuildController 105 lambda$deactivateButtons$0 - Case not covered!
2017-02-13 16:09:28.565 INFO  view.client.build.BuildController 105 lambda$deactivateButtons$0 - Case not covered!
2017-02-13 16:09:28.654 INFO  view.client.Controller 1611 lambda$triggerFading$33 - Fade in Resources
2017-02-13 16:09:28.740 INFO  view.client.build.BuildController 105 lambda$deactivateButtons$0 - Case not covered!
2017-02-13 16:09:28.816 INFO  view.client.build.BuildController 105 lambda$deactivateButtons$0 - Case not covered!
2017-02-13 16:09:29.311 INFO  view.client.CanvasBoard 824 lambda$setRobber$8 - Robber is drawn at new position: 23
2017-02-13 16:09:29.328 INFO  view.client.build.BuildController 105 lambda$deactivateButtons$0 - Case not covered!
2017-02-13 16:09:29.806 INFO  view.client.build.BuildController 105 lambda$deactivateButtons$0 - Case not covered!
2017-02-13 16:09:29.825 INFO  view.client.build.BuildController 105 lambda$deactivateButtons$0 - Case not covered!
2017-02-13 16:09:29.981 INFO  view.client.build.BuildController 105 lambda$deactivateButtons$0 - Case not covered!
2017-02-13 16:09:30.480 INFO  view.client.build.BuildController 105 lambda$deactivateButtons$0 - Case not covered!
2017-02-13 16:09:30.485 INFO  view.client.build.BuildController 105 lambda$deactivateButtons$0 - Case not covered!
2017-02-13 16:09:30.648 INFO  view.client.build.BuildController 105 lambda$deactivateButtons$0 - Case not covered!
2017-02-13 16:09:30.656 INFO  view.client.build.BuildController 105 lambda$deactivateButtons$0 - Case not covered!
2017-02-13 16:09:30.732 INFO  view.client.build.BuildController 105 lambda$deactivateButtons$0 - Case not covered!
2017-02-13 16:09:30.741 INFO  view.client.build.BuildController 105 lambda$deactivateButtons$0 - Case not covered!
2017-02-13 16:09:30.998 INFO  view.client.build.BuildController 105 lambda$deactivateButtons$0 - Case not covered!
2017-02-13 16:09:31.065 INFO  view.client.build.BuildController 105 lambda$deactivateButtons$0 - Case not covered!
2017-02-13 16:09:31.231 INFO  view.client.Controller 1611 lambda$triggerFading$33 - Fade in Resources
2017-02-13 16:09:31.322 INFO  view.client.CanvasBoard 824 lambda$setRobber$8 - Robber is drawn at new position: 19
2017-02-13 16:09:31.324 INFO  view.client.build.BuildController 105 lambda$deactivateButtons$0 - Case not covered!
2017-02-13 16:09:31.487 INFO  view.client.build.BuildController 105 lambda$deactivateButtons$0 - Case not covered!
2017-02-13 16:09:31.566 INFO  view.client.build.BuildController 105 lambda$deactivateButtons$0 - Case not covered!
2017-02-13 16:09:31.820 INFO  view.client.build.BuildController 105 lambda$deactivateButtons$0 - Case not covered!
2017-02-13 16:09:32.236 INFO  view.client.build.BuildController 105 lambda$deactivateButtons$0 - Case not covered!
2017-02-13 16:09:32.254 INFO  view.client.build.BuildController 105 lambda$deactivateButtons$0 - Case not covered!
2017-02-13 16:09:32.441 INFO  view.client.build.BuildController 105 lambda$deactivateButtons$0 - Case not covered!
2017-02-13 16:09:32.940 INFO  view.client.build.BuildController 105 lambda$deactivateButtons$0 - Case not covered!
2017-02-13 16:09:33.349 INFO  view.client.build.BuildController 105 lambda$deactivateButtons$0 - Case not covered!
2017-02-13 16:09:33.368 INFO  view.client.build.BuildController 105 lambda$deactivateButtons$0 - Case not covered!
2017-02-13 16:09:33.460 INFO  view.client.Controller 1611 lambda$triggerFading$33 - Fade in Resources
2017-02-13 16:09:33.519 INFO  view.client.build.BuildController 105 lambda$deactivateButtons$0 - Case not covered!
2017-02-13 16:09:33.960 INFO  view.client.build.BuildController 105 lambda$deactivateButtons$0 - Case not covered!
2017-02-13 16:09:34.368 INFO  view.client.build.BuildController 105 lambda$deactivateButtons$0 - Case not covered!
2017-02-13 16:09:34.374 INFO  view.client.build.BuildController 105 lambda$deactivateButtons$0 - Case not covered!
2017-02-13 16:09:34.616 INFO  view.client.build.BuildController 105 lambda$deactivateButtons$0 - Case not covered!
2017-02-13 16:09:34.788 INFO  view.client.build.BuildController 105 lambda$deactivateButtons$0 - Case not covered!
2017-02-13 16:09:34.870 INFO  view.client.build.BuildController 105 lambda$deactivateButtons$0 - Case not covered!
2017-02-13 16:09:34.977 INFO  view.client.build.BuildController 105 lambda$deactivateButtons$0 - Case not covered!
2017-02-13 16:09:35.047 INFO  view.client.build.BuildController 105 lambda$deactivateButtons$0 - Case not covered!
2017-02-13 16:09:35.061 INFO  view.client.build.BuildController 105 lambda$deactivateButtons$0 - Case not covered!
2017-02-13 16:09:35.133 INFO  view.client.build.BuildController 105 lambda$deactivateButtons$0 - Case not covered!
2017-02-13 16:09:35.390 INFO  view.client.build.BuildController 105 lambda$deactivateButtons$0 - Case not covered!
2017-02-13 16:09:35.858 INFO  view.client.Controller 1611 lambda$triggerFading$33 - Fade in Resources
2017-02-13 16:09:35.948 INFO  view.client.CanvasBoard 824 lambda$setRobber$8 - Robber is drawn at new position: 25
2017-02-13 16:09:35.969 INFO  view.client.build.BuildController 105 lambda$deactivateButtons$0 - Case not covered!
2017-02-13 16:09:36.472 INFO  view.client.build.BuildController 105 lambda$deactivateButtons$0 - Case not covered!
2017-02-13 16:09:36.882 INFO  view.client.build.BuildController 105 lambda$deactivateButtons$0 - Case not covered!
2017-02-13 16:09:36.899 INFO  view.client.build.BuildController 105 lambda$deactivateButtons$0 - Case not covered!
2017-02-13 16:09:37.086 INFO  view.client.Controller 1611 lambda$triggerFading$33 - Fade in Resources
2017-02-13 16:09:37.145 INFO  view.client.build.BuildController 105 lambda$deactivateButtons$0 - Case not covered!
2017-02-13 16:09:37.629 INFO  view.client.build.BuildController 105 lambda$deactivateButtons$0 - Case not covered!
2017-02-13 16:09:37.646 INFO  view.client.build.BuildController 105 lambda$deactivateButtons$0 - Case not covered!
2017-02-13 16:09:37.828 INFO  view.client.Controller 1611 lambda$triggerFading$33 - Fade in Resources
2017-02-13 16:09:37.883 INFO  view.client.build.BuildController 105 lambda$deactivateButtons$0 - Case not covered!
2017-02-13 16:09:38.464 INFO  view.client.build.BuildController 105 lambda$deactivateButtons$0 - Case not covered!
2017-02-13 16:09:38.469 INFO  view.client.build.BuildController 105 lambda$deactivateButtons$0 - Case not covered!
2017-02-13 16:09:38.636 INFO  view.client.build.BuildController 105 lambda$deactivateButtons$0 - Case not covered!
2017-02-13 16:09:38.823 INFO  view.client.Controller 1611 lambda$triggerFading$33 - Fade in Resources
2017-02-13 16:09:38.904 INFO  view.client.build.BuildController 105 lambda$deactivateButtons$0 - Case not covered!
2017-02-13 16:09:39.077 INFO  view.client.build.BuildController 105 lambda$deactivateButtons$0 - Case not covered!
2017-02-13 16:09:39.156 INFO  view.client.build.BuildController 105 lambda$deactivateButtons$0 - Case not covered!
2017-02-13 16:09:39.238 INFO  view.client.Controller 1611 lambda$triggerFading$33 - Fade in Resources
2017-02-13 16:09:39.322 INFO  view.client.build.BuildController 105 lambda$deactivateButtons$0 - Case not covered!
2017-02-13 16:09:39.827 INFO  view.client.build.BuildController 105 lambda$deactivateButtons$0 - Case not covered!
2017-02-13 16:09:40.230 INFO  view.client.build.BuildController 105 lambda$deactivateButtons$0 - Case not covered!
2017-02-13 16:09:40.248 INFO  view.client.build.BuildController 105 lambda$deactivateButtons$0 - Case not covered!
2017-02-13 16:09:40.407 INFO  view.client.build.BuildController 105 lambda$deactivateButtons$0 - Case not covered!
2017-02-13 16:09:40.819 INFO  view.client.build.BuildController 105 lambda$deactivateButtons$0 - Case not covered!
2017-02-13 16:09:40.836 INFO  view.client.build.BuildController 105 lambda$deactivateButtons$0 - Case not covered!
2017-02-13 16:09:40.990 INFO  view.client.build.BuildController 105 lambda$deactivateButtons$0 - Case not covered!
2017-02-13 16:09:41.423 INFO  view.client.build.BuildController 105 lambda$deactivateButtons$0 - Case not covered!
2017-02-13 16:09:41.829 INFO  view.client.build.BuildController 105 lambda$deactivateButtons$0 - Case not covered!
2017-02-13 16:09:41.834 INFO  view.client.build.BuildController 105 lambda$deactivateButtons$0 - Case not covered!
2017-02-13 16:09:41.998 INFO  view.client.Controller 1611 lambda$triggerFading$33 - Fade in Resources
2017-02-13 16:09:42.081 INFO  view.client.build.BuildController 105 lambda$deactivateButtons$0 - Case not covered!
2017-02-13 16:09:42.253 INFO  view.client.build.BuildController 105 lambda$deactivateButtons$0 - Case not covered!
2017-02-13 16:09:42.332 INFO  view.client.build.BuildController 105 lambda$deactivateButtons$0 - Case not covered!
2017-02-13 16:09:42.527 INFO  view.client.build.BuildController 105 lambda$deactivateButtons$0 - Case not covered!
2017-02-13 16:09:43.079 INFO  view.client.build.BuildController 105 lambda$deactivateButtons$0 - Case not covered!
2017-02-13 16:09:43.098 INFO  view.client.build.BuildController 105 lambda$deactivateButtons$0 - Case not covered!
2017-02-13 16:09:43.279 INFO  view.client.Controller 1611 lambda$triggerFading$33 - Fade in Resources
2017-02-13 16:09:43.334 INFO  view.client.build.BuildController 105 lambda$deactivateButtons$0 - Case not covered!
2017-02-13 16:09:43.828 INFO  view.client.build.BuildController 105 lambda$deactivateButtons$0 - Case not covered!
2017-02-13 16:09:43.847 INFO  view.client.build.BuildController 105 lambda$deactivateButtons$0 - Case not covered!
2017-02-13 16:09:43.940 INFO  view.client.Controller 1611 lambda$triggerFading$33 - Fade in Resources
2017-02-13 16:09:44.023 INFO  view.client.build.BuildController 105 lambda$deactivateButtons$0 - Case not covered!
2017-02-13 16:09:44.517 INFO  view.client.build.BuildController 105 lambda$deactivateButtons$0 - Case not covered!
2017-02-13 16:09:44.598 INFO  view.client.build.BuildController 105 lambda$deactivateButtons$0 - Case not covered!
2017-02-13 16:09:44.931 INFO  view.client.build.BuildController 105 lambda$deactivateButtons$0 - Case not covered!
2017-02-13 16:09:44.935 INFO  view.client.build.BuildController 105 lambda$deactivateButtons$0 - Case not covered!
2017-02-13 16:09:45.181 INFO  view.client.Controller 1611 lambda$triggerFading$33 - Fade in Resources
2017-02-13 16:09:45.187 INFO  view.client.build.BuildController 105 lambda$deactivateButtons$0 - Case not covered!
2017-02-13 16:09:45.360 INFO  view.client.build.BuildController 105 lambda$deactivateButtons$0 - Case not covered!
2017-02-13 16:09:45.438 INFO  view.client.build.BuildController 105 lambda$deactivateButtons$0 - Case not covered!
2017-02-13 16:09:45.684 INFO  view.client.Controller 1611 lambda$triggerFading$33 - Fade in Resources
2017-02-13 16:09:45.705 INFO  view.client.build.BuildController 105 lambda$deactivateButtons$0 - Case not covered!
2017-02-13 16:09:46.201 INFO  view.client.build.BuildController 105 lambda$deactivateButtons$0 - Case not covered!
2017-02-13 16:09:46.637 INFO  view.client.build.BuildController 105 lambda$deactivateButtons$0 - Case not covered!
2017-02-13 16:09:47.051 INFO  view.client.build.BuildController 105 lambda$deactivateButtons$0 - Case not covered!
2017-02-13 16:09:47.069 INFO  view.client.build.BuildController 105 lambda$deactivateButtons$0 - Case not covered!
2017-02-13 16:09:47.257 INFO  view.client.build.BuildController 105 lambda$deactivateButtons$0 - Case not covered!
2017-02-13 16:09:47.723 INFO  view.client.build.BuildController 105 lambda$deactivateButtons$0 - Case not covered!
2017-02-13 16:09:48.063 INFO  view.client.build.BuildController 105 lambda$deactivateButtons$0 - Case not covered!
2017-02-13 16:09:48.079 INFO  view.client.build.BuildController 105 lambda$deactivateButtons$0 - Case not covered!
2017-02-13 16:09:48.233 INFO  view.client.build.BuildController 105 lambda$deactivateButtons$0 - Case not covered!
2017-02-13 16:09:48.676 INFO  view.client.build.BuildController 105 lambda$deactivateButtons$0 - Case not covered!
2017-02-13 16:09:49.082 INFO  view.client.build.BuildController 105 lambda$deactivateButtons$0 - Case not covered!
2017-02-13 16:09:49.086 INFO  view.client.build.BuildController 105 lambda$deactivateButtons$0 - Case not covered!
2017-02-13 16:09:49.331 INFO  view.client.Controller 1611 lambda$triggerFading$33 - Fade in Resources
2017-02-13 16:09:49.337 INFO  view.client.build.BuildController 105 lambda$deactivateButtons$0 - Case not covered!
2017-02-13 16:09:49.527 INFO  view.client.Controller 1611 lambda$triggerFading$33 - Fade in Resources
2017-02-13 16:09:49.609 INFO  view.client.build.BuildController 105 lambda$deactivateButtons$0 - Case not covered!
2017-02-13 16:09:49.785 INFO  view.client.build.BuildController 105 lambda$deactivateButtons$0 - Case not covered!
2017-02-13 16:09:49.865 INFO  view.client.build.BuildController 105 lambda$deactivateButtons$0 - Case not covered!
2017-02-13 16:09:50.107 INFO  view.client.build.BuildController 105 lambda$deactivateButtons$0 - Case not covered!
2017-02-13 16:09:50.604 INFO  view.client.build.BuildController 105 lambda$deactivateButtons$0 - Case not covered!
2017-02-13 16:09:51.014 INFO  view.client.build.BuildController 105 lambda$deactivateButtons$0 - Case not covered!
2017-02-13 16:09:51.032 INFO  view.client.build.BuildController 105 lambda$deactivateButtons$0 - Case not covered!
2017-02-13 16:09:51.193 INFO  view.client.Controller 1611 lambda$triggerFading$33 - Fade in Resources
2017-02-13 16:09:51.280 INFO  view.client.build.BuildController 105 lambda$deactivateButtons$0 - Case not covered!
2017-02-13 16:09:51.772 INFO  view.client.CanvasBoard 824 lambda$setRobber$8 - Robber is drawn at new position: 12
2017-02-13 16:09:51.849 INFO  view.client.build.BuildController 105 lambda$deactivateButtons$0 - Case not covered!
2017-02-13 16:09:52.430 INFO  view.client.build.BuildController 105 lambda$deactivateButtons$0 - Case not covered!
2017-02-13 16:09:52.448 INFO  view.client.build.BuildController 105 lambda$deactivateButtons$0 - Case not covered!
2017-02-13 16:09:52.540 INFO  view.client.Controller 1611 lambda$triggerFading$33 - Fade in Resources
2017-02-13 16:09:52.625 INFO  view.client.build.BuildController 105 lambda$deactivateButtons$0 - Case not covered!
2017-02-13 16:09:53.182 INFO  view.client.build.BuildController 105 lambda$deactivateButtons$0 - Case not covered!
2017-02-13 16:09:53.597 INFO  view.client.build.BuildController 105 lambda$deactivateButtons$0 - Case not covered!
2017-02-13 16:09:53.600 INFO  view.client.build.BuildController 105 lambda$deactivateButtons$0 - Case not covered!
2017-02-13 16:09:53.764 INFO  view.client.Controller 1611 lambda$triggerFading$33 - Fade in Resources
2017-02-13 16:09:53.847 INFO  view.client.build.BuildController 105 lambda$deactivateButtons$0 - Case not covered!
2017-02-13 16:09:54.032 INFO  view.client.Controller 1611 lambda$triggerFading$33 - Fade in Resources
2017-02-13 16:09:54.114 INFO  view.client.build.BuildController 105 lambda$deactivateButtons$0 - Case not covered!
2017-02-13 16:09:54.287 INFO  view.client.build.BuildController 105 lambda$deactivateButtons$0 - Case not covered!
2017-02-13 16:09:54.368 INFO  view.client.build.BuildController 105 lambda$deactivateButtons$0 - Case not covered!
2017-02-13 16:09:54.513 INFO  view.client.Controller 1611 lambda$triggerFading$33 - Fade in Resources
2017-02-13 16:09:54.599 INFO  view.client.build.BuildController 105 lambda$deactivateButtons$0 - Case not covered!
2017-02-13 16:09:55.180 INFO  view.client.build.BuildController 105 lambda$deactivateButtons$0 - Case not covered!
2017-02-13 16:09:55.623 INFO  view.client.build.BuildController 105 lambda$deactivateButtons$0 - Case not covered!
2017-02-13 16:09:55.705 INFO  view.client.build.BuildController 105 lambda$deactivateButtons$0 - Case not covered!
2017-02-13 16:09:56.029 INFO  view.client.build.BuildController 105 lambda$deactivateButtons$0 - Case not covered!
2017-02-13 16:09:56.047 INFO  view.client.build.BuildController 105 lambda$deactivateButtons$0 - Case not covered!
2017-02-13 16:09:56.143 INFO  view.client.build.BuildController 105 lambda$deactivateButtons$0 - Case not covered!
2017-02-13 16:09:56.209 INFO  view.client.build.BuildController 105 lambda$deactivateButtons$0 - Case not covered!
2017-02-13 16:09:56.224 INFO  view.client.build.BuildController 105 lambda$deactivateButtons$0 - Case not covered!
2017-02-13 16:09:56.290 INFO  view.client.build.BuildController 105 lambda$deactivateButtons$0 - Case not covered!
2017-02-13 16:09:56.447 INFO  view.client.Controller 1611 lambda$triggerFading$33 - Fade in Resources
2017-02-13 16:09:56.464 INFO  view.client.build.BuildController 105 lambda$deactivateButtons$0 - Case not covered!
2017-02-13 16:09:56.550 INFO  view.client.build.BuildController 105 lambda$deactivateButtons$0 - Case not covered!
2017-02-13 16:09:56.640 INFO  view.client.build.BuildController 105 lambda$deactivateButtons$0 - Case not covered!
2017-02-13 16:09:57.356 INFO  view.client.Controller 1611 lambda$triggerFading$33 - Fade in Resources
2017-02-13 16:09:57.445 INFO  view.client.CanvasBoard 824 lambda$setRobber$8 - Robber is drawn at new position: 31
2017-02-13 16:09:57.470 INFO  view.client.build.BuildController 105 lambda$deactivateButtons$0 - Case not covered!
2017-02-13 16:09:57.951 INFO  view.client.build.BuildController 105 lambda$deactivateButtons$0 - Case not covered!
2017-02-13 16:09:57.977 INFO  view.client.build.BuildController 105 lambda$deactivateButtons$0 - Case not covered!
2017-02-13 16:09:58.123 INFO  view.client.Controller 1611 lambda$triggerFading$33 - Fade in Resources
2017-02-13 16:09:58.206 INFO  view.client.build.BuildController 105 lambda$deactivateButtons$0 - Case not covered!
2017-02-13 16:09:58.719 INFO  view.client.build.BuildController 105 lambda$deactivateButtons$0 - Case not covered!
2017-02-13 16:09:59.127 INFO  view.client.build.BuildController 105 lambda$deactivateButtons$0 - Case not covered!
2017-02-13 16:09:59.133 INFO  view.client.build.BuildController 105 lambda$deactivateButtons$0 - Case not covered!
2017-02-13 16:09:59.380 INFO  view.client.build.BuildController 105 lambda$deactivateButtons$0 - Case not covered!
2017-02-13 16:09:59.571 INFO  view.client.Controller 1611 lambda$triggerFading$33 - Fade in Resources
2017-02-13 16:09:59.650 INFO  view.client.build.BuildController 105 lambda$deactivateButtons$0 - Case not covered!
2017-02-13 16:09:59.819 INFO  view.client.build.BuildController 105 lambda$deactivateButtons$0 - Case not covered!
2017-02-13 16:09:59.900 INFO  view.client.build.BuildController 105 lambda$deactivateButtons$0 - Case not covered!
2017-02-13 16:09:59.985 INFO  view.client.build.BuildController 105 lambda$deactivateButtons$0 - Case not covered!
2017-02-13 16:10:00.048 INFO  view.client.build.BuildController 105 lambda$deactivateButtons$0 - Case not covered!
2017-02-13 16:10:00.070 INFO  view.client.build.BuildController 105 lambda$deactivateButtons$0 - Case not covered!
2017-02-13 16:10:00.133 INFO  view.client.build.BuildController 105 lambda$deactivateButtons$0 - Case not covered!
2017-02-13 16:10:00.399 INFO  view.client.build.BuildController 105 lambda$deactivateButtons$0 - Case not covered!
2017-02-13 16:10:00.465 INFO  view.client.build.BuildController 105 lambda$deactivateButtons$0 - Case not covered!
2017-02-13 16:10:00.887 INFO  view.client.CanvasBoard 824 lambda$setRobber$8 - Robber is drawn at new position: 25
2017-02-13 16:10:00.899 INFO  view.client.build.BuildController 105 lambda$deactivateButtons$0 - Case not covered!
2017-02-13 16:10:01.463 INFO  view.client.build.BuildController 105 lambda$deactivateButtons$0 - Case not covered!
2017-02-13 16:10:01.481 INFO  view.client.build.BuildController 105 lambda$deactivateButtons$0 - Case not covered!
2017-02-13 16:10:01.641 INFO  view.client.build.BuildController 105 lambda$deactivateButtons$0 - Case not covered!
2017-02-13 16:10:02.047 INFO  view.client.build.BuildController 105 lambda$deactivateButtons$0 - Case not covered!
2017-02-13 16:10:02.064 INFO  view.client.build.BuildController 105 lambda$deactivateButtons$0 - Case not covered!
2017-02-13 16:10:02.242 INFO  view.client.build.BuildController 105 lambda$deactivateButtons$0 - Case not covered!
2017-02-13 16:10:02.733 INFO  view.client.build.BuildController 105 lambda$deactivateButtons$0 - Case not covered!
2017-02-13 16:10:02.815 INFO  view.client.build.BuildController 105 lambda$deactivateButtons$0 - Case not covered!
2017-02-13 16:10:03.176 INFO  view.client.build.BuildController 105 lambda$deactivateButtons$0 - Case not covered!
2017-02-13 16:10:03.413 INFO  view.client.build.BuildController 105 lambda$deactivateButtons$0 - Case not covered!
2017-02-13 16:10:03.418 INFO  view.client.build.BuildController 105 lambda$deactivateButtons$0 - Case not covered!
2017-02-13 16:10:03.664 INFO  view.client.Controller 1611 lambda$triggerFading$33 - Fade in Resources
2017-02-13 16:10:03.667 INFO  view.client.build.BuildController 105 lambda$deactivateButtons$0 - Case not covered!
2017-02-13 16:10:03.837 INFO  view.client.build.BuildController 105 lambda$deactivateButtons$0 - Case not covered!
2017-02-13 16:10:03.919 INFO  view.client.build.BuildController 105 lambda$deactivateButtons$0 - Case not covered!
2017-02-13 16:10:04.106 INFO  view.client.Controller 1611 lambda$triggerFading$33 - Fade in Resources
2017-02-13 16:10:04.193 INFO  view.client.build.BuildController 105 lambda$deactivateButtons$0 - Case not covered!
2017-02-13 16:10:04.752 INFO  view.client.build.BuildController 105 lambda$deactivateButtons$0 - Case not covered!
2017-02-13 16:10:04.762 INFO  view.client.build.BuildController 105 lambda$deactivateButtons$0 - Case not covered!
2017-02-13 16:10:04.864 INFO  view.client.Controller 1611 lambda$triggerFading$33 - Fade in Resources
2017-02-13 16:10:04.948 INFO  view.client.build.BuildController 105 lambda$deactivateButtons$0 - Case not covered!
2017-02-13 16:10:05.420 INFO  view.client.build.BuildController 105 lambda$deactivateButtons$0 - Case not covered!
2017-02-13 16:10:05.437 INFO  view.client.build.BuildController 105 lambda$deactivateButtons$0 - Case not covered!
2017-02-13 16:10:05.934 INFO  view.client.build.BuildController 105 lambda$deactivateButtons$0 - Case not covered!
2017-02-13 16:10:05.998 INFO  view.client.build.BuildController 105 lambda$deactivateButtons$0 - Case not covered!
2017-02-13 16:10:06.019 INFO  view.client.build.BuildController 105 lambda$deactivateButtons$0 - Case not covered!
2017-02-13 16:10:06.084 INFO  view.client.build.BuildController 105 lambda$deactivateButtons$0 - Case not covered!
2017-02-13 16:10:06.185 INFO  view.client.build.BuildController 105 lambda$deactivateButtons$0 - Case not covered!
2017-02-13 16:10:06.252 INFO  view.client.build.BuildController 105 lambda$deactivateButtons$0 - Case not covered!
2017-02-13 16:10:06.732 INFO  view.client.Controller 1611 lambda$triggerFading$33 - Fade in Resources
2017-02-13 16:10:06.822 INFO  view.client.CanvasBoard 824 lambda$setRobber$8 - Robber is drawn at new position: 23
2017-02-13 16:10:06.848 INFO  view.client.build.BuildController 105 lambda$deactivateButtons$0 - Case not covered!
2017-02-13 16:10:07.414 INFO  view.client.build.BuildController 105 lambda$deactivateButtons$0 - Case not covered!
2017-02-13 16:10:07.830 INFO  view.client.build.BuildController 105 lambda$deactivateButtons$0 - Case not covered!
2017-02-13 16:10:07.835 INFO  view.client.build.BuildController 105 lambda$deactivateButtons$0 - Case not covered!
2017-02-13 16:10:08.080 INFO  view.client.build.BuildController 105 lambda$deactivateButtons$0 - Case not covered!
2017-02-13 16:10:08.253 INFO  view.client.build.BuildController 105 lambda$deactivateButtons$0 - Case not covered!
2017-02-13 16:10:08.334 INFO  view.client.build.BuildController 105 lambda$deactivateButtons$0 - Case not covered!
2017-02-13 16:10:08.441 INFO  view.client.Controller 1611 lambda$triggerFading$33 - Fade in Resources
2017-02-13 16:10:08.527 INFO  view.client.build.BuildController 105 lambda$deactivateButtons$0 - Case not covered!
2017-02-13 16:10:09.079 INFO  view.client.build.BuildController 105 lambda$deactivateButtons$0 - Case not covered!
2017-02-13 16:10:09.096 INFO  view.client.build.BuildController 105 lambda$deactivateButtons$0 - Case not covered!
2017-02-13 16:10:09.259 INFO  view.client.build.BuildController 105 lambda$deactivateButtons$0 - Case not covered!
2017-02-13 16:10:09.665 INFO  view.client.build.BuildController 105 lambda$deactivateButtons$0 - Case not covered!
2017-02-13 16:10:09.681 INFO  view.client.build.BuildController 105 lambda$deactivateButtons$0 - Case not covered!
2017-02-13 16:10:09.860 INFO  view.client.Controller 1611 lambda$triggerFading$33 - Fade in Resources
2017-02-13 16:10:09.917 INFO  view.client.build.BuildController 105 lambda$deactivateButtons$0 - Case not covered!
2017-02-13 16:10:10.499 INFO  view.client.build.BuildController 105 lambda$deactivateButtons$0 - Case not covered!
2017-02-13 16:10:10.913 INFO  view.client.build.BuildController 105 lambda$deactivateButtons$0 - Case not covered!
2017-02-13 16:10:10.917 INFO  view.client.build.BuildController 105 lambda$deactivateButtons$0 - Case not covered!
2017-02-13 16:10:11.082 INFO  view.client.build.BuildController 105 lambda$deactivateButtons$0 - Case not covered!
2017-02-13 16:10:11.089 INFO  view.client.build.BuildController 105 lambda$deactivateButtons$0 - Case not covered!
2017-02-13 16:10:11.165 INFO  view.client.build.BuildController 105 lambda$deactivateButtons$0 - Case not covered!
2017-02-13 16:10:11.174 INFO  view.client.build.BuildController 105 lambda$deactivateButtons$0 - Case not covered!
2017-02-13 16:10:11.260 INFO  view.client.Controller 1611 lambda$triggerFading$33 - Fade in Resources
2017-02-13 16:10:11.343 INFO  view.client.build.BuildController 105 lambda$deactivateButtons$0 - Case not covered!
2017-02-13 16:10:11.436 INFO  view.client.build.BuildController 105 lambda$deactivateButtons$0 - Case not covered!
2017-02-13 16:10:11.505 INFO  view.client.build.BuildController 105 lambda$deactivateButtons$0 - Case not covered!
2017-02-13 16:10:11.672 INFO  view.client.Controller 1611 lambda$triggerFading$33 - Fade in Resources
2017-02-13 16:10:11.763 INFO  view.client.CanvasBoard 824 lambda$setRobber$8 - Robber is drawn at new position: 12
2017-02-13 16:10:11.766 INFO  view.client.build.BuildController 105 lambda$deactivateButtons$0 - Case not covered!
2017-02-13 16:10:11.844 INFO  view.client.Controller 1737 lambda$devCardAnimation$35 - activate animation
2017-02-13 16:10:11.921 INFO  view.client.Controller 1611 lambda$triggerFading$33 - Fade in Resources
2017-02-13 16:10:11.926 INFO  view.client.build.BuildController 105 lambda$deactivateButtons$0 - Case not covered!
2017-02-13 16:10:12.102 INFO  view.client.build.BuildController 105 lambda$deactivateButtons$0 - Case not covered!
2017-02-13 16:10:12.184 INFO  view.client.build.BuildController 105 lambda$deactivateButtons$0 - Case not covered!
2017-02-13 16:10:12.682 INFO  view.client.Controller 1611 lambda$triggerFading$33 - Fade in Resources
2017-02-13 16:10:12.749 INFO  view.client.build.BuildController 105 lambda$deactivateButtons$0 - Case not covered!
2017-02-13 16:10:13.320 INFO  view.client.build.BuildController 105 lambda$deactivateButtons$0 - Case not covered!
2017-02-13 16:10:13.338 INFO  view.client.build.BuildController 105 lambda$deactivateButtons$0 - Case not covered!
2017-02-13 16:10:13.523 INFO  view.client.Controller 1611 lambda$triggerFading$33 - Fade in Resources
2017-02-13 16:10:13.581 INFO  view.client.build.BuildController 105 lambda$deactivateButtons$0 - Case not covered!
2017-02-13 16:10:14.082 INFO  view.client.build.BuildController 105 lambda$deactivateButtons$0 - Case not covered!
2017-02-13 16:10:14.414 INFO  view.client.build.BuildController 105 lambda$deactivateButtons$0 - Case not covered!
2017-02-13 16:10:14.431 INFO  view.client.build.BuildController 105 lambda$deactivateButtons$0 - Case not covered!
2017-02-13 16:10:14.611 INFO  view.client.build.BuildController 105 lambda$deactivateButtons$0 - Case not covered!
2017-02-13 16:10:15.104 INFO  view.client.build.BuildController 105 lambda$deactivateButtons$0 - Case not covered!
2017-02-13 16:10:15.352 INFO  view.client.Controller 1859 lambda$clearAnimation$39 - 
Cleared Animation
2017-02-13 16:10:15.513 INFO  view.client.build.BuildController 105 lambda$deactivateButtons$0 - Case not covered!
2017-02-13 16:10:15.517 INFO  view.client.build.BuildController 105 lambda$deactivateButtons$0 - Case not covered!
2017-02-13 16:10:15.764 INFO  view.client.Controller 1611 lambda$triggerFading$33 - Fade in Resources
2017-02-13 16:10:15.769 INFO  view.client.build.BuildController 105 lambda$deactivateButtons$0 - Case not covered!
2017-02-13 16:10:16.021 INFO  view.client.Controller 1611 lambda$triggerFading$33 - Fade in Resources
2017-02-13 16:10:16.030 INFO  view.client.CanvasBoard 824 lambda$setRobber$8 - Robber is drawn at new position: 13
2017-02-13 16:10:16.104 INFO  view.client.build.BuildController 105 lambda$deactivateButtons$0 - Case not covered!
2017-02-13 16:10:16.106 INFO  view.client.build.BuildController 105 lambda$deactivateButtons$0 - Case not covered!
2017-02-13 16:10:16.189 INFO  view.client.build.BuildController 105 lambda$deactivateButtons$0 - Case not covered!
2017-02-13 16:10:16.536 INFO  view.client.build.BuildController 105 lambda$deactivateButtons$0 - Case not covered!
2017-02-13 16:10:16.601 INFO  view.client.build.BuildController 105 lambda$deactivateButtons$0 - Case not covered!
2017-02-13 16:10:16.620 INFO  view.client.build.BuildController 105 lambda$deactivateButtons$0 - Case not covered!
2017-02-13 16:10:16.683 INFO  view.client.build.BuildController 105 lambda$deactivateButtons$0 - Case not covered!
2017-02-13 16:10:17.016 INFO  view.client.build.BuildController 105 lambda$deactivateButtons$0 - Case not covered!
2017-02-13 16:10:17.016 INFO  view.client.build.BuildController 105 lambda$deactivateButtons$0 - Case not covered!
