2017-02-12 16:07:38.839 INFO  model.board.RandomBoard 129 setNumberTokensRandom - 
 outerTerrains :
{{20}=model.board.Pasture@1ef9937, {13}=model.board.Hill@595735ea, {6}=model.board.Field@346b007d, {10}=model.board.Field@567de425, {31}=model.board.Pasture@2b26e9fc, {23}=model.board.Forest@4b3e7117, {26}=model.board.Mountain@27bae8e5, {29}=model.board.Forest@1e5f7cfb, {30}=model.board.Forest@22a0fc5, {16}=model.board.Field@3aa4605e, {5}=model.board.Hill@4aa94a2f}
2017-02-12 16:07:38.843 INFO  model.board.Board 262 printBoardIDs - 
  null  null  null   {0}   {1}   {2}   {3}
  null  null   {4}   {5}   {6}   {7}   {8}
  null   {9}  {10}  {11}  {12}  {13}  {14}
  {15}  {16}  {17}  {18}  {19}  {20}  {21}
  {22}  {23}  {24}  {25}  {26}  {27}  null
  {28}  {29}  {30}  {31}  {32}  null  null
  {33}  {34}  {35}  {36}  null  null  null

2017-02-12 16:07:38.845 INFO  model.board.Board 339 printNumberTokens - 
  null  null  null  null  null  null  null
  null  null  null     6     2     5  null
  null  null     3     9     0    10  null
  null     8     4    11     3     8  null
  null    10     5     6     4  null  null
  null     9    12    11  null  null  null
  null  null  null  null  null  null  null

2017-02-12 16:07:38.847 INFO  model.board.Board 280 printBoardSpecialCo - 
(     )(     )(     )( 0,-3)( 1,-3)( 2,-3)( 3,-3)
(     )(     )(-1,-2)( 0,-2)( 1,-2)( 2,-2)( 3,-2)
(     )(-2,-1)(-1,-1)( 0,-1)( 1,-1)( 2,-1)( 3,-1)
(-3, 0)(-2, 0)(-1, 0)( 0, 0)( 1, 0)( 2, 0)( 3, 0)
(-3, 1)(-2, 1)(-1, 1)( 0, 1)( 1, 1)( 2, 1)(     )
(-3, 2)(-2, 2)(-1, 2)( 0, 2)( 1, 2)(     )(     )
(-3, 3)(-2, 3)(-1, 3)( 0, 3)(     )(     )(     )

2017-02-12 16:07:38.852 INFO  model.board.Board 300 printTileNeighbors - 
Row: 0
                          null : 
                          null : 
                          null : 
      model.board.Sea@2f745f25 : [model.board.Sea@7df22929, model.board.Hill@4aa94a2f, model.board.Sea@64cd0059]
      model.board.Sea@7df22929 : [model.board.Field@346b007d, model.board.Hill@4aa94a2f, model.board.Sea@2f745f25, model.board.Sea@6435c6dd]
      model.board.Sea@6435c6dd : [model.board.Sea@7df22929, model.board.Pasture@69353009, model.board.Field@346b007d, model.board.Sea@5e2f767]
       model.board.Sea@5e2f767 : [model.board.Sea@921e04a, model.board.Pasture@69353009, model.board.Sea@6435c6dd]
Row: 1
                          null : 
                          null : 
      model.board.Sea@64cd0059 : [model.board.Hill@4aa94a2f, model.board.Field@567de425, model.board.Sea@43e8dc9d, model.board.Sea@2f745f25]
     model.board.Hill@4aa94a2f : [model.board.Sea@7df22929, model.board.Field@346b007d, model.board.Pasture@31d1991, model.board.Field@567de425, model.board.Sea@64cd0059, model.board.Sea@2f745f25]
    model.board.Field@346b007d : [model.board.Sea@7df22929, model.board.Pasture@69353009, model.board.Desert@11d68f5a, model.board.Pasture@31d1991, model.board.Hill@4aa94a2f, model.board.Sea@6435c6dd]
  model.board.Pasture@69353009 : [model.board.Sea@921e04a, model.board.Hill@595735ea, model.board.Desert@11d68f5a, model.board.Field@346b007d, model.board.Sea@6435c6dd, model.board.Sea@5e2f767]
       model.board.Sea@921e04a : [model.board.Sea@17730e9a, model.board.Hill@595735ea, model.board.Pasture@69353009, model.board.Sea@5e2f767]
Row: 2
                          null : 
      model.board.Sea@43e8dc9d : [model.board.Sea@64cd0059, model.board.Field@567de425, model.board.Sea@127a34dd, model.board.Field@3aa4605e]
    model.board.Field@567de425 : [model.board.Mountain@79407692, model.board.Sea@64cd0059, model.board.Hill@4aa94a2f, model.board.Pasture@31d1991, model.board.Sea@43e8dc9d, model.board.Field@3aa4605e]
   model.board.Pasture@31d1991 : [model.board.Mountain@79407692, model.board.Hill@4aa94a2f, model.board.Field@346b007d, model.board.Desert@11d68f5a, model.board.Field@567de425, model.board.Hill@5cc99abf]
   model.board.Desert@11d68f5a : [model.board.Field@346b007d, model.board.Pasture@69353009, model.board.Hill@595735ea, model.board.Pasture@31d1991, model.board.Hill@5cc99abf, model.board.Mountain@53415862]
     model.board.Hill@595735ea : [model.board.Pasture@69353009, model.board.Sea@921e04a, model.board.Sea@17730e9a, model.board.Pasture@1ef9937, model.board.Desert@11d68f5a, model.board.Mountain@53415862]
      model.board.Sea@17730e9a : [model.board.Sea@921e04a, model.board.Sea@105e520b, model.board.Pasture@1ef9937, model.board.Hill@595735ea]
Row: 3
      model.board.Sea@127a34dd : [model.board.Sea@43e8dc9d, model.board.Sea@6a505274, model.board.Field@3aa4605e]
    model.board.Field@3aa4605e : [model.board.Mountain@79407692, model.board.Sea@43e8dc9d, model.board.Field@567de425, model.board.Forest@4b3e7117, model.board.Sea@6a505274, model.board.Sea@127a34dd]
 model.board.Mountain@79407692 : [model.board.Field@567de425, model.board.Pasture@31d1991, model.board.Forest@7adc21e3, model.board.Forest@4b3e7117, model.board.Field@3aa4605e, model.board.Hill@5cc99abf]
     model.board.Hill@5cc99abf : [model.board.Mountain@79407692, model.board.Pasture@31d1991, model.board.Desert@11d68f5a, model.board.Field@2307f492, model.board.Forest@7adc21e3, model.board.Mountain@53415862]
 model.board.Mountain@53415862 : [model.board.Desert@11d68f5a, model.board.Hill@595735ea, model.board.Pasture@1ef9937, model.board.Mountain@27bae8e5, model.board.Field@2307f492, model.board.Hill@5cc99abf]
   model.board.Pasture@1ef9937 : [model.board.Hill@595735ea, model.board.Sea@17730e9a, model.board.Sea@105e520b, model.board.Sea@41ab24f3, model.board.Mountain@27bae8e5, model.board.Mountain@53415862]
      model.board.Sea@105e520b : [model.board.Sea@17730e9a, model.board.Sea@41ab24f3, model.board.Pasture@1ef9937]
Row: 4
      model.board.Sea@6a505274 : [model.board.Sea@127a34dd, model.board.Forest@4b3e7117, model.board.Sea@29800d40, model.board.Field@3aa4605e]
   model.board.Forest@4b3e7117 : [model.board.Mountain@79407692, model.board.Forest@7adc21e3, model.board.Forest@1e5f7cfb, model.board.Sea@29800d40, model.board.Sea@6a505274, model.board.Field@3aa4605e]
   model.board.Forest@7adc21e3 : [model.board.Mountain@79407692, model.board.Field@2307f492, model.board.Forest@22a0fc5, model.board.Forest@1e5f7cfb, model.board.Forest@4b3e7117, model.board.Hill@5cc99abf]
    model.board.Field@2307f492 : [model.board.Mountain@27bae8e5, model.board.Pasture@2b26e9fc, model.board.Forest@22a0fc5, model.board.Forest@7adc21e3, model.board.Hill@5cc99abf, model.board.Mountain@53415862]
 model.board.Mountain@27bae8e5 : [model.board.Pasture@1ef9937, model.board.Sea@41ab24f3, model.board.Pasture@2b26e9fc, model.board.Field@2307f492, model.board.Sea@3248e2aa, model.board.Mountain@53415862]
      model.board.Sea@41ab24f3 : [model.board.Pasture@1ef9937, model.board.Sea@105e520b, model.board.Mountain@27bae8e5, model.board.Sea@3248e2aa]
                          null : 
Row: 5
      model.board.Sea@29800d40 : [model.board.Sea@2e772315, model.board.Sea@6a505274, model.board.Forest@4b3e7117, model.board.Forest@1e5f7cfb]
   model.board.Forest@1e5f7cfb : [model.board.Sea@2e772315, model.board.Forest@4b3e7117, model.board.Forest@7adc21e3, model.board.Forest@22a0fc5, model.board.Sea@29800d40, model.board.Sea@36630694]
    model.board.Forest@22a0fc5 : [model.board.Forest@7adc21e3, model.board.Field@2307f492, model.board.Pasture@2b26e9fc, model.board.Forest@1e5f7cfb, model.board.Sea@36630694, model.board.Sea@1fa0e715]
  model.board.Pasture@2b26e9fc : [model.board.Field@2307f492, model.board.Mountain@27bae8e5, model.board.Sea@6a880bf9, model.board.Forest@22a0fc5, model.board.Sea@3248e2aa, model.board.Sea@1fa0e715]
      model.board.Sea@3248e2aa : [model.board.Mountain@27bae8e5, model.board.Sea@41ab24f3, model.board.Sea@6a880bf9, model.board.Pasture@2b26e9fc]
                          null : 
                          null : 
Row: 6
      model.board.Sea@2e772315 : [model.board.Sea@29800d40, model.board.Forest@1e5f7cfb, model.board.Sea@36630694]
      model.board.Sea@36630694 : [model.board.Sea@2e772315, model.board.Forest@1e5f7cfb, model.board.Forest@22a0fc5, model.board.Sea@1fa0e715]
      model.board.Sea@1fa0e715 : [model.board.Forest@22a0fc5, model.board.Pasture@2b26e9fc, model.board.Sea@6a880bf9, model.board.Sea@36630694]
      model.board.Sea@6a880bf9 : [model.board.Pasture@2b26e9fc, model.board.Sea@3248e2aa, model.board.Sea@1fa0e715]
                          null : 
                          null : 
                          null : 

2017-02-12 16:07:38.853 INFO  model.board.Board 321 printPorts - 
         {4} : WOOL
        {36} : ORE
         {1} : GENERIC
        {14} : GRAIN
        {15} : GENERIC
        {27} : LUMBER
        {28} : GENERIC
        {34} : GENERIC
         {3} : BRICK

{22, 23, 28} : GENERIC
{15, 16, 22} : GENERIC
   {1, 5, 6} : GENERIC
{13, 14, 20} : GRAIN
{20, 26, 27} : LUMBER
{31, 32, 36} : ORE
{31, 35, 36} : ORE
 {8, 13, 14} : GRAIN
{23, 28, 29} : GENERIC
 {9, 15, 16} : GENERIC
{26, 27, 32} : LUMBER
{29, 33, 34} : GENERIC
{29, 30, 34} : GENERIC
   {3, 7, 8} : BRICK
   {2, 3, 7} : BRICK
  {4, 5, 10} : WOOL
   {0, 4, 5} : WOOL
   {0, 1, 5} : GENERIC

2017-02-12 16:07:38.887 TRACE model.players.Ai 33 <init> - Enter model.players.Ai@4d788a28
2017-02-12 16:07:38.888 DEBUG model.players.Player 62 printPlayer - model.players.Ai@4d788a28
id        1         color     NULL      name                status    null      
vp        0         road      false     army      false     
dev       0         dice      0         
res       0         lumber    0         brick     0         grain     0         wool      0         ore       0         
dev       []
dev BLOCK []
Harbors   []
Roads          left      15        built     []
Settlements    left      5         built     []
Cities         left      4         built     []
2017-02-12 16:07:38.890 DEBUG model.players.Player 62 printPlayer - model.players.Ai@4d788a28
id        1         color     NULL      name                status    START_GAME
vp        0         road      false     army      false     
dev       0         dice      0         
res       0         lumber    0         brick     0         grain     0         wool      0         ore       0         
dev       []
dev BLOCK []
Harbors   []
Roads          left      15        built     []
Settlements    left      5         built     []
Cities         left      4         built     []
2017-02-12 16:07:38.955 TRACE model.players.Ai 33 <init> - Enter model.players.Ai@3e6f8e5c
2017-02-12 16:07:38.956 DEBUG model.players.Player 62 printPlayer - model.players.Ai@3e6f8e5c
id        2         color     NULL      name                status    null      
vp        0         road      false     army      false     
dev       0         dice      0         
res       0         lumber    0         brick     0         grain     0         wool      0         ore       0         
dev       []
dev BLOCK []
Harbors   []
Roads          left      15        built     []
Settlements    left      5         built     []
Cities         left      4         built     []
2017-02-12 16:07:38.957 DEBUG model.players.Player 62 printPlayer - model.players.Ai@3e6f8e5c
id        2         color     NULL      name                status    START_GAME
vp        0         road      false     army      false     
dev       0         dice      0         
res       0         lumber    0         brick     0         grain     0         wool      0         ore       0         
dev       []
dev BLOCK []
Harbors   []
Roads          left      15        built     []
Settlements    left      5         built     []
Cities         left      4         built     []
2017-02-12 16:07:39.038 TRACE model.players.Ai 33 <init> - Enter model.players.Ai@5b49cffd
2017-02-12 16:07:39.039 DEBUG model.players.Player 62 printPlayer - model.players.Ai@5b49cffd
id        3         color     NULL      name                status    null      
vp        0         road      false     army      false     
dev       0         dice      0         
res       0         lumber    0         brick     0         grain     0         wool      0         ore       0         
dev       []
dev BLOCK []
Harbors   []
Roads          left      15        built     []
Settlements    left      5         built     []
Cities         left      4         built     []
2017-02-12 16:07:39.040 DEBUG model.players.Player 62 printPlayer - model.players.Ai@5b49cffd
id        3         color     NULL      name                status    START_GAME
vp        0         road      false     army      false     
dev       0         dice      0         
res       0         lumber    0         brick     0         grain     0         wool      0         ore       0         
dev       []
dev BLOCK []
Harbors   []
Roads          left      15        built     []
Settlements    left      5         built     []
Cities         left      4         built     []
2017-02-12 16:07:39.470 DEBUG model.players.Player 62 printPlayer - model.players.Ai@4d788a28
id        1         color     BLUE      name      KI (1)    status    WAIT_FOR_GAME_START
vp        0         road      false     army      false     
dev       0         dice      0         
res       0         lumber    0         brick     0         grain     0         wool      0         ore       0         
dev       []
dev BLOCK []
Harbors   []
Roads          left      15        built     []
Settlements    left      5         built     []
Cities         left      4         built     []
2017-02-12 16:07:39.471 DEBUG model.Management 42 printManagement - model.Management@7df0e236
KI (1)    sum       0         lumber    0         brick     0         grain     0         wool      0         ore       0         
KI (2)    sum       0         lumber    0         brick     0         grain     0         wool      0         ore       0         
KI (3)    sum       0         lumber    0         brick     0         grain     0         wool      0         ore       0         
[ M ]     sum       95        lumber    19        brick     19        grain     19        wool      19        ore       19        
2017-02-12 16:07:39.621 DEBUG model.players.Player 62 printPlayer - model.players.Ai@3e6f8e5c
id        2         color     RED       name      KI (2)    status    WAIT_FOR_GAME_START
vp        0         road      false     army      false     
dev       0         dice      0         
res       0         lumber    0         brick     0         grain     0         wool      0         ore       0         
dev       []
dev BLOCK []
Harbors   []
Roads          left      15        built     []
Settlements    left      5         built     []
Cities         left      4         built     []
2017-02-12 16:07:39.622 DEBUG model.Management 42 printManagement - model.Management@7df0e236
KI (1)    sum       0         lumber    0         brick     0         grain     0         wool      0         ore       0         
KI (2)    sum       0         lumber    0         brick     0         grain     0         wool      0         ore       0         
KI (3)    sum       0         lumber    0         brick     0         grain     0         wool      0         ore       0         
[ M ]     sum       95        lumber    19        brick     19        grain     19        wool      19        ore       19        
2017-02-12 16:07:39.784 DEBUG model.players.Player 62 printPlayer - model.players.Ai@5b49cffd
id        3         color     ORANGE    name      KI (3)    status    WAIT_FOR_GAME_START
vp        0         road      false     army      false     
dev       0         dice      0         
res       0         lumber    0         brick     0         grain     0         wool      0         ore       0         
dev       []
dev BLOCK []
Harbors   []
Roads          left      15        built     []
Settlements    left      5         built     []
Cities         left      4         built     []
2017-02-12 16:07:39.785 DEBUG model.Management 42 printManagement - model.Management@7df0e236
KI (1)    sum       0         lumber    0         brick     0         grain     0         wool      0         ore       0         
KI (2)    sum       0         lumber    0         brick     0         grain     0         wool      0         ore       0         
KI (3)    sum       0         lumber    0         brick     0         grain     0         wool      0         ore       0         
[ M ]     sum       95        lumber    19        brick     19        grain     19        wool      19        ore       19        
2017-02-12 16:07:53.690 TRACE model.players.Human 11 <init> - Enter model.players.Human@729fc02
2017-02-12 16:07:53.691 DEBUG model.players.Player 62 printPlayer - model.players.Human@729fc02
id        4         color     NULL      name                status    null      
vp        0         road      false     army      false     
dev       0         dice      0         
res       0         lumber    0         brick     0         grain     0         wool      0         ore       0         
dev       []
dev BLOCK []
Harbors   []
Roads          left      15        built     []
Settlements    left      5         built     []
Cities         left      4         built     []
2017-02-12 16:07:53.692 DEBUG model.players.Player 62 printPlayer - model.players.Human@729fc02
id        4         color     NULL      name                status    START_GAME
vp        0         road      false     army      false     
dev       0         dice      0         
res       0         lumber    0         brick     0         grain     0         wool      0         ore       0         
dev       []
dev BLOCK []
Harbors   []
Roads          left      15        built     []
Settlements    left      5         built     []
Cities         left      4         built     []
2017-02-12 16:08:02.976 DEBUG model.players.Player 62 printPlayer - model.players.Human@729fc02
id        4         color     WHITE     name      chris     status    WAIT_FOR_GAME_START
vp        0         road      false     army      false     
dev       0         dice      0         
res       0         lumber    0         brick     0         grain     0         wool      0         ore       0         
dev       []
dev BLOCK []
Harbors   []
Roads          left      15        built     []
Settlements    left      5         built     []
Cities         left      4         built     []
2017-02-12 16:08:02.977 DEBUG model.Management 42 printManagement - model.Management@7df0e236
KI (1)    sum       0         lumber    0         brick     0         grain     0         wool      0         ore       0         
KI (2)    sum       0         lumber    0         brick     0         grain     0         wool      0         ore       0         
KI (3)    sum       0         lumber    0         brick     0         grain     0         wool      0         ore       0         
chris     sum       0         lumber    0         brick     0         grain     0         wool      0         ore       0         
[ M ]     sum       95        lumber    19        brick     19        grain     19        wool      19        ore       19        
2017-02-12 16:08:03.020 INFO  model.Management 58 rollDices - 
 Dice [ 3, 3 ]
 Resources [ BRICK 19, LUMBER 19, ORE 19, GRAIN 19, WOOL 19 ]
2017-02-12 16:08:03.044 INFO  model.Management 58 rollDices - 
 Dice [ 4, 5 ]
 Resources [ BRICK 19, LUMBER 19, ORE 19, GRAIN 19, WOOL 19 ]
2017-02-12 16:08:03.068 INFO  model.Management 58 rollDices - 
 Dice [ 4, 4 ]
 Resources [ BRICK 19, LUMBER 19, ORE 19, GRAIN 19, WOOL 19 ]
2017-02-12 16:08:03.091 INFO  model.Management 58 rollDices - 
 Dice [ 2, 5 ]
 Resources [ BRICK 19, LUMBER 19, ORE 19, GRAIN 19, WOOL 19 ]
2017-02-12 16:08:03.118 DEBUG model.players.Player 62 printPlayer - model.players.Ai@3e6f8e5c
id        2         color     RED       name      KI (2)    status    BUILD_SETTLEMENT
vp        0         road      false     army      false     
dev       0         dice      0         
res       0         lumber    0         brick     0         grain     0         wool      0         ore       0         
dev       []
dev BLOCK []
Harbors   []
Roads          left      15        built     []
Settlements    left      5         built     []
Cities         left      4         built     []
2017-02-12 16:08:03.119 DEBUG model.Management 42 printManagement - model.Management@7df0e236
KI (1)    sum       0         lumber    0         brick     0         grain     0         wool      0         ore       0         
KI (2)    sum       0         lumber    0         brick     0         grain     0         wool      0         ore       0         
KI (3)    sum       0         lumber    0         brick     0         grain     0         wool      0         ore       0         
chris     sum       0         lumber    0         brick     0         grain     0         wool      0         ore       0         
[ M ]     sum       95        lumber    19        brick     19        grain     19        wool      19        ore       19        
2017-02-12 16:08:03.120 DEBUG model.players.Player 62 printPlayer - model.players.Ai@4d788a28
id        1         color     BLUE      name      KI (1)    status    WAIT      
vp        0         road      false     army      false     
dev       0         dice      0         
res       0         lumber    0         brick     0         grain     0         wool      0         ore       0         
dev       []
dev BLOCK []
Harbors   []
Roads          left      15        built     []
Settlements    left      5         built     []
Cities         left      4         built     []
2017-02-12 16:08:03.120 DEBUG model.Management 42 printManagement - model.Management@7df0e236
KI (1)    sum       0         lumber    0         brick     0         grain     0         wool      0         ore       0         
KI (2)    sum       0         lumber    0         brick     0         grain     0         wool      0         ore       0         
KI (3)    sum       0         lumber    0         brick     0         grain     0         wool      0         ore       0         
chris     sum       0         lumber    0         brick     0         grain     0         wool      0         ore       0         
[ M ]     sum       95        lumber    19        brick     19        grain     19        wool      19        ore       19        
2017-02-12 16:08:03.140 DEBUG model.players.Player 62 printPlayer - model.players.Ai@5b49cffd
id        3         color     ORANGE    name      KI (3)    status    WAIT      
vp        0         road      false     army      false     
dev       0         dice      0         
res       0         lumber    0         brick     0         grain     0         wool      0         ore       0         
dev       []
dev BLOCK []
Harbors   []
Roads          left      15        built     []
Settlements    left      5         built     []
Cities         left      4         built     []
2017-02-12 16:08:03.140 DEBUG model.Management 42 printManagement - model.Management@7df0e236
KI (1)    sum       0         lumber    0         brick     0         grain     0         wool      0         ore       0         
KI (2)    sum       0         lumber    0         brick     0         grain     0         wool      0         ore       0         
KI (3)    sum       0         lumber    0         brick     0         grain     0         wool      0         ore       0         
chris     sum       0         lumber    0         brick     0         grain     0         wool      0         ore       0         
[ M ]     sum       95        lumber    19        brick     19        grain     19        wool      19        ore       19        
2017-02-12 16:08:03.159 DEBUG model.players.Player 62 printPlayer - model.players.Human@729fc02
id        4         color     WHITE     name      chris     status    WAIT      
vp        0         road      false     army      false     
dev       0         dice      0         
res       0         lumber    0         brick     0         grain     0         wool      0         ore       0         
dev       []
dev BLOCK []
Harbors   []
Roads          left      15        built     []
Settlements    left      5         built     []
Cities         left      4         built     []
2017-02-12 16:08:03.159 DEBUG model.Management 42 printManagement - model.Management@7df0e236
KI (1)    sum       0         lumber    0         brick     0         grain     0         wool      0         ore       0         
KI (2)    sum       0         lumber    0         brick     0         grain     0         wool      0         ore       0         
KI (3)    sum       0         lumber    0         brick     0         grain     0         wool      0         ore       0         
chris     sum       0         lumber    0         brick     0         grain     0         wool      0         ore       0         
[ M ]     sum       95        lumber    19        brick     19        grain     19        wool      19        ore       19        
2017-02-12 16:08:03.817 INFO  model.players.Player 892 getBuildableSettlements - start settlement 54
2017-02-12 16:08:03.820 INFO  model.players.Player 892 getBuildableSettlements - start settlement 54
2017-02-12 16:08:03.821 INFO  model.players.Player 892 getBuildableSettlements - start settlement 54
2017-02-12 16:08:03.823 INFO  model.players.Player 892 getBuildableSettlements - start settlement 54
2017-02-12 16:08:03.824 INFO  model.players.Player 892 getBuildableSettlements - start settlement 54
2017-02-12 16:08:03.825 INFO  model.players.Player 892 getBuildableSettlements - start settlement 54
2017-02-12 16:08:03.827 INFO  model.players.Player 892 getBuildableSettlements - start settlement 54
2017-02-12 16:08:03.828 INFO  model.players.Player 892 getBuildableSettlements - start settlement 54
2017-02-12 16:08:03.829 INFO  model.players.Player 892 getBuildableSettlements - start settlement 54
2017-02-12 16:08:03.830 INFO  model.players.Player 892 getBuildableSettlements - start settlement 54
2017-02-12 16:08:03.831 INFO  model.players.Player 892 getBuildableSettlements - start settlement 54
2017-02-12 16:08:03.832 INFO  model.players.Player 892 getBuildableSettlements - start settlement 54
2017-02-12 16:08:03.833 INFO  model.players.Player 892 getBuildableSettlements - start settlement 54
2017-02-12 16:08:03.834 INFO  model.players.Player 892 getBuildableSettlements - start settlement 54
2017-02-12 16:08:03.835 INFO  model.players.Player 892 getBuildableSettlements - start settlement 54
2017-02-12 16:08:03.836 INFO  model.players.Player 892 getBuildableSettlements - start settlement 54
2017-02-12 16:08:03.838 INFO  model.players.Player 892 getBuildableSettlements - start settlement 54
2017-02-12 16:08:03.860 DEBUG model.players.Player 62 printPlayer - model.players.Ai@3e6f8e5c
id        2         color     RED       name      KI (2)    status    BUILD_STREET
vp        1         road      false     army      false     
dev       0         dice      0         
res       0         lumber    0         brick     0         grain     0         wool      0         ore       0         
dev       []
dev BLOCK []
Harbors   []
Roads          left      15        built     []
Settlements    left      4         built     [{18, 24, 25}]
Cities         left      4         built     []
2017-02-12 16:08:03.861 DEBUG model.Management 42 printManagement - model.Management@7df0e236
KI (1)    sum       0         lumber    0         brick     0         grain     0         wool      0         ore       0         
KI (2)    sum       0         lumber    0         brick     0         grain     0         wool      0         ore       0         
KI (3)    sum       0         lumber    0         brick     0         grain     0         wool      0         ore       0         
chris     sum       0         lumber    0         brick     0         grain     0         wool      0         ore       0         
[ M ]     sum       95        lumber    19        brick     19        grain     19        wool      19        ore       19        
2017-02-12 16:08:03.887 INFO  model.Management 285 longestRoad - KI (1) longest road: 0
2017-02-12 16:08:03.887 INFO  model.Management 285 longestRoad - KI (2) longest road: 0
2017-02-12 16:08:03.887 INFO  model.Management 285 longestRoad - KI (3) longest road: 0
2017-02-12 16:08:03.887 INFO  model.Management 285 longestRoad - chris longest road: 0
2017-02-12 16:08:03.888 INFO  model.Management 331 longestRoad - longest road: nothing changed
2017-02-12 16:08:03.888 INFO  model.Management 397 finish - offene Siegpunkte: 0, Siegpunktkarten: 0
2017-02-12 16:08:03.888 INFO  model.Management 397 finish - offene Siegpunkte: 1, Siegpunktkarten: 0
2017-02-12 16:08:03.888 INFO  model.Management 397 finish - offene Siegpunkte: 0, Siegpunktkarten: 0
2017-02-12 16:08:03.888 INFO  model.Management 397 finish - offene Siegpunkte: 0, Siegpunktkarten: 0
2017-02-12 16:08:04.233 INFO  model.Management 285 longestRoad - KI (1) longest road: 0
2017-02-12 16:08:04.234 INFO  model.Management 285 longestRoad - KI (2) longest road: 1
2017-02-12 16:08:04.234 INFO  model.Management 285 longestRoad - KI (3) longest road: 0
2017-02-12 16:08:04.234 INFO  model.Management 285 longestRoad - chris longest road: 0
2017-02-12 16:08:04.234 INFO  model.Management 331 longestRoad - longest road: nothing changed
2017-02-12 16:08:04.235 INFO  model.Management 397 finish - offene Siegpunkte: 0, Siegpunktkarten: 0
2017-02-12 16:08:04.235 INFO  model.Management 397 finish - offene Siegpunkte: 1, Siegpunktkarten: 0
2017-02-12 16:08:04.235 INFO  model.Management 397 finish - offene Siegpunkte: 0, Siegpunktkarten: 0
2017-02-12 16:08:04.235 INFO  model.Management 397 finish - offene Siegpunkte: 0, Siegpunktkarten: 0
2017-02-12 16:08:04.235 DEBUG model.players.Player 62 printPlayer - model.players.Ai@5b49cffd
id        3         color     ORANGE    name      KI (3)    status    BUILD_SETTLEMENT
vp        0         road      false     army      false     
dev       0         dice      0         
res       0         lumber    0         brick     0         grain     0         wool      0         ore       0         
dev       []
dev BLOCK []
Harbors   []
Roads          left      15        built     []
Settlements    left      5         built     []
Cities         left      4         built     []
2017-02-12 16:08:04.236 DEBUG model.Management 42 printManagement - model.Management@7df0e236
KI (1)    sum       0         lumber    0         brick     0         grain     0         wool      0         ore       0         
KI (2)    sum       0         lumber    0         brick     0         grain     0         wool      0         ore       0         
KI (3)    sum       0         lumber    0         brick     0         grain     0         wool      0         ore       0         
chris     sum       0         lumber    0         brick     0         grain     0         wool      0         ore       0         
[ M ]     sum       95        lumber    19        brick     19        grain     19        wool      19        ore       19        
2017-02-12 16:08:04.236 DEBUG model.players.Player 62 printPlayer - model.players.Ai@3e6f8e5c
id        2         color     RED       name      KI (2)    status    WAIT      
vp        1         road      false     army      false     
dev       0         dice      0         
res       0         lumber    0         brick     0         grain     0         wool      0         ore       0         
dev       []
dev BLOCK []
Harbors   []
Roads          left      14        built     [{18, 25}]
Settlements    left      4         built     [{18, 24, 25}]
Cities         left      4         built     []
2017-02-12 16:08:04.237 DEBUG model.Management 42 printManagement - model.Management@7df0e236
KI (1)    sum       0         lumber    0         brick     0         grain     0         wool      0         ore       0         
KI (2)    sum       0         lumber    0         brick     0         grain     0         wool      0         ore       0         
KI (3)    sum       0         lumber    0         brick     0         grain     0         wool      0         ore       0         
chris     sum       0         lumber    0         brick     0         grain     0         wool      0         ore       0         
[ M ]     sum       95        lumber    19        brick     19        grain     19        wool      19        ore       19        
2017-02-12 16:08:04.473 INFO  model.players.Player 892 getBuildableSettlements - start settlement 50
2017-02-12 16:08:04.474 INFO  model.players.Player 892 getBuildableSettlements - start settlement 50
2017-02-12 16:08:04.474 INFO  model.players.Player 892 getBuildableSettlements - start settlement 50
2017-02-12 16:08:04.475 INFO  model.players.Player 892 getBuildableSettlements - start settlement 50
2017-02-12 16:08:04.475 INFO  model.players.Player 892 getBuildableSettlements - start settlement 50
2017-02-12 16:08:04.475 INFO  model.players.Player 892 getBuildableSettlements - start settlement 50
2017-02-12 16:08:04.476 INFO  model.players.Player 892 getBuildableSettlements - start settlement 50
2017-02-12 16:08:04.476 INFO  model.players.Player 892 getBuildableSettlements - start settlement 50
2017-02-12 16:08:04.477 INFO  model.players.Player 892 getBuildableSettlements - start settlement 50
2017-02-12 16:08:04.477 INFO  model.players.Player 892 getBuildableSettlements - start settlement 50
2017-02-12 16:08:04.478 INFO  model.players.Player 892 getBuildableSettlements - start settlement 50
2017-02-12 16:08:04.478 INFO  model.players.Player 892 getBuildableSettlements - start settlement 50
2017-02-12 16:08:04.478 INFO  model.players.Player 892 getBuildableSettlements - start settlement 50
2017-02-12 16:08:04.479 INFO  model.players.Player 892 getBuildableSettlements - start settlement 50
2017-02-12 16:08:04.479 INFO  model.players.Player 892 getBuildableSettlements - start settlement 50
2017-02-12 16:08:04.480 INFO  model.players.Player 892 getBuildableSettlements - start settlement 50
2017-02-12 16:08:04.480 INFO  model.players.Player 892 getBuildableSettlements - start settlement 50
2017-02-12 16:08:04.499 DEBUG model.players.Player 62 printPlayer - model.players.Ai@5b49cffd
id        3         color     ORANGE    name      KI (3)    status    BUILD_STREET
vp        1         road      false     army      false     
dev       0         dice      0         
res       0         lumber    0         brick     0         grain     0         wool      0         ore       0         
dev       []
dev BLOCK []
Harbors   []
Roads          left      15        built     []
Settlements    left      4         built     [{16, 17, 23}]
Cities         left      4         built     []
2017-02-12 16:08:04.500 DEBUG model.Management 42 printManagement - model.Management@7df0e236
KI (1)    sum       0         lumber    0         brick     0         grain     0         wool      0         ore       0         
KI (2)    sum       0         lumber    0         brick     0         grain     0         wool      0         ore       0         
KI (3)    sum       0         lumber    0         brick     0         grain     0         wool      0         ore       0         
chris     sum       0         lumber    0         brick     0         grain     0         wool      0         ore       0         
[ M ]     sum       95        lumber    19        brick     19        grain     19        wool      19        ore       19        
2017-02-12 16:08:04.524 INFO  model.Management 285 longestRoad - KI (1) longest road: 0
2017-02-12 16:08:04.525 INFO  model.Management 285 longestRoad - KI (2) longest road: 1
2017-02-12 16:08:04.525 INFO  model.Management 285 longestRoad - KI (3) longest road: 0
2017-02-12 16:08:04.525 INFO  model.Management 285 longestRoad - chris longest road: 0
2017-02-12 16:08:04.525 INFO  model.Management 331 longestRoad - longest road: nothing changed
2017-02-12 16:08:04.526 INFO  model.Management 397 finish - offene Siegpunkte: 0, Siegpunktkarten: 0
2017-02-12 16:08:04.526 INFO  model.Management 397 finish - offene Siegpunkte: 1, Siegpunktkarten: 0
2017-02-12 16:08:04.526 INFO  model.Management 397 finish - offene Siegpunkte: 1, Siegpunktkarten: 0
2017-02-12 16:08:04.526 INFO  model.Management 397 finish - offene Siegpunkte: 0, Siegpunktkarten: 0
2017-02-12 16:08:04.881 INFO  model.Management 285 longestRoad - KI (1) longest road: 0
2017-02-12 16:08:04.882 INFO  model.Management 285 longestRoad - KI (2) longest road: 1
2017-02-12 16:08:04.882 INFO  model.Management 285 longestRoad - KI (3) longest road: 1
2017-02-12 16:08:04.882 INFO  model.Management 285 longestRoad - chris longest road: 0
2017-02-12 16:08:04.882 INFO  model.Management 331 longestRoad - longest road: nothing changed
2017-02-12 16:08:04.882 INFO  model.Management 397 finish - offene Siegpunkte: 0, Siegpunktkarten: 0
2017-02-12 16:08:04.882 INFO  model.Management 397 finish - offene Siegpunkte: 1, Siegpunktkarten: 0
2017-02-12 16:08:04.882 INFO  model.Management 397 finish - offene Siegpunkte: 1, Siegpunktkarten: 0
2017-02-12 16:08:04.883 INFO  model.Management 397 finish - offene Siegpunkte: 0, Siegpunktkarten: 0
2017-02-12 16:08:04.883 DEBUG model.players.Player 62 printPlayer - model.players.Human@729fc02
id        4         color     WHITE     name      chris     status    BUILD_SETTLEMENT
vp        0         road      false     army      false     
dev       0         dice      0         
res       0         lumber    0         brick     0         grain     0         wool      0         ore       0         
dev       []
dev BLOCK []
Harbors   []
Roads          left      15        built     []
Settlements    left      5         built     []
Cities         left      4         built     []
2017-02-12 16:08:04.883 DEBUG model.Management 42 printManagement - model.Management@7df0e236
KI (1)    sum       0         lumber    0         brick     0         grain     0         wool      0         ore       0         
KI (2)    sum       0         lumber    0         brick     0         grain     0         wool      0         ore       0         
KI (3)    sum       0         lumber    0         brick     0         grain     0         wool      0         ore       0         
chris     sum       0         lumber    0         brick     0         grain     0         wool      0         ore       0         
[ M ]     sum       95        lumber    19        brick     19        grain     19        wool      19        ore       19        
2017-02-12 16:08:04.883 DEBUG model.players.Player 62 printPlayer - model.players.Ai@5b49cffd
id        3         color     ORANGE    name      KI (3)    status    WAIT      
vp        1         road      false     army      false     
dev       0         dice      0         
res       0         lumber    0         brick     0         grain     0         wool      0         ore       0         
dev       []
dev BLOCK []
Harbors   []
Roads          left      14        built     [{17, 23}]
Settlements    left      4         built     [{16, 17, 23}]
Cities         left      4         built     []
2017-02-12 16:08:04.884 DEBUG model.Management 42 printManagement - model.Management@7df0e236
KI (1)    sum       0         lumber    0         brick     0         grain     0         wool      0         ore       0         
KI (2)    sum       0         lumber    0         brick     0         grain     0         wool      0         ore       0         
KI (3)    sum       0         lumber    0         brick     0         grain     0         wool      0         ore       0         
chris     sum       0         lumber    0         brick     0         grain     0         wool      0         ore       0         
[ M ]     sum       95        lumber    19        brick     19        grain     19        wool      19        ore       19        
2017-02-12 16:09:33.115 DEBUG model.players.Player 62 printPlayer - model.players.Human@729fc02
id        4         color     WHITE     name      chris     status    CONNECTION_LOST
vp        0         road      false     army      false     
dev       0         dice      0         
res       0         lumber    0         brick     0         grain     0         wool      0         ore       0         
dev       []
dev BLOCK []
Harbors   []
Roads          left      15        built     []
Settlements    left      5         built     []
Cities         left      4         built     []
2017-02-12 16:09:33.116 DEBUG model.Management 42 printManagement - model.Management@7df0e236
KI (1)    sum       0         lumber    0         brick     0         grain     0         wool      0         ore       0         
KI (2)    sum       0         lumber    0         brick     0         grain     0         wool      0         ore       0         
KI (3)    sum       0         lumber    0         brick     0         grain     0         wool      0         ore       0         
chris     sum       0         lumber    0         brick     0         grain     0         wool      0         ore       0         
[ M ]     sum       95        lumber    19        brick     19        grain     19        wool      19        ore       19        
