2017-02-12 16:07:38.860 INFO  network.server.Server 112 startUp - Started server...
hostname:   ChrisMacBookPro2016
ip:         192.168.2.106
port:       10003
2017-02-12 16:07:38.866 INFO  network.client.Client 93 connect - Socket[addr=localhost/127.0.0.1,port=10003,localport=53860]
2017-02-12 16:07:38.866 INFO  network.server.Server 136 run - 0
2017-02-12 16:07:38.868 INFO  network.server.ClientThread 221 setClientID - clientID: 1
2017-02-12 16:07:38.868 INFO  network.server.Server 142 run - Id: 1, Socket: Socket[addr=/127.0.0.1,port=53860,localport=10003]
2017-02-12 16:07:38.868 TRACE network.server.ClientThread 42 run - Enter
2017-02-12 16:07:38.870 WARN  network.client.ClientListener 386 writeToConsole - Case not covered!
2017-02-12 16:07:38.870 INFO  network.client.Client 104 connect - Connected to localhost, 10003
2017-02-12 16:07:38.878 INFO  network.server.ClientThread 126 msgThisClient -    1 > {"Hallo":{"Protokoll":"1.0","Version":"Catan-Server (DichteFideleForste"}}
2017-02-12 16:07:38.879 INFO  network.server.ClientThread 59 run -  < 1   {"Hallo":{"Version":"JavaFXClient 1.0 (DichteFideleLurche) (KI)"}}
2017-02-12 16:07:38.879 INFO  network.client.Client 153 sendMsg - {"Hallo":{"Version":"JavaFXClient 1.0 (DichteFideleLurche) (KI)"}}
2017-02-12 16:07:38.880 INFO  network.client.Client 169 receiveMsg - {"Hallo":{"Protokoll":"1.0","Version":"Catan-Server (DichteFideleForste"}}
2017-02-12 16:07:38.882 INFO  network.server.ClientThread 126 msgThisClient -    1 > {"Willkommen":{"id":1}}
2017-02-12 16:07:38.890 INFO  network.server.ClientThread 126 msgThisClient -    1 > {"Statusupdate":{"Spieler":{"Status":"Spiel starten","Rittermacht":0,"Längste Handelsstraße":false,"Siegpunkte":0,"Rohstoffe":{"Getreide":0,"Wolle":0,"Holz":0,"Lehm":0,"Erz":0},"id":1,"Entwicklungskarten":{"Straßenbau":0,"Erfindung":0,"Monopol":0,"Ritter":0,"Siegpunkt":0},"Größte Rittermacht":false}}}
2017-02-12 16:07:38.951 INFO  network.server.Server 136 run - 1
2017-02-12 16:07:38.951 INFO  network.client.Client 93 connect - Socket[addr=localhost/127.0.0.1,port=10003,localport=53861]
2017-02-12 16:07:38.952 INFO  network.server.ClientThread 221 setClientID - clientID: 2
2017-02-12 16:07:38.952 WARN  network.client.ClientListener 386 writeToConsole - Case not covered!
2017-02-12 16:07:38.952 INFO  network.server.Server 142 run - Id: 2, Socket: Socket[addr=/127.0.0.1,port=53861,localport=10003]
2017-02-12 16:07:38.952 INFO  network.client.Client 104 connect - Connected to localhost, 10003
2017-02-12 16:07:38.952 TRACE network.server.ClientThread 42 run - Enter
2017-02-12 16:07:38.953 INFO  network.server.ClientThread 126 msgThisClient -    2 > {"Hallo":{"Protokoll":"1.0","Version":"Catan-Server (DichteFideleForste"}}
2017-02-12 16:07:38.954 INFO  network.client.Client 153 sendMsg - {"Hallo":{"Version":"JavaFXClient 1.0 (DichteFideleLurche) (KI)"}}
2017-02-12 16:07:38.954 INFO  network.server.ClientThread 59 run -  < 2   {"Hallo":{"Version":"JavaFXClient 1.0 (DichteFideleLurche) (KI)"}}
2017-02-12 16:07:38.954 INFO  network.client.Client 169 receiveMsg - {"Hallo":{"Protokoll":"1.0","Version":"Catan-Server (DichteFideleForste"}}
2017-02-12 16:07:38.955 INFO  network.server.ClientThread 126 msgThisClient -    2 > {"Willkommen":{"id":2}}
2017-02-12 16:07:38.958 INFO  network.server.ClientThread 126 msgThisClient -    2 > {"Statusupdate":{"Spieler":{"Status":"Spiel starten","Rittermacht":0,"Längste Handelsstraße":false,"Siegpunkte":0,"Rohstoffe":{"Getreide":0,"Wolle":0,"Holz":0,"Lehm":0,"Erz":0},"id":2,"Entwicklungskarten":{"Straßenbau":0,"Erfindung":0,"Monopol":0,"Ritter":0,"Siegpunkt":0},"Größte Rittermacht":false}}}
2017-02-12 16:07:38.958 INFO  network.server.ClientThread 186 msgAllButThisClient -    1 > {"Statusupdate":{"Spieler":{"Status":"Spiel starten","Rittermacht":0,"Längste Handelsstraße":false,"Siegpunkte":0,"Rohstoffe":{"Unbekannt":0},"id":2,"Entwicklungskarten":{"Unbekannt":0},"Größte Rittermacht":false}}}
2017-02-12 16:07:38.965 INFO  network.server.ClientThread 126 msgThisClient -    2 > {"Statusupdate":{"Spieler":{"Status":"Spiel starten","Rittermacht":0,"Längste Handelsstraße":false,"Siegpunkte":0,"Rohstoffe":{"Unbekannt":0},"id":1,"Entwicklungskarten":{"Unbekannt":0},"Größte Rittermacht":false}}}
2017-02-12 16:07:39.034 INFO  network.server.Server 136 run - 2
2017-02-12 16:07:39.034 INFO  network.client.Client 93 connect - Socket[addr=localhost/127.0.0.1,port=10003,localport=53862]
2017-02-12 16:07:39.035 INFO  network.server.ClientThread 221 setClientID - clientID: 3
2017-02-12 16:07:39.035 WARN  network.client.ClientListener 386 writeToConsole - Case not covered!
2017-02-12 16:07:39.035 INFO  network.server.Server 142 run - Id: 3, Socket: Socket[addr=/127.0.0.1,port=53862,localport=10003]
2017-02-12 16:07:39.035 INFO  network.client.Client 104 connect - Connected to localhost, 10003
2017-02-12 16:07:39.035 TRACE network.server.ClientThread 42 run - Enter
2017-02-12 16:07:39.036 INFO  network.server.ClientThread 126 msgThisClient -    3 > {"Hallo":{"Protokoll":"1.0","Version":"Catan-Server (DichteFideleForste"}}
2017-02-12 16:07:39.036 INFO  network.server.ClientThread 59 run -  < 3   {"Hallo":{"Version":"JavaFXClient 1.0 (DichteFideleLurche) (KI)"}}
2017-02-12 16:07:39.036 INFO  network.client.Client 153 sendMsg - {"Hallo":{"Version":"JavaFXClient 1.0 (DichteFideleLurche) (KI)"}}
2017-02-12 16:07:39.037 INFO  network.client.Client 169 receiveMsg - {"Hallo":{"Protokoll":"1.0","Version":"Catan-Server (DichteFideleForste"}}
2017-02-12 16:07:39.037 INFO  network.server.ClientThread 126 msgThisClient -    3 > {"Willkommen":{"id":3}}
2017-02-12 16:07:39.040 INFO  network.server.ClientThread 126 msgThisClient -    3 > {"Statusupdate":{"Spieler":{"Status":"Spiel starten","Rittermacht":0,"Längste Handelsstraße":false,"Siegpunkte":0,"Rohstoffe":{"Getreide":0,"Wolle":0,"Holz":0,"Lehm":0,"Erz":0},"id":3,"Entwicklungskarten":{"Straßenbau":0,"Erfindung":0,"Monopol":0,"Ritter":0,"Siegpunkt":0},"Größte Rittermacht":false}}}
2017-02-12 16:07:39.041 INFO  network.server.ClientThread 186 msgAllButThisClient -    1 > {"Statusupdate":{"Spieler":{"Status":"Spiel starten","Rittermacht":0,"Längste Handelsstraße":false,"Siegpunkte":0,"Rohstoffe":{"Unbekannt":0},"id":3,"Entwicklungskarten":{"Unbekannt":0},"Größte Rittermacht":false}}}
2017-02-12 16:07:39.047 INFO  network.server.ClientThread 186 msgAllButThisClient -    2 > {"Statusupdate":{"Spieler":{"Status":"Spiel starten","Rittermacht":0,"Längste Handelsstraße":false,"Siegpunkte":0,"Rohstoffe":{"Unbekannt":0},"id":3,"Entwicklungskarten":{"Unbekannt":0},"Größte Rittermacht":false}}}
2017-02-12 16:07:39.050 INFO  network.client.Client 169 receiveMsg - {"Willkommen":{"id":1}}
2017-02-12 16:07:39.054 INFO  network.server.ClientThread 126 msgThisClient -    3 > {"Statusupdate":{"Spieler":{"Status":"Spiel starten","Rittermacht":0,"Längste Handelsstraße":false,"Siegpunkte":0,"Rohstoffe":{"Unbekannt":0},"id":1,"Entwicklungskarten":{"Unbekannt":0},"Größte Rittermacht":false}}}
2017-02-12 16:07:39.054 INFO  network.server.ClientThread 126 msgThisClient -    3 > {"Statusupdate":{"Spieler":{"Status":"Spiel starten","Rittermacht":0,"Längste Handelsstraße":false,"Siegpunkte":0,"Rohstoffe":{"Unbekannt":0},"id":2,"Entwicklungskarten":{"Unbekannt":0},"Größte Rittermacht":false}}}
2017-02-12 16:07:39.120 INFO  network.client.Client 169 receiveMsg - {"Willkommen":{"id":2}}
2017-02-12 16:07:39.133 INFO  network.client.Client 153 sendMsg - {"Spieler":{"Farbe":"Blau","Name":"KI (1)"}}
2017-02-12 16:07:39.133 INFO  network.server.ClientThread 59 run -  < 1   {"Spieler":{"Farbe":"Blau","Name":"KI (1)"}}
2017-02-12 16:07:39.133 INFO  network.client.Client 169 receiveMsg - {"Statusupdate":{"Spieler":{"Status":"Spiel starten","Rittermacht":0,"Längste Handelsstraße":false,"Siegpunkte":0,"Rohstoffe":{"Getreide":0,"Wolle":0,"Holz":0,"Lehm":0,"Erz":0},"id":1,"Entwicklungskarten":{"Straßenbau":0,"Erfindung":0,"Monopol":0,"Ritter":0,"Siegpunkt":0},"Größte Rittermacht":false}}}
2017-02-12 16:07:39.134 INFO  network.server.ClientThread 126 msgThisClient -    1 > {"Serverantwort":"OK"}
2017-02-12 16:07:39.134 INFO  network.server.ClientThread 126 msgThisClient -    1 > {"Statusupdate":{"Spieler":{"Status":"Spiel starten","Rittermacht":0,"Farbe":"Blau","Längste Handelsstraße":false,"Siegpunkte":0,"Rohstoffe":{"Getreide":0,"Wolle":0,"Holz":0,"Lehm":0,"Erz":0},"id":1,"Entwicklungskarten":{"Straßenbau":0,"Erfindung":0,"Monopol":0,"Ritter":0,"Siegpunkt":0},"Name":"KI (1)","Größte Rittermacht":false}}}
2017-02-12 16:07:39.135 INFO  network.server.ClientThread 186 msgAllButThisClient -    2 > {"Statusupdate":{"Spieler":{"Status":"Spiel starten","Rittermacht":0,"Farbe":"Blau","Längste Handelsstraße":false,"Siegpunkte":0,"Rohstoffe":{"Unbekannt":0},"id":1,"Entwicklungskarten":{"Unbekannt":0},"Name":"KI (1)","Größte Rittermacht":false}}}
2017-02-12 16:07:39.141 INFO  network.server.ClientThread 186 msgAllButThisClient -    3 > {"Statusupdate":{"Spieler":{"Status":"Spiel starten","Rittermacht":0,"Farbe":"Blau","Längste Handelsstraße":false,"Siegpunkte":0,"Rohstoffe":{"Unbekannt":0},"id":1,"Entwicklungskarten":{"Unbekannt":0},"Name":"KI (1)","Größte Rittermacht":false}}}
2017-02-12 16:07:39.201 INFO  network.client.Client 169 receiveMsg - {"Willkommen":{"id":3}}
2017-02-12 16:07:39.201 INFO  network.client.Client 153 sendMsg - {"Spieler":{"Farbe":"Rot","Name":"KI (2)"}}
2017-02-12 16:07:39.201 INFO  network.server.ClientThread 59 run -  < 2   {"Spieler":{"Farbe":"Rot","Name":"KI (2)"}}
2017-02-12 16:07:39.201 INFO  network.client.Client 169 receiveMsg - {"Statusupdate":{"Spieler":{"Status":"Spiel starten","Rittermacht":0,"Längste Handelsstraße":false,"Siegpunkte":0,"Rohstoffe":{"Getreide":0,"Wolle":0,"Holz":0,"Lehm":0,"Erz":0},"id":2,"Entwicklungskarten":{"Straßenbau":0,"Erfindung":0,"Monopol":0,"Ritter":0,"Siegpunkt":0},"Größte Rittermacht":false}}}
2017-02-12 16:07:39.202 INFO  network.server.ClientThread 126 msgThisClient -    2 > {"Serverantwort":"OK"}
2017-02-12 16:07:39.203 INFO  network.server.ClientThread 126 msgThisClient -    2 > {"Statusupdate":{"Spieler":{"Status":"Spiel starten","Rittermacht":0,"Farbe":"Rot","Längste Handelsstraße":false,"Siegpunkte":0,"Rohstoffe":{"Getreide":0,"Wolle":0,"Holz":0,"Lehm":0,"Erz":0},"id":2,"Entwicklungskarten":{"Straßenbau":0,"Erfindung":0,"Monopol":0,"Ritter":0,"Siegpunkt":0},"Name":"KI (2)","Größte Rittermacht":false}}}
2017-02-12 16:07:39.203 INFO  network.server.ClientThread 186 msgAllButThisClient -    1 > {"Statusupdate":{"Spieler":{"Status":"Spiel starten","Rittermacht":0,"Farbe":"Rot","Längste Handelsstraße":false,"Siegpunkte":0,"Rohstoffe":{"Unbekannt":0},"id":2,"Entwicklungskarten":{"Unbekannt":0},"Name":"KI (2)","Größte Rittermacht":false}}}
2017-02-12 16:07:39.210 INFO  network.server.ClientThread 186 msgAllButThisClient -    3 > {"Statusupdate":{"Spieler":{"Status":"Spiel starten","Rittermacht":0,"Farbe":"Rot","Längste Handelsstraße":false,"Siegpunkte":0,"Rohstoffe":{"Unbekannt":0},"id":2,"Entwicklungskarten":{"Unbekannt":0},"Name":"KI (2)","Größte Rittermacht":false}}}
2017-02-12 16:07:39.218 INFO  network.client.Client 169 receiveMsg - {"Statusupdate":{"Spieler":{"Status":"Spiel starten","Rittermacht":0,"Längste Handelsstraße":false,"Siegpunkte":0,"Rohstoffe":{"Unbekannt":0},"id":2,"Entwicklungskarten":{"Unbekannt":0},"Größte Rittermacht":false}}}
2017-02-12 16:07:39.285 INFO  network.client.Client 169 receiveMsg - {"Statusupdate":{"Spieler":{"Status":"Spiel starten","Rittermacht":0,"Längste Handelsstraße":false,"Siegpunkte":0,"Rohstoffe":{"Unbekannt":0},"id":1,"Entwicklungskarten":{"Unbekannt":0},"Größte Rittermacht":false}}}
2017-02-12 16:07:39.285 INFO  network.client.Client 153 sendMsg - {"Spieler":{"Farbe":"Orange","Name":"KI (3)"}}
2017-02-12 16:07:39.285 INFO  network.server.ClientThread 59 run -  < 3   {"Spieler":{"Farbe":"Orange","Name":"KI (3)"}}
2017-02-12 16:07:39.286 INFO  network.client.Client 169 receiveMsg - {"Statusupdate":{"Spieler":{"Status":"Spiel starten","Rittermacht":0,"Längste Handelsstraße":false,"Siegpunkte":0,"Rohstoffe":{"Getreide":0,"Wolle":0,"Holz":0,"Lehm":0,"Erz":0},"id":3,"Entwicklungskarten":{"Straßenbau":0,"Erfindung":0,"Monopol":0,"Ritter":0,"Siegpunkt":0},"Größte Rittermacht":false}}}
2017-02-12 16:07:39.286 INFO  network.server.ClientThread 126 msgThisClient -    3 > {"Serverantwort":"OK"}
2017-02-12 16:07:39.287 INFO  network.server.ClientThread 126 msgThisClient -    3 > {"Statusupdate":{"Spieler":{"Status":"Spiel starten","Rittermacht":0,"Farbe":"Orange","Längste Handelsstraße":false,"Siegpunkte":0,"Rohstoffe":{"Getreide":0,"Wolle":0,"Holz":0,"Lehm":0,"Erz":0},"id":3,"Entwicklungskarten":{"Straßenbau":0,"Erfindung":0,"Monopol":0,"Ritter":0,"Siegpunkt":0},"Name":"KI (3)","Größte Rittermacht":false}}}
2017-02-12 16:07:39.288 INFO  network.server.ClientThread 186 msgAllButThisClient -    1 > {"Statusupdate":{"Spieler":{"Status":"Spiel starten","Rittermacht":0,"Farbe":"Orange","Längste Handelsstraße":false,"Siegpunkte":0,"Rohstoffe":{"Unbekannt":0},"id":3,"Entwicklungskarten":{"Unbekannt":0},"Name":"KI (3)","Größte Rittermacht":false}}}
2017-02-12 16:07:39.293 INFO  network.server.ClientThread 186 msgAllButThisClient -    2 > {"Statusupdate":{"Spieler":{"Status":"Spiel starten","Rittermacht":0,"Farbe":"Orange","Längste Handelsstraße":false,"Siegpunkte":0,"Rohstoffe":{"Unbekannt":0},"id":3,"Entwicklungskarten":{"Unbekannt":0},"Name":"KI (3)","Größte Rittermacht":false}}}
2017-02-12 16:07:39.299 INFO  network.client.Client 169 receiveMsg - {"Statusupdate":{"Spieler":{"Status":"Spiel starten","Rittermacht":0,"Längste Handelsstraße":false,"Siegpunkte":0,"Rohstoffe":{"Unbekannt":0},"id":3,"Entwicklungskarten":{"Unbekannt":0},"Größte Rittermacht":false}}}
2017-02-12 16:07:39.370 INFO  network.client.Client 169 receiveMsg - {"Statusupdate":{"Spieler":{"Status":"Spiel starten","Rittermacht":0,"Längste Handelsstraße":false,"Siegpunkte":0,"Rohstoffe":{"Unbekannt":0},"id":3,"Entwicklungskarten":{"Unbekannt":0},"Größte Rittermacht":false}}}
2017-02-12 16:07:39.370 INFO  network.client.Client 169 receiveMsg - {"Statusupdate":{"Spieler":{"Status":"Spiel starten","Rittermacht":0,"Längste Handelsstraße":false,"Siegpunkte":0,"Rohstoffe":{"Unbekannt":0},"id":1,"Entwicklungskarten":{"Unbekannt":0},"Größte Rittermacht":false}}}
2017-02-12 16:07:39.383 WARN  network.client.ClientListener 249 handleMsg - Case not covered!
2017-02-12 16:07:39.383 INFO  network.client.Client 169 receiveMsg - {"Serverantwort":"OK"}
2017-02-12 16:07:39.455 INFO  network.client.Client 169 receiveMsg - {"Statusupdate":{"Spieler":{"Status":"Spiel starten","Rittermacht":0,"Längste Handelsstraße":false,"Siegpunkte":0,"Rohstoffe":{"Unbekannt":0},"id":2,"Entwicklungskarten":{"Unbekannt":0},"Größte Rittermacht":false}}}
2017-02-12 16:07:39.455 INFO  network.client.Client 169 receiveMsg - {"Statusupdate":{"Spieler":{"Status":"Spiel starten","Rittermacht":0,"Farbe":"Blau","Längste Handelsstraße":false,"Siegpunkte":0,"Rohstoffe":{"Unbekannt":0},"id":1,"Entwicklungskarten":{"Unbekannt":0},"Name":"KI (1)","Größte Rittermacht":false}}}
2017-02-12 16:07:39.468 INFO  network.client.Client 153 sendMsg - {"Spiel starten":{}}
2017-02-12 16:07:39.468 INFO  network.server.ClientThread 59 run -  < 1   {"Spiel starten":{}}
2017-02-12 16:07:39.469 INFO  network.client.Client 169 receiveMsg - {"Statusupdate":{"Spieler":{"Status":"Spiel starten","Rittermacht":0,"Farbe":"Blau","Längste Handelsstraße":false,"Siegpunkte":0,"Rohstoffe":{"Getreide":0,"Wolle":0,"Holz":0,"Lehm":0,"Erz":0},"id":1,"Entwicklungskarten":{"Straßenbau":0,"Erfindung":0,"Monopol":0,"Ritter":0,"Siegpunkt":0},"Name":"KI (1)","Größte Rittermacht":false}}}
2017-02-12 16:07:39.471 INFO  network.server.ClientThread 126 msgThisClient -    1 > {"Serverantwort":"OK"}
2017-02-12 16:07:39.472 INFO  network.server.ClientThread 126 msgThisClient -    1 > {"Statusupdate":{"Spieler":{"Status":"Wartet auf Spielbeginn","Rittermacht":0,"Farbe":"Blau","Längste Handelsstraße":false,"Siegpunkte":0,"Rohstoffe":{"Getreide":0,"Wolle":0,"Holz":0,"Lehm":0,"Erz":0},"id":1,"Entwicklungskarten":{"Straßenbau":0,"Erfindung":0,"Monopol":0,"Ritter":0,"Siegpunkt":0},"Name":"KI (1)","Größte Rittermacht":false}}}
2017-02-12 16:07:39.472 INFO  network.server.ClientThread 186 msgAllButThisClient -    2 > {"Statusupdate":{"Spieler":{"Status":"Wartet auf Spielbeginn","Rittermacht":0,"Farbe":"Blau","Längste Handelsstraße":false,"Siegpunkte":0,"Rohstoffe":{"Unbekannt":0},"id":1,"Entwicklungskarten":{"Unbekannt":0},"Name":"KI (1)","Größte Rittermacht":false}}}
2017-02-12 16:07:39.479 INFO  network.server.ClientThread 186 msgAllButThisClient -    3 > {"Statusupdate":{"Spieler":{"Status":"Wartet auf Spielbeginn","Rittermacht":0,"Farbe":"Blau","Längste Handelsstraße":false,"Siegpunkte":0,"Rohstoffe":{"Unbekannt":0},"id":1,"Entwicklungskarten":{"Unbekannt":0},"Name":"KI (1)","Größte Rittermacht":false}}}
2017-02-12 16:07:39.538 WARN  network.client.ClientListener 249 handleMsg - Case not covered!
2017-02-12 16:07:39.538 INFO  network.client.Client 169 receiveMsg - {"Statusupdate":{"Spieler":{"Status":"Spiel starten","Rittermacht":0,"Farbe":"Blau","Längste Handelsstraße":false,"Siegpunkte":0,"Rohstoffe":{"Unbekannt":0},"id":1,"Entwicklungskarten":{"Unbekannt":0},"Name":"KI (1)","Größte Rittermacht":false}}}
2017-02-12 16:07:39.538 INFO  network.client.Client 169 receiveMsg - {"Serverantwort":"OK"}
2017-02-12 16:07:39.549 INFO  network.client.Client 169 receiveMsg - {"Statusupdate":{"Spieler":{"Status":"Spiel starten","Rittermacht":0,"Farbe":"Rot","Längste Handelsstraße":false,"Siegpunkte":0,"Rohstoffe":{"Unbekannt":0},"id":2,"Entwicklungskarten":{"Unbekannt":0},"Name":"KI (2)","Größte Rittermacht":false}}}
2017-02-12 16:07:39.619 INFO  network.client.Client 169 receiveMsg - {"Statusupdate":{"Spieler":{"Status":"Spiel starten","Rittermacht":0,"Farbe":"Rot","Längste Handelsstraße":false,"Siegpunkte":0,"Rohstoffe":{"Unbekannt":0},"id":2,"Entwicklungskarten":{"Unbekannt":0},"Name":"KI (2)","Größte Rittermacht":false}}}
2017-02-12 16:07:39.619 INFO  network.client.Client 153 sendMsg - {"Spiel starten":{}}
2017-02-12 16:07:39.620 INFO  network.server.ClientThread 59 run -  < 2   {"Spiel starten":{}}
2017-02-12 16:07:39.620 INFO  network.client.Client 169 receiveMsg - {"Statusupdate":{"Spieler":{"Status":"Spiel starten","Rittermacht":0,"Farbe":"Rot","Längste Handelsstraße":false,"Siegpunkte":0,"Rohstoffe":{"Getreide":0,"Wolle":0,"Holz":0,"Lehm":0,"Erz":0},"id":2,"Entwicklungskarten":{"Straßenbau":0,"Erfindung":0,"Monopol":0,"Ritter":0,"Siegpunkt":0},"Name":"KI (2)","Größte Rittermacht":false}}}
2017-02-12 16:07:39.623 INFO  network.server.ClientThread 126 msgThisClient -    2 > {"Serverantwort":"OK"}
2017-02-12 16:07:39.623 INFO  network.server.ClientThread 126 msgThisClient -    2 > {"Statusupdate":{"Spieler":{"Status":"Wartet auf Spielbeginn","Rittermacht":0,"Farbe":"Rot","Längste Handelsstraße":false,"Siegpunkte":0,"Rohstoffe":{"Getreide":0,"Wolle":0,"Holz":0,"Lehm":0,"Erz":0},"id":2,"Entwicklungskarten":{"Straßenbau":0,"Erfindung":0,"Monopol":0,"Ritter":0,"Siegpunkt":0},"Name":"KI (2)","Größte Rittermacht":false}}}
2017-02-12 16:07:39.623 INFO  network.server.ClientThread 186 msgAllButThisClient -    1 > {"Statusupdate":{"Spieler":{"Status":"Wartet auf Spielbeginn","Rittermacht":0,"Farbe":"Rot","Längste Handelsstraße":false,"Siegpunkte":0,"Rohstoffe":{"Unbekannt":0},"id":2,"Entwicklungskarten":{"Unbekannt":0},"Name":"KI (2)","Größte Rittermacht":false}}}
2017-02-12 16:07:39.629 INFO  network.server.ClientThread 186 msgAllButThisClient -    3 > {"Statusupdate":{"Spieler":{"Status":"Wartet auf Spielbeginn","Rittermacht":0,"Farbe":"Rot","Längste Handelsstraße":false,"Siegpunkte":0,"Rohstoffe":{"Unbekannt":0},"id":2,"Entwicklungskarten":{"Unbekannt":0},"Name":"KI (2)","Größte Rittermacht":false}}}
2017-02-12 16:07:39.631 INFO  network.client.Client 169 receiveMsg - {"Statusupdate":{"Spieler":{"Status":"Spiel starten","Rittermacht":0,"Farbe":"Orange","Längste Handelsstraße":false,"Siegpunkte":0,"Rohstoffe":{"Unbekannt":0},"id":3,"Entwicklungskarten":{"Unbekannt":0},"Name":"KI (3)","Größte Rittermacht":false}}}
2017-02-12 16:07:39.700 WARN  network.client.ClientListener 249 handleMsg - Case not covered!
2017-02-12 16:07:39.701 INFO  network.client.Client 169 receiveMsg - {"Statusupdate":{"Spieler":{"Status":"Spiel starten","Rittermacht":0,"Farbe":"Orange","Längste Handelsstraße":false,"Siegpunkte":0,"Rohstoffe":{"Unbekannt":0},"id":3,"Entwicklungskarten":{"Unbekannt":0},"Name":"KI (3)","Größte Rittermacht":false}}}
2017-02-12 16:07:39.701 INFO  network.client.Client 169 receiveMsg - {"Serverantwort":"OK"}
2017-02-12 16:07:39.715 WARN  network.client.ClientListener 249 handleMsg - Case not covered!
2017-02-12 16:07:39.715 INFO  network.client.Client 169 receiveMsg - {"Serverantwort":"OK"}
2017-02-12 16:07:39.781 WARN  network.client.ClientListener 766 internalAi - Case not covered!
2017-02-12 16:07:39.782 INFO  network.client.Client 153 sendMsg - {"Spiel starten":{}}
2017-02-12 16:07:39.782 INFO  network.server.ClientThread 59 run -  < 3   {"Spiel starten":{}}
2017-02-12 16:07:39.782 INFO  network.client.Client 169 receiveMsg - {"Statusupdate":{"Spieler":{"Status":"Wartet auf Spielbeginn","Rittermacht":0,"Farbe":"Blau","Längste Handelsstraße":false,"Siegpunkte":0,"Rohstoffe":{"Unbekannt":0},"id":1,"Entwicklungskarten":{"Unbekannt":0},"Name":"KI (1)","Größte Rittermacht":false}}}
2017-02-12 16:07:39.782 INFO  network.client.Client 169 receiveMsg - {"Statusupdate":{"Spieler":{"Status":"Spiel starten","Rittermacht":0,"Farbe":"Orange","Längste Handelsstraße":false,"Siegpunkte":0,"Rohstoffe":{"Getreide":0,"Wolle":0,"Holz":0,"Lehm":0,"Erz":0},"id":3,"Entwicklungskarten":{"Straßenbau":0,"Erfindung":0,"Monopol":0,"Ritter":0,"Siegpunkt":0},"Name":"KI (3)","Größte Rittermacht":false}}}
2017-02-12 16:07:39.785 INFO  network.server.ClientThread 126 msgThisClient -    3 > {"Serverantwort":"OK"}
2017-02-12 16:07:39.786 INFO  network.server.ClientThread 126 msgThisClient -    3 > {"Statusupdate":{"Spieler":{"Status":"Wartet auf Spielbeginn","Rittermacht":0,"Farbe":"Orange","Längste Handelsstraße":false,"Siegpunkte":0,"Rohstoffe":{"Getreide":0,"Wolle":0,"Holz":0,"Lehm":0,"Erz":0},"id":3,"Entwicklungskarten":{"Straßenbau":0,"Erfindung":0,"Monopol":0,"Ritter":0,"Siegpunkt":0},"Name":"KI (3)","Größte Rittermacht":false}}}
2017-02-12 16:07:39.787 INFO  network.server.ClientThread 186 msgAllButThisClient -    1 > {"Statusupdate":{"Spieler":{"Status":"Wartet auf Spielbeginn","Rittermacht":0,"Farbe":"Orange","Längste Handelsstraße":false,"Siegpunkte":0,"Rohstoffe":{"Unbekannt":0},"id":3,"Entwicklungskarten":{"Unbekannt":0},"Name":"KI (3)","Größte Rittermacht":false}}}
2017-02-12 16:07:39.793 INFO  network.server.ClientThread 186 msgAllButThisClient -    2 > {"Statusupdate":{"Spieler":{"Status":"Wartet auf Spielbeginn","Rittermacht":0,"Farbe":"Orange","Längste Handelsstraße":false,"Siegpunkte":0,"Rohstoffe":{"Unbekannt":0},"id":3,"Entwicklungskarten":{"Unbekannt":0},"Name":"KI (3)","Größte Rittermacht":false}}}
2017-02-12 16:07:39.798 WARN  network.client.ClientListener 766 internalAi - Case not covered!
2017-02-12 16:07:39.798 INFO  network.client.Client 169 receiveMsg - {"Statusupdate":{"Spieler":{"Status":"Wartet auf Spielbeginn","Rittermacht":0,"Farbe":"Blau","Längste Handelsstraße":false,"Siegpunkte":0,"Rohstoffe":{"Getreide":0,"Wolle":0,"Holz":0,"Lehm":0,"Erz":0},"id":1,"Entwicklungskarten":{"Straßenbau":0,"Erfindung":0,"Monopol":0,"Ritter":0,"Siegpunkt":0},"Name":"KI (1)","Größte Rittermacht":false}}}
2017-02-12 16:07:39.867 WARN  network.client.ClientListener 766 internalAi - Case not covered!
2017-02-12 16:07:39.867 WARN  network.client.ClientListener 249 handleMsg - Case not covered!
2017-02-12 16:07:39.868 INFO  network.client.Client 169 receiveMsg - {"Statusupdate":{"Spieler":{"Status":"Wartet auf Spielbeginn","Rittermacht":0,"Farbe":"Blau","Längste Handelsstraße":false,"Siegpunkte":0,"Rohstoffe":{"Unbekannt":0},"id":1,"Entwicklungskarten":{"Unbekannt":0},"Name":"KI (1)","Größte Rittermacht":false}}}
2017-02-12 16:07:39.868 INFO  network.client.Client 169 receiveMsg - {"Serverantwort":"OK"}
2017-02-12 16:07:39.880 WARN  network.client.ClientListener 766 internalAi - Case not covered!
2017-02-12 16:07:39.880 INFO  network.client.Client 169 receiveMsg - {"Statusupdate":{"Spieler":{"Status":"Wartet auf Spielbeginn","Rittermacht":0,"Farbe":"Rot","Längste Handelsstraße":false,"Siegpunkte":0,"Rohstoffe":{"Unbekannt":0},"id":2,"Entwicklungskarten":{"Unbekannt":0},"Name":"KI (2)","Größte Rittermacht":false}}}
2017-02-12 16:07:39.949 WARN  network.client.ClientListener 766 internalAi - Case not covered!
2017-02-12 16:07:39.949 WARN  network.client.ClientListener 766 internalAi - Case not covered!
2017-02-12 16:07:39.950 INFO  network.client.Client 169 receiveMsg - {"Statusupdate":{"Spieler":{"Status":"Wartet auf Spielbeginn","Rittermacht":0,"Farbe":"Rot","Längste Handelsstraße":false,"Siegpunkte":0,"Rohstoffe":{"Getreide":0,"Wolle":0,"Holz":0,"Lehm":0,"Erz":0},"id":2,"Entwicklungskarten":{"Straßenbau":0,"Erfindung":0,"Monopol":0,"Ritter":0,"Siegpunkt":0},"Name":"KI (2)","Größte Rittermacht":false}}}
2017-02-12 16:07:39.950 INFO  network.client.Client 169 receiveMsg - {"Statusupdate":{"Spieler":{"Status":"Wartet auf Spielbeginn","Rittermacht":0,"Farbe":"Rot","Längste Handelsstraße":false,"Siegpunkte":0,"Rohstoffe":{"Unbekannt":0},"id":2,"Entwicklungskarten":{"Unbekannt":0},"Name":"KI (2)","Größte Rittermacht":false}}}
2017-02-12 16:07:39.964 WARN  network.client.ClientListener 766 internalAi - Case not covered!
2017-02-12 16:07:39.964 INFO  network.client.Client 169 receiveMsg - {"Statusupdate":{"Spieler":{"Status":"Wartet auf Spielbeginn","Rittermacht":0,"Farbe":"Orange","Längste Handelsstraße":false,"Siegpunkte":0,"Rohstoffe":{"Unbekannt":0},"id":3,"Entwicklungskarten":{"Unbekannt":0},"Name":"KI (3)","Größte Rittermacht":false}}}
2017-02-12 16:07:40.033 WARN  network.client.ClientListener 766 internalAi - Case not covered!
2017-02-12 16:07:40.033 WARN  network.client.ClientListener 249 handleMsg - Case not covered!
2017-02-12 16:07:40.033 INFO  network.client.Client 169 receiveMsg - {"Statusupdate":{"Spieler":{"Status":"Wartet auf Spielbeginn","Rittermacht":0,"Farbe":"Orange","Längste Handelsstraße":false,"Siegpunkte":0,"Rohstoffe":{"Unbekannt":0},"id":3,"Entwicklungskarten":{"Unbekannt":0},"Name":"KI (3)","Größte Rittermacht":false}}}
2017-02-12 16:07:40.033 INFO  network.client.Client 169 receiveMsg - {"Serverantwort":"OK"}
2017-02-12 16:07:40.118 WARN  network.client.ClientListener 766 internalAi - Case not covered!
2017-02-12 16:07:40.119 INFO  network.client.Client 169 receiveMsg - {"Statusupdate":{"Spieler":{"Status":"Wartet auf Spielbeginn","Rittermacht":0,"Farbe":"Orange","Längste Handelsstraße":false,"Siegpunkte":0,"Rohstoffe":{"Getreide":0,"Wolle":0,"Holz":0,"Lehm":0,"Erz":0},"id":3,"Entwicklungskarten":{"Straßenbau":0,"Erfindung":0,"Monopol":0,"Ritter":0,"Siegpunkt":0},"Name":"KI (3)","Größte Rittermacht":false}}}
2017-02-12 16:07:53.666 INFO  network.server.Server 136 run - 3
2017-02-12 16:07:53.666 INFO  network.server.ClientThread 221 setClientID - clientID: 4
2017-02-12 16:07:53.667 INFO  network.server.Server 142 run - Id: 4, Socket: Socket[addr=/192.168.2.106,port=53863,localport=10003]
2017-02-12 16:07:53.667 TRACE network.server.ClientThread 42 run - Enter
2017-02-12 16:07:53.667 INFO  network.server.ClientThread 126 msgThisClient -    4 > {"Hallo":{"Protokoll":"1.0","Version":"Catan-Server (DichteFideleForste"}}
2017-02-12 16:07:53.686 INFO  network.server.ClientThread 59 run -  < 4   {"Hallo":{"Version":"JavaFXClient 1.0 (DichteFideleLurche)"}}
2017-02-12 16:07:53.688 INFO  network.server.ClientThread 126 msgThisClient -    4 > {"Willkommen":{"id":4}}
2017-02-12 16:07:53.692 INFO  network.server.ClientThread 126 msgThisClient -    4 > {"Statusupdate":{"Spieler":{"Status":"Spiel starten","Rittermacht":0,"Längste Handelsstraße":false,"Siegpunkte":0,"Rohstoffe":{"Getreide":0,"Wolle":0,"Holz":0,"Lehm":0,"Erz":0},"id":4,"Entwicklungskarten":{"Straßenbau":0,"Erfindung":0,"Monopol":0,"Ritter":0,"Siegpunkt":0},"Größte Rittermacht":false}}}
2017-02-12 16:07:53.693 INFO  network.server.ClientThread 186 msgAllButThisClient -    1 > {"Statusupdate":{"Spieler":{"Status":"Spiel starten","Rittermacht":0,"Längste Handelsstraße":false,"Siegpunkte":0,"Rohstoffe":{"Unbekannt":0},"id":4,"Entwicklungskarten":{"Unbekannt":0},"Größte Rittermacht":false}}}
2017-02-12 16:07:53.693 INFO  network.client.Client 169 receiveMsg - {"Statusupdate":{"Spieler":{"Status":"Spiel starten","Rittermacht":0,"Längste Handelsstraße":false,"Siegpunkte":0,"Rohstoffe":{"Unbekannt":0},"id":4,"Entwicklungskarten":{"Unbekannt":0},"Größte Rittermacht":false}}}
2017-02-12 16:07:53.699 INFO  network.server.ClientThread 186 msgAllButThisClient -    2 > {"Statusupdate":{"Spieler":{"Status":"Spiel starten","Rittermacht":0,"Längste Handelsstraße":false,"Siegpunkte":0,"Rohstoffe":{"Unbekannt":0},"id":4,"Entwicklungskarten":{"Unbekannt":0},"Größte Rittermacht":false}}}
2017-02-12 16:07:53.699 INFO  network.client.Client 169 receiveMsg - {"Statusupdate":{"Spieler":{"Status":"Spiel starten","Rittermacht":0,"Längste Handelsstraße":false,"Siegpunkte":0,"Rohstoffe":{"Unbekannt":0},"id":4,"Entwicklungskarten":{"Unbekannt":0},"Größte Rittermacht":false}}}
2017-02-12 16:07:53.705 INFO  network.server.ClientThread 186 msgAllButThisClient -    3 > {"Statusupdate":{"Spieler":{"Status":"Spiel starten","Rittermacht":0,"Längste Handelsstraße":false,"Siegpunkte":0,"Rohstoffe":{"Unbekannt":0},"id":4,"Entwicklungskarten":{"Unbekannt":0},"Größte Rittermacht":false}}}
2017-02-12 16:07:53.706 INFO  network.client.Client 169 receiveMsg - {"Statusupdate":{"Spieler":{"Status":"Spiel starten","Rittermacht":0,"Längste Handelsstraße":false,"Siegpunkte":0,"Rohstoffe":{"Unbekannt":0},"id":4,"Entwicklungskarten":{"Unbekannt":0},"Größte Rittermacht":false}}}
2017-02-12 16:07:53.711 INFO  network.server.ClientThread 126 msgThisClient -    4 > {"Statusupdate":{"Spieler":{"Status":"Wartet auf Spielbeginn","Rittermacht":0,"Farbe":"Blau","Längste Handelsstraße":false,"Siegpunkte":0,"Rohstoffe":{"Unbekannt":0},"id":1,"Entwicklungskarten":{"Unbekannt":0},"Name":"KI (1)","Größte Rittermacht":false}}}
2017-02-12 16:07:53.712 INFO  network.server.ClientThread 126 msgThisClient -    4 > {"Statusupdate":{"Spieler":{"Status":"Wartet auf Spielbeginn","Rittermacht":0,"Farbe":"Rot","Längste Handelsstraße":false,"Siegpunkte":0,"Rohstoffe":{"Unbekannt":0},"id":2,"Entwicklungskarten":{"Unbekannt":0},"Name":"KI (2)","Größte Rittermacht":false}}}
2017-02-12 16:07:53.712 INFO  network.server.ClientThread 126 msgThisClient -    4 > {"Statusupdate":{"Spieler":{"Status":"Wartet auf Spielbeginn","Rittermacht":0,"Farbe":"Orange","Längste Handelsstraße":false,"Siegpunkte":0,"Rohstoffe":{"Unbekannt":0},"id":3,"Entwicklungskarten":{"Unbekannt":0},"Name":"KI (3)","Größte Rittermacht":false}}}
2017-02-12 16:08:01.082 INFO  network.server.ClientThread 59 run -  < 4   {"Spieler":{"Farbe":"Weiß","Name":"chris"}}
2017-02-12 16:08:01.083 INFO  network.server.ClientThread 126 msgThisClient -    4 > {"Serverantwort":"OK"}
2017-02-12 16:08:01.084 INFO  network.server.ClientThread 126 msgThisClient -    4 > {"Statusupdate":{"Spieler":{"Status":"Spiel starten","Rittermacht":0,"Farbe":"Weiß","Längste Handelsstraße":false,"Siegpunkte":0,"Rohstoffe":{"Getreide":0,"Wolle":0,"Holz":0,"Lehm":0,"Erz":0},"id":4,"Entwicklungskarten":{"Straßenbau":0,"Erfindung":0,"Monopol":0,"Ritter":0,"Siegpunkt":0},"Name":"chris","Größte Rittermacht":false}}}
2017-02-12 16:08:01.084 INFO  network.server.ClientThread 186 msgAllButThisClient -    1 > {"Statusupdate":{"Spieler":{"Status":"Spiel starten","Rittermacht":0,"Farbe":"Weiß","Längste Handelsstraße":false,"Siegpunkte":0,"Rohstoffe":{"Unbekannt":0},"id":4,"Entwicklungskarten":{"Unbekannt":0},"Name":"chris","Größte Rittermacht":false}}}
2017-02-12 16:08:01.084 INFO  network.client.Client 169 receiveMsg - {"Statusupdate":{"Spieler":{"Status":"Spiel starten","Rittermacht":0,"Farbe":"Weiß","Längste Handelsstraße":false,"Siegpunkte":0,"Rohstoffe":{"Unbekannt":0},"id":4,"Entwicklungskarten":{"Unbekannt":0},"Name":"chris","Größte Rittermacht":false}}}
2017-02-12 16:08:01.090 INFO  network.server.ClientThread 186 msgAllButThisClient -    2 > {"Statusupdate":{"Spieler":{"Status":"Spiel starten","Rittermacht":0,"Farbe":"Weiß","Längste Handelsstraße":false,"Siegpunkte":0,"Rohstoffe":{"Unbekannt":0},"id":4,"Entwicklungskarten":{"Unbekannt":0},"Name":"chris","Größte Rittermacht":false}}}
2017-02-12 16:08:01.090 INFO  network.client.Client 169 receiveMsg - {"Statusupdate":{"Spieler":{"Status":"Spiel starten","Rittermacht":0,"Farbe":"Weiß","Längste Handelsstraße":false,"Siegpunkte":0,"Rohstoffe":{"Unbekannt":0},"id":4,"Entwicklungskarten":{"Unbekannt":0},"Name":"chris","Größte Rittermacht":false}}}
2017-02-12 16:08:01.096 INFO  network.server.ClientThread 186 msgAllButThisClient -    3 > {"Statusupdate":{"Spieler":{"Status":"Spiel starten","Rittermacht":0,"Farbe":"Weiß","Längste Handelsstraße":false,"Siegpunkte":0,"Rohstoffe":{"Unbekannt":0},"id":4,"Entwicklungskarten":{"Unbekannt":0},"Name":"chris","Größte Rittermacht":false}}}
2017-02-12 16:08:01.096 INFO  network.client.Client 169 receiveMsg - {"Statusupdate":{"Spieler":{"Status":"Spiel starten","Rittermacht":0,"Farbe":"Weiß","Längste Handelsstraße":false,"Siegpunkte":0,"Rohstoffe":{"Unbekannt":0},"id":4,"Entwicklungskarten":{"Unbekannt":0},"Name":"chris","Größte Rittermacht":false}}}
2017-02-12 16:08:02.975 INFO  network.server.ClientThread 59 run -  < 4   {"Spiel starten":{}}
2017-02-12 16:08:02.977 INFO  network.server.ClientThread 126 msgThisClient -    4 > {"Serverantwort":"OK"}
2017-02-12 16:08:02.978 INFO  network.server.ClientThread 126 msgThisClient -    4 > {"Statusupdate":{"Spieler":{"Status":"Wartet auf Spielbeginn","Rittermacht":0,"Farbe":"Weiß","Längste Handelsstraße":false,"Siegpunkte":0,"Rohstoffe":{"Getreide":0,"Wolle":0,"Holz":0,"Lehm":0,"Erz":0},"id":4,"Entwicklungskarten":{"Straßenbau":0,"Erfindung":0,"Monopol":0,"Ritter":0,"Siegpunkt":0},"Name":"chris","Größte Rittermacht":false}}}
2017-02-12 16:08:02.979 INFO  network.server.ClientThread 186 msgAllButThisClient -    1 > {"Statusupdate":{"Spieler":{"Status":"Wartet auf Spielbeginn","Rittermacht":0,"Farbe":"Weiß","Längste Handelsstraße":false,"Siegpunkte":0,"Rohstoffe":{"Unbekannt":0},"id":4,"Entwicklungskarten":{"Unbekannt":0},"Name":"chris","Größte Rittermacht":false}}}
2017-02-12 16:08:02.979 WARN  network.client.ClientListener 766 internalAi - Case not covered!
2017-02-12 16:08:02.979 INFO  network.client.Client 169 receiveMsg - {"Statusupdate":{"Spieler":{"Status":"Wartet auf Spielbeginn","Rittermacht":0,"Farbe":"Weiß","Längste Handelsstraße":false,"Siegpunkte":0,"Rohstoffe":{"Unbekannt":0},"id":4,"Entwicklungskarten":{"Unbekannt":0},"Name":"chris","Größte Rittermacht":false}}}
2017-02-12 16:08:02.984 INFO  network.server.ClientThread 186 msgAllButThisClient -    2 > {"Statusupdate":{"Spieler":{"Status":"Wartet auf Spielbeginn","Rittermacht":0,"Farbe":"Weiß","Längste Handelsstraße":false,"Siegpunkte":0,"Rohstoffe":{"Unbekannt":0},"id":4,"Entwicklungskarten":{"Unbekannt":0},"Name":"chris","Größte Rittermacht":false}}}
2017-02-12 16:08:02.984 WARN  network.client.ClientListener 766 internalAi - Case not covered!
2017-02-12 16:08:02.985 INFO  network.client.Client 169 receiveMsg - {"Statusupdate":{"Spieler":{"Status":"Wartet auf Spielbeginn","Rittermacht":0,"Farbe":"Weiß","Längste Handelsstraße":false,"Siegpunkte":0,"Rohstoffe":{"Unbekannt":0},"id":4,"Entwicklungskarten":{"Unbekannt":0},"Name":"chris","Größte Rittermacht":false}}}
2017-02-12 16:08:02.990 INFO  network.server.ClientThread 186 msgAllButThisClient -    3 > {"Statusupdate":{"Spieler":{"Status":"Wartet auf Spielbeginn","Rittermacht":0,"Farbe":"Weiß","Längste Handelsstraße":false,"Siegpunkte":0,"Rohstoffe":{"Unbekannt":0},"id":4,"Entwicklungskarten":{"Unbekannt":0},"Name":"chris","Größte Rittermacht":false}}}
2017-02-12 16:08:02.990 WARN  network.client.ClientListener 766 internalAi - Case not covered!
2017-02-12 16:08:02.990 INFO  network.client.Client 169 receiveMsg - {"Statusupdate":{"Spieler":{"Status":"Wartet auf Spielbeginn","Rittermacht":0,"Farbe":"Weiß","Längste Handelsstraße":false,"Siegpunkte":0,"Rohstoffe":{"Unbekannt":0},"id":4,"Entwicklungskarten":{"Unbekannt":0},"Name":"chris","Größte Rittermacht":false}}}
2017-02-12 16:08:02.997 INFO  network.server.ClientThread 153 msgAll -    1 > {"Spiel gestartet":{"Karte":{"Felder":[{"Ort":{"x":-3,"y":2},"Typ":"Meer"},{"Ort":{"x":2,"y":0},"Zahl":8,"Typ":"Weideland"},{"Ort":{"x":3,"y":-3},"Typ":"Meer"},{"Ort":{"x":-2,"y":3},"Typ":"Meer"},{"Ort":{"x":-1,"y":0},"Zahl":4,"Typ":"Gebirge"},{"Ort":{"x":0,"y":-3},"Typ":"Meer"},{"Ort":{"x":2,"y":1},"Typ":"Meer"},{"Ort":{"x":-3,"y":1},"Typ":"Meer"},{"Ort":{"x":-1,"y":2},"Zahl":2,"Typ":"Ackerland"},{"Ort":{"x":0,"y":2},"Zahl":5,"Typ":"Weideland"},{"Ort":{"x":1,"y":2},"Typ":"Meer"},{"Ort":{"x":-2,"y":1},"Zahl":3,"Typ":"Ackerland"},{"Ort":{"x":2,"y":-2},"Zahl":11,"Typ":"Weideland"},{"Ort":{"x":-1,"y":1},"Zahl":9,"Typ":"Weideland"},{"Ort":{"x":0,"y":1},"Typ":"Wüste"},{"Ort":{"x":1,"y":1},"Zahl":10,"Typ":"Hügelland"},{"Ort":{"x":-3,"y":0},"Typ":"Meer"},{"Ort":{"x":-2,"y":-1},"Typ":"Meer"},{"Ort":{"x":-1,"y":-1},"Zahl":10,"Typ":"Wald"},{"Ort":{"x":0,"y":-1},"Zahl":5,"Typ":"Wald"},{"Ort":{"x":1,"y":-1},"Zahl":6,"Typ":"Ackerland"},{"Ort":{"x":2,"y":-1},"Zahl":4,"Typ":"Gebirge"},{"Ort":{"x":3,"y":-1},"Typ":"Meer"},{"Ort":{"x":-1,"y":-2},"Typ":"Meer"},{"Ort":{"x":0,"y":-2},"Zahl":9,"Typ":"Wald"},{"Ort":{"x":1,"y":-2},"Zahl":12,"Typ":"Wald"},{"Ort":{"x":-3,"y":3},"Typ":"Meer"},{"Ort":{"x":-2,"y":0},"Zahl":8,"Typ":"Ackerland"},{"Ort":{"x":3,"y":-2},"Typ":"Meer"},{"Ort":{"x":-1,"y":3},"Typ":"Meer"},{"Ort":{"x":0,"y":0},"Zahl":11,"Typ":"Hügelland"},{"Ort":{"x":1,"y":-3},"Typ":"Meer"},{"Ort":{"x":0,"y":3},"Typ":"Meer"},{"Ort":{"x":1,"y":0},"Zahl":3,"Typ":"Gebirge"},{"Ort":{"x":2,"y":-3},"Typ":"Meer"},{"Ort":{"x":-2,"y":2},"Zahl":6,"Typ":"Hügelland"},{"Ort":{"x":3,"y":0},"Typ":"Meer"}],"Gebäude":[],"Häfen":[{"Ort":[{"x":-3,"y":2},{"x":-2,"y":2}],"Typ":"Wolle Hafen"},{"Ort":[{"x":2,"y":-2},{"x":3,"y":-3}],"Typ":"Erz Hafen"},{"Ort":[{"x":-2,"y":3},{"x":-2,"y":2}],"Typ":"Hafen"},{"Ort":[{"x":1,"y":1},{"x":2,"y":1}],"Typ":"Getreide Hafen"},{"Ort":[{"x":-3,"y":0},{"x":-2,"y":0}],"Typ":"Hafen"},{"Ort":[{"x":2,"y":-1},{"x":3,"y":-1}],"Typ":"Holz Hafen"},{"Ort":[{"x":-1,"y":-1},{"x":-1,"y":-2}],"Typ":"Hafen"},{"Ort":[{"x":0,"y":-2},{"x":1,"y":-3}],"Typ":"Hafen"},{"Ort":[{"x":0,"y":3},{"x":0,"y":2}],"Typ":"Lehm Hafen"}],"Räuber":{"x":0,"y":1}}}}
2017-02-12 16:08:03.003 INFO  network.server.ClientThread 153 msgAll -    2 > {"Spiel gestartet":{"Karte":{"Felder":[{"Ort":{"x":-3,"y":2},"Typ":"Meer"},{"Ort":{"x":2,"y":0},"Zahl":8,"Typ":"Weideland"},{"Ort":{"x":3,"y":-3},"Typ":"Meer"},{"Ort":{"x":-2,"y":3},"Typ":"Meer"},{"Ort":{"x":-1,"y":0},"Zahl":4,"Typ":"Gebirge"},{"Ort":{"x":0,"y":-3},"Typ":"Meer"},{"Ort":{"x":2,"y":1},"Typ":"Meer"},{"Ort":{"x":-3,"y":1},"Typ":"Meer"},{"Ort":{"x":-1,"y":2},"Zahl":2,"Typ":"Ackerland"},{"Ort":{"x":0,"y":2},"Zahl":5,"Typ":"Weideland"},{"Ort":{"x":1,"y":2},"Typ":"Meer"},{"Ort":{"x":-2,"y":1},"Zahl":3,"Typ":"Ackerland"},{"Ort":{"x":2,"y":-2},"Zahl":11,"Typ":"Weideland"},{"Ort":{"x":-1,"y":1},"Zahl":9,"Typ":"Weideland"},{"Ort":{"x":0,"y":1},"Typ":"Wüste"},{"Ort":{"x":1,"y":1},"Zahl":10,"Typ":"Hügelland"},{"Ort":{"x":-3,"y":0},"Typ":"Meer"},{"Ort":{"x":-2,"y":-1},"Typ":"Meer"},{"Ort":{"x":-1,"y":-1},"Zahl":10,"Typ":"Wald"},{"Ort":{"x":0,"y":-1},"Zahl":5,"Typ":"Wald"},{"Ort":{"x":1,"y":-1},"Zahl":6,"Typ":"Ackerland"},{"Ort":{"x":2,"y":-1},"Zahl":4,"Typ":"Gebirge"},{"Ort":{"x":3,"y":-1},"Typ":"Meer"},{"Ort":{"x":-1,"y":-2},"Typ":"Meer"},{"Ort":{"x":0,"y":-2},"Zahl":9,"Typ":"Wald"},{"Ort":{"x":1,"y":-2},"Zahl":12,"Typ":"Wald"},{"Ort":{"x":-3,"y":3},"Typ":"Meer"},{"Ort":{"x":-2,"y":0},"Zahl":8,"Typ":"Ackerland"},{"Ort":{"x":3,"y":-2},"Typ":"Meer"},{"Ort":{"x":-1,"y":3},"Typ":"Meer"},{"Ort":{"x":0,"y":0},"Zahl":11,"Typ":"Hügelland"},{"Ort":{"x":1,"y":-3},"Typ":"Meer"},{"Ort":{"x":0,"y":3},"Typ":"Meer"},{"Ort":{"x":1,"y":0},"Zahl":3,"Typ":"Gebirge"},{"Ort":{"x":2,"y":-3},"Typ":"Meer"},{"Ort":{"x":-2,"y":2},"Zahl":6,"Typ":"Hügelland"},{"Ort":{"x":3,"y":0},"Typ":"Meer"}],"Gebäude":[],"Häfen":[{"Ort":[{"x":-3,"y":2},{"x":-2,"y":2}],"Typ":"Wolle Hafen"},{"Ort":[{"x":2,"y":-2},{"x":3,"y":-3}],"Typ":"Erz Hafen"},{"Ort":[{"x":-2,"y":3},{"x":-2,"y":2}],"Typ":"Hafen"},{"Ort":[{"x":1,"y":1},{"x":2,"y":1}],"Typ":"Getreide Hafen"},{"Ort":[{"x":-3,"y":0},{"x":-2,"y":0}],"Typ":"Hafen"},{"Ort":[{"x":2,"y":-1},{"x":3,"y":-1}],"Typ":"Holz Hafen"},{"Ort":[{"x":-1,"y":-1},{"x":-1,"y":-2}],"Typ":"Hafen"},{"Ort":[{"x":0,"y":-2},{"x":1,"y":-3}],"Typ":"Hafen"},{"Ort":[{"x":0,"y":3},{"x":0,"y":2}],"Typ":"Lehm Hafen"}],"Räuber":{"x":0,"y":1}}}}
2017-02-12 16:08:03.008 INFO  network.server.ClientThread 153 msgAll -    3 > {"Spiel gestartet":{"Karte":{"Felder":[{"Ort":{"x":-3,"y":2},"Typ":"Meer"},{"Ort":{"x":2,"y":0},"Zahl":8,"Typ":"Weideland"},{"Ort":{"x":3,"y":-3},"Typ":"Meer"},{"Ort":{"x":-2,"y":3},"Typ":"Meer"},{"Ort":{"x":-1,"y":0},"Zahl":4,"Typ":"Gebirge"},{"Ort":{"x":0,"y":-3},"Typ":"Meer"},{"Ort":{"x":2,"y":1},"Typ":"Meer"},{"Ort":{"x":-3,"y":1},"Typ":"Meer"},{"Ort":{"x":-1,"y":2},"Zahl":2,"Typ":"Ackerland"},{"Ort":{"x":0,"y":2},"Zahl":5,"Typ":"Weideland"},{"Ort":{"x":1,"y":2},"Typ":"Meer"},{"Ort":{"x":-2,"y":1},"Zahl":3,"Typ":"Ackerland"},{"Ort":{"x":2,"y":-2},"Zahl":11,"Typ":"Weideland"},{"Ort":{"x":-1,"y":1},"Zahl":9,"Typ":"Weideland"},{"Ort":{"x":0,"y":1},"Typ":"Wüste"},{"Ort":{"x":1,"y":1},"Zahl":10,"Typ":"Hügelland"},{"Ort":{"x":-3,"y":0},"Typ":"Meer"},{"Ort":{"x":-2,"y":-1},"Typ":"Meer"},{"Ort":{"x":-1,"y":-1},"Zahl":10,"Typ":"Wald"},{"Ort":{"x":0,"y":-1},"Zahl":5,"Typ":"Wald"},{"Ort":{"x":1,"y":-1},"Zahl":6,"Typ":"Ackerland"},{"Ort":{"x":2,"y":-1},"Zahl":4,"Typ":"Gebirge"},{"Ort":{"x":3,"y":-1},"Typ":"Meer"},{"Ort":{"x":-1,"y":-2},"Typ":"Meer"},{"Ort":{"x":0,"y":-2},"Zahl":9,"Typ":"Wald"},{"Ort":{"x":1,"y":-2},"Zahl":12,"Typ":"Wald"},{"Ort":{"x":-3,"y":3},"Typ":"Meer"},{"Ort":{"x":-2,"y":0},"Zahl":8,"Typ":"Ackerland"},{"Ort":{"x":3,"y":-2},"Typ":"Meer"},{"Ort":{"x":-1,"y":3},"Typ":"Meer"},{"Ort":{"x":0,"y":0},"Zahl":11,"Typ":"Hügelland"},{"Ort":{"x":1,"y":-3},"Typ":"Meer"},{"Ort":{"x":0,"y":3},"Typ":"Meer"},{"Ort":{"x":1,"y":0},"Zahl":3,"Typ":"Gebirge"},{"Ort":{"x":2,"y":-3},"Typ":"Meer"},{"Ort":{"x":-2,"y":2},"Zahl":6,"Typ":"Hügelland"},{"Ort":{"x":3,"y":0},"Typ":"Meer"}],"Gebäude":[],"Häfen":[{"Ort":[{"x":-3,"y":2},{"x":-2,"y":2}],"Typ":"Wolle Hafen"},{"Ort":[{"x":2,"y":-2},{"x":3,"y":-3}],"Typ":"Erz Hafen"},{"Ort":[{"x":-2,"y":3},{"x":-2,"y":2}],"Typ":"Hafen"},{"Ort":[{"x":1,"y":1},{"x":2,"y":1}],"Typ":"Getreide Hafen"},{"Ort":[{"x":-3,"y":0},{"x":-2,"y":0}],"Typ":"Hafen"},{"Ort":[{"x":2,"y":-1},{"x":3,"y":-1}],"Typ":"Holz Hafen"},{"Ort":[{"x":-1,"y":-1},{"x":-1,"y":-2}],"Typ":"Hafen"},{"Ort":[{"x":0,"y":-2},{"x":1,"y":-3}],"Typ":"Hafen"},{"Ort":[{"x":0,"y":3},{"x":0,"y":2}],"Typ":"Lehm Hafen"}],"Räuber":{"x":0,"y":1}}}}
2017-02-12 16:08:03.014 INFO  network.server.ClientThread 153 msgAll -    4 > {"Spiel gestartet":{"Karte":{"Felder":[{"Ort":{"x":-3,"y":2},"Typ":"Meer"},{"Ort":{"x":2,"y":0},"Zahl":8,"Typ":"Weideland"},{"Ort":{"x":3,"y":-3},"Typ":"Meer"},{"Ort":{"x":-2,"y":3},"Typ":"Meer"},{"Ort":{"x":-1,"y":0},"Zahl":4,"Typ":"Gebirge"},{"Ort":{"x":0,"y":-3},"Typ":"Meer"},{"Ort":{"x":2,"y":1},"Typ":"Meer"},{"Ort":{"x":-3,"y":1},"Typ":"Meer"},{"Ort":{"x":-1,"y":2},"Zahl":2,"Typ":"Ackerland"},{"Ort":{"x":0,"y":2},"Zahl":5,"Typ":"Weideland"},{"Ort":{"x":1,"y":2},"Typ":"Meer"},{"Ort":{"x":-2,"y":1},"Zahl":3,"Typ":"Ackerland"},{"Ort":{"x":2,"y":-2},"Zahl":11,"Typ":"Weideland"},{"Ort":{"x":-1,"y":1},"Zahl":9,"Typ":"Weideland"},{"Ort":{"x":0,"y":1},"Typ":"Wüste"},{"Ort":{"x":1,"y":1},"Zahl":10,"Typ":"Hügelland"},{"Ort":{"x":-3,"y":0},"Typ":"Meer"},{"Ort":{"x":-2,"y":-1},"Typ":"Meer"},{"Ort":{"x":-1,"y":-1},"Zahl":10,"Typ":"Wald"},{"Ort":{"x":0,"y":-1},"Zahl":5,"Typ":"Wald"},{"Ort":{"x":1,"y":-1},"Zahl":6,"Typ":"Ackerland"},{"Ort":{"x":2,"y":-1},"Zahl":4,"Typ":"Gebirge"},{"Ort":{"x":3,"y":-1},"Typ":"Meer"},{"Ort":{"x":-1,"y":-2},"Typ":"Meer"},{"Ort":{"x":0,"y":-2},"Zahl":9,"Typ":"Wald"},{"Ort":{"x":1,"y":-2},"Zahl":12,"Typ":"Wald"},{"Ort":{"x":-3,"y":3},"Typ":"Meer"},{"Ort":{"x":-2,"y":0},"Zahl":8,"Typ":"Ackerland"},{"Ort":{"x":3,"y":-2},"Typ":"Meer"},{"Ort":{"x":-1,"y":3},"Typ":"Meer"},{"Ort":{"x":0,"y":0},"Zahl":11,"Typ":"Hügelland"},{"Ort":{"x":1,"y":-3},"Typ":"Meer"},{"Ort":{"x":0,"y":3},"Typ":"Meer"},{"Ort":{"x":1,"y":0},"Zahl":3,"Typ":"Gebirge"},{"Ort":{"x":2,"y":-3},"Typ":"Meer"},{"Ort":{"x":-2,"y":2},"Zahl":6,"Typ":"Hügelland"},{"Ort":{"x":3,"y":0},"Typ":"Meer"}],"Gebäude":[],"Häfen":[{"Ort":[{"x":-3,"y":2},{"x":-2,"y":2}],"Typ":"Wolle Hafen"},{"Ort":[{"x":2,"y":-2},{"x":3,"y":-3}],"Typ":"Erz Hafen"},{"Ort":[{"x":-2,"y":3},{"x":-2,"y":2}],"Typ":"Hafen"},{"Ort":[{"x":1,"y":1},{"x":2,"y":1}],"Typ":"Getreide Hafen"},{"Ort":[{"x":-3,"y":0},{"x":-2,"y":0}],"Typ":"Hafen"},{"Ort":[{"x":2,"y":-1},{"x":3,"y":-1}],"Typ":"Holz Hafen"},{"Ort":[{"x":-1,"y":-1},{"x":-1,"y":-2}],"Typ":"Hafen"},{"Ort":[{"x":0,"y":-2},{"x":1,"y":-3}],"Typ":"Hafen"},{"Ort":[{"x":0,"y":3},{"x":0,"y":2}],"Typ":"Lehm Hafen"}],"Räuber":{"x":0,"y":1}}}}
2017-02-12 16:08:03.020 INFO  network.server.ClientThread 153 msgAll -    1 > {"Würfelwurf":{"Spieler":1,"Wurf":[3,3]}}
2017-02-12 16:08:03.026 INFO  network.server.ClientThread 153 msgAll -    2 > {"Würfelwurf":{"Spieler":1,"Wurf":[3,3]}}
2017-02-12 16:08:03.032 INFO  network.server.ClientThread 153 msgAll -    3 > {"Würfelwurf":{"Spieler":1,"Wurf":[3,3]}}
2017-02-12 16:08:03.038 INFO  network.server.ClientThread 153 msgAll -    4 > {"Würfelwurf":{"Spieler":1,"Wurf":[3,3]}}
2017-02-12 16:08:03.045 INFO  network.server.ClientThread 153 msgAll -    1 > {"Würfelwurf":{"Spieler":2,"Wurf":[4,5]}}
2017-02-12 16:08:03.050 INFO  network.server.ClientThread 153 msgAll -    2 > {"Würfelwurf":{"Spieler":2,"Wurf":[4,5]}}
2017-02-12 16:08:03.055 INFO  network.server.ClientThread 153 msgAll -    3 > {"Würfelwurf":{"Spieler":2,"Wurf":[4,5]}}
2017-02-12 16:08:03.062 INFO  network.server.ClientThread 153 msgAll -    4 > {"Würfelwurf":{"Spieler":2,"Wurf":[4,5]}}
2017-02-12 16:08:03.065 WARN  network.client.ClientListener 249 handleMsg - Case not covered!
2017-02-12 16:08:03.065 INFO  network.client.Client 169 receiveMsg - {"Spiel gestartet":{"Karte":{"Felder":[{"Ort":{"x":-3,"y":2},"Typ":"Meer"},{"Ort":{"x":2,"y":0},"Zahl":8,"Typ":"Weideland"},{"Ort":{"x":3,"y":-3},"Typ":"Meer"},{"Ort":{"x":-2,"y":3},"Typ":"Meer"},{"Ort":{"x":-1,"y":0},"Zahl":4,"Typ":"Gebirge"},{"Ort":{"x":0,"y":-3},"Typ":"Meer"},{"Ort":{"x":2,"y":1},"Typ":"Meer"},{"Ort":{"x":-3,"y":1},"Typ":"Meer"},{"Ort":{"x":-1,"y":2},"Zahl":2,"Typ":"Ackerland"},{"Ort":{"x":0,"y":2},"Zahl":5,"Typ":"Weideland"},{"Ort":{"x":1,"y":2},"Typ":"Meer"},{"Ort":{"x":-2,"y":1},"Zahl":3,"Typ":"Ackerland"},{"Ort":{"x":2,"y":-2},"Zahl":11,"Typ":"Weideland"},{"Ort":{"x":-1,"y":1},"Zahl":9,"Typ":"Weideland"},{"Ort":{"x":0,"y":1},"Typ":"Wüste"},{"Ort":{"x":1,"y":1},"Zahl":10,"Typ":"Hügelland"},{"Ort":{"x":-3,"y":0},"Typ":"Meer"},{"Ort":{"x":-2,"y":-1},"Typ":"Meer"},{"Ort":{"x":-1,"y":-1},"Zahl":10,"Typ":"Wald"},{"Ort":{"x":0,"y":-1},"Zahl":5,"Typ":"Wald"},{"Ort":{"x":1,"y":-1},"Zahl":6,"Typ":"Ackerland"},{"Ort":{"x":2,"y":-1},"Zahl":4,"Typ":"Gebirge"},{"Ort":{"x":3,"y":-1},"Typ":"Meer"},{"Ort":{"x":-1,"y":-2},"Typ":"Meer"},{"Ort":{"x":0,"y":-2},"Zahl":9,"Typ":"Wald"},{"Ort":{"x":1,"y":-2},"Zahl":12,"Typ":"Wald"},{"Ort":{"x":-3,"y":3},"Typ":"Meer"},{"Ort":{"x":-2,"y":0},"Zahl":8,"Typ":"Ackerland"},{"Ort":{"x":3,"y":-2},"Typ":"Meer"},{"Ort":{"x":-1,"y":3},"Typ":"Meer"},{"Ort":{"x":0,"y":0},"Zahl":11,"Typ":"Hügelland"},{"Ort":{"x":1,"y":-3},"Typ":"Meer"},{"Ort":{"x":0,"y":3},"Typ":"Meer"},{"Ort":{"x":1,"y":0},"Zahl":3,"Typ":"Gebirge"},{"Ort":{"x":2,"y":-3},"Typ":"Meer"},{"Ort":{"x":-2,"y":2},"Zahl":6,"Typ":"Hügelland"},{"Ort":{"x":3,"y":0},"Typ":"Meer"}],"Gebäude":[],"Häfen":[{"Ort":[{"x":-3,"y":2},{"x":-2,"y":2}],"Typ":"Wolle Hafen"},{"Ort":[{"x":2,"y":-2},{"x":3,"y":-3}],"Typ":"Erz Hafen"},{"Ort":[{"x":-2,"y":3},{"x":-2,"y":2}],"Typ":"Hafen"},{"Ort":[{"x":1,"y":1},{"x":2,"y":1}],"Typ":"Getreide Hafen"},{"Ort":[{"x":-3,"y":0},{"x":-2,"y":0}],"Typ":"Hafen"},{"Ort":[{"x":2,"y":-1},{"x":3,"y":-1}],"Typ":"Holz Hafen"},{"Ort":[{"x":-1,"y":-1},{"x":-1,"y":-2}],"Typ":"Hafen"},{"Ort":[{"x":0,"y":-2},{"x":1,"y":-3}],"Typ":"Hafen"},{"Ort":[{"x":0,"y":3},{"x":0,"y":2}],"Typ":"Lehm Hafen"}],"Räuber":{"x":0,"y":1}}}}
2017-02-12 16:08:03.066 WARN  network.client.ClientListener 249 handleMsg - Case not covered!
2017-02-12 16:08:03.066 INFO  network.client.Client 169 receiveMsg - {"Spiel gestartet":{"Karte":{"Felder":[{"Ort":{"x":-3,"y":2},"Typ":"Meer"},{"Ort":{"x":2,"y":0},"Zahl":8,"Typ":"Weideland"},{"Ort":{"x":3,"y":-3},"Typ":"Meer"},{"Ort":{"x":-2,"y":3},"Typ":"Meer"},{"Ort":{"x":-1,"y":0},"Zahl":4,"Typ":"Gebirge"},{"Ort":{"x":0,"y":-3},"Typ":"Meer"},{"Ort":{"x":2,"y":1},"Typ":"Meer"},{"Ort":{"x":-3,"y":1},"Typ":"Meer"},{"Ort":{"x":-1,"y":2},"Zahl":2,"Typ":"Ackerland"},{"Ort":{"x":0,"y":2},"Zahl":5,"Typ":"Weideland"},{"Ort":{"x":1,"y":2},"Typ":"Meer"},{"Ort":{"x":-2,"y":1},"Zahl":3,"Typ":"Ackerland"},{"Ort":{"x":2,"y":-2},"Zahl":11,"Typ":"Weideland"},{"Ort":{"x":-1,"y":1},"Zahl":9,"Typ":"Weideland"},{"Ort":{"x":0,"y":1},"Typ":"Wüste"},{"Ort":{"x":1,"y":1},"Zahl":10,"Typ":"Hügelland"},{"Ort":{"x":-3,"y":0},"Typ":"Meer"},{"Ort":{"x":-2,"y":-1},"Typ":"Meer"},{"Ort":{"x":-1,"y":-1},"Zahl":10,"Typ":"Wald"},{"Ort":{"x":0,"y":-1},"Zahl":5,"Typ":"Wald"},{"Ort":{"x":1,"y":-1},"Zahl":6,"Typ":"Ackerland"},{"Ort":{"x":2,"y":-1},"Zahl":4,"Typ":"Gebirge"},{"Ort":{"x":3,"y":-1},"Typ":"Meer"},{"Ort":{"x":-1,"y":-2},"Typ":"Meer"},{"Ort":{"x":0,"y":-2},"Zahl":9,"Typ":"Wald"},{"Ort":{"x":1,"y":-2},"Zahl":12,"Typ":"Wald"},{"Ort":{"x":-3,"y":3},"Typ":"Meer"},{"Ort":{"x":-2,"y":0},"Zahl":8,"Typ":"Ackerland"},{"Ort":{"x":3,"y":-2},"Typ":"Meer"},{"Ort":{"x":-1,"y":3},"Typ":"Meer"},{"Ort":{"x":0,"y":0},"Zahl":11,"Typ":"Hügelland"},{"Ort":{"x":1,"y":-3},"Typ":"Meer"},{"Ort":{"x":0,"y":3},"Typ":"Meer"},{"Ort":{"x":1,"y":0},"Zahl":3,"Typ":"Gebirge"},{"Ort":{"x":2,"y":-3},"Typ":"Meer"},{"Ort":{"x":-2,"y":2},"Zahl":6,"Typ":"Hügelland"},{"Ort":{"x":3,"y":0},"Typ":"Meer"}],"Gebäude":[],"Häfen":[{"Ort":[{"x":-3,"y":2},{"x":-2,"y":2}],"Typ":"Wolle Hafen"},{"Ort":[{"x":2,"y":-2},{"x":3,"y":-3}],"Typ":"Erz Hafen"},{"Ort":[{"x":-2,"y":3},{"x":-2,"y":2}],"Typ":"Hafen"},{"Ort":[{"x":1,"y":1},{"x":2,"y":1}],"Typ":"Getreide Hafen"},{"Ort":[{"x":-3,"y":0},{"x":-2,"y":0}],"Typ":"Hafen"},{"Ort":[{"x":2,"y":-1},{"x":3,"y":-1}],"Typ":"Holz Hafen"},{"Ort":[{"x":-1,"y":-1},{"x":-1,"y":-2}],"Typ":"Hafen"},{"Ort":[{"x":0,"y":-2},{"x":1,"y":-3}],"Typ":"Hafen"},{"Ort":[{"x":0,"y":3},{"x":0,"y":2}],"Typ":"Lehm Hafen"}],"Räuber":{"x":0,"y":1}}}}
2017-02-12 16:08:03.068 INFO  network.server.ClientThread 153 msgAll -    1 > {"Würfelwurf":{"Spieler":3,"Wurf":[4,4]}}
2017-02-12 16:08:03.073 WARN  network.client.ClientListener 249 handleMsg - Case not covered!
2017-02-12 16:08:03.073 INFO  network.client.Client 169 receiveMsg - {"Spiel gestartet":{"Karte":{"Felder":[{"Ort":{"x":-3,"y":2},"Typ":"Meer"},{"Ort":{"x":2,"y":0},"Zahl":8,"Typ":"Weideland"},{"Ort":{"x":3,"y":-3},"Typ":"Meer"},{"Ort":{"x":-2,"y":3},"Typ":"Meer"},{"Ort":{"x":-1,"y":0},"Zahl":4,"Typ":"Gebirge"},{"Ort":{"x":0,"y":-3},"Typ":"Meer"},{"Ort":{"x":2,"y":1},"Typ":"Meer"},{"Ort":{"x":-3,"y":1},"Typ":"Meer"},{"Ort":{"x":-1,"y":2},"Zahl":2,"Typ":"Ackerland"},{"Ort":{"x":0,"y":2},"Zahl":5,"Typ":"Weideland"},{"Ort":{"x":1,"y":2},"Typ":"Meer"},{"Ort":{"x":-2,"y":1},"Zahl":3,"Typ":"Ackerland"},{"Ort":{"x":2,"y":-2},"Zahl":11,"Typ":"Weideland"},{"Ort":{"x":-1,"y":1},"Zahl":9,"Typ":"Weideland"},{"Ort":{"x":0,"y":1},"Typ":"Wüste"},{"Ort":{"x":1,"y":1},"Zahl":10,"Typ":"Hügelland"},{"Ort":{"x":-3,"y":0},"Typ":"Meer"},{"Ort":{"x":-2,"y":-1},"Typ":"Meer"},{"Ort":{"x":-1,"y":-1},"Zahl":10,"Typ":"Wald"},{"Ort":{"x":0,"y":-1},"Zahl":5,"Typ":"Wald"},{"Ort":{"x":1,"y":-1},"Zahl":6,"Typ":"Ackerland"},{"Ort":{"x":2,"y":-1},"Zahl":4,"Typ":"Gebirge"},{"Ort":{"x":3,"y":-1},"Typ":"Meer"},{"Ort":{"x":-1,"y":-2},"Typ":"Meer"},{"Ort":{"x":0,"y":-2},"Zahl":9,"Typ":"Wald"},{"Ort":{"x":1,"y":-2},"Zahl":12,"Typ":"Wald"},{"Ort":{"x":-3,"y":3},"Typ":"Meer"},{"Ort":{"x":-2,"y":0},"Zahl":8,"Typ":"Ackerland"},{"Ort":{"x":3,"y":-2},"Typ":"Meer"},{"Ort":{"x":-1,"y":3},"Typ":"Meer"},{"Ort":{"x":0,"y":0},"Zahl":11,"Typ":"Hügelland"},{"Ort":{"x":1,"y":-3},"Typ":"Meer"},{"Ort":{"x":0,"y":3},"Typ":"Meer"},{"Ort":{"x":1,"y":0},"Zahl":3,"Typ":"Gebirge"},{"Ort":{"x":2,"y":-3},"Typ":"Meer"},{"Ort":{"x":-2,"y":2},"Zahl":6,"Typ":"Hügelland"},{"Ort":{"x":3,"y":0},"Typ":"Meer"}],"Gebäude":[],"Häfen":[{"Ort":[{"x":-3,"y":2},{"x":-2,"y":2}],"Typ":"Wolle Hafen"},{"Ort":[{"x":2,"y":-2},{"x":3,"y":-3}],"Typ":"Erz Hafen"},{"Ort":[{"x":-2,"y":3},{"x":-2,"y":2}],"Typ":"Hafen"},{"Ort":[{"x":1,"y":1},{"x":2,"y":1}],"Typ":"Getreide Hafen"},{"Ort":[{"x":-3,"y":0},{"x":-2,"y":0}],"Typ":"Hafen"},{"Ort":[{"x":2,"y":-1},{"x":3,"y":-1}],"Typ":"Holz Hafen"},{"Ort":[{"x":-1,"y":-1},{"x":-1,"y":-2}],"Typ":"Hafen"},{"Ort":[{"x":0,"y":-2},{"x":1,"y":-3}],"Typ":"Hafen"},{"Ort":[{"x":0,"y":3},{"x":0,"y":2}],"Typ":"Lehm Hafen"}],"Räuber":{"x":0,"y":1}}}}
2017-02-12 16:08:03.074 INFO  network.server.ClientThread 153 msgAll -    2 > {"Würfelwurf":{"Spieler":3,"Wurf":[4,4]}}
2017-02-12 16:08:03.079 INFO  network.server.ClientThread 153 msgAll -    3 > {"Würfelwurf":{"Spieler":3,"Wurf":[4,4]}}
2017-02-12 16:08:03.085 INFO  network.server.ClientThread 153 msgAll -    4 > {"Würfelwurf":{"Spieler":3,"Wurf":[4,4]}}
2017-02-12 16:08:03.092 INFO  network.server.ClientThread 153 msgAll -    1 > {"Würfelwurf":{"Spieler":4,"Wurf":[2,5]}}
2017-02-12 16:08:03.097 INFO  network.server.ClientThread 153 msgAll -    2 > {"Würfelwurf":{"Spieler":4,"Wurf":[2,5]}}
2017-02-12 16:08:03.104 INFO  network.server.ClientThread 153 msgAll -    3 > {"Würfelwurf":{"Spieler":4,"Wurf":[2,5]}}
2017-02-12 16:08:03.110 INFO  network.server.ClientThread 153 msgAll -    4 > {"Würfelwurf":{"Spieler":4,"Wurf":[2,5]}}
2017-02-12 16:08:03.117 INFO  network.server.ClientThreadSequence 126 setSequence - Player sequence [2, 3, 4, 1]
2017-02-12 16:08:03.121 INFO  network.server.ClientThread 126 msgThisClient -    1 > {"Statusupdate":{"Spieler":{"Status":"Warten","Rittermacht":0,"Farbe":"Blau","Längste Handelsstraße":false,"Siegpunkte":0,"Rohstoffe":{"Getreide":0,"Wolle":0,"Holz":0,"Lehm":0,"Erz":0},"id":1,"Entwicklungskarten":{"Straßenbau":0,"Erfindung":0,"Monopol":0,"Ritter":0,"Siegpunkt":0},"Name":"KI (1)","Größte Rittermacht":false}}}
2017-02-12 16:08:03.121 INFO  network.server.ClientThread 186 msgAllButThisClient -    2 > {"Statusupdate":{"Spieler":{"Status":"Warten","Rittermacht":0,"Farbe":"Blau","Längste Handelsstraße":false,"Siegpunkte":0,"Rohstoffe":{"Unbekannt":0},"id":1,"Entwicklungskarten":{"Unbekannt":0},"Name":"KI (1)","Größte Rittermacht":false}}}
2017-02-12 16:08:03.127 INFO  network.server.ClientThread 186 msgAllButThisClient -    3 > {"Statusupdate":{"Spieler":{"Status":"Warten","Rittermacht":0,"Farbe":"Blau","Längste Handelsstraße":false,"Siegpunkte":0,"Rohstoffe":{"Unbekannt":0},"id":1,"Entwicklungskarten":{"Unbekannt":0},"Name":"KI (1)","Größte Rittermacht":false}}}
2017-02-12 16:08:03.134 INFO  network.server.ClientThread 186 msgAllButThisClient -    4 > {"Statusupdate":{"Spieler":{"Status":"Warten","Rittermacht":0,"Farbe":"Blau","Längste Handelsstraße":false,"Siegpunkte":0,"Rohstoffe":{"Unbekannt":0},"id":1,"Entwicklungskarten":{"Unbekannt":0},"Name":"KI (1)","Größte Rittermacht":false}}}
2017-02-12 16:08:03.140 INFO  network.server.ClientThread 126 msgThisClient -    3 > {"Statusupdate":{"Spieler":{"Status":"Warten","Rittermacht":0,"Farbe":"Orange","Längste Handelsstraße":false,"Siegpunkte":0,"Rohstoffe":{"Getreide":0,"Wolle":0,"Holz":0,"Lehm":0,"Erz":0},"id":3,"Entwicklungskarten":{"Straßenbau":0,"Erfindung":0,"Monopol":0,"Ritter":0,"Siegpunkt":0},"Name":"KI (3)","Größte Rittermacht":false}}}
2017-02-12 16:08:03.141 INFO  network.server.ClientThread 186 msgAllButThisClient -    1 > {"Statusupdate":{"Spieler":{"Status":"Warten","Rittermacht":0,"Farbe":"Orange","Längste Handelsstraße":false,"Siegpunkte":0,"Rohstoffe":{"Unbekannt":0},"id":3,"Entwicklungskarten":{"Unbekannt":0},"Name":"KI (3)","Größte Rittermacht":false}}}
2017-02-12 16:08:03.147 INFO  network.server.ClientThread 186 msgAllButThisClient -    2 > {"Statusupdate":{"Spieler":{"Status":"Warten","Rittermacht":0,"Farbe":"Orange","Längste Handelsstraße":false,"Siegpunkte":0,"Rohstoffe":{"Unbekannt":0},"id":3,"Entwicklungskarten":{"Unbekannt":0},"Name":"KI (3)","Größte Rittermacht":false}}}
2017-02-12 16:08:03.147 WARN  network.client.ClientListener 249 handleMsg - Case not covered!
2017-02-12 16:08:03.148 INFO  network.client.Client 169 receiveMsg - {"Würfelwurf":{"Spieler":1,"Wurf":[3,3]}}
2017-02-12 16:08:03.151 WARN  network.client.ClientListener 249 handleMsg - Case not covered!
2017-02-12 16:08:03.152 INFO  network.client.Client 169 receiveMsg - {"Würfelwurf":{"Spieler":1,"Wurf":[3,3]}}
2017-02-12 16:08:03.153 INFO  network.server.ClientThread 186 msgAllButThisClient -    4 > {"Statusupdate":{"Spieler":{"Status":"Warten","Rittermacht":0,"Farbe":"Orange","Längste Handelsstraße":false,"Siegpunkte":0,"Rohstoffe":{"Unbekannt":0},"id":3,"Entwicklungskarten":{"Unbekannt":0},"Name":"KI (3)","Größte Rittermacht":false}}}
2017-02-12 16:08:03.157 WARN  network.client.ClientListener 249 handleMsg - Case not covered!
2017-02-12 16:08:03.157 INFO  network.client.Client 169 receiveMsg - {"Würfelwurf":{"Spieler":1,"Wurf":[3,3]}}
2017-02-12 16:08:03.160 INFO  network.server.ClientThread 126 msgThisClient -    4 > {"Statusupdate":{"Spieler":{"Status":"Warten","Rittermacht":0,"Farbe":"Weiß","Längste Handelsstraße":false,"Siegpunkte":0,"Rohstoffe":{"Getreide":0,"Wolle":0,"Holz":0,"Lehm":0,"Erz":0},"id":4,"Entwicklungskarten":{"Straßenbau":0,"Erfindung":0,"Monopol":0,"Ritter":0,"Siegpunkt":0},"Name":"chris","Größte Rittermacht":false}}}
2017-02-12 16:08:03.160 INFO  network.server.ClientThread 186 msgAllButThisClient -    1 > {"Statusupdate":{"Spieler":{"Status":"Warten","Rittermacht":0,"Farbe":"Weiß","Längste Handelsstraße":false,"Siegpunkte":0,"Rohstoffe":{"Unbekannt":0},"id":4,"Entwicklungskarten":{"Unbekannt":0},"Name":"chris","Größte Rittermacht":false}}}
2017-02-12 16:08:03.167 INFO  network.server.ClientThread 186 msgAllButThisClient -    2 > {"Statusupdate":{"Spieler":{"Status":"Warten","Rittermacht":0,"Farbe":"Weiß","Längste Handelsstraße":false,"Siegpunkte":0,"Rohstoffe":{"Unbekannt":0},"id":4,"Entwicklungskarten":{"Unbekannt":0},"Name":"chris","Größte Rittermacht":false}}}
2017-02-12 16:08:03.173 INFO  network.server.ClientThread 186 msgAllButThisClient -    3 > {"Statusupdate":{"Spieler":{"Status":"Warten","Rittermacht":0,"Farbe":"Weiß","Längste Handelsstraße":false,"Siegpunkte":0,"Rohstoffe":{"Unbekannt":0},"id":4,"Entwicklungskarten":{"Unbekannt":0},"Name":"chris","Größte Rittermacht":false}}}
2017-02-12 16:08:03.179 INFO  network.server.ClientThread 126 msgThisClient -    2 > {"Statusupdate":{"Spieler":{"Status":"Dorf bauen","Rittermacht":0,"Farbe":"Rot","Längste Handelsstraße":false,"Siegpunkte":0,"Rohstoffe":{"Getreide":0,"Wolle":0,"Holz":0,"Lehm":0,"Erz":0},"id":2,"Entwicklungskarten":{"Straßenbau":0,"Erfindung":0,"Monopol":0,"Ritter":0,"Siegpunkt":0},"Name":"KI (2)","Größte Rittermacht":false}}}
2017-02-12 16:08:03.180 INFO  network.server.ClientThread 186 msgAllButThisClient -    1 > {"Statusupdate":{"Spieler":{"Status":"Dorf bauen","Rittermacht":0,"Farbe":"Rot","Längste Handelsstraße":false,"Siegpunkte":0,"Rohstoffe":{"Unbekannt":0},"id":2,"Entwicklungskarten":{"Unbekannt":0},"Name":"KI (2)","Größte Rittermacht":false}}}
2017-02-12 16:08:03.186 INFO  network.server.ClientThread 186 msgAllButThisClient -    3 > {"Statusupdate":{"Spieler":{"Status":"Dorf bauen","Rittermacht":0,"Farbe":"Rot","Längste Handelsstraße":false,"Siegpunkte":0,"Rohstoffe":{"Unbekannt":0},"id":2,"Entwicklungskarten":{"Unbekannt":0},"Name":"KI (2)","Größte Rittermacht":false}}}
2017-02-12 16:08:03.192 INFO  network.server.ClientThread 186 msgAllButThisClient -    4 > {"Statusupdate":{"Spieler":{"Status":"Dorf bauen","Rittermacht":0,"Farbe":"Rot","Längste Handelsstraße":false,"Siegpunkte":0,"Rohstoffe":{"Unbekannt":0},"id":2,"Entwicklungskarten":{"Unbekannt":0},"Name":"KI (2)","Größte Rittermacht":false}}}
2017-02-12 16:08:03.231 WARN  network.client.ClientListener 249 handleMsg - Case not covered!
2017-02-12 16:08:03.231 INFO  network.client.Client 169 receiveMsg - {"Würfelwurf":{"Spieler":2,"Wurf":[4,5]}}
2017-02-12 16:08:03.236 WARN  network.client.ClientListener 249 handleMsg - Case not covered!
2017-02-12 16:08:03.236 INFO  network.client.Client 169 receiveMsg - {"Würfelwurf":{"Spieler":2,"Wurf":[4,5]}}
2017-02-12 16:08:03.241 WARN  network.client.ClientListener 249 handleMsg - Case not covered!
2017-02-12 16:08:03.242 INFO  network.client.Client 169 receiveMsg - {"Würfelwurf":{"Spieler":2,"Wurf":[4,5]}}
2017-02-12 16:08:03.316 WARN  network.client.ClientListener 249 handleMsg - Case not covered!
2017-02-12 16:08:03.316 INFO  network.client.Client 169 receiveMsg - {"Würfelwurf":{"Spieler":3,"Wurf":[4,4]}}
2017-02-12 16:08:03.318 WARN  network.client.ClientListener 249 handleMsg - Case not covered!
2017-02-12 16:08:03.318 INFO  network.client.Client 169 receiveMsg - {"Würfelwurf":{"Spieler":3,"Wurf":[4,4]}}
2017-02-12 16:08:03.322 WARN  network.client.ClientListener 249 handleMsg - Case not covered!
2017-02-12 16:08:03.322 INFO  network.client.Client 169 receiveMsg - {"Würfelwurf":{"Spieler":3,"Wurf":[4,4]}}
2017-02-12 16:08:03.398 WARN  network.client.ClientListener 249 handleMsg - Case not covered!
2017-02-12 16:08:03.398 INFO  network.client.Client 169 receiveMsg - {"Würfelwurf":{"Spieler":4,"Wurf":[2,5]}}
2017-02-12 16:08:03.399 WARN  network.client.ClientListener 249 handleMsg - Case not covered!
2017-02-12 16:08:03.399 INFO  network.client.Client 169 receiveMsg - {"Würfelwurf":{"Spieler":4,"Wurf":[2,5]}}
2017-02-12 16:08:03.406 WARN  network.client.ClientListener 249 handleMsg - Case not covered!
2017-02-12 16:08:03.406 INFO  network.client.Client 169 receiveMsg - {"Würfelwurf":{"Spieler":4,"Wurf":[2,5]}}
2017-02-12 16:08:03.481 WARN  network.client.ClientListener 766 internalAi - Case not covered!
2017-02-12 16:08:03.481 WARN  network.client.ClientListener 766 internalAi - Case not covered!
2017-02-12 16:08:03.481 INFO  network.client.Client 169 receiveMsg - {"Statusupdate":{"Spieler":{"Status":"Warten","Rittermacht":0,"Farbe":"Blau","Längste Handelsstraße":false,"Siegpunkte":0,"Rohstoffe":{"Unbekannt":0},"id":1,"Entwicklungskarten":{"Unbekannt":0},"Name":"KI (1)","Größte Rittermacht":false}}}
2017-02-12 16:08:03.481 INFO  network.client.Client 169 receiveMsg - {"Statusupdate":{"Spieler":{"Status":"Warten","Rittermacht":0,"Farbe":"Blau","Längste Handelsstraße":false,"Siegpunkte":0,"Rohstoffe":{"Getreide":0,"Wolle":0,"Holz":0,"Lehm":0,"Erz":0},"id":1,"Entwicklungskarten":{"Straßenbau":0,"Erfindung":0,"Monopol":0,"Ritter":0,"Siegpunkt":0},"Name":"KI (1)","Größte Rittermacht":false}}}
2017-02-12 16:08:03.488 WARN  network.client.ClientListener 766 internalAi - Case not covered!
2017-02-12 16:08:03.488 INFO  network.client.Client 169 receiveMsg - {"Statusupdate":{"Spieler":{"Status":"Warten","Rittermacht":0,"Farbe":"Blau","Längste Handelsstraße":false,"Siegpunkte":0,"Rohstoffe":{"Unbekannt":0},"id":1,"Entwicklungskarten":{"Unbekannt":0},"Name":"KI (1)","Größte Rittermacht":false}}}
2017-02-12 16:08:03.564 WARN  network.client.ClientListener 766 internalAi - Case not covered!
2017-02-12 16:08:03.564 WARN  network.client.ClientListener 766 internalAi - Case not covered!
2017-02-12 16:08:03.564 INFO  network.client.Client 169 receiveMsg - {"Statusupdate":{"Spieler":{"Status":"Warten","Rittermacht":0,"Farbe":"Orange","Längste Handelsstraße":false,"Siegpunkte":0,"Rohstoffe":{"Unbekannt":0},"id":3,"Entwicklungskarten":{"Unbekannt":0},"Name":"KI (3)","Größte Rittermacht":false}}}
2017-02-12 16:08:03.564 INFO  network.client.Client 169 receiveMsg - {"Statusupdate":{"Spieler":{"Status":"Warten","Rittermacht":0,"Farbe":"Orange","Längste Handelsstraße":false,"Siegpunkte":0,"Rohstoffe":{"Unbekannt":0},"id":3,"Entwicklungskarten":{"Unbekannt":0},"Name":"KI (3)","Größte Rittermacht":false}}}
2017-02-12 16:08:03.573 WARN  network.client.ClientListener 766 internalAi - Case not covered!
2017-02-12 16:08:03.573 INFO  network.client.Client 169 receiveMsg - {"Statusupdate":{"Spieler":{"Status":"Warten","Rittermacht":0,"Farbe":"Orange","Längste Handelsstraße":false,"Siegpunkte":0,"Rohstoffe":{"Getreide":0,"Wolle":0,"Holz":0,"Lehm":0,"Erz":0},"id":3,"Entwicklungskarten":{"Straßenbau":0,"Erfindung":0,"Monopol":0,"Ritter":0,"Siegpunkt":0},"Name":"KI (3)","Größte Rittermacht":false}}}
2017-02-12 16:08:03.647 WARN  network.client.ClientListener 766 internalAi - Case not covered!
2017-02-12 16:08:03.647 WARN  network.client.ClientListener 766 internalAi - Case not covered!
2017-02-12 16:08:03.647 INFO  network.client.Client 169 receiveMsg - {"Statusupdate":{"Spieler":{"Status":"Warten","Rittermacht":0,"Farbe":"Weiß","Längste Handelsstraße":false,"Siegpunkte":0,"Rohstoffe":{"Unbekannt":0},"id":4,"Entwicklungskarten":{"Unbekannt":0},"Name":"chris","Größte Rittermacht":false}}}
2017-02-12 16:08:03.647 INFO  network.client.Client 169 receiveMsg - {"Statusupdate":{"Spieler":{"Status":"Warten","Rittermacht":0,"Farbe":"Weiß","Längste Handelsstraße":false,"Siegpunkte":0,"Rohstoffe":{"Unbekannt":0},"id":4,"Entwicklungskarten":{"Unbekannt":0},"Name":"chris","Größte Rittermacht":false}}}
2017-02-12 16:08:03.656 WARN  network.client.ClientListener 766 internalAi - Case not covered!
2017-02-12 16:08:03.657 INFO  network.client.Client 169 receiveMsg - {"Statusupdate":{"Spieler":{"Status":"Warten","Rittermacht":0,"Farbe":"Weiß","Längste Handelsstraße":false,"Siegpunkte":0,"Rohstoffe":{"Unbekannt":0},"id":4,"Entwicklungskarten":{"Unbekannt":0},"Name":"chris","Größte Rittermacht":false}}}
2017-02-12 16:08:03.733 INFO  network.client.Client 169 receiveMsg - {"Statusupdate":{"Spieler":{"Status":"Dorf bauen","Rittermacht":0,"Farbe":"Rot","Längste Handelsstraße":false,"Siegpunkte":0,"Rohstoffe":{"Unbekannt":0},"id":2,"Entwicklungskarten":{"Unbekannt":0},"Name":"KI (2)","Größte Rittermacht":false}}}
2017-02-12 16:08:03.739 INFO  network.client.Client 169 receiveMsg - {"Statusupdate":{"Spieler":{"Status":"Dorf bauen","Rittermacht":0,"Farbe":"Rot","Längste Handelsstraße":false,"Siegpunkte":0,"Rohstoffe":{"Unbekannt":0},"id":2,"Entwicklungskarten":{"Unbekannt":0},"Name":"KI (2)","Größte Rittermacht":false}}}
2017-02-12 16:08:03.857 INFO  network.server.ClientThread 59 run -  < 2   {"Bauen":{"Ort":[{"x":0,"y":0},{"x":0,"y":-1},{"x":1,"y":-1}],"Typ":"Dorf"}}
2017-02-12 16:08:03.857 INFO  network.client.Client 153 sendMsg - {"Bauen":{"Ort":[{"x":0,"y":0},{"x":0,"y":-1},{"x":1,"y":-1}],"Typ":"Dorf"}}
2017-02-12 16:08:03.857 INFO  network.client.Client 169 receiveMsg - {"Statusupdate":{"Spieler":{"Status":"Dorf bauen","Rittermacht":0,"Farbe":"Rot","Längste Handelsstraße":false,"Siegpunkte":0,"Rohstoffe":{"Getreide":0,"Wolle":0,"Holz":0,"Lehm":0,"Erz":0},"id":2,"Entwicklungskarten":{"Straßenbau":0,"Erfindung":0,"Monopol":0,"Ritter":0,"Siegpunkt":0},"Name":"KI (2)","Größte Rittermacht":false}}}
2017-02-12 16:08:03.858 INFO  network.Interpreter 328 axialToEdgeOrCorner - [{"x":0,"y":0},{"x":0,"y":-1},{"x":1,"y":-1}]. {18, 24, 25}
2017-02-12 16:08:03.859 INFO  network.Interpreter 328 axialToEdgeOrCorner - [{"x":0,"y":0},{"x":0,"y":-1},{"x":1,"y":-1}]. {18, 24, 25}
2017-02-12 16:08:03.860 INFO  network.server.ClientThread 126 msgThisClient -    2 > {"Serverantwort":"OK"}
2017-02-12 16:08:03.861 INFO  network.server.ClientThread 153 msgAll -    1 > {"Bauvorgang":{"Gebäude":{"Ort":[{"x":0,"y":0},{"x":0,"y":-1},{"x":1,"y":-1}],"Eigentümer":2,"Typ":"Dorf"}}}
2017-02-12 16:08:03.861 WARN  network.client.ClientListener 249 handleMsg - Case not covered!
2017-02-12 16:08:03.862 INFO  network.client.Client 169 receiveMsg - {"Bauvorgang":{"Gebäude":{"Ort":[{"x":0,"y":0},{"x":0,"y":-1},{"x":1,"y":-1}],"Eigentümer":2,"Typ":"Dorf"}}}
2017-02-12 16:08:03.867 INFO  network.server.ClientThread 153 msgAll -    2 > {"Bauvorgang":{"Gebäude":{"Ort":[{"x":0,"y":0},{"x":0,"y":-1},{"x":1,"y":-1}],"Eigentümer":2,"Typ":"Dorf"}}}
2017-02-12 16:08:03.874 INFO  network.server.ClientThread 153 msgAll -    3 > {"Bauvorgang":{"Gebäude":{"Ort":[{"x":0,"y":0},{"x":0,"y":-1},{"x":1,"y":-1}],"Eigentümer":2,"Typ":"Dorf"}}}
2017-02-12 16:08:03.874 WARN  network.client.ClientListener 249 handleMsg - Case not covered!
2017-02-12 16:08:03.874 INFO  network.client.Client 169 receiveMsg - {"Bauvorgang":{"Gebäude":{"Ort":[{"x":0,"y":0},{"x":0,"y":-1},{"x":1,"y":-1}],"Eigentümer":2,"Typ":"Dorf"}}}
2017-02-12 16:08:03.880 INFO  network.server.ClientThread 153 msgAll -    4 > {"Bauvorgang":{"Gebäude":{"Ort":[{"x":0,"y":0},{"x":0,"y":-1},{"x":1,"y":-1}],"Eigentümer":2,"Typ":"Dorf"}}}
2017-02-12 16:08:03.888 INFO  network.server.ClientThread 126 msgThisClient -    2 > {"Statusupdate":{"Spieler":{"Status":"Straße bauen","Rittermacht":0,"Farbe":"Rot","Längste Handelsstraße":false,"Siegpunkte":1,"Rohstoffe":{"Getreide":0,"Wolle":0,"Holz":0,"Lehm":0,"Erz":0},"id":2,"Entwicklungskarten":{"Straßenbau":0,"Erfindung":0,"Monopol":0,"Ritter":0,"Siegpunkt":0},"Name":"KI (2)","Größte Rittermacht":false}}}
2017-02-12 16:08:03.889 INFO  network.server.ClientThread 186 msgAllButThisClient -    1 > {"Statusupdate":{"Spieler":{"Status":"Straße bauen","Rittermacht":0,"Farbe":"Rot","Längste Handelsstraße":false,"Siegpunkte":1,"Rohstoffe":{"Unbekannt":0},"id":2,"Entwicklungskarten":{"Unbekannt":0},"Name":"KI (2)","Größte Rittermacht":false}}}
2017-02-12 16:08:03.895 INFO  network.server.ClientThread 186 msgAllButThisClient -    3 > {"Statusupdate":{"Spieler":{"Status":"Straße bauen","Rittermacht":0,"Farbe":"Rot","Längste Handelsstraße":false,"Siegpunkte":1,"Rohstoffe":{"Unbekannt":0},"id":2,"Entwicklungskarten":{"Unbekannt":0},"Name":"KI (2)","Größte Rittermacht":false}}}
2017-02-12 16:08:03.902 INFO  network.server.ClientThread 186 msgAllButThisClient -    4 > {"Statusupdate":{"Spieler":{"Status":"Straße bauen","Rittermacht":0,"Farbe":"Rot","Längste Handelsstraße":false,"Siegpunkte":1,"Rohstoffe":{"Unbekannt":0},"id":2,"Entwicklungskarten":{"Unbekannt":0},"Name":"KI (2)","Größte Rittermacht":false}}}
2017-02-12 16:08:03.940 WARN  network.client.ClientListener 249 handleMsg - Case not covered!
2017-02-12 16:08:03.940 INFO  network.client.Client 169 receiveMsg - {"Serverantwort":"OK"}
2017-02-12 16:08:03.946 INFO  network.client.Client 169 receiveMsg - {"Statusupdate":{"Spieler":{"Status":"Straße bauen","Rittermacht":0,"Farbe":"Rot","Längste Handelsstraße":false,"Siegpunkte":1,"Rohstoffe":{"Unbekannt":0},"id":2,"Entwicklungskarten":{"Unbekannt":0},"Name":"KI (2)","Größte Rittermacht":false}}}
2017-02-12 16:08:03.959 INFO  network.client.Client 169 receiveMsg - {"Statusupdate":{"Spieler":{"Status":"Straße bauen","Rittermacht":0,"Farbe":"Rot","Längste Handelsstraße":false,"Siegpunkte":1,"Rohstoffe":{"Unbekannt":0},"id":2,"Entwicklungskarten":{"Unbekannt":0},"Name":"KI (2)","Größte Rittermacht":false}}}
2017-02-12 16:08:04.025 WARN  network.client.ClientListener 249 handleMsg - Case not covered!
2017-02-12 16:08:04.025 INFO  network.client.Client 169 receiveMsg - {"Bauvorgang":{"Gebäude":{"Ort":[{"x":0,"y":0},{"x":0,"y":-1},{"x":1,"y":-1}],"Eigentümer":2,"Typ":"Dorf"}}}
2017-02-12 16:08:04.206 INFO  network.server.ClientThread 59 run -  < 2   {"Bauen":{"Ort":[{"x":0,"y":0},{"x":1,"y":-1}],"Typ":"Straße"}}
2017-02-12 16:08:04.206 INFO  network.client.Client 153 sendMsg - {"Bauen":{"Ort":[{"x":0,"y":0},{"x":1,"y":-1}],"Typ":"Straße"}}
2017-02-12 16:08:04.206 INFO  network.client.Client 169 receiveMsg - {"Statusupdate":{"Spieler":{"Status":"Straße bauen","Rittermacht":0,"Farbe":"Rot","Längste Handelsstraße":false,"Siegpunkte":1,"Rohstoffe":{"Getreide":0,"Wolle":0,"Holz":0,"Lehm":0,"Erz":0},"id":2,"Entwicklungskarten":{"Straßenbau":0,"Erfindung":0,"Monopol":0,"Ritter":0,"Siegpunkt":0},"Name":"KI (2)","Größte Rittermacht":false}}}
2017-02-12 16:08:04.207 INFO  network.Interpreter 328 axialToEdgeOrCorner - [{"x":0,"y":0},{"x":1,"y":-1}]. {18, 25}
2017-02-12 16:08:04.207 INFO  network.Interpreter 328 axialToEdgeOrCorner - [{"x":0,"y":0},{"x":1,"y":-1}]. {18, 25}
2017-02-12 16:08:04.207 INFO  network.server.ClientThread 126 msgThisClient -    2 > {"Serverantwort":"OK"}
2017-02-12 16:08:04.208 INFO  network.server.ClientThread 153 msgAll -    1 > {"Bauvorgang":{"Gebäude":{"Ort":[{"x":0,"y":0},{"x":1,"y":-1}],"Eigentümer":2,"Typ":"Straße"}}}
2017-02-12 16:08:04.208 WARN  network.client.ClientListener 249 handleMsg - Case not covered!
2017-02-12 16:08:04.208 INFO  network.client.Client 169 receiveMsg - {"Bauvorgang":{"Gebäude":{"Ort":[{"x":0,"y":0},{"x":1,"y":-1}],"Eigentümer":2,"Typ":"Straße"}}}
2017-02-12 16:08:04.214 INFO  network.server.ClientThread 153 msgAll -    2 > {"Bauvorgang":{"Gebäude":{"Ort":[{"x":0,"y":0},{"x":1,"y":-1}],"Eigentümer":2,"Typ":"Straße"}}}
2017-02-12 16:08:04.220 INFO  network.server.ClientThread 153 msgAll -    3 > {"Bauvorgang":{"Gebäude":{"Ort":[{"x":0,"y":0},{"x":1,"y":-1}],"Eigentümer":2,"Typ":"Straße"}}}
2017-02-12 16:08:04.220 WARN  network.client.ClientListener 249 handleMsg - Case not covered!
2017-02-12 16:08:04.221 INFO  network.client.Client 169 receiveMsg - {"Bauvorgang":{"Gebäude":{"Ort":[{"x":0,"y":0},{"x":1,"y":-1}],"Eigentümer":2,"Typ":"Straße"}}}
2017-02-12 16:08:04.227 INFO  network.server.ClientThread 153 msgAll -    4 > {"Bauvorgang":{"Gebäude":{"Ort":[{"x":0,"y":0},{"x":1,"y":-1}],"Eigentümer":2,"Typ":"Straße"}}}
2017-02-12 16:08:04.237 INFO  network.server.ClientThread 126 msgThisClient -    2 > {"Statusupdate":{"Spieler":{"Status":"Warten","Rittermacht":0,"Farbe":"Rot","Längste Handelsstraße":false,"Siegpunkte":1,"Rohstoffe":{"Getreide":0,"Wolle":0,"Holz":0,"Lehm":0,"Erz":0},"id":2,"Entwicklungskarten":{"Straßenbau":0,"Erfindung":0,"Monopol":0,"Ritter":0,"Siegpunkt":0},"Name":"KI (2)","Größte Rittermacht":false}}}
2017-02-12 16:08:04.237 INFO  network.server.ClientThread 186 msgAllButThisClient -    1 > {"Statusupdate":{"Spieler":{"Status":"Warten","Rittermacht":0,"Farbe":"Rot","Längste Handelsstraße":false,"Siegpunkte":1,"Rohstoffe":{"Unbekannt":0},"id":2,"Entwicklungskarten":{"Unbekannt":0},"Name":"KI (2)","Größte Rittermacht":false}}}
2017-02-12 16:08:04.243 INFO  network.server.ClientThread 186 msgAllButThisClient -    3 > {"Statusupdate":{"Spieler":{"Status":"Warten","Rittermacht":0,"Farbe":"Rot","Längste Handelsstraße":false,"Siegpunkte":1,"Rohstoffe":{"Unbekannt":0},"id":2,"Entwicklungskarten":{"Unbekannt":0},"Name":"KI (2)","Größte Rittermacht":false}}}
2017-02-12 16:08:04.250 INFO  network.server.ClientThread 186 msgAllButThisClient -    4 > {"Statusupdate":{"Spieler":{"Status":"Warten","Rittermacht":0,"Farbe":"Rot","Längste Handelsstraße":false,"Siegpunkte":1,"Rohstoffe":{"Unbekannt":0},"id":2,"Entwicklungskarten":{"Unbekannt":0},"Name":"KI (2)","Größte Rittermacht":false}}}
2017-02-12 16:08:04.256 INFO  network.server.ClientThread 126 msgThisClient -    3 > {"Statusupdate":{"Spieler":{"Status":"Dorf bauen","Rittermacht":0,"Farbe":"Orange","Längste Handelsstraße":false,"Siegpunkte":0,"Rohstoffe":{"Getreide":0,"Wolle":0,"Holz":0,"Lehm":0,"Erz":0},"id":3,"Entwicklungskarten":{"Straßenbau":0,"Erfindung":0,"Monopol":0,"Ritter":0,"Siegpunkt":0},"Name":"KI (3)","Größte Rittermacht":false}}}
2017-02-12 16:08:04.257 INFO  network.server.ClientThread 186 msgAllButThisClient -    1 > {"Statusupdate":{"Spieler":{"Status":"Dorf bauen","Rittermacht":0,"Farbe":"Orange","Längste Handelsstraße":false,"Siegpunkte":0,"Rohstoffe":{"Unbekannt":0},"id":3,"Entwicklungskarten":{"Unbekannt":0},"Name":"KI (3)","Größte Rittermacht":false}}}
2017-02-12 16:08:04.262 INFO  network.server.ClientThread 186 msgAllButThisClient -    2 > {"Statusupdate":{"Spieler":{"Status":"Dorf bauen","Rittermacht":0,"Farbe":"Orange","Längste Handelsstraße":false,"Siegpunkte":0,"Rohstoffe":{"Unbekannt":0},"id":3,"Entwicklungskarten":{"Unbekannt":0},"Name":"KI (3)","Größte Rittermacht":false}}}
2017-02-12 16:08:04.267 INFO  network.server.ClientThread 186 msgAllButThisClient -    4 > {"Statusupdate":{"Spieler":{"Status":"Dorf bauen","Rittermacht":0,"Farbe":"Orange","Längste Handelsstraße":false,"Siegpunkte":0,"Rohstoffe":{"Unbekannt":0},"id":3,"Entwicklungskarten":{"Unbekannt":0},"Name":"KI (3)","Größte Rittermacht":false}}}
2017-02-12 16:08:04.292 WARN  network.client.ClientListener 249 handleMsg - Case not covered!
2017-02-12 16:08:04.292 WARN  network.client.ClientListener 766 internalAi - Case not covered!
2017-02-12 16:08:04.292 INFO  network.client.Client 169 receiveMsg - {"Serverantwort":"OK"}
2017-02-12 16:08:04.292 INFO  network.client.Client 169 receiveMsg - {"Statusupdate":{"Spieler":{"Status":"Warten","Rittermacht":0,"Farbe":"Rot","Längste Handelsstraße":false,"Siegpunkte":1,"Rohstoffe":{"Unbekannt":0},"id":2,"Entwicklungskarten":{"Unbekannt":0},"Name":"KI (2)","Größte Rittermacht":false}}}
2017-02-12 16:08:04.303 WARN  network.client.ClientListener 766 internalAi - Case not covered!
2017-02-12 16:08:04.303 INFO  network.client.Client 169 receiveMsg - {"Statusupdate":{"Spieler":{"Status":"Warten","Rittermacht":0,"Farbe":"Rot","Längste Handelsstraße":false,"Siegpunkte":1,"Rohstoffe":{"Unbekannt":0},"id":2,"Entwicklungskarten":{"Unbekannt":0},"Name":"KI (2)","Größte Rittermacht":false}}}
2017-02-12 16:08:04.373 WARN  network.client.ClientListener 249 handleMsg - Case not covered!
2017-02-12 16:08:04.373 INFO  network.client.Client 169 receiveMsg - {"Bauvorgang":{"Gebäude":{"Ort":[{"x":0,"y":0},{"x":1,"y":-1}],"Eigentümer":2,"Typ":"Straße"}}}
2017-02-12 16:08:04.377 INFO  network.client.Client 169 receiveMsg - {"Statusupdate":{"Spieler":{"Status":"Dorf bauen","Rittermacht":0,"Farbe":"Orange","Längste Handelsstraße":false,"Siegpunkte":0,"Rohstoffe":{"Unbekannt":0},"id":3,"Entwicklungskarten":{"Unbekannt":0},"Name":"KI (3)","Größte Rittermacht":false}}}
2017-02-12 16:08:04.455 WARN  network.client.ClientListener 766 internalAi - Case not covered!
2017-02-12 16:08:04.455 INFO  network.client.Client 169 receiveMsg - {"Statusupdate":{"Spieler":{"Status":"Warten","Rittermacht":0,"Farbe":"Rot","Längste Handelsstraße":false,"Siegpunkte":1,"Rohstoffe":{"Getreide":0,"Wolle":0,"Holz":0,"Lehm":0,"Erz":0},"id":2,"Entwicklungskarten":{"Straßenbau":0,"Erfindung":0,"Monopol":0,"Ritter":0,"Siegpunkt":0},"Name":"KI (2)","Größte Rittermacht":false}}}
2017-02-12 16:08:04.497 INFO  network.server.ClientThread 59 run -  < 3   {"Bauen":{"Ort":[{"x":-2,"y":0},{"x":-1,"y":0},{"x":-1,"y":-1}],"Typ":"Dorf"}}
2017-02-12 16:08:04.497 INFO  network.client.Client 153 sendMsg - {"Bauen":{"Ort":[{"x":-2,"y":0},{"x":-1,"y":0},{"x":-1,"y":-1}],"Typ":"Dorf"}}
2017-02-12 16:08:04.497 INFO  network.client.Client 169 receiveMsg - {"Statusupdate":{"Spieler":{"Status":"Dorf bauen","Rittermacht":0,"Farbe":"Orange","Längste Handelsstraße":false,"Siegpunkte":0,"Rohstoffe":{"Getreide":0,"Wolle":0,"Holz":0,"Lehm":0,"Erz":0},"id":3,"Entwicklungskarten":{"Straßenbau":0,"Erfindung":0,"Monopol":0,"Ritter":0,"Siegpunkt":0},"Name":"KI (3)","Größte Rittermacht":false}}}
2017-02-12 16:08:04.498 INFO  network.Interpreter 328 axialToEdgeOrCorner - [{"x":-2,"y":0},{"x":-1,"y":0},{"x":-1,"y":-1}]. {16, 17, 23}
2017-02-12 16:08:04.498 INFO  network.Interpreter 328 axialToEdgeOrCorner - [{"x":-2,"y":0},{"x":-1,"y":0},{"x":-1,"y":-1}]. {16, 17, 23}
2017-02-12 16:08:04.499 INFO  network.server.ClientThread 126 msgThisClient -    3 > {"Serverantwort":"OK"}
2017-02-12 16:08:04.500 INFO  network.server.ClientThread 153 msgAll -    1 > {"Bauvorgang":{"Gebäude":{"Ort":[{"x":-2,"y":0},{"x":-1,"y":0},{"x":-1,"y":-1}],"Eigentümer":3,"Typ":"Dorf"}}}
2017-02-12 16:08:04.500 WARN  network.client.ClientListener 249 handleMsg - Case not covered!
2017-02-12 16:08:04.500 INFO  network.client.Client 169 receiveMsg - {"Bauvorgang":{"Gebäude":{"Ort":[{"x":-2,"y":0},{"x":-1,"y":0},{"x":-1,"y":-1}],"Eigentümer":3,"Typ":"Dorf"}}}
2017-02-12 16:08:04.506 INFO  network.server.ClientThread 153 msgAll -    2 > {"Bauvorgang":{"Gebäude":{"Ort":[{"x":-2,"y":0},{"x":-1,"y":0},{"x":-1,"y":-1}],"Eigentümer":3,"Typ":"Dorf"}}}
2017-02-12 16:08:04.513 INFO  network.server.ClientThread 153 msgAll -    3 > {"Bauvorgang":{"Gebäude":{"Ort":[{"x":-2,"y":0},{"x":-1,"y":0},{"x":-1,"y":-1}],"Eigentümer":3,"Typ":"Dorf"}}}
2017-02-12 16:08:04.518 INFO  network.server.ClientThread 153 msgAll -    4 > {"Bauvorgang":{"Gebäude":{"Ort":[{"x":-2,"y":0},{"x":-1,"y":0},{"x":-1,"y":-1}],"Eigentümer":3,"Typ":"Dorf"}}}
2017-02-12 16:08:04.526 INFO  network.server.ClientThread 126 msgThisClient -    3 > {"Statusupdate":{"Spieler":{"Status":"Straße bauen","Rittermacht":0,"Farbe":"Orange","Längste Handelsstraße":false,"Siegpunkte":1,"Rohstoffe":{"Getreide":0,"Wolle":0,"Holz":0,"Lehm":0,"Erz":0},"id":3,"Entwicklungskarten":{"Straßenbau":0,"Erfindung":0,"Monopol":0,"Ritter":0,"Siegpunkt":0},"Name":"KI (3)","Größte Rittermacht":false}}}
2017-02-12 16:08:04.526 INFO  network.server.ClientThread 186 msgAllButThisClient -    1 > {"Statusupdate":{"Spieler":{"Status":"Straße bauen","Rittermacht":0,"Farbe":"Orange","Längste Handelsstraße":false,"Siegpunkte":1,"Rohstoffe":{"Unbekannt":0},"id":3,"Entwicklungskarten":{"Unbekannt":0},"Name":"KI (3)","Größte Rittermacht":false}}}
2017-02-12 16:08:04.532 INFO  network.server.ClientThread 186 msgAllButThisClient -    2 > {"Statusupdate":{"Spieler":{"Status":"Straße bauen","Rittermacht":0,"Farbe":"Orange","Längste Handelsstraße":false,"Siegpunkte":1,"Rohstoffe":{"Unbekannt":0},"id":3,"Entwicklungskarten":{"Unbekannt":0},"Name":"KI (3)","Größte Rittermacht":false}}}
2017-02-12 16:08:04.538 INFO  network.server.ClientThread 186 msgAllButThisClient -    4 > {"Statusupdate":{"Spieler":{"Status":"Straße bauen","Rittermacht":0,"Farbe":"Orange","Längste Handelsstraße":false,"Siegpunkte":1,"Rohstoffe":{"Unbekannt":0},"id":3,"Entwicklungskarten":{"Unbekannt":0},"Name":"KI (3)","Größte Rittermacht":false}}}
2017-02-12 16:08:04.539 INFO  network.client.Client 169 receiveMsg - {"Statusupdate":{"Spieler":{"Status":"Dorf bauen","Rittermacht":0,"Farbe":"Orange","Längste Handelsstraße":false,"Siegpunkte":0,"Rohstoffe":{"Unbekannt":0},"id":3,"Entwicklungskarten":{"Unbekannt":0},"Name":"KI (3)","Größte Rittermacht":false}}}
2017-02-12 16:08:04.582 WARN  network.client.ClientListener 249 handleMsg - Case not covered!
2017-02-12 16:08:04.582 INFO  network.client.Client 169 receiveMsg - {"Statusupdate":{"Spieler":{"Status":"Straße bauen","Rittermacht":0,"Farbe":"Orange","Längste Handelsstraße":false,"Siegpunkte":1,"Rohstoffe":{"Unbekannt":0},"id":3,"Entwicklungskarten":{"Unbekannt":0},"Name":"KI (3)","Größte Rittermacht":false}}}
2017-02-12 16:08:04.582 INFO  network.client.Client 169 receiveMsg - {"Serverantwort":"OK"}
2017-02-12 16:08:04.621 WARN  network.client.ClientListener 249 handleMsg - Case not covered!
2017-02-12 16:08:04.621 INFO  network.client.Client 169 receiveMsg - {"Bauvorgang":{"Gebäude":{"Ort":[{"x":-2,"y":0},{"x":-1,"y":0},{"x":-1,"y":-1}],"Eigentümer":3,"Typ":"Dorf"}}}
2017-02-12 16:08:04.667 WARN  network.client.ClientListener 249 handleMsg - Case not covered!
2017-02-12 16:08:04.667 INFO  network.client.Client 169 receiveMsg - {"Bauvorgang":{"Gebäude":{"Ort":[{"x":-2,"y":0},{"x":-1,"y":0},{"x":-1,"y":-1}],"Eigentümer":3,"Typ":"Dorf"}}}
2017-02-12 16:08:04.703 INFO  network.client.Client 169 receiveMsg - {"Statusupdate":{"Spieler":{"Status":"Straße bauen","Rittermacht":0,"Farbe":"Orange","Längste Handelsstraße":false,"Siegpunkte":1,"Rohstoffe":{"Unbekannt":0},"id":3,"Entwicklungskarten":{"Unbekannt":0},"Name":"KI (3)","Größte Rittermacht":false}}}
2017-02-12 16:08:04.855 INFO  network.server.ClientThread 59 run -  < 3   {"Bauen":{"Ort":[{"x":-1,"y":0},{"x":-1,"y":-1}],"Typ":"Straße"}}
2017-02-12 16:08:04.855 INFO  network.client.Client 153 sendMsg - {"Bauen":{"Ort":[{"x":-1,"y":0},{"x":-1,"y":-1}],"Typ":"Straße"}}
2017-02-12 16:08:04.855 INFO  network.client.Client 169 receiveMsg - {"Statusupdate":{"Spieler":{"Status":"Straße bauen","Rittermacht":0,"Farbe":"Orange","Längste Handelsstraße":false,"Siegpunkte":1,"Rohstoffe":{"Getreide":0,"Wolle":0,"Holz":0,"Lehm":0,"Erz":0},"id":3,"Entwicklungskarten":{"Straßenbau":0,"Erfindung":0,"Monopol":0,"Ritter":0,"Siegpunkt":0},"Name":"KI (3)","Größte Rittermacht":false}}}
2017-02-12 16:08:04.855 INFO  network.Interpreter 328 axialToEdgeOrCorner - [{"x":-1,"y":0},{"x":-1,"y":-1}]. {17, 23}
2017-02-12 16:08:04.856 INFO  network.Interpreter 328 axialToEdgeOrCorner - [{"x":-1,"y":0},{"x":-1,"y":-1}]. {17, 23}
2017-02-12 16:08:04.856 INFO  network.server.ClientThread 126 msgThisClient -    3 > {"Serverantwort":"OK"}
2017-02-12 16:08:04.856 INFO  network.server.ClientThread 153 msgAll -    1 > {"Bauvorgang":{"Gebäude":{"Ort":[{"x":-1,"y":0},{"x":-1,"y":-1}],"Eigentümer":3,"Typ":"Straße"}}}
2017-02-12 16:08:04.856 WARN  network.client.ClientListener 249 handleMsg - Case not covered!
2017-02-12 16:08:04.856 INFO  network.client.Client 169 receiveMsg - {"Bauvorgang":{"Gebäude":{"Ort":[{"x":-1,"y":0},{"x":-1,"y":-1}],"Eigentümer":3,"Typ":"Straße"}}}
2017-02-12 16:08:04.863 INFO  network.server.ClientThread 153 msgAll -    2 > {"Bauvorgang":{"Gebäude":{"Ort":[{"x":-1,"y":0},{"x":-1,"y":-1}],"Eigentümer":3,"Typ":"Straße"}}}
2017-02-12 16:08:04.863 WARN  network.client.ClientListener 249 handleMsg - Case not covered!
2017-02-12 16:08:04.863 INFO  network.client.Client 169 receiveMsg - {"Bauvorgang":{"Gebäude":{"Ort":[{"x":-1,"y":0},{"x":-1,"y":-1}],"Eigentümer":3,"Typ":"Straße"}}}
2017-02-12 16:08:04.869 INFO  network.server.ClientThread 153 msgAll -    3 > {"Bauvorgang":{"Gebäude":{"Ort":[{"x":-1,"y":0},{"x":-1,"y":-1}],"Eigentümer":3,"Typ":"Straße"}}}
2017-02-12 16:08:04.875 INFO  network.server.ClientThread 153 msgAll -    4 > {"Bauvorgang":{"Gebäude":{"Ort":[{"x":-1,"y":0},{"x":-1,"y":-1}],"Eigentümer":3,"Typ":"Straße"}}}
2017-02-12 16:08:04.884 INFO  network.server.ClientThread 126 msgThisClient -    3 > {"Statusupdate":{"Spieler":{"Status":"Warten","Rittermacht":0,"Farbe":"Orange","Längste Handelsstraße":false,"Siegpunkte":1,"Rohstoffe":{"Getreide":0,"Wolle":0,"Holz":0,"Lehm":0,"Erz":0},"id":3,"Entwicklungskarten":{"Straßenbau":0,"Erfindung":0,"Monopol":0,"Ritter":0,"Siegpunkt":0},"Name":"KI (3)","Größte Rittermacht":false}}}
2017-02-12 16:08:04.884 INFO  network.server.ClientThread 186 msgAllButThisClient -    1 > {"Statusupdate":{"Spieler":{"Status":"Warten","Rittermacht":0,"Farbe":"Orange","Längste Handelsstraße":false,"Siegpunkte":1,"Rohstoffe":{"Unbekannt":0},"id":3,"Entwicklungskarten":{"Unbekannt":0},"Name":"KI (3)","Größte Rittermacht":false}}}
2017-02-12 16:08:04.891 INFO  network.server.ClientThread 186 msgAllButThisClient -    2 > {"Statusupdate":{"Spieler":{"Status":"Warten","Rittermacht":0,"Farbe":"Orange","Längste Handelsstraße":false,"Siegpunkte":1,"Rohstoffe":{"Unbekannt":0},"id":3,"Entwicklungskarten":{"Unbekannt":0},"Name":"KI (3)","Größte Rittermacht":false}}}
2017-02-12 16:08:04.897 INFO  network.server.ClientThread 186 msgAllButThisClient -    4 > {"Statusupdate":{"Spieler":{"Status":"Warten","Rittermacht":0,"Farbe":"Orange","Längste Handelsstraße":false,"Siegpunkte":1,"Rohstoffe":{"Unbekannt":0},"id":3,"Entwicklungskarten":{"Unbekannt":0},"Name":"KI (3)","Größte Rittermacht":false}}}
2017-02-12 16:08:04.904 INFO  network.server.ClientThread 126 msgThisClient -    4 > {"Statusupdate":{"Spieler":{"Status":"Dorf bauen","Rittermacht":0,"Farbe":"Weiß","Längste Handelsstraße":false,"Siegpunkte":0,"Rohstoffe":{"Getreide":0,"Wolle":0,"Holz":0,"Lehm":0,"Erz":0},"id":4,"Entwicklungskarten":{"Straßenbau":0,"Erfindung":0,"Monopol":0,"Ritter":0,"Siegpunkt":0},"Name":"chris","Größte Rittermacht":false}}}
2017-02-12 16:08:04.904 INFO  network.server.ClientThread 186 msgAllButThisClient -    1 > {"Statusupdate":{"Spieler":{"Status":"Dorf bauen","Rittermacht":0,"Farbe":"Weiß","Längste Handelsstraße":false,"Siegpunkte":0,"Rohstoffe":{"Unbekannt":0},"id":4,"Entwicklungskarten":{"Unbekannt":0},"Name":"chris","Größte Rittermacht":false}}}
2017-02-12 16:08:04.911 INFO  network.server.ClientThread 186 msgAllButThisClient -    2 > {"Statusupdate":{"Spieler":{"Status":"Dorf bauen","Rittermacht":0,"Farbe":"Weiß","Längste Handelsstraße":false,"Siegpunkte":0,"Rohstoffe":{"Unbekannt":0},"id":4,"Entwicklungskarten":{"Unbekannt":0},"Name":"chris","Größte Rittermacht":false}}}
2017-02-12 16:08:04.916 INFO  network.server.ClientThread 186 msgAllButThisClient -    3 > {"Statusupdate":{"Spieler":{"Status":"Dorf bauen","Rittermacht":0,"Farbe":"Weiß","Längste Handelsstraße":false,"Siegpunkte":0,"Rohstoffe":{"Unbekannt":0},"id":4,"Entwicklungskarten":{"Unbekannt":0},"Name":"chris","Größte Rittermacht":false}}}
2017-02-12 16:08:04.938 WARN  network.client.ClientListener 249 handleMsg - Case not covered!
2017-02-12 16:08:04.938 INFO  network.client.Client 169 receiveMsg - {"Serverantwort":"OK"}
2017-02-12 16:08:04.941 WARN  network.client.ClientListener 766 internalAi - Case not covered!
2017-02-12 16:08:04.941 INFO  network.client.Client 169 receiveMsg - {"Statusupdate":{"Spieler":{"Status":"Warten","Rittermacht":0,"Farbe":"Orange","Längste Handelsstraße":false,"Siegpunkte":1,"Rohstoffe":{"Unbekannt":0},"id":3,"Entwicklungskarten":{"Unbekannt":0},"Name":"KI (3)","Größte Rittermacht":false}}}
2017-02-12 16:08:04.947 WARN  network.client.ClientListener 766 internalAi - Case not covered!
2017-02-12 16:08:04.947 INFO  network.client.Client 169 receiveMsg - {"Statusupdate":{"Spieler":{"Status":"Warten","Rittermacht":0,"Farbe":"Orange","Längste Handelsstraße":false,"Siegpunkte":1,"Rohstoffe":{"Unbekannt":0},"id":3,"Entwicklungskarten":{"Unbekannt":0},"Name":"KI (3)","Größte Rittermacht":false}}}
2017-02-12 16:08:05.023 WARN  network.client.ClientListener 249 handleMsg - Case not covered!
2017-02-12 16:08:05.023 INFO  network.client.Client 169 receiveMsg - {"Bauvorgang":{"Gebäude":{"Ort":[{"x":-1,"y":0},{"x":-1,"y":-1}],"Eigentümer":3,"Typ":"Straße"}}}
2017-02-12 16:08:05.025 INFO  network.client.Client 169 receiveMsg - {"Statusupdate":{"Spieler":{"Status":"Dorf bauen","Rittermacht":0,"Farbe":"Weiß","Längste Handelsstraße":false,"Siegpunkte":0,"Rohstoffe":{"Unbekannt":0},"id":4,"Entwicklungskarten":{"Unbekannt":0},"Name":"chris","Größte Rittermacht":false}}}
2017-02-12 16:08:05.031 INFO  network.client.Client 169 receiveMsg - {"Statusupdate":{"Spieler":{"Status":"Dorf bauen","Rittermacht":0,"Farbe":"Weiß","Längste Handelsstraße":false,"Siegpunkte":0,"Rohstoffe":{"Unbekannt":0},"id":4,"Entwicklungskarten":{"Unbekannt":0},"Name":"chris","Größte Rittermacht":false}}}
2017-02-12 16:08:05.104 WARN  network.client.ClientListener 766 internalAi - Case not covered!
2017-02-12 16:08:05.104 INFO  network.client.Client 169 receiveMsg - {"Statusupdate":{"Spieler":{"Status":"Warten","Rittermacht":0,"Farbe":"Orange","Längste Handelsstraße":false,"Siegpunkte":1,"Rohstoffe":{"Getreide":0,"Wolle":0,"Holz":0,"Lehm":0,"Erz":0},"id":3,"Entwicklungskarten":{"Straßenbau":0,"Erfindung":0,"Monopol":0,"Ritter":0,"Siegpunkt":0},"Name":"KI (3)","Größte Rittermacht":false}}}
2017-02-12 16:08:05.189 INFO  network.client.Client 169 receiveMsg - {"Statusupdate":{"Spieler":{"Status":"Dorf bauen","Rittermacht":0,"Farbe":"Weiß","Längste Handelsstraße":false,"Siegpunkte":0,"Rohstoffe":{"Unbekannt":0},"id":4,"Entwicklungskarten":{"Unbekannt":0},"Name":"chris","Größte Rittermacht":false}}}
2017-02-12 16:09:33.115 WARN  network.server.ClientThread 64 run - Lost connection.
2017-02-12 16:09:33.116 INFO  network.server.ClientThread 186 msgAllButThisClient -    1 > {"Statusupdate":{"Spieler":{"Status":"Verbindung verloren","Rittermacht":0,"Farbe":"Weiß","Längste Handelsstraße":false,"Siegpunkte":0,"Rohstoffe":{"Getreide":0,"Wolle":0,"Holz":0,"Lehm":0,"Erz":0},"id":4,"Entwicklungskarten":{"Straßenbau":0,"Erfindung":0,"Monopol":0,"Ritter":0,"Siegpunkt":0},"Name":"chris","Größte Rittermacht":false}}}
2017-02-12 16:09:33.116 WARN  network.client.ClientListener 766 internalAi - Case not covered!
2017-02-12 16:09:33.117 INFO  network.client.Client 169 receiveMsg - {"Statusupdate":{"Spieler":{"Status":"Verbindung verloren","Rittermacht":0,"Farbe":"Weiß","Längste Handelsstraße":false,"Siegpunkte":0,"Rohstoffe":{"Getreide":0,"Wolle":0,"Holz":0,"Lehm":0,"Erz":0},"id":4,"Entwicklungskarten":{"Straßenbau":0,"Erfindung":0,"Monopol":0,"Ritter":0,"Siegpunkt":0},"Name":"chris","Größte Rittermacht":false}}}
2017-02-12 16:09:33.122 INFO  network.server.ClientThread 186 msgAllButThisClient -    2 > {"Statusupdate":{"Spieler":{"Status":"Verbindung verloren","Rittermacht":0,"Farbe":"Weiß","Längste Handelsstraße":false,"Siegpunkte":0,"Rohstoffe":{"Getreide":0,"Wolle":0,"Holz":0,"Lehm":0,"Erz":0},"id":4,"Entwicklungskarten":{"Straßenbau":0,"Erfindung":0,"Monopol":0,"Ritter":0,"Siegpunkt":0},"Name":"chris","Größte Rittermacht":false}}}
2017-02-12 16:09:33.123 WARN  network.client.ClientListener 766 internalAi - Case not covered!
2017-02-12 16:09:33.123 INFO  network.client.Client 169 receiveMsg - {"Statusupdate":{"Spieler":{"Status":"Verbindung verloren","Rittermacht":0,"Farbe":"Weiß","Längste Handelsstraße":false,"Siegpunkte":0,"Rohstoffe":{"Getreide":0,"Wolle":0,"Holz":0,"Lehm":0,"Erz":0},"id":4,"Entwicklungskarten":{"Straßenbau":0,"Erfindung":0,"Monopol":0,"Ritter":0,"Siegpunkt":0},"Name":"chris","Größte Rittermacht":false}}}
2017-02-12 16:09:33.128 WARN  network.client.ClientListener 766 internalAi - Case not covered!
2017-02-12 16:09:33.128 INFO  network.server.ClientThread 186 msgAllButThisClient -    3 > {"Statusupdate":{"Spieler":{"Status":"Verbindung verloren","Rittermacht":0,"Farbe":"Weiß","Längste Handelsstraße":false,"Siegpunkte":0,"Rohstoffe":{"Getreide":0,"Wolle":0,"Holz":0,"Lehm":0,"Erz":0},"id":4,"Entwicklungskarten":{"Straßenbau":0,"Erfindung":0,"Monopol":0,"Ritter":0,"Siegpunkt":0},"Name":"chris","Größte Rittermacht":false}}}
2017-02-12 16:09:33.128 INFO  network.client.Client 169 receiveMsg - {"Statusupdate":{"Spieler":{"Status":"Verbindung verloren","Rittermacht":0,"Farbe":"Weiß","Längste Handelsstraße":false,"Siegpunkte":0,"Rohstoffe":{"Getreide":0,"Wolle":0,"Holz":0,"Lehm":0,"Erz":0},"id":4,"Entwicklungskarten":{"Straßenbau":0,"Erfindung":0,"Monopol":0,"Ritter":0,"Siegpunkt":0},"Name":"chris","Größte Rittermacht":false}}}
2017-02-12 16:09:33.135 INFO  network.server.ClientThread 186 msgAllButThisClient -    1 > {"Spiel beendet":{"Nachricht":"Verbindung zu einem Spieler verloren","Sieger":-1}}
2017-02-12 16:09:33.141 INFO  network.server.ClientThread 186 msgAllButThisClient -    2 > {"Spiel beendet":{"Nachricht":"Verbindung zu einem Spieler verloren","Sieger":-1}}
2017-02-12 16:09:33.147 INFO  network.server.ClientThread 186 msgAllButThisClient -    3 > {"Spiel beendet":{"Nachricht":"Verbindung zu einem Spieler verloren","Sieger":-1}}
2017-02-12 16:09:33.153 TRACE network.server.ClientThread 100 disconnect - Enter
2017-02-12 16:09:33.200 TRACE network.client.ClientListener 1036 endGame - Enter
2017-02-12 16:09:33.200 INFO  network.client.Client 169 receiveMsg - {"Spiel beendet":{"Nachricht":"Verbindung zu einem Spieler verloren","Sieger":-1}}
2017-02-12 16:09:33.205 TRACE network.client.ClientListener 1036 endGame - Enter
2017-02-12 16:09:33.205 INFO  network.client.Client 169 receiveMsg - {"Spiel beendet":{"Nachricht":"Verbindung zu einem Spieler verloren","Sieger":-1}}
2017-02-12 16:09:33.212 TRACE network.client.ClientListener 1036 endGame - Enter
2017-02-12 16:09:33.213 INFO  network.client.Client 169 receiveMsg - {"Spiel beendet":{"Nachricht":"Verbindung zu einem Spieler verloren","Sieger":-1}}
