2017-02-13 15:51:37.470 INFO  view.client.CanvasBoard 824 lambda$setRobber$8 - Robber is drawn at new position: 12
2017-02-13 15:51:37.515 INFO  view.client.build.BuildController 105 lambda$deactivateButtons$0 - Case not covered!
2017-02-13 15:51:37.515 INFO  view.client.build.BuildController 105 lambda$deactivateButtons$0 - Case not covered!
2017-02-13 15:51:37.516 INFO  view.client.build.BuildController 105 lambda$deactivateButtons$0 - Case not covered!
2017-02-13 15:51:37.516 INFO  view.client.build.BuildController 105 lambda$deactivateButtons$0 - Case not covered!
2017-02-13 15:51:37.516 INFO  view.client.build.BuildController 105 lambda$deactivateButtons$0 - Case not covered!
2017-02-13 15:51:37.517 INFO  view.client.build.BuildController 105 lambda$deactivateButtons$0 - Case not covered!
2017-02-13 15:51:37.540 INFO  view.client.build.BuildController 105 lambda$deactivateButtons$0 - Case not covered!
2017-02-13 15:51:37.627 INFO  view.client.build.BuildController 105 lambda$deactivateButtons$0 - Case not covered!
2017-02-13 15:51:37.715 INFO  view.client.build.BuildController 105 lambda$deactivateButtons$0 - Case not covered!
2017-02-13 15:51:37.802 INFO  view.client.build.BuildController 105 lambda$deactivateButtons$0 - Case not covered!
2017-02-13 15:51:37.802 INFO  view.client.build.BuildController 105 lambda$deactivateButtons$0 - Case not covered!
2017-02-13 15:51:37.887 INFO  view.client.build.BuildController 105 lambda$deactivateButtons$0 - Case not covered!
2017-02-13 15:51:37.970 INFO  view.client.build.BuildController 105 lambda$deactivateButtons$0 - Case not covered!
2017-02-13 15:51:38.053 INFO  view.client.build.BuildController 105 lambda$deactivateButtons$0 - Case not covered!
2017-02-13 15:51:38.265 INFO  view.client.build.BuildController 105 lambda$deactivateButtons$0 - Case not covered!
2017-02-13 15:51:38.457 INFO  view.client.build.BuildController 105 lambda$deactivateButtons$0 - Case not covered!
2017-02-13 15:51:38.655 INFO  view.client.Controller 1611 lambda$triggerFading$33 - Fade in Resources
2017-02-13 15:51:38.739 INFO  view.client.build.BuildController 105 lambda$deactivateButtons$0 - Case not covered!
2017-02-13 15:51:38.928 INFO  view.client.build.BuildController 105 lambda$deactivateButtons$0 - Case not covered!
2017-02-13 15:51:39.009 INFO  view.client.build.BuildController 105 lambda$deactivateButtons$0 - Case not covered!
2017-02-13 15:51:39.220 INFO  view.client.build.BuildController 105 lambda$deactivateButtons$0 - Case not covered!
2017-02-13 15:51:39.580 INFO  view.client.build.BuildController 105 lambda$deactivateButtons$0 - Case not covered!
2017-02-13 15:51:39.645 INFO  view.client.build.BuildController 105 lambda$deactivateButtons$0 - Case not covered!
2017-02-13 15:51:39.926 INFO  view.client.build.BuildController 105 lambda$deactivateButtons$0 - Case not covered!
2017-02-13 15:51:40.291 INFO  view.client.build.BuildController 105 lambda$deactivateButtons$0 - Case not covered!
2017-02-13 15:51:40.355 INFO  view.client.build.BuildController 105 lambda$deactivateButtons$0 - Case not covered!
2017-02-13 15:51:40.643 INFO  view.client.build.BuildController 105 lambda$deactivateButtons$0 - Case not covered!
2017-02-13 15:51:41.006 INFO  view.client.build.BuildController 105 lambda$deactivateButtons$0 - Case not covered!
2017-02-13 15:51:41.259 INFO  view.client.Controller 1611 lambda$triggerFading$33 - Fade in Resources
2017-02-13 15:51:41.317 INFO  view.client.build.BuildController 105 lambda$deactivateButtons$0 - Case not covered!
2017-02-13 15:51:41.817 INFO  view.client.build.BuildController 105 lambda$deactivateButtons$0 - Case not covered!
2017-02-13 15:51:41.833 INFO  view.client.build.BuildController 105 lambda$deactivateButtons$0 - Case not covered!
2017-02-13 15:51:41.932 INFO  view.client.Controller 1611 lambda$triggerFading$33 - Fade in Resources
2017-02-13 15:51:42.017 INFO  view.client.build.BuildController 105 lambda$deactivateButtons$0 - Case not covered!
2017-02-13 15:51:42.484 INFO  view.client.build.BuildController 105 lambda$deactivateButtons$0 - Case not covered!
2017-02-13 15:51:42.815 INFO  view.client.build.BuildController 105 lambda$deactivateButtons$0 - Case not covered!
2017-02-13 15:51:42.832 INFO  view.client.build.BuildController 105 lambda$deactivateButtons$0 - Case not covered!
2017-02-13 15:51:42.984 INFO  view.client.Controller 1611 lambda$triggerFading$33 - Fade in Resources
2017-02-13 15:51:43.067 INFO  view.client.build.BuildController 105 lambda$deactivateButtons$0 - Case not covered!
2017-02-13 15:51:43.649 INFO  view.client.build.BuildController 105 lambda$deactivateButtons$0 - Case not covered!
2017-02-13 15:51:43.655 INFO  view.client.build.BuildController 105 lambda$deactivateButtons$0 - Case not covered!
2017-02-13 15:51:43.824 INFO  view.client.Controller 1611 lambda$triggerFading$33 - Fade in Resources
2017-02-13 15:51:43.907 INFO  view.client.build.BuildController 105 lambda$deactivateButtons$0 - Case not covered!
2017-02-13 15:51:44.079 INFO  view.client.build.BuildController 105 lambda$deactivateButtons$0 - Case not covered!
2017-02-13 15:51:44.158 INFO  view.client.build.BuildController 105 lambda$deactivateButtons$0 - Case not covered!
2017-02-13 15:51:44.341 INFO  view.client.build.BuildController 105 lambda$deactivateButtons$0 - Case not covered!
2017-02-13 15:51:44.406 INFO  view.client.build.BuildController 105 lambda$deactivateButtons$0 - Case not covered!
2017-02-13 15:51:44.424 INFO  view.client.build.BuildController 105 lambda$deactivateButtons$0 - Case not covered!
2017-02-13 15:51:44.489 INFO  view.client.build.BuildController 105 lambda$deactivateButtons$0 - Case not covered!
2017-02-13 15:51:44.509 INFO  view.client.build.BuildController 105 lambda$deactivateButtons$0 - Case not covered!
2017-02-13 15:51:44.968 INFO  view.client.Controller 1611 lambda$triggerFading$33 - Fade in Resources
2017-02-13 15:51:45.058 INFO  view.client.CanvasBoard 824 lambda$setRobber$8 - Robber is drawn at new position: 18
2017-02-13 15:51:45.083 INFO  view.client.build.BuildController 105 lambda$deactivateButtons$0 - Case not covered!
2017-02-13 15:51:45.639 INFO  view.client.build.BuildController 105 lambda$deactivateButtons$0 - Case not covered!
2017-02-13 15:51:46.049 INFO  view.client.build.BuildController 105 lambda$deactivateButtons$0 - Case not covered!
2017-02-13 15:51:46.066 INFO  view.client.build.BuildController 105 lambda$deactivateButtons$0 - Case not covered!
2017-02-13 15:51:46.159 INFO  view.client.build.BuildController 105 lambda$deactivateButtons$0 - Case not covered!
2017-02-13 15:51:46.226 INFO  view.client.build.BuildController 105 lambda$deactivateButtons$0 - Case not covered!
2017-02-13 15:51:46.240 INFO  view.client.build.BuildController 105 lambda$deactivateButtons$0 - Case not covered!
2017-02-13 15:51:46.308 INFO  view.client.build.BuildController 105 lambda$deactivateButtons$0 - Case not covered!
2017-02-13 15:51:46.325 INFO  view.client.build.BuildController 105 lambda$deactivateButtons$0 - Case not covered!
2017-02-13 15:51:46.790 INFO  view.client.Controller 1611 lambda$triggerFading$33 - Fade in Resources
2017-02-13 15:51:46.882 INFO  view.client.CanvasBoard 824 lambda$setRobber$8 - Robber is drawn at new position: 17
2017-02-13 15:51:46.903 INFO  view.client.build.BuildController 105 lambda$deactivateButtons$0 - Case not covered!
2017-02-13 15:51:47.394 INFO  view.client.CanvasBoard 824 lambda$setRobber$8 - Robber is drawn at new position: 19
2017-02-13 15:51:47.402 INFO  view.client.build.BuildController 105 lambda$deactivateButtons$0 - Case not covered!
2017-02-13 15:51:47.471 INFO  view.client.build.BuildController 105 lambda$deactivateButtons$0 - Case not covered!
2017-02-13 15:51:47.486 INFO  view.client.build.BuildController 105 lambda$deactivateButtons$0 - Case not covered!
2017-02-13 15:51:47.748 INFO  view.client.Controller 1611 lambda$triggerFading$33 - Fade in Resources
2017-02-13 15:51:47.809 INFO  view.client.build.BuildController 105 lambda$deactivateButtons$0 - Case not covered!
2017-02-13 15:51:48.297 INFO  view.client.build.BuildController 105 lambda$deactivateButtons$0 - Case not covered!
2017-02-13 15:51:48.303 INFO  view.client.build.BuildController 105 lambda$deactivateButtons$0 - Case not covered!
2017-02-13 15:51:48.548 INFO  view.client.build.BuildController 105 lambda$deactivateButtons$0 - Case not covered!
2017-02-13 15:51:48.722 INFO  view.client.build.BuildController 105 lambda$deactivateButtons$0 - Case not covered!
2017-02-13 15:51:48.804 INFO  view.client.build.BuildController 105 lambda$deactivateButtons$0 - Case not covered!
2017-02-13 15:51:48.999 INFO  view.client.build.BuildController 105 lambda$deactivateButtons$0 - Case not covered!
2017-02-13 15:51:49.542 INFO  view.client.build.BuildController 105 lambda$deactivateButtons$0 - Case not covered!
2017-02-13 15:51:49.561 INFO  view.client.build.BuildController 105 lambda$deactivateButtons$0 - Case not covered!
2017-02-13 15:51:49.825 INFO  view.client.build.BuildController 105 lambda$deactivateButtons$0 - Case not covered!
2017-02-13 15:51:50.300 INFO  view.client.build.BuildController 105 lambda$deactivateButtons$0 - Case not covered!
2017-02-13 15:51:50.631 INFO  view.client.build.BuildController 105 lambda$deactivateButtons$0 - Case not covered!
2017-02-13 15:51:50.648 INFO  view.client.build.BuildController 105 lambda$deactivateButtons$0 - Case not covered!
2017-02-13 15:51:50.824 INFO  view.client.build.BuildController 105 lambda$deactivateButtons$0 - Case not covered!
2017-02-13 15:51:51.355 INFO  view.client.build.BuildController 105 lambda$deactivateButtons$0 - Case not covered!
2017-02-13 15:51:51.790 INFO  view.client.build.BuildController 105 lambda$deactivateButtons$0 - Case not covered!
2017-02-13 15:51:52.198 INFO  view.client.build.BuildController 105 lambda$deactivateButtons$0 - Case not covered!
2017-02-13 15:51:52.203 INFO  view.client.build.BuildController 105 lambda$deactivateButtons$0 - Case not covered!
2017-02-13 15:51:52.365 INFO  view.client.build.BuildController 105 lambda$deactivateButtons$0 - Case not covered!
2017-02-13 15:51:52.372 INFO  view.client.build.BuildController 105 lambda$deactivateButtons$0 - Case not covered!
2017-02-13 15:51:52.450 INFO  view.client.build.BuildController 105 lambda$deactivateButtons$0 - Case not covered!
2017-02-13 15:51:52.454 INFO  view.client.build.BuildController 105 lambda$deactivateButtons$0 - Case not covered!
2017-02-13 15:51:52.531 INFO  view.client.build.BuildController 105 lambda$deactivateButtons$0 - Case not covered!
2017-02-13 15:51:52.698 INFO  view.client.Controller 1611 lambda$triggerFading$33 - Fade in Resources
2017-02-13 15:51:52.787 INFO  view.client.CanvasBoard 824 lambda$setRobber$8 - Robber is drawn at new position: 25
2017-02-13 15:51:52.788 INFO  view.client.build.BuildController 105 lambda$deactivateButtons$0 - Case not covered!
2017-02-13 15:51:52.953 INFO  view.client.build.BuildController 105 lambda$deactivateButtons$0 - Case not covered!
2017-02-13 15:51:53.032 INFO  view.client.build.BuildController 105 lambda$deactivateButtons$0 - Case not covered!
2017-02-13 15:51:53.308 INFO  view.client.Controller 1611 lambda$triggerFading$33 - Fade in Resources
2017-02-13 15:51:53.390 INFO  view.client.build.BuildController 105 lambda$deactivateButtons$0 - Case not covered!
2017-02-13 15:51:53.948 INFO  view.client.build.BuildController 105 lambda$deactivateButtons$0 - Case not covered!
2017-02-13 15:51:53.964 INFO  view.client.build.BuildController 105 lambda$deactivateButtons$0 - Case not covered!
2017-02-13 15:51:54.127 INFO  view.client.build.BuildController 105 lambda$deactivateButtons$0 - Case not covered!
2017-02-13 15:51:54.556 INFO  view.client.build.BuildController 105 lambda$deactivateButtons$0 - Case not covered!
2017-02-13 15:51:54.992 INFO  view.client.build.BuildController 105 lambda$deactivateButtons$0 - Case not covered!
2017-02-13 15:51:55.546 INFO  view.client.build.BuildController 105 lambda$deactivateButtons$0 - Case not covered!
2017-02-13 15:51:55.565 INFO  view.client.build.BuildController 105 lambda$deactivateButtons$0 - Case not covered!
2017-02-13 15:51:55.719 INFO  view.client.build.BuildController 105 lambda$deactivateButtons$0 - Case not covered!
2017-02-13 15:51:56.216 INFO  view.client.build.BuildController 105 lambda$deactivateButtons$0 - Case not covered!
2017-02-13 15:51:56.633 INFO  view.client.build.BuildController 105 lambda$deactivateButtons$0 - Case not covered!
2017-02-13 15:51:56.639 INFO  view.client.build.BuildController 105 lambda$deactivateButtons$0 - Case not covered!
2017-02-13 15:51:56.806 INFO  view.client.Controller 1611 lambda$triggerFading$33 - Fade in Resources
2017-02-13 15:51:56.889 INFO  view.client.build.BuildController 105 lambda$deactivateButtons$0 - Case not covered!
2017-02-13 15:51:57.073 INFO  view.client.Controller 1611 lambda$triggerFading$33 - Fade in Resources
2017-02-13 15:51:57.154 INFO  view.client.build.BuildController 105 lambda$deactivateButtons$0 - Case not covered!
2017-02-13 15:51:57.244 INFO  view.client.Controller 1737 lambda$devCardAnimation$35 - activate animation
2017-02-13 15:51:57.322 INFO  view.client.Controller 1611 lambda$triggerFading$33 - Fade in Resources
2017-02-13 15:51:57.327 INFO  view.client.build.BuildController 105 lambda$deactivateButtons$0 - Case not covered!
2017-02-13 15:51:57.501 INFO  view.client.build.BuildController 105 lambda$deactivateButtons$0 - Case not covered!
2017-02-13 15:51:57.581 INFO  view.client.build.BuildController 105 lambda$deactivateButtons$0 - Case not covered!
2017-02-13 15:51:57.911 INFO  view.client.build.BuildController 105 lambda$deactivateButtons$0 - Case not covered!
2017-02-13 15:51:58.463 INFO  view.client.build.BuildController 105 lambda$deactivateButtons$0 - Case not covered!
2017-02-13 15:51:58.480 INFO  view.client.build.BuildController 105 lambda$deactivateButtons$0 - Case not covered!
2017-02-13 15:51:58.642 INFO  view.client.build.BuildController 105 lambda$deactivateButtons$0 - Case not covered!
2017-02-13 15:51:59.049 INFO  view.client.build.BuildController 105 lambda$deactivateButtons$0 - Case not covered!
2017-02-13 15:51:59.378 INFO  view.client.build.BuildController 105 lambda$deactivateButtons$0 - Case not covered!
2017-02-13 15:51:59.397 INFO  view.client.build.BuildController 105 lambda$deactivateButtons$0 - Case not covered!
2017-02-13 15:51:59.493 INFO  view.client.Controller 1611 lambda$triggerFading$33 - Fade in Resources
2017-02-13 15:51:59.577 INFO  view.client.build.BuildController 105 lambda$deactivateButtons$0 - Case not covered!
2017-02-13 15:52:00.072 INFO  view.client.build.BuildController 105 lambda$deactivateButtons$0 - Case not covered!
2017-02-13 15:52:00.486 INFO  view.client.build.BuildController 105 lambda$deactivateButtons$0 - Case not covered!
2017-02-13 15:52:00.491 INFO  view.client.build.BuildController 105 lambda$deactivateButtons$0 - Case not covered!
2017-02-13 15:52:00.650 INFO  view.client.Controller 1611 lambda$triggerFading$33 - Fade in Resources
2017-02-13 15:52:00.734 INFO  view.client.build.BuildController 105 lambda$deactivateButtons$0 - Case not covered!
2017-02-13 15:52:00.765 INFO  view.client.Controller 1859 lambda$clearAnimation$39 - 
Cleared Animation
2017-02-13 15:52:00.925 INFO  view.client.Controller 1611 lambda$triggerFading$33 - Fade in Resources
2017-02-13 15:52:01.008 INFO  view.client.build.BuildController 105 lambda$deactivateButtons$0 - Case not covered!
2017-02-13 15:52:01.266 INFO  view.client.CanvasBoard 824 lambda$setRobber$8 - Robber is drawn at new position: 19
2017-02-13 15:52:01.267 INFO  view.client.Controller 1611 lambda$triggerFading$33 - Fade in Resources
2017-02-13 15:52:01.345 INFO  view.client.build.BuildController 105 lambda$deactivateButtons$0 - Case not covered!
2017-02-13 15:52:01.346 INFO  view.client.build.BuildController 105 lambda$deactivateButtons$0 - Case not covered!
2017-02-13 15:52:01.428 INFO  view.client.build.BuildController 105 lambda$deactivateButtons$0 - Case not covered!
2017-02-13 15:52:01.692 INFO  view.client.Controller 1611 lambda$triggerFading$33 - Fade in Resources
2017-02-13 15:52:01.748 INFO  view.client.build.BuildController 105 lambda$deactivateButtons$0 - Case not covered!
2017-02-13 15:52:02.246 INFO  view.client.build.BuildController 105 lambda$deactivateButtons$0 - Case not covered!
2017-02-13 15:52:02.265 INFO  view.client.build.BuildController 105 lambda$deactivateButtons$0 - Case not covered!
2017-02-13 15:52:02.356 INFO  view.client.build.BuildController 105 lambda$deactivateButtons$0 - Case not covered!
2017-02-13 15:52:02.422 INFO  view.client.build.BuildController 105 lambda$deactivateButtons$0 - Case not covered!
2017-02-13 15:52:02.443 INFO  view.client.build.BuildController 105 lambda$deactivateButtons$0 - Case not covered!
2017-02-13 15:52:02.508 INFO  view.client.build.BuildController 105 lambda$deactivateButtons$0 - Case not covered!
2017-02-13 15:52:02.526 INFO  view.client.build.BuildController 105 lambda$deactivateButtons$0 - Case not covered!
2017-02-13 15:52:02.982 INFO  view.client.Controller 1611 lambda$triggerFading$33 - Fade in Resources
2017-02-13 15:52:03.072 INFO  view.client.CanvasBoard 824 lambda$setRobber$8 - Robber is drawn at new position: 18
2017-02-13 15:52:03.098 INFO  view.client.build.BuildController 105 lambda$deactivateButtons$0 - Case not covered!
2017-02-13 15:52:03.606 INFO  view.client.build.BuildController 105 lambda$deactivateButtons$0 - Case not covered!
2017-02-13 15:52:04.014 INFO  view.client.build.BuildController 105 lambda$deactivateButtons$0 - Case not covered!
2017-02-13 15:52:04.032 INFO  view.client.build.BuildController 105 lambda$deactivateButtons$0 - Case not covered!
2017-02-13 15:52:04.207 INFO  view.client.build.BuildController 105 lambda$deactivateButtons$0 - Case not covered!
2017-02-13 15:52:04.766 INFO  view.client.build.BuildController 105 lambda$deactivateButtons$0 - Case not covered!
2017-02-13 15:52:05.209 INFO  view.client.build.BuildController 105 lambda$deactivateButtons$0 - Case not covered!
2017-02-13 15:52:05.613 INFO  view.client.build.BuildController 105 lambda$deactivateButtons$0 - Case not covered!
2017-02-13 15:52:05.619 INFO  view.client.build.BuildController 105 lambda$deactivateButtons$0 - Case not covered!
2017-02-13 15:52:05.786 INFO  view.client.Controller 1611 lambda$triggerFading$33 - Fade in Resources
2017-02-13 15:52:05.868 INFO  view.client.build.BuildController 105 lambda$deactivateButtons$0 - Case not covered!
2017-02-13 15:52:06.040 INFO  view.client.build.BuildController 105 lambda$deactivateButtons$0 - Case not covered!
2017-02-13 15:52:06.121 INFO  view.client.build.BuildController 105 lambda$deactivateButtons$0 - Case not covered!
2017-02-13 15:52:06.369 INFO  view.client.Controller 1611 lambda$triggerFading$33 - Fade in Resources
2017-02-13 15:52:06.451 INFO  view.client.build.BuildController 105 lambda$deactivateButtons$0 - Case not covered!
2017-02-13 15:52:07.029 INFO  view.client.build.BuildController 105 lambda$deactivateButtons$0 - Case not covered!
2017-02-13 15:52:07.045 INFO  view.client.build.BuildController 105 lambda$deactivateButtons$0 - Case not covered!
2017-02-13 15:52:07.212 INFO  view.client.build.BuildController 105 lambda$deactivateButtons$0 - Case not covered!
2017-02-13 15:52:07.622 INFO  view.client.build.BuildController 105 lambda$deactivateButtons$0 - Case not covered!
2017-02-13 15:52:07.953 INFO  view.client.build.BuildController 105 lambda$deactivateButtons$0 - Case not covered!
2017-02-13 15:52:07.970 INFO  view.client.build.BuildController 105 lambda$deactivateButtons$0 - Case not covered!
2017-02-13 15:52:08.125 INFO  view.client.build.BuildController 105 lambda$deactivateButtons$0 - Case not covered!
2017-02-13 15:52:08.620 INFO  view.client.build.BuildController 105 lambda$deactivateButtons$0 - Case not covered!
2017-02-13 15:52:08.625 INFO  view.client.build.BuildController 105 lambda$deactivateButtons$0 - Case not covered!
2017-02-13 15:52:08.788 INFO  view.client.build.BuildController 105 lambda$deactivateButtons$0 - Case not covered!
2017-02-13 15:52:08.959 INFO  view.client.build.BuildController 105 lambda$deactivateButtons$0 - Case not covered!
2017-02-13 15:52:09.040 INFO  view.client.build.BuildController 105 lambda$deactivateButtons$0 - Case not covered!
2017-02-13 15:52:09.242 INFO  view.client.build.BuildController 105 lambda$deactivateButtons$0 - Case not covered!
2017-02-13 15:52:09.791 INFO  view.client.build.BuildController 105 lambda$deactivateButtons$0 - Case not covered!
2017-02-13 15:52:09.811 INFO  view.client.build.BuildController 105 lambda$deactivateButtons$0 - Case not covered!
2017-02-13 15:52:09.992 INFO  view.client.build.BuildController 105 lambda$deactivateButtons$0 - Case not covered!
2017-02-13 15:52:10.492 INFO  view.client.build.BuildController 105 lambda$deactivateButtons$0 - Case not covered!
2017-02-13 15:52:10.576 INFO  view.client.build.BuildController 105 lambda$deactivateButtons$0 - Case not covered!
2017-02-13 15:52:11.047 INFO  view.client.build.BuildController 105 lambda$deactivateButtons$0 - Case not covered!
2017-02-13 15:52:11.066 INFO  view.client.build.BuildController 105 lambda$deactivateButtons$0 - Case not covered!
2017-02-13 15:52:11.220 INFO  view.client.build.BuildController 105 lambda$deactivateButtons$0 - Case not covered!
2017-02-13 15:52:11.714 INFO  view.client.build.BuildController 105 lambda$deactivateButtons$0 - Case not covered!
2017-02-13 15:52:12.156 INFO  view.client.build.BuildController 105 lambda$deactivateButtons$0 - Case not covered!
2017-02-13 15:52:12.570 INFO  view.client.build.BuildController 105 lambda$deactivateButtons$0 - Case not covered!
2017-02-13 15:52:12.576 INFO  view.client.build.BuildController 105 lambda$deactivateButtons$0 - Case not covered!
2017-02-13 15:52:12.742 INFO  view.client.Controller 1611 lambda$triggerFading$33 - Fade in Resources
2017-02-13 15:52:12.827 INFO  view.client.build.BuildController 105 lambda$deactivateButtons$0 - Case not covered!
2017-02-13 15:52:13.004 INFO  view.client.build.BuildController 105 lambda$deactivateButtons$0 - Case not covered!
2017-02-13 15:52:13.085 INFO  view.client.build.BuildController 105 lambda$deactivateButtons$0 - Case not covered!
2017-02-13 15:52:13.356 INFO  view.client.build.BuildController 105 lambda$deactivateButtons$0 - Case not covered!
2017-02-13 15:52:13.915 INFO  view.client.build.BuildController 105 lambda$deactivateButtons$0 - Case not covered!
2017-02-13 15:52:14.353 INFO  view.client.build.BuildController 105 lambda$deactivateButtons$0 - Case not covered!
2017-02-13 15:52:14.763 INFO  view.client.build.BuildController 105 lambda$deactivateButtons$0 - Case not covered!
2017-02-13 15:52:14.780 INFO  view.client.build.BuildController 105 lambda$deactivateButtons$0 - Case not covered!
2017-02-13 15:52:14.940 INFO  view.client.build.BuildController 105 lambda$deactivateButtons$0 - Case not covered!
2017-02-13 15:52:15.352 INFO  view.client.build.BuildController 105 lambda$deactivateButtons$0 - Case not covered!
2017-02-13 15:52:15.370 INFO  view.client.build.BuildController 105 lambda$deactivateButtons$0 - Case not covered!
2017-02-13 15:52:15.467 INFO  view.client.Controller 1611 lambda$triggerFading$33 - Fade in Resources
2017-02-13 15:52:15.549 INFO  view.client.build.BuildController 105 lambda$deactivateButtons$0 - Case not covered!
2017-02-13 15:52:16.041 INFO  view.client.build.BuildController 105 lambda$deactivateButtons$0 - Case not covered!
2017-02-13 15:52:16.476 INFO  view.client.build.BuildController 105 lambda$deactivateButtons$0 - Case not covered!
2017-02-13 15:52:16.562 INFO  view.client.build.BuildController 105 lambda$deactivateButtons$0 - Case not covered!
2017-02-13 15:52:16.880 INFO  view.client.build.BuildController 105 lambda$deactivateButtons$0 - Case not covered!
2017-02-13 15:52:16.885 INFO  view.client.build.BuildController 105 lambda$deactivateButtons$0 - Case not covered!
2017-02-13 15:52:17.131 INFO  view.client.build.BuildController 105 lambda$deactivateButtons$0 - Case not covered!
2017-02-13 15:52:17.305 INFO  view.client.build.BuildController 105 lambda$deactivateButtons$0 - Case not covered!
2017-02-13 15:52:17.385 INFO  view.client.build.BuildController 105 lambda$deactivateButtons$0 - Case not covered!
2017-02-13 15:52:17.582 INFO  view.client.build.BuildController 105 lambda$deactivateButtons$0 - Case not covered!
2017-02-13 15:52:18.131 INFO  view.client.build.BuildController 105 lambda$deactivateButtons$0 - Case not covered!
2017-02-13 15:52:18.147 INFO  view.client.build.BuildController 105 lambda$deactivateButtons$0 - Case not covered!
2017-02-13 15:52:18.251 INFO  view.client.Controller 1611 lambda$triggerFading$33 - Fade in Resources
2017-02-13 15:52:18.334 INFO  view.client.build.BuildController 105 lambda$deactivateButtons$0 - Case not covered!
2017-02-13 15:52:18.830 INFO  view.client.build.BuildController 105 lambda$deactivateButtons$0 - Case not covered!
2017-02-13 15:52:19.232 INFO  view.client.build.BuildController 105 lambda$deactivateButtons$0 - Case not covered!
2017-02-13 15:52:19.564 INFO  view.client.build.BuildController 105 lambda$deactivateButtons$0 - Case not covered!
2017-02-13 15:52:19.581 INFO  view.client.build.BuildController 105 lambda$deactivateButtons$0 - Case not covered!
2017-02-13 15:52:19.676 INFO  view.client.Controller 1611 lambda$triggerFading$33 - Fade in Resources
2017-02-13 15:52:19.739 INFO  view.client.build.BuildController 105 lambda$deactivateButtons$0 - Case not covered!
2017-02-13 15:52:20.172 INFO  view.client.build.BuildController 105 lambda$deactivateButtons$0 - Case not covered!
2017-02-13 15:52:20.580 INFO  view.client.build.BuildController 105 lambda$deactivateButtons$0 - Case not covered!
2017-02-13 15:52:20.584 INFO  view.client.build.BuildController 105 lambda$deactivateButtons$0 - Case not covered!
2017-02-13 15:52:20.832 INFO  view.client.build.BuildController 105 lambda$deactivateButtons$0 - Case not covered!
2017-02-13 15:52:21.022 INFO  view.client.Controller 1611 lambda$triggerFading$33 - Fade in Resources
2017-02-13 15:52:21.101 INFO  view.client.build.BuildController 105 lambda$deactivateButtons$0 - Case not covered!
2017-02-13 15:52:21.276 INFO  view.client.build.BuildController 105 lambda$deactivateButtons$0 - Case not covered!
2017-02-13 15:52:21.358 INFO  view.client.build.BuildController 105 lambda$deactivateButtons$0 - Case not covered!
2017-02-13 15:52:21.441 INFO  view.client.Controller 1611 lambda$triggerFading$33 - Fade in Resources
2017-02-13 15:52:21.525 INFO  view.client.build.BuildController 105 lambda$deactivateButtons$0 - Case not covered!
2017-02-13 15:52:22.078 INFO  view.client.build.BuildController 105 lambda$deactivateButtons$0 - Case not covered!
2017-02-13 15:52:22.096 INFO  view.client.build.BuildController 105 lambda$deactivateButtons$0 - Case not covered!
2017-02-13 15:52:22.282 INFO  view.client.build.BuildController 105 lambda$deactivateButtons$0 - Case not covered!
2017-02-13 15:52:22.693 INFO  view.client.build.BuildController 105 lambda$deactivateButtons$0 - Case not covered!
2017-02-13 15:52:22.759 INFO  view.client.build.BuildController 105 lambda$deactivateButtons$0 - Case not covered!
2017-02-13 15:52:22.777 INFO  view.client.build.BuildController 105 lambda$deactivateButtons$0 - Case not covered!
2017-02-13 15:52:23.034 INFO  view.client.Controller 1611 lambda$triggerFading$33 - Fade in Resources
2017-02-13 15:52:23.118 INFO  view.client.build.BuildController 105 lambda$deactivateButtons$0 - Case not covered!
2017-02-13 15:52:23.668 INFO  view.client.build.BuildController 105 lambda$deactivateButtons$0 - Case not covered!
2017-02-13 15:52:24.078 INFO  view.client.build.BuildController 105 lambda$deactivateButtons$0 - Case not covered!
2017-02-13 15:52:24.083 INFO  view.client.build.BuildController 105 lambda$deactivateButtons$0 - Case not covered!
2017-02-13 15:52:24.251 INFO  view.client.Controller 1611 lambda$triggerFading$33 - Fade in Resources
2017-02-13 15:52:24.335 INFO  view.client.build.BuildController 105 lambda$deactivateButtons$0 - Case not covered!
2017-02-13 15:52:24.419 INFO  view.client.Controller 1737 lambda$devCardAnimation$35 - activate animation
2017-02-13 15:52:24.498 INFO  view.client.Controller 1611 lambda$triggerFading$33 - Fade in Resources
2017-02-13 15:52:24.498 INFO  view.client.build.BuildController 105 lambda$deactivateButtons$0 - Case not covered!
2017-02-13 15:52:24.670 INFO  view.client.build.BuildController 105 lambda$deactivateButtons$0 - Case not covered!
2017-02-13 15:52:24.751 INFO  view.client.build.BuildController 105 lambda$deactivateButtons$0 - Case not covered!
2017-02-13 15:52:25.086 INFO  view.client.Controller 1611 lambda$triggerFading$33 - Fade in Resources
2017-02-13 15:52:25.167 INFO  view.client.build.BuildController 105 lambda$deactivateButtons$0 - Case not covered!
2017-02-13 15:52:25.749 INFO  view.client.build.BuildController 105 lambda$deactivateButtons$0 - Case not covered!
2017-02-13 15:52:26.187 INFO  view.client.build.BuildController 105 lambda$deactivateButtons$0 - Case not covered!
2017-02-13 15:52:26.596 INFO  view.client.build.BuildController 105 lambda$deactivateButtons$0 - Case not covered!
2017-02-13 15:52:26.614 INFO  view.client.build.BuildController 105 lambda$deactivateButtons$0 - Case not covered!
2017-02-13 15:52:26.710 INFO  view.client.build.BuildController 105 lambda$deactivateButtons$0 - Case not covered!
2017-02-13 15:52:26.774 INFO  view.client.build.BuildController 105 lambda$deactivateButtons$0 - Case not covered!
2017-02-13 15:52:26.794 INFO  view.client.build.BuildController 105 lambda$deactivateButtons$0 - Case not covered!
2017-02-13 15:52:26.855 INFO  view.client.build.BuildController 105 lambda$deactivateButtons$0 - Case not covered!
2017-02-13 15:52:27.011 INFO  view.client.Controller 1611 lambda$triggerFading$33 - Fade in Resources
2017-02-13 15:52:27.020 INFO  view.client.build.BuildController 105 lambda$deactivateButtons$0 - Case not covered!
2017-02-13 15:52:27.103 INFO  view.client.build.BuildController 105 lambda$deactivateButtons$0 - Case not covered!
2017-02-13 15:52:27.188 INFO  view.client.build.BuildController 105 lambda$deactivateButtons$0 - Case not covered!
2017-02-13 15:52:27.927 INFO  view.client.Controller 1859 lambda$clearAnimation$39 - 
Cleared Animation
2017-02-13 15:52:28.017 INFO  view.client.CanvasBoard 824 lambda$setRobber$8 - Robber is drawn at new position: 17
2017-02-13 15:52:28.031 INFO  view.client.build.BuildController 105 lambda$deactivateButtons$0 - Case not covered!
2017-02-13 15:52:28.515 INFO  view.client.build.BuildController 105 lambda$deactivateButtons$0 - Case not covered!
2017-02-13 15:52:28.534 INFO  view.client.build.BuildController 105 lambda$deactivateButtons$0 - Case not covered!
2017-02-13 15:52:28.686 INFO  view.client.build.BuildController 105 lambda$deactivateButtons$0 - Case not covered!
2017-02-13 15:52:29.183 INFO  view.client.build.BuildController 105 lambda$deactivateButtons$0 - Case not covered!
2017-02-13 15:52:29.598 INFO  view.client.build.BuildController 105 lambda$deactivateButtons$0 - Case not covered!
2017-02-13 15:52:29.603 INFO  view.client.build.BuildController 105 lambda$deactivateButtons$0 - Case not covered!
2017-02-13 15:52:29.848 INFO  view.client.build.BuildController 105 lambda$deactivateButtons$0 - Case not covered!
2017-02-13 15:52:30.107 INFO  view.client.CanvasBoard 824 lambda$setRobber$8 - Robber is drawn at new position: 25
2017-02-13 15:52:30.108 INFO  view.client.Controller 1611 lambda$triggerFading$33 - Fade in Resources
2017-02-13 15:52:30.180 INFO  view.client.build.BuildController 105 lambda$deactivateButtons$0 - Case not covered!
2017-02-13 15:52:30.186 INFO  view.client.build.BuildController 105 lambda$deactivateButtons$0 - Case not covered!
2017-02-13 15:52:30.269 INFO  view.client.build.BuildController 105 lambda$deactivateButtons$0 - Case not covered!
2017-02-13 15:52:30.597 INFO  view.client.Controller 1611 lambda$triggerFading$33 - Fade in Resources
2017-02-13 15:52:30.699 INFO  view.client.build.BuildController 105 lambda$deactivateButtons$0 - Case not covered!
2017-02-13 15:52:31.345 INFO  view.client.build.BuildController 105 lambda$deactivateButtons$0 - Case not covered!
2017-02-13 15:52:31.364 INFO  view.client.build.BuildController 105 lambda$deactivateButtons$0 - Case not covered!
2017-02-13 15:52:31.523 INFO  view.client.build.BuildController 105 lambda$deactivateButtons$0 - Case not covered!
2017-02-13 15:52:31.955 INFO  view.client.build.BuildController 105 lambda$deactivateButtons$0 - Case not covered!
2017-02-13 15:52:32.364 INFO  view.client.build.BuildController 105 lambda$deactivateButtons$0 - Case not covered!
2017-02-13 15:52:32.380 INFO  view.client.build.BuildController 105 lambda$deactivateButtons$0 - Case not covered!
2017-02-13 15:52:32.535 INFO  view.client.Controller 1611 lambda$triggerFading$33 - Fade in Resources
2017-02-13 15:52:32.641 INFO  view.client.build.BuildController 105 lambda$deactivateButtons$0 - Case not covered!
2017-02-13 15:52:33.282 INFO  view.client.build.BuildController 105 lambda$deactivateButtons$0 - Case not covered!
2017-02-13 15:52:33.721 INFO  view.client.build.BuildController 105 lambda$deactivateButtons$0 - Case not covered!
2017-02-13 15:52:34.129 INFO  view.client.build.BuildController 105 lambda$deactivateButtons$0 - Case not covered!
2017-02-13 15:52:34.134 INFO  view.client.build.BuildController 105 lambda$deactivateButtons$0 - Case not covered!
2017-02-13 15:52:34.298 INFO  view.client.build.BuildController 105 lambda$deactivateButtons$0 - Case not covered!
2017-02-13 15:52:34.470 INFO  view.client.build.BuildController 105 lambda$deactivateButtons$0 - Case not covered!
2017-02-13 15:52:34.550 INFO  view.client.build.BuildController 105 lambda$deactivateButtons$0 - Case not covered!
2017-02-13 15:52:34.722 INFO  view.client.build.BuildController 105 lambda$deactivateButtons$0 - Case not covered!
2017-02-13 15:52:35.213 INFO  view.client.build.BuildController 105 lambda$deactivateButtons$0 - Case not covered!
2017-02-13 15:52:35.232 INFO  view.client.build.BuildController 105 lambda$deactivateButtons$0 - Case not covered!
2017-02-13 15:52:35.416 INFO  view.client.build.BuildController 105 lambda$deactivateButtons$0 - Case not covered!
2017-02-13 15:52:35.915 INFO  view.client.build.BuildController 105 lambda$deactivateButtons$0 - Case not covered!
2017-02-13 15:52:36.319 INFO  view.client.build.BuildController 105 lambda$deactivateButtons$0 - Case not covered!
2017-02-13 15:52:36.335 INFO  view.client.build.BuildController 105 lambda$deactivateButtons$0 - Case not covered!
2017-02-13 15:52:36.489 INFO  view.client.Controller 1611 lambda$triggerFading$33 - Fade in Resources
2017-02-13 15:52:36.595 INFO  view.client.build.BuildController 105 lambda$deactivateButtons$0 - Case not covered!
2017-02-13 15:52:37.236 INFO  view.client.build.BuildController 105 lambda$deactivateButtons$0 - Case not covered!
2017-02-13 15:52:37.241 INFO  view.client.build.BuildController 105 lambda$deactivateButtons$0 - Case not covered!
2017-02-13 15:52:37.401 INFO  view.client.Controller 1611 lambda$triggerFading$33 - Fade in Resources
2017-02-13 15:52:37.413 INFO  view.client.build.BuildController 105 lambda$deactivateButtons$0 - Case not covered!
2017-02-13 15:52:37.503 INFO  view.client.Controller 1737 lambda$devCardAnimation$35 - activate animation
2017-02-13 15:52:37.583 INFO  view.client.Controller 1611 lambda$triggerFading$33 - Fade in Resources
2017-02-13 15:52:37.585 INFO  view.client.build.BuildController 105 lambda$deactivateButtons$0 - Case not covered!
2017-02-13 15:52:37.757 INFO  view.client.build.BuildController 105 lambda$deactivateButtons$0 - Case not covered!
2017-02-13 15:52:37.836 INFO  view.client.build.BuildController 105 lambda$deactivateButtons$0 - Case not covered!
2017-02-13 15:52:38.022 INFO  view.client.Controller 1611 lambda$triggerFading$33 - Fade in Resources
2017-02-13 15:52:38.104 INFO  view.client.build.BuildController 105 lambda$deactivateButtons$0 - Case not covered!
2017-02-13 15:52:38.662 INFO  view.client.build.BuildController 105 lambda$deactivateButtons$0 - Case not covered!
2017-02-13 15:52:39.107 INFO  view.client.build.BuildController 105 lambda$deactivateButtons$0 - Case not covered!
2017-02-13 15:52:39.507 INFO  view.client.build.BuildController 105 lambda$deactivateButtons$0 - Case not covered!
2017-02-13 15:52:39.527 INFO  view.client.build.BuildController 105 lambda$deactivateButtons$0 - Case not covered!
2017-02-13 15:52:39.684 INFO  view.client.Controller 1611 lambda$triggerFading$33 - Fade in Resources
2017-02-13 15:52:39.769 INFO  view.client.build.BuildController 105 lambda$deactivateButtons$0 - Case not covered!
2017-02-13 15:52:40.264 INFO  view.client.build.BuildController 105 lambda$deactivateButtons$0 - Case not covered!
2017-02-13 15:52:40.281 INFO  view.client.build.BuildController 105 lambda$deactivateButtons$0 - Case not covered!
2017-02-13 15:52:40.433 INFO  view.client.Controller 1611 lambda$triggerFading$33 - Fade in Resources
2017-02-13 15:52:40.516 INFO  view.client.build.BuildController 105 lambda$deactivateButtons$0 - Case not covered!
2017-02-13 15:52:41.007 INFO  view.client.Controller 1859 lambda$clearAnimation$39 - 
Cleared Animation
2017-02-13 15:52:41.098 INFO  view.client.build.BuildController 105 lambda$deactivateButtons$0 - Case not covered!
2017-02-13 15:52:41.534 INFO  view.client.build.BuildController 105 lambda$deactivateButtons$0 - Case not covered!
2017-02-13 15:52:41.946 INFO  view.client.build.BuildController 105 lambda$deactivateButtons$0 - Case not covered!
2017-02-13 15:52:41.951 INFO  view.client.build.BuildController 105 lambda$deactivateButtons$0 - Case not covered!
2017-02-13 15:52:42.115 INFO  view.client.Controller 1611 lambda$triggerFading$33 - Fade in Resources
2017-02-13 15:52:42.280 INFO  view.client.build.BuildController 105 lambda$deactivateButtons$0 - Case not covered!
2017-02-13 15:52:42.465 INFO  view.client.Controller 1611 lambda$triggerFading$33 - Fade in Resources
2017-02-13 15:52:42.533 INFO  view.client.build.BuildController 105 lambda$deactivateButtons$0 - Case not covered!
2017-02-13 15:52:42.548 INFO  view.client.build.BuildController 105 lambda$deactivateButtons$0 - Case not covered!
2017-02-13 15:52:42.632 INFO  view.client.build.BuildController 105 lambda$deactivateButtons$0 - Case not covered!
2017-02-13 15:52:43.057 INFO  view.client.build.BuildController 105 lambda$deactivateButtons$0 - Case not covered!
2017-02-13 15:52:43.613 INFO  view.client.build.BuildController 105 lambda$deactivateButtons$0 - Case not covered!
2017-02-13 15:52:43.632 INFO  view.client.build.BuildController 105 lambda$deactivateButtons$0 - Case not covered!
2017-02-13 15:52:43.791 INFO  view.client.build.BuildController 105 lambda$deactivateButtons$0 - Case not covered!
2017-02-13 15:52:44.199 INFO  view.client.build.BuildController 105 lambda$deactivateButtons$0 - Case not covered!
2017-02-13 15:52:44.217 INFO  view.client.build.BuildController 105 lambda$deactivateButtons$0 - Case not covered!
2017-02-13 15:52:44.306 INFO  view.client.build.BuildController 105 lambda$deactivateButtons$0 - Case not covered!
2017-02-13 15:52:44.370 INFO  view.client.build.BuildController 105 lambda$deactivateButtons$0 - Case not covered!
2017-02-13 15:52:44.386 INFO  view.client.build.BuildController 105 lambda$deactivateButtons$0 - Case not covered!
2017-02-13 15:52:44.451 INFO  view.client.build.BuildController 105 lambda$deactivateButtons$0 - Case not covered!
2017-02-13 15:52:44.537 INFO  view.client.Controller 1611 lambda$triggerFading$33 - Fade in Resources
2017-02-13 15:52:44.618 INFO  view.client.build.BuildController 105 lambda$deactivateButtons$0 - Case not covered!
2017-02-13 15:52:44.700 INFO  view.client.build.BuildController 105 lambda$deactivateButtons$0 - Case not covered!
2017-02-13 15:52:44.784 INFO  view.client.build.BuildController 105 lambda$deactivateButtons$0 - Case not covered!
2017-02-13 15:52:44.866 INFO  view.client.build.BuildController 105 lambda$deactivateButtons$0 - Case not covered!
2017-02-13 15:52:45.705 INFO  view.client.CanvasBoard 824 lambda$setRobber$8 - Robber is drawn at new position: 11
2017-02-13 15:52:45.717 INFO  view.client.build.BuildController 105 lambda$deactivateButtons$0 - Case not covered!
2017-02-13 15:52:46.279 INFO  view.client.build.BuildController 105 lambda$deactivateButtons$0 - Case not covered!
2017-02-13 15:52:46.284 INFO  view.client.build.BuildController 105 lambda$deactivateButtons$0 - Case not covered!
2017-02-13 15:52:46.450 INFO  view.client.build.BuildController 105 lambda$deactivateButtons$0 - Case not covered!
2017-02-13 15:52:46.454 INFO  view.client.build.BuildController 105 lambda$deactivateButtons$0 - Case not covered!
2017-02-13 15:52:46.535 INFO  view.client.build.BuildController 105 lambda$deactivateButtons$0 - Case not covered!
2017-02-13 15:52:46.537 INFO  view.client.build.BuildController 105 lambda$deactivateButtons$0 - Case not covered!
2017-02-13 15:52:46.784 INFO  view.client.build.BuildController 105 lambda$deactivateButtons$0 - Case not covered!
2017-02-13 15:52:46.784 INFO  view.client.build.BuildController 105 lambda$deactivateButtons$0 - Case not covered!
2017-02-13 15:52:46.864 INFO  view.client.build.BuildController 105 lambda$deactivateButtons$0 - Case not covered!
2017-02-13 15:52:46.864 INFO  view.client.build.BuildController 105 lambda$deactivateButtons$0 - Case not covered!
2017-02-13 15:52:47.125 INFO  view.client.CanvasBoard 824 lambda$setRobber$8 - Robber is drawn at new position: 19
2017-02-13 15:52:47.126 INFO  view.client.Controller 1611 lambda$triggerFading$33 - Fade in Resources
2017-02-13 15:52:47.201 INFO  view.client.build.BuildController 105 lambda$deactivateButtons$0 - Case not covered!
2017-02-13 15:52:47.288 INFO  view.client.Controller 1737 lambda$devCardAnimation$35 - activate animation
2017-02-13 15:52:47.370 INFO  view.client.Controller 1611 lambda$triggerFading$33 - Fade in Resources
2017-02-13 15:52:47.371 INFO  view.client.build.BuildController 105 lambda$deactivateButtons$0 - Case not covered!
2017-02-13 15:52:47.542 INFO  view.client.build.BuildController 105 lambda$deactivateButtons$0 - Case not covered!
2017-02-13 15:52:47.620 INFO  view.client.build.BuildController 105 lambda$deactivateButtons$0 - Case not covered!
2017-02-13 15:52:48.046 INFO  view.client.Controller 1611 lambda$triggerFading$33 - Fade in Resources
2017-02-13 15:52:48.106 INFO  view.client.build.BuildController 105 lambda$deactivateButtons$0 - Case not covered!
2017-02-13 15:52:48.597 INFO  view.client.build.BuildController 105 lambda$deactivateButtons$0 - Case not covered!
2017-02-13 15:52:48.615 INFO  view.client.build.BuildController 105 lambda$deactivateButtons$0 - Case not covered!
2017-02-13 15:52:48.711 INFO  view.client.Controller 1611 lambda$triggerFading$33 - Fade in Resources
2017-02-13 15:52:48.794 INFO  view.client.build.BuildController 105 lambda$deactivateButtons$0 - Case not covered!
2017-02-13 15:52:49.296 INFO  view.client.build.BuildController 105 lambda$deactivateButtons$0 - Case not covered!
2017-02-13 15:52:49.704 INFO  view.client.build.BuildController 105 lambda$deactivateButtons$0 - Case not covered!
2017-02-13 15:52:50.030 INFO  view.client.build.BuildController 105 lambda$deactivateButtons$0 - Case not covered!
2017-02-13 15:52:50.048 INFO  view.client.build.BuildController 105 lambda$deactivateButtons$0 - Case not covered!
2017-02-13 15:52:50.142 INFO  view.client.Controller 1611 lambda$triggerFading$33 - Fade in Resources
2017-02-13 15:52:50.227 INFO  view.client.build.BuildController 105 lambda$deactivateButtons$0 - Case not covered!
2017-02-13 15:52:50.777 INFO  view.client.build.BuildController 105 lambda$deactivateButtons$0 - Case not covered!
2017-02-13 15:52:50.784 INFO  view.client.build.BuildController 105 lambda$deactivateButtons$0 - Case not covered!
2017-02-13 15:52:50.796 INFO  view.client.Controller 1859 lambda$clearAnimation$39 - 
Cleared Animation
2017-02-13 15:52:50.947 INFO  view.client.build.BuildController 105 lambda$deactivateButtons$0 - Case not covered!
2017-02-13 15:52:51.131 INFO  view.client.Controller 1611 lambda$triggerFading$33 - Fade in Resources
2017-02-13 15:52:51.214 INFO  view.client.build.BuildController 105 lambda$deactivateButtons$0 - Case not covered!
2017-02-13 15:52:51.465 INFO  view.client.Controller 1611 lambda$triggerFading$33 - Fade in Resources
2017-02-13 15:52:51.474 INFO  view.client.CanvasBoard 824 lambda$setRobber$8 - Robber is drawn at new position: 25
2017-02-13 15:52:51.567 INFO  view.client.build.BuildController 105 lambda$deactivateButtons$0 - Case not covered!
2017-02-13 15:52:51.737 INFO  view.client.Controller 1611 lambda$triggerFading$33 - Fade in Resources
2017-02-13 15:52:51.815 INFO  view.client.build.BuildController 105 lambda$deactivateButtons$0 - Case not covered!
2017-02-13 15:52:51.988 INFO  view.client.build.BuildController 105 lambda$deactivateButtons$0 - Case not covered!
2017-02-13 15:52:52.071 INFO  view.client.build.BuildController 105 lambda$deactivateButtons$0 - Case not covered!
2017-02-13 15:52:52.222 INFO  view.client.Controller 1611 lambda$triggerFading$33 - Fade in Resources
2017-02-13 15:52:52.306 INFO  view.client.build.BuildController 105 lambda$deactivateButtons$0 - Case not covered!
2017-02-13 15:52:52.865 INFO  view.client.build.BuildController 105 lambda$deactivateButtons$0 - Case not covered!
2017-02-13 15:52:52.883 INFO  view.client.build.BuildController 105 lambda$deactivateButtons$0 - Case not covered!
2017-02-13 15:52:52.977 INFO  view.client.build.BuildController 105 lambda$deactivateButtons$0 - Case not covered!
2017-02-13 15:52:53.040 INFO  view.client.build.BuildController 105 lambda$deactivateButtons$0 - Case not covered!
2017-02-13 15:52:53.062 INFO  view.client.build.BuildController 105 lambda$deactivateButtons$0 - Case not covered!
2017-02-13 15:52:53.123 INFO  view.client.build.BuildController 105 lambda$deactivateButtons$0 - Case not covered!
2017-02-13 15:52:53.148 INFO  view.client.build.BuildController 105 lambda$deactivateButtons$0 - Case not covered!
2017-02-13 15:52:53.707 INFO  view.client.CanvasBoard 824 lambda$setRobber$8 - Robber is drawn at new position: 17
2017-02-13 15:52:53.723 INFO  view.client.build.BuildController 105 lambda$deactivateButtons$0 - Case not covered!
2017-02-13 15:52:54.224 INFO  view.client.build.BuildController 105 lambda$deactivateButtons$0 - Case not covered!
2017-02-13 15:52:54.558 INFO  view.client.Controller 1611 lambda$triggerFading$33 - Fade in Resources
2017-02-13 15:52:54.636 INFO  view.client.build.BuildController 105 lambda$deactivateButtons$0 - Case not covered!
2017-02-13 15:52:54.640 INFO  view.client.build.BuildController 105 lambda$deactivateButtons$0 - Case not covered!
2017-02-13 15:52:54.718 INFO  view.client.build.BuildController 105 lambda$deactivateButtons$0 - Case not covered!
2017-02-13 15:52:54.826 INFO  view.client.build.BuildController 105 lambda$deactivateButtons$0 - Case not covered!
2017-02-13 15:52:54.893 INFO  view.client.build.BuildController 105 lambda$deactivateButtons$0 - Case not covered!
2017-02-13 15:52:54.908 INFO  view.client.build.BuildController 105 lambda$deactivateButtons$0 - Case not covered!
2017-02-13 15:52:54.982 INFO  view.client.build.BuildController 105 lambda$deactivateButtons$0 - Case not covered!
2017-02-13 15:52:54.991 INFO  view.client.build.BuildController 105 lambda$deactivateButtons$0 - Case not covered!
2017-02-13 15:52:55.561 INFO  view.client.CanvasBoard 824 lambda$setRobber$8 - Robber is drawn at new position: 7
2017-02-13 15:52:55.576 INFO  view.client.build.BuildController 105 lambda$deactivateButtons$0 - Case not covered!
2017-02-13 15:52:56.131 INFO  view.client.build.BuildController 105 lambda$deactivateButtons$0 - Case not covered!
2017-02-13 15:52:56.136 INFO  view.client.build.BuildController 105 lambda$deactivateButtons$0 - Case not covered!
2017-02-13 15:52:56.299 INFO  view.client.build.BuildController 105 lambda$deactivateButtons$0 - Case not covered!
2017-02-13 15:52:56.303 INFO  view.client.build.BuildController 105 lambda$deactivateButtons$0 - Case not covered!
2017-02-13 15:52:56.383 INFO  view.client.build.BuildController 105 lambda$deactivateButtons$0 - Case not covered!
2017-02-13 15:52:56.384 INFO  view.client.build.BuildController 105 lambda$deactivateButtons$0 - Case not covered!
2017-02-13 15:52:56.463 INFO  view.client.build.BuildController 105 lambda$deactivateButtons$0 - Case not covered!
2017-02-13 15:52:56.567 INFO  view.client.Controller 1859 lambda$clearAnimation$39 - 
Cleared Animation
2017-02-13 15:52:56.632 INFO  view.client.Controller 1611 lambda$triggerFading$33 - Fade in Resources
2017-02-13 15:52:56.722 INFO  view.client.CanvasBoard 824 lambda$setRobber$8 - Robber is drawn at new position: 19
2017-02-13 15:52:56.723 INFO  view.client.build.BuildController 105 lambda$deactivateButtons$0 - Case not covered!
2017-02-13 15:52:56.887 INFO  view.client.build.BuildController 105 lambda$deactivateButtons$0 - Case not covered!
2017-02-13 15:52:56.967 INFO  view.client.build.BuildController 105 lambda$deactivateButtons$0 - Case not covered!
2017-02-13 15:52:57.242 INFO  view.client.build.BuildController 105 lambda$deactivateButtons$0 - Case not covered!
2017-02-13 15:52:57.305 INFO  view.client.build.BuildController 105 lambda$deactivateButtons$0 - Case not covered!
2017-02-13 15:52:57.325 INFO  view.client.build.BuildController 105 lambda$deactivateButtons$0 - Case not covered!
2017-02-13 15:52:57.388 INFO  view.client.build.BuildController 105 lambda$deactivateButtons$0 - Case not covered!
2017-02-13 15:52:57.408 INFO  view.client.build.BuildController 105 lambda$deactivateButtons$0 - Case not covered!
2017-02-13 15:52:57.865 INFO  view.client.Controller 1611 lambda$triggerFading$33 - Fade in Resources
2017-02-13 15:52:57.955 INFO  view.client.CanvasBoard 824 lambda$setRobber$8 - Robber is drawn at new position: 18
2017-02-13 15:52:57.980 INFO  view.client.build.BuildController 105 lambda$deactivateButtons$0 - Case not covered!
2017-02-13 15:52:58.537 INFO  view.client.build.BuildController 105 lambda$deactivateButtons$0 - Case not covered!
2017-02-13 15:52:58.554 INFO  view.client.build.BuildController 105 lambda$deactivateButtons$0 - Case not covered!
2017-02-13 15:52:58.651 INFO  view.client.build.BuildController 105 lambda$deactivateButtons$0 - Case not covered!
2017-02-13 15:52:58.718 INFO  view.client.build.BuildController 105 lambda$deactivateButtons$0 - Case not covered!
2017-02-13 15:52:58.733 INFO  view.client.build.BuildController 105 lambda$deactivateButtons$0 - Case not covered!
2017-02-13 15:52:58.805 INFO  view.client.build.BuildController 105 lambda$deactivateButtons$0 - Case not covered!
2017-02-13 15:52:58.818 INFO  view.client.build.BuildController 105 lambda$deactivateButtons$0 - Case not covered!
2017-02-13 15:52:59.377 INFO  view.client.CanvasBoard 824 lambda$setRobber$8 - Robber is drawn at new position: 17
2017-02-13 15:52:59.386 INFO  view.client.build.BuildController 105 lambda$deactivateButtons$0 - Case not covered!
2017-02-13 15:52:59.865 INFO  view.client.build.BuildController 105 lambda$deactivateButtons$0 - Case not covered!
2017-02-13 15:53:00.197 INFO  view.client.build.BuildController 105 lambda$deactivateButtons$0 - Case not covered!
2017-02-13 15:53:00.214 INFO  view.client.build.BuildController 105 lambda$deactivateButtons$0 - Case not covered!
2017-02-13 15:53:00.305 INFO  view.client.build.BuildController 105 lambda$deactivateButtons$0 - Case not covered!
2017-02-13 15:53:00.367 INFO  view.client.build.BuildController 105 lambda$deactivateButtons$0 - Case not covered!
2017-02-13 15:53:00.391 INFO  view.client.build.BuildController 105 lambda$deactivateButtons$0 - Case not covered!
2017-02-13 15:53:00.454 INFO  view.client.build.BuildController 105 lambda$deactivateButtons$0 - Case not covered!
2017-02-13 15:53:00.477 INFO  view.client.build.BuildController 105 lambda$deactivateButtons$0 - Case not covered!
2017-02-13 15:53:01.037 INFO  view.client.CanvasBoard 824 lambda$setRobber$8 - Robber is drawn at new position: 7
2017-02-13 15:53:01.048 INFO  view.client.build.BuildController 105 lambda$deactivateButtons$0 - Case not covered!
2017-02-13 15:53:01.613 INFO  view.client.build.BuildController 105 lambda$deactivateButtons$0 - Case not covered!
2017-02-13 15:53:01.616 INFO  view.client.build.BuildController 105 lambda$deactivateButtons$0 - Case not covered!
2017-02-13 15:53:01.865 INFO  view.client.build.BuildController 105 lambda$deactivateButtons$0 - Case not covered!
2017-02-13 15:53:02.037 INFO  view.client.build.BuildController 105 lambda$deactivateButtons$0 - Case not covered!
2017-02-13 15:53:02.115 INFO  view.client.build.BuildController 105 lambda$deactivateButtons$0 - Case not covered!
2017-02-13 15:53:02.314 INFO  view.client.Controller 1611 lambda$triggerFading$33 - Fade in Resources
2017-02-13 15:53:02.400 INFO  view.client.build.BuildController 105 lambda$deactivateButtons$0 - Case not covered!
2017-02-13 15:53:02.945 INFO  view.client.build.BuildController 105 lambda$deactivateButtons$0 - Case not covered!
2017-02-13 15:53:02.965 INFO  view.client.build.BuildController 105 lambda$deactivateButtons$0 - Case not covered!
2017-02-13 15:53:03.149 INFO  view.client.build.BuildController 105 lambda$deactivateButtons$0 - Case not covered!
2017-02-13 15:53:03.635 INFO  view.client.build.BuildController 105 lambda$deactivateButtons$0 - Case not covered!
2017-02-13 15:53:03.718 INFO  view.client.build.BuildController 105 lambda$deactivateButtons$0 - Case not covered!
2017-02-13 15:53:04.054 INFO  view.client.build.BuildController 105 lambda$deactivateButtons$0 - Case not covered!
2017-02-13 15:53:04.303 INFO  view.client.build.BuildController 105 lambda$deactivateButtons$0 - Case not covered!
2017-02-13 15:53:04.322 INFO  view.client.build.BuildController 105 lambda$deactivateButtons$0 - Case not covered!
2017-02-13 15:53:04.389 INFO  view.client.build.BuildController 105 lambda$deactivateButtons$0 - Case not covered!
2017-02-13 15:53:04.636 INFO  view.client.Controller 1611 lambda$triggerFading$33 - Fade in Resources
2017-02-13 15:53:04.721 INFO  view.client.build.BuildController 105 lambda$deactivateButtons$0 - Case not covered!
2017-02-13 15:53:05.302 INFO  view.client.build.BuildController 105 lambda$deactivateButtons$0 - Case not covered!
2017-02-13 15:53:05.306 INFO  view.client.build.BuildController 105 lambda$deactivateButtons$0 - Case not covered!
2017-02-13 15:53:05.465 INFO  view.client.Controller 1611 lambda$triggerFading$33 - Fade in Resources
2017-02-13 15:53:05.547 INFO  view.client.build.BuildController 105 lambda$deactivateButtons$0 - Case not covered!
2017-02-13 15:53:05.720 INFO  view.client.build.BuildController 105 lambda$deactivateButtons$0 - Case not covered!
2017-02-13 15:53:05.799 INFO  view.client.build.BuildController 105 lambda$deactivateButtons$0 - Case not covered!
2017-02-13 15:53:05.975 INFO  view.client.build.BuildController 105 lambda$deactivateButtons$0 - Case not covered!
2017-02-13 15:53:06.462 INFO  view.client.build.BuildController 105 lambda$deactivateButtons$0 - Case not covered!
2017-02-13 15:53:06.480 INFO  view.client.build.BuildController 105 lambda$deactivateButtons$0 - Case not covered!
2017-02-13 15:53:07.486 INFO  view.client.build.BuildController 105 lambda$deactivateButtons$0 - Case not covered!
2017-02-13 15:53:07.549 INFO  view.client.build.BuildController 105 lambda$deactivateButtons$0 - Case not covered!
2017-02-13 15:53:07.569 INFO  view.client.build.BuildController 105 lambda$deactivateButtons$0 - Case not covered!
2017-02-13 15:53:07.635 INFO  view.client.build.BuildController 105 lambda$deactivateButtons$0 - Case not covered!
2017-02-13 15:53:07.719 INFO  view.client.build.BuildController 105 lambda$deactivateButtons$0 - Case not covered!
2017-02-13 15:53:07.897 INFO  view.client.build.BuildController 105 lambda$deactivateButtons$0 - Case not covered!
2017-02-13 15:53:08.533 INFO  view.client.Controller 1611 lambda$triggerFading$33 - Fade in Resources
2017-02-13 15:53:08.624 INFO  view.client.CanvasBoard 824 lambda$setRobber$8 - Robber is drawn at new position: 18
2017-02-13 15:53:08.647 INFO  view.client.build.BuildController 105 lambda$deactivateButtons$0 - Case not covered!
2017-02-13 15:53:09.137 INFO  view.client.CanvasBoard 824 lambda$setRobber$8 - Robber is drawn at new position: 17
2017-02-13 15:53:09.147 INFO  view.client.build.BuildController 105 lambda$deactivateButtons$0 - Case not covered!
2017-02-13 15:53:09.214 INFO  view.client.build.BuildController 105 lambda$deactivateButtons$0 - Case not covered!
2017-02-13 15:53:09.233 INFO  view.client.build.BuildController 105 lambda$deactivateButtons$0 - Case not covered!
2017-02-13 15:53:09.490 INFO  view.client.Controller 1611 lambda$triggerFading$33 - Fade in Resources
2017-02-13 15:53:09.549 INFO  view.client.build.BuildController 105 lambda$deactivateButtons$0 - Case not covered!
2017-02-13 15:53:10.050 INFO  view.client.build.BuildController 105 lambda$deactivateButtons$0 - Case not covered!
2017-02-13 15:53:10.056 INFO  view.client.build.BuildController 105 lambda$deactivateButtons$0 - Case not covered!
2017-02-13 15:53:10.301 INFO  view.client.build.BuildController 105 lambda$deactivateButtons$0 - Case not covered!
2017-02-13 15:53:10.476 INFO  view.client.build.BuildController 105 lambda$deactivateButtons$0 - Case not covered!
2017-02-13 15:53:10.558 INFO  view.client.build.BuildController 105 lambda$deactivateButtons$0 - Case not covered!
2017-02-13 15:53:10.669 INFO  view.client.build.BuildController 105 lambda$deactivateButtons$0 - Case not covered!
2017-02-13 15:53:10.732 INFO  view.client.build.BuildController 105 lambda$deactivateButtons$0 - Case not covered!
2017-02-13 15:53:10.751 INFO  view.client.build.BuildController 105 lambda$deactivateButtons$0 - Case not covered!
2017-02-13 15:53:10.814 INFO  view.client.build.BuildController 105 lambda$deactivateButtons$0 - Case not covered!
2017-02-13 15:53:10.986 INFO  view.client.build.BuildController 105 lambda$deactivateButtons$0 - Case not covered!
2017-02-13 15:53:11.323 INFO  view.client.build.BuildController 105 lambda$deactivateButtons$0 - Case not covered!
2017-02-13 15:53:11.389 INFO  view.client.build.BuildController 105 lambda$deactivateButtons$0 - Case not covered!
2017-02-13 15:53:11.632 INFO  view.client.Controller 1611 lambda$triggerFading$33 - Fade in Resources
2017-02-13 15:53:11.723 INFO  view.client.CanvasBoard 824 lambda$setRobber$8 - Robber is drawn at new position: 18
2017-02-13 15:53:11.747 INFO  view.client.build.BuildController 105 lambda$deactivateButtons$0 - Case not covered!
2017-02-13 15:53:12.312 INFO  view.client.build.BuildController 105 lambda$deactivateButtons$0 - Case not covered!
2017-02-13 15:53:12.751 INFO  view.client.build.BuildController 105 lambda$deactivateButtons$0 - Case not covered!
2017-02-13 15:53:13.164 INFO  view.client.build.BuildController 105 lambda$deactivateButtons$0 - Case not covered!
2017-02-13 15:53:13.180 INFO  view.client.build.BuildController 105 lambda$deactivateButtons$0 - Case not covered!
2017-02-13 15:53:13.346 INFO  view.client.build.BuildController 105 lambda$deactivateButtons$0 - Case not covered!
2017-02-13 15:53:13.751 INFO  view.client.build.BuildController 105 lambda$deactivateButtons$0 - Case not covered!
2017-02-13 15:53:14.087 INFO  view.client.build.BuildController 105 lambda$deactivateButtons$0 - Case not covered!
2017-02-13 15:53:14.105 INFO  view.client.build.BuildController 105 lambda$deactivateButtons$0 - Case not covered!
2017-02-13 15:53:14.262 INFO  view.client.build.BuildController 105 lambda$deactivateButtons$0 - Case not covered!
2017-02-13 15:53:14.753 INFO  view.client.build.BuildController 105 lambda$deactivateButtons$0 - Case not covered!
2017-02-13 15:53:14.758 INFO  view.client.build.BuildController 105 lambda$deactivateButtons$0 - Case not covered!
2017-02-13 15:53:14.926 INFO  view.client.Controller 1611 lambda$triggerFading$33 - Fade in Resources
2017-02-13 15:53:15.009 INFO  view.client.build.BuildController 105 lambda$deactivateButtons$0 - Case not covered!
2017-02-13 15:53:15.185 INFO  view.client.build.BuildController 105 lambda$deactivateButtons$0 - Case not covered!
2017-02-13 15:53:15.266 INFO  view.client.build.BuildController 105 lambda$deactivateButtons$0 - Case not covered!
2017-02-13 15:53:15.519 INFO  view.client.Controller 1611 lambda$triggerFading$33 - Fade in Resources
2017-02-13 15:53:15.605 INFO  view.client.build.BuildController 105 lambda$deactivateButtons$0 - Case not covered!
2017-02-13 15:53:16.177 INFO  view.client.build.BuildController 105 lambda$deactivateButtons$0 - Case not covered!
2017-02-13 15:53:16.193 INFO  view.client.build.BuildController 105 lambda$deactivateButtons$0 - Case not covered!
2017-02-13 15:53:16.298 INFO  view.client.Controller 1611 lambda$triggerFading$33 - Fade in Resources
2017-02-13 15:53:16.384 INFO  view.client.build.BuildController 105 lambda$deactivateButtons$0 - Case not covered!
2017-02-13 15:53:16.858 INFO  view.client.CanvasBoard 824 lambda$setRobber$8 - Robber is drawn at new position: 19
2017-02-13 15:53:16.872 INFO  view.client.build.BuildController 105 lambda$deactivateButtons$0 - Case not covered!
2017-02-13 15:53:16.934 INFO  view.client.build.BuildController 105 lambda$deactivateButtons$0 - Case not covered!
2017-02-13 15:53:16.955 INFO  view.client.build.BuildController 105 lambda$deactivateButtons$0 - Case not covered!
2017-02-13 15:53:17.275 INFO  view.client.Controller 1611 lambda$triggerFading$33 - Fade in Resources
2017-02-13 15:53:17.358 INFO  view.client.build.BuildController 105 lambda$deactivateButtons$0 - Case not covered!
2017-02-13 15:53:17.934 INFO  view.client.build.BuildController 105 lambda$deactivateButtons$0 - Case not covered!
