2017-10-24 13:19:06.939 INFO  network.client.Client 95 connect - Socket[addr=ChrisMacBookPro2016/10.176.66.6,port=10003,localport=49998]
2017-10-24 13:19:06.944 INFO  network.client.Client 106 connect - Connected to ChrisMacBookPro2016, 10003
2017-10-24 13:19:06.960 INFO  network.client.Client 156 sendMsg - {"Hallo":{"Version":"JavaFXClient 1.0 (DichteFideleLurche)"}}
2017-10-24 13:19:06.961 INFO  network.client.Client 184 receiveMsg - {"Hallo":{"Protokoll":"1.0","Version":"Catan-Server (DichteFideleForste"}}
2017-10-24 13:19:06.962 INFO  network.client.ClientListener 511 myId - Human.
2017-10-24 13:19:06.975 INFO  network.client.Client 184 receiveMsg - {"Willkommen":{"id":3}}
2017-10-24 13:19:07.057 INFO  network.client.Client 184 receiveMsg - {"Statusupdate":{"Spieler":{"Status":"Spiel starten","Rittermacht":0,"Längste Handelsstraße":false,"Siegpunkte":0,"Rohstoffe":{"Getreide":0,"Wolle":0,"Holz":0,"Lehm":0,"Erz":0},"id":3,"Entwicklungskarten":{"Straßenbau":0,"Erfindung":0,"Monopol":0,"Ritter":0,"Siegpunkt":0},"Größte Rittermacht":false}}}
2017-10-24 13:19:07.067 INFO  network.client.Client 184 receiveMsg - {"Statusupdate":{"Spieler":{"Status":"Wartet auf Spielbeginn","Rittermacht":0,"Farbe":"Blau","Längste Handelsstraße":false,"Siegpunkte":0,"Rohstoffe":{"Unbekannt":0},"id":1,"Entwicklungskarten":{"Unbekannt":0},"Name":"KI (1)","Größte Rittermacht":false}}}
2017-10-24 13:19:07.149 INFO  network.client.Client 184 receiveMsg - {"Statusupdate":{"Spieler":{"Status":"Wartet auf Spielbeginn","Rittermacht":0,"Farbe":"Rot","Längste Handelsstraße":false,"Siegpunkte":0,"Rohstoffe":{"Unbekannt":0},"id":2,"Entwicklungskarten":{"Unbekannt":0},"Name":"KI (2)","Größte Rittermacht":false}}}
2017-10-24 13:19:13.861 INFO  network.client.Client 156 sendMsg - {"Spieler":{"Farbe":"Orange","Name":"chris"}}
2017-10-24 13:19:13.861 INFO  network.client.Client 184 receiveMsg - {"Serverantwort":"OK"}
2017-10-24 13:19:13.865 INFO  network.client.Client 184 receiveMsg - {"Statusupdate":{"Spieler":{"Status":"Spiel starten","Rittermacht":0,"Farbe":"Orange","Längste Handelsstraße":false,"Siegpunkte":0,"Rohstoffe":{"Getreide":0,"Wolle":0,"Holz":0,"Lehm":0,"Erz":0},"id":3,"Entwicklungskarten":{"Straßenbau":0,"Erfindung":0,"Monopol":0,"Ritter":0,"Siegpunkt":0},"Name":"chris","Größte Rittermacht":false}}}
2017-10-24 13:19:15.669 INFO  network.client.Client 156 sendMsg - {"Spiel starten":{}}
2017-10-24 13:19:15.671 INFO  network.client.Client 184 receiveMsg - {"Serverantwort":"OK"}
2017-10-24 13:19:15.675 INFO  network.client.Client 184 receiveMsg - {"Statusupdate":{"Spieler":{"Status":"Wartet auf Spielbeginn","Rittermacht":0,"Farbe":"Orange","Längste Handelsstraße":false,"Siegpunkte":0,"Rohstoffe":{"Getreide":0,"Wolle":0,"Holz":0,"Lehm":0,"Erz":0},"id":3,"Entwicklungskarten":{"Straßenbau":0,"Erfindung":0,"Monopol":0,"Ritter":0,"Siegpunkt":0},"Name":"chris","Größte Rittermacht":false}}}
2017-10-24 13:19:15.762 INFO  network.client.Client 184 receiveMsg - {"Würfelwurf":{"Spieler":1,"Wurf":[6,6]}}
2017-10-24 13:19:15.770 INFO  network.Interpreter 331 axialToEdgeOrCorner - [{"x":0,"y":-2},{"x":0,"y":-3}]. {29, 33}
2017-10-24 13:19:15.771 INFO  network.Interpreter 331 axialToEdgeOrCorner - [{"x":-3,"y":1},{"x":-2,"y":1}]. {9, 10}
2017-10-24 13:19:15.772 INFO  network.Interpreter 331 axialToEdgeOrCorner - [{"x":1,"y":2},{"x":1,"y":1}]. {8, 13}
2017-10-24 13:19:15.772 INFO  network.Interpreter 331 axialToEdgeOrCorner - [{"x":-2,"y":-1},{"x":-1,"y":-1}]. {22, 23}
2017-10-24 13:19:15.773 INFO  network.Interpreter 331 axialToEdgeOrCorner - [{"x":-3,"y":3},{"x":-2,"y":2}]. {0, 5}
2017-10-24 13:19:15.773 INFO  network.Interpreter 331 axialToEdgeOrCorner - [{"x":2,"y":-1},{"x":3,"y":-2}]. {26, 32}
2017-10-24 13:19:15.773 INFO  network.Interpreter 331 axialToEdgeOrCorner - [{"x":-1,"y":3},{"x":-1,"y":2}]. {2, 6}
2017-10-24 13:19:15.773 INFO  network.Interpreter 331 axialToEdgeOrCorner - [{"x":1,"y":-2},{"x":2,"y":-3}]. {30, 35}
2017-10-24 13:19:15.774 INFO  network.Interpreter 331 axialToEdgeOrCorner - [{"x":2,"y":0},{"x":3,"y":0}]. {20, 21}
2017-10-24 13:19:15.794 INFO  network.client.Client 184 receiveMsg - {"Spiel gestartet":{"Karte":{"Felder":[{"Ort":{"x":-3,"y":2},"Typ":"Meer"},{"Ort":{"x":2,"y":0},"Zahl":8,"Typ":"Gebirge"},{"Ort":{"x":3,"y":-3},"Typ":"Meer"},{"Ort":{"x":-2,"y":3},"Typ":"Meer"},{"Ort":{"x":-1,"y":0},"Zahl":11,"Typ":"Wald"},{"Ort":{"x":0,"y":-3},"Typ":"Meer"},{"Ort":{"x":2,"y":1},"Typ":"Meer"},{"Ort":{"x":-3,"y":1},"Typ":"Meer"},{"Ort":{"x":-1,"y":2},"Zahl":2,"Typ":"Weideland"},{"Ort":{"x":0,"y":2},"Zahl":9,"Typ":"Wald"},{"Ort":{"x":1,"y":2},"Typ":"Meer"},{"Ort":{"x":-2,"y":1},"Zahl":12,"Typ":"Ackerland"},{"Ort":{"x":2,"y":-2},"Zahl":11,"Typ":"Weideland"},{"Ort":{"x":-1,"y":1},"Zahl":6,"Typ":"Hügelland"},{"Ort":{"x":0,"y":1},"Zahl":4,"Typ":"Weideland"},{"Ort":{"x":1,"y":1},"Zahl":10,"Typ":"Hügelland"},{"Ort":{"x":-3,"y":0},"Typ":"Meer"},{"Ort":{"x":-2,"y":-1},"Typ":"Meer"},{"Ort":{"x":-1,"y":-1},"Zahl":8,"Typ":"Wald"},{"Ort":{"x":0,"y":-1},"Zahl":3,"Typ":"Gebirge"},{"Ort":{"x":1,"y":-1},"Zahl":4,"Typ":"Ackerland"},{"Ort":{"x":2,"y":-1},"Zahl":5,"Typ":"Weideland"},{"Ort":{"x":3,"y":-1},"Typ":"Meer"},{"Ort":{"x":-1,"y":-2},"Typ":"Meer"},{"Ort":{"x":0,"y":-2},"Zahl":5,"Typ":"Hügelland"},{"Ort":{"x":1,"y":-2},"Zahl":6,"Typ":"Ackerland"},{"Ort":{"x":-3,"y":3},"Typ":"Meer"},{"Ort":{"x":-2,"y":0},"Zahl":9,"Typ":"Ackerland"},{"Ort":{"x":3,"y":-2},"Typ":"Meer"},{"Ort":{"x":-1,"y":3},"Typ":"Meer"},{"Ort":{"x":0,"y":0},"Typ":"Wüste"},{"Ort":{"x":1,"y":-3},"Typ":"Meer"},{"Ort":{"x":0,"y":3},"Typ":"Meer"},{"Ort":{"x":1,"y":0},"Zahl":3,"Typ":"Wald"},{"Ort":{"x":2,"y":-3},"Typ":"Meer"},{"Ort":{"x":-2,"y":2},"Zahl":10,"Typ":"Gebirge"},{"Ort":{"x":3,"y":0},"Typ":"Meer"}],"Gebäude":[],"Häfen":[{"Ort":[{"x":0,"y":-2},{"x":0,"y":-3}],"Typ":"Hafen"},{"Ort":[{"x":-3,"y":1},{"x":-2,"y":1}],"Typ":"Holz Hafen"},{"Ort":[{"x":1,"y":2},{"x":1,"y":1}],"Typ":"Erz Hafen"},{"Ort":[{"x":-2,"y":-1},{"x":-1,"y":-1}],"Typ":"Lehm Hafen"},{"Ort":[{"x":-3,"y":3},{"x":-2,"y":2}],"Typ":"Hafen"},{"Ort":[{"x":2,"y":-1},{"x":3,"y":-2}],"Typ":"Wolle Hafen"},{"Ort":[{"x":-1,"y":3},{"x":-1,"y":2}],"Typ":"Getreide Hafen"},{"Ort":[{"x":1,"y":-2},{"x":2,"y":-3}],"Typ":"Hafen"},{"Ort":[{"x":2,"y":0},{"x":3,"y":0}],"Typ":"Hafen"}],"Räuber":{"x":0,"y":0}}}}
2017-10-24 13:19:18.626 INFO  network.client.Client 184 receiveMsg - {"Würfelwurf":{"Spieler":2,"Wurf":[6,1]}}
2017-10-24 13:19:18.626 INFO  network.client.Client 184 receiveMsg - {"Würfelwurf":{"Spieler":3,"Wurf":[5,2]}}
2017-10-24 13:19:18.717 INFO  network.client.Client 184 receiveMsg - {"Würfelwurf":{"Spieler":2,"Wurf":[5,4]}}
2017-10-24 13:19:18.717 INFO  network.client.Client 184 receiveMsg - {"Würfelwurf":{"Spieler":1,"Wurf":[1,3]}}
2017-10-24 13:19:18.806 INFO  network.client.Client 184 receiveMsg - {"Würfelwurf":{"Spieler":3,"Wurf":[5,4]}}
2017-10-24 13:19:18.806 INFO  network.client.Client 184 receiveMsg - {"Würfelwurf":{"Spieler":1,"Wurf":[4,4]}}
2017-10-24 13:19:18.892 INFO  network.client.Client 184 receiveMsg - {"Würfelwurf":{"Spieler":2,"Wurf":[5,1]}}
2017-10-24 13:19:18.892 INFO  network.client.Client 184 receiveMsg - {"Würfelwurf":{"Spieler":3,"Wurf":[6,5]}}
2017-10-24 13:19:18.984 INFO  network.client.Client 184 receiveMsg - {"Statusupdate":{"Spieler":{"Status":"Warten","Rittermacht":0,"Farbe":"Rot","Längste Handelsstraße":false,"Siegpunkte":0,"Rohstoffe":{"Unbekannt":0},"id":2,"Entwicklungskarten":{"Unbekannt":0},"Name":"KI (2)","Größte Rittermacht":false}}}
2017-10-24 13:19:18.984 INFO  network.client.Client 184 receiveMsg - {"Statusupdate":{"Spieler":{"Status":"Warten","Rittermacht":0,"Farbe":"Blau","Längste Handelsstraße":false,"Siegpunkte":0,"Rohstoffe":{"Unbekannt":0},"id":1,"Entwicklungskarten":{"Unbekannt":0},"Name":"KI (1)","Größte Rittermacht":false}}}
2017-10-24 13:19:19.075 INFO  network.client.Client 184 receiveMsg - {"Statusupdate":{"Spieler":{"Status":"Dorf bauen","Rittermacht":0,"Farbe":"Orange","Längste Handelsstraße":false,"Siegpunkte":0,"Rohstoffe":{"Getreide":0,"Wolle":0,"Holz":0,"Lehm":0,"Erz":0},"id":3,"Entwicklungskarten":{"Straßenbau":0,"Erfindung":0,"Monopol":0,"Ritter":0,"Siegpunkt":0},"Name":"chris","Größte Rittermacht":false}}}
2017-10-24 13:19:32.879 INFO  network.client.Client 156 sendMsg - {"Bauen":{"Ort":[{"x":-2,"y":1},{"x":-1,"y":1},{"x":-1,"y":0}],"Typ":"Dorf"}}
2017-10-24 13:19:32.881 INFO  network.client.Client 184 receiveMsg - {"Serverantwort":"OK"}
2017-10-24 13:19:32.896 INFO  network.Interpreter 331 axialToEdgeOrCorner - [{"x":-2,"y":1},{"x":-1,"y":1},{"x":-1,"y":0}]. {10, 11, 17}
2017-10-24 13:19:32.897 INFO  network.Interpreter 331 axialToEdgeOrCorner - [{"x":-2,"y":1},{"x":-1,"y":1},{"x":-1,"y":0}]. {10, 11, 17}
2017-10-24 13:19:32.898 INFO  network.client.ClientListener 1126 build - Dorf - [{"x":-2,"y":1},{"x":-1,"y":1},{"x":-1,"y":0}] - {10, 11, 17}
2017-10-24 13:19:32.898 INFO  network.client.Client 184 receiveMsg - {"Bauvorgang":{"Gebäude":{"Ort":[{"x":-2,"y":1},{"x":-1,"y":1},{"x":-1,"y":0}],"Eigentümer":3,"Typ":"Dorf"}}}
2017-10-24 13:19:32.976 INFO  network.client.Client 184 receiveMsg - {"Statusupdate":{"Spieler":{"Status":"Straße bauen","Rittermacht":0,"Farbe":"Orange","Längste Handelsstraße":false,"Siegpunkte":1,"Rohstoffe":{"Getreide":0,"Wolle":0,"Holz":0,"Lehm":0,"Erz":0},"id":3,"Entwicklungskarten":{"Straßenbau":0,"Erfindung":0,"Monopol":0,"Ritter":0,"Siegpunkt":0},"Name":"chris","Größte Rittermacht":false}}}
2017-10-24 13:19:34.300 INFO  network.client.Client 156 sendMsg - {"Bauen":{"Ort":[{"x":-1,"y":1},{"x":-1,"y":0}],"Typ":"Straße"}}
2017-10-24 13:19:34.302 INFO  network.client.Client 184 receiveMsg - {"Serverantwort":"OK"}
2017-10-24 13:19:34.315 INFO  network.Interpreter 331 axialToEdgeOrCorner - [{"x":-1,"y":1},{"x":-1,"y":0}]. {11, 17}
2017-10-24 13:19:34.317 INFO  network.Interpreter 331 axialToEdgeOrCorner - [{"x":-1,"y":1},{"x":-1,"y":0}]. {11, 17}
2017-10-24 13:19:34.317 INFO  network.client.ClientListener 1126 build - Straße - [{"x":-1,"y":1},{"x":-1,"y":0}] - {11, 17}
2017-10-24 13:19:34.317 INFO  network.client.Client 184 receiveMsg - {"Bauvorgang":{"Gebäude":{"Ort":[{"x":-1,"y":1},{"x":-1,"y":0}],"Eigentümer":3,"Typ":"Straße"}}}
2017-10-24 13:19:34.391 INFO  network.client.Client 184 receiveMsg - {"Statusupdate":{"Spieler":{"Status":"Warten","Rittermacht":0,"Farbe":"Orange","Längste Handelsstraße":false,"Siegpunkte":1,"Rohstoffe":{"Getreide":0,"Wolle":0,"Holz":0,"Lehm":0,"Erz":0},"id":3,"Entwicklungskarten":{"Straßenbau":0,"Erfindung":0,"Monopol":0,"Ritter":0,"Siegpunkt":0},"Name":"chris","Größte Rittermacht":false}}}
2017-10-24 13:19:34.406 INFO  network.client.Client 184 receiveMsg - {"Statusupdate":{"Spieler":{"Status":"Dorf bauen","Rittermacht":0,"Farbe":"Blau","Längste Handelsstraße":false,"Siegpunkte":0,"Rohstoffe":{"Unbekannt":0},"id":1,"Entwicklungskarten":{"Unbekannt":0},"Name":"KI (1)","Größte Rittermacht":false}}}
2017-10-24 13:19:34.585 INFO  network.Interpreter 331 axialToEdgeOrCorner - [{"x":1,"y":1},{"x":1,"y":0},{"x":2,"y":0}]. {13, 19, 20}
2017-10-24 13:19:34.586 INFO  network.Interpreter 331 axialToEdgeOrCorner - [{"x":1,"y":1},{"x":1,"y":0},{"x":2,"y":0}]. {13, 19, 20}
2017-10-24 13:19:34.586 INFO  network.client.ClientListener 1126 build - Dorf - [{"x":1,"y":1},{"x":1,"y":0},{"x":2,"y":0}] - {13, 19, 20}
2017-10-24 13:19:34.586 INFO  network.client.Client 184 receiveMsg - {"Bauvorgang":{"Gebäude":{"Ort":[{"x":1,"y":1},{"x":1,"y":0},{"x":2,"y":0}],"Eigentümer":1,"Typ":"Dorf"}}}
2017-10-24 13:19:34.599 INFO  network.client.Client 184 receiveMsg - {"Statusupdate":{"Spieler":{"Status":"Straße bauen","Rittermacht":0,"Farbe":"Blau","Längste Handelsstraße":false,"Siegpunkte":1,"Rohstoffe":{"Unbekannt":0},"id":1,"Entwicklungskarten":{"Unbekannt":0},"Name":"KI (1)","Größte Rittermacht":false}}}
2017-10-24 13:19:34.940 INFO  network.Interpreter 331 axialToEdgeOrCorner - [{"x":1,"y":1},{"x":1,"y":0}]. {13, 19}
2017-10-24 13:19:34.941 INFO  network.Interpreter 331 axialToEdgeOrCorner - [{"x":1,"y":1},{"x":1,"y":0}]. {13, 19}
2017-10-24 13:19:34.941 INFO  network.client.ClientListener 1126 build - Straße - [{"x":1,"y":1},{"x":1,"y":0}] - {13, 19}
2017-10-24 13:19:34.941 INFO  network.client.Client 184 receiveMsg - {"Bauvorgang":{"Gebäude":{"Ort":[{"x":1,"y":1},{"x":1,"y":0}],"Eigentümer":1,"Typ":"Straße"}}}
2017-10-24 13:19:34.957 INFO  network.client.Client 184 receiveMsg - {"Statusupdate":{"Spieler":{"Status":"Warten","Rittermacht":0,"Farbe":"Blau","Längste Handelsstraße":false,"Siegpunkte":1,"Rohstoffe":{"Unbekannt":0},"id":1,"Entwicklungskarten":{"Unbekannt":0},"Name":"KI (1)","Größte Rittermacht":false}}}
