2017-02-12 16:31:52.847 TRACE model.players.Human 11 <init> - Enter model.players.Human@1069f0f2
2017-02-12 16:31:52.850 DEBUG model.players.Player 62 printPlayer - model.players.Human@1069f0f2
id        4         color     NULL      name                status    null      
vp        0         road      false     army      false     
dev       0         dice      0         
res       0         lumber    0         brick     0         grain     0         wool      0         ore       0         
dev       []
dev BLOCK []
Harbors   []
Roads          left      15        built     []
Settlements    left      5         built     []
Cities         left      4         built     []
2017-02-12 16:31:52.852 DEBUG model.players.Player 62 printPlayer - model.players.Human@1069f0f2
id        4         color     NULL      name                status    START_GAME
vp        0         road      false     army      false     
dev       0         dice      0         
res       0         lumber    0         brick     0         grain     0         wool      0         ore       0         
dev       []
dev BLOCK []
Harbors   []
Roads          left      15        built     []
Settlements    left      5         built     []
Cities         left      4         built     []
2017-02-12 16:31:52.933 DEBUG model.players.Player 62 printPlayer - model.players.Human@1069f0f2
id        4         color     NULL      name                status    START_GAME
vp        0         road      false     army      false     
dev       0         dice      0         
res       0         lumber    0         brick     0         grain     0         wool      0         ore       0         
dev       []
dev BLOCK []
Harbors   []
Roads          left      15        built     []
Settlements    left      5         built     []
Cities         left      4         built     []
2017-02-12 16:31:52.937 DEBUG model.players.Player 233 setGrain - model.players.Human@1069f0f2 [ id: 4 ] old: 0, new: 0
2017-02-12 16:31:52.937 DEBUG model.players.Player 255 setWool - model.players.Human@1069f0f2 [ id: 4 ] old: 0, new: 0
2017-02-12 16:31:52.937 DEBUG model.players.Player 189 setLumber - model.players.Human@1069f0f2 [ id: 4 ] old: 0, new: 0
2017-02-12 16:31:52.938 DEBUG model.players.Player 167 setBrick - model.players.Human@1069f0f2 [ id: 4 ] old: 0, new: 0
2017-02-12 16:31:52.938 DEBUG model.players.Player 211 setOre - model.players.Human@1069f0f2 [ id: 4 ] old: 0, new: 0
2017-02-12 16:31:52.938 INFO  model.players.Player 489 setKnightsDev - 0, 0 old and new value of knightDev Card. Knight card which is on the hand of ClientName: 
2017-02-12 16:31:52.938 TRACE model.players.Human 11 <init> - Enter model.players.Human@1eae0c8f
2017-02-12 16:31:52.939 DEBUG model.players.Player 62 printPlayer - model.players.Human@1eae0c8f
id        1         color     BLUE      name      KI (1)    status    null      
vp        0         road      false     army      false     
dev       0         dice      0         
res       0         lumber    0         brick     0         grain     0         wool      0         ore       0         
dev       []
dev BLOCK []
Harbors   []
Roads          left      15        built     []
Settlements    left      5         built     []
Cities         left      4         built     []
2017-02-12 16:31:52.940 DEBUG model.players.Player 62 printPlayer - model.players.Human@1eae0c8f
id        1         color     BLUE      name      KI (1)    status    WAIT_FOR_GAME_START
vp        0         road      false     army      false     
dev       0         dice      0         
res       0         lumber    0         brick     0         grain     0         wool      0         ore       0         
dev       []
dev BLOCK []
Harbors   []
Roads          left      15        built     []
Settlements    left      5         built     []
Cities         left      4         built     []
2017-02-12 16:31:53.026 TRACE model.players.Human 11 <init> - Enter model.players.Human@7e8a09db
2017-02-12 16:31:53.028 DEBUG model.players.Player 62 printPlayer - model.players.Human@7e8a09db
id        2         color     RED       name      KI (2)    status    null      
vp        0         road      false     army      false     
dev       0         dice      0         
res       0         lumber    0         brick     0         grain     0         wool      0         ore       0         
dev       []
dev BLOCK []
Harbors   []
Roads          left      15        built     []
Settlements    left      5         built     []
Cities         left      4         built     []
2017-02-12 16:31:53.029 DEBUG model.players.Player 62 printPlayer - model.players.Human@7e8a09db
id        2         color     RED       name      KI (2)    status    WAIT_FOR_GAME_START
vp        0         road      false     army      false     
dev       0         dice      0         
res       0         lumber    0         brick     0         grain     0         wool      0         ore       0         
dev       []
dev BLOCK []
Harbors   []
Roads          left      15        built     []
Settlements    left      5         built     []
Cities         left      4         built     []
2017-02-12 16:31:53.029 TRACE model.players.Human 11 <init> - Enter model.players.Human@1a919b82
2017-02-12 16:31:53.031 DEBUG model.players.Player 62 printPlayer - model.players.Human@1a919b82
id        3         color     ORANGE    name      KI (3)    status    null      
vp        0         road      false     army      false     
dev       0         dice      0         
res       0         lumber    0         brick     0         grain     0         wool      0         ore       0         
dev       []
dev BLOCK []
Harbors   []
Roads          left      15        built     []
Settlements    left      5         built     []
Cities         left      4         built     []
2017-02-12 16:31:53.032 DEBUG model.players.Player 62 printPlayer - model.players.Human@1a919b82
id        3         color     ORANGE    name      KI (3)    status    WAIT_FOR_GAME_START
vp        0         road      false     army      false     
dev       0         dice      0         
res       0         lumber    0         brick     0         grain     0         wool      0         ore       0         
dev       []
dev BLOCK []
Harbors   []
Roads          left      15        built     []
Settlements    left      5         built     []
Cities         left      4         built     []
2017-02-12 16:32:04.167 DEBUG model.players.Player 62 printPlayer - model.players.Human@1069f0f2
id        4         color     WHITE     name      vchris    status    START_GAME
vp        0         road      false     army      false     
dev       0         dice      0         
res       0         lumber    0         brick     0         grain     0         wool      0         ore       0         
dev       []
dev BLOCK []
Harbors   []
Roads          left      15        built     []
Settlements    left      5         built     []
Cities         left      4         built     []
2017-02-12 16:32:04.167 DEBUG model.players.Player 233 setGrain - model.players.Human@1069f0f2 [ id: 4 ] old: 0, new: 0
2017-02-12 16:32:04.167 DEBUG model.players.Player 255 setWool - model.players.Human@1069f0f2 [ id: 4 ] old: 0, new: 0
2017-02-12 16:32:04.168 DEBUG model.players.Player 189 setLumber - model.players.Human@1069f0f2 [ id: 4 ] old: 0, new: 0
2017-02-12 16:32:04.168 DEBUG model.players.Player 167 setBrick - model.players.Human@1069f0f2 [ id: 4 ] old: 0, new: 0
2017-02-12 16:32:04.168 DEBUG model.players.Player 211 setOre - model.players.Human@1069f0f2 [ id: 4 ] old: 0, new: 0
2017-02-12 16:32:04.168 INFO  model.players.Player 489 setKnightsDev - 0, 0 old and new value of knightDev Card. Knight card which is on the hand of ClientName: vchris
2017-02-12 16:32:04.957 DEBUG model.players.Player 62 printPlayer - model.players.Human@1069f0f2
id        4         color     WHITE     name      vchris    status    WAIT_FOR_GAME_START
vp        0         road      false     army      false     
dev       0         dice      0         
res       0         lumber    0         brick     0         grain     0         wool      0         ore       0         
dev       []
dev BLOCK []
Harbors   []
Roads          left      15        built     []
Settlements    left      5         built     []
Cities         left      4         built     []
2017-02-12 16:32:04.958 DEBUG model.players.Player 233 setGrain - model.players.Human@1069f0f2 [ id: 4 ] old: 0, new: 0
2017-02-12 16:32:04.958 DEBUG model.players.Player 255 setWool - model.players.Human@1069f0f2 [ id: 4 ] old: 0, new: 0
2017-02-12 16:32:04.958 DEBUG model.players.Player 189 setLumber - model.players.Human@1069f0f2 [ id: 4 ] old: 0, new: 0
2017-02-12 16:32:04.959 DEBUG model.players.Player 167 setBrick - model.players.Human@1069f0f2 [ id: 4 ] old: 0, new: 0
2017-02-12 16:32:04.959 DEBUG model.players.Player 211 setOre - model.players.Human@1069f0f2 [ id: 4 ] old: 0, new: 0
2017-02-12 16:32:04.959 INFO  model.players.Player 489 setKnightsDev - 0, 0 old and new value of knightDev Card. Knight card which is on the hand of ClientName: vchris
2017-02-12 16:32:05.065 INFO  model.board.Board 262 printBoardIDs - 
  null  null  null   {0}   {1}   {2}   {3}
  null  null   {4}   {5}   {6}   {7}   {8}
  null   {9}  {10}  {11}  {12}  {13}  {14}
  {15}  {16}  {17}  {18}  {19}  {20}  {21}
  {22}  {23}  {24}  {25}  {26}  {27}  null
  {28}  {29}  {30}  {31}  {32}  null  null
  {33}  {34}  {35}  {36}  null  null  null

2017-02-12 16:32:05.066 INFO  model.board.Board 339 printNumberTokens - 
  null  null  null  null  null  null  null
  null  null  null     0     4    11  null
  null  null     8     3     6    12  null
  null     5    10    11     5     9  null
  null     2     9     4    10  null  null
  null     6     3     8  null  null  null
  null  null  null  null  null  null  null

2017-02-12 16:32:05.068 INFO  model.board.Board 280 printBoardSpecialCo - 
(     )(     )(     )( 0,-3)( 1,-3)( 2,-3)( 3,-3)
(     )(     )(-1,-2)( 0,-2)( 1,-2)( 2,-2)( 3,-2)
(     )(-2,-1)(-1,-1)( 0,-1)( 1,-1)( 2,-1)( 3,-1)
(-3, 0)(-2, 0)(-1, 0)( 0, 0)( 1, 0)( 2, 0)( 3, 0)
(-3, 1)(-2, 1)(-1, 1)( 0, 1)( 1, 1)( 2, 1)(     )
(-3, 2)(-2, 2)(-1, 2)( 0, 2)( 1, 2)(     )(     )
(-3, 3)(-2, 3)(-1, 3)( 0, 3)(     )(     )(     )

2017-02-12 16:32:05.071 INFO  model.board.Board 300 printTileNeighbors - 
Row: 0
                          null : 
                          null : 
                          null : 
      model.board.Sea@2aeef10b : [model.board.Sea@4aacd543, model.board.Desert@751c38f2, model.board.Sea@5b76235b]
      model.board.Sea@4aacd543 : [model.board.Mountain@6cdf797, model.board.Desert@751c38f2, model.board.Sea@2aeef10b, model.board.Sea@2a673cc0]
      model.board.Sea@2a673cc0 : [model.board.Sea@4aacd543, model.board.Forest@3e285ad6, model.board.Mountain@6cdf797, model.board.Sea@542ecab3]
      model.board.Sea@542ecab3 : [model.board.Sea@3d36feee, model.board.Forest@3e285ad6, model.board.Sea@2a673cc0]
Row: 1
                          null : 
                          null : 
      model.board.Sea@5b76235b : [model.board.Desert@751c38f2, model.board.Hill@2e2444b4, model.board.Sea@52a6454c, model.board.Sea@2aeef10b]
   model.board.Desert@751c38f2 : [model.board.Sea@4aacd543, model.board.Mountain@6cdf797, model.board.Forest@70ff76f9, model.board.Hill@2e2444b4, model.board.Sea@5b76235b, model.board.Sea@2aeef10b]
  model.board.Mountain@6cdf797 : [model.board.Sea@4aacd543, model.board.Forest@3e285ad6, model.board.Forest@7ab42786, model.board.Forest@70ff76f9, model.board.Desert@751c38f2, model.board.Sea@2a673cc0]
   model.board.Forest@3e285ad6 : [model.board.Sea@3d36feee, model.board.Field@7639cd80, model.board.Forest@7ab42786, model.board.Mountain@6cdf797, model.board.Sea@2a673cc0, model.board.Sea@542ecab3]
      model.board.Sea@3d36feee : [model.board.Sea@16557a2e, model.board.Field@7639cd80, model.board.Forest@3e285ad6, model.board.Sea@542ecab3]
Row: 2
                          null : 
      model.board.Sea@52a6454c : [model.board.Sea@5b76235b, model.board.Hill@2e2444b4, model.board.Sea@1d168ea3, model.board.Pasture@46451290]
     model.board.Hill@2e2444b4 : [model.board.Field@7e289215, model.board.Sea@5b76235b, model.board.Desert@751c38f2, model.board.Forest@70ff76f9, model.board.Sea@52a6454c, model.board.Pasture@46451290]
   model.board.Forest@70ff76f9 : [model.board.Field@7e289215, model.board.Desert@751c38f2, model.board.Mountain@6cdf797, model.board.Forest@7ab42786, model.board.Hill@2e2444b4, model.board.Pasture@431103f4]
   model.board.Forest@7ab42786 : [model.board.Mountain@6cdf797, model.board.Forest@3e285ad6, model.board.Field@7639cd80, model.board.Forest@70ff76f9, model.board.Pasture@431103f4, model.board.Forest@6adbfea3]
    model.board.Field@7639cd80 : [model.board.Forest@3e285ad6, model.board.Sea@3d36feee, model.board.Sea@16557a2e, model.board.Field@4e4a0fa, model.board.Forest@7ab42786, model.board.Forest@6adbfea3]
      model.board.Sea@16557a2e : [model.board.Sea@3d36feee, model.board.Sea@3ee62249, model.board.Field@4e4a0fa, model.board.Field@7639cd80]
Row: 3
      model.board.Sea@1d168ea3 : [model.board.Sea@52a6454c, model.board.Sea@752398c2, model.board.Pasture@46451290]
  model.board.Pasture@46451290 : [model.board.Field@7e289215, model.board.Sea@52a6454c, model.board.Hill@2e2444b4, model.board.Mountain@40385e23, model.board.Sea@752398c2, model.board.Sea@1d168ea3]
    model.board.Field@7e289215 : [model.board.Hill@2e2444b4, model.board.Forest@70ff76f9, model.board.Hill@61fac5ae, model.board.Mountain@40385e23, model.board.Pasture@46451290, model.board.Pasture@431103f4]
  model.board.Pasture@431103f4 : [model.board.Field@7e289215, model.board.Forest@70ff76f9, model.board.Forest@7ab42786, model.board.Field@6e8157b2, model.board.Hill@61fac5ae, model.board.Forest@6adbfea3]
   model.board.Forest@6adbfea3 : [model.board.Forest@7ab42786, model.board.Field@7639cd80, model.board.Field@4e4a0fa, model.board.Hill@70d2728, model.board.Field@6e8157b2, model.board.Pasture@431103f4]
     model.board.Field@4e4a0fa : [model.board.Field@7639cd80, model.board.Sea@16557a2e, model.board.Sea@3ee62249, model.board.Sea@546b8ac, model.board.Hill@70d2728, model.board.Forest@6adbfea3]
      model.board.Sea@3ee62249 : [model.board.Sea@16557a2e, model.board.Sea@546b8ac, model.board.Field@4e4a0fa]
Row: 4
      model.board.Sea@752398c2 : [model.board.Sea@1d168ea3, model.board.Mountain@40385e23, model.board.Sea@3226da1f, model.board.Pasture@46451290]
 model.board.Mountain@40385e23 : [model.board.Field@7e289215, model.board.Hill@61fac5ae, model.board.Pasture@56fe372e, model.board.Sea@3226da1f, model.board.Sea@752398c2, model.board.Pasture@46451290]
     model.board.Hill@61fac5ae : [model.board.Field@7e289215, model.board.Field@6e8157b2, model.board.Pasture@38246ebe, model.board.Pasture@56fe372e, model.board.Mountain@40385e23, model.board.Pasture@431103f4]
    model.board.Field@6e8157b2 : [model.board.Hill@70d2728, model.board.Mountain@89722ce, model.board.Pasture@38246ebe, model.board.Hill@61fac5ae, model.board.Pasture@431103f4, model.board.Forest@6adbfea3]
      model.board.Hill@70d2728 : [model.board.Field@4e4a0fa, model.board.Sea@546b8ac, model.board.Mountain@89722ce, model.board.Field@6e8157b2, model.board.Sea@ce5e7e1, model.board.Forest@6adbfea3]
       model.board.Sea@546b8ac : [model.board.Field@4e4a0fa, model.board.Sea@3ee62249, model.board.Hill@70d2728, model.board.Sea@ce5e7e1]
                          null : 
Row: 5
      model.board.Sea@3226da1f : [model.board.Sea@2b05e614, model.board.Sea@752398c2, model.board.Mountain@40385e23, model.board.Pasture@56fe372e]
  model.board.Pasture@56fe372e : [model.board.Sea@2b05e614, model.board.Mountain@40385e23, model.board.Hill@61fac5ae, model.board.Pasture@38246ebe, model.board.Sea@3226da1f, model.board.Sea@30cf3c54]
  model.board.Pasture@38246ebe : [model.board.Hill@61fac5ae, model.board.Field@6e8157b2, model.board.Mountain@89722ce, model.board.Pasture@56fe372e, model.board.Sea@30cf3c54, model.board.Sea@17fe9d1]
  model.board.Mountain@89722ce : [model.board.Field@6e8157b2, model.board.Hill@70d2728, model.board.Sea@2286dcf0, model.board.Pasture@38246ebe, model.board.Sea@ce5e7e1, model.board.Sea@17fe9d1]
       model.board.Sea@ce5e7e1 : [model.board.Hill@70d2728, model.board.Sea@546b8ac, model.board.Sea@2286dcf0, model.board.Mountain@89722ce]
                          null : 
                          null : 
Row: 6
      model.board.Sea@2b05e614 : [model.board.Sea@3226da1f, model.board.Pasture@56fe372e, model.board.Sea@30cf3c54]
      model.board.Sea@30cf3c54 : [model.board.Sea@2b05e614, model.board.Pasture@56fe372e, model.board.Pasture@38246ebe, model.board.Sea@17fe9d1]
       model.board.Sea@17fe9d1 : [model.board.Pasture@38246ebe, model.board.Mountain@89722ce, model.board.Sea@2286dcf0, model.board.Sea@30cf3c54]
      model.board.Sea@2286dcf0 : [model.board.Mountain@89722ce, model.board.Sea@ce5e7e1, model.board.Sea@17fe9d1]
                          null : 
                          null : 
                          null : 

2017-02-12 16:32:05.072 INFO  model.board.Board 321 printPorts - 
         {4} : WOOL
        {36} : GENERIC
         {1} : BRICK
        {14} : GENERIC
        {15} : GRAIN
        {27} : GENERIC
        {28} : LUMBER
        {34} : ORE
         {3} : GENERIC

{22, 23, 28} : LUMBER
{15, 16, 22} : GRAIN
   {1, 2, 6} : BRICK
   {1, 5, 6} : BRICK
  {4, 9, 10} : WOOL
{13, 14, 20} : GENERIC
{20, 26, 27} : GENERIC
{31, 32, 36} : GENERIC
{31, 35, 36} : GENERIC
{23, 28, 29} : LUMBER
 {9, 15, 16} : GRAIN
{26, 27, 32} : GENERIC
{29, 33, 34} : ORE
{29, 30, 34} : ORE
   {3, 7, 8} : GENERIC
   {2, 3, 7} : GENERIC
  {4, 5, 10} : WOOL
{14, 20, 21} : GENERIC

2017-02-12 16:32:08.202 DEBUG model.players.Player 62 printPlayer - model.players.Human@7e8a09db
id        2         color     RED       name      KI (2)    status    WAIT      
vp        0         road      false     army      false     
dev       0         dice      2         
res       0         lumber    0         brick     0         grain     0         wool      0         ore       0         
dev       []
dev BLOCK []
Harbors   []
Roads          left      15        built     []
Settlements    left      5         built     []
Cities         left      4         built     []
2017-02-12 16:32:08.203 DEBUG model.Management 42 printManagement - model.Management@2637abf2
KI (1)    sum       0         lumber    0         brick     0         grain     0         wool      0         ore       0         
KI (2)    sum       0         lumber    0         brick     0         grain     0         wool      0         ore       0         
KI (3)    sum       0         lumber    0         brick     0         grain     0         wool      0         ore       0         
vchris    sum       0         lumber    0         brick     0         grain     0         wool      0         ore       0         
[ M ]     sum       95        lumber    19        brick     19        grain     19        wool      19        ore       19        
2017-02-12 16:32:08.287 DEBUG model.players.Player 62 printPlayer - model.players.Human@1a919b82
id        3         color     ORANGE    name      KI (3)    status    WAIT      
vp        0         road      false     army      false     
dev       0         dice      8         
res       0         lumber    0         brick     0         grain     0         wool      0         ore       0         
dev       []
dev BLOCK []
Harbors   []
Roads          left      15        built     []
Settlements    left      5         built     []
Cities         left      4         built     []
2017-02-12 16:32:08.288 DEBUG model.Management 42 printManagement - model.Management@2637abf2
KI (1)    sum       0         lumber    0         brick     0         grain     0         wool      0         ore       0         
KI (2)    sum       0         lumber    0         brick     0         grain     0         wool      0         ore       0         
KI (3)    sum       0         lumber    0         brick     0         grain     0         wool      0         ore       0         
vchris    sum       0         lumber    0         brick     0         grain     0         wool      0         ore       0         
[ M ]     sum       95        lumber    19        brick     19        grain     19        wool      19        ore       19        
2017-02-12 16:32:08.294 DEBUG model.players.Player 62 printPlayer - model.players.Human@1069f0f2
id        4         color     WHITE     name      vchris    status    WAIT      
vp        0         road      false     army      false     
dev       0         dice      7         
res       0         lumber    0         brick     0         grain     0         wool      0         ore       0         
dev       []
dev BLOCK []
Harbors   []
Roads          left      15        built     []
Settlements    left      5         built     []
Cities         left      4         built     []
2017-02-12 16:32:08.295 DEBUG model.Management 42 printManagement - model.Management@2637abf2
KI (1)    sum       0         lumber    0         brick     0         grain     0         wool      0         ore       0         
KI (2)    sum       0         lumber    0         brick     0         grain     0         wool      0         ore       0         
KI (3)    sum       0         lumber    0         brick     0         grain     0         wool      0         ore       0         
vchris    sum       0         lumber    0         brick     0         grain     0         wool      0         ore       0         
[ M ]     sum       95        lumber    19        brick     19        grain     19        wool      19        ore       19        
2017-02-12 16:32:08.295 DEBUG model.players.Player 233 setGrain - model.players.Human@1069f0f2 [ id: 4 ] old: 0, new: 0
2017-02-12 16:32:08.295 DEBUG model.players.Player 255 setWool - model.players.Human@1069f0f2 [ id: 4 ] old: 0, new: 0
2017-02-12 16:32:08.295 DEBUG model.players.Player 189 setLumber - model.players.Human@1069f0f2 [ id: 4 ] old: 0, new: 0
2017-02-12 16:32:08.296 DEBUG model.players.Player 167 setBrick - model.players.Human@1069f0f2 [ id: 4 ] old: 0, new: 0
2017-02-12 16:32:08.296 DEBUG model.players.Player 211 setOre - model.players.Human@1069f0f2 [ id: 4 ] old: 0, new: 0
2017-02-12 16:32:08.296 INFO  model.players.Player 489 setKnightsDev - 0, 0 old and new value of knightDev Card. Knight card which is on the hand of ClientName: vchris
2017-02-12 16:32:08.377 DEBUG model.players.Player 62 printPlayer - model.players.Human@1eae0c8f
id        1         color     BLUE      name      KI (1)    status    BUILD_SETTLEMENT
vp        0         road      false     army      false     
dev       0         dice      12        
res       0         lumber    0         brick     0         grain     0         wool      0         ore       0         
dev       []
dev BLOCK []
Harbors   []
Roads          left      15        built     []
Settlements    left      5         built     []
Cities         left      4         built     []
2017-02-12 16:32:08.378 DEBUG model.Management 42 printManagement - model.Management@2637abf2
KI (1)    sum       0         lumber    0         brick     0         grain     0         wool      0         ore       0         
KI (2)    sum       0         lumber    0         brick     0         grain     0         wool      0         ore       0         
KI (3)    sum       0         lumber    0         brick     0         grain     0         wool      0         ore       0         
vchris    sum       0         lumber    0         brick     0         grain     0         wool      0         ore       0         
[ M ]     sum       95        lumber    19        brick     19        grain     19        wool      19        ore       19        
2017-02-12 16:32:08.387 INFO  model.players.Player 945 buildSettlementFORCE - KI (1): {10, 11, 17}
2017-02-12 16:32:08.468 DEBUG model.players.Player 62 printPlayer - model.players.Human@1eae0c8f
id        1         color     BLUE      name      KI (1)    status    BUILD_STREET
vp        0         road      false     army      false     
dev       0         dice      12        
res       0         lumber    0         brick     0         grain     0         wool      0         ore       0         
dev       []
dev BLOCK []
Harbors   []
Roads          left      15        built     []
Settlements    left      4         built     [{10, 11, 17}]
Cities         left      4         built     []
2017-02-12 16:32:08.469 DEBUG model.Management 42 printManagement - model.Management@2637abf2
KI (1)    sum       0         lumber    0         brick     0         grain     0         wool      0         ore       0         
KI (2)    sum       0         lumber    0         brick     0         grain     0         wool      0         ore       0         
KI (3)    sum       0         lumber    0         brick     0         grain     0         wool      0         ore       0         
vchris    sum       0         lumber    0         brick     0         grain     0         wool      0         ore       0         
[ M ]     sum       95        lumber    19        brick     19        grain     19        wool      19        ore       19        
2017-02-12 16:32:08.478 INFO  model.players.Player 979 buildStreetFORCE - KI (1): {10, 11}
2017-02-12 16:32:08.558 DEBUG model.players.Player 62 printPlayer - model.players.Human@1eae0c8f
id        1         color     BLUE      name      KI (1)    status    WAIT      
vp        1         road      false     army      false     
dev       0         dice      12        
res       0         lumber    0         brick     0         grain     0         wool      0         ore       0         
dev       []
dev BLOCK []
Harbors   []
Roads          left      14        built     [{10, 11}]
Settlements    left      4         built     [{10, 11, 17}]
Cities         left      4         built     []
2017-02-12 16:32:08.558 DEBUG model.Management 42 printManagement - model.Management@2637abf2
KI (1)    sum       0         lumber    0         brick     0         grain     0         wool      0         ore       0         
KI (2)    sum       0         lumber    0         brick     0         grain     0         wool      0         ore       0         
KI (3)    sum       0         lumber    0         brick     0         grain     0         wool      0         ore       0         
vchris    sum       0         lumber    0         brick     0         grain     0         wool      0         ore       0         
[ M ]     sum       95        lumber    19        brick     19        grain     19        wool      19        ore       19        
2017-02-12 16:32:08.567 DEBUG model.players.Player 62 printPlayer - model.players.Human@1a919b82
id        3         color     ORANGE    name      KI (3)    status    BUILD_SETTLEMENT
vp        0         road      false     army      false     
dev       0         dice      8         
res       0         lumber    0         brick     0         grain     0         wool      0         ore       0         
dev       []
dev BLOCK []
Harbors   []
Roads          left      15        built     []
Settlements    left      5         built     []
Cities         left      4         built     []
2017-02-12 16:32:08.567 DEBUG model.Management 42 printManagement - model.Management@2637abf2
KI (1)    sum       0         lumber    0         brick     0         grain     0         wool      0         ore       0         
KI (2)    sum       0         lumber    0         brick     0         grain     0         wool      0         ore       0         
KI (3)    sum       0         lumber    0         brick     0         grain     0         wool      0         ore       0         
vchris    sum       0         lumber    0         brick     0         grain     0         wool      0         ore       0         
[ M ]     sum       95        lumber    19        brick     19        grain     19        wool      19        ore       19        
2017-02-12 16:32:08.648 INFO  model.players.Player 945 buildSettlementFORCE - KI (3): {19, 25, 26}
2017-02-12 16:32:08.655 DEBUG model.players.Player 62 printPlayer - model.players.Human@1a919b82
id        3         color     ORANGE    name      KI (3)    status    BUILD_STREET
vp        0         road      false     army      false     
dev       0         dice      8         
res       0         lumber    0         brick     0         grain     0         wool      0         ore       0         
dev       []
dev BLOCK []
Harbors   []
Roads          left      15        built     []
Settlements    left      4         built     [{19, 25, 26}]
Cities         left      4         built     []
2017-02-12 16:32:08.656 DEBUG model.Management 42 printManagement - model.Management@2637abf2
KI (1)    sum       0         lumber    0         brick     0         grain     0         wool      0         ore       0         
KI (2)    sum       0         lumber    0         brick     0         grain     0         wool      0         ore       0         
KI (3)    sum       0         lumber    0         brick     0         grain     0         wool      0         ore       0         
vchris    sum       0         lumber    0         brick     0         grain     0         wool      0         ore       0         
[ M ]     sum       95        lumber    19        brick     19        grain     19        wool      19        ore       19        
2017-02-12 16:32:08.738 INFO  model.players.Player 979 buildStreetFORCE - KI (3): {19, 26}
2017-02-12 16:32:08.743 DEBUG model.players.Player 62 printPlayer - model.players.Human@1a919b82
id        3         color     ORANGE    name      KI (3)    status    WAIT      
vp        1         road      false     army      false     
dev       0         dice      8         
res       0         lumber    0         brick     0         grain     0         wool      0         ore       0         
dev       []
dev BLOCK []
Harbors   []
Roads          left      14        built     [{19, 26}]
Settlements    left      4         built     [{19, 25, 26}]
Cities         left      4         built     []
2017-02-12 16:32:08.744 DEBUG model.Management 42 printManagement - model.Management@2637abf2
KI (1)    sum       0         lumber    0         brick     0         grain     0         wool      0         ore       0         
KI (2)    sum       0         lumber    0         brick     0         grain     0         wool      0         ore       0         
KI (3)    sum       0         lumber    0         brick     0         grain     0         wool      0         ore       0         
vchris    sum       0         lumber    0         brick     0         grain     0         wool      0         ore       0         
[ M ]     sum       95        lumber    19        brick     19        grain     19        wool      19        ore       19        
2017-02-12 16:32:08.828 DEBUG model.players.Player 62 printPlayer - model.players.Human@1069f0f2
id        4         color     WHITE     name      vchris    status    BUILD_SETTLEMENT
vp        0         road      false     army      false     
dev       0         dice      7         
res       0         lumber    0         brick     0         grain     0         wool      0         ore       0         
dev       []
dev BLOCK []
Harbors   []
Roads          left      15        built     []
Settlements    left      5         built     []
Cities         left      4         built     []
2017-02-12 16:32:08.829 DEBUG model.Management 42 printManagement - model.Management@2637abf2
KI (1)    sum       0         lumber    0         brick     0         grain     0         wool      0         ore       0         
KI (2)    sum       0         lumber    0         brick     0         grain     0         wool      0         ore       0         
KI (3)    sum       0         lumber    0         brick     0         grain     0         wool      0         ore       0         
vchris    sum       0         lumber    0         brick     0         grain     0         wool      0         ore       0         
[ M ]     sum       95        lumber    19        brick     19        grain     19        wool      19        ore       19        
2017-02-12 16:32:08.830 DEBUG model.players.Player 233 setGrain - model.players.Human@1069f0f2 [ id: 4 ] old: 0, new: 0
2017-02-12 16:32:08.830 DEBUG model.players.Player 255 setWool - model.players.Human@1069f0f2 [ id: 4 ] old: 0, new: 0
2017-02-12 16:32:08.830 DEBUG model.players.Player 189 setLumber - model.players.Human@1069f0f2 [ id: 4 ] old: 0, new: 0
2017-02-12 16:32:08.831 DEBUG model.players.Player 167 setBrick - model.players.Human@1069f0f2 [ id: 4 ] old: 0, new: 0
2017-02-12 16:32:08.831 DEBUG model.players.Player 211 setOre - model.players.Human@1069f0f2 [ id: 4 ] old: 0, new: 0
2017-02-12 16:32:08.831 INFO  model.players.Player 489 setKnightsDev - 0, 0 old and new value of knightDev Card. Knight card which is on the hand of ClientName: vchris
2017-02-12 16:32:08.831 INFO  model.players.Player 892 getBuildableSettlements - start settlement 46
2017-02-12 16:32:08.833 INFO  model.players.Player 892 getBuildableSettlements - start settlement 46
2017-02-12 16:32:10.883 INFO  model.players.Player 892 getBuildableSettlements - start settlement 46
2017-02-12 16:32:10.921 INFO  model.players.Player 945 buildSettlementFORCE - vchris: {12, 18, 19}
2017-02-12 16:32:10.990 DEBUG model.players.Player 62 printPlayer - model.players.Human@1069f0f2
id        4         color     WHITE     name      vchris    status    BUILD_STREET
vp        0         road      false     army      false     
dev       0         dice      7         
res       0         lumber    0         brick     0         grain     0         wool      0         ore       0         
dev       []
dev BLOCK []
Harbors   []
Roads          left      15        built     []
Settlements    left      4         built     [{12, 18, 19}]
Cities         left      4         built     []
2017-02-12 16:32:10.990 DEBUG model.Management 42 printManagement - model.Management@2637abf2
KI (1)    sum       0         lumber    0         brick     0         grain     0         wool      0         ore       0         
KI (2)    sum       0         lumber    0         brick     0         grain     0         wool      0         ore       0         
KI (3)    sum       0         lumber    0         brick     0         grain     0         wool      0         ore       0         
vchris    sum       0         lumber    0         brick     0         grain     0         wool      0         ore       0         
[ M ]     sum       95        lumber    19        brick     19        grain     19        wool      19        ore       19        
2017-02-12 16:32:10.991 DEBUG model.players.Player 233 setGrain - model.players.Human@1069f0f2 [ id: 4 ] old: 0, new: 0
2017-02-12 16:32:10.991 DEBUG model.players.Player 255 setWool - model.players.Human@1069f0f2 [ id: 4 ] old: 0, new: 0
2017-02-12 16:32:10.991 DEBUG model.players.Player 189 setLumber - model.players.Human@1069f0f2 [ id: 4 ] old: 0, new: 0
2017-02-12 16:32:10.991 DEBUG model.players.Player 167 setBrick - model.players.Human@1069f0f2 [ id: 4 ] old: 0, new: 0
2017-02-12 16:32:10.991 DEBUG model.players.Player 211 setOre - model.players.Human@1069f0f2 [ id: 4 ] old: 0, new: 0
2017-02-12 16:32:10.993 INFO  model.players.Player 489 setKnightsDev - 0, 0 old and new value of knightDev Card. Knight card which is on the hand of ClientName: vchris
2017-02-12 16:32:11.570 INFO  model.players.Player 979 buildStreetFORCE - vchris: {18, 19}
2017-02-12 16:32:11.638 DEBUG model.players.Player 62 printPlayer - model.players.Human@1069f0f2
id        4         color     WHITE     name      vchris    status    WAIT      
vp        1         road      false     army      false     
dev       0         dice      7         
res       0         lumber    0         brick     0         grain     0         wool      0         ore       0         
dev       []
dev BLOCK []
Harbors   []
Roads          left      14        built     [{18, 19}]
Settlements    left      4         built     [{12, 18, 19}]
Cities         left      4         built     []
2017-02-12 16:32:11.638 DEBUG model.Management 42 printManagement - model.Management@2637abf2
KI (1)    sum       0         lumber    0         brick     0         grain     0         wool      0         ore       0         
KI (2)    sum       0         lumber    0         brick     0         grain     0         wool      0         ore       0         
KI (3)    sum       0         lumber    0         brick     0         grain     0         wool      0         ore       0         
vchris    sum       0         lumber    0         brick     0         grain     0         wool      0         ore       0         
[ M ]     sum       95        lumber    19        brick     19        grain     19        wool      19        ore       19        
2017-02-12 16:32:11.638 DEBUG model.players.Player 233 setGrain - model.players.Human@1069f0f2 [ id: 4 ] old: 0, new: 0
2017-02-12 16:32:11.638 DEBUG model.players.Player 255 setWool - model.players.Human@1069f0f2 [ id: 4 ] old: 0, new: 0
2017-02-12 16:32:11.638 DEBUG model.players.Player 189 setLumber - model.players.Human@1069f0f2 [ id: 4 ] old: 0, new: 0
2017-02-12 16:32:11.639 DEBUG model.players.Player 167 setBrick - model.players.Human@1069f0f2 [ id: 4 ] old: 0, new: 0
2017-02-12 16:32:11.639 DEBUG model.players.Player 211 setOre - model.players.Human@1069f0f2 [ id: 4 ] old: 0, new: 0
2017-02-12 16:32:11.639 INFO  model.players.Player 489 setKnightsDev - 0, 0 old and new value of knightDev Card. Knight card which is on the hand of ClientName: vchris
2017-02-12 16:32:11.659 DEBUG model.players.Player 62 printPlayer - model.players.Human@7e8a09db
id        2         color     RED       name      KI (2)    status    BUILD_SETTLEMENT
vp        0         road      false     army      false     
dev       0         dice      2         
res       0         lumber    0         brick     0         grain     0         wool      0         ore       0         
dev       []
dev BLOCK []
Harbors   []
Roads          left      15        built     []
Settlements    left      5         built     []
Cities         left      4         built     []
2017-02-12 16:32:11.660 DEBUG model.Management 42 printManagement - model.Management@2637abf2
KI (1)    sum       0         lumber    0         brick     0         grain     0         wool      0         ore       0         
KI (2)    sum       0         lumber    0         brick     0         grain     0         wool      0         ore       0         
KI (3)    sum       0         lumber    0         brick     0         grain     0         wool      0         ore       0         
vchris    sum       0         lumber    0         brick     0         grain     0         wool      0         ore       0         
[ M ]     sum       95        lumber    19        brick     19        grain     19        wool      19        ore       19        
2017-02-12 16:32:11.849 INFO  model.players.Player 945 buildSettlementFORCE - KI (2): {7, 12, 13}
2017-02-12 16:32:11.867 DEBUG model.players.Player 62 printPlayer - model.players.Human@7e8a09db
id        2         color     RED       name      KI (2)    status    BUILD_STREET
vp        0         road      false     army      false     
dev       0         dice      2         
res       0         lumber    0         brick     0         grain     0         wool      0         ore       0         
dev       []
dev BLOCK []
Harbors   []
Roads          left      15        built     []
Settlements    left      4         built     [{7, 12, 13}]
Cities         left      4         built     []
2017-02-12 16:32:11.868 DEBUG model.Management 42 printManagement - model.Management@2637abf2
KI (1)    sum       0         lumber    0         brick     0         grain     0         wool      0         ore       0         
KI (2)    sum       0         lumber    0         brick     0         grain     0         wool      0         ore       0         
KI (3)    sum       0         lumber    0         brick     0         grain     0         wool      0         ore       0         
vchris    sum       0         lumber    0         brick     0         grain     0         wool      0         ore       0         
[ M ]     sum       95        lumber    19        brick     19        grain     19        wool      19        ore       19        
2017-02-12 16:32:12.199 INFO  model.players.Player 979 buildStreetFORCE - KI (2): {7, 12}
2017-02-12 16:32:12.218 DEBUG model.players.Player 62 printPlayer - model.players.Human@7e8a09db
id        2         color     RED       name      KI (2)    status    BUILD_SETTLEMENT
vp        1         road      false     army      false     
dev       0         dice      2         
res       0         lumber    0         brick     0         grain     0         wool      0         ore       0         
dev       []
dev BLOCK []
Harbors   []
Roads          left      14        built     [{7, 12}]
Settlements    left      4         built     [{7, 12, 13}]
Cities         left      4         built     []
2017-02-12 16:32:12.219 DEBUG model.Management 42 printManagement - model.Management@2637abf2
KI (1)    sum       0         lumber    0         brick     0         grain     0         wool      0         ore       0         
KI (2)    sum       0         lumber    0         brick     0         grain     0         wool      0         ore       0         
KI (3)    sum       0         lumber    0         brick     0         grain     0         wool      0         ore       0         
vchris    sum       0         lumber    0         brick     0         grain     0         wool      0         ore       0         
[ M ]     sum       95        lumber    19        brick     19        grain     19        wool      19        ore       19        
2017-02-12 16:32:12.556 INFO  model.players.Player 945 buildSettlementFORCE - KI (2): {23, 24, 29}
2017-02-12 16:32:12.645 DEBUG model.players.Player 62 printPlayer - model.players.Human@7e8a09db
id        2         color     RED       name      KI (2)    status    BUILD_STREET
vp        1         road      false     army      false     
dev       0         dice      2         
res       3         lumber    0         brick     0         grain     0         wool      0         ore       0         
dev       []
dev BLOCK []
Harbors   []
Roads          left      14        built     [{7, 12}]
Settlements    left      3         built     [{7, 12, 13}, {23, 24, 29}]
Cities         left      4         built     []
2017-02-12 16:32:12.645 DEBUG model.Management 42 printManagement - model.Management@2637abf2
KI (1)    sum       0         lumber    0         brick     0         grain     0         wool      0         ore       0         
KI (2)    sum       3         lumber    0         brick     0         grain     0         wool      0         ore       0         
KI (3)    sum       0         lumber    0         brick     0         grain     0         wool      0         ore       0         
vchris    sum       0         lumber    0         brick     0         grain     0         wool      0         ore       0         
[ M ]     sum       95        lumber    19        brick     19        grain     19        wool      19        ore       19        
2017-02-12 16:32:12.988 INFO  model.players.Player 979 buildStreetFORCE - KI (2): {23, 24}
2017-02-12 16:32:13.008 DEBUG model.players.Player 62 printPlayer - model.players.Human@7e8a09db
id        2         color     RED       name      KI (2)    status    WAIT      
vp        2         road      false     army      false     
dev       0         dice      2         
res       3         lumber    0         brick     0         grain     0         wool      0         ore       0         
dev       []
dev BLOCK []
Harbors   []
Roads          left      13        built     [{7, 12}, {23, 24}]
Settlements    left      3         built     [{7, 12, 13}, {23, 24, 29}]
Cities         left      4         built     []
2017-02-12 16:32:13.008 DEBUG model.Management 42 printManagement - model.Management@2637abf2
KI (1)    sum       0         lumber    0         brick     0         grain     0         wool      0         ore       0         
KI (2)    sum       3         lumber    0         brick     0         grain     0         wool      0         ore       0         
KI (3)    sum       0         lumber    0         brick     0         grain     0         wool      0         ore       0         
vchris    sum       0         lumber    0         brick     0         grain     0         wool      0         ore       0         
[ M ]     sum       95        lumber    19        brick     19        grain     19        wool      19        ore       19        
2017-02-12 16:32:13.078 DEBUG model.players.Player 62 printPlayer - model.players.Human@1069f0f2
id        4         color     WHITE     name      vchris    status    BUILD_SETTLEMENT
vp        1         road      false     army      false     
dev       0         dice      7         
res       0         lumber    0         brick     0         grain     0         wool      0         ore       0         
dev       []
dev BLOCK []
Harbors   []
Roads          left      14        built     [{18, 19}]
Settlements    left      4         built     [{12, 18, 19}]
Cities         left      4         built     []
2017-02-12 16:32:13.078 DEBUG model.Management 42 printManagement - model.Management@2637abf2
KI (1)    sum       0         lumber    0         brick     0         grain     0         wool      0         ore       0         
KI (2)    sum       3         lumber    0         brick     0         grain     0         wool      0         ore       0         
KI (3)    sum       0         lumber    0         brick     0         grain     0         wool      0         ore       0         
vchris    sum       0         lumber    0         brick     0         grain     0         wool      0         ore       0         
[ M ]     sum       95        lumber    19        brick     19        grain     19        wool      19        ore       19        
2017-02-12 16:32:13.079 DEBUG model.players.Player 233 setGrain - model.players.Human@1069f0f2 [ id: 4 ] old: 0, new: 0
2017-02-12 16:32:13.079 DEBUG model.players.Player 255 setWool - model.players.Human@1069f0f2 [ id: 4 ] old: 0, new: 0
2017-02-12 16:32:13.079 DEBUG model.players.Player 189 setLumber - model.players.Human@1069f0f2 [ id: 4 ] old: 0, new: 0
2017-02-12 16:32:13.079 DEBUG model.players.Player 167 setBrick - model.players.Human@1069f0f2 [ id: 4 ] old: 0, new: 0
2017-02-12 16:32:13.079 INFO  model.players.Player 892 getBuildableSettlements - start settlement 36
2017-02-12 16:32:13.079 DEBUG model.players.Player 211 setOre - model.players.Human@1069f0f2 [ id: 4 ] old: 0, new: 0
2017-02-12 16:32:13.079 INFO  model.players.Player 489 setKnightsDev - 0, 0 old and new value of knightDev Card. Knight card which is on the hand of ClientName: vchris
2017-02-12 16:32:13.080 INFO  model.players.Player 892 getBuildableSettlements - start settlement 36
2017-02-12 16:32:14.653 INFO  model.players.Player 892 getBuildableSettlements - start settlement 36
2017-02-12 16:32:14.690 INFO  model.players.Player 945 buildSettlementFORCE - vchris: {25, 30, 31}
2017-02-12 16:32:14.760 DEBUG model.players.Player 233 setGrain - model.players.Human@1069f0f2 [ id: 4 ] old: 0, new: 1
2017-02-12 16:32:14.761 DEBUG model.players.Player 255 setWool - model.players.Human@1069f0f2 [ id: 4 ] old: 0, new: 1
2017-02-12 16:32:14.761 DEBUG model.players.Player 211 setOre - model.players.Human@1069f0f2 [ id: 4 ] old: 0, new: 1
2017-02-12 16:32:14.779 DEBUG model.players.Player 62 printPlayer - model.players.Human@1069f0f2
id        4         color     WHITE     name      vchris    status    BUILD_STREET
vp        1         road      false     army      false     
dev       0         dice      7         
res       3         lumber    0         brick     0         grain     1         wool      1         ore       1         
dev       []
dev BLOCK []
Harbors   []
Roads          left      14        built     [{18, 19}]
Settlements    left      3         built     [{12, 18, 19}, {25, 30, 31}]
Cities         left      4         built     []
2017-02-12 16:32:14.780 DEBUG model.Management 42 printManagement - model.Management@2637abf2
KI (1)    sum       0         lumber    0         brick     0         grain     0         wool      0         ore       0         
KI (2)    sum       3         lumber    0         brick     0         grain     0         wool      0         ore       0         
KI (3)    sum       0         lumber    0         brick     0         grain     0         wool      0         ore       0         
vchris    sum       3         lumber    0         brick     0         grain     1         wool      1         ore       1         
[ M ]     sum       95        lumber    19        brick     19        grain     19        wool      19        ore       19        
2017-02-12 16:32:14.780 DEBUG model.players.Player 233 setGrain - model.players.Human@1069f0f2 [ id: 4 ] old: 1, new: 1
2017-02-12 16:32:14.780 DEBUG model.players.Player 255 setWool - model.players.Human@1069f0f2 [ id: 4 ] old: 1, new: 1
2017-02-12 16:32:14.780 DEBUG model.players.Player 189 setLumber - model.players.Human@1069f0f2 [ id: 4 ] old: 0, new: 0
2017-02-12 16:32:14.780 DEBUG model.players.Player 167 setBrick - model.players.Human@1069f0f2 [ id: 4 ] old: 0, new: 0
2017-02-12 16:32:14.780 DEBUG model.players.Player 211 setOre - model.players.Human@1069f0f2 [ id: 4 ] old: 1, new: 1
2017-02-12 16:32:14.780 INFO  model.players.Player 489 setKnightsDev - 0, 0 old and new value of knightDev Card. Knight card which is on the hand of ClientName: vchris
2017-02-12 16:32:15.486 INFO  model.players.Player 979 buildStreetFORCE - vchris: {25, 30}
2017-02-12 16:32:15.553 DEBUG model.players.Player 62 printPlayer - model.players.Human@1069f0f2
id        4         color     WHITE     name      vchris    status    WAIT      
vp        2         road      false     army      false     
dev       0         dice      7         
res       3         lumber    0         brick     0         grain     1         wool      1         ore       1         
dev       []
dev BLOCK []
Harbors   []
Roads          left      13        built     [{18, 19}, {25, 30}]
Settlements    left      3         built     [{12, 18, 19}, {25, 30, 31}]
Cities         left      4         built     []
2017-02-12 16:32:15.553 DEBUG model.Management 42 printManagement - model.Management@2637abf2
KI (1)    sum       0         lumber    0         brick     0         grain     0         wool      0         ore       0         
KI (2)    sum       3         lumber    0         brick     0         grain     0         wool      0         ore       0         
KI (3)    sum       0         lumber    0         brick     0         grain     0         wool      0         ore       0         
vchris    sum       3         lumber    0         brick     0         grain     1         wool      1         ore       1         
[ M ]     sum       95        lumber    19        brick     19        grain     19        wool      19        ore       19        
2017-02-12 16:32:15.553 DEBUG model.players.Player 233 setGrain - model.players.Human@1069f0f2 [ id: 4 ] old: 1, new: 1
2017-02-12 16:32:15.553 DEBUG model.players.Player 255 setWool - model.players.Human@1069f0f2 [ id: 4 ] old: 1, new: 1
2017-02-12 16:32:15.553 DEBUG model.players.Player 189 setLumber - model.players.Human@1069f0f2 [ id: 4 ] old: 0, new: 0
2017-02-12 16:32:15.553 DEBUG model.players.Player 167 setBrick - model.players.Human@1069f0f2 [ id: 4 ] old: 0, new: 0
2017-02-12 16:32:15.553 DEBUG model.players.Player 211 setOre - model.players.Human@1069f0f2 [ id: 4 ] old: 1, new: 1
2017-02-12 16:32:15.553 INFO  model.players.Player 489 setKnightsDev - 0, 0 old and new value of knightDev Card. Knight card which is on the hand of ClientName: vchris
2017-02-12 16:32:15.576 DEBUG model.players.Player 62 printPlayer - model.players.Human@1a919b82
id        3         color     ORANGE    name      KI (3)    status    BUILD_SETTLEMENT
vp        1         road      false     army      false     
dev       0         dice      8         
res       0         lumber    0         brick     0         grain     0         wool      0         ore       0         
dev       []
dev BLOCK []
Harbors   []
Roads          left      14        built     [{19, 26}]
Settlements    left      4         built     [{19, 25, 26}]
Cities         left      4         built     []
2017-02-12 16:32:15.576 DEBUG model.Management 42 printManagement - model.Management@2637abf2
KI (1)    sum       0         lumber    0         brick     0         grain     0         wool      0         ore       0         
KI (2)    sum       3         lumber    0         brick     0         grain     0         wool      0         ore       0         
KI (3)    sum       0         lumber    0         brick     0         grain     0         wool      0         ore       0         
vchris    sum       3         lumber    0         brick     0         grain     1         wool      1         ore       1         
[ M ]     sum       95        lumber    19        brick     19        grain     19        wool      19        ore       19        
2017-02-12 16:32:15.773 INFO  model.players.Player 945 buildSettlementFORCE - KI (3): {16, 17, 23}
2017-02-12 16:32:15.860 DEBUG model.players.Player 62 printPlayer - model.players.Human@1a919b82
id        3         color     ORANGE    name      KI (3)    status    BUILD_STREET
vp        1         road      false     army      false     
dev       0         dice      8         
res       3         lumber    0         brick     0         grain     0         wool      0         ore       0         
dev       []
dev BLOCK []
Harbors   []
Roads          left      14        built     [{19, 26}]
Settlements    left      3         built     [{19, 25, 26}, {16, 17, 23}]
Cities         left      4         built     []
2017-02-12 16:32:15.861 DEBUG model.Management 42 printManagement - model.Management@2637abf2
KI (1)    sum       0         lumber    0         brick     0         grain     0         wool      0         ore       0         
KI (2)    sum       3         lumber    0         brick     0         grain     0         wool      0         ore       0         
KI (3)    sum       3         lumber    0         brick     0         grain     0         wool      0         ore       0         
vchris    sum       3         lumber    0         brick     0         grain     1         wool      1         ore       1         
[ M ]     sum       95        lumber    19        brick     19        grain     19        wool      19        ore       19        
2017-02-12 16:32:16.197 INFO  model.players.Player 979 buildStreetFORCE - KI (3): {17, 23}
2017-02-12 16:32:16.215 DEBUG model.players.Player 62 printPlayer - model.players.Human@1a919b82
id        3         color     ORANGE    name      KI (3)    status    WAIT      
vp        2         road      false     army      false     
dev       0         dice      8         
res       3         lumber    0         brick     0         grain     0         wool      0         ore       0         
dev       []
dev BLOCK []
Harbors   []
Roads          left      13        built     [{19, 26}, {17, 23}]
Settlements    left      3         built     [{19, 25, 26}, {16, 17, 23}]
Cities         left      4         built     []
2017-02-12 16:32:16.216 DEBUG model.Management 42 printManagement - model.Management@2637abf2
KI (1)    sum       0         lumber    0         brick     0         grain     0         wool      0         ore       0         
KI (2)    sum       3         lumber    0         brick     0         grain     0         wool      0         ore       0         
KI (3)    sum       3         lumber    0         brick     0         grain     0         wool      0         ore       0         
vchris    sum       3         lumber    0         brick     0         grain     1         wool      1         ore       1         
[ M ]     sum       95        lumber    19        brick     19        grain     19        wool      19        ore       19        
2017-02-12 16:32:16.286 DEBUG model.players.Player 62 printPlayer - model.players.Human@1eae0c8f
id        1         color     BLUE      name      KI (1)    status    BUILD_SETTLEMENT
vp        1         road      false     army      false     
dev       0         dice      12        
res       0         lumber    0         brick     0         grain     0         wool      0         ore       0         
dev       []
dev BLOCK []
Harbors   []
Roads          left      14        built     [{10, 11}]
Settlements    left      4         built     [{10, 11, 17}]
Cities         left      4         built     []
2017-02-12 16:32:16.286 DEBUG model.Management 42 printManagement - model.Management@2637abf2
KI (1)    sum       0         lumber    0         brick     0         grain     0         wool      0         ore       0         
KI (2)    sum       3         lumber    0         brick     0         grain     0         wool      0         ore       0         
KI (3)    sum       3         lumber    0         brick     0         grain     0         wool      0         ore       0         
vchris    sum       3         lumber    0         brick     0         grain     1         wool      1         ore       1         
[ M ]     sum       95        lumber    19        brick     19        grain     19        wool      19        ore       19        
2017-02-12 16:32:16.471 INFO  model.players.Player 945 buildSettlementFORCE - KI (1): {18, 24, 25}
2017-02-12 16:32:16.560 DEBUG model.players.Player 62 printPlayer - model.players.Human@1eae0c8f
id        1         color     BLUE      name      KI (1)    status    BUILD_STREET
vp        1         road      false     army      false     
dev       0         dice      12        
res       3         lumber    0         brick     0         grain     0         wool      0         ore       0         
dev       []
dev BLOCK []
Harbors   []
Roads          left      14        built     [{10, 11}]
Settlements    left      3         built     [{10, 11, 17}, {18, 24, 25}]
Cities         left      4         built     []
2017-02-12 16:32:16.560 DEBUG model.Management 42 printManagement - model.Management@2637abf2
KI (1)    sum       3         lumber    0         brick     0         grain     0         wool      0         ore       0         
KI (2)    sum       3         lumber    0         brick     0         grain     0         wool      0         ore       0         
KI (3)    sum       3         lumber    0         brick     0         grain     0         wool      0         ore       0         
vchris    sum       3         lumber    0         brick     0         grain     1         wool      1         ore       1         
[ M ]     sum       95        lumber    19        brick     19        grain     19        wool      19        ore       19        
2017-02-12 16:32:16.906 INFO  model.players.Player 979 buildStreetFORCE - KI (1): {18, 25}
2017-02-12 16:32:16.923 DEBUG model.players.Player 62 printPlayer - model.players.Human@1eae0c8f
id        1         color     BLUE      name      KI (1)    status    ROLL_DICE 
vp        2         road      false     army      false     
dev       0         dice      12        
res       3         lumber    0         brick     0         grain     0         wool      0         ore       0         
dev       []
dev BLOCK []
Harbors   []
Roads          left      13        built     [{10, 11}, {18, 25}]
Settlements    left      3         built     [{10, 11, 17}, {18, 24, 25}]
Cities         left      4         built     []
2017-02-12 16:32:16.924 DEBUG model.Management 42 printManagement - model.Management@2637abf2
KI (1)    sum       3         lumber    0         brick     0         grain     0         wool      0         ore       0         
KI (2)    sum       3         lumber    0         brick     0         grain     0         wool      0         ore       0         
KI (3)    sum       3         lumber    0         brick     0         grain     0         wool      0         ore       0         
vchris    sum       3         lumber    0         brick     0         grain     1         wool      1         ore       1         
[ M ]     sum       95        lumber    19        brick     19        grain     19        wool      19        ore       19        
2017-02-12 16:32:17.251 DEBUG model.players.Player 189 setLumber - model.players.Human@1069f0f2 [ id: 4 ] old: 0, new: 1
2017-02-12 16:32:17.278 DEBUG model.players.Player 62 printPlayer - model.players.Human@1eae0c8f
id        1         color     BLUE      name      KI (1)    status    TRADE_OR_BUILD
vp        2         road      false     army      false     
dev       0         dice      6         
res       3         lumber    0         brick     0         grain     0         wool      0         ore       0         
dev       []
dev BLOCK []
Harbors   []
Roads          left      13        built     [{10, 11}, {18, 25}]
Settlements    left      3         built     [{10, 11, 17}, {18, 24, 25}]
Cities         left      4         built     []
2017-02-12 16:32:17.278 DEBUG model.Management 42 printManagement - model.Management@2637abf2
KI (1)    sum       3         lumber    0         brick     0         grain     0         wool      0         ore       0         
KI (2)    sum       5         lumber    0         brick     0         grain     0         wool      0         ore       0         
KI (3)    sum       3         lumber    0         brick     0         grain     0         wool      0         ore       0         
vchris    sum       4         lumber    1         brick     0         grain     1         wool      1         ore       1         
[ M ]     sum       95        lumber    19        brick     19        grain     19        wool      19        ore       19        
2017-02-12 16:32:17.816 DEBUG model.players.Player 62 printPlayer - model.players.Human@1eae0c8f
id        1         color     BLUE      name      KI (1)    status    WAIT      
vp        2         road      false     army      false     
dev       0         dice      6         
res       3         lumber    0         brick     0         grain     0         wool      0         ore       0         
dev       []
dev BLOCK []
Harbors   []
Roads          left      13        built     [{10, 11}, {18, 25}]
Settlements    left      3         built     [{10, 11, 17}, {18, 24, 25}]
Cities         left      4         built     []
2017-02-12 16:32:17.816 DEBUG model.Management 42 printManagement - model.Management@2637abf2
KI (1)    sum       3         lumber    0         brick     0         grain     0         wool      0         ore       0         
KI (2)    sum       5         lumber    0         brick     0         grain     0         wool      0         ore       0         
KI (3)    sum       3         lumber    0         brick     0         grain     0         wool      0         ore       0         
vchris    sum       4         lumber    1         brick     0         grain     1         wool      1         ore       1         
[ M ]     sum       95        lumber    19        brick     19        grain     19        wool      19        ore       19        
2017-02-12 16:32:17.833 DEBUG model.players.Player 62 printPlayer - model.players.Human@1a919b82
id        3         color     ORANGE    name      KI (3)    status    ROLL_DICE 
vp        2         road      false     army      false     
dev       0         dice      8         
res       3         lumber    0         brick     0         grain     0         wool      0         ore       0         
dev       []
dev BLOCK []
Harbors   []
Roads          left      13        built     [{19, 26}, {17, 23}]
Settlements    left      3         built     [{19, 25, 26}, {16, 17, 23}]
Cities         left      4         built     []
2017-02-12 16:32:17.833 DEBUG model.Management 42 printManagement - model.Management@2637abf2
KI (1)    sum       3         lumber    0         brick     0         grain     0         wool      0         ore       0         
KI (2)    sum       5         lumber    0         brick     0         grain     0         wool      0         ore       0         
KI (3)    sum       3         lumber    0         brick     0         grain     0         wool      0         ore       0         
vchris    sum       4         lumber    1         brick     0         grain     1         wool      1         ore       1         
[ M ]     sum       95        lumber    19        brick     19        grain     19        wool      19        ore       19        
2017-02-12 16:32:18.027 DEBUG model.players.Player 233 setGrain - model.players.Human@1069f0f2 [ id: 4 ] old: 1, new: 2
2017-02-12 16:32:18.094 DEBUG model.players.Player 62 printPlayer - model.players.Human@1a919b82
id        3         color     ORANGE    name      KI (3)    status    TRADE_OR_BUILD
vp        2         road      false     army      false     
dev       0         dice      4         
res       4         lumber    0         brick     0         grain     0         wool      0         ore       0         
dev       []
dev BLOCK []
Harbors   []
Roads          left      13        built     [{19, 26}, {17, 23}]
Settlements    left      3         built     [{19, 25, 26}, {16, 17, 23}]
Cities         left      4         built     []
2017-02-12 16:32:18.094 DEBUG model.Management 42 printManagement - model.Management@2637abf2
KI (1)    sum       4         lumber    0         brick     0         grain     0         wool      0         ore       0         
KI (2)    sum       5         lumber    0         brick     0         grain     0         wool      0         ore       0         
KI (3)    sum       4         lumber    0         brick     0         grain     0         wool      0         ore       0         
vchris    sum       5         lumber    1         brick     0         grain     2         wool      1         ore       1         
[ M ]     sum       95        lumber    19        brick     19        grain     19        wool      19        ore       19        
2017-02-12 16:32:18.588 DEBUG model.players.Player 62 printPlayer - model.players.Human@1a919b82
id        3         color     ORANGE    name      KI (3)    status    TRADE_OR_BUILD
vp        2         road      false     army      false     
dev       0         dice      4         
res       1         lumber    0         brick     0         grain     0         wool      0         ore       0         
dev       []
dev BLOCK []
Harbors   []
Roads          left      13        built     [{19, 26}, {17, 23}]
Settlements    left      3         built     [{19, 25, 26}, {16, 17, 23}]
Cities         left      4         built     []
2017-02-12 16:32:18.589 DEBUG model.Management 42 printManagement - model.Management@2637abf2
KI (1)    sum       4         lumber    0         brick     0         grain     0         wool      0         ore       0         
KI (2)    sum       5         lumber    0         brick     0         grain     0         wool      0         ore       0         
KI (3)    sum       1         lumber    0         brick     0         grain     0         wool      0         ore       0         
vchris    sum       5         lumber    1         brick     0         grain     2         wool      1         ore       1         
[ M ]     sum       95        lumber    19        brick     19        grain     19        wool      19        ore       19        
2017-02-12 16:32:18.916 DEBUG model.players.Player 62 printPlayer - model.players.Human@1a919b82
id        3         color     ORANGE    name      KI (3)    status    WAIT      
vp        2         road      false     army      false     
dev       1         dice      4         
res       1         lumber    0         brick     0         grain     0         wool      0         ore       0         
dev       []
dev BLOCK []
Harbors   []
Roads          left      13        built     [{19, 26}, {17, 23}]
Settlements    left      3         built     [{19, 25, 26}, {16, 17, 23}]
Cities         left      4         built     []
2017-02-12 16:32:18.916 DEBUG model.Management 42 printManagement - model.Management@2637abf2
KI (1)    sum       4         lumber    0         brick     0         grain     0         wool      0         ore       0         
KI (2)    sum       5         lumber    0         brick     0         grain     0         wool      0         ore       0         
KI (3)    sum       1         lumber    0         brick     0         grain     0         wool      0         ore       0         
vchris    sum       5         lumber    1         brick     0         grain     2         wool      1         ore       1         
[ M ]     sum       95        lumber    19        brick     19        grain     19        wool      19        ore       19        
2017-02-12 16:32:18.923 DEBUG model.players.Player 62 printPlayer - model.players.Human@1069f0f2
id        4         color     WHITE     name      vchris    status    ROLL_DICE 
vp        2         road      false     army      false     
dev       0         dice      7         
res       5         lumber    1         brick     0         grain     2         wool      1         ore       1         
dev       []
dev BLOCK []
Harbors   []
Roads          left      13        built     [{18, 19}, {25, 30}]
Settlements    left      3         built     [{12, 18, 19}, {25, 30, 31}]
Cities         left      4         built     []
2017-02-12 16:32:18.923 DEBUG model.Management 42 printManagement - model.Management@2637abf2
KI (1)    sum       4         lumber    0         brick     0         grain     0         wool      0         ore       0         
KI (2)    sum       5         lumber    0         brick     0         grain     0         wool      0         ore       0         
KI (3)    sum       1         lumber    0         brick     0         grain     0         wool      0         ore       0         
vchris    sum       5         lumber    1         brick     0         grain     2         wool      1         ore       1         
[ M ]     sum       95        lumber    19        brick     19        grain     19        wool      19        ore       19        
2017-02-12 16:32:18.924 DEBUG model.players.Player 233 setGrain - model.players.Human@1069f0f2 [ id: 4 ] old: 2, new: 2
2017-02-12 16:32:18.924 DEBUG model.players.Player 255 setWool - model.players.Human@1069f0f2 [ id: 4 ] old: 1, new: 1
2017-02-12 16:32:18.924 DEBUG model.players.Player 189 setLumber - model.players.Human@1069f0f2 [ id: 4 ] old: 1, new: 1
2017-02-12 16:32:18.924 DEBUG model.players.Player 167 setBrick - model.players.Human@1069f0f2 [ id: 4 ] old: 0, new: 0
2017-02-12 16:32:18.924 DEBUG model.players.Player 211 setOre - model.players.Human@1069f0f2 [ id: 4 ] old: 1, new: 1
2017-02-12 16:32:18.924 INFO  model.players.Player 489 setKnightsDev - 0, 0 old and new value of knightDev Card. Knight card which is on the hand of ClientName: vchris
2017-02-12 16:32:20.240 DEBUG model.players.Player 62 printPlayer - model.players.Human@1069f0f2
id        4         color     WHITE     name      vchris    status    TRADE_OR_BUILD
vp        2         road      false     army      false     
dev       0         dice      2         
res       5         lumber    1         brick     0         grain     2         wool      1         ore       1         
dev       []
dev BLOCK []
Harbors   []
Roads          left      13        built     [{18, 19}, {25, 30}]
Settlements    left      3         built     [{12, 18, 19}, {25, 30, 31}]
Cities         left      4         built     []
2017-02-12 16:32:20.241 DEBUG model.Management 42 printManagement - model.Management@2637abf2
KI (1)    sum       4         lumber    0         brick     0         grain     0         wool      0         ore       0         
KI (2)    sum       6         lumber    0         brick     0         grain     0         wool      0         ore       0         
KI (3)    sum       2         lumber    0         brick     0         grain     0         wool      0         ore       0         
vchris    sum       5         lumber    1         brick     0         grain     2         wool      1         ore       1         
[ M ]     sum       95        lumber    19        brick     19        grain     19        wool      19        ore       19        
2017-02-12 16:32:20.241 DEBUG model.players.Player 233 setGrain - model.players.Human@1069f0f2 [ id: 4 ] old: 2, new: 2
2017-02-12 16:32:20.241 DEBUG model.players.Player 255 setWool - model.players.Human@1069f0f2 [ id: 4 ] old: 1, new: 1
2017-02-12 16:32:20.241 DEBUG model.players.Player 189 setLumber - model.players.Human@1069f0f2 [ id: 4 ] old: 1, new: 1
2017-02-12 16:32:20.241 DEBUG model.players.Player 167 setBrick - model.players.Human@1069f0f2 [ id: 4 ] old: 0, new: 0
2017-02-12 16:32:20.241 DEBUG model.players.Player 211 setOre - model.players.Human@1069f0f2 [ id: 4 ] old: 1, new: 1
2017-02-12 16:32:20.241 INFO  model.players.Player 489 setKnightsDev - 0, 0 old and new value of knightDev Card. Knight card which is on the hand of ClientName: vchris
