2017-02-12 16:50:06.151 INFO  network.client.Client 93 connect - Socket[addr=ChrisMacBookPro2016/192.168.2.106,port=10003,localport=54446]
2017-02-12 16:50:06.156 INFO  network.client.Client 104 connect - Connected to ChrisMacBookPro2016, 10003
2017-02-12 16:50:06.171 INFO  network.client.Client 153 sendMsg - {"Hallo":{"Version":"JavaFXClient 1.0 (DichteFideleLurche)"}}
2017-02-12 16:50:06.172 INFO  network.client.Client 180 receiveMsg - {"Hallo":{"Protokoll":"1.0","Version":"Catan-Server (DichteFideleForste"}}
2017-02-12 16:50:06.173 INFO  network.client.ClientListener 504 myId - Human.
2017-02-12 16:50:06.183 INFO  network.client.Client 180 receiveMsg - {"Willkommen":{"id":4}}
2017-02-12 16:50:06.268 INFO  network.client.Client 180 receiveMsg - {"Statusupdate":{"Spieler":{"Status":"Spiel starten","Rittermacht":0,"Längste Handelsstraße":false,"Siegpunkte":0,"Rohstoffe":{"Getreide":0,"Wolle":0,"Holz":0,"Lehm":0,"Erz":0},"id":4,"Entwicklungskarten":{"Straßenbau":0,"Erfindung":0,"Monopol":0,"Ritter":0,"Siegpunkt":0},"Größte Rittermacht":false}}}
2017-02-12 16:50:06.276 INFO  network.client.Client 180 receiveMsg - {"Statusupdate":{"Spieler":{"Status":"Wartet auf Spielbeginn","Rittermacht":0,"Farbe":"Blau","Längste Handelsstraße":false,"Siegpunkte":0,"Rohstoffe":{"Unbekannt":0},"id":1,"Entwicklungskarten":{"Unbekannt":0},"Name":"KI (1)","Größte Rittermacht":false}}}
2017-02-12 16:50:06.360 INFO  network.client.Client 180 receiveMsg - {"Statusupdate":{"Spieler":{"Status":"Wartet auf Spielbeginn","Rittermacht":0,"Farbe":"Rot","Längste Handelsstraße":false,"Siegpunkte":0,"Rohstoffe":{"Unbekannt":0},"id":2,"Entwicklungskarten":{"Unbekannt":0},"Name":"KI (2)","Größte Rittermacht":false}}}
2017-02-12 16:50:06.365 INFO  network.client.Client 180 receiveMsg - {"Statusupdate":{"Spieler":{"Status":"Wartet auf Spielbeginn","Rittermacht":0,"Farbe":"Orange","Längste Handelsstraße":false,"Siegpunkte":0,"Rohstoffe":{"Unbekannt":0},"id":3,"Entwicklungskarten":{"Unbekannt":0},"Name":"KI (3)","Größte Rittermacht":false}}}
2017-02-12 16:50:12.554 INFO  network.client.Client 153 sendMsg - {"Spieler":{"Farbe":"Weiß","Name":"chris"}}
2017-02-12 16:50:12.555 INFO  network.client.Client 180 receiveMsg - {"Serverantwort":"OK"}
2017-02-12 16:50:12.559 INFO  network.client.Client 180 receiveMsg - {"Statusupdate":{"Spieler":{"Status":"Spiel starten","Rittermacht":0,"Farbe":"Weiß","Längste Handelsstraße":false,"Siegpunkte":0,"Rohstoffe":{"Getreide":0,"Wolle":0,"Holz":0,"Lehm":0,"Erz":0},"id":4,"Entwicklungskarten":{"Straßenbau":0,"Erfindung":0,"Monopol":0,"Ritter":0,"Siegpunkt":0},"Name":"chris","Größte Rittermacht":false}}}
2017-02-12 16:50:13.943 INFO  network.client.Client 153 sendMsg - {"Spiel starten":{}}
2017-02-12 16:50:13.946 INFO  network.client.Client 180 receiveMsg - {"Serverantwort":"OK"}
2017-02-12 16:50:13.950 INFO  network.client.Client 180 receiveMsg - {"Statusupdate":{"Spieler":{"Status":"Wartet auf Spielbeginn","Rittermacht":0,"Farbe":"Weiß","Längste Handelsstraße":false,"Siegpunkte":0,"Rohstoffe":{"Getreide":0,"Wolle":0,"Holz":0,"Lehm":0,"Erz":0},"id":4,"Entwicklungskarten":{"Straßenbau":0,"Erfindung":0,"Monopol":0,"Ritter":0,"Siegpunkt":0},"Name":"chris","Größte Rittermacht":false}}}
2017-02-12 16:50:14.036 INFO  network.client.Client 180 receiveMsg - {"Würfelwurf":{"Spieler":1,"Wurf":[3,3]}}
2017-02-12 16:50:14.047 INFO  network.Interpreter 328 axialToEdgeOrCorner - [{"x":-3,"y":2},{"x":-2,"y":1}]. {4, 10}
2017-02-12 16:50:14.048 INFO  network.Interpreter 328 axialToEdgeOrCorner - [{"x":2,"y":-2},{"x":3,"y":-3}]. {31, 36}
2017-02-12 16:50:14.049 INFO  network.Interpreter 328 axialToEdgeOrCorner - [{"x":-2,"y":3},{"x":-1,"y":2}]. {1, 6}
2017-02-12 16:50:14.049 INFO  network.Interpreter 328 axialToEdgeOrCorner - [{"x":1,"y":1},{"x":2,"y":1}]. {13, 14}
2017-02-12 16:50:14.049 INFO  network.Interpreter 328 axialToEdgeOrCorner - [{"x":-3,"y":0},{"x":-2,"y":0}]. {15, 16}
2017-02-12 16:50:14.050 INFO  network.Interpreter 328 axialToEdgeOrCorner - [{"x":2,"y":-1},{"x":3,"y":-1}]. {26, 27}
2017-02-12 16:50:14.050 INFO  network.Interpreter 328 axialToEdgeOrCorner - [{"x":-1,"y":-2},{"x":0,"y":-2}]. {28, 29}
2017-02-12 16:50:14.050 INFO  network.Interpreter 328 axialToEdgeOrCorner - [{"x":0,"y":-2},{"x":1,"y":-3}]. {29, 34}
2017-02-12 16:50:14.051 INFO  network.Interpreter 328 axialToEdgeOrCorner - [{"x":0,"y":3},{"x":0,"y":2}]. {3, 7}
2017-02-12 16:50:14.067 INFO  network.client.Client 180 receiveMsg - {"Spiel gestartet":{"Karte":{"Felder":[{"Ort":{"x":-3,"y":2},"Typ":"Meer"},{"Ort":{"x":2,"y":0},"Zahl":3,"Typ":"Wald"},{"Ort":{"x":3,"y":-3},"Typ":"Meer"},{"Ort":{"x":-2,"y":3},"Typ":"Meer"},{"Ort":{"x":-1,"y":0},"Zahl":3,"Typ":"Gebirge"},{"Ort":{"x":0,"y":-3},"Typ":"Meer"},{"Ort":{"x":2,"y":1},"Typ":"Meer"},{"Ort":{"x":-3,"y":1},"Typ":"Meer"},{"Ort":{"x":-1,"y":2},"Zahl":9,"Typ":"Weideland"},{"Ort":{"x":0,"y":2},"Zahl":10,"Typ":"Gebirge"},{"Ort":{"x":1,"y":2},"Typ":"Meer"},{"Ort":{"x":-2,"y":1},"Zahl":11,"Typ":"Wald"},{"Ort":{"x":2,"y":-2},"Typ":"Wüste"},{"Ort":{"x":-1,"y":1},"Zahl":6,"Typ":"Gebirge"},{"Ort":{"x":0,"y":1},"Zahl":5,"Typ":"Wald"},{"Ort":{"x":1,"y":1},"Zahl":8,"Typ":"Weideland"},{"Ort":{"x":-3,"y":0},"Typ":"Meer"},{"Ort":{"x":-2,"y":-1},"Typ":"Meer"},{"Ort":{"x":-1,"y":-1},"Zahl":8,"Typ":"Hügelland"},{"Ort":{"x":0,"y":-1},"Zahl":10,"Typ":"Hügelland"},{"Ort":{"x":1,"y":-1},"Zahl":9,"Typ":"Wald"},{"Ort":{"x":2,"y":-1},"Zahl":6,"Typ":"Ackerland"},{"Ort":{"x":3,"y":-1},"Typ":"Meer"},{"Ort":{"x":-1,"y":-2},"Typ":"Meer"},{"Ort":{"x":0,"y":-2},"Zahl":5,"Typ":"Ackerland"},{"Ort":{"x":1,"y":-2},"Zahl":2,"Typ":"Weideland"},{"Ort":{"x":-3,"y":3},"Typ":"Meer"},{"Ort":{"x":-2,"y":0},"Zahl":4,"Typ":"Weideland"},{"Ort":{"x":3,"y":-2},"Typ":"Meer"},{"Ort":{"x":-1,"y":3},"Typ":"Meer"},{"Ort":{"x":0,"y":0},"Zahl":11,"Typ":"Ackerland"},{"Ort":{"x":1,"y":-3},"Typ":"Meer"},{"Ort":{"x":0,"y":3},"Typ":"Meer"},{"Ort":{"x":1,"y":0},"Zahl":4,"Typ":"Hügelland"},{"Ort":{"x":2,"y":-3},"Typ":"Meer"},{"Ort":{"x":-2,"y":2},"Zahl":12,"Typ":"Ackerland"},{"Ort":{"x":3,"y":0},"Typ":"Meer"}],"Gebäude":[],"Häfen":[{"Ort":[{"x":-3,"y":2},{"x":-2,"y":1}],"Typ":"Hafen"},{"Ort":[{"x":2,"y":-2},{"x":3,"y":-3}],"Typ":"Erz Hafen"},{"Ort":[{"x":-2,"y":3},{"x":-1,"y":2}],"Typ":"Hafen"},{"Ort":[{"x":1,"y":1},{"x":2,"y":1}],"Typ":"Getreide Hafen"},{"Ort":[{"x":-3,"y":0},{"x":-2,"y":0}],"Typ":"Wolle Hafen"},{"Ort":[{"x":2,"y":-1},{"x":3,"y":-1}],"Typ":"Hafen"},{"Ort":[{"x":-1,"y":-2},{"x":0,"y":-2}],"Typ":"Holz Hafen"},{"Ort":[{"x":0,"y":-2},{"x":1,"y":-3}],"Typ":"Hafen"},{"Ort":[{"x":0,"y":3},{"x":0,"y":2}],"Typ":"Lehm Hafen"}],"Räuber":{"x":2,"y":-2}}}}
2017-02-12 16:50:17.058 INFO  network.client.Client 180 receiveMsg - {"Würfelwurf":{"Spieler":3,"Wurf":[2,6]}}
2017-02-12 16:50:17.058 INFO  network.client.Client 180 receiveMsg - {"Würfelwurf":{"Spieler":2,"Wurf":[5,3]}}
2017-02-12 16:50:17.144 INFO  network.client.Client 180 receiveMsg - {"Würfelwurf":{"Spieler":2,"Wurf":[5,5]}}
2017-02-12 16:50:17.144 INFO  network.client.Client 180 receiveMsg - {"Würfelwurf":{"Spieler":1,"Wurf":[4,4]}}
2017-02-12 16:50:17.230 INFO  network.client.Client 180 receiveMsg - {"Würfelwurf":{"Spieler":3,"Wurf":[5,5]}}
2017-02-12 16:50:17.232 INFO  network.client.Client 180 receiveMsg - {"Würfelwurf":{"Spieler":1,"Wurf":[5,4]}}
2017-02-12 16:50:17.315 INFO  network.client.Client 180 receiveMsg - {"Würfelwurf":{"Spieler":2,"Wurf":[5,3]}}
2017-02-12 16:50:17.317 INFO  network.client.Client 180 receiveMsg - {"Würfelwurf":{"Spieler":3,"Wurf":[3,3]}}
2017-02-12 16:50:17.403 INFO  network.client.Client 180 receiveMsg - {"Würfelwurf":{"Spieler":4,"Wurf":[5,6]}}
2017-02-12 16:50:17.410 INFO  network.client.Client 180 receiveMsg - {"Statusupdate":{"Spieler":{"Status":"Warten","Rittermacht":0,"Farbe":"Blau","Längste Handelsstraße":false,"Siegpunkte":0,"Rohstoffe":{"Unbekannt":0},"id":1,"Entwicklungskarten":{"Unbekannt":0},"Name":"KI (1)","Größte Rittermacht":false}}}
2017-02-12 16:50:17.493 INFO  network.client.Client 180 receiveMsg - {"Statusupdate":{"Spieler":{"Status":"Warten","Rittermacht":0,"Farbe":"Rot","Längste Handelsstraße":false,"Siegpunkte":0,"Rohstoffe":{"Unbekannt":0},"id":2,"Entwicklungskarten":{"Unbekannt":0},"Name":"KI (2)","Größte Rittermacht":false}}}
2017-02-12 16:50:17.501 INFO  network.client.Client 180 receiveMsg - {"Statusupdate":{"Spieler":{"Status":"Warten","Rittermacht":0,"Farbe":"Orange","Längste Handelsstraße":false,"Siegpunkte":0,"Rohstoffe":{"Unbekannt":0},"id":3,"Entwicklungskarten":{"Unbekannt":0},"Name":"KI (3)","Größte Rittermacht":false}}}
2017-02-12 16:50:17.584 INFO  network.client.Client 180 receiveMsg - {"Statusupdate":{"Spieler":{"Status":"Dorf bauen","Rittermacht":0,"Farbe":"Weiß","Längste Handelsstraße":false,"Siegpunkte":0,"Rohstoffe":{"Getreide":0,"Wolle":0,"Holz":0,"Lehm":0,"Erz":0},"id":4,"Entwicklungskarten":{"Straßenbau":0,"Erfindung":0,"Monopol":0,"Ritter":0,"Siegpunkt":0},"Name":"chris","Größte Rittermacht":false}}}
2017-02-12 16:50:29.972 INFO  network.client.Client 153 sendMsg - {"Bauen":{"Ort":[{"x":-1,"y":2},{"x":-1,"y":1},{"x":0,"y":1}],"Typ":"Dorf"}}
2017-02-12 16:50:29.977 INFO  network.client.Client 180 receiveMsg - {"Serverantwort":"OK"}
2017-02-12 16:50:29.997 INFO  network.Interpreter 328 axialToEdgeOrCorner - [{"x":-1,"y":2},{"x":-1,"y":1},{"x":0,"y":1}]. {6, 11, 12}
2017-02-12 16:50:29.998 INFO  network.Interpreter 328 axialToEdgeOrCorner - [{"x":-1,"y":2},{"x":-1,"y":1},{"x":0,"y":1}]. {6, 11, 12}
2017-02-12 16:50:29.998 INFO  network.client.ClientListener 1102 build - Dorf - [{"x":-1,"y":2},{"x":-1,"y":1},{"x":0,"y":1}] - {6, 11, 12}
2017-02-12 16:50:29.998 INFO  network.client.Client 180 receiveMsg - {"Bauvorgang":{"Gebäude":{"Ort":[{"x":-1,"y":2},{"x":-1,"y":1},{"x":0,"y":1}],"Eigentümer":4,"Typ":"Dorf"}}}
2017-02-12 16:50:30.073 INFO  network.client.Client 180 receiveMsg - {"Statusupdate":{"Spieler":{"Status":"Straße bauen","Rittermacht":0,"Farbe":"Weiß","Längste Handelsstraße":false,"Siegpunkte":1,"Rohstoffe":{"Getreide":0,"Wolle":0,"Holz":0,"Lehm":0,"Erz":0},"id":4,"Entwicklungskarten":{"Straßenbau":0,"Erfindung":0,"Monopol":0,"Ritter":0,"Siegpunkt":0},"Name":"chris","Größte Rittermacht":false}}}
2017-02-12 16:50:34.060 INFO  network.client.Client 153 sendMsg - {"Bauen":{"Ort":[{"x":-1,"y":2},{"x":0,"y":1}],"Typ":"Straße"}}
2017-02-12 16:50:34.062 INFO  network.client.Client 180 receiveMsg - {"Serverantwort":"OK"}
2017-02-12 16:50:34.082 INFO  network.Interpreter 328 axialToEdgeOrCorner - [{"x":-1,"y":2},{"x":0,"y":1}]. {6, 12}
2017-02-12 16:50:34.083 INFO  network.Interpreter 328 axialToEdgeOrCorner - [{"x":-1,"y":2},{"x":0,"y":1}]. {6, 12}
2017-02-12 16:50:34.083 INFO  network.client.ClientListener 1102 build - Straße - [{"x":-1,"y":2},{"x":0,"y":1}] - {6, 12}
2017-02-12 16:50:34.084 INFO  network.client.Client 180 receiveMsg - {"Bauvorgang":{"Gebäude":{"Ort":[{"x":-1,"y":2},{"x":0,"y":1}],"Eigentümer":4,"Typ":"Straße"}}}
2017-02-12 16:50:34.154 INFO  network.client.Client 180 receiveMsg - {"Statusupdate":{"Spieler":{"Status":"Warten","Rittermacht":0,"Farbe":"Weiß","Längste Handelsstraße":false,"Siegpunkte":1,"Rohstoffe":{"Getreide":0,"Wolle":0,"Holz":0,"Lehm":0,"Erz":0},"id":4,"Entwicklungskarten":{"Straßenbau":0,"Erfindung":0,"Monopol":0,"Ritter":0,"Siegpunkt":0},"Name":"chris","Größte Rittermacht":false}}}
2017-02-12 16:50:34.172 INFO  network.client.Client 180 receiveMsg - {"Statusupdate":{"Spieler":{"Status":"Dorf bauen","Rittermacht":0,"Farbe":"Blau","Längste Handelsstraße":false,"Siegpunkte":0,"Rohstoffe":{"Unbekannt":0},"id":1,"Entwicklungskarten":{"Unbekannt":0},"Name":"KI (1)","Größte Rittermacht":false}}}
2017-02-12 16:50:34.377 INFO  network.Interpreter 328 axialToEdgeOrCorner - [{"x":1,"y":0},{"x":2,"y":0},{"x":2,"y":-1}]. {19, 20, 26}
2017-02-12 16:50:34.378 INFO  network.Interpreter 328 axialToEdgeOrCorner - [{"x":1,"y":0},{"x":2,"y":0},{"x":2,"y":-1}]. {19, 20, 26}
2017-02-12 16:50:34.378 INFO  network.client.ClientListener 1102 build - Dorf - [{"x":1,"y":0},{"x":2,"y":0},{"x":2,"y":-1}] - {19, 20, 26}
2017-02-12 16:50:34.378 INFO  network.client.Client 180 receiveMsg - {"Bauvorgang":{"Gebäude":{"Ort":[{"x":1,"y":0},{"x":2,"y":0},{"x":2,"y":-1}],"Eigentümer":1,"Typ":"Dorf"}}}
2017-02-12 16:50:34.397 INFO  network.client.Client 180 receiveMsg - {"Statusupdate":{"Spieler":{"Status":"Straße bauen","Rittermacht":0,"Farbe":"Blau","Längste Handelsstraße":false,"Siegpunkte":1,"Rohstoffe":{"Unbekannt":0},"id":1,"Entwicklungskarten":{"Unbekannt":0},"Name":"KI (1)","Größte Rittermacht":false}}}
2017-02-12 16:50:34.732 INFO  network.Interpreter 328 axialToEdgeOrCorner - [{"x":2,"y":0},{"x":2,"y":-1}]. {20, 26}
2017-02-12 16:50:34.733 INFO  network.Interpreter 328 axialToEdgeOrCorner - [{"x":2,"y":0},{"x":2,"y":-1}]. {20, 26}
2017-02-12 16:50:34.733 INFO  network.client.ClientListener 1102 build - Straße - [{"x":2,"y":0},{"x":2,"y":-1}] - {20, 26}
2017-02-12 16:50:34.733 INFO  network.client.Client 180 receiveMsg - {"Bauvorgang":{"Gebäude":{"Ort":[{"x":2,"y":0},{"x":2,"y":-1}],"Eigentümer":1,"Typ":"Straße"}}}
2017-02-12 16:50:34.752 INFO  network.client.Client 180 receiveMsg - {"Statusupdate":{"Spieler":{"Status":"Warten","Rittermacht":0,"Farbe":"Blau","Längste Handelsstraße":false,"Siegpunkte":1,"Rohstoffe":{"Unbekannt":0},"id":1,"Entwicklungskarten":{"Unbekannt":0},"Name":"KI (1)","Größte Rittermacht":false}}}
2017-02-12 16:50:34.821 INFO  network.client.Client 180 receiveMsg - {"Statusupdate":{"Spieler":{"Status":"Dorf bauen","Rittermacht":0,"Farbe":"Rot","Längste Handelsstraße":false,"Siegpunkte":0,"Rohstoffe":{"Unbekannt":0},"id":2,"Entwicklungskarten":{"Unbekannt":0},"Name":"KI (2)","Größte Rittermacht":false}}}
2017-02-12 16:50:35.016 INFO  network.Interpreter 328 axialToEdgeOrCorner - [{"x":-2,"y":2},{"x":-2,"y":1},{"x":-1,"y":1}]. {5, 10, 11}
2017-02-12 16:50:35.017 INFO  network.Interpreter 328 axialToEdgeOrCorner - [{"x":-2,"y":2},{"x":-2,"y":1},{"x":-1,"y":1}]. {5, 10, 11}
2017-02-12 16:50:35.017 INFO  network.client.ClientListener 1102 build - Dorf - [{"x":-2,"y":2},{"x":-2,"y":1},{"x":-1,"y":1}] - {5, 10, 11}
2017-02-12 16:50:35.017 INFO  network.client.Client 180 receiveMsg - {"Bauvorgang":{"Gebäude":{"Ort":[{"x":-2,"y":2},{"x":-2,"y":1},{"x":-1,"y":1}],"Eigentümer":2,"Typ":"Dorf"}}}
2017-02-12 16:50:35.038 INFO  network.client.Client 180 receiveMsg - {"Statusupdate":{"Spieler":{"Status":"Straße bauen","Rittermacht":0,"Farbe":"Rot","Längste Handelsstraße":false,"Siegpunkte":1,"Rohstoffe":{"Unbekannt":0},"id":2,"Entwicklungskarten":{"Unbekannt":0},"Name":"KI (2)","Größte Rittermacht":false}}}
2017-02-12 16:50:35.364 INFO  network.Interpreter 328 axialToEdgeOrCorner - [{"x":-2,"y":2},{"x":-1,"y":1}]. {5, 11}
2017-02-12 16:50:35.364 INFO  network.Interpreter 328 axialToEdgeOrCorner - [{"x":-2,"y":2},{"x":-1,"y":1}]. {5, 11}
2017-02-12 16:50:35.364 INFO  network.client.ClientListener 1102 build - Straße - [{"x":-2,"y":2},{"x":-1,"y":1}] - {5, 11}
2017-02-12 16:50:35.364 INFO  network.client.Client 180 receiveMsg - {"Bauvorgang":{"Gebäude":{"Ort":[{"x":-2,"y":2},{"x":-1,"y":1}],"Eigentümer":2,"Typ":"Straße"}}}
2017-02-12 16:50:35.385 INFO  network.client.Client 180 receiveMsg - {"Statusupdate":{"Spieler":{"Status":"Warten","Rittermacht":0,"Farbe":"Rot","Längste Handelsstraße":false,"Siegpunkte":1,"Rohstoffe":{"Unbekannt":0},"id":2,"Entwicklungskarten":{"Unbekannt":0},"Name":"KI (2)","Größte Rittermacht":false}}}
2017-02-12 16:50:35.453 INFO  network.client.Client 180 receiveMsg - {"Statusupdate":{"Spieler":{"Status":"Dorf bauen","Rittermacht":0,"Farbe":"Orange","Längste Handelsstraße":false,"Siegpunkte":0,"Rohstoffe":{"Unbekannt":0},"id":3,"Entwicklungskarten":{"Unbekannt":0},"Name":"KI (3)","Größte Rittermacht":false}}}
2017-02-12 16:50:35.656 INFO  network.Interpreter 328 axialToEdgeOrCorner - [{"x":0,"y":1},{"x":1,"y":1},{"x":1,"y":0}]. {12, 13, 19}
2017-02-12 16:50:35.656 INFO  network.Interpreter 328 axialToEdgeOrCorner - [{"x":0,"y":1},{"x":1,"y":1},{"x":1,"y":0}]. {12, 13, 19}
2017-02-12 16:50:35.656 INFO  network.client.ClientListener 1102 build - Dorf - [{"x":0,"y":1},{"x":1,"y":1},{"x":1,"y":0}] - {12, 13, 19}
2017-02-12 16:50:35.657 INFO  network.client.Client 180 receiveMsg - {"Bauvorgang":{"Gebäude":{"Ort":[{"x":0,"y":1},{"x":1,"y":1},{"x":1,"y":0}],"Eigentümer":3,"Typ":"Dorf"}}}
2017-02-12 16:50:35.677 INFO  network.client.Client 180 receiveMsg - {"Statusupdate":{"Spieler":{"Status":"Straße bauen","Rittermacht":0,"Farbe":"Orange","Längste Handelsstraße":false,"Siegpunkte":1,"Rohstoffe":{"Unbekannt":0},"id":3,"Entwicklungskarten":{"Unbekannt":0},"Name":"KI (3)","Größte Rittermacht":false}}}
2017-02-12 16:50:36.006 INFO  network.Interpreter 328 axialToEdgeOrCorner - [{"x":1,"y":1},{"x":1,"y":0}]. {13, 19}
2017-02-12 16:50:36.006 INFO  network.Interpreter 328 axialToEdgeOrCorner - [{"x":1,"y":1},{"x":1,"y":0}]. {13, 19}
2017-02-12 16:50:36.007 INFO  network.client.ClientListener 1102 build - Straße - [{"x":1,"y":1},{"x":1,"y":0}] - {13, 19}
2017-02-12 16:50:36.007 INFO  network.client.Client 180 receiveMsg - {"Bauvorgang":{"Gebäude":{"Ort":[{"x":1,"y":1},{"x":1,"y":0}],"Eigentümer":3,"Typ":"Straße"}}}
2017-02-12 16:50:36.028 INFO  network.client.Client 180 receiveMsg - {"Statusupdate":{"Spieler":{"Status":"Dorf bauen","Rittermacht":0,"Farbe":"Orange","Längste Handelsstraße":false,"Siegpunkte":1,"Rohstoffe":{"Unbekannt":0},"id":3,"Entwicklungskarten":{"Unbekannt":0},"Name":"KI (3)","Größte Rittermacht":false}}}
2017-02-12 16:50:36.372 INFO  network.Interpreter 328 axialToEdgeOrCorner - [{"x":-1,"y":0},{"x":0,"y":0},{"x":0,"y":-1}]. {17, 18, 24}
2017-02-12 16:50:36.372 INFO  network.Interpreter 328 axialToEdgeOrCorner - [{"x":-1,"y":0},{"x":0,"y":0},{"x":0,"y":-1}]. {17, 18, 24}
2017-02-12 16:50:36.372 INFO  network.client.ClientListener 1102 build - Dorf - [{"x":-1,"y":0},{"x":0,"y":0},{"x":0,"y":-1}] - {17, 18, 24}
2017-02-12 16:50:36.373 INFO  network.client.Client 180 receiveMsg - {"Bauvorgang":{"Gebäude":{"Ort":[{"x":-1,"y":0},{"x":0,"y":0},{"x":0,"y":-1}],"Eigentümer":3,"Typ":"Dorf"}}}
2017-02-12 16:50:36.398 INFO  network.client.Client 180 receiveMsg - {"Ertrag":{"Rohstoffe":{"Getreide":1,"Lehm":1,"Erz":1},"Spieler":3}}
2017-02-12 16:50:36.462 INFO  network.client.Client 180 receiveMsg - {"Statusupdate":{"Spieler":{"Status":"Straße bauen","Rittermacht":0,"Farbe":"Orange","Längste Handelsstraße":false,"Siegpunkte":2,"Rohstoffe":{"Unbekannt":3},"id":3,"Entwicklungskarten":{"Unbekannt":0},"Name":"KI (3)","Größte Rittermacht":false}}}
2017-02-12 16:50:36.810 INFO  network.Interpreter 328 axialToEdgeOrCorner - [{"x":-1,"y":0},{"x":0,"y":-1}]. {17, 24}
2017-02-12 16:50:36.811 INFO  network.Interpreter 328 axialToEdgeOrCorner - [{"x":-1,"y":0},{"x":0,"y":-1}]. {17, 24}
2017-02-12 16:50:36.811 INFO  network.client.ClientListener 1102 build - Straße - [{"x":-1,"y":0},{"x":0,"y":-1}] - {17, 24}
2017-02-12 16:50:36.811 INFO  network.client.Client 180 receiveMsg - {"Bauvorgang":{"Gebäude":{"Ort":[{"x":-1,"y":0},{"x":0,"y":-1}],"Eigentümer":3,"Typ":"Straße"}}}
2017-02-12 16:50:36.831 INFO  network.client.Client 180 receiveMsg - {"Statusupdate":{"Spieler":{"Status":"Warten","Rittermacht":0,"Farbe":"Orange","Längste Handelsstraße":false,"Siegpunkte":2,"Rohstoffe":{"Unbekannt":3},"id":3,"Entwicklungskarten":{"Unbekannt":0},"Name":"KI (3)","Größte Rittermacht":false}}}
2017-02-12 16:50:36.900 INFO  network.client.Client 180 receiveMsg - {"Statusupdate":{"Spieler":{"Status":"Dorf bauen","Rittermacht":0,"Farbe":"Rot","Längste Handelsstraße":false,"Siegpunkte":1,"Rohstoffe":{"Unbekannt":0},"id":2,"Entwicklungskarten":{"Unbekannt":0},"Name":"KI (2)","Größte Rittermacht":false}}}
2017-02-12 16:50:37.088 INFO  network.Interpreter 328 axialToEdgeOrCorner - [{"x":-2,"y":0},{"x":-1,"y":0},{"x":-1,"y":-1}]. {16, 17, 23}
2017-02-12 16:50:37.088 INFO  network.Interpreter 328 axialToEdgeOrCorner - [{"x":-2,"y":0},{"x":-1,"y":0},{"x":-1,"y":-1}]. {16, 17, 23}
2017-02-12 16:50:37.088 INFO  network.client.ClientListener 1102 build - Dorf - [{"x":-2,"y":0},{"x":-1,"y":0},{"x":-1,"y":-1}] - {16, 17, 23}
2017-02-12 16:50:37.088 INFO  network.client.Client 180 receiveMsg - {"Bauvorgang":{"Gebäude":{"Ort":[{"x":-2,"y":0},{"x":-1,"y":0},{"x":-1,"y":-1}],"Eigentümer":2,"Typ":"Dorf"}}}
2017-02-12 16:50:37.112 INFO  network.client.Client 180 receiveMsg - {"Ertrag":{"Rohstoffe":{"Wolle":1,"Lehm":1,"Erz":1},"Spieler":2}}
2017-02-12 16:50:37.177 INFO  network.client.Client 180 receiveMsg - {"Statusupdate":{"Spieler":{"Status":"Straße bauen","Rittermacht":0,"Farbe":"Rot","Längste Handelsstraße":false,"Siegpunkte":2,"Rohstoffe":{"Unbekannt":3},"id":2,"Entwicklungskarten":{"Unbekannt":0},"Name":"KI (2)","Größte Rittermacht":false}}}
2017-02-12 16:50:37.524 INFO  network.Interpreter 328 axialToEdgeOrCorner - [{"x":-2,"y":0},{"x":-1,"y":0}]. {16, 17}
2017-02-12 16:50:37.524 INFO  network.Interpreter 328 axialToEdgeOrCorner - [{"x":-2,"y":0},{"x":-1,"y":0}]. {16, 17}
2017-02-12 16:50:37.524 INFO  network.client.ClientListener 1102 build - Straße - [{"x":-2,"y":0},{"x":-1,"y":0}] - {16, 17}
2017-02-12 16:50:37.524 INFO  network.client.Client 180 receiveMsg - {"Bauvorgang":{"Gebäude":{"Ort":[{"x":-2,"y":0},{"x":-1,"y":0}],"Eigentümer":2,"Typ":"Straße"}}}
2017-02-12 16:50:37.545 INFO  network.client.Client 180 receiveMsg - {"Statusupdate":{"Spieler":{"Status":"Warten","Rittermacht":0,"Farbe":"Rot","Längste Handelsstraße":false,"Siegpunkte":2,"Rohstoffe":{"Unbekannt":3},"id":2,"Entwicklungskarten":{"Unbekannt":0},"Name":"KI (2)","Größte Rittermacht":false}}}
2017-02-12 16:50:37.612 INFO  network.client.Client 180 receiveMsg - {"Statusupdate":{"Spieler":{"Status":"Dorf bauen","Rittermacht":0,"Farbe":"Blau","Längste Handelsstraße":false,"Siegpunkte":1,"Rohstoffe":{"Unbekannt":0},"id":1,"Entwicklungskarten":{"Unbekannt":0},"Name":"KI (1)","Größte Rittermacht":false}}}
2017-02-12 16:50:37.798 INFO  network.Interpreter 328 axialToEdgeOrCorner - [{"x":0,"y":-1},{"x":1,"y":-1},{"x":1,"y":-2}]. {24, 25, 30}
2017-02-12 16:50:37.798 INFO  network.Interpreter 328 axialToEdgeOrCorner - [{"x":0,"y":-1},{"x":1,"y":-1},{"x":1,"y":-2}]. {24, 25, 30}
2017-02-12 16:50:37.798 INFO  network.client.ClientListener 1102 build - Dorf - [{"x":0,"y":-1},{"x":1,"y":-1},{"x":1,"y":-2}] - {24, 25, 30}
2017-02-12 16:50:37.799 INFO  network.client.Client 180 receiveMsg - {"Bauvorgang":{"Gebäude":{"Ort":[{"x":0,"y":-1},{"x":1,"y":-1},{"x":1,"y":-2}],"Eigentümer":1,"Typ":"Dorf"}}}
2017-02-12 16:50:37.821 INFO  network.client.Client 180 receiveMsg - {"Ertrag":{"Rohstoffe":{"Wolle":1,"Holz":1,"Lehm":1},"Spieler":1}}
2017-02-12 16:50:37.887 INFO  network.client.Client 180 receiveMsg - {"Statusupdate":{"Spieler":{"Status":"Straße bauen","Rittermacht":0,"Farbe":"Blau","Längste Handelsstraße":false,"Siegpunkte":2,"Rohstoffe":{"Unbekannt":3},"id":1,"Entwicklungskarten":{"Unbekannt":0},"Name":"KI (1)","Größte Rittermacht":false}}}
2017-02-12 16:50:38.239 INFO  network.Interpreter 328 axialToEdgeOrCorner - [{"x":0,"y":-1},{"x":1,"y":-1}]. {24, 25}
2017-02-12 16:50:38.239 INFO  network.Interpreter 328 axialToEdgeOrCorner - [{"x":0,"y":-1},{"x":1,"y":-1}]. {24, 25}
2017-02-12 16:50:38.239 INFO  network.client.ClientListener 1102 build - Straße - [{"x":0,"y":-1},{"x":1,"y":-1}] - {24, 25}
2017-02-12 16:50:38.240 INFO  network.client.Client 180 receiveMsg - {"Bauvorgang":{"Gebäude":{"Ort":[{"x":0,"y":-1},{"x":1,"y":-1}],"Eigentümer":1,"Typ":"Straße"}}}
2017-02-12 16:50:38.260 INFO  network.client.Client 180 receiveMsg - {"Statusupdate":{"Spieler":{"Status":"Warten","Rittermacht":0,"Farbe":"Blau","Längste Handelsstraße":false,"Siegpunkte":2,"Rohstoffe":{"Unbekannt":3},"id":1,"Entwicklungskarten":{"Unbekannt":0},"Name":"KI (1)","Größte Rittermacht":false}}}
2017-02-12 16:50:38.332 INFO  network.client.Client 180 receiveMsg - {"Statusupdate":{"Spieler":{"Status":"Dorf bauen","Rittermacht":0,"Farbe":"Weiß","Längste Handelsstraße":false,"Siegpunkte":1,"Rohstoffe":{"Getreide":0,"Wolle":0,"Holz":0,"Lehm":0,"Erz":0},"id":4,"Entwicklungskarten":{"Straßenbau":0,"Erfindung":0,"Monopol":0,"Ritter":0,"Siegpunkt":0},"Name":"chris","Größte Rittermacht":false}}}
2017-02-12 16:50:40.352 INFO  network.client.Client 153 sendMsg - {"Bauen":{"Ort":[{"x":-1,"y":-1},{"x":0,"y":-1},{"x":0,"y":-2}],"Typ":"Dorf"}}
2017-02-12 16:50:40.354 INFO  network.client.Client 180 receiveMsg - {"Serverantwort":"OK"}
2017-02-12 16:50:40.373 INFO  network.Interpreter 328 axialToEdgeOrCorner - [{"x":-1,"y":-1},{"x":0,"y":-1},{"x":0,"y":-2}]. {23, 24, 29}
2017-02-12 16:50:40.374 INFO  network.Interpreter 328 axialToEdgeOrCorner - [{"x":-1,"y":-1},{"x":0,"y":-1},{"x":0,"y":-2}]. {23, 24, 29}
2017-02-12 16:50:40.374 INFO  network.client.ClientListener 1102 build - Dorf - [{"x":-1,"y":-1},{"x":0,"y":-1},{"x":0,"y":-2}] - {23, 24, 29}
2017-02-12 16:50:40.374 INFO  network.client.Client 180 receiveMsg - {"Bauvorgang":{"Gebäude":{"Ort":[{"x":-1,"y":-1},{"x":0,"y":-1},{"x":0,"y":-2}],"Eigentümer":4,"Typ":"Dorf"}}}
2017-02-12 16:50:40.446 INFO  network.client.Client 180 receiveMsg - {"Ertrag":{"Rohstoffe":{"Getreide":1,"Lehm":2},"Spieler":4}}
2017-02-12 16:50:40.462 INFO  network.client.Client 180 receiveMsg - {"Statusupdate":{"Spieler":{"Status":"Straße bauen","Rittermacht":0,"Farbe":"Weiß","Längste Handelsstraße":false,"Siegpunkte":2,"Rohstoffe":{"Getreide":1,"Wolle":0,"Holz":0,"Lehm":2,"Erz":0},"id":4,"Entwicklungskarten":{"Straßenbau":0,"Erfindung":0,"Monopol":0,"Ritter":0,"Siegpunkt":0},"Name":"chris","Größte Rittermacht":false}}}
2017-02-12 16:50:41.389 INFO  network.client.Client 153 sendMsg - {"Bauen":{"Ort":[{"x":-1,"y":-1},{"x":0,"y":-2}],"Typ":"Straße"}}
2017-02-12 16:50:41.391 INFO  network.client.Client 180 receiveMsg - {"Serverantwort":"OK"}
2017-02-12 16:50:41.408 INFO  network.Interpreter 328 axialToEdgeOrCorner - [{"x":-1,"y":-1},{"x":0,"y":-2}]. {23, 29}
2017-02-12 16:50:41.409 INFO  network.Interpreter 328 axialToEdgeOrCorner - [{"x":-1,"y":-1},{"x":0,"y":-2}]. {23, 29}
2017-02-12 16:50:41.409 INFO  network.client.ClientListener 1102 build - Straße - [{"x":-1,"y":-1},{"x":0,"y":-2}] - {23, 29}
2017-02-12 16:50:41.409 INFO  network.client.Client 180 receiveMsg - {"Bauvorgang":{"Gebäude":{"Ort":[{"x":-1,"y":-1},{"x":0,"y":-2}],"Eigentümer":4,"Typ":"Straße"}}}
2017-02-12 16:50:41.482 INFO  network.client.Client 180 receiveMsg - {"Statusupdate":{"Spieler":{"Status":"Würfeln","Rittermacht":0,"Farbe":"Weiß","Längste Handelsstraße":false,"Siegpunkte":2,"Rohstoffe":{"Getreide":1,"Wolle":0,"Holz":0,"Lehm":2,"Erz":0},"id":4,"Entwicklungskarten":{"Straßenbau":0,"Erfindung":0,"Monopol":0,"Ritter":0,"Siegpunkt":0},"Name":"chris","Größte Rittermacht":false}}}
2017-02-12 16:50:43.570 INFO  network.client.Client 153 sendMsg - {"Würfeln":{}}
2017-02-12 16:50:43.571 INFO  network.client.Client 180 receiveMsg - {"Serverantwort":"OK"}
2017-02-12 16:50:43.588 INFO  network.client.Client 180 receiveMsg - {"Würfelwurf":{"Spieler":4,"Wurf":[6,2]}}
2017-02-12 16:50:43.661 INFO  network.client.Client 180 receiveMsg - {"Ertrag":{"Rohstoffe":{"Wolle":1},"Spieler":3}}
2017-02-12 16:50:43.677 INFO  network.client.Client 180 receiveMsg - {"Ertrag":{"Rohstoffe":{"Lehm":1},"Spieler":4}}
2017-02-12 16:50:43.748 INFO  network.client.Client 180 receiveMsg - {"Ertrag":{"Rohstoffe":{"Lehm":1},"Spieler":2}}
2017-02-12 16:50:43.767 INFO  network.client.Client 180 receiveMsg - {"Statusupdate":{"Spieler":{"Status":"Handeln oder Bauen","Rittermacht":0,"Farbe":"Weiß","Längste Handelsstraße":false,"Siegpunkte":2,"Rohstoffe":{"Getreide":1,"Wolle":0,"Holz":0,"Lehm":3,"Erz":0},"id":4,"Entwicklungskarten":{"Straßenbau":0,"Erfindung":0,"Monopol":0,"Ritter":0,"Siegpunkt":0},"Name":"chris","Größte Rittermacht":false}}}
2017-02-12 16:50:54.089 INFO  network.client.Client 153 sendMsg - {"Zug beenden":{}}
2017-02-12 16:50:54.092 INFO  network.client.Client 180 receiveMsg - {"Statusupdate":{"Spieler":{"Status":"Warten","Rittermacht":0,"Farbe":"Weiß","Längste Handelsstraße":false,"Siegpunkte":2,"Rohstoffe":{"Getreide":1,"Wolle":0,"Holz":0,"Lehm":3,"Erz":0},"id":4,"Entwicklungskarten":{"Straßenbau":0,"Erfindung":0,"Monopol":0,"Ritter":0,"Siegpunkt":0},"Name":"chris","Größte Rittermacht":false}}}
2017-02-12 16:50:54.123 INFO  network.client.Client 180 receiveMsg - {"Statusupdate":{"Spieler":{"Status":"Würfeln","Rittermacht":0,"Farbe":"Blau","Längste Handelsstraße":false,"Siegpunkte":2,"Rohstoffe":{"Unbekannt":3},"id":1,"Entwicklungskarten":{"Unbekannt":0},"Name":"KI (1)","Größte Rittermacht":false}}}
2017-02-12 16:50:54.193 INFO  network.client.Client 180 receiveMsg - {"Würfelwurf":{"Spieler":1,"Wurf":[5,3]}}
2017-02-12 16:50:54.216 INFO  network.client.Client 180 receiveMsg - {"Ertrag":{"Rohstoffe":{"Wolle":1},"Spieler":3}}
2017-02-12 16:50:54.281 INFO  network.client.Client 180 receiveMsg - {"Ertrag":{"Rohstoffe":{"Lehm":1},"Spieler":4}}
2017-02-12 16:50:54.306 INFO  network.client.Client 180 receiveMsg - {"Ertrag":{"Rohstoffe":{"Lehm":1},"Spieler":2}}
2017-02-12 16:50:54.370 INFO  network.client.Client 180 receiveMsg - {"Statusupdate":{"Spieler":{"Status":"Handeln oder Bauen","Rittermacht":0,"Farbe":"Blau","Längste Handelsstraße":false,"Siegpunkte":2,"Rohstoffe":{"Unbekannt":3},"id":1,"Entwicklungskarten":{"Unbekannt":0},"Name":"KI (1)","Größte Rittermacht":false}}}
2017-02-12 16:50:54.899 INFO  network.Interpreter 328 axialToEdgeOrCorner - [{"x":1,"y":0},{"x":2,"y":0}]. {19, 20}
2017-02-12 16:50:54.899 INFO  network.Interpreter 328 axialToEdgeOrCorner - [{"x":1,"y":0},{"x":2,"y":0}]. {19, 20}
2017-02-12 16:50:54.899 INFO  network.client.ClientListener 1102 build - Straße - [{"x":1,"y":0},{"x":2,"y":0}] - {19, 20}
2017-02-12 16:50:54.899 INFO  network.client.Client 180 receiveMsg - {"Bauvorgang":{"Gebäude":{"Ort":[{"x":1,"y":0},{"x":2,"y":0}],"Eigentümer":1,"Typ":"Straße"}}}
2017-02-12 16:50:54.916 INFO  network.client.Client 180 receiveMsg - {"Kosten":{"Rohstoffe":{"Unbekannt":2},"Spieler":1}}
2017-02-12 16:50:54.987 INFO  network.client.Client 180 receiveMsg - {"Statusupdate":{"Spieler":{"Status":"Handeln oder Bauen","Rittermacht":0,"Farbe":"Blau","Längste Handelsstraße":false,"Siegpunkte":2,"Rohstoffe":{"Unbekannt":1},"id":1,"Entwicklungskarten":{"Unbekannt":0},"Name":"KI (1)","Größte Rittermacht":false}}}
2017-02-12 16:50:55.394 INFO  network.client.Client 180 receiveMsg - {"Statusupdate":{"Spieler":{"Status":"Warten","Rittermacht":0,"Farbe":"Blau","Längste Handelsstraße":false,"Siegpunkte":2,"Rohstoffe":{"Unbekannt":1},"id":1,"Entwicklungskarten":{"Unbekannt":0},"Name":"KI (1)","Größte Rittermacht":false}}}
2017-02-12 16:50:55.414 INFO  network.client.Client 180 receiveMsg - {"Statusupdate":{"Spieler":{"Status":"Würfeln","Rittermacht":0,"Farbe":"Rot","Längste Handelsstraße":false,"Siegpunkte":2,"Rohstoffe":{"Unbekannt":5},"id":2,"Entwicklungskarten":{"Unbekannt":0},"Name":"KI (2)","Größte Rittermacht":false}}}
2017-02-12 16:50:55.485 INFO  network.client.Client 180 receiveMsg - {"Würfelwurf":{"Spieler":2,"Wurf":[2,5]}}
2017-02-12 16:50:55.504 INFO  network.client.Client 180 receiveMsg - {"Statusupdate":{"Spieler":{"Status":"Warten","Rittermacht":0,"Farbe":"Blau","Längste Handelsstraße":false,"Siegpunkte":2,"Rohstoffe":{"Unbekannt":1},"id":1,"Entwicklungskarten":{"Unbekannt":0},"Name":"KI (1)","Größte Rittermacht":false}}}
2017-02-12 16:50:55.575 INFO  network.client.Client 180 receiveMsg - {"Statusupdate":{"Spieler":{"Status":"Warten","Rittermacht":0,"Farbe":"Rot","Längste Handelsstraße":false,"Siegpunkte":2,"Rohstoffe":{"Unbekannt":5},"id":2,"Entwicklungskarten":{"Unbekannt":0},"Name":"KI (2)","Größte Rittermacht":false}}}
2017-02-12 16:50:55.593 INFO  network.client.Client 180 receiveMsg - {"Statusupdate":{"Spieler":{"Status":"Warten","Rittermacht":0,"Farbe":"Orange","Längste Handelsstraße":false,"Siegpunkte":2,"Rohstoffe":{"Unbekannt":5},"id":3,"Entwicklungskarten":{"Unbekannt":0},"Name":"KI (3)","Größte Rittermacht":false}}}
2017-02-12 16:50:55.666 INFO  network.client.Client 180 receiveMsg - {"Statusupdate":{"Spieler":{"Status":"Warten","Rittermacht":0,"Farbe":"Weiß","Längste Handelsstraße":false,"Siegpunkte":2,"Rohstoffe":{"Getreide":1,"Wolle":0,"Holz":0,"Lehm":4,"Erz":0},"id":4,"Entwicklungskarten":{"Straßenbau":0,"Erfindung":0,"Monopol":0,"Ritter":0,"Siegpunkt":0},"Name":"chris","Größte Rittermacht":false}}}
2017-02-12 16:50:55.682 INFO  network.client.Client 180 receiveMsg - {"Statusupdate":{"Spieler":{"Status":"Räuber versetzen","Rittermacht":0,"Farbe":"Rot","Längste Handelsstraße":false,"Siegpunkte":2,"Rohstoffe":{"Unbekannt":5},"id":2,"Entwicklungskarten":{"Unbekannt":0},"Name":"KI (2)","Größte Rittermacht":false}}}
2017-02-12 16:50:56.132 INFO  network.client.Client 180 receiveMsg - {"Kosten":{"Rohstoffe":{"Lehm":1},"Spieler":4}}
2017-02-12 16:50:56.163 INFO  network.client.Client 180 receiveMsg - {"Ertrag":{"Rohstoffe":{"Unbekannt":1},"Spieler":2}}
2017-02-12 16:50:56.218 INFO  network.client.Client 180 receiveMsg - {"Räuber versetzt":{"Ort":{"x":0,"y":-1},"Spieler":2,"Ziel":4}}
2017-02-12 16:50:56.249 INFO  network.client.Client 180 receiveMsg - {"Statusupdate":{"Spieler":{"Status":"Handeln oder Bauen","Rittermacht":0,"Farbe":"Rot","Längste Handelsstraße":false,"Siegpunkte":2,"Rohstoffe":{"Unbekannt":6},"id":2,"Entwicklungskarten":{"Unbekannt":0},"Name":"KI (2)","Größte Rittermacht":false}}}
2017-02-12 16:50:56.726 INFO  network.client.Client 180 receiveMsg - {"Statusupdate":{"Spieler":{"Status":"Warten","Rittermacht":0,"Farbe":"Rot","Längste Handelsstraße":false,"Siegpunkte":2,"Rohstoffe":{"Unbekannt":6},"id":2,"Entwicklungskarten":{"Unbekannt":0},"Name":"KI (2)","Größte Rittermacht":false}}}
2017-02-12 16:50:56.744 INFO  network.client.Client 180 receiveMsg - {"Statusupdate":{"Spieler":{"Status":"Würfeln","Rittermacht":0,"Farbe":"Orange","Längste Handelsstraße":false,"Siegpunkte":2,"Rohstoffe":{"Unbekannt":5},"id":3,"Entwicklungskarten":{"Unbekannt":0},"Name":"KI (3)","Größte Rittermacht":false}}}
2017-02-12 16:50:56.821 INFO  network.client.Client 180 receiveMsg - {"Würfelwurf":{"Spieler":3,"Wurf":[2,6]}}
2017-02-12 16:50:56.845 INFO  network.client.Client 180 receiveMsg - {"Ertrag":{"Rohstoffe":{"Wolle":1},"Spieler":3}}
2017-02-12 16:50:56.910 INFO  network.client.Client 180 receiveMsg - {"Ertrag":{"Rohstoffe":{"Lehm":1},"Spieler":4}}
2017-02-12 16:50:56.933 INFO  network.client.Client 180 receiveMsg - {"Ertrag":{"Rohstoffe":{"Lehm":1},"Spieler":2}}
2017-02-12 16:50:57.001 INFO  network.client.Client 180 receiveMsg - {"Statusupdate":{"Spieler":{"Status":"Handeln oder Bauen","Rittermacht":0,"Farbe":"Orange","Längste Handelsstraße":false,"Siegpunkte":2,"Rohstoffe":{"Unbekannt":6},"id":3,"Entwicklungskarten":{"Unbekannt":0},"Name":"KI (3)","Größte Rittermacht":false}}}
2017-02-12 16:50:57.400 INFO  network.JsonLib 259 dev - Case not covered!
2017-02-12 16:50:57.400 INFO  network.client.Client 180 receiveMsg - {"Entwicklungskarte gekauft":{"Entwicklungskarte":"Unbekannt","Spieler":3}}
2017-02-12 16:50:57.417 INFO  network.client.Client 180 receiveMsg - {"Kosten":{"Rohstoffe":{"Unbekannt":3},"Spieler":3}}
2017-02-12 16:50:57.489 INFO  network.client.Client 180 receiveMsg - {"Statusupdate":{"Spieler":{"Status":"Handeln oder Bauen","Rittermacht":0,"Farbe":"Orange","Längste Handelsstraße":false,"Siegpunkte":2,"Rohstoffe":{"Unbekannt":3},"id":3,"Entwicklungskarten":{"Unbekannt":1},"Name":"KI (3)","Größte Rittermacht":false}}}
2017-02-12 16:50:57.818 INFO  network.client.Client 180 receiveMsg - {"Statusupdate":{"Spieler":{"Status":"Warten","Rittermacht":0,"Farbe":"Orange","Längste Handelsstraße":false,"Siegpunkte":2,"Rohstoffe":{"Unbekannt":3},"id":3,"Entwicklungskarten":{"Unbekannt":1},"Name":"KI (3)","Größte Rittermacht":false}}}
2017-02-12 16:50:57.825 INFO  network.client.Client 180 receiveMsg - {"Statusupdate":{"Spieler":{"Status":"Würfeln","Rittermacht":0,"Farbe":"Weiß","Längste Handelsstraße":false,"Siegpunkte":2,"Rohstoffe":{"Getreide":1,"Wolle":0,"Holz":0,"Lehm":4,"Erz":0},"id":4,"Entwicklungskarten":{"Straßenbau":0,"Erfindung":0,"Monopol":0,"Ritter":0,"Siegpunkt":0},"Name":"chris","Größte Rittermacht":false}}}
2017-02-12 16:50:58.938 INFO  network.client.Client 153 sendMsg - {"Würfeln":{}}
2017-02-12 16:50:58.939 INFO  network.client.Client 180 receiveMsg - {"Serverantwort":"OK"}
2017-02-12 16:50:58.955 INFO  network.client.Client 180 receiveMsg - {"Würfelwurf":{"Spieler":4,"Wurf":[3,2]}}
2017-02-12 16:50:59.029 INFO  network.client.Client 180 receiveMsg - {"Ertrag":{"Rohstoffe":{"Getreide":1,"Holz":1},"Spieler":4}}
2017-02-12 16:50:59.043 INFO  network.client.Client 180 receiveMsg - {"Ertrag":{"Rohstoffe":{"Holz":1},"Spieler":3}}
2017-02-12 16:50:59.119 INFO  network.client.Client 180 receiveMsg - {"Statusupdate":{"Spieler":{"Status":"Handeln oder Bauen","Rittermacht":0,"Farbe":"Weiß","Längste Handelsstraße":false,"Siegpunkte":2,"Rohstoffe":{"Getreide":2,"Wolle":0,"Holz":1,"Lehm":4,"Erz":0},"id":4,"Entwicklungskarten":{"Straßenbau":0,"Erfindung":0,"Monopol":0,"Ritter":0,"Siegpunkt":0},"Name":"chris","Größte Rittermacht":false}}}
2017-02-12 16:51:04.706 INFO  network.client.Client 153 sendMsg - {"Bauen":{"Ort":[{"x":0,"y":-1},{"x":0,"y":-2}],"Typ":"Straße"}}
2017-02-12 16:51:04.708 INFO  network.client.Client 180 receiveMsg - {"Serverantwort":"OK"}
2017-02-12 16:51:04.726 INFO  network.Interpreter 328 axialToEdgeOrCorner - [{"x":0,"y":-1},{"x":0,"y":-2}]. {24, 29}
2017-02-12 16:51:04.727 INFO  network.Interpreter 328 axialToEdgeOrCorner - [{"x":0,"y":-1},{"x":0,"y":-2}]. {24, 29}
2017-02-12 16:51:04.727 INFO  network.client.ClientListener 1102 build - Straße - [{"x":0,"y":-1},{"x":0,"y":-2}] - {24, 29}
2017-02-12 16:51:04.727 INFO  network.client.Client 180 receiveMsg - {"Bauvorgang":{"Gebäude":{"Ort":[{"x":0,"y":-1},{"x":0,"y":-2}],"Eigentümer":4,"Typ":"Straße"}}}
2017-02-12 16:51:04.798 INFO  network.client.Client 180 receiveMsg - {"Kosten":{"Rohstoffe":{"Holz":1,"Lehm":1},"Spieler":4}}
2017-02-12 16:51:04.815 INFO  network.client.Client 180 receiveMsg - {"Statusupdate":{"Spieler":{"Status":"Handeln oder Bauen","Rittermacht":0,"Farbe":"Weiß","Längste Handelsstraße":false,"Siegpunkte":2,"Rohstoffe":{"Getreide":2,"Wolle":0,"Holz":0,"Lehm":3,"Erz":0},"id":4,"Entwicklungskarten":{"Straßenbau":0,"Erfindung":0,"Monopol":0,"Ritter":0,"Siegpunkt":0},"Name":"chris","Größte Rittermacht":false}}}
2017-02-12 16:51:07.283 INFO  network.client.Client 153 sendMsg - {"Zug beenden":{}}
2017-02-12 16:51:07.286 INFO  network.client.Client 180 receiveMsg - {"Statusupdate":{"Spieler":{"Status":"Warten","Rittermacht":0,"Farbe":"Weiß","Längste Handelsstraße":false,"Siegpunkte":2,"Rohstoffe":{"Getreide":2,"Wolle":0,"Holz":0,"Lehm":3,"Erz":0},"id":4,"Entwicklungskarten":{"Straßenbau":0,"Erfindung":0,"Monopol":0,"Ritter":0,"Siegpunkt":0},"Name":"chris","Größte Rittermacht":false}}}
2017-02-12 16:51:07.314 INFO  network.client.Client 180 receiveMsg - {"Statusupdate":{"Spieler":{"Status":"Würfeln","Rittermacht":0,"Farbe":"Blau","Längste Handelsstraße":false,"Siegpunkte":2,"Rohstoffe":{"Unbekannt":1},"id":1,"Entwicklungskarten":{"Unbekannt":0},"Name":"KI (1)","Größte Rittermacht":false}}}
2017-02-12 16:51:07.386 INFO  network.client.Client 180 receiveMsg - {"Würfelwurf":{"Spieler":1,"Wurf":[6,1]}}
2017-02-12 16:51:07.404 INFO  network.client.Client 180 receiveMsg - {"Statusupdate":{"Spieler":{"Status":"Warten","Rittermacht":0,"Farbe":"Blau","Längste Handelsstraße":false,"Siegpunkte":2,"Rohstoffe":{"Unbekannt":1},"id":1,"Entwicklungskarten":{"Unbekannt":0},"Name":"KI (1)","Größte Rittermacht":false}}}
2017-02-12 16:51:07.477 INFO  network.client.Client 180 receiveMsg - {"Statusupdate":{"Spieler":{"Status":"Warten","Rittermacht":0,"Farbe":"Rot","Längste Handelsstraße":false,"Siegpunkte":2,"Rohstoffe":{"Unbekannt":7},"id":2,"Entwicklungskarten":{"Unbekannt":0},"Name":"KI (2)","Größte Rittermacht":false}}}
2017-02-12 16:51:07.490 INFO  network.client.Client 180 receiveMsg - {"Statusupdate":{"Spieler":{"Status":"Warten","Rittermacht":0,"Farbe":"Orange","Längste Handelsstraße":false,"Siegpunkte":2,"Rohstoffe":{"Unbekannt":4},"id":3,"Entwicklungskarten":{"Unbekannt":1},"Name":"KI (3)","Größte Rittermacht":false}}}
2017-02-12 16:51:07.566 INFO  network.client.Client 180 receiveMsg - {"Statusupdate":{"Spieler":{"Status":"Warten","Rittermacht":0,"Farbe":"Weiß","Längste Handelsstraße":false,"Siegpunkte":2,"Rohstoffe":{"Getreide":2,"Wolle":0,"Holz":0,"Lehm":3,"Erz":0},"id":4,"Entwicklungskarten":{"Straßenbau":0,"Erfindung":0,"Monopol":0,"Ritter":0,"Siegpunkt":0},"Name":"chris","Größte Rittermacht":false}}}
2017-02-12 16:51:07.577 INFO  network.client.Client 180 receiveMsg - {"Statusupdate":{"Spieler":{"Status":"Räuber versetzen","Rittermacht":0,"Farbe":"Blau","Längste Handelsstraße":false,"Siegpunkte":2,"Rohstoffe":{"Unbekannt":1},"id":1,"Entwicklungskarten":{"Unbekannt":0},"Name":"KI (1)","Größte Rittermacht":false}}}
2017-02-12 16:51:08.034 INFO  network.client.Client 180 receiveMsg - {"Kosten":{"Rohstoffe":{"Lehm":1},"Spieler":4}}
2017-02-12 16:51:08.065 INFO  network.client.Client 180 receiveMsg - {"Ertrag":{"Rohstoffe":{"Unbekannt":1},"Spieler":1}}
2017-02-12 16:51:08.120 INFO  network.client.Client 180 receiveMsg - {"Räuber versetzt":{"Ort":{"x":0,"y":1},"Spieler":1,"Ziel":4}}
2017-02-12 16:51:08.154 INFO  network.client.Client 180 receiveMsg - {"Statusupdate":{"Spieler":{"Status":"Handeln oder Bauen","Rittermacht":0,"Farbe":"Blau","Längste Handelsstraße":false,"Siegpunkte":2,"Rohstoffe":{"Unbekannt":2},"id":1,"Entwicklungskarten":{"Unbekannt":0},"Name":"KI (1)","Größte Rittermacht":false}}}
2017-02-12 16:51:08.715 INFO  network.client.Client 180 receiveMsg - {"Statusupdate":{"Spieler":{"Status":"Warten","Rittermacht":0,"Farbe":"Blau","Längste Handelsstraße":false,"Siegpunkte":2,"Rohstoffe":{"Unbekannt":2},"id":1,"Entwicklungskarten":{"Unbekannt":0},"Name":"KI (1)","Größte Rittermacht":false}}}
2017-02-12 16:51:08.733 INFO  network.client.Client 180 receiveMsg - {"Statusupdate":{"Spieler":{"Status":"Würfeln","Rittermacht":0,"Farbe":"Rot","Längste Handelsstraße":false,"Siegpunkte":2,"Rohstoffe":{"Unbekannt":7},"id":2,"Entwicklungskarten":{"Unbekannt":0},"Name":"KI (2)","Größte Rittermacht":false}}}
2017-02-12 16:51:08.804 INFO  network.client.Client 180 receiveMsg - {"Würfelwurf":{"Spieler":2,"Wurf":[5,2]}}
2017-02-12 16:51:08.822 INFO  network.client.Client 180 receiveMsg - {"Statusupdate":{"Spieler":{"Status":"Warten","Rittermacht":0,"Farbe":"Blau","Längste Handelsstraße":false,"Siegpunkte":2,"Rohstoffe":{"Unbekannt":2},"id":1,"Entwicklungskarten":{"Unbekannt":0},"Name":"KI (1)","Größte Rittermacht":false}}}
2017-02-12 16:51:08.894 INFO  network.client.Client 180 receiveMsg - {"Statusupdate":{"Spieler":{"Status":"Warten","Rittermacht":0,"Farbe":"Rot","Längste Handelsstraße":false,"Siegpunkte":2,"Rohstoffe":{"Unbekannt":7},"id":2,"Entwicklungskarten":{"Unbekannt":0},"Name":"KI (2)","Größte Rittermacht":false}}}
2017-02-12 16:51:08.913 INFO  network.client.Client 180 receiveMsg - {"Statusupdate":{"Spieler":{"Status":"Warten","Rittermacht":0,"Farbe":"Orange","Längste Handelsstraße":false,"Siegpunkte":2,"Rohstoffe":{"Unbekannt":4},"id":3,"Entwicklungskarten":{"Unbekannt":1},"Name":"KI (3)","Größte Rittermacht":false}}}
2017-02-12 16:51:08.984 INFO  network.client.Client 180 receiveMsg - {"Statusupdate":{"Spieler":{"Status":"Warten","Rittermacht":0,"Farbe":"Weiß","Längste Handelsstraße":false,"Siegpunkte":2,"Rohstoffe":{"Getreide":2,"Wolle":0,"Holz":0,"Lehm":2,"Erz":0},"id":4,"Entwicklungskarten":{"Straßenbau":0,"Erfindung":0,"Monopol":0,"Ritter":0,"Siegpunkt":0},"Name":"chris","Größte Rittermacht":false}}}
2017-02-12 16:51:09.002 INFO  network.client.Client 180 receiveMsg - {"Statusupdate":{"Spieler":{"Status":"Räuber versetzen","Rittermacht":0,"Farbe":"Rot","Längste Handelsstraße":false,"Siegpunkte":2,"Rohstoffe":{"Unbekannt":7},"id":2,"Entwicklungskarten":{"Unbekannt":0},"Name":"KI (2)","Größte Rittermacht":false}}}
2017-02-12 16:51:09.446 INFO  network.client.Client 180 receiveMsg - {"Kosten":{"Rohstoffe":{"Getreide":1},"Spieler":4}}
2017-02-12 16:51:09.474 INFO  network.client.Client 180 receiveMsg - {"Ertrag":{"Rohstoffe":{"Unbekannt":1},"Spieler":2}}
2017-02-12 16:51:09.535 INFO  network.client.Client 180 receiveMsg - {"Räuber versetzt":{"Ort":{"x":0,"y":-1},"Spieler":2,"Ziel":4}}
2017-02-12 16:51:09.564 INFO  network.client.Client 180 receiveMsg - {"Statusupdate":{"Spieler":{"Status":"Handeln oder Bauen","Rittermacht":0,"Farbe":"Rot","Längste Handelsstraße":false,"Siegpunkte":2,"Rohstoffe":{"Unbekannt":8},"id":2,"Entwicklungskarten":{"Unbekannt":0},"Name":"KI (2)","Größte Rittermacht":false}}}
2017-02-12 16:51:09.960 INFO  network.JsonLib 259 dev - Case not covered!
2017-02-12 16:51:09.960 INFO  network.client.Client 180 receiveMsg - {"Entwicklungskarte gekauft":{"Entwicklungskarte":"Unbekannt","Spieler":2}}
2017-02-12 16:51:09.977 INFO  network.client.Client 180 receiveMsg - {"Kosten":{"Rohstoffe":{"Unbekannt":3},"Spieler":2}}
2017-02-12 16:51:10.050 INFO  network.client.Client 180 receiveMsg - {"Statusupdate":{"Spieler":{"Status":"Handeln oder Bauen","Rittermacht":0,"Farbe":"Rot","Längste Handelsstraße":false,"Siegpunkte":2,"Rohstoffe":{"Unbekannt":5},"id":2,"Entwicklungskarten":{"Unbekannt":1},"Name":"KI (2)","Größte Rittermacht":false}}}
2017-02-12 16:51:10.378 INFO  network.client.Client 180 receiveMsg - {"Statusupdate":{"Spieler":{"Status":"Warten","Rittermacht":0,"Farbe":"Rot","Längste Handelsstraße":false,"Siegpunkte":2,"Rohstoffe":{"Unbekannt":5},"id":2,"Entwicklungskarten":{"Unbekannt":1},"Name":"KI (2)","Größte Rittermacht":false}}}
2017-02-12 16:51:10.396 INFO  network.client.Client 180 receiveMsg - {"Statusupdate":{"Spieler":{"Status":"Würfeln","Rittermacht":0,"Farbe":"Orange","Längste Handelsstraße":false,"Siegpunkte":2,"Rohstoffe":{"Unbekannt":4},"id":3,"Entwicklungskarten":{"Unbekannt":1},"Name":"KI (3)","Größte Rittermacht":false}}}
2017-02-12 16:51:10.475 INFO  network.client.Client 180 receiveMsg - {"Würfelwurf":{"Spieler":3,"Wurf":[5,3]}}
2017-02-12 16:51:10.498 INFO  network.client.Client 180 receiveMsg - {"Ertrag":{"Rohstoffe":{"Wolle":1},"Spieler":3}}
2017-02-12 16:51:10.561 INFO  network.client.Client 180 receiveMsg - {"Ertrag":{"Rohstoffe":{"Lehm":1},"Spieler":4}}
2017-02-12 16:51:10.587 INFO  network.client.Client 180 receiveMsg - {"Ertrag":{"Rohstoffe":{"Lehm":1},"Spieler":2}}
2017-02-12 16:51:10.651 INFO  network.client.Client 180 receiveMsg - {"Statusupdate":{"Spieler":{"Status":"Handeln oder Bauen","Rittermacht":0,"Farbe":"Orange","Längste Handelsstraße":false,"Siegpunkte":2,"Rohstoffe":{"Unbekannt":5},"id":3,"Entwicklungskarten":{"Unbekannt":1},"Name":"KI (3)","Größte Rittermacht":false}}}
2017-02-12 16:51:11.082 INFO  network.Interpreter 328 axialToEdgeOrCorner - [{"x":0,"y":0},{"x":0,"y":-1}]. {18, 24}
2017-02-12 16:51:11.082 INFO  network.Interpreter 328 axialToEdgeOrCorner - [{"x":0,"y":0},{"x":0,"y":-1}]. {18, 24}
2017-02-12 16:51:11.082 INFO  network.client.ClientListener 1102 build - Straße - [{"x":0,"y":0},{"x":0,"y":-1}] - {18, 24}
2017-02-12 16:51:11.082 INFO  network.client.Client 180 receiveMsg - {"Bauvorgang":{"Gebäude":{"Ort":[{"x":0,"y":0},{"x":0,"y":-1}],"Eigentümer":3,"Typ":"Straße"}}}
2017-02-12 16:51:11.099 INFO  network.client.Client 180 receiveMsg - {"Kosten":{"Rohstoffe":{"Unbekannt":2},"Spieler":3}}
2017-02-12 16:51:11.170 INFO  network.client.Client 180 receiveMsg - {"Statusupdate":{"Spieler":{"Status":"Handeln oder Bauen","Rittermacht":0,"Farbe":"Orange","Längste Handelsstraße":false,"Siegpunkte":2,"Rohstoffe":{"Unbekannt":3},"id":3,"Entwicklungskarten":{"Unbekannt":1},"Name":"KI (3)","Größte Rittermacht":false}}}
2017-02-12 16:51:11.578 INFO  network.client.Client 180 receiveMsg - {"Statusupdate":{"Spieler":{"Status":"Warten","Rittermacht":0,"Farbe":"Orange","Längste Handelsstraße":false,"Siegpunkte":2,"Rohstoffe":{"Unbekannt":3},"id":3,"Entwicklungskarten":{"Unbekannt":1},"Name":"KI (3)","Größte Rittermacht":false}}}
2017-02-12 16:51:11.586 INFO  network.client.Client 180 receiveMsg - {"Statusupdate":{"Spieler":{"Status":"Würfeln","Rittermacht":0,"Farbe":"Weiß","Längste Handelsstraße":false,"Siegpunkte":2,"Rohstoffe":{"Getreide":1,"Wolle":0,"Holz":0,"Lehm":3,"Erz":0},"id":4,"Entwicklungskarten":{"Straßenbau":0,"Erfindung":0,"Monopol":0,"Ritter":0,"Siegpunkt":0},"Name":"chris","Größte Rittermacht":false}}}
2017-02-12 16:51:13.094 INFO  network.client.Client 153 sendMsg - {"Würfeln":{}}
2017-02-12 16:51:13.096 INFO  network.client.Client 180 receiveMsg - {"Serverantwort":"OK"}
2017-02-12 16:51:13.113 INFO  network.client.Client 180 receiveMsg - {"Würfelwurf":{"Spieler":4,"Wurf":[3,6]}}
2017-02-12 16:51:13.186 INFO  network.client.Client 180 receiveMsg - {"Ertrag":{"Rohstoffe":{"Wolle":1},"Spieler":4}}
2017-02-12 16:51:13.198 INFO  network.client.Client 180 receiveMsg - {"Ertrag":{"Rohstoffe":{"Holz":1},"Spieler":1}}
2017-02-12 16:51:13.278 INFO  network.client.Client 180 receiveMsg - {"Statusupdate":{"Spieler":{"Status":"Handeln oder Bauen","Rittermacht":0,"Farbe":"Weiß","Längste Handelsstraße":false,"Siegpunkte":2,"Rohstoffe":{"Getreide":1,"Wolle":1,"Holz":0,"Lehm":3,"Erz":0},"id":4,"Entwicklungskarten":{"Straßenbau":0,"Erfindung":0,"Monopol":0,"Ritter":0,"Siegpunkt":0},"Name":"chris","Größte Rittermacht":false}}}
2017-02-12 16:51:16.116 INFO  network.client.Client 153 sendMsg - {"Zug beenden":{}}
2017-02-12 16:51:16.119 INFO  network.client.Client 180 receiveMsg - {"Statusupdate":{"Spieler":{"Status":"Warten","Rittermacht":0,"Farbe":"Weiß","Längste Handelsstraße":false,"Siegpunkte":2,"Rohstoffe":{"Getreide":1,"Wolle":1,"Holz":0,"Lehm":3,"Erz":0},"id":4,"Entwicklungskarten":{"Straßenbau":0,"Erfindung":0,"Monopol":0,"Ritter":0,"Siegpunkt":0},"Name":"chris","Größte Rittermacht":false}}}
2017-02-12 16:51:16.147 INFO  network.client.Client 180 receiveMsg - {"Statusupdate":{"Spieler":{"Status":"Würfeln","Rittermacht":0,"Farbe":"Blau","Längste Handelsstraße":false,"Siegpunkte":2,"Rohstoffe":{"Unbekannt":3},"id":1,"Entwicklungskarten":{"Unbekannt":0},"Name":"KI (1)","Größte Rittermacht":false}}}
2017-02-12 16:51:16.222 INFO  network.client.Client 180 receiveMsg - {"Würfelwurf":{"Spieler":1,"Wurf":[5,1]}}
2017-02-12 16:51:16.245 INFO  network.client.Client 180 receiveMsg - {"Ertrag":{"Rohstoffe":{"Erz":1},"Spieler":4}}
2017-02-12 16:51:16.311 INFO  network.client.Client 180 receiveMsg - {"Ertrag":{"Rohstoffe":{"Getreide":1},"Spieler":1}}
2017-02-12 16:51:16.334 INFO  network.client.Client 180 receiveMsg - {"Ertrag":{"Rohstoffe":{"Erz":1},"Spieler":2}}
2017-02-12 16:51:16.402 INFO  network.client.Client 180 receiveMsg - {"Statusupdate":{"Spieler":{"Status":"Handeln oder Bauen","Rittermacht":0,"Farbe":"Blau","Längste Handelsstraße":false,"Siegpunkte":2,"Rohstoffe":{"Unbekannt":4},"id":1,"Entwicklungskarten":{"Unbekannt":0},"Name":"KI (1)","Größte Rittermacht":false}}}
2017-02-12 16:51:16.848 INFO  network.Interpreter 328 axialToEdgeOrCorner - [{"x":1,"y":1},{"x":2,"y":0}]. {13, 20}
2017-02-12 16:51:16.848 INFO  network.Interpreter 328 axialToEdgeOrCorner - [{"x":1,"y":1},{"x":2,"y":0}]. {13, 20}
2017-02-12 16:51:16.848 INFO  network.client.ClientListener 1102 build - Straße - [{"x":1,"y":1},{"x":2,"y":0}] - {13, 20}
2017-02-12 16:51:16.848 INFO  network.client.Client 180 receiveMsg - {"Bauvorgang":{"Gebäude":{"Ort":[{"x":1,"y":1},{"x":2,"y":0}],"Eigentümer":1,"Typ":"Straße"}}}
2017-02-12 16:51:16.866 INFO  network.client.Client 180 receiveMsg - {"Kosten":{"Rohstoffe":{"Unbekannt":2},"Spieler":1}}
2017-02-12 16:51:16.937 INFO  network.client.Client 180 receiveMsg - {"Statusupdate":{"Spieler":{"Status":"Handeln oder Bauen","Rittermacht":0,"Farbe":"Blau","Längste Handelsstraße":false,"Siegpunkte":2,"Rohstoffe":{"Unbekannt":2},"id":1,"Entwicklungskarten":{"Unbekannt":0},"Name":"KI (1)","Größte Rittermacht":false}}}
2017-02-12 16:51:17.342 INFO  network.client.Client 180 receiveMsg - {"Statusupdate":{"Spieler":{"Status":"Warten","Rittermacht":0,"Farbe":"Blau","Längste Handelsstraße":false,"Siegpunkte":2,"Rohstoffe":{"Unbekannt":2},"id":1,"Entwicklungskarten":{"Unbekannt":0},"Name":"KI (1)","Größte Rittermacht":false}}}
2017-02-12 16:51:17.359 INFO  network.client.Client 180 receiveMsg - {"Statusupdate":{"Spieler":{"Status":"Würfeln","Rittermacht":0,"Farbe":"Rot","Längste Handelsstraße":false,"Siegpunkte":2,"Rohstoffe":{"Unbekannt":7},"id":2,"Entwicklungskarten":{"Unbekannt":1},"Name":"KI (2)","Größte Rittermacht":false}}}
2017-02-12 16:51:17.433 INFO  network.client.Client 180 receiveMsg - {"Würfelwurf":{"Spieler":2,"Wurf":[3,1]}}
2017-02-12 16:51:17.457 INFO  network.client.Client 180 receiveMsg - {"Ertrag":{"Rohstoffe":{"Lehm":1},"Spieler":3}}
2017-02-12 16:51:17.522 INFO  network.client.Client 180 receiveMsg - {"Ertrag":{"Rohstoffe":{"Lehm":1},"Spieler":1}}
2017-02-12 16:51:17.545 INFO  network.client.Client 180 receiveMsg - {"Ertrag":{"Rohstoffe":{"Wolle":1},"Spieler":2}}
2017-02-12 16:51:17.610 INFO  network.client.Client 180 receiveMsg - {"Statusupdate":{"Spieler":{"Status":"Handeln oder Bauen","Rittermacht":0,"Farbe":"Rot","Längste Handelsstraße":false,"Siegpunkte":2,"Rohstoffe":{"Unbekannt":8},"id":2,"Entwicklungskarten":{"Unbekannt":1},"Name":"KI (2)","Größte Rittermacht":false}}}
2017-02-12 16:51:17.995 INFO  network.client.Client 180 receiveMsg - {"Kosten":{"Rohstoffe":{"Lehm":1},"Spieler":4}}
2017-02-12 16:51:18.024 INFO  network.client.Client 180 receiveMsg - {"Ertrag":{"Rohstoffe":{"Unbekannt":1},"Spieler":2}}
2017-02-12 16:51:18.084 INFO  network.client.Client 180 receiveMsg - {"Ritter ausspielen":{"Ort":{"x":0,"y":1},"Spieler":2,"Ziel":4}}
2017-02-12 16:51:18.113 INFO  network.client.Client 180 receiveMsg - {"Statusupdate":{"Spieler":{"Status":"Handeln oder Bauen","Rittermacht":1,"Farbe":"Rot","Längste Handelsstraße":false,"Siegpunkte":2,"Rohstoffe":{"Unbekannt":9},"id":2,"Entwicklungskarten":{"Unbekannt":0},"Name":"KI (2)","Größte Rittermacht":false}}}
2017-02-12 16:51:18.170 INFO  network.client.Client 180 receiveMsg - {"Statusupdate":{"Spieler":{"Status":"Warten","Rittermacht":1,"Farbe":"Rot","Längste Handelsstraße":false,"Siegpunkte":2,"Rohstoffe":{"Unbekannt":9},"id":2,"Entwicklungskarten":{"Unbekannt":0},"Name":"KI (2)","Größte Rittermacht":false}}}
2017-02-12 16:51:18.200 INFO  network.client.Client 180 receiveMsg - {"Statusupdate":{"Spieler":{"Status":"Würfeln","Rittermacht":0,"Farbe":"Orange","Längste Handelsstraße":false,"Siegpunkte":2,"Rohstoffe":{"Unbekannt":4},"id":3,"Entwicklungskarten":{"Unbekannt":1},"Name":"KI (3)","Größte Rittermacht":false}}}
2017-02-12 16:51:18.446 INFO  network.client.Client 180 receiveMsg - {"Würfelwurf":{"Spieler":3,"Wurf":[5,1]}}
2017-02-12 16:51:18.471 INFO  network.client.Client 180 receiveMsg - {"Ertrag":{"Rohstoffe":{"Erz":1},"Spieler":4}}
2017-02-12 16:51:18.534 INFO  network.client.Client 180 receiveMsg - {"Ertrag":{"Rohstoffe":{"Getreide":1},"Spieler":1}}
2017-02-12 16:51:18.560 INFO  network.client.Client 180 receiveMsg - {"Ertrag":{"Rohstoffe":{"Erz":1},"Spieler":2}}
2017-02-12 16:51:18.624 INFO  network.client.Client 180 receiveMsg - {"Statusupdate":{"Spieler":{"Status":"Handeln oder Bauen","Rittermacht":0,"Farbe":"Orange","Längste Handelsstraße":false,"Siegpunkte":2,"Rohstoffe":{"Unbekannt":4},"id":3,"Entwicklungskarten":{"Unbekannt":1},"Name":"KI (3)","Größte Rittermacht":false}}}
2017-02-12 16:51:19.114 INFO  network.client.Client 180 receiveMsg - {"Statusupdate":{"Spieler":{"Status":"Warten","Rittermacht":0,"Farbe":"Orange","Längste Handelsstraße":false,"Siegpunkte":2,"Rohstoffe":{"Unbekannt":4},"id":3,"Entwicklungskarten":{"Unbekannt":1},"Name":"KI (3)","Größte Rittermacht":false}}}
2017-02-12 16:51:19.120 INFO  network.client.Client 180 receiveMsg - {"Statusupdate":{"Spieler":{"Status":"Würfeln","Rittermacht":0,"Farbe":"Weiß","Längste Handelsstraße":false,"Siegpunkte":2,"Rohstoffe":{"Getreide":1,"Wolle":1,"Holz":0,"Lehm":2,"Erz":2},"id":4,"Entwicklungskarten":{"Straßenbau":0,"Erfindung":0,"Monopol":0,"Ritter":0,"Siegpunkt":0},"Name":"chris","Größte Rittermacht":false}}}
2017-02-12 16:51:20.402 INFO  network.client.Client 153 sendMsg - {"Würfeln":{}}
2017-02-12 16:51:20.403 INFO  network.client.Client 180 receiveMsg - {"Serverantwort":"OK"}
2017-02-12 16:51:20.420 INFO  network.client.Client 180 receiveMsg - {"Würfelwurf":{"Spieler":4,"Wurf":[3,4]}}
2017-02-12 16:51:20.494 INFO  network.client.Client 180 receiveMsg - {"Statusupdate":{"Spieler":{"Status":"Warten","Rittermacht":0,"Farbe":"Blau","Längste Handelsstraße":false,"Siegpunkte":2,"Rohstoffe":{"Unbekannt":4},"id":1,"Entwicklungskarten":{"Unbekannt":0},"Name":"KI (1)","Größte Rittermacht":false}}}
2017-02-12 16:51:20.510 INFO  network.client.Client 180 receiveMsg - {"Statusupdate":{"Spieler":{"Status":"Karten wegen Räuber abgeben","Rittermacht":1,"Farbe":"Rot","Längste Handelsstraße":false,"Siegpunkte":2,"Rohstoffe":{"Unbekannt":10},"id":2,"Entwicklungskarten":{"Unbekannt":0},"Name":"KI (2)","Größte Rittermacht":false}}}
2017-02-12 16:51:20.585 INFO  network.client.Client 180 receiveMsg - {"Statusupdate":{"Spieler":{"Status":"Warten","Rittermacht":0,"Farbe":"Orange","Längste Handelsstraße":false,"Siegpunkte":2,"Rohstoffe":{"Unbekannt":4},"id":3,"Entwicklungskarten":{"Unbekannt":1},"Name":"KI (3)","Größte Rittermacht":false}}}
2017-02-12 16:51:20.602 INFO  network.client.Client 180 receiveMsg - {"Statusupdate":{"Spieler":{"Status":"Warten","Rittermacht":0,"Farbe":"Weiß","Längste Handelsstraße":false,"Siegpunkte":2,"Rohstoffe":{"Getreide":1,"Wolle":1,"Holz":0,"Lehm":2,"Erz":2},"id":4,"Entwicklungskarten":{"Straßenbau":0,"Erfindung":0,"Monopol":0,"Ritter":0,"Siegpunkt":0},"Name":"chris","Größte Rittermacht":false}}}
2017-02-12 16:51:20.676 INFO  network.client.Client 180 receiveMsg - {"Kosten":{"Rohstoffe":{"Unbekannt":5},"Spieler":2}}
2017-02-12 16:51:20.701 INFO  network.client.Client 180 receiveMsg - {"Statusupdate":{"Spieler":{"Status":"Warten","Rittermacht":1,"Farbe":"Rot","Längste Handelsstraße":false,"Siegpunkte":2,"Rohstoffe":{"Unbekannt":5},"id":2,"Entwicklungskarten":{"Unbekannt":0},"Name":"KI (2)","Größte Rittermacht":false}}}
2017-02-12 16:51:20.768 INFO  network.client.Client 180 receiveMsg - {"Statusupdate":{"Spieler":{"Status":"Räuber versetzen","Rittermacht":0,"Farbe":"Weiß","Längste Handelsstraße":false,"Siegpunkte":2,"Rohstoffe":{"Getreide":1,"Wolle":1,"Holz":0,"Lehm":2,"Erz":2},"id":4,"Entwicklungskarten":{"Straßenbau":0,"Erfindung":0,"Monopol":0,"Ritter":0,"Siegpunkt":0},"Name":"chris","Größte Rittermacht":false}}}
2017-02-12 16:51:28.625 INFO  network.client.Client 153 sendMsg - {"Räuber versetzen":{"Ort":{"x":0,"y":-1},"Ziel":3}}
2017-02-12 16:51:28.626 INFO  network.client.Client 180 receiveMsg - {"Serverantwort":"OK"}
2017-02-12 16:51:28.638 INFO  network.client.Client 180 receiveMsg - {"Kosten":{"Rohstoffe":{"Unbekannt":1},"Spieler":3}}
2017-02-12 16:51:28.716 INFO  network.client.Client 180 receiveMsg - {"Ertrag":{"Rohstoffe":{"Wolle":1},"Spieler":4}}
2017-02-12 16:51:28.726 INFO  network.client.Client 180 receiveMsg - {"Räuber versetzt":{"Ort":{"x":0,"y":-1},"Spieler":4,"Ziel":3}}
2017-02-12 16:51:28.806 INFO  network.client.Client 180 receiveMsg - {"Statusupdate":{"Spieler":{"Status":"Handeln oder Bauen","Rittermacht":0,"Farbe":"Weiß","Längste Handelsstraße":false,"Siegpunkte":2,"Rohstoffe":{"Getreide":1,"Wolle":2,"Holz":0,"Lehm":2,"Erz":2},"id":4,"Entwicklungskarten":{"Straßenbau":0,"Erfindung":0,"Monopol":0,"Ritter":0,"Siegpunkt":0},"Name":"chris","Größte Rittermacht":false}}}
2017-02-12 16:51:31.136 INFO  network.client.Client 153 sendMsg - {"Zug beenden":{}}
2017-02-12 16:51:31.139 INFO  network.client.Client 180 receiveMsg - {"Statusupdate":{"Spieler":{"Status":"Warten","Rittermacht":0,"Farbe":"Weiß","Längste Handelsstraße":false,"Siegpunkte":2,"Rohstoffe":{"Getreide":1,"Wolle":2,"Holz":0,"Lehm":2,"Erz":2},"id":4,"Entwicklungskarten":{"Straßenbau":0,"Erfindung":0,"Monopol":0,"Ritter":0,"Siegpunkt":0},"Name":"chris","Größte Rittermacht":false}}}
2017-02-12 16:51:31.166 INFO  network.client.Client 180 receiveMsg - {"Statusupdate":{"Spieler":{"Status":"Würfeln","Rittermacht":0,"Farbe":"Blau","Längste Handelsstraße":false,"Siegpunkte":2,"Rohstoffe":{"Unbekannt":4},"id":1,"Entwicklungskarten":{"Unbekannt":0},"Name":"KI (1)","Größte Rittermacht":false}}}
2017-02-12 16:51:31.238 INFO  network.client.Client 180 receiveMsg - {"Würfelwurf":{"Spieler":1,"Wurf":[5,3]}}
2017-02-12 16:51:31.261 INFO  network.client.Client 180 receiveMsg - {"Ertrag":{"Rohstoffe":{"Wolle":1},"Spieler":3}}
2017-02-12 16:51:31.327 INFO  network.client.Client 180 receiveMsg - {"Ertrag":{"Rohstoffe":{"Lehm":1},"Spieler":4}}
2017-02-12 16:51:31.350 INFO  network.client.Client 180 receiveMsg - {"Ertrag":{"Rohstoffe":{"Lehm":1},"Spieler":2}}
2017-02-12 16:51:31.417 INFO  network.client.Client 180 receiveMsg - {"Statusupdate":{"Spieler":{"Status":"Handeln oder Bauen","Rittermacht":0,"Farbe":"Blau","Längste Handelsstraße":false,"Siegpunkte":2,"Rohstoffe":{"Unbekannt":4},"id":1,"Entwicklungskarten":{"Unbekannt":0},"Name":"KI (1)","Größte Rittermacht":false}}}
2017-02-12 16:51:31.977 INFO  network.client.Client 180 receiveMsg - {"Statusupdate":{"Spieler":{"Status":"Warten","Rittermacht":0,"Farbe":"Blau","Längste Handelsstraße":false,"Siegpunkte":2,"Rohstoffe":{"Unbekannt":4},"id":1,"Entwicklungskarten":{"Unbekannt":0},"Name":"KI (1)","Größte Rittermacht":false}}}
2017-02-12 16:51:31.995 INFO  network.client.Client 180 receiveMsg - {"Statusupdate":{"Spieler":{"Status":"Würfeln","Rittermacht":1,"Farbe":"Rot","Längste Handelsstraße":false,"Siegpunkte":2,"Rohstoffe":{"Unbekannt":6},"id":2,"Entwicklungskarten":{"Unbekannt":0},"Name":"KI (2)","Größte Rittermacht":false}}}
2017-02-12 16:51:32.067 INFO  network.client.Client 180 receiveMsg - {"Würfelwurf":{"Spieler":2,"Wurf":[4,2]}}
2017-02-12 16:51:32.089 INFO  network.client.Client 180 receiveMsg - {"Ertrag":{"Rohstoffe":{"Erz":1},"Spieler":4}}
2017-02-12 16:51:32.155 INFO  network.client.Client 180 receiveMsg - {"Ertrag":{"Rohstoffe":{"Getreide":1},"Spieler":1}}
2017-02-12 16:51:32.178 INFO  network.client.Client 180 receiveMsg - {"Ertrag":{"Rohstoffe":{"Erz":1},"Spieler":2}}
2017-02-12 16:51:32.243 INFO  network.client.Client 180 receiveMsg - {"Statusupdate":{"Spieler":{"Status":"Handeln oder Bauen","Rittermacht":1,"Farbe":"Rot","Längste Handelsstraße":false,"Siegpunkte":2,"Rohstoffe":{"Unbekannt":7},"id":2,"Entwicklungskarten":{"Unbekannt":0},"Name":"KI (2)","Größte Rittermacht":false}}}
2017-02-12 16:51:32.725 INFO  network.client.Client 180 receiveMsg - {"Statusupdate":{"Spieler":{"Status":"Warten","Rittermacht":1,"Farbe":"Rot","Längste Handelsstraße":false,"Siegpunkte":2,"Rohstoffe":{"Unbekannt":7},"id":2,"Entwicklungskarten":{"Unbekannt":0},"Name":"KI (2)","Größte Rittermacht":false}}}
2017-02-12 16:51:32.743 INFO  network.client.Client 180 receiveMsg - {"Statusupdate":{"Spieler":{"Status":"Würfeln","Rittermacht":0,"Farbe":"Orange","Längste Handelsstraße":false,"Siegpunkte":2,"Rohstoffe":{"Unbekannt":4},"id":3,"Entwicklungskarten":{"Unbekannt":1},"Name":"KI (3)","Größte Rittermacht":false}}}
2017-02-12 16:51:32.819 INFO  network.client.Client 180 receiveMsg - {"Würfelwurf":{"Spieler":3,"Wurf":[3,5]}}
2017-02-12 16:51:32.844 INFO  network.client.Client 180 receiveMsg - {"Ertrag":{"Rohstoffe":{"Wolle":1},"Spieler":3}}
2017-02-12 16:51:32.906 INFO  network.client.Client 180 receiveMsg - {"Ertrag":{"Rohstoffe":{"Lehm":1},"Spieler":4}}
2017-02-12 16:51:32.934 INFO  network.client.Client 180 receiveMsg - {"Ertrag":{"Rohstoffe":{"Lehm":1},"Spieler":2}}
2017-02-12 16:51:32.994 INFO  network.client.Client 180 receiveMsg - {"Statusupdate":{"Spieler":{"Status":"Handeln oder Bauen","Rittermacht":0,"Farbe":"Orange","Längste Handelsstraße":false,"Siegpunkte":2,"Rohstoffe":{"Unbekannt":5},"id":3,"Entwicklungskarten":{"Unbekannt":1},"Name":"KI (3)","Größte Rittermacht":false}}}
2017-02-12 16:51:33.474 INFO  network.client.Client 180 receiveMsg - {"Statusupdate":{"Spieler":{"Status":"Warten","Rittermacht":0,"Farbe":"Orange","Längste Handelsstraße":false,"Siegpunkte":2,"Rohstoffe":{"Unbekannt":5},"id":3,"Entwicklungskarten":{"Unbekannt":1},"Name":"KI (3)","Größte Rittermacht":false}}}
2017-02-12 16:51:33.480 INFO  network.client.Client 180 receiveMsg - {"Statusupdate":{"Spieler":{"Status":"Würfeln","Rittermacht":0,"Farbe":"Weiß","Längste Handelsstraße":false,"Siegpunkte":2,"Rohstoffe":{"Getreide":1,"Wolle":2,"Holz":0,"Lehm":4,"Erz":3},"id":4,"Entwicklungskarten":{"Straßenbau":0,"Erfindung":0,"Monopol":0,"Ritter":0,"Siegpunkt":0},"Name":"chris","Größte Rittermacht":false}}}
2017-02-12 16:51:41.061 INFO  network.client.Client 135 sendMsg - {"Chatnachricht senden":{"Nachricht":"cheaton"}}
2017-02-12 16:51:43.772 INFO  network.client.Client 135 sendMsg - {"Chatnachricht senden":{"Nachricht":"mop"}}
2017-02-12 16:51:43.775 INFO  network.client.Client 180 receiveMsg - {"Entwicklungskarte gekauft":{"Entwicklungskarte":"Monopol","Spieler":4}}
2017-02-12 16:51:43.793 INFO  network.client.Client 180 receiveMsg - {"Kosten":{"Rohstoffe":{"Getreide":1,"Wolle":1,"Erz":1},"Spieler":4}}
2017-02-12 16:51:43.865 INFO  network.client.Client 180 receiveMsg - {"Statusupdate":{"Spieler":{"Status":"Würfeln","Rittermacht":0,"Farbe":"Weiß","Längste Handelsstraße":false,"Siegpunkte":2,"Rohstoffe":{"Getreide":1,"Wolle":2,"Holz":0,"Lehm":4,"Erz":3},"id":4,"Entwicklungskarten":{"Straßenbau":0,"Erfindung":0,"Monopol":1,"Ritter":0,"Siegpunkt":0},"Name":"chris","Größte Rittermacht":false}}}
2017-02-12 16:51:43.884 INFO  network.client.Client 180 receiveMsg - {"Statusupdate":{"Spieler":{"Status":"Würfeln","Rittermacht":0,"Farbe":"Weiß","Längste Handelsstraße":false,"Siegpunkte":2,"Rohstoffe":{"Getreide":1,"Wolle":2,"Holz":0,"Lehm":4,"Erz":3},"id":4,"Entwicklungskarten":{"Straßenbau":0,"Erfindung":0,"Monopol":1,"Ritter":0,"Siegpunkt":0},"Name":"chris","Größte Rittermacht":false}}}
2017-02-12 16:51:51.039 INFO  network.client.Client 153 sendMsg - {"Würfeln":{}}
2017-02-12 16:51:51.040 INFO  network.client.Client 180 receiveMsg - {"Serverantwort":"OK"}
2017-02-12 16:51:51.056 INFO  network.client.Client 180 receiveMsg - {"Würfelwurf":{"Spieler":4,"Wurf":[3,5]}}
2017-02-12 16:51:51.129 INFO  network.client.Client 180 receiveMsg - {"Ertrag":{"Rohstoffe":{"Wolle":1},"Spieler":3}}
2017-02-12 16:51:51.143 INFO  network.client.Client 180 receiveMsg - {"Ertrag":{"Rohstoffe":{"Lehm":1},"Spieler":4}}
2017-02-12 16:51:51.216 INFO  network.client.Client 180 receiveMsg - {"Ertrag":{"Rohstoffe":{"Lehm":1},"Spieler":2}}
2017-02-12 16:51:51.231 INFO  network.client.Client 180 receiveMsg - {"Statusupdate":{"Spieler":{"Status":"Handeln oder Bauen","Rittermacht":0,"Farbe":"Weiß","Längste Handelsstraße":false,"Siegpunkte":2,"Rohstoffe":{"Getreide":1,"Wolle":2,"Holz":0,"Lehm":5,"Erz":3},"id":4,"Entwicklungskarten":{"Straßenbau":0,"Erfindung":0,"Monopol":1,"Ritter":0,"Siegpunkt":0},"Name":"chris","Größte Rittermacht":false}}}
2017-02-12 16:51:53.091 INFO  network.client.Client 153 sendMsg - {"Zug beenden":{}}
2017-02-12 16:51:53.094 INFO  network.client.Client 180 receiveMsg - {"Statusupdate":{"Spieler":{"Status":"Warten","Rittermacht":0,"Farbe":"Weiß","Längste Handelsstraße":false,"Siegpunkte":2,"Rohstoffe":{"Getreide":1,"Wolle":2,"Holz":0,"Lehm":5,"Erz":3},"id":4,"Entwicklungskarten":{"Straßenbau":0,"Erfindung":0,"Monopol":1,"Ritter":0,"Siegpunkt":0},"Name":"chris","Größte Rittermacht":false}}}
2017-02-12 16:51:53.122 INFO  network.client.Client 180 receiveMsg - {"Statusupdate":{"Spieler":{"Status":"Würfeln","Rittermacht":0,"Farbe":"Blau","Längste Handelsstraße":false,"Siegpunkte":2,"Rohstoffe":{"Unbekannt":5},"id":1,"Entwicklungskarten":{"Unbekannt":0},"Name":"KI (1)","Größte Rittermacht":false}}}
2017-02-12 16:51:53.196 INFO  network.client.Client 180 receiveMsg - {"Würfelwurf":{"Spieler":1,"Wurf":[2,3]}}
2017-02-12 16:51:53.219 INFO  network.client.Client 180 receiveMsg - {"Ertrag":{"Rohstoffe":{"Getreide":1,"Holz":1},"Spieler":4}}
2017-02-12 16:51:53.285 INFO  network.client.Client 180 receiveMsg - {"Ertrag":{"Rohstoffe":{"Holz":1},"Spieler":3}}
2017-02-12 16:51:53.306 INFO  network.client.Client 180 receiveMsg - {"Statusupdate":{"Spieler":{"Status":"Handeln oder Bauen","Rittermacht":0,"Farbe":"Blau","Längste Handelsstraße":false,"Siegpunkte":2,"Rohstoffe":{"Unbekannt":5},"id":1,"Entwicklungskarten":{"Unbekannt":0},"Name":"KI (1)","Größte Rittermacht":false}}}
2017-02-12 16:51:53.860 INFO  network.client.Client 180 receiveMsg - {"Statusupdate":{"Spieler":{"Status":"Warten","Rittermacht":0,"Farbe":"Blau","Längste Handelsstraße":false,"Siegpunkte":2,"Rohstoffe":{"Unbekannt":5},"id":1,"Entwicklungskarten":{"Unbekannt":0},"Name":"KI (1)","Größte Rittermacht":false}}}
2017-02-12 16:51:53.878 INFO  network.client.Client 180 receiveMsg - {"Statusupdate":{"Spieler":{"Status":"Würfeln","Rittermacht":1,"Farbe":"Rot","Längste Handelsstraße":false,"Siegpunkte":2,"Rohstoffe":{"Unbekannt":9},"id":2,"Entwicklungskarten":{"Unbekannt":0},"Name":"KI (2)","Größte Rittermacht":false}}}
2017-02-12 16:51:53.950 INFO  network.client.Client 180 receiveMsg - {"Würfelwurf":{"Spieler":2,"Wurf":[6,3]}}
2017-02-12 16:51:53.971 INFO  network.client.Client 180 receiveMsg - {"Ertrag":{"Rohstoffe":{"Wolle":1},"Spieler":4}}
2017-02-12 16:51:54.043 INFO  network.client.Client 180 receiveMsg - {"Ertrag":{"Rohstoffe":{"Holz":1},"Spieler":1}}
2017-02-12 16:51:54.060 INFO  network.client.Client 180 receiveMsg - {"Statusupdate":{"Spieler":{"Status":"Handeln oder Bauen","Rittermacht":1,"Farbe":"Rot","Längste Handelsstraße":false,"Siegpunkte":2,"Rohstoffe":{"Unbekannt":9},"id":2,"Entwicklungskarten":{"Unbekannt":0},"Name":"KI (2)","Größte Rittermacht":false}}}
2017-02-12 16:51:54.519 INFO  network.client.Client 180 receiveMsg - {"Statusupdate":{"Spieler":{"Status":"Warten","Rittermacht":1,"Farbe":"Rot","Längste Handelsstraße":false,"Siegpunkte":2,"Rohstoffe":{"Unbekannt":9},"id":2,"Entwicklungskarten":{"Unbekannt":0},"Name":"KI (2)","Größte Rittermacht":false}}}
2017-02-12 16:51:54.536 INFO  network.client.Client 180 receiveMsg - {"Statusupdate":{"Spieler":{"Status":"Würfeln","Rittermacht":0,"Farbe":"Orange","Längste Handelsstraße":false,"Siegpunkte":2,"Rohstoffe":{"Unbekannt":7},"id":3,"Entwicklungskarten":{"Unbekannt":1},"Name":"KI (3)","Größte Rittermacht":false}}}
2017-02-12 16:51:54.617 INFO  network.client.Client 180 receiveMsg - {"Würfelwurf":{"Spieler":3,"Wurf":[5,2]}}
2017-02-12 16:51:54.636 INFO  network.client.Client 180 receiveMsg - {"Statusupdate":{"Spieler":{"Status":"Warten","Rittermacht":0,"Farbe":"Blau","Längste Handelsstraße":false,"Siegpunkte":2,"Rohstoffe":{"Unbekannt":6},"id":1,"Entwicklungskarten":{"Unbekannt":0},"Name":"KI (1)","Größte Rittermacht":false}}}
2017-02-12 16:51:54.706 INFO  network.client.Client 180 receiveMsg - {"Statusupdate":{"Spieler":{"Status":"Karten wegen Räuber abgeben","Rittermacht":1,"Farbe":"Rot","Längste Handelsstraße":false,"Siegpunkte":2,"Rohstoffe":{"Unbekannt":9},"id":2,"Entwicklungskarten":{"Unbekannt":0},"Name":"KI (2)","Größte Rittermacht":false}}}
2017-02-12 16:51:54.726 INFO  network.client.Client 180 receiveMsg - {"Statusupdate":{"Spieler":{"Status":"Warten","Rittermacht":0,"Farbe":"Orange","Längste Handelsstraße":false,"Siegpunkte":2,"Rohstoffe":{"Unbekannt":7},"id":3,"Entwicklungskarten":{"Unbekannt":1},"Name":"KI (3)","Größte Rittermacht":false}}}
2017-02-12 16:51:54.796 INFO  network.client.Client 180 receiveMsg - {"Statusupdate":{"Spieler":{"Status":"Karten wegen Räuber abgeben","Rittermacht":0,"Farbe":"Weiß","Längste Handelsstraße":false,"Siegpunkte":2,"Rohstoffe":{"Getreide":2,"Wolle":3,"Holz":1,"Lehm":5,"Erz":3},"id":4,"Entwicklungskarten":{"Straßenbau":0,"Erfindung":0,"Monopol":1,"Ritter":0,"Siegpunkt":0},"Name":"chris","Größte Rittermacht":false}}}
2017-02-12 16:51:55.025 INFO  network.client.Client 180 receiveMsg - {"Kosten":{"Rohstoffe":{"Unbekannt":4},"Spieler":2}}
2017-02-12 16:51:55.044 INFO  network.client.Client 180 receiveMsg - {"Statusupdate":{"Spieler":{"Status":"Warten","Rittermacht":1,"Farbe":"Rot","Längste Handelsstraße":false,"Siegpunkte":2,"Rohstoffe":{"Unbekannt":5},"id":2,"Entwicklungskarten":{"Unbekannt":0},"Name":"KI (2)","Größte Rittermacht":false}}}
2017-02-12 16:52:03.718 INFO  network.client.Client 153 sendMsg - {"Karten abgeben":{"Abgeben":{"Getreide":2,"Lehm":5}}}
2017-02-12 16:52:03.721 INFO  network.client.Client 180 receiveMsg - {"Kosten":{"Rohstoffe":{"Getreide":2,"Lehm":5},"Spieler":4}}
2017-02-12 16:52:03.741 INFO  network.client.Client 180 receiveMsg - {"Serverantwort":"OK"}
2017-02-12 16:52:03.811 INFO  network.client.Client 180 receiveMsg - {"Statusupdate":{"Spieler":{"Status":"Warten","Rittermacht":0,"Farbe":"Weiß","Längste Handelsstraße":false,"Siegpunkte":2,"Rohstoffe":{"Getreide":0,"Wolle":3,"Holz":1,"Lehm":0,"Erz":3},"id":4,"Entwicklungskarten":{"Straßenbau":0,"Erfindung":0,"Monopol":1,"Ritter":0,"Siegpunkt":0},"Name":"chris","Größte Rittermacht":false}}}
2017-02-12 16:52:03.830 INFO  network.client.Client 180 receiveMsg - {"Statusupdate":{"Spieler":{"Status":"Räuber versetzen","Rittermacht":0,"Farbe":"Orange","Längste Handelsstraße":false,"Siegpunkte":2,"Rohstoffe":{"Unbekannt":7},"id":3,"Entwicklungskarten":{"Unbekannt":1},"Name":"KI (3)","Größte Rittermacht":false}}}
2017-02-12 16:52:03.987 INFO  network.client.Client 180 receiveMsg - {"Kosten":{"Rohstoffe":{"Erz":1},"Spieler":4}}
2017-02-12 16:52:04.016 INFO  network.client.Client 180 receiveMsg - {"Ertrag":{"Rohstoffe":{"Unbekannt":1},"Spieler":3}}
2017-02-12 16:52:04.076 INFO  network.client.Client 180 receiveMsg - {"Räuber versetzt":{"Ort":{"x":-1,"y":1},"Spieler":3,"Ziel":4}}
2017-02-12 16:52:04.106 INFO  network.client.Client 180 receiveMsg - {"Statusupdate":{"Spieler":{"Status":"Handeln oder Bauen","Rittermacht":0,"Farbe":"Orange","Längste Handelsstraße":false,"Siegpunkte":2,"Rohstoffe":{"Unbekannt":8},"id":3,"Entwicklungskarten":{"Unbekannt":1},"Name":"KI (3)","Größte Rittermacht":false}}}
2017-02-12 16:52:04.524 INFO  network.Interpreter 328 axialToEdgeOrCorner - [{"x":0,"y":0},{"x":1,"y":-1}]. {18, 25}
2017-02-12 16:52:04.525 INFO  network.Interpreter 328 axialToEdgeOrCorner - [{"x":0,"y":0},{"x":1,"y":-1}]. {18, 25}
2017-02-12 16:52:04.525 INFO  network.client.ClientListener 1102 build - Straße - [{"x":0,"y":0},{"x":1,"y":-1}] - {18, 25}
2017-02-12 16:52:04.525 INFO  network.client.Client 180 receiveMsg - {"Bauvorgang":{"Gebäude":{"Ort":[{"x":0,"y":0},{"x":1,"y":-1}],"Eigentümer":3,"Typ":"Straße"}}}
2017-02-12 16:52:04.541 INFO  network.client.Client 180 receiveMsg - {"Kosten":{"Rohstoffe":{"Unbekannt":2},"Spieler":3}}
2017-02-12 16:52:04.615 INFO  network.client.Client 180 receiveMsg - {"Statusupdate":{"Spieler":{"Status":"Handeln oder Bauen","Rittermacht":0,"Farbe":"Orange","Längste Handelsstraße":false,"Siegpunkte":2,"Rohstoffe":{"Unbekannt":6},"id":3,"Entwicklungskarten":{"Unbekannt":1},"Name":"KI (3)","Größte Rittermacht":false}}}
2017-02-12 16:52:05.010 INFO  network.client.Client 180 receiveMsg - {"Statusupdate":{"Spieler":{"Status":"Warten","Rittermacht":0,"Farbe":"Orange","Längste Handelsstraße":false,"Siegpunkte":2,"Rohstoffe":{"Unbekannt":6},"id":3,"Entwicklungskarten":{"Unbekannt":1},"Name":"KI (3)","Größte Rittermacht":false}}}
2017-02-12 16:52:05.016 INFO  network.client.Client 180 receiveMsg - {"Statusupdate":{"Spieler":{"Status":"Würfeln","Rittermacht":0,"Farbe":"Weiß","Längste Handelsstraße":false,"Siegpunkte":2,"Rohstoffe":{"Getreide":0,"Wolle":3,"Holz":1,"Lehm":0,"Erz":2},"id":4,"Entwicklungskarten":{"Straßenbau":0,"Erfindung":0,"Monopol":1,"Ritter":0,"Siegpunkt":0},"Name":"chris","Größte Rittermacht":false}}}
2017-02-12 16:52:23.279 INFO  network.client.Client 153 sendMsg - {"Würfeln":{}}
2017-02-12 16:52:23.280 INFO  network.client.Client 180 receiveMsg - {"Serverantwort":"OK"}
2017-02-12 16:52:23.297 INFO  network.client.Client 180 receiveMsg - {"Würfelwurf":{"Spieler":4,"Wurf":[3,1]}}
2017-02-12 16:52:23.371 INFO  network.client.Client 180 receiveMsg - {"Ertrag":{"Rohstoffe":{"Lehm":1},"Spieler":3}}
2017-02-12 16:52:23.386 INFO  network.client.Client 180 receiveMsg - {"Ertrag":{"Rohstoffe":{"Lehm":1},"Spieler":1}}
2017-02-12 16:52:23.460 INFO  network.client.Client 180 receiveMsg - {"Ertrag":{"Rohstoffe":{"Wolle":1},"Spieler":2}}
2017-02-12 16:52:23.477 INFO  network.client.Client 180 receiveMsg - {"Statusupdate":{"Spieler":{"Status":"Handeln oder Bauen","Rittermacht":0,"Farbe":"Weiß","Längste Handelsstraße":false,"Siegpunkte":2,"Rohstoffe":{"Getreide":0,"Wolle":3,"Holz":1,"Lehm":0,"Erz":2},"id":4,"Entwicklungskarten":{"Straßenbau":0,"Erfindung":0,"Monopol":1,"Ritter":0,"Siegpunkt":0},"Name":"chris","Größte Rittermacht":false}}}
2017-02-12 16:52:31.281 INFO  network.client.Client 153 sendMsg - {"Monopol":{"Rohstoff":"Lehm"}}
2017-02-12 16:52:31.282 INFO  network.client.Client 180 receiveMsg - {"Serverantwort":"OK"}
2017-02-12 16:52:31.299 INFO  network.client.Client 180 receiveMsg - {"Monopol":{"Rohstoff":"Lehm","Spieler":4}}
2017-02-12 16:52:31.372 INFO  network.client.Client 180 receiveMsg - {"Ertrag":{"Rohstoffe":{"Lehm":5},"Spieler":4}}
2017-02-12 16:52:31.389 WARN  network.client.ClientListener 566 serverResponse - Case not covered!
2017-02-12 16:52:31.389 INFO  network.client.Client 180 receiveMsg - {"Serverantwort":"(Received) Brick: +5"}
2017-02-12 16:52:31.461 INFO  network.client.Client 180 receiveMsg - {"Statusupdate":{"Spieler":{"Status":"Handeln oder Bauen","Rittermacht":0,"Farbe":"Weiß","Längste Handelsstraße":false,"Siegpunkte":2,"Rohstoffe":{"Getreide":0,"Wolle":3,"Holz":1,"Lehm":5,"Erz":2},"id":4,"Entwicklungskarten":{"Straßenbau":0,"Erfindung":0,"Monopol":0,"Ritter":0,"Siegpunkt":0},"Name":"chris","Größte Rittermacht":false}}}
2017-02-12 16:52:39.875 INFO  network.client.Client 153 sendMsg - {"Bauen":{"Ort":[{"x":0,"y":-2},{"x":1,"y":-2}],"Typ":"Straße"}}
2017-02-12 16:52:39.877 INFO  network.client.Client 180 receiveMsg - {"Serverantwort":"OK"}
2017-02-12 16:52:39.897 INFO  network.Interpreter 328 axialToEdgeOrCorner - [{"x":0,"y":-2},{"x":1,"y":-2}]. {29, 30}
2017-02-12 16:52:39.897 INFO  network.Interpreter 328 axialToEdgeOrCorner - [{"x":0,"y":-2},{"x":1,"y":-2}]. {29, 30}
2017-02-12 16:52:39.897 INFO  network.client.ClientListener 1102 build - Straße - [{"x":0,"y":-2},{"x":1,"y":-2}] - {29, 30}
2017-02-12 16:52:39.897 INFO  network.client.Client 180 receiveMsg - {"Bauvorgang":{"Gebäude":{"Ort":[{"x":0,"y":-2},{"x":1,"y":-2}],"Eigentümer":4,"Typ":"Straße"}}}
2017-02-12 16:52:39.964 INFO  network.client.Client 180 receiveMsg - {"Kosten":{"Rohstoffe":{"Holz":1,"Lehm":1},"Spieler":4}}
2017-02-12 16:52:39.987 INFO  network.client.Client 180 receiveMsg - {"Statusupdate":{"Spieler":{"Status":"Handeln oder Bauen","Rittermacht":0,"Farbe":"Weiß","Längste Handelsstraße":false,"Siegpunkte":2,"Rohstoffe":{"Getreide":0,"Wolle":3,"Holz":0,"Lehm":4,"Erz":2},"id":4,"Entwicklungskarten":{"Straßenbau":0,"Erfindung":0,"Monopol":0,"Ritter":0,"Siegpunkt":0},"Name":"chris","Größte Rittermacht":false}}}
