2017-02-19 23:26:53.550 INFO  model.board.Board 263 printBoardIDs - 
  null  null  null   {0}   {1}   {2}   {3}
  null  null   {4}   {5}   {6}   {7}   {8}
  null   {9}  {10}  {11}  {12}  {13}  {14}
  {15}  {16}  {17}  {18}  {19}  {20}  {21}
  {22}  {23}  {24}  {25}  {26}  {27}  null
  {28}  {29}  {30}  {31}  {32}  null  null
  {33}  {34}  {35}  {36}  null  null  null

2017-02-19 23:26:53.551 INFO  model.board.Board 340 printNumberTokens - 
  null  null  null  null  null  null  null
  null  null  null    10     2     9  null
  null  null    12     6     4    10  null
  null     9    11     0     3     8  null
  null     8     3     4     5  null  null
  null     5     6    11  null  null  null
  null  null  null  null  null  null  null

2017-02-19 23:26:53.554 INFO  model.board.Board 281 printBoardSpecialCo - 
(     )(     )(     )( 0,-3)( 1,-3)( 2,-3)( 3,-3)
(     )(     )(-1,-2)( 0,-2)( 1,-2)( 2,-2)( 3,-2)
(     )(-2,-1)(-1,-1)( 0,-1)( 1,-1)( 2,-1)( 3,-1)
(-3, 0)(-2, 0)(-1, 0)( 0, 0)( 1, 0)( 2, 0)( 3, 0)
(-3, 1)(-2, 1)(-1, 1)( 0, 1)( 1, 1)( 2, 1)(     )
(-3, 2)(-2, 2)(-1, 2)( 0, 2)( 1, 2)(     )(     )
(-3, 3)(-2, 3)(-1, 3)( 0, 3)(     )(     )(     )

2017-02-19 23:26:53.556 INFO  model.board.Board 301 printTileNeighbors - 
Row: 0
                          null : 
                          null : 
                          null : 
      model.board.Sea@29ae1628 : [model.board.Sea@217ae800, model.board.Mountain@39558633, model.board.Sea@77f8f8aa]
      model.board.Sea@217ae800 : [model.board.Pasture@2ebeaf2b, model.board.Mountain@39558633, model.board.Sea@29ae1628, model.board.Sea@58f26814]
      model.board.Sea@58f26814 : [model.board.Sea@217ae800, model.board.Forest@4d030927, model.board.Pasture@2ebeaf2b, model.board.Sea@7d0e9585]
      model.board.Sea@7d0e9585 : [model.board.Sea@2692aaf8, model.board.Forest@4d030927, model.board.Sea@58f26814]
Row: 1
                          null : 
                          null : 
      model.board.Sea@77f8f8aa : [model.board.Mountain@39558633, model.board.Field@6d6bd4f6, model.board.Sea@3874a24d, model.board.Sea@29ae1628]
 model.board.Mountain@39558633 : [model.board.Sea@217ae800, model.board.Pasture@2ebeaf2b, model.board.Hill@31dfba7b, model.board.Field@6d6bd4f6, model.board.Sea@77f8f8aa, model.board.Sea@29ae1628]
  model.board.Pasture@2ebeaf2b : [model.board.Sea@217ae800, model.board.Forest@4d030927, model.board.Pasture@2a913d2, model.board.Hill@31dfba7b, model.board.Mountain@39558633, model.board.Sea@58f26814]
   model.board.Forest@4d030927 : [model.board.Sea@2692aaf8, model.board.Hill@3156ab15, model.board.Pasture@2a913d2, model.board.Pasture@2ebeaf2b, model.board.Sea@58f26814, model.board.Sea@7d0e9585]
      model.board.Sea@2692aaf8 : [model.board.Sea@2cad11b8, model.board.Hill@3156ab15, model.board.Forest@4d030927, model.board.Sea@7d0e9585]
Row: 2
                          null : 
      model.board.Sea@3874a24d : [model.board.Sea@77f8f8aa, model.board.Field@6d6bd4f6, model.board.Sea@606d7a34, model.board.Field@2a90d268]
    model.board.Field@6d6bd4f6 : [model.board.Forest@2e9ada2c, model.board.Sea@77f8f8aa, model.board.Mountain@39558633, model.board.Hill@31dfba7b, model.board.Sea@3874a24d, model.board.Field@2a90d268]
     model.board.Hill@31dfba7b : [model.board.Forest@2e9ada2c, model.board.Mountain@39558633, model.board.Pasture@2ebeaf2b, model.board.Pasture@2a913d2, model.board.Field@6d6bd4f6, model.board.Desert@6afe2e96]
   model.board.Pasture@2a913d2 : [model.board.Pasture@2ebeaf2b, model.board.Forest@4d030927, model.board.Hill@3156ab15, model.board.Hill@31dfba7b, model.board.Desert@6afe2e96, model.board.Forest@61c94527]
     model.board.Hill@3156ab15 : [model.board.Forest@4d030927, model.board.Sea@2692aaf8, model.board.Sea@2cad11b8, model.board.Mountain@4d66c8e4, model.board.Pasture@2a913d2, model.board.Forest@61c94527]
      model.board.Sea@2cad11b8 : [model.board.Sea@2692aaf8, model.board.Sea@35d530de, model.board.Mountain@4d66c8e4, model.board.Hill@3156ab15]
Row: 3
      model.board.Sea@606d7a34 : [model.board.Sea@3874a24d, model.board.Sea@2ec4326c, model.board.Field@2a90d268]
    model.board.Field@2a90d268 : [model.board.Forest@2e9ada2c, model.board.Sea@3874a24d, model.board.Field@6d6bd4f6, model.board.Forest@58faaee, model.board.Sea@2ec4326c, model.board.Sea@606d7a34]
   model.board.Forest@2e9ada2c : [model.board.Field@6d6bd4f6, model.board.Hill@31dfba7b, model.board.Mountain@7ed57353, model.board.Forest@58faaee, model.board.Field@2a90d268, model.board.Desert@6afe2e96]
   model.board.Desert@6afe2e96 : [model.board.Forest@2e9ada2c, model.board.Hill@31dfba7b, model.board.Pasture@2a913d2, model.board.Field@629aff97, model.board.Mountain@7ed57353, model.board.Forest@61c94527]
   model.board.Forest@61c94527 : [model.board.Pasture@2a913d2, model.board.Hill@3156ab15, model.board.Mountain@4d66c8e4, model.board.Pasture@6dc2e6fa, model.board.Field@629aff97, model.board.Desert@6afe2e96]
 model.board.Mountain@4d66c8e4 : [model.board.Hill@3156ab15, model.board.Sea@2cad11b8, model.board.Sea@35d530de, model.board.Sea@15e2f976, model.board.Pasture@6dc2e6fa, model.board.Forest@61c94527]
      model.board.Sea@35d530de : [model.board.Sea@2cad11b8, model.board.Sea@15e2f976, model.board.Mountain@4d66c8e4]
Row: 4
      model.board.Sea@2ec4326c : [model.board.Sea@606d7a34, model.board.Forest@58faaee, model.board.Sea@40f85f72, model.board.Field@2a90d268]
    model.board.Forest@58faaee : [model.board.Forest@2e9ada2c, model.board.Mountain@7ed57353, model.board.Hill@75ab76bd, model.board.Sea@40f85f72, model.board.Sea@2ec4326c, model.board.Field@2a90d268]
 model.board.Mountain@7ed57353 : [model.board.Forest@2e9ada2c, model.board.Field@629aff97, model.board.Field@fa4bbc4, model.board.Hill@75ab76bd, model.board.Forest@58faaee, model.board.Desert@6afe2e96]
    model.board.Field@629aff97 : [model.board.Pasture@6dc2e6fa, model.board.Pasture@d8fca0f, model.board.Field@fa4bbc4, model.board.Mountain@7ed57353, model.board.Desert@6afe2e96, model.board.Forest@61c94527]
  model.board.Pasture@6dc2e6fa : [model.board.Mountain@4d66c8e4, model.board.Sea@15e2f976, model.board.Pasture@d8fca0f, model.board.Field@629aff97, model.board.Sea@f0e1703, model.board.Forest@61c94527]
      model.board.Sea@15e2f976 : [model.board.Mountain@4d66c8e4, model.board.Sea@35d530de, model.board.Pasture@6dc2e6fa, model.board.Sea@f0e1703]
                          null : 
Row: 5
      model.board.Sea@40f85f72 : [model.board.Sea@213e96c1, model.board.Sea@2ec4326c, model.board.Forest@58faaee, model.board.Hill@75ab76bd]
     model.board.Hill@75ab76bd : [model.board.Sea@213e96c1, model.board.Forest@58faaee, model.board.Mountain@7ed57353, model.board.Field@fa4bbc4, model.board.Sea@40f85f72, model.board.Sea@bee73b9]
     model.board.Field@fa4bbc4 : [model.board.Mountain@7ed57353, model.board.Field@629aff97, model.board.Pasture@d8fca0f, model.board.Hill@75ab76bd, model.board.Sea@bee73b9, model.board.Sea@78c20f79]
   model.board.Pasture@d8fca0f : [model.board.Field@629aff97, model.board.Pasture@6dc2e6fa, model.board.Sea@70bb96d, model.board.Field@fa4bbc4, model.board.Sea@f0e1703, model.board.Sea@78c20f79]
       model.board.Sea@f0e1703 : [model.board.Pasture@6dc2e6fa, model.board.Sea@15e2f976, model.board.Sea@70bb96d, model.board.Pasture@d8fca0f]
                          null : 
                          null : 
Row: 6
      model.board.Sea@213e96c1 : [model.board.Sea@40f85f72, model.board.Hill@75ab76bd, model.board.Sea@bee73b9]
       model.board.Sea@bee73b9 : [model.board.Sea@213e96c1, model.board.Hill@75ab76bd, model.board.Field@fa4bbc4, model.board.Sea@78c20f79]
      model.board.Sea@78c20f79 : [model.board.Field@fa4bbc4, model.board.Pasture@d8fca0f, model.board.Sea@70bb96d, model.board.Sea@bee73b9]
       model.board.Sea@70bb96d : [model.board.Pasture@d8fca0f, model.board.Sea@f0e1703, model.board.Sea@78c20f79]
                          null : 
                          null : 
                          null : 

2017-02-19 23:26:53.558 INFO  model.board.Board 322 printPorts - 
        {33} : GENERIC
         {9} : LUMBER
         {8} : ORE
        {22} : BRICK
         {0} : GENERIC
        {32} : WOOL
         {2} : GRAIN
        {35} : GENERIC
        {21} : GENERIC

{22, 23, 28} : BRICK
{16, 22, 23} : BRICK
   {1, 2, 6} : GRAIN
   {2, 6, 7} : GRAIN
  {4, 9, 10} : LUMBER
{28, 29, 33} : GENERIC
  {7, 8, 13} : ORE
 {8, 13, 14} : ORE
 {9, 10, 16} : LUMBER
{26, 27, 32} : WOOL
{26, 31, 32} : WOOL
{29, 33, 34} : GENERIC
{30, 31, 35} : GENERIC
{30, 34, 35} : GENERIC
{14, 20, 21} : GENERIC
{20, 21, 27} : GENERIC
   {0, 4, 5} : GENERIC
   {0, 1, 5} : GENERIC

2017-02-19 23:26:53.596 TRACE model.players.Ai 34 <init> - Enter model.players.Ai@bd79fd3
2017-02-19 23:26:53.597 DEBUG model.players.Player 62 printPlayer - model.players.Ai@bd79fd3
id        1         color     NULL      name                status    null      
vp        0         road      false     army      false     
dev       0         dice      0         
res       0         lumber    0         brick     0         grain     0         wool      0         ore       0         
dev       []
dev BLOCK []
Harbors   []
Roads          left      15        built     []
Settlements    left      5         built     []
Cities         left      4         built     []
2017-02-19 23:26:53.598 DEBUG model.players.Player 62 printPlayer - model.players.Ai@bd79fd3
id        1         color     NULL      name                status    START_GAME
vp        0         road      false     army      false     
dev       0         dice      0         
res       0         lumber    0         brick     0         grain     0         wool      0         ore       0         
dev       []
dev BLOCK []
Harbors   []
Roads          left      15        built     []
Settlements    left      5         built     []
Cities         left      4         built     []
2017-02-19 23:26:53.661 TRACE model.players.Ai 34 <init> - Enter model.players.Ai@1f606561
2017-02-19 23:26:53.662 DEBUG model.players.Player 62 printPlayer - model.players.Ai@1f606561
id        2         color     NULL      name                status    null      
vp        0         road      false     army      false     
dev       0         dice      0         
res       0         lumber    0         brick     0         grain     0         wool      0         ore       0         
dev       []
dev BLOCK []
Harbors   []
Roads          left      15        built     []
Settlements    left      5         built     []
Cities         left      4         built     []
2017-02-19 23:26:53.662 DEBUG model.players.Player 62 printPlayer - model.players.Ai@1f606561
id        2         color     NULL      name                status    START_GAME
vp        0         road      false     army      false     
dev       0         dice      0         
res       0         lumber    0         brick     0         grain     0         wool      0         ore       0         
dev       []
dev BLOCK []
Harbors   []
Roads          left      15        built     []
Settlements    left      5         built     []
Cities         left      4         built     []
2017-02-19 23:26:53.742 TRACE model.players.Ai 34 <init> - Enter model.players.Ai@2560c00a
2017-02-19 23:26:53.743 DEBUG model.players.Player 62 printPlayer - model.players.Ai@2560c00a
id        3         color     NULL      name                status    null      
vp        0         road      false     army      false     
dev       0         dice      0         
res       0         lumber    0         brick     0         grain     0         wool      0         ore       0         
dev       []
dev BLOCK []
Harbors   []
Roads          left      15        built     []
Settlements    left      5         built     []
Cities         left      4         built     []
2017-02-19 23:26:53.744 DEBUG model.players.Player 62 printPlayer - model.players.Ai@2560c00a
id        3         color     NULL      name                status    START_GAME
vp        0         road      false     army      false     
dev       0         dice      0         
res       0         lumber    0         brick     0         grain     0         wool      0         ore       0         
dev       []
dev BLOCK []
Harbors   []
Roads          left      15        built     []
Settlements    left      5         built     []
Cities         left      4         built     []
2017-02-19 23:26:54.204 DEBUG model.players.Player 62 printPlayer - model.players.Ai@bd79fd3
id        1         color     BLUE      name      KI (1)    status    WAIT_FOR_GAME_START
vp        0         road      false     army      false     
dev       0         dice      0         
res       0         lumber    0         brick     0         grain     0         wool      0         ore       0         
dev       []
dev BLOCK []
Harbors   []
Roads          left      15        built     []
Settlements    left      5         built     []
Cities         left      4         built     []
2017-02-19 23:26:54.206 DEBUG model.Management 43 printManagement - model.Management@2add7d9b
KI (1)    sum       0         lumber    0         brick     0         grain     0         wool      0         ore       0         
KI (2)    sum       0         lumber    0         brick     0         grain     0         wool      0         ore       0         
KI (3)    sum       0         lumber    0         brick     0         grain     0         wool      0         ore       0         
[ M ]     sum       95        lumber    19        brick     19        grain     19        wool      19        ore       19        
2017-02-19 23:26:54.359 DEBUG model.players.Player 62 printPlayer - model.players.Ai@1f606561
id        2         color     RED       name      KI (2)    status    WAIT_FOR_GAME_START
vp        0         road      false     army      false     
dev       0         dice      0         
res       0         lumber    0         brick     0         grain     0         wool      0         ore       0         
dev       []
dev BLOCK []
Harbors   []
Roads          left      15        built     []
Settlements    left      5         built     []
Cities         left      4         built     []
2017-02-19 23:26:54.360 DEBUG model.Management 43 printManagement - model.Management@2add7d9b
KI (1)    sum       0         lumber    0         brick     0         grain     0         wool      0         ore       0         
KI (2)    sum       0         lumber    0         brick     0         grain     0         wool      0         ore       0         
KI (3)    sum       0         lumber    0         brick     0         grain     0         wool      0         ore       0         
[ M ]     sum       95        lumber    19        brick     19        grain     19        wool      19        ore       19        
2017-02-19 23:26:54.536 DEBUG model.players.Player 62 printPlayer - model.players.Ai@2560c00a
id        3         color     ORANGE    name      KI (3)    status    WAIT_FOR_GAME_START
vp        0         road      false     army      false     
dev       0         dice      0         
res       0         lumber    0         brick     0         grain     0         wool      0         ore       0         
dev       []
dev BLOCK []
Harbors   []
Roads          left      15        built     []
Settlements    left      5         built     []
Cities         left      4         built     []
2017-02-19 23:26:54.537 DEBUG model.Management 43 printManagement - model.Management@2add7d9b
KI (1)    sum       0         lumber    0         brick     0         grain     0         wool      0         ore       0         
KI (2)    sum       0         lumber    0         brick     0         grain     0         wool      0         ore       0         
KI (3)    sum       0         lumber    0         brick     0         grain     0         wool      0         ore       0         
[ M ]     sum       95        lumber    19        brick     19        grain     19        wool      19        ore       19        
2017-02-19 23:27:01.592 TRACE model.players.Ai 34 <init> - Enter model.players.Ai@7199c2b9
2017-02-19 23:27:01.593 DEBUG model.players.Player 62 printPlayer - model.players.Ai@7199c2b9
id        4         color     NULL      name                status    null      
vp        0         road      false     army      false     
dev       0         dice      0         
res       0         lumber    0         brick     0         grain     0         wool      0         ore       0         
dev       []
dev BLOCK []
Harbors   []
Roads          left      15        built     []
Settlements    left      5         built     []
Cities         left      4         built     []
2017-02-19 23:27:01.593 DEBUG model.players.Player 62 printPlayer - model.players.Ai@7199c2b9
id        4         color     NULL      name                status    START_GAME
vp        0         road      false     army      false     
dev       0         dice      0         
res       0         lumber    0         brick     0         grain     0         wool      0         ore       0         
dev       []
dev BLOCK []
Harbors   []
Roads          left      15        built     []
Settlements    left      5         built     []
Cities         left      4         built     []
2017-02-19 23:27:16.095 DEBUG model.players.Player 62 printPlayer - model.players.Ai@7199c2b9
id        4         color     NULL      name                status    CONNECTION_LOST
vp        0         road      false     army      false     
dev       0         dice      0         
res       0         lumber    0         brick     0         grain     0         wool      0         ore       0         
dev       []
dev BLOCK []
Harbors   []
Roads          left      15        built     []
Settlements    left      5         built     []
Cities         left      4         built     []
2017-02-19 23:27:16.096 DEBUG model.Management 43 printManagement - model.Management@2add7d9b
KI (1)    sum       0         lumber    0         brick     0         grain     0         wool      0         ore       0         
KI (2)    sum       0         lumber    0         brick     0         grain     0         wool      0         ore       0         
KI (3)    sum       0         lumber    0         brick     0         grain     0         wool      0         ore       0         
          sum       0         lumber    0         brick     0         grain     0         wool      0         ore       0         
[ M ]     sum       95        lumber    19        brick     19        grain     19        wool      19        ore       19        
