2017-02-13 08:47:24.161 INFO  model.board.RandomBoard 129 setNumberTokensRandom - 
 outerTerrains :
{{20}=model.board.Hill@190b3fa9, {13}=model.board.Forest@1fe1bacd, {6}=model.board.Hill@486995e8, {7}=model.board.Field@fe238b5, {10}=model.board.Forest@4fd4b897, {23}=model.board.Field@5d714472, {26}=model.board.Pasture@59335ce1, {29}=model.board.Pasture@470af0e2, {30}=model.board.Mountain@2d70f894, {16}=model.board.Forest@7af56b9c, {5}=model.board.Pasture@3962e477}
2017-02-13 08:47:24.164 INFO  model.board.Board 262 printBoardIDs - 
  null  null  null   {0}   {1}   {2}   {3}
  null  null   {4}   {5}   {6}   {7}   {8}
  null   {9}  {10}  {11}  {12}  {13}  {14}
  {15}  {16}  {17}  {18}  {19}  {20}  {21}
  {22}  {23}  {24}  {25}  {26}  {27}  null
  {28}  {29}  {30}  {31}  {32}  null  null
  {33}  {34}  {35}  {36}  null  null  null

2017-02-13 08:47:24.165 INFO  model.board.Board 339 printNumberTokens - 
  null  null  null  null  null  null  null
  null  null  null     9    10     8  null
  null  null    12     6     5     3  null
  null    11     0    11     4     6  null
  null     4     3     9     2  null  null
  null     8    10     5  null  null  null
  null  null  null  null  null  null  null

2017-02-13 08:47:24.168 INFO  model.board.Board 280 printBoardSpecialCo - 
(     )(     )(     )( 0,-3)( 1,-3)( 2,-3)( 3,-3)
(     )(     )(-1,-2)( 0,-2)( 1,-2)( 2,-2)( 3,-2)
(     )(-2,-1)(-1,-1)( 0,-1)( 1,-1)( 2,-1)( 3,-1)
(-3, 0)(-2, 0)(-1, 0)( 0, 0)( 1, 0)( 2, 0)( 3, 0)
(-3, 1)(-2, 1)(-1, 1)( 0, 1)( 1, 1)( 2, 1)(     )
(-3, 2)(-2, 2)(-1, 2)( 0, 2)( 1, 2)(     )(     )
(-3, 3)(-2, 3)(-1, 3)( 0, 3)(     )(     )(     )

2017-02-13 08:47:24.171 INFO  model.board.Board 300 printTileNeighbors - 
Row: 0
                          null : 
                          null : 
                          null : 
      model.board.Sea@297f8e59 : [model.board.Sea@3e177ba, model.board.Pasture@3962e477, model.board.Sea@529945d1]
       model.board.Sea@3e177ba : [model.board.Hill@486995e8, model.board.Pasture@3962e477, model.board.Sea@297f8e59, model.board.Sea@7cf652a9]
      model.board.Sea@7cf652a9 : [model.board.Sea@3e177ba, model.board.Field@fe238b5, model.board.Hill@486995e8, model.board.Sea@29ae1628]
      model.board.Sea@29ae1628 : [model.board.Sea@217ae800, model.board.Field@fe238b5, model.board.Sea@7cf652a9]
Row: 1
                          null : 
                          null : 
      model.board.Sea@529945d1 : [model.board.Pasture@3962e477, model.board.Forest@4fd4b897, model.board.Sea@39558633, model.board.Sea@297f8e59]
  model.board.Pasture@3962e477 : [model.board.Sea@3e177ba, model.board.Hill@486995e8, model.board.Field@77f8f8aa, model.board.Forest@4fd4b897, model.board.Sea@529945d1, model.board.Sea@297f8e59]
     model.board.Hill@486995e8 : [model.board.Sea@3e177ba, model.board.Field@fe238b5, model.board.Forest@2ebeaf2b, model.board.Field@77f8f8aa, model.board.Pasture@3962e477, model.board.Sea@7cf652a9]
     model.board.Field@fe238b5 : [model.board.Sea@217ae800, model.board.Forest@1fe1bacd, model.board.Forest@2ebeaf2b, model.board.Hill@486995e8, model.board.Sea@7cf652a9, model.board.Sea@29ae1628]
      model.board.Sea@217ae800 : [model.board.Sea@58f26814, model.board.Forest@1fe1bacd, model.board.Field@fe238b5, model.board.Sea@29ae1628]
Row: 2
                          null : 
      model.board.Sea@39558633 : [model.board.Sea@529945d1, model.board.Forest@4fd4b897, model.board.Sea@4d030927, model.board.Forest@7af56b9c]
   model.board.Forest@4fd4b897 : [model.board.Desert@7d0e9585, model.board.Sea@529945d1, model.board.Pasture@3962e477, model.board.Field@77f8f8aa, model.board.Sea@39558633, model.board.Forest@7af56b9c]
    model.board.Field@77f8f8aa : [model.board.Desert@7d0e9585, model.board.Pasture@3962e477, model.board.Hill@486995e8, model.board.Forest@2ebeaf2b, model.board.Forest@4fd4b897, model.board.Hill@2692aaf8]
   model.board.Forest@2ebeaf2b : [model.board.Hill@486995e8, model.board.Field@fe238b5, model.board.Forest@1fe1bacd, model.board.Field@77f8f8aa, model.board.Hill@2692aaf8, model.board.Mountain@6d6bd4f6]
   model.board.Forest@1fe1bacd : [model.board.Field@fe238b5, model.board.Sea@217ae800, model.board.Sea@58f26814, model.board.Hill@190b3fa9, model.board.Forest@2ebeaf2b, model.board.Mountain@6d6bd4f6]
      model.board.Sea@58f26814 : [model.board.Sea@217ae800, model.board.Sea@3874a24d, model.board.Hill@190b3fa9, model.board.Forest@1fe1bacd]
Row: 3
      model.board.Sea@4d030927 : [model.board.Sea@39558633, model.board.Sea@31dfba7b, model.board.Forest@7af56b9c]
   model.board.Forest@7af56b9c : [model.board.Desert@7d0e9585, model.board.Sea@39558633, model.board.Forest@4fd4b897, model.board.Field@5d714472, model.board.Sea@31dfba7b, model.board.Sea@4d030927]
   model.board.Desert@7d0e9585 : [model.board.Forest@4fd4b897, model.board.Field@77f8f8aa, model.board.Mountain@2a913d2, model.board.Field@5d714472, model.board.Forest@7af56b9c, model.board.Hill@2692aaf8]
     model.board.Hill@2692aaf8 : [model.board.Desert@7d0e9585, model.board.Field@77f8f8aa, model.board.Forest@2ebeaf2b, model.board.Field@3156ab15, model.board.Mountain@2a913d2, model.board.Mountain@6d6bd4f6]
 model.board.Mountain@6d6bd4f6 : [model.board.Forest@2ebeaf2b, model.board.Forest@1fe1bacd, model.board.Hill@190b3fa9, model.board.Pasture@59335ce1, model.board.Field@3156ab15, model.board.Hill@2692aaf8]
     model.board.Hill@190b3fa9 : [model.board.Forest@1fe1bacd, model.board.Sea@58f26814, model.board.Sea@3874a24d, model.board.Sea@2cad11b8, model.board.Pasture@59335ce1, model.board.Mountain@6d6bd4f6]
      model.board.Sea@3874a24d : [model.board.Sea@58f26814, model.board.Sea@2cad11b8, model.board.Hill@190b3fa9]
Row: 4
      model.board.Sea@31dfba7b : [model.board.Sea@4d030927, model.board.Field@5d714472, model.board.Sea@606d7a34, model.board.Forest@7af56b9c]
    model.board.Field@5d714472 : [model.board.Desert@7d0e9585, model.board.Mountain@2a913d2, model.board.Pasture@470af0e2, model.board.Sea@606d7a34, model.board.Sea@31dfba7b, model.board.Forest@7af56b9c]
  model.board.Mountain@2a913d2 : [model.board.Desert@7d0e9585, model.board.Field@3156ab15, model.board.Mountain@2d70f894, model.board.Pasture@470af0e2, model.board.Field@5d714472, model.board.Hill@2692aaf8]
    model.board.Field@3156ab15 : [model.board.Pasture@59335ce1, model.board.Pasture@2a90d268, model.board.Mountain@2d70f894, model.board.Mountain@2a913d2, model.board.Hill@2692aaf8, model.board.Mountain@6d6bd4f6]
  model.board.Pasture@59335ce1 : [model.board.Hill@190b3fa9, model.board.Sea@2cad11b8, model.board.Pasture@2a90d268, model.board.Field@3156ab15, model.board.Sea@2e9ada2c, model.board.Mountain@6d6bd4f6]
      model.board.Sea@2cad11b8 : [model.board.Hill@190b3fa9, model.board.Sea@3874a24d, model.board.Pasture@59335ce1, model.board.Sea@2e9ada2c]
                          null : 
Row: 5
      model.board.Sea@606d7a34 : [model.board.Sea@6afe2e96, model.board.Sea@31dfba7b, model.board.Field@5d714472, model.board.Pasture@470af0e2]
  model.board.Pasture@470af0e2 : [model.board.Sea@6afe2e96, model.board.Field@5d714472, model.board.Mountain@2a913d2, model.board.Mountain@2d70f894, model.board.Sea@606d7a34, model.board.Sea@61c94527]
 model.board.Mountain@2d70f894 : [model.board.Mountain@2a913d2, model.board.Field@3156ab15, model.board.Pasture@2a90d268, model.board.Pasture@470af0e2, model.board.Sea@61c94527, model.board.Sea@4d66c8e4]
  model.board.Pasture@2a90d268 : [model.board.Field@3156ab15, model.board.Pasture@59335ce1, model.board.Sea@35d530de, model.board.Mountain@2d70f894, model.board.Sea@2e9ada2c, model.board.Sea@4d66c8e4]
      model.board.Sea@2e9ada2c : [model.board.Pasture@59335ce1, model.board.Sea@2cad11b8, model.board.Sea@35d530de, model.board.Pasture@2a90d268]
                          null : 
                          null : 
Row: 6
      model.board.Sea@6afe2e96 : [model.board.Sea@606d7a34, model.board.Pasture@470af0e2, model.board.Sea@61c94527]
      model.board.Sea@61c94527 : [model.board.Sea@6afe2e96, model.board.Pasture@470af0e2, model.board.Mountain@2d70f894, model.board.Sea@4d66c8e4]
      model.board.Sea@4d66c8e4 : [model.board.Mountain@2d70f894, model.board.Pasture@2a90d268, model.board.Sea@35d530de, model.board.Sea@61c94527]
      model.board.Sea@35d530de : [model.board.Pasture@2a90d268, model.board.Sea@2e9ada2c, model.board.Sea@4d66c8e4]
                          null : 
                          null : 
                          null : 

2017-02-13 08:47:24.172 INFO  model.board.Board 321 printPorts - 
        {33} : GENERIC
         {9} : ORE
         {8} : GENERIC
        {22} : LUMBER
         {0} : GRAIN
        {32} : GENERIC
         {2} : WOOL
        {35} : BRICK
        {21} : GENERIC

{15, 16, 22} : LUMBER
{16, 22, 23} : LUMBER
   {2, 6, 7} : WOOL
{31, 32, 36} : GENERIC
{28, 29, 33} : GENERIC
  {7, 8, 13} : GENERIC
 {9, 10, 16} : ORE
 {9, 15, 16} : ORE
{26, 31, 32} : GENERIC
{29, 33, 34} : GENERIC
   {3, 7, 8} : GENERIC
{30, 31, 35} : BRICK
   {2, 3, 7} : WOOL
{30, 34, 35} : BRICK
{14, 20, 21} : GENERIC
{20, 21, 27} : GENERIC
   {0, 4, 5} : GRAIN
   {0, 1, 5} : GRAIN

2017-02-13 08:47:24.223 TRACE model.players.Ai 33 <init> - Enter model.players.Ai@91c334b
2017-02-13 08:47:24.224 DEBUG model.players.Player 62 printPlayer - model.players.Ai@91c334b
id        1         color     NULL      name                status    null      
vp        0         road      false     army      false     
dev       0         dice      0         
res       0         lumber    0         brick     0         grain     0         wool      0         ore       0         
dev       []
dev BLOCK []
Harbors   []
Roads          left      15        built     []
Settlements    left      5         built     []
Cities         left      4         built     []
2017-02-13 08:47:24.225 DEBUG model.players.Player 62 printPlayer - model.players.Ai@91c334b
id        1         color     NULL      name                status    START_GAME
vp        0         road      false     army      false     
dev       0         dice      0         
res       0         lumber    0         brick     0         grain     0         wool      0         ore       0         
dev       []
dev BLOCK []
Harbors   []
Roads          left      15        built     []
Settlements    left      5         built     []
Cities         left      4         built     []
2017-02-13 08:47:24.289 TRACE model.players.Ai 33 <init> - Enter model.players.Ai@4c19e669
2017-02-13 08:47:24.290 DEBUG model.players.Player 62 printPlayer - model.players.Ai@4c19e669
id        2         color     NULL      name                status    null      
vp        0         road      false     army      false     
dev       0         dice      0         
res       0         lumber    0         brick     0         grain     0         wool      0         ore       0         
dev       []
dev BLOCK []
Harbors   []
Roads          left      15        built     []
Settlements    left      5         built     []
Cities         left      4         built     []
2017-02-13 08:47:24.292 DEBUG model.players.Player 62 printPlayer - model.players.Ai@4c19e669
id        2         color     NULL      name                status    START_GAME
vp        0         road      false     army      false     
dev       0         dice      0         
res       0         lumber    0         brick     0         grain     0         wool      0         ore       0         
dev       []
dev BLOCK []
Harbors   []
Roads          left      15        built     []
Settlements    left      5         built     []
Cities         left      4         built     []
2017-02-13 08:47:24.372 TRACE model.players.Ai 33 <init> - Enter model.players.Ai@4bc5dc00
2017-02-13 08:47:24.373 DEBUG model.players.Player 62 printPlayer - model.players.Ai@4bc5dc00
id        3         color     NULL      name                status    null      
vp        0         road      false     army      false     
dev       0         dice      0         
res       0         lumber    0         brick     0         grain     0         wool      0         ore       0         
dev       []
dev BLOCK []
Harbors   []
Roads          left      15        built     []
Settlements    left      5         built     []
Cities         left      4         built     []
2017-02-13 08:47:24.374 DEBUG model.players.Player 62 printPlayer - model.players.Ai@4bc5dc00
id        3         color     NULL      name                status    START_GAME
vp        0         road      false     army      false     
dev       0         dice      0         
res       0         lumber    0         brick     0         grain     0         wool      0         ore       0         
dev       []
dev BLOCK []
Harbors   []
Roads          left      15        built     []
Settlements    left      5         built     []
Cities         left      4         built     []
2017-02-13 08:47:24.809 DEBUG model.players.Player 62 printPlayer - model.players.Ai@91c334b
id        1         color     BLUE      name      KI (1)    status    WAIT_FOR_GAME_START
vp        0         road      false     army      false     
dev       0         dice      0         
res       0         lumber    0         brick     0         grain     0         wool      0         ore       0         
dev       []
dev BLOCK []
Harbors   []
Roads          left      15        built     []
Settlements    left      5         built     []
Cities         left      4         built     []
2017-02-13 08:47:24.810 DEBUG model.Management 42 printManagement - model.Management@2ec4326c
KI (1)    sum       0         lumber    0         brick     0         grain     0         wool      0         ore       0         
KI (2)    sum       0         lumber    0         brick     0         grain     0         wool      0         ore       0         
KI (3)    sum       0         lumber    0         brick     0         grain     0         wool      0         ore       0         
[ M ]     sum       95        lumber    19        brick     19        grain     19        wool      19        ore       19        
2017-02-13 08:47:24.969 DEBUG model.players.Player 62 printPlayer - model.players.Ai@4c19e669
id        2         color     RED       name      KI (2)    status    WAIT_FOR_GAME_START
vp        0         road      false     army      false     
dev       0         dice      0         
res       0         lumber    0         brick     0         grain     0         wool      0         ore       0         
dev       []
dev BLOCK []
Harbors   []
Roads          left      15        built     []
Settlements    left      5         built     []
Cities         left      4         built     []
2017-02-13 08:47:24.973 DEBUG model.Management 42 printManagement - model.Management@2ec4326c
KI (1)    sum       0         lumber    0         brick     0         grain     0         wool      0         ore       0         
KI (2)    sum       0         lumber    0         brick     0         grain     0         wool      0         ore       0         
KI (3)    sum       0         lumber    0         brick     0         grain     0         wool      0         ore       0         
[ M ]     sum       95        lumber    19        brick     19        grain     19        wool      19        ore       19        
2017-02-13 08:47:25.140 DEBUG model.players.Player 62 printPlayer - model.players.Ai@4bc5dc00
id        3         color     ORANGE    name      KI (3)    status    WAIT_FOR_GAME_START
vp        0         road      false     army      false     
dev       0         dice      0         
res       0         lumber    0         brick     0         grain     0         wool      0         ore       0         
dev       []
dev BLOCK []
Harbors   []
Roads          left      15        built     []
Settlements    left      5         built     []
Cities         left      4         built     []
2017-02-13 08:47:25.141 DEBUG model.Management 42 printManagement - model.Management@2ec4326c
KI (1)    sum       0         lumber    0         brick     0         grain     0         wool      0         ore       0         
KI (2)    sum       0         lumber    0         brick     0         grain     0         wool      0         ore       0         
KI (3)    sum       0         lumber    0         brick     0         grain     0         wool      0         ore       0         
[ M ]     sum       95        lumber    19        brick     19        grain     19        wool      19        ore       19        
2017-02-13 08:47:45.709 TRACE model.players.Human 11 <init> - Enter model.players.Human@447670a5
2017-02-13 08:47:45.710 DEBUG model.players.Player 62 printPlayer - model.players.Human@447670a5
id        4         color     NULL      name                status    null      
vp        0         road      false     army      false     
dev       0         dice      0         
res       0         lumber    0         brick     0         grain     0         wool      0         ore       0         
dev       []
dev BLOCK []
Harbors   []
Roads          left      15        built     []
Settlements    left      5         built     []
Cities         left      4         built     []
2017-02-13 08:47:45.710 DEBUG model.players.Player 62 printPlayer - model.players.Human@447670a5
id        4         color     NULL      name                status    START_GAME
vp        0         road      false     army      false     
dev       0         dice      0         
res       0         lumber    0         brick     0         grain     0         wool      0         ore       0         
dev       []
dev BLOCK []
Harbors   []
Roads          left      15        built     []
Settlements    left      5         built     []
Cities         left      4         built     []
2017-02-13 08:47:56.438 DEBUG model.players.Player 62 printPlayer - model.players.Human@447670a5
id        4         color     NULL      name                status    WAIT_FOR_GAME_START
vp        0         road      false     army      false     
dev       0         dice      0         
res       0         lumber    0         brick     0         grain     0         wool      0         ore       0         
dev       []
dev BLOCK []
Harbors   []
Roads          left      15        built     []
Settlements    left      5         built     []
Cities         left      4         built     []
2017-02-13 08:47:56.439 DEBUG model.Management 42 printManagement - model.Management@2ec4326c
KI (1)    sum       0         lumber    0         brick     0         grain     0         wool      0         ore       0         
KI (2)    sum       0         lumber    0         brick     0         grain     0         wool      0         ore       0         
KI (3)    sum       0         lumber    0         brick     0         grain     0         wool      0         ore       0         
          sum       0         lumber    0         brick     0         grain     0         wool      0         ore       0         
[ M ]     sum       95        lumber    19        brick     19        grain     19        wool      19        ore       19        
2017-02-13 08:47:56.483 INFO  model.Management 58 rollDices - 
 Dice [ 4, 6 ]
 Resources [ BRICK 19, LUMBER 19, ORE 19, GRAIN 19, WOOL 19 ]
2017-02-13 08:47:56.507 INFO  model.Management 58 rollDices - 
 Dice [ 2, 3 ]
 Resources [ BRICK 19, LUMBER 19, ORE 19, GRAIN 19, WOOL 19 ]
2017-02-13 08:47:56.529 INFO  model.Management 58 rollDices - 
 Dice [ 6, 6 ]
 Resources [ BRICK 19, LUMBER 19, ORE 19, GRAIN 19, WOOL 19 ]
2017-02-13 08:47:56.554 INFO  model.Management 58 rollDices - 
 Dice [ 3, 2 ]
 Resources [ BRICK 19, LUMBER 19, ORE 19, GRAIN 19, WOOL 19 ]
2017-02-13 08:47:56.578 INFO  model.Management 58 rollDices - 
 Dice [ 6, 5 ]
 Resources [ BRICK 19, LUMBER 19, ORE 19, GRAIN 19, WOOL 19 ]
2017-02-13 08:47:56.604 INFO  model.Management 58 rollDices - 
 Dice [ 5, 5 ]
 Resources [ BRICK 19, LUMBER 19, ORE 19, GRAIN 19, WOOL 19 ]
2017-02-13 08:47:56.629 INFO  model.Management 58 rollDices - 
 Dice [ 3, 3 ]
 Resources [ BRICK 19, LUMBER 19, ORE 19, GRAIN 19, WOOL 19 ]
2017-02-13 08:47:56.653 INFO  model.Management 58 rollDices - 
 Dice [ 6, 1 ]
 Resources [ BRICK 19, LUMBER 19, ORE 19, GRAIN 19, WOOL 19 ]
2017-02-13 08:47:56.698 DEBUG model.players.Player 62 printPlayer - model.players.Ai@91c334b
id        1         color     BLUE      name      KI (1)    status    BUILD_SETTLEMENT
vp        0         road      false     army      false     
dev       0         dice      0         
res       0         lumber    0         brick     0         grain     0         wool      0         ore       0         
dev       []
dev BLOCK []
Harbors   []
Roads          left      15        built     []
Settlements    left      5         built     []
Cities         left      4         built     []
2017-02-13 08:47:56.701 DEBUG model.Management 42 printManagement - model.Management@2ec4326c
KI (1)    sum       0         lumber    0         brick     0         grain     0         wool      0         ore       0         
KI (2)    sum       0         lumber    0         brick     0         grain     0         wool      0         ore       0         
KI (3)    sum       0         lumber    0         brick     0         grain     0         wool      0         ore       0         
          sum       0         lumber    0         brick     0         grain     0         wool      0         ore       0         
[ M ]     sum       95        lumber    19        brick     19        grain     19        wool      19        ore       19        
2017-02-13 08:47:56.703 DEBUG model.players.Player 62 printPlayer - model.players.Ai@4c19e669
id        2         color     RED       name      KI (2)    status    WAIT      
vp        0         road      false     army      false     
dev       0         dice      0         
res       0         lumber    0         brick     0         grain     0         wool      0         ore       0         
dev       []
dev BLOCK []
Harbors   []
Roads          left      15        built     []
Settlements    left      5         built     []
Cities         left      4         built     []
2017-02-13 08:47:56.704 DEBUG model.Management 42 printManagement - model.Management@2ec4326c
KI (1)    sum       0         lumber    0         brick     0         grain     0         wool      0         ore       0         
KI (2)    sum       0         lumber    0         brick     0         grain     0         wool      0         ore       0         
KI (3)    sum       0         lumber    0         brick     0         grain     0         wool      0         ore       0         
          sum       0         lumber    0         brick     0         grain     0         wool      0         ore       0         
[ M ]     sum       95        lumber    19        brick     19        grain     19        wool      19        ore       19        
2017-02-13 08:47:56.727 DEBUG model.players.Player 62 printPlayer - model.players.Ai@4bc5dc00
id        3         color     ORANGE    name      KI (3)    status    WAIT      
vp        0         road      false     army      false     
dev       0         dice      0         
res       0         lumber    0         brick     0         grain     0         wool      0         ore       0         
dev       []
dev BLOCK []
Harbors   []
Roads          left      15        built     []
Settlements    left      5         built     []
Cities         left      4         built     []
2017-02-13 08:47:56.730 DEBUG model.Management 42 printManagement - model.Management@2ec4326c
KI (1)    sum       0         lumber    0         brick     0         grain     0         wool      0         ore       0         
KI (2)    sum       0         lumber    0         brick     0         grain     0         wool      0         ore       0         
KI (3)    sum       0         lumber    0         brick     0         grain     0         wool      0         ore       0         
          sum       0         lumber    0         brick     0         grain     0         wool      0         ore       0         
[ M ]     sum       95        lumber    19        brick     19        grain     19        wool      19        ore       19        
2017-02-13 08:47:56.754 DEBUG model.players.Player 62 printPlayer - model.players.Human@447670a5
id        4         color     NULL      name                status    WAIT      
vp        0         road      false     army      false     
dev       0         dice      0         
res       0         lumber    0         brick     0         grain     0         wool      0         ore       0         
dev       []
dev BLOCK []
Harbors   []
Roads          left      15        built     []
Settlements    left      5         built     []
Cities         left      4         built     []
2017-02-13 08:47:56.756 DEBUG model.Management 42 printManagement - model.Management@2ec4326c
KI (1)    sum       0         lumber    0         brick     0         grain     0         wool      0         ore       0         
KI (2)    sum       0         lumber    0         brick     0         grain     0         wool      0         ore       0         
KI (3)    sum       0         lumber    0         brick     0         grain     0         wool      0         ore       0         
          sum       0         lumber    0         brick     0         grain     0         wool      0         ore       0         
[ M ]     sum       95        lumber    19        brick     19        grain     19        wool      19        ore       19        
2017-02-13 08:47:57.621 INFO  model.players.Player 892 getBuildableSettlements - start settlement 54
2017-02-13 08:47:57.627 INFO  model.players.Player 892 getBuildableSettlements - start settlement 54
2017-02-13 08:47:57.628 INFO  model.players.Player 892 getBuildableSettlements - start settlement 54
2017-02-13 08:47:57.632 INFO  model.players.Player 892 getBuildableSettlements - start settlement 54
2017-02-13 08:47:57.637 INFO  model.players.Player 892 getBuildableSettlements - start settlement 54
2017-02-13 08:47:57.641 INFO  model.players.Player 892 getBuildableSettlements - start settlement 54
2017-02-13 08:47:57.643 INFO  model.players.Player 892 getBuildableSettlements - start settlement 54
2017-02-13 08:47:57.645 INFO  model.players.Player 892 getBuildableSettlements - start settlement 54
2017-02-13 08:47:57.648 INFO  model.players.Player 892 getBuildableSettlements - start settlement 54
2017-02-13 08:47:57.649 INFO  model.players.Player 892 getBuildableSettlements - start settlement 54
2017-02-13 08:47:57.652 INFO  model.players.Player 892 getBuildableSettlements - start settlement 54
2017-02-13 08:47:57.655 INFO  model.players.Player 892 getBuildableSettlements - start settlement 54
2017-02-13 08:47:57.657 INFO  model.players.Player 892 getBuildableSettlements - start settlement 54
2017-02-13 08:47:57.658 INFO  model.players.Player 892 getBuildableSettlements - start settlement 54
2017-02-13 08:47:57.661 INFO  model.players.Player 892 getBuildableSettlements - start settlement 54
2017-02-13 08:47:57.662 INFO  model.players.Player 892 getBuildableSettlements - start settlement 54
2017-02-13 08:47:57.663 INFO  model.players.Player 892 getBuildableSettlements - start settlement 54
2017-02-13 08:47:57.664 INFO  model.players.Player 892 getBuildableSettlements - start settlement 54
2017-02-13 08:47:57.666 INFO  model.players.Player 892 getBuildableSettlements - start settlement 54
2017-02-13 08:47:57.668 INFO  model.players.Player 892 getBuildableSettlements - start settlement 54
2017-02-13 08:47:57.673 INFO  model.players.Player 892 getBuildableSettlements - start settlement 54
2017-02-13 08:47:57.710 DEBUG model.players.Player 62 printPlayer - model.players.Ai@91c334b
id        1         color     BLUE      name      KI (1)    status    BUILD_STREET
vp        1         road      false     army      false     
dev       0         dice      0         
res       0         lumber    0         brick     0         grain     0         wool      0         ore       0         
dev       []
dev BLOCK []
Harbors   []
Roads          left      15        built     []
Settlements    left      4         built     [{6, 7, 12}]
Cities         left      4         built     []
2017-02-13 08:47:57.711 DEBUG model.Management 42 printManagement - model.Management@2ec4326c
KI (1)    sum       0         lumber    0         brick     0         grain     0         wool      0         ore       0         
KI (2)    sum       0         lumber    0         brick     0         grain     0         wool      0         ore       0         
KI (3)    sum       0         lumber    0         brick     0         grain     0         wool      0         ore       0         
          sum       0         lumber    0         brick     0         grain     0         wool      0         ore       0         
[ M ]     sum       95        lumber    19        brick     19        grain     19        wool      19        ore       19        
2017-02-13 08:47:57.737 INFO  model.Management 285 longestRoad - KI (1) longest road: 0
2017-02-13 08:47:57.737 INFO  model.Management 285 longestRoad - KI (2) longest road: 0
2017-02-13 08:47:57.737 INFO  model.Management 285 longestRoad - KI (3) longest road: 0
2017-02-13 08:47:57.737 INFO  model.Management 285 longestRoad -  longest road: 0
2017-02-13 08:47:57.738 INFO  model.Management 331 longestRoad - longest road: nothing changed
2017-02-13 08:47:57.738 INFO  model.Management 397 finish - offene Siegpunkte: 1, Siegpunktkarten: 0
2017-02-13 08:47:57.738 INFO  model.Management 397 finish - offene Siegpunkte: 0, Siegpunktkarten: 0
2017-02-13 08:47:57.738 INFO  model.Management 397 finish - offene Siegpunkte: 0, Siegpunktkarten: 0
2017-02-13 08:47:57.738 INFO  model.Management 397 finish - offene Siegpunkte: 0, Siegpunktkarten: 0
2017-02-13 08:47:58.072 INFO  model.Management 285 longestRoad - KI (1) longest road: 1
2017-02-13 08:47:58.073 INFO  model.Management 285 longestRoad - KI (2) longest road: 0
2017-02-13 08:47:58.073 INFO  model.Management 285 longestRoad - KI (3) longest road: 0
2017-02-13 08:47:58.073 INFO  model.Management 285 longestRoad -  longest road: 0
2017-02-13 08:47:58.073 INFO  model.Management 331 longestRoad - longest road: nothing changed
2017-02-13 08:47:58.073 INFO  model.Management 397 finish - offene Siegpunkte: 1, Siegpunktkarten: 0
2017-02-13 08:47:58.073 INFO  model.Management 397 finish - offene Siegpunkte: 0, Siegpunktkarten: 0
2017-02-13 08:47:58.073 INFO  model.Management 397 finish - offene Siegpunkte: 0, Siegpunktkarten: 0
2017-02-13 08:47:58.073 INFO  model.Management 397 finish - offene Siegpunkte: 0, Siegpunktkarten: 0
2017-02-13 08:47:58.074 DEBUG model.players.Player 62 printPlayer - model.players.Ai@4c19e669
id        2         color     RED       name      KI (2)    status    BUILD_SETTLEMENT
vp        0         road      false     army      false     
dev       0         dice      0         
res       0         lumber    0         brick     0         grain     0         wool      0         ore       0         
dev       []
dev BLOCK []
Harbors   []
Roads          left      15        built     []
Settlements    left      5         built     []
Cities         left      4         built     []
2017-02-13 08:47:58.074 DEBUG model.Management 42 printManagement - model.Management@2ec4326c
KI (1)    sum       0         lumber    0         brick     0         grain     0         wool      0         ore       0         
KI (2)    sum       0         lumber    0         brick     0         grain     0         wool      0         ore       0         
KI (3)    sum       0         lumber    0         brick     0         grain     0         wool      0         ore       0         
          sum       0         lumber    0         brick     0         grain     0         wool      0         ore       0         
[ M ]     sum       95        lumber    19        brick     19        grain     19        wool      19        ore       19        
2017-02-13 08:47:58.075 DEBUG model.players.Player 62 printPlayer - model.players.Ai@91c334b
id        1         color     BLUE      name      KI (1)    status    WAIT      
vp        1         road      false     army      false     
dev       0         dice      0         
res       0         lumber    0         brick     0         grain     0         wool      0         ore       0         
dev       []
dev BLOCK []
Harbors   []
Roads          left      14        built     [{7, 12}]
Settlements    left      4         built     [{6, 7, 12}]
Cities         left      4         built     []
2017-02-13 08:47:58.075 DEBUG model.Management 42 printManagement - model.Management@2ec4326c
KI (1)    sum       0         lumber    0         brick     0         grain     0         wool      0         ore       0         
KI (2)    sum       0         lumber    0         brick     0         grain     0         wool      0         ore       0         
KI (3)    sum       0         lumber    0         brick     0         grain     0         wool      0         ore       0         
          sum       0         lumber    0         brick     0         grain     0         wool      0         ore       0         
[ M ]     sum       95        lumber    19        brick     19        grain     19        wool      19        ore       19        
2017-02-13 08:47:58.309 INFO  model.players.Player 892 getBuildableSettlements - start settlement 50
2017-02-13 08:47:58.311 INFO  model.players.Player 892 getBuildableSettlements - start settlement 50
2017-02-13 08:47:58.312 INFO  model.players.Player 892 getBuildableSettlements - start settlement 50
2017-02-13 08:47:58.313 INFO  model.players.Player 892 getBuildableSettlements - start settlement 50
2017-02-13 08:47:58.315 INFO  model.players.Player 892 getBuildableSettlements - start settlement 50
2017-02-13 08:47:58.316 INFO  model.players.Player 892 getBuildableSettlements - start settlement 50
2017-02-13 08:47:58.316 INFO  model.players.Player 892 getBuildableSettlements - start settlement 50
2017-02-13 08:47:58.317 INFO  model.players.Player 892 getBuildableSettlements - start settlement 50
2017-02-13 08:47:58.317 INFO  model.players.Player 892 getBuildableSettlements - start settlement 50
2017-02-13 08:47:58.317 INFO  model.players.Player 892 getBuildableSettlements - start settlement 50
2017-02-13 08:47:58.318 INFO  model.players.Player 892 getBuildableSettlements - start settlement 50
2017-02-13 08:47:58.318 INFO  model.players.Player 892 getBuildableSettlements - start settlement 50
2017-02-13 08:47:58.318 INFO  model.players.Player 892 getBuildableSettlements - start settlement 50
2017-02-13 08:47:58.319 INFO  model.players.Player 892 getBuildableSettlements - start settlement 50
2017-02-13 08:47:58.319 INFO  model.players.Player 892 getBuildableSettlements - start settlement 50
2017-02-13 08:47:58.319 INFO  model.players.Player 892 getBuildableSettlements - start settlement 50
2017-02-13 08:47:58.320 INFO  model.players.Player 892 getBuildableSettlements - start settlement 50
2017-02-13 08:47:58.321 INFO  model.players.Player 892 getBuildableSettlements - start settlement 50
2017-02-13 08:47:58.322 INFO  model.players.Player 892 getBuildableSettlements - start settlement 50
2017-02-13 08:47:58.322 INFO  model.players.Player 892 getBuildableSettlements - start settlement 50
2017-02-13 08:47:58.323 INFO  model.players.Player 892 getBuildableSettlements - start settlement 50
2017-02-13 08:47:58.345 DEBUG model.players.Player 62 printPlayer - model.players.Ai@4c19e669
id        2         color     RED       name      KI (2)    status    BUILD_STREET
vp        1         road      false     army      false     
dev       0         dice      0         
res       0         lumber    0         brick     0         grain     0         wool      0         ore       0         
dev       []
dev BLOCK []
Harbors   []
Roads          left      15        built     []
Settlements    left      4         built     [{13, 19, 20}]
Cities         left      4         built     []
2017-02-13 08:47:58.345 DEBUG model.Management 42 printManagement - model.Management@2ec4326c
KI (1)    sum       0         lumber    0         brick     0         grain     0         wool      0         ore       0         
KI (2)    sum       0         lumber    0         brick     0         grain     0         wool      0         ore       0         
KI (3)    sum       0         lumber    0         brick     0         grain     0         wool      0         ore       0         
          sum       0         lumber    0         brick     0         grain     0         wool      0         ore       0         
[ M ]     sum       95        lumber    19        brick     19        grain     19        wool      19        ore       19        
2017-02-13 08:47:58.372 INFO  model.Management 285 longestRoad - KI (1) longest road: 1
2017-02-13 08:47:58.374 INFO  model.Management 285 longestRoad - KI (2) longest road: 0
2017-02-13 08:47:58.375 INFO  model.Management 285 longestRoad - KI (3) longest road: 0
2017-02-13 08:47:58.376 INFO  model.Management 285 longestRoad -  longest road: 0
2017-02-13 08:47:58.376 INFO  model.Management 331 longestRoad - longest road: nothing changed
2017-02-13 08:47:58.377 INFO  model.Management 397 finish - offene Siegpunkte: 1, Siegpunktkarten: 0
2017-02-13 08:47:58.377 INFO  model.Management 397 finish - offene Siegpunkte: 1, Siegpunktkarten: 0
2017-02-13 08:47:58.378 INFO  model.Management 397 finish - offene Siegpunkte: 0, Siegpunktkarten: 0
2017-02-13 08:47:58.378 INFO  model.Management 397 finish - offene Siegpunkte: 0, Siegpunktkarten: 0
2017-02-13 08:47:58.710 INFO  model.Management 285 longestRoad - KI (1) longest road: 1
2017-02-13 08:47:58.710 INFO  model.Management 285 longestRoad - KI (2) longest road: 1
2017-02-13 08:47:58.710 INFO  model.Management 285 longestRoad - KI (3) longest road: 0
2017-02-13 08:47:58.710 INFO  model.Management 285 longestRoad -  longest road: 0
2017-02-13 08:47:58.711 INFO  model.Management 331 longestRoad - longest road: nothing changed
2017-02-13 08:47:58.711 INFO  model.Management 397 finish - offene Siegpunkte: 1, Siegpunktkarten: 0
2017-02-13 08:47:58.711 INFO  model.Management 397 finish - offene Siegpunkte: 1, Siegpunktkarten: 0
2017-02-13 08:47:58.711 INFO  model.Management 397 finish - offene Siegpunkte: 0, Siegpunktkarten: 0
2017-02-13 08:47:58.711 INFO  model.Management 397 finish - offene Siegpunkte: 0, Siegpunktkarten: 0
2017-02-13 08:47:58.711 DEBUG model.players.Player 62 printPlayer - model.players.Human@447670a5
id        4         color     NULL      name                status    BUILD_SETTLEMENT
vp        0         road      false     army      false     
dev       0         dice      0         
res       0         lumber    0         brick     0         grain     0         wool      0         ore       0         
dev       []
dev BLOCK []
Harbors   []
Roads          left      15        built     []
Settlements    left      5         built     []
Cities         left      4         built     []
2017-02-13 08:47:58.711 DEBUG model.Management 42 printManagement - model.Management@2ec4326c
KI (1)    sum       0         lumber    0         brick     0         grain     0         wool      0         ore       0         
KI (2)    sum       0         lumber    0         brick     0         grain     0         wool      0         ore       0         
KI (3)    sum       0         lumber    0         brick     0         grain     0         wool      0         ore       0         
          sum       0         lumber    0         brick     0         grain     0         wool      0         ore       0         
[ M ]     sum       95        lumber    19        brick     19        grain     19        wool      19        ore       19        
2017-02-13 08:47:58.711 DEBUG model.players.Player 62 printPlayer - model.players.Ai@4c19e669
id        2         color     RED       name      KI (2)    status    WAIT      
vp        1         road      false     army      false     
dev       0         dice      0         
res       0         lumber    0         brick     0         grain     0         wool      0         ore       0         
dev       []
dev BLOCK []
Harbors   []
Roads          left      14        built     [{13, 20}]
Settlements    left      4         built     [{13, 19, 20}]
Cities         left      4         built     []
2017-02-13 08:47:58.712 DEBUG model.Management 42 printManagement - model.Management@2ec4326c
KI (1)    sum       0         lumber    0         brick     0         grain     0         wool      0         ore       0         
KI (2)    sum       0         lumber    0         brick     0         grain     0         wool      0         ore       0         
KI (3)    sum       0         lumber    0         brick     0         grain     0         wool      0         ore       0         
          sum       0         lumber    0         brick     0         grain     0         wool      0         ore       0         
[ M ]     sum       95        lumber    19        brick     19        grain     19        wool      19        ore       19        
