2017-02-13 08:47:24.191 INFO  network.server.Server 112 startUp - Started server...
hostname:   ChrisMacBookPro2016
ip:         192.168.2.106
port:       10003
2017-02-13 08:47:24.199 INFO  network.server.Server 136 run - 0
2017-02-13 08:47:24.199 INFO  network.client.Client 95 connect - Socket[addr=localhost/127.0.0.1,port=10003,localport=49870]
2017-02-13 08:47:24.201 INFO  network.server.ClientThread 221 setClientID - clientID: 1
2017-02-13 08:47:24.202 INFO  network.server.Server 142 run - Id: 1, Socket: Socket[addr=/127.0.0.1,port=49870,localport=10003]
2017-02-13 08:47:24.202 TRACE network.server.ClientThread 42 run - Enter
2017-02-13 08:47:24.203 WARN  network.client.ClientListener 388 writeToConsole - Case not covered!
2017-02-13 08:47:24.203 INFO  network.client.Client 106 connect - Connected to localhost, 10003
2017-02-13 08:47:24.212 INFO  network.server.ClientThread 126 msgThisClient -    1 > {"Hallo":{"Protokoll":"1.0","Version":"Catan-Server (DichteFideleForste"}}
2017-02-13 08:47:24.214 INFO  network.server.ClientThread 59 run -  < 1   {"Hallo":{"Version":"JavaFXClient 1.0 (DichteFideleLurche) (KI)"}}
2017-02-13 08:47:24.214 INFO  network.client.Client 156 sendMsg - {"Hallo":{"Version":"JavaFXClient 1.0 (DichteFideleLurche) (KI)"}}
2017-02-13 08:47:24.214 INFO  network.client.Client 173 receiveMsg - {"Hallo":{"Protokoll":"1.0","Version":"Catan-Server (DichteFideleForste"}}
2017-02-13 08:47:24.219 INFO  network.server.ClientThread 126 msgThisClient -    1 > {"Willkommen":{"id":1}}
2017-02-13 08:47:24.225 INFO  network.server.ClientThread 126 msgThisClient -    1 > {"Statusupdate":{"Spieler":{"Status":"Spiel starten","Rittermacht":0,"Längste Handelsstraße":false,"Siegpunkte":0,"Rohstoffe":{"Getreide":0,"Wolle":0,"Holz":0,"Lehm":0,"Erz":0},"id":1,"Entwicklungskarten":{"Straßenbau":0,"Erfindung":0,"Monopol":0,"Ritter":0,"Siegpunkt":0},"Größte Rittermacht":false}}}
2017-02-13 08:47:24.285 INFO  network.server.Server 136 run - 1
2017-02-13 08:47:24.285 INFO  network.client.Client 95 connect - Socket[addr=localhost/127.0.0.1,port=10003,localport=49871]
2017-02-13 08:47:24.286 INFO  network.server.ClientThread 221 setClientID - clientID: 2
2017-02-13 08:47:24.286 WARN  network.client.ClientListener 388 writeToConsole - Case not covered!
2017-02-13 08:47:24.286 INFO  network.server.Server 142 run - Id: 2, Socket: Socket[addr=/127.0.0.1,port=49871,localport=10003]
2017-02-13 08:47:24.286 INFO  network.client.Client 106 connect - Connected to localhost, 10003
2017-02-13 08:47:24.286 TRACE network.server.ClientThread 42 run - Enter
2017-02-13 08:47:24.287 INFO  network.server.ClientThread 126 msgThisClient -    2 > {"Hallo":{"Protokoll":"1.0","Version":"Catan-Server (DichteFideleForste"}}
2017-02-13 08:47:24.288 INFO  network.client.Client 156 sendMsg - {"Hallo":{"Version":"JavaFXClient 1.0 (DichteFideleLurche) (KI)"}}
2017-02-13 08:47:24.288 INFO  network.server.ClientThread 59 run -  < 2   {"Hallo":{"Version":"JavaFXClient 1.0 (DichteFideleLurche) (KI)"}}
2017-02-13 08:47:24.288 INFO  network.client.Client 173 receiveMsg - {"Hallo":{"Protokoll":"1.0","Version":"Catan-Server (DichteFideleForste"}}
2017-02-13 08:47:24.289 INFO  network.server.ClientThread 126 msgThisClient -    2 > {"Willkommen":{"id":2}}
2017-02-13 08:47:24.292 INFO  network.server.ClientThread 126 msgThisClient -    2 > {"Statusupdate":{"Spieler":{"Status":"Spiel starten","Rittermacht":0,"Längste Handelsstraße":false,"Siegpunkte":0,"Rohstoffe":{"Getreide":0,"Wolle":0,"Holz":0,"Lehm":0,"Erz":0},"id":2,"Entwicklungskarten":{"Straßenbau":0,"Erfindung":0,"Monopol":0,"Ritter":0,"Siegpunkt":0},"Größte Rittermacht":false}}}
2017-02-13 08:47:24.292 INFO  network.server.ClientThread 186 msgAllButThisClient -    1 > {"Statusupdate":{"Spieler":{"Status":"Spiel starten","Rittermacht":0,"Längste Handelsstraße":false,"Siegpunkte":0,"Rohstoffe":{"Unbekannt":0},"id":2,"Entwicklungskarten":{"Unbekannt":0},"Größte Rittermacht":false}}}
2017-02-13 08:47:24.299 INFO  network.server.ClientThread 126 msgThisClient -    2 > {"Statusupdate":{"Spieler":{"Status":"Spiel starten","Rittermacht":0,"Längste Handelsstraße":false,"Siegpunkte":0,"Rohstoffe":{"Unbekannt":0},"id":1,"Entwicklungskarten":{"Unbekannt":0},"Größte Rittermacht":false}}}
2017-02-13 08:47:24.368 INFO  network.server.Server 136 run - 2
2017-02-13 08:47:24.368 INFO  network.client.Client 95 connect - Socket[addr=localhost/127.0.0.1,port=10003,localport=49872]
2017-02-13 08:47:24.368 INFO  network.server.ClientThread 221 setClientID - clientID: 3
2017-02-13 08:47:24.368 WARN  network.client.ClientListener 388 writeToConsole - Case not covered!
2017-02-13 08:47:24.369 INFO  network.server.Server 142 run - Id: 3, Socket: Socket[addr=/127.0.0.1,port=49872,localport=10003]
2017-02-13 08:47:24.369 INFO  network.client.Client 106 connect - Connected to localhost, 10003
2017-02-13 08:47:24.369 TRACE network.server.ClientThread 42 run - Enter
2017-02-13 08:47:24.370 INFO  network.server.ClientThread 126 msgThisClient -    3 > {"Hallo":{"Protokoll":"1.0","Version":"Catan-Server (DichteFideleForste"}}
2017-02-13 08:47:24.370 INFO  network.server.ClientThread 59 run -  < 3   {"Hallo":{"Version":"JavaFXClient 1.0 (DichteFideleLurche) (KI)"}}
2017-02-13 08:47:24.370 INFO  network.client.Client 156 sendMsg - {"Hallo":{"Version":"JavaFXClient 1.0 (DichteFideleLurche) (KI)"}}
2017-02-13 08:47:24.371 INFO  network.client.Client 173 receiveMsg - {"Hallo":{"Protokoll":"1.0","Version":"Catan-Server (DichteFideleForste"}}
2017-02-13 08:47:24.371 INFO  network.server.ClientThread 126 msgThisClient -    3 > {"Willkommen":{"id":3}}
2017-02-13 08:47:24.375 INFO  network.server.ClientThread 126 msgThisClient -    3 > {"Statusupdate":{"Spieler":{"Status":"Spiel starten","Rittermacht":0,"Längste Handelsstraße":false,"Siegpunkte":0,"Rohstoffe":{"Getreide":0,"Wolle":0,"Holz":0,"Lehm":0,"Erz":0},"id":3,"Entwicklungskarten":{"Straßenbau":0,"Erfindung":0,"Monopol":0,"Ritter":0,"Siegpunkt":0},"Größte Rittermacht":false}}}
2017-02-13 08:47:24.375 INFO  network.server.ClientThread 186 msgAllButThisClient -    1 > {"Statusupdate":{"Spieler":{"Status":"Spiel starten","Rittermacht":0,"Längste Handelsstraße":false,"Siegpunkte":0,"Rohstoffe":{"Unbekannt":0},"id":3,"Entwicklungskarten":{"Unbekannt":0},"Größte Rittermacht":false}}}
2017-02-13 08:47:24.382 INFO  network.client.Client 173 receiveMsg - {"Willkommen":{"id":1}}
2017-02-13 08:47:24.382 INFO  network.server.ClientThread 186 msgAllButThisClient -    2 > {"Statusupdate":{"Spieler":{"Status":"Spiel starten","Rittermacht":0,"Längste Handelsstraße":false,"Siegpunkte":0,"Rohstoffe":{"Unbekannt":0},"id":3,"Entwicklungskarten":{"Unbekannt":0},"Größte Rittermacht":false}}}
2017-02-13 08:47:24.388 INFO  network.server.ClientThread 126 msgThisClient -    3 > {"Statusupdate":{"Spieler":{"Status":"Spiel starten","Rittermacht":0,"Längste Handelsstraße":false,"Siegpunkte":0,"Rohstoffe":{"Unbekannt":0},"id":1,"Entwicklungskarten":{"Unbekannt":0},"Größte Rittermacht":false}}}
2017-02-13 08:47:24.388 INFO  network.server.ClientThread 126 msgThisClient -    3 > {"Statusupdate":{"Spieler":{"Status":"Spiel starten","Rittermacht":0,"Längste Handelsstraße":false,"Siegpunkte":0,"Rohstoffe":{"Unbekannt":0},"id":2,"Entwicklungskarten":{"Unbekannt":0},"Größte Rittermacht":false}}}
2017-02-13 08:47:24.455 INFO  network.client.Client 173 receiveMsg - {"Willkommen":{"id":2}}
2017-02-13 08:47:24.472 INFO  network.client.Client 156 sendMsg - {"Spieler":{"Farbe":"Blau","Name":"KI (1)"}}
2017-02-13 08:47:24.473 INFO  network.client.Client 173 receiveMsg - {"Statusupdate":{"Spieler":{"Status":"Spiel starten","Rittermacht":0,"Längste Handelsstraße":false,"Siegpunkte":0,"Rohstoffe":{"Getreide":0,"Wolle":0,"Holz":0,"Lehm":0,"Erz":0},"id":1,"Entwicklungskarten":{"Straßenbau":0,"Erfindung":0,"Monopol":0,"Ritter":0,"Siegpunkt":0},"Größte Rittermacht":false}}}
2017-02-13 08:47:24.473 INFO  network.server.ClientThread 59 run -  < 1   {"Spieler":{"Farbe":"Blau","Name":"KI (1)"}}
2017-02-13 08:47:24.475 INFO  network.server.ClientThread 126 msgThisClient -    1 > {"Serverantwort":"OK"}
2017-02-13 08:47:24.478 INFO  network.server.ClientThread 126 msgThisClient -    1 > {"Statusupdate":{"Spieler":{"Status":"Spiel starten","Rittermacht":0,"Farbe":"Blau","Längste Handelsstraße":false,"Siegpunkte":0,"Rohstoffe":{"Getreide":0,"Wolle":0,"Holz":0,"Lehm":0,"Erz":0},"id":1,"Entwicklungskarten":{"Straßenbau":0,"Erfindung":0,"Monopol":0,"Ritter":0,"Siegpunkt":0},"Name":"KI (1)","Größte Rittermacht":false}}}
2017-02-13 08:47:24.479 INFO  network.server.ClientThread 186 msgAllButThisClient -    2 > {"Statusupdate":{"Spieler":{"Status":"Spiel starten","Rittermacht":0,"Farbe":"Blau","Längste Handelsstraße":false,"Siegpunkte":0,"Rohstoffe":{"Unbekannt":0},"id":1,"Entwicklungskarten":{"Unbekannt":0},"Name":"KI (1)","Größte Rittermacht":false}}}
2017-02-13 08:47:24.486 INFO  network.server.ClientThread 186 msgAllButThisClient -    3 > {"Statusupdate":{"Spieler":{"Status":"Spiel starten","Rittermacht":0,"Farbe":"Blau","Längste Handelsstraße":false,"Siegpunkte":0,"Rohstoffe":{"Unbekannt":0},"id":1,"Entwicklungskarten":{"Unbekannt":0},"Name":"KI (1)","Größte Rittermacht":false}}}
2017-02-13 08:47:24.541 INFO  network.client.Client 156 sendMsg - {"Spieler":{"Farbe":"Rot","Name":"KI (2)"}}
2017-02-13 08:47:24.542 INFO  network.client.Client 173 receiveMsg - {"Willkommen":{"id":3}}
2017-02-13 08:47:24.542 INFO  network.client.Client 173 receiveMsg - {"Statusupdate":{"Spieler":{"Status":"Spiel starten","Rittermacht":0,"Längste Handelsstraße":false,"Siegpunkte":0,"Rohstoffe":{"Getreide":0,"Wolle":0,"Holz":0,"Lehm":0,"Erz":0},"id":2,"Entwicklungskarten":{"Straßenbau":0,"Erfindung":0,"Monopol":0,"Ritter":0,"Siegpunkt":0},"Größte Rittermacht":false}}}
2017-02-13 08:47:24.542 INFO  network.server.ClientThread 59 run -  < 2   {"Spieler":{"Farbe":"Rot","Name":"KI (2)"}}
2017-02-13 08:47:24.543 INFO  network.server.ClientThread 126 msgThisClient -    2 > {"Serverantwort":"OK"}
2017-02-13 08:47:24.544 INFO  network.server.ClientThread 126 msgThisClient -    2 > {"Statusupdate":{"Spieler":{"Status":"Spiel starten","Rittermacht":0,"Farbe":"Rot","Längste Handelsstraße":false,"Siegpunkte":0,"Rohstoffe":{"Getreide":0,"Wolle":0,"Holz":0,"Lehm":0,"Erz":0},"id":2,"Entwicklungskarten":{"Straßenbau":0,"Erfindung":0,"Monopol":0,"Ritter":0,"Siegpunkt":0},"Name":"KI (2)","Größte Rittermacht":false}}}
2017-02-13 08:47:24.544 INFO  network.server.ClientThread 186 msgAllButThisClient -    1 > {"Statusupdate":{"Spieler":{"Status":"Spiel starten","Rittermacht":0,"Farbe":"Rot","Längste Handelsstraße":false,"Siegpunkte":0,"Rohstoffe":{"Unbekannt":0},"id":2,"Entwicklungskarten":{"Unbekannt":0},"Name":"KI (2)","Größte Rittermacht":false}}}
2017-02-13 08:47:24.550 INFO  network.server.ClientThread 186 msgAllButThisClient -    3 > {"Statusupdate":{"Spieler":{"Status":"Spiel starten","Rittermacht":0,"Farbe":"Rot","Längste Handelsstraße":false,"Siegpunkte":0,"Rohstoffe":{"Unbekannt":0},"id":2,"Entwicklungskarten":{"Unbekannt":0},"Name":"KI (2)","Größte Rittermacht":false}}}
2017-02-13 08:47:24.554 INFO  network.client.Client 173 receiveMsg - {"Statusupdate":{"Spieler":{"Status":"Spiel starten","Rittermacht":0,"Längste Handelsstraße":false,"Siegpunkte":0,"Rohstoffe":{"Unbekannt":0},"id":2,"Entwicklungskarten":{"Unbekannt":0},"Größte Rittermacht":false}}}
2017-02-13 08:47:24.626 INFO  network.client.Client 173 receiveMsg - {"Statusupdate":{"Spieler":{"Status":"Spiel starten","Rittermacht":0,"Längste Handelsstraße":false,"Siegpunkte":0,"Rohstoffe":{"Unbekannt":0},"id":1,"Entwicklungskarten":{"Unbekannt":0},"Größte Rittermacht":false}}}
2017-02-13 08:47:24.627 INFO  network.server.ClientThread 59 run -  < 3   {"Spieler":{"Farbe":"Orange","Name":"KI (3)"}}
2017-02-13 08:47:24.627 INFO  network.client.Client 156 sendMsg - {"Spieler":{"Farbe":"Orange","Name":"KI (3)"}}
2017-02-13 08:47:24.627 INFO  network.client.Client 173 receiveMsg - {"Statusupdate":{"Spieler":{"Status":"Spiel starten","Rittermacht":0,"Längste Handelsstraße":false,"Siegpunkte":0,"Rohstoffe":{"Getreide":0,"Wolle":0,"Holz":0,"Lehm":0,"Erz":0},"id":3,"Entwicklungskarten":{"Straßenbau":0,"Erfindung":0,"Monopol":0,"Ritter":0,"Siegpunkt":0},"Größte Rittermacht":false}}}
2017-02-13 08:47:24.628 INFO  network.server.ClientThread 126 msgThisClient -    3 > {"Serverantwort":"OK"}
2017-02-13 08:47:24.630 INFO  network.server.ClientThread 126 msgThisClient -    3 > {"Statusupdate":{"Spieler":{"Status":"Spiel starten","Rittermacht":0,"Farbe":"Orange","Längste Handelsstraße":false,"Siegpunkte":0,"Rohstoffe":{"Getreide":0,"Wolle":0,"Holz":0,"Lehm":0,"Erz":0},"id":3,"Entwicklungskarten":{"Straßenbau":0,"Erfindung":0,"Monopol":0,"Ritter":0,"Siegpunkt":0},"Name":"KI (3)","Größte Rittermacht":false}}}
2017-02-13 08:47:24.630 INFO  network.server.ClientThread 186 msgAllButThisClient -    1 > {"Statusupdate":{"Spieler":{"Status":"Spiel starten","Rittermacht":0,"Farbe":"Orange","Längste Handelsstraße":false,"Siegpunkte":0,"Rohstoffe":{"Unbekannt":0},"id":3,"Entwicklungskarten":{"Unbekannt":0},"Name":"KI (3)","Größte Rittermacht":false}}}
2017-02-13 08:47:24.636 INFO  network.server.ClientThread 186 msgAllButThisClient -    2 > {"Statusupdate":{"Spieler":{"Status":"Spiel starten","Rittermacht":0,"Farbe":"Orange","Längste Handelsstraße":false,"Siegpunkte":0,"Rohstoffe":{"Unbekannt":0},"id":3,"Entwicklungskarten":{"Unbekannt":0},"Name":"KI (3)","Größte Rittermacht":false}}}
2017-02-13 08:47:24.638 INFO  network.client.Client 173 receiveMsg - {"Statusupdate":{"Spieler":{"Status":"Spiel starten","Rittermacht":0,"Längste Handelsstraße":false,"Siegpunkte":0,"Rohstoffe":{"Unbekannt":0},"id":3,"Entwicklungskarten":{"Unbekannt":0},"Größte Rittermacht":false}}}
2017-02-13 08:47:24.711 INFO  network.client.Client 173 receiveMsg - {"Statusupdate":{"Spieler":{"Status":"Spiel starten","Rittermacht":0,"Längste Handelsstraße":false,"Siegpunkte":0,"Rohstoffe":{"Unbekannt":0},"id":3,"Entwicklungskarten":{"Unbekannt":0},"Größte Rittermacht":false}}}
2017-02-13 08:47:24.711 INFO  network.client.Client 173 receiveMsg - {"Statusupdate":{"Spieler":{"Status":"Spiel starten","Rittermacht":0,"Längste Handelsstraße":false,"Siegpunkte":0,"Rohstoffe":{"Unbekannt":0},"id":1,"Entwicklungskarten":{"Unbekannt":0},"Größte Rittermacht":false}}}
2017-02-13 08:47:24.725 WARN  network.client.ClientListener 249 handleMsg - Case not covered!
2017-02-13 08:47:24.726 INFO  network.client.Client 173 receiveMsg - {"Serverantwort":"OK"}
2017-02-13 08:47:24.797 INFO  network.client.Client 173 receiveMsg - {"Statusupdate":{"Spieler":{"Status":"Spiel starten","Rittermacht":0,"Längste Handelsstraße":false,"Siegpunkte":0,"Rohstoffe":{"Unbekannt":0},"id":2,"Entwicklungskarten":{"Unbekannt":0},"Größte Rittermacht":false}}}
2017-02-13 08:47:24.797 INFO  network.client.Client 173 receiveMsg - {"Statusupdate":{"Spieler":{"Status":"Spiel starten","Rittermacht":0,"Farbe":"Blau","Längste Handelsstraße":false,"Siegpunkte":0,"Rohstoffe":{"Unbekannt":0},"id":1,"Entwicklungskarten":{"Unbekannt":0},"Name":"KI (1)","Größte Rittermacht":false}}}
2017-02-13 08:47:24.808 INFO  network.client.Client 156 sendMsg - {"Spiel starten":{}}
2017-02-13 08:47:24.808 INFO  network.server.ClientThread 59 run -  < 1   {"Spiel starten":{}}
2017-02-13 08:47:24.808 INFO  network.client.Client 173 receiveMsg - {"Statusupdate":{"Spieler":{"Status":"Spiel starten","Rittermacht":0,"Farbe":"Blau","Längste Handelsstraße":false,"Siegpunkte":0,"Rohstoffe":{"Getreide":0,"Wolle":0,"Holz":0,"Lehm":0,"Erz":0},"id":1,"Entwicklungskarten":{"Straßenbau":0,"Erfindung":0,"Monopol":0,"Ritter":0,"Siegpunkt":0},"Name":"KI (1)","Größte Rittermacht":false}}}
2017-02-13 08:47:24.810 INFO  network.server.ClientThread 126 msgThisClient -    1 > {"Serverantwort":"OK"}
2017-02-13 08:47:24.810 INFO  network.server.ClientThread 126 msgThisClient -    1 > {"Statusupdate":{"Spieler":{"Status":"Wartet auf Spielbeginn","Rittermacht":0,"Farbe":"Blau","Längste Handelsstraße":false,"Siegpunkte":0,"Rohstoffe":{"Getreide":0,"Wolle":0,"Holz":0,"Lehm":0,"Erz":0},"id":1,"Entwicklungskarten":{"Straßenbau":0,"Erfindung":0,"Monopol":0,"Ritter":0,"Siegpunkt":0},"Name":"KI (1)","Größte Rittermacht":false}}}
2017-02-13 08:47:24.811 INFO  network.server.ClientThread 186 msgAllButThisClient -    2 > {"Statusupdate":{"Spieler":{"Status":"Wartet auf Spielbeginn","Rittermacht":0,"Farbe":"Blau","Längste Handelsstraße":false,"Siegpunkte":0,"Rohstoffe":{"Unbekannt":0},"id":1,"Entwicklungskarten":{"Unbekannt":0},"Name":"KI (1)","Größte Rittermacht":false}}}
2017-02-13 08:47:24.817 INFO  network.server.ClientThread 186 msgAllButThisClient -    3 > {"Statusupdate":{"Spieler":{"Status":"Wartet auf Spielbeginn","Rittermacht":0,"Farbe":"Blau","Längste Handelsstraße":false,"Siegpunkte":0,"Rohstoffe":{"Unbekannt":0},"id":1,"Entwicklungskarten":{"Unbekannt":0},"Name":"KI (1)","Größte Rittermacht":false}}}
2017-02-13 08:47:24.879 WARN  network.client.ClientListener 249 handleMsg - Case not covered!
2017-02-13 08:47:24.880 INFO  network.client.Client 173 receiveMsg - {"Statusupdate":{"Spieler":{"Status":"Spiel starten","Rittermacht":0,"Farbe":"Blau","Längste Handelsstraße":false,"Siegpunkte":0,"Rohstoffe":{"Unbekannt":0},"id":1,"Entwicklungskarten":{"Unbekannt":0},"Name":"KI (1)","Größte Rittermacht":false}}}
2017-02-13 08:47:24.880 INFO  network.client.Client 173 receiveMsg - {"Serverantwort":"OK"}
2017-02-13 08:47:24.894 INFO  network.client.Client 173 receiveMsg - {"Statusupdate":{"Spieler":{"Status":"Spiel starten","Rittermacht":0,"Farbe":"Rot","Längste Handelsstraße":false,"Siegpunkte":0,"Rohstoffe":{"Unbekannt":0},"id":2,"Entwicklungskarten":{"Unbekannt":0},"Name":"KI (2)","Größte Rittermacht":false}}}
2017-02-13 08:47:24.966 INFO  network.client.Client 173 receiveMsg - {"Statusupdate":{"Spieler":{"Status":"Spiel starten","Rittermacht":0,"Farbe":"Rot","Längste Handelsstraße":false,"Siegpunkte":0,"Rohstoffe":{"Unbekannt":0},"id":2,"Entwicklungskarten":{"Unbekannt":0},"Name":"KI (2)","Größte Rittermacht":false}}}
2017-02-13 08:47:24.966 INFO  network.client.Client 156 sendMsg - {"Spiel starten":{}}
2017-02-13 08:47:24.967 INFO  network.server.ClientThread 59 run -  < 2   {"Spiel starten":{}}
2017-02-13 08:47:24.967 INFO  network.client.Client 173 receiveMsg - {"Statusupdate":{"Spieler":{"Status":"Spiel starten","Rittermacht":0,"Farbe":"Rot","Längste Handelsstraße":false,"Siegpunkte":0,"Rohstoffe":{"Getreide":0,"Wolle":0,"Holz":0,"Lehm":0,"Erz":0},"id":2,"Entwicklungskarten":{"Straßenbau":0,"Erfindung":0,"Monopol":0,"Ritter":0,"Siegpunkt":0},"Name":"KI (2)","Größte Rittermacht":false}}}
2017-02-13 08:47:24.975 INFO  network.server.ClientThread 126 msgThisClient -    2 > {"Serverantwort":"OK"}
2017-02-13 08:47:24.977 INFO  network.server.ClientThread 126 msgThisClient -    2 > {"Statusupdate":{"Spieler":{"Status":"Wartet auf Spielbeginn","Rittermacht":0,"Farbe":"Rot","Längste Handelsstraße":false,"Siegpunkte":0,"Rohstoffe":{"Getreide":0,"Wolle":0,"Holz":0,"Lehm":0,"Erz":0},"id":2,"Entwicklungskarten":{"Straßenbau":0,"Erfindung":0,"Monopol":0,"Ritter":0,"Siegpunkt":0},"Name":"KI (2)","Größte Rittermacht":false}}}
2017-02-13 08:47:24.978 INFO  network.client.Client 173 receiveMsg - {"Statusupdate":{"Spieler":{"Status":"Spiel starten","Rittermacht":0,"Farbe":"Orange","Längste Handelsstraße":false,"Siegpunkte":0,"Rohstoffe":{"Unbekannt":0},"id":3,"Entwicklungskarten":{"Unbekannt":0},"Name":"KI (3)","Größte Rittermacht":false}}}
2017-02-13 08:47:24.978 INFO  network.server.ClientThread 186 msgAllButThisClient -    1 > {"Statusupdate":{"Spieler":{"Status":"Wartet auf Spielbeginn","Rittermacht":0,"Farbe":"Rot","Längste Handelsstraße":false,"Siegpunkte":0,"Rohstoffe":{"Unbekannt":0},"id":2,"Entwicklungskarten":{"Unbekannt":0},"Name":"KI (2)","Größte Rittermacht":false}}}
2017-02-13 08:47:24.985 INFO  network.server.ClientThread 186 msgAllButThisClient -    3 > {"Statusupdate":{"Spieler":{"Status":"Wartet auf Spielbeginn","Rittermacht":0,"Farbe":"Rot","Längste Handelsstraße":false,"Siegpunkte":0,"Rohstoffe":{"Unbekannt":0},"id":2,"Entwicklungskarten":{"Unbekannt":0},"Name":"KI (2)","Größte Rittermacht":false}}}
2017-02-13 08:47:25.052 WARN  network.client.ClientListener 249 handleMsg - Case not covered!
2017-02-13 08:47:25.052 INFO  network.client.Client 173 receiveMsg - {"Serverantwort":"OK"}
2017-02-13 08:47:25.052 INFO  network.client.Client 173 receiveMsg - {"Statusupdate":{"Spieler":{"Status":"Spiel starten","Rittermacht":0,"Farbe":"Orange","Längste Handelsstraße":false,"Siegpunkte":0,"Rohstoffe":{"Unbekannt":0},"id":3,"Entwicklungskarten":{"Unbekannt":0},"Name":"KI (3)","Größte Rittermacht":false}}}
2017-02-13 08:47:25.060 WARN  network.client.ClientListener 249 handleMsg - Case not covered!
2017-02-13 08:47:25.060 INFO  network.client.Client 173 receiveMsg - {"Serverantwort":"OK"}
2017-02-13 08:47:25.136 WARN  network.client.ClientListener 768 internalAi - Case not covered!
2017-02-13 08:47:25.136 INFO  network.server.ClientThread 59 run -  < 3   {"Spiel starten":{}}
2017-02-13 08:47:25.136 INFO  network.client.Client 156 sendMsg - {"Spiel starten":{}}
2017-02-13 08:47:25.137 INFO  network.client.Client 173 receiveMsg - {"Statusupdate":{"Spieler":{"Status":"Wartet auf Spielbeginn","Rittermacht":0,"Farbe":"Blau","Längste Handelsstraße":false,"Siegpunkte":0,"Rohstoffe":{"Unbekannt":0},"id":1,"Entwicklungskarten":{"Unbekannt":0},"Name":"KI (1)","Größte Rittermacht":false}}}
2017-02-13 08:47:25.137 INFO  network.client.Client 173 receiveMsg - {"Statusupdate":{"Spieler":{"Status":"Spiel starten","Rittermacht":0,"Farbe":"Orange","Längste Handelsstraße":false,"Siegpunkte":0,"Rohstoffe":{"Getreide":0,"Wolle":0,"Holz":0,"Lehm":0,"Erz":0},"id":3,"Entwicklungskarten":{"Straßenbau":0,"Erfindung":0,"Monopol":0,"Ritter":0,"Siegpunkt":0},"Name":"KI (3)","Größte Rittermacht":false}}}
2017-02-13 08:47:25.142 WARN  network.client.ClientListener 768 internalAi - Case not covered!
2017-02-13 08:47:25.142 INFO  network.server.ClientThread 126 msgThisClient -    3 > {"Serverantwort":"OK"}
2017-02-13 08:47:25.143 INFO  network.client.Client 173 receiveMsg - {"Statusupdate":{"Spieler":{"Status":"Wartet auf Spielbeginn","Rittermacht":0,"Farbe":"Blau","Längste Handelsstraße":false,"Siegpunkte":0,"Rohstoffe":{"Getreide":0,"Wolle":0,"Holz":0,"Lehm":0,"Erz":0},"id":1,"Entwicklungskarten":{"Straßenbau":0,"Erfindung":0,"Monopol":0,"Ritter":0,"Siegpunkt":0},"Name":"KI (1)","Größte Rittermacht":false}}}
2017-02-13 08:47:25.145 INFO  network.server.ClientThread 126 msgThisClient -    3 > {"Statusupdate":{"Spieler":{"Status":"Wartet auf Spielbeginn","Rittermacht":0,"Farbe":"Orange","Längste Handelsstraße":false,"Siegpunkte":0,"Rohstoffe":{"Getreide":0,"Wolle":0,"Holz":0,"Lehm":0,"Erz":0},"id":3,"Entwicklungskarten":{"Straßenbau":0,"Erfindung":0,"Monopol":0,"Ritter":0,"Siegpunkt":0},"Name":"KI (3)","Größte Rittermacht":false}}}
2017-02-13 08:47:25.146 INFO  network.server.ClientThread 186 msgAllButThisClient -    1 > {"Statusupdate":{"Spieler":{"Status":"Wartet auf Spielbeginn","Rittermacht":0,"Farbe":"Orange","Längste Handelsstraße":false,"Siegpunkte":0,"Rohstoffe":{"Unbekannt":0},"id":3,"Entwicklungskarten":{"Unbekannt":0},"Name":"KI (3)","Größte Rittermacht":false}}}
2017-02-13 08:47:25.153 INFO  network.server.ClientThread 186 msgAllButThisClient -    2 > {"Statusupdate":{"Spieler":{"Status":"Wartet auf Spielbeginn","Rittermacht":0,"Farbe":"Orange","Längste Handelsstraße":false,"Siegpunkte":0,"Rohstoffe":{"Unbekannt":0},"id":3,"Entwicklungskarten":{"Unbekannt":0},"Name":"KI (3)","Größte Rittermacht":false}}}
2017-02-13 08:47:25.221 WARN  network.client.ClientListener 249 handleMsg - Case not covered!
2017-02-13 08:47:25.223 INFO  network.client.Client 173 receiveMsg - {"Serverantwort":"OK"}
2017-02-13 08:47:25.224 WARN  network.client.ClientListener 768 internalAi - Case not covered!
2017-02-13 08:47:25.225 INFO  network.client.Client 173 receiveMsg - {"Statusupdate":{"Spieler":{"Status":"Wartet auf Spielbeginn","Rittermacht":0,"Farbe":"Blau","Längste Handelsstraße":false,"Siegpunkte":0,"Rohstoffe":{"Unbekannt":0},"id":1,"Entwicklungskarten":{"Unbekannt":0},"Name":"KI (1)","Größte Rittermacht":false}}}
2017-02-13 08:47:25.225 WARN  network.client.ClientListener 768 internalAi - Case not covered!
2017-02-13 08:47:25.225 INFO  network.client.Client 173 receiveMsg - {"Statusupdate":{"Spieler":{"Status":"Wartet auf Spielbeginn","Rittermacht":0,"Farbe":"Rot","Längste Handelsstraße":false,"Siegpunkte":0,"Rohstoffe":{"Unbekannt":0},"id":2,"Entwicklungskarten":{"Unbekannt":0},"Name":"KI (2)","Größte Rittermacht":false}}}
2017-02-13 08:47:25.310 WARN  network.client.ClientListener 768 internalAi - Case not covered!
2017-02-13 08:47:25.310 WARN  network.client.ClientListener 768 internalAi - Case not covered!
2017-02-13 08:47:25.310 WARN  network.client.ClientListener 768 internalAi - Case not covered!
2017-02-13 08:47:25.310 INFO  network.client.Client 173 receiveMsg - {"Statusupdate":{"Spieler":{"Status":"Wartet auf Spielbeginn","Rittermacht":0,"Farbe":"Rot","Längste Handelsstraße":false,"Siegpunkte":0,"Rohstoffe":{"Unbekannt":0},"id":2,"Entwicklungskarten":{"Unbekannt":0},"Name":"KI (2)","Größte Rittermacht":false}}}
2017-02-13 08:47:25.310 INFO  network.client.Client 173 receiveMsg - {"Statusupdate":{"Spieler":{"Status":"Wartet auf Spielbeginn","Rittermacht":0,"Farbe":"Orange","Längste Handelsstraße":false,"Siegpunkte":0,"Rohstoffe":{"Unbekannt":0},"id":3,"Entwicklungskarten":{"Unbekannt":0},"Name":"KI (3)","Größte Rittermacht":false}}}
2017-02-13 08:47:25.310 INFO  network.client.Client 173 receiveMsg - {"Statusupdate":{"Spieler":{"Status":"Wartet auf Spielbeginn","Rittermacht":0,"Farbe":"Rot","Längste Handelsstraße":false,"Siegpunkte":0,"Rohstoffe":{"Getreide":0,"Wolle":0,"Holz":0,"Lehm":0,"Erz":0},"id":2,"Entwicklungskarten":{"Straßenbau":0,"Erfindung":0,"Monopol":0,"Ritter":0,"Siegpunkt":0},"Name":"KI (2)","Größte Rittermacht":false}}}
2017-02-13 08:47:25.393 WARN  network.client.ClientListener 768 internalAi - Case not covered!
2017-02-13 08:47:25.392 WARN  network.client.ClientListener 249 handleMsg - Case not covered!
2017-02-13 08:47:25.393 INFO  network.client.Client 173 receiveMsg - {"Statusupdate":{"Spieler":{"Status":"Wartet auf Spielbeginn","Rittermacht":0,"Farbe":"Orange","Längste Handelsstraße":false,"Siegpunkte":0,"Rohstoffe":{"Unbekannt":0},"id":3,"Entwicklungskarten":{"Unbekannt":0},"Name":"KI (3)","Größte Rittermacht":false}}}
2017-02-13 08:47:25.393 INFO  network.client.Client 173 receiveMsg - {"Serverantwort":"OK"}
2017-02-13 08:47:25.474 WARN  network.client.ClientListener 768 internalAi - Case not covered!
2017-02-13 08:47:25.475 INFO  network.client.Client 173 receiveMsg - {"Statusupdate":{"Spieler":{"Status":"Wartet auf Spielbeginn","Rittermacht":0,"Farbe":"Orange","Längste Handelsstraße":false,"Siegpunkte":0,"Rohstoffe":{"Getreide":0,"Wolle":0,"Holz":0,"Lehm":0,"Erz":0},"id":3,"Entwicklungskarten":{"Straßenbau":0,"Erfindung":0,"Monopol":0,"Ritter":0,"Siegpunkt":0},"Name":"KI (3)","Größte Rittermacht":false}}}
2017-02-13 08:47:45.629 INFO  network.server.Server 136 run - 3
2017-02-13 08:47:45.629 INFO  network.server.ClientThread 221 setClientID - clientID: 4
2017-02-13 08:47:45.629 INFO  network.server.Server 142 run - Id: 4, Socket: Socket[addr=/192.168.2.106,port=49878,localport=10003]
2017-02-13 08:47:45.630 TRACE network.server.ClientThread 42 run - Enter
2017-02-13 08:47:45.630 INFO  network.server.ClientThread 126 msgThisClient -    4 > {"Hallo":{"Protokoll":"1.0","Version":"Catan-Server (DichteFideleForste"}}
2017-02-13 08:47:45.701 INFO  network.server.ClientThread 59 run -  < 4   {"Hallo":{"Version":"Client 1.0 (Achtbare Bananen)"}}
2017-02-13 08:47:45.702 INFO  network.server.ClientThread 126 msgThisClient -    4 > {"Willkommen":{"id":4}}
2017-02-13 08:47:45.711 INFO  network.server.ClientThread 126 msgThisClient -    4 > {"Statusupdate":{"Spieler":{"Status":"Spiel starten","Rittermacht":0,"Längste Handelsstraße":false,"Siegpunkte":0,"Rohstoffe":{"Getreide":0,"Wolle":0,"Holz":0,"Lehm":0,"Erz":0},"id":4,"Entwicklungskarten":{"Straßenbau":0,"Erfindung":0,"Monopol":0,"Ritter":0,"Siegpunkt":0},"Größte Rittermacht":false}}}
2017-02-13 08:47:45.711 INFO  network.server.ClientThread 186 msgAllButThisClient -    1 > {"Statusupdate":{"Spieler":{"Status":"Spiel starten","Rittermacht":0,"Längste Handelsstraße":false,"Siegpunkte":0,"Rohstoffe":{"Unbekannt":0},"id":4,"Entwicklungskarten":{"Unbekannt":0},"Größte Rittermacht":false}}}
2017-02-13 08:47:45.711 INFO  network.client.Client 173 receiveMsg - {"Statusupdate":{"Spieler":{"Status":"Spiel starten","Rittermacht":0,"Längste Handelsstraße":false,"Siegpunkte":0,"Rohstoffe":{"Unbekannt":0},"id":4,"Entwicklungskarten":{"Unbekannt":0},"Größte Rittermacht":false}}}
2017-02-13 08:47:45.717 INFO  network.server.ClientThread 186 msgAllButThisClient -    2 > {"Statusupdate":{"Spieler":{"Status":"Spiel starten","Rittermacht":0,"Längste Handelsstraße":false,"Siegpunkte":0,"Rohstoffe":{"Unbekannt":0},"id":4,"Entwicklungskarten":{"Unbekannt":0},"Größte Rittermacht":false}}}
2017-02-13 08:47:45.718 INFO  network.client.Client 173 receiveMsg - {"Statusupdate":{"Spieler":{"Status":"Spiel starten","Rittermacht":0,"Längste Handelsstraße":false,"Siegpunkte":0,"Rohstoffe":{"Unbekannt":0},"id":4,"Entwicklungskarten":{"Unbekannt":0},"Größte Rittermacht":false}}}
2017-02-13 08:47:45.723 INFO  network.server.ClientThread 186 msgAllButThisClient -    3 > {"Statusupdate":{"Spieler":{"Status":"Spiel starten","Rittermacht":0,"Längste Handelsstraße":false,"Siegpunkte":0,"Rohstoffe":{"Unbekannt":0},"id":4,"Entwicklungskarten":{"Unbekannt":0},"Größte Rittermacht":false}}}
2017-02-13 08:47:45.723 INFO  network.client.Client 173 receiveMsg - {"Statusupdate":{"Spieler":{"Status":"Spiel starten","Rittermacht":0,"Längste Handelsstraße":false,"Siegpunkte":0,"Rohstoffe":{"Unbekannt":0},"id":4,"Entwicklungskarten":{"Unbekannt":0},"Größte Rittermacht":false}}}
2017-02-13 08:47:45.728 INFO  network.server.ClientThread 126 msgThisClient -    4 > {"Statusupdate":{"Spieler":{"Status":"Wartet auf Spielbeginn","Rittermacht":0,"Farbe":"Blau","Längste Handelsstraße":false,"Siegpunkte":0,"Rohstoffe":{"Unbekannt":0},"id":1,"Entwicklungskarten":{"Unbekannt":0},"Name":"KI (1)","Größte Rittermacht":false}}}
2017-02-13 08:47:45.729 INFO  network.server.ClientThread 126 msgThisClient -    4 > {"Statusupdate":{"Spieler":{"Status":"Wartet auf Spielbeginn","Rittermacht":0,"Farbe":"Rot","Längste Handelsstraße":false,"Siegpunkte":0,"Rohstoffe":{"Unbekannt":0},"id":2,"Entwicklungskarten":{"Unbekannt":0},"Name":"KI (2)","Größte Rittermacht":false}}}
2017-02-13 08:47:45.730 INFO  network.server.ClientThread 126 msgThisClient -    4 > {"Statusupdate":{"Spieler":{"Status":"Wartet auf Spielbeginn","Rittermacht":0,"Farbe":"Orange","Längste Handelsstraße":false,"Siegpunkte":0,"Rohstoffe":{"Unbekannt":0},"id":3,"Entwicklungskarten":{"Unbekannt":0},"Name":"KI (3)","Größte Rittermacht":false}}}
2017-02-13 08:47:52.196 INFO  network.server.Server 136 run - 4
2017-02-13 08:47:52.197 INFO  network.server.Server 148 run - Kicked: 5, Socket[addr=/192.168.2.106,port=49879,localport=10003]
2017-02-13 08:47:56.437 INFO  network.server.ClientThread 59 run -  < 4   {"Spiel starten":{}}
2017-02-13 08:47:56.439 INFO  network.server.ClientThread 126 msgThisClient -    4 > {"Serverantwort":"OK"}
2017-02-13 08:47:56.440 INFO  network.server.ClientThread 126 msgThisClient -    4 > {"Statusupdate":{"Spieler":{"Status":"Wartet auf Spielbeginn","Rittermacht":0,"Längste Handelsstraße":false,"Siegpunkte":0,"Rohstoffe":{"Getreide":0,"Wolle":0,"Holz":0,"Lehm":0,"Erz":0},"id":4,"Entwicklungskarten":{"Straßenbau":0,"Erfindung":0,"Monopol":0,"Ritter":0,"Siegpunkt":0},"Größte Rittermacht":false}}}
2017-02-13 08:47:56.440 INFO  network.server.ClientThread 186 msgAllButThisClient -    1 > {"Statusupdate":{"Spieler":{"Status":"Wartet auf Spielbeginn","Rittermacht":0,"Längste Handelsstraße":false,"Siegpunkte":0,"Rohstoffe":{"Unbekannt":0},"id":4,"Entwicklungskarten":{"Unbekannt":0},"Größte Rittermacht":false}}}
2017-02-13 08:47:56.440 WARN  network.client.ClientListener 768 internalAi - Case not covered!
2017-02-13 08:47:56.440 INFO  network.client.Client 173 receiveMsg - {"Statusupdate":{"Spieler":{"Status":"Wartet auf Spielbeginn","Rittermacht":0,"Längste Handelsstraße":false,"Siegpunkte":0,"Rohstoffe":{"Unbekannt":0},"id":4,"Entwicklungskarten":{"Unbekannt":0},"Größte Rittermacht":false}}}
2017-02-13 08:47:56.446 WARN  network.client.ClientListener 768 internalAi - Case not covered!
2017-02-13 08:47:56.445 INFO  network.server.ClientThread 186 msgAllButThisClient -    2 > {"Statusupdate":{"Spieler":{"Status":"Wartet auf Spielbeginn","Rittermacht":0,"Längste Handelsstraße":false,"Siegpunkte":0,"Rohstoffe":{"Unbekannt":0},"id":4,"Entwicklungskarten":{"Unbekannt":0},"Größte Rittermacht":false}}}
2017-02-13 08:47:56.446 INFO  network.client.Client 173 receiveMsg - {"Statusupdate":{"Spieler":{"Status":"Wartet auf Spielbeginn","Rittermacht":0,"Längste Handelsstraße":false,"Siegpunkte":0,"Rohstoffe":{"Unbekannt":0},"id":4,"Entwicklungskarten":{"Unbekannt":0},"Größte Rittermacht":false}}}
2017-02-13 08:47:56.451 INFO  network.server.ClientThread 186 msgAllButThisClient -    3 > {"Statusupdate":{"Spieler":{"Status":"Wartet auf Spielbeginn","Rittermacht":0,"Längste Handelsstraße":false,"Siegpunkte":0,"Rohstoffe":{"Unbekannt":0},"id":4,"Entwicklungskarten":{"Unbekannt":0},"Größte Rittermacht":false}}}
2017-02-13 08:47:56.451 WARN  network.client.ClientListener 768 internalAi - Case not covered!
2017-02-13 08:47:56.451 INFO  network.client.Client 173 receiveMsg - {"Statusupdate":{"Spieler":{"Status":"Wartet auf Spielbeginn","Rittermacht":0,"Längste Handelsstraße":false,"Siegpunkte":0,"Rohstoffe":{"Unbekannt":0},"id":4,"Entwicklungskarten":{"Unbekannt":0},"Größte Rittermacht":false}}}
2017-02-13 08:47:56.459 INFO  network.server.ClientThread 153 msgAll -    1 > {"Spiel gestartet":{"Karte":{"Felder":[{"Ort":{"x":-3,"y":2},"Typ":"Meer"},{"Ort":{"x":2,"y":0},"Zahl":6,"Typ":"Hügelland"},{"Ort":{"x":3,"y":-3},"Typ":"Meer"},{"Ort":{"x":-2,"y":3},"Typ":"Meer"},{"Ort":{"x":-1,"y":0},"Typ":"Wüste"},{"Ort":{"x":0,"y":-3},"Typ":"Meer"},{"Ort":{"x":2,"y":1},"Typ":"Meer"},{"Ort":{"x":-3,"y":1},"Typ":"Meer"},{"Ort":{"x":-1,"y":2},"Zahl":10,"Typ":"Hügelland"},{"Ort":{"x":0,"y":2},"Zahl":8,"Typ":"Ackerland"},{"Ort":{"x":1,"y":2},"Typ":"Meer"},{"Ort":{"x":-2,"y":1},"Zahl":12,"Typ":"Wald"},{"Ort":{"x":2,"y":-2},"Zahl":5,"Typ":"Weideland"},{"Ort":{"x":-1,"y":1},"Zahl":6,"Typ":"Ackerland"},{"Ort":{"x":0,"y":1},"Zahl":5,"Typ":"Wald"},{"Ort":{"x":1,"y":1},"Zahl":3,"Typ":"Wald"},{"Ort":{"x":-3,"y":0},"Typ":"Meer"},{"Ort":{"x":-2,"y":-1},"Typ":"Meer"},{"Ort":{"x":-1,"y":-1},"Zahl":4,"Typ":"Ackerland"},{"Ort":{"x":0,"y":-1},"Zahl":3,"Typ":"Gebirge"},{"Ort":{"x":1,"y":-1},"Zahl":9,"Typ":"Ackerland"},{"Ort":{"x":2,"y":-1},"Zahl":2,"Typ":"Weideland"},{"Ort":{"x":3,"y":-1},"Typ":"Meer"},{"Ort":{"x":-1,"y":-2},"Typ":"Meer"},{"Ort":{"x":0,"y":-2},"Zahl":8,"Typ":"Weideland"},{"Ort":{"x":1,"y":-2},"Zahl":10,"Typ":"Gebirge"},{"Ort":{"x":-3,"y":3},"Typ":"Meer"},{"Ort":{"x":-2,"y":0},"Zahl":11,"Typ":"Wald"},{"Ort":{"x":3,"y":-2},"Typ":"Meer"},{"Ort":{"x":-1,"y":3},"Typ":"Meer"},{"Ort":{"x":0,"y":0},"Zahl":11,"Typ":"Hügelland"},{"Ort":{"x":1,"y":-3},"Typ":"Meer"},{"Ort":{"x":0,"y":3},"Typ":"Meer"},{"Ort":{"x":1,"y":0},"Zahl":4,"Typ":"Gebirge"},{"Ort":{"x":2,"y":-3},"Typ":"Meer"},{"Ort":{"x":-2,"y":2},"Zahl":9,"Typ":"Weideland"},{"Ort":{"x":3,"y":0},"Typ":"Meer"}],"Gebäude":[],"Häfen":[{"Ort":[{"x":0,"y":-2},{"x":0,"y":-3}],"Typ":"Hafen"},{"Ort":[{"x":-3,"y":1},{"x":-2,"y":0}],"Typ":"Erz Hafen"},{"Ort":[{"x":0,"y":2},{"x":1,"y":2}],"Typ":"Hafen"},{"Ort":[{"x":-2,"y":0},{"x":-2,"y":-1}],"Typ":"Holz Hafen"},{"Ort":[{"x":-3,"y":3},{"x":-2,"y":2}],"Typ":"Getreide Hafen"},{"Ort":[{"x":2,"y":-2},{"x":3,"y":-2}],"Typ":"Hafen"},{"Ort":[{"x":-1,"y":3},{"x":0,"y":2}],"Typ":"Wolle Hafen"},{"Ort":[{"x":1,"y":-2},{"x":2,"y":-3}],"Typ":"Lehm Hafen"},{"Ort":[{"x":2,"y":0},{"x":3,"y":0}],"Typ":"Hafen"}],"Räuber":{"x":-1,"y":0}}}}
2017-02-13 08:47:56.465 INFO  network.server.ClientThread 153 msgAll -    2 > {"Spiel gestartet":{"Karte":{"Felder":[{"Ort":{"x":-3,"y":2},"Typ":"Meer"},{"Ort":{"x":2,"y":0},"Zahl":6,"Typ":"Hügelland"},{"Ort":{"x":3,"y":-3},"Typ":"Meer"},{"Ort":{"x":-2,"y":3},"Typ":"Meer"},{"Ort":{"x":-1,"y":0},"Typ":"Wüste"},{"Ort":{"x":0,"y":-3},"Typ":"Meer"},{"Ort":{"x":2,"y":1},"Typ":"Meer"},{"Ort":{"x":-3,"y":1},"Typ":"Meer"},{"Ort":{"x":-1,"y":2},"Zahl":10,"Typ":"Hügelland"},{"Ort":{"x":0,"y":2},"Zahl":8,"Typ":"Ackerland"},{"Ort":{"x":1,"y":2},"Typ":"Meer"},{"Ort":{"x":-2,"y":1},"Zahl":12,"Typ":"Wald"},{"Ort":{"x":2,"y":-2},"Zahl":5,"Typ":"Weideland"},{"Ort":{"x":-1,"y":1},"Zahl":6,"Typ":"Ackerland"},{"Ort":{"x":0,"y":1},"Zahl":5,"Typ":"Wald"},{"Ort":{"x":1,"y":1},"Zahl":3,"Typ":"Wald"},{"Ort":{"x":-3,"y":0},"Typ":"Meer"},{"Ort":{"x":-2,"y":-1},"Typ":"Meer"},{"Ort":{"x":-1,"y":-1},"Zahl":4,"Typ":"Ackerland"},{"Ort":{"x":0,"y":-1},"Zahl":3,"Typ":"Gebirge"},{"Ort":{"x":1,"y":-1},"Zahl":9,"Typ":"Ackerland"},{"Ort":{"x":2,"y":-1},"Zahl":2,"Typ":"Weideland"},{"Ort":{"x":3,"y":-1},"Typ":"Meer"},{"Ort":{"x":-1,"y":-2},"Typ":"Meer"},{"Ort":{"x":0,"y":-2},"Zahl":8,"Typ":"Weideland"},{"Ort":{"x":1,"y":-2},"Zahl":10,"Typ":"Gebirge"},{"Ort":{"x":-3,"y":3},"Typ":"Meer"},{"Ort":{"x":-2,"y":0},"Zahl":11,"Typ":"Wald"},{"Ort":{"x":3,"y":-2},"Typ":"Meer"},{"Ort":{"x":-1,"y":3},"Typ":"Meer"},{"Ort":{"x":0,"y":0},"Zahl":11,"Typ":"Hügelland"},{"Ort":{"x":1,"y":-3},"Typ":"Meer"},{"Ort":{"x":0,"y":3},"Typ":"Meer"},{"Ort":{"x":1,"y":0},"Zahl":4,"Typ":"Gebirge"},{"Ort":{"x":2,"y":-3},"Typ":"Meer"},{"Ort":{"x":-2,"y":2},"Zahl":9,"Typ":"Weideland"},{"Ort":{"x":3,"y":0},"Typ":"Meer"}],"Gebäude":[],"Häfen":[{"Ort":[{"x":0,"y":-2},{"x":0,"y":-3}],"Typ":"Hafen"},{"Ort":[{"x":-3,"y":1},{"x":-2,"y":0}],"Typ":"Erz Hafen"},{"Ort":[{"x":0,"y":2},{"x":1,"y":2}],"Typ":"Hafen"},{"Ort":[{"x":-2,"y":0},{"x":-2,"y":-1}],"Typ":"Holz Hafen"},{"Ort":[{"x":-3,"y":3},{"x":-2,"y":2}],"Typ":"Getreide Hafen"},{"Ort":[{"x":2,"y":-2},{"x":3,"y":-2}],"Typ":"Hafen"},{"Ort":[{"x":-1,"y":3},{"x":0,"y":2}],"Typ":"Wolle Hafen"},{"Ort":[{"x":1,"y":-2},{"x":2,"y":-3}],"Typ":"Lehm Hafen"},{"Ort":[{"x":2,"y":0},{"x":3,"y":0}],"Typ":"Hafen"}],"Räuber":{"x":-1,"y":0}}}}
2017-02-13 08:47:56.471 INFO  network.server.ClientThread 153 msgAll -    3 > {"Spiel gestartet":{"Karte":{"Felder":[{"Ort":{"x":-3,"y":2},"Typ":"Meer"},{"Ort":{"x":2,"y":0},"Zahl":6,"Typ":"Hügelland"},{"Ort":{"x":3,"y":-3},"Typ":"Meer"},{"Ort":{"x":-2,"y":3},"Typ":"Meer"},{"Ort":{"x":-1,"y":0},"Typ":"Wüste"},{"Ort":{"x":0,"y":-3},"Typ":"Meer"},{"Ort":{"x":2,"y":1},"Typ":"Meer"},{"Ort":{"x":-3,"y":1},"Typ":"Meer"},{"Ort":{"x":-1,"y":2},"Zahl":10,"Typ":"Hügelland"},{"Ort":{"x":0,"y":2},"Zahl":8,"Typ":"Ackerland"},{"Ort":{"x":1,"y":2},"Typ":"Meer"},{"Ort":{"x":-2,"y":1},"Zahl":12,"Typ":"Wald"},{"Ort":{"x":2,"y":-2},"Zahl":5,"Typ":"Weideland"},{"Ort":{"x":-1,"y":1},"Zahl":6,"Typ":"Ackerland"},{"Ort":{"x":0,"y":1},"Zahl":5,"Typ":"Wald"},{"Ort":{"x":1,"y":1},"Zahl":3,"Typ":"Wald"},{"Ort":{"x":-3,"y":0},"Typ":"Meer"},{"Ort":{"x":-2,"y":-1},"Typ":"Meer"},{"Ort":{"x":-1,"y":-1},"Zahl":4,"Typ":"Ackerland"},{"Ort":{"x":0,"y":-1},"Zahl":3,"Typ":"Gebirge"},{"Ort":{"x":1,"y":-1},"Zahl":9,"Typ":"Ackerland"},{"Ort":{"x":2,"y":-1},"Zahl":2,"Typ":"Weideland"},{"Ort":{"x":3,"y":-1},"Typ":"Meer"},{"Ort":{"x":-1,"y":-2},"Typ":"Meer"},{"Ort":{"x":0,"y":-2},"Zahl":8,"Typ":"Weideland"},{"Ort":{"x":1,"y":-2},"Zahl":10,"Typ":"Gebirge"},{"Ort":{"x":-3,"y":3},"Typ":"Meer"},{"Ort":{"x":-2,"y":0},"Zahl":11,"Typ":"Wald"},{"Ort":{"x":3,"y":-2},"Typ":"Meer"},{"Ort":{"x":-1,"y":3},"Typ":"Meer"},{"Ort":{"x":0,"y":0},"Zahl":11,"Typ":"Hügelland"},{"Ort":{"x":1,"y":-3},"Typ":"Meer"},{"Ort":{"x":0,"y":3},"Typ":"Meer"},{"Ort":{"x":1,"y":0},"Zahl":4,"Typ":"Gebirge"},{"Ort":{"x":2,"y":-3},"Typ":"Meer"},{"Ort":{"x":-2,"y":2},"Zahl":9,"Typ":"Weideland"},{"Ort":{"x":3,"y":0},"Typ":"Meer"}],"Gebäude":[],"Häfen":[{"Ort":[{"x":0,"y":-2},{"x":0,"y":-3}],"Typ":"Hafen"},{"Ort":[{"x":-3,"y":1},{"x":-2,"y":0}],"Typ":"Erz Hafen"},{"Ort":[{"x":0,"y":2},{"x":1,"y":2}],"Typ":"Hafen"},{"Ort":[{"x":-2,"y":0},{"x":-2,"y":-1}],"Typ":"Holz Hafen"},{"Ort":[{"x":-3,"y":3},{"x":-2,"y":2}],"Typ":"Getreide Hafen"},{"Ort":[{"x":2,"y":-2},{"x":3,"y":-2}],"Typ":"Hafen"},{"Ort":[{"x":-1,"y":3},{"x":0,"y":2}],"Typ":"Wolle Hafen"},{"Ort":[{"x":1,"y":-2},{"x":2,"y":-3}],"Typ":"Lehm Hafen"},{"Ort":[{"x":2,"y":0},{"x":3,"y":0}],"Typ":"Hafen"}],"Räuber":{"x":-1,"y":0}}}}
2017-02-13 08:47:56.477 INFO  network.server.ClientThread 153 msgAll -    4 > {"Spiel gestartet":{"Karte":{"Felder":[{"Ort":{"x":-3,"y":2},"Typ":"Meer"},{"Ort":{"x":2,"y":0},"Zahl":6,"Typ":"Hügelland"},{"Ort":{"x":3,"y":-3},"Typ":"Meer"},{"Ort":{"x":-2,"y":3},"Typ":"Meer"},{"Ort":{"x":-1,"y":0},"Typ":"Wüste"},{"Ort":{"x":0,"y":-3},"Typ":"Meer"},{"Ort":{"x":2,"y":1},"Typ":"Meer"},{"Ort":{"x":-3,"y":1},"Typ":"Meer"},{"Ort":{"x":-1,"y":2},"Zahl":10,"Typ":"Hügelland"},{"Ort":{"x":0,"y":2},"Zahl":8,"Typ":"Ackerland"},{"Ort":{"x":1,"y":2},"Typ":"Meer"},{"Ort":{"x":-2,"y":1},"Zahl":12,"Typ":"Wald"},{"Ort":{"x":2,"y":-2},"Zahl":5,"Typ":"Weideland"},{"Ort":{"x":-1,"y":1},"Zahl":6,"Typ":"Ackerland"},{"Ort":{"x":0,"y":1},"Zahl":5,"Typ":"Wald"},{"Ort":{"x":1,"y":1},"Zahl":3,"Typ":"Wald"},{"Ort":{"x":-3,"y":0},"Typ":"Meer"},{"Ort":{"x":-2,"y":-1},"Typ":"Meer"},{"Ort":{"x":-1,"y":-1},"Zahl":4,"Typ":"Ackerland"},{"Ort":{"x":0,"y":-1},"Zahl":3,"Typ":"Gebirge"},{"Ort":{"x":1,"y":-1},"Zahl":9,"Typ":"Ackerland"},{"Ort":{"x":2,"y":-1},"Zahl":2,"Typ":"Weideland"},{"Ort":{"x":3,"y":-1},"Typ":"Meer"},{"Ort":{"x":-1,"y":-2},"Typ":"Meer"},{"Ort":{"x":0,"y":-2},"Zahl":8,"Typ":"Weideland"},{"Ort":{"x":1,"y":-2},"Zahl":10,"Typ":"Gebirge"},{"Ort":{"x":-3,"y":3},"Typ":"Meer"},{"Ort":{"x":-2,"y":0},"Zahl":11,"Typ":"Wald"},{"Ort":{"x":3,"y":-2},"Typ":"Meer"},{"Ort":{"x":-1,"y":3},"Typ":"Meer"},{"Ort":{"x":0,"y":0},"Zahl":11,"Typ":"Hügelland"},{"Ort":{"x":1,"y":-3},"Typ":"Meer"},{"Ort":{"x":0,"y":3},"Typ":"Meer"},{"Ort":{"x":1,"y":0},"Zahl":4,"Typ":"Gebirge"},{"Ort":{"x":2,"y":-3},"Typ":"Meer"},{"Ort":{"x":-2,"y":2},"Zahl":9,"Typ":"Weideland"},{"Ort":{"x":3,"y":0},"Typ":"Meer"}],"Gebäude":[],"Häfen":[{"Ort":[{"x":0,"y":-2},{"x":0,"y":-3}],"Typ":"Hafen"},{"Ort":[{"x":-3,"y":1},{"x":-2,"y":0}],"Typ":"Erz Hafen"},{"Ort":[{"x":0,"y":2},{"x":1,"y":2}],"Typ":"Hafen"},{"Ort":[{"x":-2,"y":0},{"x":-2,"y":-1}],"Typ":"Holz Hafen"},{"Ort":[{"x":-3,"y":3},{"x":-2,"y":2}],"Typ":"Getreide Hafen"},{"Ort":[{"x":2,"y":-2},{"x":3,"y":-2}],"Typ":"Hafen"},{"Ort":[{"x":-1,"y":3},{"x":0,"y":2}],"Typ":"Wolle Hafen"},{"Ort":[{"x":1,"y":-2},{"x":2,"y":-3}],"Typ":"Lehm Hafen"},{"Ort":[{"x":2,"y":0},{"x":3,"y":0}],"Typ":"Hafen"}],"Räuber":{"x":-1,"y":0}}}}
2017-02-13 08:47:56.484 INFO  network.server.ClientThread 153 msgAll -    1 > {"Würfelwurf":{"Spieler":1,"Wurf":[4,6]}}
2017-02-13 08:47:56.489 INFO  network.server.ClientThread 153 msgAll -    2 > {"Würfelwurf":{"Spieler":1,"Wurf":[4,6]}}
2017-02-13 08:47:56.495 INFO  network.server.ClientThread 153 msgAll -    3 > {"Würfelwurf":{"Spieler":1,"Wurf":[4,6]}}
2017-02-13 08:47:56.501 INFO  network.server.ClientThread 153 msgAll -    4 > {"Würfelwurf":{"Spieler":1,"Wurf":[4,6]}}
2017-02-13 08:47:56.507 INFO  network.server.ClientThread 153 msgAll -    1 > {"Würfelwurf":{"Spieler":2,"Wurf":[2,3]}}
2017-02-13 08:47:56.513 INFO  network.server.ClientThread 153 msgAll -    2 > {"Würfelwurf":{"Spieler":2,"Wurf":[2,3]}}
2017-02-13 08:47:56.518 INFO  network.server.ClientThread 153 msgAll -    3 > {"Würfelwurf":{"Spieler":2,"Wurf":[2,3]}}
2017-02-13 08:47:56.524 INFO  network.server.ClientThread 153 msgAll -    4 > {"Würfelwurf":{"Spieler":2,"Wurf":[2,3]}}
2017-02-13 08:47:56.524 WARN  network.client.ClientListener 249 handleMsg - Case not covered!
2017-02-13 08:47:56.524 INFO  network.client.Client 173 receiveMsg - {"Spiel gestartet":{"Karte":{"Felder":[{"Ort":{"x":-3,"y":2},"Typ":"Meer"},{"Ort":{"x":2,"y":0},"Zahl":6,"Typ":"Hügelland"},{"Ort":{"x":3,"y":-3},"Typ":"Meer"},{"Ort":{"x":-2,"y":3},"Typ":"Meer"},{"Ort":{"x":-1,"y":0},"Typ":"Wüste"},{"Ort":{"x":0,"y":-3},"Typ":"Meer"},{"Ort":{"x":2,"y":1},"Typ":"Meer"},{"Ort":{"x":-3,"y":1},"Typ":"Meer"},{"Ort":{"x":-1,"y":2},"Zahl":10,"Typ":"Hügelland"},{"Ort":{"x":0,"y":2},"Zahl":8,"Typ":"Ackerland"},{"Ort":{"x":1,"y":2},"Typ":"Meer"},{"Ort":{"x":-2,"y":1},"Zahl":12,"Typ":"Wald"},{"Ort":{"x":2,"y":-2},"Zahl":5,"Typ":"Weideland"},{"Ort":{"x":-1,"y":1},"Zahl":6,"Typ":"Ackerland"},{"Ort":{"x":0,"y":1},"Zahl":5,"Typ":"Wald"},{"Ort":{"x":1,"y":1},"Zahl":3,"Typ":"Wald"},{"Ort":{"x":-3,"y":0},"Typ":"Meer"},{"Ort":{"x":-2,"y":-1},"Typ":"Meer"},{"Ort":{"x":-1,"y":-1},"Zahl":4,"Typ":"Ackerland"},{"Ort":{"x":0,"y":-1},"Zahl":3,"Typ":"Gebirge"},{"Ort":{"x":1,"y":-1},"Zahl":9,"Typ":"Ackerland"},{"Ort":{"x":2,"y":-1},"Zahl":2,"Typ":"Weideland"},{"Ort":{"x":3,"y":-1},"Typ":"Meer"},{"Ort":{"x":-1,"y":-2},"Typ":"Meer"},{"Ort":{"x":0,"y":-2},"Zahl":8,"Typ":"Weideland"},{"Ort":{"x":1,"y":-2},"Zahl":10,"Typ":"Gebirge"},{"Ort":{"x":-3,"y":3},"Typ":"Meer"},{"Ort":{"x":-2,"y":0},"Zahl":11,"Typ":"Wald"},{"Ort":{"x":3,"y":-2},"Typ":"Meer"},{"Ort":{"x":-1,"y":3},"Typ":"Meer"},{"Ort":{"x":0,"y":0},"Zahl":11,"Typ":"Hügelland"},{"Ort":{"x":1,"y":-3},"Typ":"Meer"},{"Ort":{"x":0,"y":3},"Typ":"Meer"},{"Ort":{"x":1,"y":0},"Zahl":4,"Typ":"Gebirge"},{"Ort":{"x":2,"y":-3},"Typ":"Meer"},{"Ort":{"x":-2,"y":2},"Zahl":9,"Typ":"Weideland"},{"Ort":{"x":3,"y":0},"Typ":"Meer"}],"Gebäude":[],"Häfen":[{"Ort":[{"x":0,"y":-2},{"x":0,"y":-3}],"Typ":"Hafen"},{"Ort":[{"x":-3,"y":1},{"x":-2,"y":0}],"Typ":"Erz Hafen"},{"Ort":[{"x":0,"y":2},{"x":1,"y":2}],"Typ":"Hafen"},{"Ort":[{"x":-2,"y":0},{"x":-2,"y":-1}],"Typ":"Holz Hafen"},{"Ort":[{"x":-3,"y":3},{"x":-2,"y":2}],"Typ":"Getreide Hafen"},{"Ort":[{"x":2,"y":-2},{"x":3,"y":-2}],"Typ":"Hafen"},{"Ort":[{"x":-1,"y":3},{"x":0,"y":2}],"Typ":"Wolle Hafen"},{"Ort":[{"x":1,"y":-2},{"x":2,"y":-3}],"Typ":"Lehm Hafen"},{"Ort":[{"x":2,"y":0},{"x":3,"y":0}],"Typ":"Hafen"}],"Räuber":{"x":-1,"y":0}}}}
2017-02-13 08:47:56.530 WARN  network.client.ClientListener 249 handleMsg - Case not covered!
2017-02-13 08:47:56.530 INFO  network.server.ClientThread 153 msgAll -    1 > {"Würfelwurf":{"Spieler":3,"Wurf":[6,6]}}
2017-02-13 08:47:56.530 INFO  network.client.Client 173 receiveMsg - {"Spiel gestartet":{"Karte":{"Felder":[{"Ort":{"x":-3,"y":2},"Typ":"Meer"},{"Ort":{"x":2,"y":0},"Zahl":6,"Typ":"Hügelland"},{"Ort":{"x":3,"y":-3},"Typ":"Meer"},{"Ort":{"x":-2,"y":3},"Typ":"Meer"},{"Ort":{"x":-1,"y":0},"Typ":"Wüste"},{"Ort":{"x":0,"y":-3},"Typ":"Meer"},{"Ort":{"x":2,"y":1},"Typ":"Meer"},{"Ort":{"x":-3,"y":1},"Typ":"Meer"},{"Ort":{"x":-1,"y":2},"Zahl":10,"Typ":"Hügelland"},{"Ort":{"x":0,"y":2},"Zahl":8,"Typ":"Ackerland"},{"Ort":{"x":1,"y":2},"Typ":"Meer"},{"Ort":{"x":-2,"y":1},"Zahl":12,"Typ":"Wald"},{"Ort":{"x":2,"y":-2},"Zahl":5,"Typ":"Weideland"},{"Ort":{"x":-1,"y":1},"Zahl":6,"Typ":"Ackerland"},{"Ort":{"x":0,"y":1},"Zahl":5,"Typ":"Wald"},{"Ort":{"x":1,"y":1},"Zahl":3,"Typ":"Wald"},{"Ort":{"x":-3,"y":0},"Typ":"Meer"},{"Ort":{"x":-2,"y":-1},"Typ":"Meer"},{"Ort":{"x":-1,"y":-1},"Zahl":4,"Typ":"Ackerland"},{"Ort":{"x":0,"y":-1},"Zahl":3,"Typ":"Gebirge"},{"Ort":{"x":1,"y":-1},"Zahl":9,"Typ":"Ackerland"},{"Ort":{"x":2,"y":-1},"Zahl":2,"Typ":"Weideland"},{"Ort":{"x":3,"y":-1},"Typ":"Meer"},{"Ort":{"x":-1,"y":-2},"Typ":"Meer"},{"Ort":{"x":0,"y":-2},"Zahl":8,"Typ":"Weideland"},{"Ort":{"x":1,"y":-2},"Zahl":10,"Typ":"Gebirge"},{"Ort":{"x":-3,"y":3},"Typ":"Meer"},{"Ort":{"x":-2,"y":0},"Zahl":11,"Typ":"Wald"},{"Ort":{"x":3,"y":-2},"Typ":"Meer"},{"Ort":{"x":-1,"y":3},"Typ":"Meer"},{"Ort":{"x":0,"y":0},"Zahl":11,"Typ":"Hügelland"},{"Ort":{"x":1,"y":-3},"Typ":"Meer"},{"Ort":{"x":0,"y":3},"Typ":"Meer"},{"Ort":{"x":1,"y":0},"Zahl":4,"Typ":"Gebirge"},{"Ort":{"x":2,"y":-3},"Typ":"Meer"},{"Ort":{"x":-2,"y":2},"Zahl":9,"Typ":"Weideland"},{"Ort":{"x":3,"y":0},"Typ":"Meer"}],"Gebäude":[],"Häfen":[{"Ort":[{"x":0,"y":-2},{"x":0,"y":-3}],"Typ":"Hafen"},{"Ort":[{"x":-3,"y":1},{"x":-2,"y":0}],"Typ":"Erz Hafen"},{"Ort":[{"x":0,"y":2},{"x":1,"y":2}],"Typ":"Hafen"},{"Ort":[{"x":-2,"y":0},{"x":-2,"y":-1}],"Typ":"Holz Hafen"},{"Ort":[{"x":-3,"y":3},{"x":-2,"y":2}],"Typ":"Getreide Hafen"},{"Ort":[{"x":2,"y":-2},{"x":3,"y":-2}],"Typ":"Hafen"},{"Ort":[{"x":-1,"y":3},{"x":0,"y":2}],"Typ":"Wolle Hafen"},{"Ort":[{"x":1,"y":-2},{"x":2,"y":-3}],"Typ":"Lehm Hafen"},{"Ort":[{"x":2,"y":0},{"x":3,"y":0}],"Typ":"Hafen"}],"Räuber":{"x":-1,"y":0}}}}
2017-02-13 08:47:56.535 INFO  network.server.ClientThread 153 msgAll -    2 > {"Würfelwurf":{"Spieler":3,"Wurf":[6,6]}}
2017-02-13 08:47:56.535 WARN  network.client.ClientListener 249 handleMsg - Case not covered!
2017-02-13 08:47:56.536 INFO  network.client.Client 173 receiveMsg - {"Spiel gestartet":{"Karte":{"Felder":[{"Ort":{"x":-3,"y":2},"Typ":"Meer"},{"Ort":{"x":2,"y":0},"Zahl":6,"Typ":"Hügelland"},{"Ort":{"x":3,"y":-3},"Typ":"Meer"},{"Ort":{"x":-2,"y":3},"Typ":"Meer"},{"Ort":{"x":-1,"y":0},"Typ":"Wüste"},{"Ort":{"x":0,"y":-3},"Typ":"Meer"},{"Ort":{"x":2,"y":1},"Typ":"Meer"},{"Ort":{"x":-3,"y":1},"Typ":"Meer"},{"Ort":{"x":-1,"y":2},"Zahl":10,"Typ":"Hügelland"},{"Ort":{"x":0,"y":2},"Zahl":8,"Typ":"Ackerland"},{"Ort":{"x":1,"y":2},"Typ":"Meer"},{"Ort":{"x":-2,"y":1},"Zahl":12,"Typ":"Wald"},{"Ort":{"x":2,"y":-2},"Zahl":5,"Typ":"Weideland"},{"Ort":{"x":-1,"y":1},"Zahl":6,"Typ":"Ackerland"},{"Ort":{"x":0,"y":1},"Zahl":5,"Typ":"Wald"},{"Ort":{"x":1,"y":1},"Zahl":3,"Typ":"Wald"},{"Ort":{"x":-3,"y":0},"Typ":"Meer"},{"Ort":{"x":-2,"y":-1},"Typ":"Meer"},{"Ort":{"x":-1,"y":-1},"Zahl":4,"Typ":"Ackerland"},{"Ort":{"x":0,"y":-1},"Zahl":3,"Typ":"Gebirge"},{"Ort":{"x":1,"y":-1},"Zahl":9,"Typ":"Ackerland"},{"Ort":{"x":2,"y":-1},"Zahl":2,"Typ":"Weideland"},{"Ort":{"x":3,"y":-1},"Typ":"Meer"},{"Ort":{"x":-1,"y":-2},"Typ":"Meer"},{"Ort":{"x":0,"y":-2},"Zahl":8,"Typ":"Weideland"},{"Ort":{"x":1,"y":-2},"Zahl":10,"Typ":"Gebirge"},{"Ort":{"x":-3,"y":3},"Typ":"Meer"},{"Ort":{"x":-2,"y":0},"Zahl":11,"Typ":"Wald"},{"Ort":{"x":3,"y":-2},"Typ":"Meer"},{"Ort":{"x":-1,"y":3},"Typ":"Meer"},{"Ort":{"x":0,"y":0},"Zahl":11,"Typ":"Hügelland"},{"Ort":{"x":1,"y":-3},"Typ":"Meer"},{"Ort":{"x":0,"y":3},"Typ":"Meer"},{"Ort":{"x":1,"y":0},"Zahl":4,"Typ":"Gebirge"},{"Ort":{"x":2,"y":-3},"Typ":"Meer"},{"Ort":{"x":-2,"y":2},"Zahl":9,"Typ":"Weideland"},{"Ort":{"x":3,"y":0},"Typ":"Meer"}],"Gebäude":[],"Häfen":[{"Ort":[{"x":0,"y":-2},{"x":0,"y":-3}],"Typ":"Hafen"},{"Ort":[{"x":-3,"y":1},{"x":-2,"y":0}],"Typ":"Erz Hafen"},{"Ort":[{"x":0,"y":2},{"x":1,"y":2}],"Typ":"Hafen"},{"Ort":[{"x":-2,"y":0},{"x":-2,"y":-1}],"Typ":"Holz Hafen"},{"Ort":[{"x":-3,"y":3},{"x":-2,"y":2}],"Typ":"Getreide Hafen"},{"Ort":[{"x":2,"y":-2},{"x":3,"y":-2}],"Typ":"Hafen"},{"Ort":[{"x":-1,"y":3},{"x":0,"y":2}],"Typ":"Wolle Hafen"},{"Ort":[{"x":1,"y":-2},{"x":2,"y":-3}],"Typ":"Lehm Hafen"},{"Ort":[{"x":2,"y":0},{"x":3,"y":0}],"Typ":"Hafen"}],"Räuber":{"x":-1,"y":0}}}}
2017-02-13 08:47:56.542 INFO  network.server.ClientThread 153 msgAll -    3 > {"Würfelwurf":{"Spieler":3,"Wurf":[6,6]}}
2017-02-13 08:47:56.548 INFO  network.server.ClientThread 153 msgAll -    4 > {"Würfelwurf":{"Spieler":3,"Wurf":[6,6]}}
2017-02-13 08:47:56.555 INFO  network.server.ClientThread 153 msgAll -    1 > {"Würfelwurf":{"Spieler":4,"Wurf":[3,2]}}
2017-02-13 08:47:56.561 INFO  network.server.ClientThread 153 msgAll -    2 > {"Würfelwurf":{"Spieler":4,"Wurf":[3,2]}}
2017-02-13 08:47:56.567 INFO  network.server.ClientThread 153 msgAll -    3 > {"Würfelwurf":{"Spieler":4,"Wurf":[3,2]}}
2017-02-13 08:47:56.572 INFO  network.server.ClientThread 153 msgAll -    4 > {"Würfelwurf":{"Spieler":4,"Wurf":[3,2]}}
2017-02-13 08:47:56.579 INFO  network.server.ClientThread 153 msgAll -    1 > {"Würfelwurf":{"Spieler":1,"Wurf":[6,5]}}
2017-02-13 08:47:56.585 INFO  network.server.ClientThread 153 msgAll -    2 > {"Würfelwurf":{"Spieler":1,"Wurf":[6,5]}}
2017-02-13 08:47:56.591 INFO  network.server.ClientThread 153 msgAll -    3 > {"Würfelwurf":{"Spieler":1,"Wurf":[6,5]}}
2017-02-13 08:47:56.598 INFO  network.server.ClientThread 153 msgAll -    4 > {"Würfelwurf":{"Spieler":1,"Wurf":[6,5]}}
2017-02-13 08:47:56.604 INFO  network.server.ClientThread 153 msgAll -    1 > {"Würfelwurf":{"Spieler":2,"Wurf":[5,5]}}
2017-02-13 08:47:56.608 WARN  network.client.ClientListener 249 handleMsg - Case not covered!
2017-02-13 08:47:56.608 INFO  network.client.Client 173 receiveMsg - {"Würfelwurf":{"Spieler":1,"Wurf":[4,6]}}
2017-02-13 08:47:56.610 INFO  network.server.ClientThread 153 msgAll -    2 > {"Würfelwurf":{"Spieler":2,"Wurf":[5,5]}}
2017-02-13 08:47:56.613 WARN  network.client.ClientListener 249 handleMsg - Case not covered!
2017-02-13 08:47:56.613 INFO  network.client.Client 173 receiveMsg - {"Würfelwurf":{"Spieler":1,"Wurf":[4,6]}}
2017-02-13 08:47:56.617 INFO  network.server.ClientThread 153 msgAll -    3 > {"Würfelwurf":{"Spieler":2,"Wurf":[5,5]}}
2017-02-13 08:47:56.621 WARN  network.client.ClientListener 249 handleMsg - Case not covered!
2017-02-13 08:47:56.621 INFO  network.client.Client 173 receiveMsg - {"Würfelwurf":{"Spieler":1,"Wurf":[4,6]}}
2017-02-13 08:47:56.623 INFO  network.server.ClientThread 153 msgAll -    4 > {"Würfelwurf":{"Spieler":2,"Wurf":[5,5]}}
2017-02-13 08:47:56.630 INFO  network.server.ClientThread 153 msgAll -    1 > {"Würfelwurf":{"Spieler":3,"Wurf":[3,3]}}
2017-02-13 08:47:56.636 INFO  network.server.ClientThread 153 msgAll -    2 > {"Würfelwurf":{"Spieler":3,"Wurf":[3,3]}}
2017-02-13 08:47:56.641 INFO  network.server.ClientThread 153 msgAll -    3 > {"Würfelwurf":{"Spieler":3,"Wurf":[3,3]}}
2017-02-13 08:47:56.647 INFO  network.server.ClientThread 153 msgAll -    4 > {"Würfelwurf":{"Spieler":3,"Wurf":[3,3]}}
2017-02-13 08:47:56.654 INFO  network.server.ClientThread 153 msgAll -    1 > {"Würfelwurf":{"Spieler":4,"Wurf":[6,1]}}
2017-02-13 08:47:56.660 INFO  network.server.ClientThread 153 msgAll -    2 > {"Würfelwurf":{"Spieler":4,"Wurf":[6,1]}}
2017-02-13 08:47:56.666 INFO  network.server.ClientThread 153 msgAll -    3 > {"Würfelwurf":{"Spieler":4,"Wurf":[6,1]}}
2017-02-13 08:47:56.674 INFO  network.server.ClientThread 153 msgAll -    4 > {"Würfelwurf":{"Spieler":4,"Wurf":[6,1]}}
2017-02-13 08:47:56.686 INFO  network.server.ClientThreadSequence 126 setSequence - Player sequence [1, 2, 4, 3]
2017-02-13 08:47:56.693 WARN  network.client.ClientListener 249 handleMsg - Case not covered!
2017-02-13 08:47:56.694 INFO  network.client.Client 173 receiveMsg - {"Würfelwurf":{"Spieler":2,"Wurf":[2,3]}}
2017-02-13 08:47:56.697 WARN  network.client.ClientListener 249 handleMsg - Case not covered!
2017-02-13 08:47:56.698 INFO  network.client.Client 173 receiveMsg - {"Würfelwurf":{"Spieler":2,"Wurf":[2,3]}}
2017-02-13 08:47:56.705 INFO  network.server.ClientThread 126 msgThisClient -    2 > {"Statusupdate":{"Spieler":{"Status":"Warten","Rittermacht":0,"Farbe":"Rot","Längste Handelsstraße":false,"Siegpunkte":0,"Rohstoffe":{"Getreide":0,"Wolle":0,"Holz":0,"Lehm":0,"Erz":0},"id":2,"Entwicklungskarten":{"Straßenbau":0,"Erfindung":0,"Monopol":0,"Ritter":0,"Siegpunkt":0},"Name":"KI (2)","Größte Rittermacht":false}}}
2017-02-13 08:47:56.705 INFO  network.server.ClientThread 186 msgAllButThisClient -    1 > {"Statusupdate":{"Spieler":{"Status":"Warten","Rittermacht":0,"Farbe":"Rot","Längste Handelsstraße":false,"Siegpunkte":0,"Rohstoffe":{"Unbekannt":0},"id":2,"Entwicklungskarten":{"Unbekannt":0},"Name":"KI (2)","Größte Rittermacht":false}}}
2017-02-13 08:47:56.706 WARN  network.client.ClientListener 249 handleMsg - Case not covered!
2017-02-13 08:47:56.706 INFO  network.client.Client 173 receiveMsg - {"Würfelwurf":{"Spieler":2,"Wurf":[2,3]}}
2017-02-13 08:47:56.713 INFO  network.server.ClientThread 186 msgAllButThisClient -    3 > {"Statusupdate":{"Spieler":{"Status":"Warten","Rittermacht":0,"Farbe":"Rot","Längste Handelsstraße":false,"Siegpunkte":0,"Rohstoffe":{"Unbekannt":0},"id":2,"Entwicklungskarten":{"Unbekannt":0},"Name":"KI (2)","Größte Rittermacht":false}}}
2017-02-13 08:47:56.719 INFO  network.server.ClientThread 186 msgAllButThisClient -    4 > {"Statusupdate":{"Spieler":{"Status":"Warten","Rittermacht":0,"Farbe":"Rot","Längste Handelsstraße":false,"Siegpunkte":0,"Rohstoffe":{"Unbekannt":0},"id":2,"Entwicklungskarten":{"Unbekannt":0},"Name":"KI (2)","Größte Rittermacht":false}}}
2017-02-13 08:47:56.731 INFO  network.server.ClientThread 126 msgThisClient -    3 > {"Statusupdate":{"Spieler":{"Status":"Warten","Rittermacht":0,"Farbe":"Orange","Längste Handelsstraße":false,"Siegpunkte":0,"Rohstoffe":{"Getreide":0,"Wolle":0,"Holz":0,"Lehm":0,"Erz":0},"id":3,"Entwicklungskarten":{"Straßenbau":0,"Erfindung":0,"Monopol":0,"Ritter":0,"Siegpunkt":0},"Name":"KI (3)","Größte Rittermacht":false}}}
2017-02-13 08:47:56.731 INFO  network.server.ClientThread 186 msgAllButThisClient -    1 > {"Statusupdate":{"Spieler":{"Status":"Warten","Rittermacht":0,"Farbe":"Orange","Längste Handelsstraße":false,"Siegpunkte":0,"Rohstoffe":{"Unbekannt":0},"id":3,"Entwicklungskarten":{"Unbekannt":0},"Name":"KI (3)","Größte Rittermacht":false}}}
2017-02-13 08:47:56.740 INFO  network.server.ClientThread 186 msgAllButThisClient -    2 > {"Statusupdate":{"Spieler":{"Status":"Warten","Rittermacht":0,"Farbe":"Orange","Längste Handelsstraße":false,"Siegpunkte":0,"Rohstoffe":{"Unbekannt":0},"id":3,"Entwicklungskarten":{"Unbekannt":0},"Name":"KI (3)","Größte Rittermacht":false}}}
2017-02-13 08:47:56.748 INFO  network.server.ClientThread 186 msgAllButThisClient -    4 > {"Statusupdate":{"Spieler":{"Status":"Warten","Rittermacht":0,"Farbe":"Orange","Längste Handelsstraße":false,"Siegpunkte":0,"Rohstoffe":{"Unbekannt":0},"id":3,"Entwicklungskarten":{"Unbekannt":0},"Name":"KI (3)","Größte Rittermacht":false}}}
2017-02-13 08:47:56.758 INFO  network.server.ClientThread 126 msgThisClient -    4 > {"Statusupdate":{"Spieler":{"Status":"Warten","Rittermacht":0,"Längste Handelsstraße":false,"Siegpunkte":0,"Rohstoffe":{"Getreide":0,"Wolle":0,"Holz":0,"Lehm":0,"Erz":0},"id":4,"Entwicklungskarten":{"Straßenbau":0,"Erfindung":0,"Monopol":0,"Ritter":0,"Siegpunkt":0},"Größte Rittermacht":false}}}
2017-02-13 08:47:56.759 INFO  network.server.ClientThread 186 msgAllButThisClient -    1 > {"Statusupdate":{"Spieler":{"Status":"Warten","Rittermacht":0,"Längste Handelsstraße":false,"Siegpunkte":0,"Rohstoffe":{"Unbekannt":0},"id":4,"Entwicklungskarten":{"Unbekannt":0},"Größte Rittermacht":false}}}
2017-02-13 08:47:56.767 INFO  network.server.ClientThread 186 msgAllButThisClient -    2 > {"Statusupdate":{"Spieler":{"Status":"Warten","Rittermacht":0,"Längste Handelsstraße":false,"Siegpunkte":0,"Rohstoffe":{"Unbekannt":0},"id":4,"Entwicklungskarten":{"Unbekannt":0},"Größte Rittermacht":false}}}
2017-02-13 08:47:56.776 INFO  network.server.ClientThread 186 msgAllButThisClient -    3 > {"Statusupdate":{"Spieler":{"Status":"Warten","Rittermacht":0,"Längste Handelsstraße":false,"Siegpunkte":0,"Rohstoffe":{"Unbekannt":0},"id":4,"Entwicklungskarten":{"Unbekannt":0},"Größte Rittermacht":false}}}
2017-02-13 08:47:56.776 WARN  network.client.ClientListener 249 handleMsg - Case not covered!
2017-02-13 08:47:56.777 INFO  network.client.Client 173 receiveMsg - {"Würfelwurf":{"Spieler":3,"Wurf":[6,6]}}
2017-02-13 08:47:56.781 WARN  network.client.ClientListener 249 handleMsg - Case not covered!
2017-02-13 08:47:56.782 INFO  network.client.Client 173 receiveMsg - {"Würfelwurf":{"Spieler":3,"Wurf":[6,6]}}
2017-02-13 08:47:56.784 INFO  network.server.ClientThread 126 msgThisClient -    1 > {"Statusupdate":{"Spieler":{"Status":"Dorf bauen","Rittermacht":0,"Farbe":"Blau","Längste Handelsstraße":false,"Siegpunkte":0,"Rohstoffe":{"Getreide":0,"Wolle":0,"Holz":0,"Lehm":0,"Erz":0},"id":1,"Entwicklungskarten":{"Straßenbau":0,"Erfindung":0,"Monopol":0,"Ritter":0,"Siegpunkt":0},"Name":"KI (1)","Größte Rittermacht":false}}}
2017-02-13 08:47:56.785 INFO  network.server.ClientThread 186 msgAllButThisClient -    2 > {"Statusupdate":{"Spieler":{"Status":"Dorf bauen","Rittermacht":0,"Farbe":"Blau","Längste Handelsstraße":false,"Siegpunkte":0,"Rohstoffe":{"Unbekannt":0},"id":1,"Entwicklungskarten":{"Unbekannt":0},"Name":"KI (1)","Größte Rittermacht":false}}}
2017-02-13 08:47:56.790 WARN  network.client.ClientListener 249 handleMsg - Case not covered!
2017-02-13 08:47:56.790 INFO  network.client.Client 173 receiveMsg - {"Würfelwurf":{"Spieler":3,"Wurf":[6,6]}}
2017-02-13 08:47:56.792 INFO  network.server.ClientThread 186 msgAllButThisClient -    3 > {"Statusupdate":{"Spieler":{"Status":"Dorf bauen","Rittermacht":0,"Farbe":"Blau","Längste Handelsstraße":false,"Siegpunkte":0,"Rohstoffe":{"Unbekannt":0},"id":1,"Entwicklungskarten":{"Unbekannt":0},"Name":"KI (1)","Größte Rittermacht":false}}}
2017-02-13 08:47:56.800 INFO  network.server.ClientThread 186 msgAllButThisClient -    4 > {"Statusupdate":{"Spieler":{"Status":"Dorf bauen","Rittermacht":0,"Farbe":"Blau","Längste Handelsstraße":false,"Siegpunkte":0,"Rohstoffe":{"Unbekannt":0},"id":1,"Entwicklungskarten":{"Unbekannt":0},"Name":"KI (1)","Größte Rittermacht":false}}}
2017-02-13 08:47:56.858 WARN  network.client.ClientListener 249 handleMsg - Case not covered!
2017-02-13 08:47:56.858 INFO  network.client.Client 173 receiveMsg - {"Würfelwurf":{"Spieler":4,"Wurf":[3,2]}}
2017-02-13 08:47:56.863 WARN  network.client.ClientListener 249 handleMsg - Case not covered!
2017-02-13 08:47:56.864 INFO  network.client.Client 173 receiveMsg - {"Würfelwurf":{"Spieler":4,"Wurf":[3,2]}}
2017-02-13 08:47:56.875 WARN  network.client.ClientListener 249 handleMsg - Case not covered!
2017-02-13 08:47:56.876 INFO  network.client.Client 173 receiveMsg - {"Würfelwurf":{"Spieler":4,"Wurf":[3,2]}}
2017-02-13 08:47:56.942 WARN  network.client.ClientListener 249 handleMsg - Case not covered!
2017-02-13 08:47:56.943 INFO  network.client.Client 173 receiveMsg - {"Würfelwurf":{"Spieler":1,"Wurf":[6,5]}}
2017-02-13 08:47:56.948 WARN  network.client.ClientListener 249 handleMsg - Case not covered!
2017-02-13 08:47:56.948 INFO  network.client.Client 173 receiveMsg - {"Würfelwurf":{"Spieler":1,"Wurf":[6,5]}}
2017-02-13 08:47:56.959 WARN  network.client.ClientListener 249 handleMsg - Case not covered!
2017-02-13 08:47:56.959 INFO  network.client.Client 173 receiveMsg - {"Würfelwurf":{"Spieler":1,"Wurf":[6,5]}}
2017-02-13 08:47:57.028 WARN  network.client.ClientListener 249 handleMsg - Case not covered!
2017-02-13 08:47:57.028 INFO  network.client.Client 173 receiveMsg - {"Würfelwurf":{"Spieler":2,"Wurf":[5,5]}}
2017-02-13 08:47:57.031 WARN  network.client.ClientListener 249 handleMsg - Case not covered!
2017-02-13 08:47:57.031 INFO  network.client.Client 173 receiveMsg - {"Würfelwurf":{"Spieler":2,"Wurf":[5,5]}}
2017-02-13 08:47:57.043 WARN  network.client.ClientListener 249 handleMsg - Case not covered!
2017-02-13 08:47:57.043 INFO  network.client.Client 173 receiveMsg - {"Würfelwurf":{"Spieler":2,"Wurf":[5,5]}}
2017-02-13 08:47:57.112 WARN  network.client.ClientListener 249 handleMsg - Case not covered!
2017-02-13 08:47:57.112 WARN  network.client.ClientListener 249 handleMsg - Case not covered!
2017-02-13 08:47:57.113 INFO  network.client.Client 173 receiveMsg - {"Würfelwurf":{"Spieler":3,"Wurf":[3,3]}}
2017-02-13 08:47:57.113 INFO  network.client.Client 173 receiveMsg - {"Würfelwurf":{"Spieler":3,"Wurf":[3,3]}}
2017-02-13 08:47:57.126 WARN  network.client.ClientListener 249 handleMsg - Case not covered!
2017-02-13 08:47:57.127 INFO  network.client.Client 173 receiveMsg - {"Würfelwurf":{"Spieler":3,"Wurf":[3,3]}}
2017-02-13 08:47:57.196 WARN  network.client.ClientListener 249 handleMsg - Case not covered!
2017-02-13 08:47:57.196 WARN  network.client.ClientListener 249 handleMsg - Case not covered!
2017-02-13 08:47:57.196 INFO  network.client.Client 173 receiveMsg - {"Würfelwurf":{"Spieler":4,"Wurf":[6,1]}}
2017-02-13 08:47:57.196 INFO  network.client.Client 173 receiveMsg - {"Würfelwurf":{"Spieler":4,"Wurf":[6,1]}}
2017-02-13 08:47:57.211 WARN  network.client.ClientListener 249 handleMsg - Case not covered!
2017-02-13 08:47:57.211 INFO  network.client.Client 173 receiveMsg - {"Würfelwurf":{"Spieler":4,"Wurf":[6,1]}}
2017-02-13 08:47:57.280 WARN  network.client.ClientListener 768 internalAi - Case not covered!
2017-02-13 08:47:57.280 INFO  network.client.Client 173 receiveMsg - {"Statusupdate":{"Spieler":{"Status":"Warten","Rittermacht":0,"Farbe":"Rot","Längste Handelsstraße":false,"Siegpunkte":0,"Rohstoffe":{"Unbekannt":0},"id":2,"Entwicklungskarten":{"Unbekannt":0},"Name":"KI (2)","Größte Rittermacht":false}}}
2017-02-13 08:47:57.280 WARN  network.client.ClientListener 768 internalAi - Case not covered!
2017-02-13 08:47:57.281 INFO  network.client.Client 173 receiveMsg - {"Statusupdate":{"Spieler":{"Status":"Warten","Rittermacht":0,"Farbe":"Rot","Längste Handelsstraße":false,"Siegpunkte":0,"Rohstoffe":{"Getreide":0,"Wolle":0,"Holz":0,"Lehm":0,"Erz":0},"id":2,"Entwicklungskarten":{"Straßenbau":0,"Erfindung":0,"Monopol":0,"Ritter":0,"Siegpunkt":0},"Name":"KI (2)","Größte Rittermacht":false}}}
2017-02-13 08:47:57.296 WARN  network.client.ClientListener 768 internalAi - Case not covered!
2017-02-13 08:47:57.296 INFO  network.client.Client 173 receiveMsg - {"Statusupdate":{"Spieler":{"Status":"Warten","Rittermacht":0,"Farbe":"Rot","Längste Handelsstraße":false,"Siegpunkte":0,"Rohstoffe":{"Unbekannt":0},"id":2,"Entwicklungskarten":{"Unbekannt":0},"Name":"KI (2)","Größte Rittermacht":false}}}
2017-02-13 08:47:57.363 WARN  network.client.ClientListener 768 internalAi - Case not covered!
2017-02-13 08:47:57.363 WARN  network.client.ClientListener 768 internalAi - Case not covered!
2017-02-13 08:47:57.364 INFO  network.client.Client 173 receiveMsg - {"Statusupdate":{"Spieler":{"Status":"Warten","Rittermacht":0,"Farbe":"Orange","Längste Handelsstraße":false,"Siegpunkte":0,"Rohstoffe":{"Unbekannt":0},"id":3,"Entwicklungskarten":{"Unbekannt":0},"Name":"KI (3)","Größte Rittermacht":false}}}
2017-02-13 08:47:57.364 INFO  network.client.Client 173 receiveMsg - {"Statusupdate":{"Spieler":{"Status":"Warten","Rittermacht":0,"Farbe":"Orange","Längste Handelsstraße":false,"Siegpunkte":0,"Rohstoffe":{"Unbekannt":0},"id":3,"Entwicklungskarten":{"Unbekannt":0},"Name":"KI (3)","Größte Rittermacht":false}}}
2017-02-13 08:47:57.380 WARN  network.client.ClientListener 768 internalAi - Case not covered!
2017-02-13 08:47:57.380 INFO  network.client.Client 173 receiveMsg - {"Statusupdate":{"Spieler":{"Status":"Warten","Rittermacht":0,"Farbe":"Orange","Längste Handelsstraße":false,"Siegpunkte":0,"Rohstoffe":{"Getreide":0,"Wolle":0,"Holz":0,"Lehm":0,"Erz":0},"id":3,"Entwicklungskarten":{"Straßenbau":0,"Erfindung":0,"Monopol":0,"Ritter":0,"Siegpunkt":0},"Name":"KI (3)","Größte Rittermacht":false}}}
2017-02-13 08:47:57.446 WARN  network.client.ClientListener 768 internalAi - Case not covered!
2017-02-13 08:47:57.446 WARN  network.client.ClientListener 768 internalAi - Case not covered!
2017-02-13 08:47:57.446 INFO  network.client.Client 173 receiveMsg - {"Statusupdate":{"Spieler":{"Status":"Warten","Rittermacht":0,"Längste Handelsstraße":false,"Siegpunkte":0,"Rohstoffe":{"Unbekannt":0},"id":4,"Entwicklungskarten":{"Unbekannt":0},"Größte Rittermacht":false}}}
2017-02-13 08:47:57.446 INFO  network.client.Client 173 receiveMsg - {"Statusupdate":{"Spieler":{"Status":"Warten","Rittermacht":0,"Längste Handelsstraße":false,"Siegpunkte":0,"Rohstoffe":{"Unbekannt":0},"id":4,"Entwicklungskarten":{"Unbekannt":0},"Größte Rittermacht":false}}}
2017-02-13 08:47:57.461 WARN  network.client.ClientListener 768 internalAi - Case not covered!
2017-02-13 08:47:57.461 INFO  network.client.Client 173 receiveMsg - {"Statusupdate":{"Spieler":{"Status":"Warten","Rittermacht":0,"Längste Handelsstraße":false,"Siegpunkte":0,"Rohstoffe":{"Unbekannt":0},"id":4,"Entwicklungskarten":{"Unbekannt":0},"Größte Rittermacht":false}}}
2017-02-13 08:47:57.531 INFO  network.client.Client 173 receiveMsg - {"Statusupdate":{"Spieler":{"Status":"Dorf bauen","Rittermacht":0,"Farbe":"Blau","Längste Handelsstraße":false,"Siegpunkte":0,"Rohstoffe":{"Unbekannt":0},"id":1,"Entwicklungskarten":{"Unbekannt":0},"Name":"KI (1)","Größte Rittermacht":false}}}
2017-02-13 08:47:57.546 INFO  network.client.Client 173 receiveMsg - {"Statusupdate":{"Spieler":{"Status":"Dorf bauen","Rittermacht":0,"Farbe":"Blau","Längste Handelsstraße":false,"Siegpunkte":0,"Rohstoffe":{"Unbekannt":0},"id":1,"Entwicklungskarten":{"Unbekannt":0},"Name":"KI (1)","Größte Rittermacht":false}}}
2017-02-13 08:47:57.693 INFO  network.client.Client 156 sendMsg - {"Bauen":{"Ort":[{"x":-1,"y":2},{"x":0,"y":2},{"x":0,"y":1}],"Typ":"Dorf"}}
2017-02-13 08:47:57.694 INFO  network.client.Client 173 receiveMsg - {"Statusupdate":{"Spieler":{"Status":"Dorf bauen","Rittermacht":0,"Farbe":"Blau","Längste Handelsstraße":false,"Siegpunkte":0,"Rohstoffe":{"Getreide":0,"Wolle":0,"Holz":0,"Lehm":0,"Erz":0},"id":1,"Entwicklungskarten":{"Straßenbau":0,"Erfindung":0,"Monopol":0,"Ritter":0,"Siegpunkt":0},"Name":"KI (1)","Größte Rittermacht":false}}}
2017-02-13 08:47:57.695 INFO  network.server.ClientThread 59 run -  < 1   {"Bauen":{"Ort":[{"x":-1,"y":2},{"x":0,"y":2},{"x":0,"y":1}],"Typ":"Dorf"}}
2017-02-13 08:47:57.697 INFO  network.Interpreter 328 axialToEdgeOrCorner - [{"x":-1,"y":2},{"x":0,"y":2},{"x":0,"y":1}]. {6, 7, 12}
2017-02-13 08:47:57.704 INFO  network.Interpreter 328 axialToEdgeOrCorner - [{"x":-1,"y":2},{"x":0,"y":2},{"x":0,"y":1}]. {6, 7, 12}
2017-02-13 08:47:57.706 INFO  network.server.ClientThread 126 msgThisClient -    1 > {"Serverantwort":"OK"}
2017-02-13 08:47:57.712 INFO  network.server.ClientThread 153 msgAll -    1 > {"Bauvorgang":{"Gebäude":{"Ort":[{"x":-1,"y":2},{"x":0,"y":2},{"x":0,"y":1}],"Eigentümer":1,"Typ":"Dorf"}}}
2017-02-13 08:47:57.718 INFO  network.server.ClientThread 153 msgAll -    2 > {"Bauvorgang":{"Gebäude":{"Ort":[{"x":-1,"y":2},{"x":0,"y":2},{"x":0,"y":1}],"Eigentümer":1,"Typ":"Dorf"}}}
2017-02-13 08:47:57.718 WARN  network.client.ClientListener 249 handleMsg - Case not covered!
2017-02-13 08:47:57.718 INFO  network.client.Client 173 receiveMsg - {"Bauvorgang":{"Gebäude":{"Ort":[{"x":-1,"y":2},{"x":0,"y":2},{"x":0,"y":1}],"Eigentümer":1,"Typ":"Dorf"}}}
2017-02-13 08:47:57.724 INFO  network.server.ClientThread 153 msgAll -    3 > {"Bauvorgang":{"Gebäude":{"Ort":[{"x":-1,"y":2},{"x":0,"y":2},{"x":0,"y":1}],"Eigentümer":1,"Typ":"Dorf"}}}
2017-02-13 08:47:57.724 WARN  network.client.ClientListener 249 handleMsg - Case not covered!
2017-02-13 08:47:57.725 INFO  network.client.Client 173 receiveMsg - {"Bauvorgang":{"Gebäude":{"Ort":[{"x":-1,"y":2},{"x":0,"y":2},{"x":0,"y":1}],"Eigentümer":1,"Typ":"Dorf"}}}
2017-02-13 08:47:57.731 INFO  network.server.ClientThread 153 msgAll -    4 > {"Bauvorgang":{"Gebäude":{"Ort":[{"x":-1,"y":2},{"x":0,"y":2},{"x":0,"y":1}],"Eigentümer":1,"Typ":"Dorf"}}}
2017-02-13 08:47:57.738 INFO  network.server.ClientThread 126 msgThisClient -    1 > {"Statusupdate":{"Spieler":{"Status":"Straße bauen","Rittermacht":0,"Farbe":"Blau","Längste Handelsstraße":false,"Siegpunkte":1,"Rohstoffe":{"Getreide":0,"Wolle":0,"Holz":0,"Lehm":0,"Erz":0},"id":1,"Entwicklungskarten":{"Straßenbau":0,"Erfindung":0,"Monopol":0,"Ritter":0,"Siegpunkt":0},"Name":"KI (1)","Größte Rittermacht":false}}}
2017-02-13 08:47:57.738 INFO  network.server.ClientThread 186 msgAllButThisClient -    2 > {"Statusupdate":{"Spieler":{"Status":"Straße bauen","Rittermacht":0,"Farbe":"Blau","Längste Handelsstraße":false,"Siegpunkte":1,"Rohstoffe":{"Unbekannt":0},"id":1,"Entwicklungskarten":{"Unbekannt":0},"Name":"KI (1)","Größte Rittermacht":false}}}
2017-02-13 08:47:57.744 INFO  network.server.ClientThread 186 msgAllButThisClient -    3 > {"Statusupdate":{"Spieler":{"Status":"Straße bauen","Rittermacht":0,"Farbe":"Blau","Längste Handelsstraße":false,"Siegpunkte":1,"Rohstoffe":{"Unbekannt":0},"id":1,"Entwicklungskarten":{"Unbekannt":0},"Name":"KI (1)","Größte Rittermacht":false}}}
2017-02-13 08:47:57.754 INFO  network.server.ClientThread 186 msgAllButThisClient -    4 > {"Statusupdate":{"Spieler":{"Status":"Straße bauen","Rittermacht":0,"Farbe":"Blau","Längste Handelsstraße":false,"Siegpunkte":1,"Rohstoffe":{"Unbekannt":0},"id":1,"Entwicklungskarten":{"Unbekannt":0},"Name":"KI (1)","Größte Rittermacht":false}}}
2017-02-13 08:47:57.780 WARN  network.client.ClientListener 249 handleMsg - Case not covered!
2017-02-13 08:47:57.780 INFO  network.client.Client 173 receiveMsg - {"Serverantwort":"OK"}
2017-02-13 08:47:57.803 INFO  network.client.Client 173 receiveMsg - {"Statusupdate":{"Spieler":{"Status":"Straße bauen","Rittermacht":0,"Farbe":"Blau","Längste Handelsstraße":false,"Siegpunkte":1,"Rohstoffe":{"Unbekannt":0},"id":1,"Entwicklungskarten":{"Unbekannt":0},"Name":"KI (1)","Größte Rittermacht":false}}}
2017-02-13 08:47:57.809 INFO  network.client.Client 173 receiveMsg - {"Statusupdate":{"Spieler":{"Status":"Straße bauen","Rittermacht":0,"Farbe":"Blau","Längste Handelsstraße":false,"Siegpunkte":1,"Rohstoffe":{"Unbekannt":0},"id":1,"Entwicklungskarten":{"Unbekannt":0},"Name":"KI (1)","Größte Rittermacht":false}}}
2017-02-13 08:47:57.863 WARN  network.client.ClientListener 249 handleMsg - Case not covered!
2017-02-13 08:47:57.864 INFO  network.client.Client 173 receiveMsg - {"Bauvorgang":{"Gebäude":{"Ort":[{"x":-1,"y":2},{"x":0,"y":2},{"x":0,"y":1}],"Eigentümer":1,"Typ":"Dorf"}}}
2017-02-13 08:47:58.047 INFO  network.client.Client 156 sendMsg - {"Bauen":{"Ort":[{"x":0,"y":2},{"x":0,"y":1}],"Typ":"Straße"}}
2017-02-13 08:47:58.047 INFO  network.server.ClientThread 59 run -  < 1   {"Bauen":{"Ort":[{"x":0,"y":2},{"x":0,"y":1}],"Typ":"Straße"}}
2017-02-13 08:47:58.047 INFO  network.client.Client 173 receiveMsg - {"Statusupdate":{"Spieler":{"Status":"Straße bauen","Rittermacht":0,"Farbe":"Blau","Längste Handelsstraße":false,"Siegpunkte":1,"Rohstoffe":{"Getreide":0,"Wolle":0,"Holz":0,"Lehm":0,"Erz":0},"id":1,"Entwicklungskarten":{"Straßenbau":0,"Erfindung":0,"Monopol":0,"Ritter":0,"Siegpunkt":0},"Name":"KI (1)","Größte Rittermacht":false}}}
2017-02-13 08:47:58.047 INFO  network.Interpreter 328 axialToEdgeOrCorner - [{"x":0,"y":2},{"x":0,"y":1}]. {7, 12}
2017-02-13 08:47:58.048 INFO  network.Interpreter 328 axialToEdgeOrCorner - [{"x":0,"y":2},{"x":0,"y":1}]. {7, 12}
2017-02-13 08:47:58.048 INFO  network.server.ClientThread 126 msgThisClient -    1 > {"Serverantwort":"OK"}
2017-02-13 08:47:58.049 INFO  network.server.ClientThread 153 msgAll -    1 > {"Bauvorgang":{"Gebäude":{"Ort":[{"x":0,"y":2},{"x":0,"y":1}],"Eigentümer":1,"Typ":"Straße"}}}
2017-02-13 08:47:58.054 INFO  network.server.ClientThread 153 msgAll -    2 > {"Bauvorgang":{"Gebäude":{"Ort":[{"x":0,"y":2},{"x":0,"y":1}],"Eigentümer":1,"Typ":"Straße"}}}
2017-02-13 08:47:58.054 WARN  network.client.ClientListener 249 handleMsg - Case not covered!
2017-02-13 08:47:58.054 INFO  network.client.Client 173 receiveMsg - {"Bauvorgang":{"Gebäude":{"Ort":[{"x":0,"y":2},{"x":0,"y":1}],"Eigentümer":1,"Typ":"Straße"}}}
2017-02-13 08:47:58.061 INFO  network.server.ClientThread 153 msgAll -    3 > {"Bauvorgang":{"Gebäude":{"Ort":[{"x":0,"y":2},{"x":0,"y":1}],"Eigentümer":1,"Typ":"Straße"}}}
2017-02-13 08:47:58.061 WARN  network.client.ClientListener 249 handleMsg - Case not covered!
2017-02-13 08:47:58.061 INFO  network.client.Client 173 receiveMsg - {"Bauvorgang":{"Gebäude":{"Ort":[{"x":0,"y":2},{"x":0,"y":1}],"Eigentümer":1,"Typ":"Straße"}}}
2017-02-13 08:47:58.067 INFO  network.server.ClientThread 153 msgAll -    4 > {"Bauvorgang":{"Gebäude":{"Ort":[{"x":0,"y":2},{"x":0,"y":1}],"Eigentümer":1,"Typ":"Straße"}}}
2017-02-13 08:47:58.075 INFO  network.server.ClientThread 126 msgThisClient -    1 > {"Statusupdate":{"Spieler":{"Status":"Warten","Rittermacht":0,"Farbe":"Blau","Längste Handelsstraße":false,"Siegpunkte":1,"Rohstoffe":{"Getreide":0,"Wolle":0,"Holz":0,"Lehm":0,"Erz":0},"id":1,"Entwicklungskarten":{"Straßenbau":0,"Erfindung":0,"Monopol":0,"Ritter":0,"Siegpunkt":0},"Name":"KI (1)","Größte Rittermacht":false}}}
2017-02-13 08:47:58.076 INFO  network.server.ClientThread 186 msgAllButThisClient -    2 > {"Statusupdate":{"Spieler":{"Status":"Warten","Rittermacht":0,"Farbe":"Blau","Längste Handelsstraße":false,"Siegpunkte":1,"Rohstoffe":{"Unbekannt":0},"id":1,"Entwicklungskarten":{"Unbekannt":0},"Name":"KI (1)","Größte Rittermacht":false}}}
2017-02-13 08:47:58.082 INFO  network.server.ClientThread 186 msgAllButThisClient -    3 > {"Statusupdate":{"Spieler":{"Status":"Warten","Rittermacht":0,"Farbe":"Blau","Längste Handelsstraße":false,"Siegpunkte":1,"Rohstoffe":{"Unbekannt":0},"id":1,"Entwicklungskarten":{"Unbekannt":0},"Name":"KI (1)","Größte Rittermacht":false}}}
2017-02-13 08:47:58.089 INFO  network.server.ClientThread 186 msgAllButThisClient -    4 > {"Statusupdate":{"Spieler":{"Status":"Warten","Rittermacht":0,"Farbe":"Blau","Längste Handelsstraße":false,"Siegpunkte":1,"Rohstoffe":{"Unbekannt":0},"id":1,"Entwicklungskarten":{"Unbekannt":0},"Name":"KI (1)","Größte Rittermacht":false}}}
2017-02-13 08:47:58.097 INFO  network.server.ClientThread 126 msgThisClient -    2 > {"Statusupdate":{"Spieler":{"Status":"Dorf bauen","Rittermacht":0,"Farbe":"Rot","Längste Handelsstraße":false,"Siegpunkte":0,"Rohstoffe":{"Getreide":0,"Wolle":0,"Holz":0,"Lehm":0,"Erz":0},"id":2,"Entwicklungskarten":{"Straßenbau":0,"Erfindung":0,"Monopol":0,"Ritter":0,"Siegpunkt":0},"Name":"KI (2)","Größte Rittermacht":false}}}
2017-02-13 08:47:58.099 INFO  network.server.ClientThread 186 msgAllButThisClient -    1 > {"Statusupdate":{"Spieler":{"Status":"Dorf bauen","Rittermacht":0,"Farbe":"Rot","Längste Handelsstraße":false,"Siegpunkte":0,"Rohstoffe":{"Unbekannt":0},"id":2,"Entwicklungskarten":{"Unbekannt":0},"Name":"KI (2)","Größte Rittermacht":false}}}
2017-02-13 08:47:58.106 INFO  network.server.ClientThread 186 msgAllButThisClient -    3 > {"Statusupdate":{"Spieler":{"Status":"Dorf bauen","Rittermacht":0,"Farbe":"Rot","Längste Handelsstraße":false,"Siegpunkte":0,"Rohstoffe":{"Unbekannt":0},"id":2,"Entwicklungskarten":{"Unbekannt":0},"Name":"KI (2)","Größte Rittermacht":false}}}
2017-02-13 08:47:58.111 INFO  network.server.ClientThread 186 msgAllButThisClient -    4 > {"Statusupdate":{"Spieler":{"Status":"Dorf bauen","Rittermacht":0,"Farbe":"Rot","Längste Handelsstraße":false,"Siegpunkte":0,"Rohstoffe":{"Unbekannt":0},"id":2,"Entwicklungskarten":{"Unbekannt":0},"Name":"KI (2)","Größte Rittermacht":false}}}
2017-02-13 08:47:58.129 WARN  network.client.ClientListener 249 handleMsg - Case not covered!
2017-02-13 08:47:58.130 INFO  network.client.Client 173 receiveMsg - {"Serverantwort":"OK"}
2017-02-13 08:47:58.140 WARN  network.client.ClientListener 768 internalAi - Case not covered!
2017-02-13 08:47:58.141 INFO  network.client.Client 173 receiveMsg - {"Statusupdate":{"Spieler":{"Status":"Warten","Rittermacht":0,"Farbe":"Blau","Längste Handelsstraße":false,"Siegpunkte":1,"Rohstoffe":{"Unbekannt":0},"id":1,"Entwicklungskarten":{"Unbekannt":0},"Name":"KI (1)","Größte Rittermacht":false}}}
2017-02-13 08:47:58.146 WARN  network.client.ClientListener 768 internalAi - Case not covered!
2017-02-13 08:47:58.147 INFO  network.client.Client 173 receiveMsg - {"Statusupdate":{"Spieler":{"Status":"Warten","Rittermacht":0,"Farbe":"Blau","Längste Handelsstraße":false,"Siegpunkte":1,"Rohstoffe":{"Unbekannt":0},"id":1,"Entwicklungskarten":{"Unbekannt":0},"Name":"KI (1)","Größte Rittermacht":false}}}
2017-02-13 08:47:58.213 WARN  network.client.ClientListener 249 handleMsg - Case not covered!
2017-02-13 08:47:58.213 INFO  network.client.Client 173 receiveMsg - {"Bauvorgang":{"Gebäude":{"Ort":[{"x":0,"y":2},{"x":0,"y":1}],"Eigentümer":1,"Typ":"Straße"}}}
2017-02-13 08:47:58.229 INFO  network.client.Client 173 receiveMsg - {"Statusupdate":{"Spieler":{"Status":"Dorf bauen","Rittermacht":0,"Farbe":"Rot","Längste Handelsstraße":false,"Siegpunkte":0,"Rohstoffe":{"Unbekannt":0},"id":2,"Entwicklungskarten":{"Unbekannt":0},"Name":"KI (2)","Größte Rittermacht":false}}}
2017-02-13 08:47:58.297 WARN  network.client.ClientListener 768 internalAi - Case not covered!
2017-02-13 08:47:58.298 INFO  network.client.Client 173 receiveMsg - {"Statusupdate":{"Spieler":{"Status":"Warten","Rittermacht":0,"Farbe":"Blau","Längste Handelsstraße":false,"Siegpunkte":1,"Rohstoffe":{"Getreide":0,"Wolle":0,"Holz":0,"Lehm":0,"Erz":0},"id":1,"Entwicklungskarten":{"Straßenbau":0,"Erfindung":0,"Monopol":0,"Ritter":0,"Siegpunkt":0},"Name":"KI (1)","Größte Rittermacht":false}}}
2017-02-13 08:47:58.340 INFO  network.server.ClientThread 59 run -  < 2   {"Bauen":{"Ort":[{"x":1,"y":1},{"x":1,"y":0},{"x":2,"y":0}],"Typ":"Dorf"}}
2017-02-13 08:47:58.340 INFO  network.client.Client 156 sendMsg - {"Bauen":{"Ort":[{"x":1,"y":1},{"x":1,"y":0},{"x":2,"y":0}],"Typ":"Dorf"}}
2017-02-13 08:47:58.340 INFO  network.client.Client 173 receiveMsg - {"Statusupdate":{"Spieler":{"Status":"Dorf bauen","Rittermacht":0,"Farbe":"Rot","Längste Handelsstraße":false,"Siegpunkte":0,"Rohstoffe":{"Getreide":0,"Wolle":0,"Holz":0,"Lehm":0,"Erz":0},"id":2,"Entwicklungskarten":{"Straßenbau":0,"Erfindung":0,"Monopol":0,"Ritter":0,"Siegpunkt":0},"Name":"KI (2)","Größte Rittermacht":false}}}
2017-02-13 08:47:58.341 INFO  network.Interpreter 328 axialToEdgeOrCorner - [{"x":1,"y":1},{"x":1,"y":0},{"x":2,"y":0}]. {13, 19, 20}
2017-02-13 08:47:58.343 INFO  network.Interpreter 328 axialToEdgeOrCorner - [{"x":1,"y":1},{"x":1,"y":0},{"x":2,"y":0}]. {13, 19, 20}
2017-02-13 08:47:58.344 INFO  network.server.ClientThread 126 msgThisClient -    2 > {"Serverantwort":"OK"}
2017-02-13 08:47:58.346 INFO  network.server.ClientThread 153 msgAll -    1 > {"Bauvorgang":{"Gebäude":{"Ort":[{"x":1,"y":1},{"x":1,"y":0},{"x":2,"y":0}],"Eigentümer":2,"Typ":"Dorf"}}}
2017-02-13 08:47:58.352 INFO  network.server.ClientThread 153 msgAll -    2 > {"Bauvorgang":{"Gebäude":{"Ort":[{"x":1,"y":1},{"x":1,"y":0},{"x":2,"y":0}],"Eigentümer":2,"Typ":"Dorf"}}}
2017-02-13 08:47:58.359 INFO  network.server.ClientThread 153 msgAll -    3 > {"Bauvorgang":{"Gebäude":{"Ort":[{"x":1,"y":1},{"x":1,"y":0},{"x":2,"y":0}],"Eigentümer":2,"Typ":"Dorf"}}}
2017-02-13 08:47:58.359 WARN  network.client.ClientListener 249 handleMsg - Case not covered!
2017-02-13 08:47:58.359 INFO  network.client.Client 173 receiveMsg - {"Bauvorgang":{"Gebäude":{"Ort":[{"x":1,"y":1},{"x":1,"y":0},{"x":2,"y":0}],"Eigentümer":2,"Typ":"Dorf"}}}
2017-02-13 08:47:58.365 INFO  network.server.ClientThread 153 msgAll -    4 > {"Bauvorgang":{"Gebäude":{"Ort":[{"x":1,"y":1},{"x":1,"y":0},{"x":2,"y":0}],"Eigentümer":2,"Typ":"Dorf"}}}
2017-02-13 08:47:58.379 INFO  network.client.Client 173 receiveMsg - {"Statusupdate":{"Spieler":{"Status":"Dorf bauen","Rittermacht":0,"Farbe":"Rot","Längste Handelsstraße":false,"Siegpunkte":0,"Rohstoffe":{"Unbekannt":0},"id":2,"Entwicklungskarten":{"Unbekannt":0},"Name":"KI (2)","Größte Rittermacht":false}}}
2017-02-13 08:47:58.379 INFO  network.server.ClientThread 126 msgThisClient -    2 > {"Statusupdate":{"Spieler":{"Status":"Straße bauen","Rittermacht":0,"Farbe":"Rot","Längste Handelsstraße":false,"Siegpunkte":1,"Rohstoffe":{"Getreide":0,"Wolle":0,"Holz":0,"Lehm":0,"Erz":0},"id":2,"Entwicklungskarten":{"Straßenbau":0,"Erfindung":0,"Monopol":0,"Ritter":0,"Siegpunkt":0},"Name":"KI (2)","Größte Rittermacht":false}}}
2017-02-13 08:47:58.379 INFO  network.server.ClientThread 186 msgAllButThisClient -    1 > {"Statusupdate":{"Spieler":{"Status":"Straße bauen","Rittermacht":0,"Farbe":"Rot","Längste Handelsstraße":false,"Siegpunkte":1,"Rohstoffe":{"Unbekannt":0},"id":2,"Entwicklungskarten":{"Unbekannt":0},"Name":"KI (2)","Größte Rittermacht":false}}}
2017-02-13 08:47:58.386 INFO  network.server.ClientThread 186 msgAllButThisClient -    3 > {"Statusupdate":{"Spieler":{"Status":"Straße bauen","Rittermacht":0,"Farbe":"Rot","Längste Handelsstraße":false,"Siegpunkte":1,"Rohstoffe":{"Unbekannt":0},"id":2,"Entwicklungskarten":{"Unbekannt":0},"Name":"KI (2)","Größte Rittermacht":false}}}
2017-02-13 08:47:58.394 INFO  network.server.ClientThread 186 msgAllButThisClient -    4 > {"Statusupdate":{"Spieler":{"Status":"Straße bauen","Rittermacht":0,"Farbe":"Rot","Längste Handelsstraße":false,"Siegpunkte":1,"Rohstoffe":{"Unbekannt":0},"id":2,"Entwicklungskarten":{"Unbekannt":0},"Name":"KI (2)","Größte Rittermacht":false}}}
2017-02-13 08:47:58.424 WARN  network.client.ClientListener 249 handleMsg - Case not covered!
2017-02-13 08:47:58.424 INFO  network.client.Client 173 receiveMsg - {"Serverantwort":"OK"}
2017-02-13 08:47:58.439 INFO  network.client.Client 173 receiveMsg - {"Statusupdate":{"Spieler":{"Status":"Straße bauen","Rittermacht":0,"Farbe":"Rot","Längste Handelsstraße":false,"Siegpunkte":1,"Rohstoffe":{"Unbekannt":0},"id":2,"Entwicklungskarten":{"Unbekannt":0},"Name":"KI (2)","Größte Rittermacht":false}}}
2017-02-13 08:47:58.463 WARN  network.client.ClientListener 249 handleMsg - Case not covered!
2017-02-13 08:47:58.464 INFO  network.client.Client 173 receiveMsg - {"Bauvorgang":{"Gebäude":{"Ort":[{"x":1,"y":1},{"x":1,"y":0},{"x":2,"y":0}],"Eigentümer":2,"Typ":"Dorf"}}}
2017-02-13 08:47:58.506 WARN  network.client.ClientListener 249 handleMsg - Case not covered!
2017-02-13 08:47:58.507 INFO  network.client.Client 173 receiveMsg - {"Bauvorgang":{"Gebäude":{"Ort":[{"x":1,"y":1},{"x":1,"y":0},{"x":2,"y":0}],"Eigentümer":2,"Typ":"Dorf"}}}
2017-02-13 08:47:58.546 INFO  network.client.Client 173 receiveMsg - {"Statusupdate":{"Spieler":{"Status":"Straße bauen","Rittermacht":0,"Farbe":"Rot","Längste Handelsstraße":false,"Siegpunkte":1,"Rohstoffe":{"Unbekannt":0},"id":2,"Entwicklungskarten":{"Unbekannt":0},"Name":"KI (2)","Größte Rittermacht":false}}}
2017-02-13 08:47:58.684 INFO  network.client.Client 156 sendMsg - {"Bauen":{"Ort":[{"x":1,"y":1},{"x":2,"y":0}],"Typ":"Straße"}}
2017-02-13 08:47:58.684 INFO  network.server.ClientThread 59 run -  < 2   {"Bauen":{"Ort":[{"x":1,"y":1},{"x":2,"y":0}],"Typ":"Straße"}}
2017-02-13 08:47:58.684 INFO  network.client.Client 173 receiveMsg - {"Statusupdate":{"Spieler":{"Status":"Straße bauen","Rittermacht":0,"Farbe":"Rot","Längste Handelsstraße":false,"Siegpunkte":1,"Rohstoffe":{"Getreide":0,"Wolle":0,"Holz":0,"Lehm":0,"Erz":0},"id":2,"Entwicklungskarten":{"Straßenbau":0,"Erfindung":0,"Monopol":0,"Ritter":0,"Siegpunkt":0},"Name":"KI (2)","Größte Rittermacht":false}}}
2017-02-13 08:47:58.685 INFO  network.Interpreter 328 axialToEdgeOrCorner - [{"x":1,"y":1},{"x":2,"y":0}]. {13, 20}
2017-02-13 08:47:58.685 INFO  network.Interpreter 328 axialToEdgeOrCorner - [{"x":1,"y":1},{"x":2,"y":0}]. {13, 20}
2017-02-13 08:47:58.685 INFO  network.server.ClientThread 126 msgThisClient -    2 > {"Serverantwort":"OK"}
2017-02-13 08:47:58.686 INFO  network.server.ClientThread 153 msgAll -    1 > {"Bauvorgang":{"Gebäude":{"Ort":[{"x":1,"y":1},{"x":2,"y":0}],"Eigentümer":2,"Typ":"Straße"}}}
2017-02-13 08:47:58.686 WARN  network.client.ClientListener 249 handleMsg - Case not covered!
2017-02-13 08:47:58.686 INFO  network.client.Client 173 receiveMsg - {"Bauvorgang":{"Gebäude":{"Ort":[{"x":1,"y":1},{"x":2,"y":0}],"Eigentümer":2,"Typ":"Straße"}}}
2017-02-13 08:47:58.691 INFO  network.server.ClientThread 153 msgAll -    2 > {"Bauvorgang":{"Gebäude":{"Ort":[{"x":1,"y":1},{"x":2,"y":0}],"Eigentümer":2,"Typ":"Straße"}}}
2017-02-13 08:47:58.697 WARN  network.client.ClientListener 249 handleMsg - Case not covered!
2017-02-13 08:47:58.697 INFO  network.server.ClientThread 153 msgAll -    3 > {"Bauvorgang":{"Gebäude":{"Ort":[{"x":1,"y":1},{"x":2,"y":0}],"Eigentümer":2,"Typ":"Straße"}}}
2017-02-13 08:47:58.697 INFO  network.client.Client 173 receiveMsg - {"Bauvorgang":{"Gebäude":{"Ort":[{"x":1,"y":1},{"x":2,"y":0}],"Eigentümer":2,"Typ":"Straße"}}}
2017-02-13 08:47:58.703 INFO  network.server.ClientThread 153 msgAll -    4 > {"Bauvorgang":{"Gebäude":{"Ort":[{"x":1,"y":1},{"x":2,"y":0}],"Eigentümer":2,"Typ":"Straße"}}}
2017-02-13 08:47:58.712 INFO  network.server.ClientThread 126 msgThisClient -    2 > {"Statusupdate":{"Spieler":{"Status":"Warten","Rittermacht":0,"Farbe":"Rot","Längste Handelsstraße":false,"Siegpunkte":1,"Rohstoffe":{"Getreide":0,"Wolle":0,"Holz":0,"Lehm":0,"Erz":0},"id":2,"Entwicklungskarten":{"Straßenbau":0,"Erfindung":0,"Monopol":0,"Ritter":0,"Siegpunkt":0},"Name":"KI (2)","Größte Rittermacht":false}}}
2017-02-13 08:47:58.712 INFO  network.server.ClientThread 186 msgAllButThisClient -    1 > {"Statusupdate":{"Spieler":{"Status":"Warten","Rittermacht":0,"Farbe":"Rot","Längste Handelsstraße":false,"Siegpunkte":1,"Rohstoffe":{"Unbekannt":0},"id":2,"Entwicklungskarten":{"Unbekannt":0},"Name":"KI (2)","Größte Rittermacht":false}}}
2017-02-13 08:47:58.719 INFO  network.server.ClientThread 186 msgAllButThisClient -    3 > {"Statusupdate":{"Spieler":{"Status":"Warten","Rittermacht":0,"Farbe":"Rot","Längste Handelsstraße":false,"Siegpunkte":1,"Rohstoffe":{"Unbekannt":0},"id":2,"Entwicklungskarten":{"Unbekannt":0},"Name":"KI (2)","Größte Rittermacht":false}}}
2017-02-13 08:47:58.725 INFO  network.server.ClientThread 186 msgAllButThisClient -    4 > {"Statusupdate":{"Spieler":{"Status":"Warten","Rittermacht":0,"Farbe":"Rot","Längste Handelsstraße":false,"Siegpunkte":1,"Rohstoffe":{"Unbekannt":0},"id":2,"Entwicklungskarten":{"Unbekannt":0},"Name":"KI (2)","Größte Rittermacht":false}}}
2017-02-13 08:47:58.731 INFO  network.server.ClientThread 126 msgThisClient -    4 > {"Statusupdate":{"Spieler":{"Status":"Dorf bauen","Rittermacht":0,"Längste Handelsstraße":false,"Siegpunkte":0,"Rohstoffe":{"Getreide":0,"Wolle":0,"Holz":0,"Lehm":0,"Erz":0},"id":4,"Entwicklungskarten":{"Straßenbau":0,"Erfindung":0,"Monopol":0,"Ritter":0,"Siegpunkt":0},"Größte Rittermacht":false}}}
2017-02-13 08:47:58.733 INFO  network.server.ClientThread 186 msgAllButThisClient -    1 > {"Statusupdate":{"Spieler":{"Status":"Dorf bauen","Rittermacht":0,"Längste Handelsstraße":false,"Siegpunkte":0,"Rohstoffe":{"Unbekannt":0},"id":4,"Entwicklungskarten":{"Unbekannt":0},"Größte Rittermacht":false}}}
2017-02-13 08:47:58.740 INFO  network.server.ClientThread 186 msgAllButThisClient -    2 > {"Statusupdate":{"Spieler":{"Status":"Dorf bauen","Rittermacht":0,"Längste Handelsstraße":false,"Siegpunkte":0,"Rohstoffe":{"Unbekannt":0},"id":4,"Entwicklungskarten":{"Unbekannt":0},"Größte Rittermacht":false}}}
2017-02-13 08:47:58.748 INFO  network.server.ClientThread 186 msgAllButThisClient -    3 > {"Statusupdate":{"Spieler":{"Status":"Dorf bauen","Rittermacht":0,"Längste Handelsstraße":false,"Siegpunkte":0,"Rohstoffe":{"Unbekannt":0},"id":4,"Entwicklungskarten":{"Unbekannt":0},"Größte Rittermacht":false}}}
2017-02-13 08:47:58.765 WARN  network.client.ClientListener 249 handleMsg - Case not covered!
2017-02-13 08:47:58.766 INFO  network.client.Client 173 receiveMsg - {"Serverantwort":"OK"}
2017-02-13 08:47:58.770 WARN  network.client.ClientListener 768 internalAi - Case not covered!
2017-02-13 08:47:58.770 INFO  network.client.Client 173 receiveMsg - {"Statusupdate":{"Spieler":{"Status":"Warten","Rittermacht":0,"Farbe":"Rot","Längste Handelsstraße":false,"Siegpunkte":1,"Rohstoffe":{"Unbekannt":0},"id":2,"Entwicklungskarten":{"Unbekannt":0},"Name":"KI (2)","Größte Rittermacht":false}}}
2017-02-13 08:47:58.780 WARN  network.client.ClientListener 768 internalAi - Case not covered!
2017-02-13 08:47:58.780 INFO  network.client.Client 173 receiveMsg - {"Statusupdate":{"Spieler":{"Status":"Warten","Rittermacht":0,"Farbe":"Rot","Längste Handelsstraße":false,"Siegpunkte":1,"Rohstoffe":{"Unbekannt":0},"id":2,"Entwicklungskarten":{"Unbekannt":0},"Name":"KI (2)","Größte Rittermacht":false}}}
2017-02-13 08:47:58.847 WARN  network.client.ClientListener 249 handleMsg - Case not covered!
2017-02-13 08:47:58.847 INFO  network.client.Client 173 receiveMsg - {"Bauvorgang":{"Gebäude":{"Ort":[{"x":1,"y":1},{"x":2,"y":0}],"Eigentümer":2,"Typ":"Straße"}}}
2017-02-13 08:47:58.856 INFO  network.client.Client 173 receiveMsg - {"Statusupdate":{"Spieler":{"Status":"Dorf bauen","Rittermacht":0,"Längste Handelsstraße":false,"Siegpunkte":0,"Rohstoffe":{"Unbekannt":0},"id":4,"Entwicklungskarten":{"Unbekannt":0},"Größte Rittermacht":false}}}
2017-02-13 08:47:58.862 INFO  network.client.Client 173 receiveMsg - {"Statusupdate":{"Spieler":{"Status":"Dorf bauen","Rittermacht":0,"Längste Handelsstraße":false,"Siegpunkte":0,"Rohstoffe":{"Unbekannt":0},"id":4,"Entwicklungskarten":{"Unbekannt":0},"Größte Rittermacht":false}}}
2017-02-13 08:47:58.931 WARN  network.client.ClientListener 768 internalAi - Case not covered!
2017-02-13 08:47:58.931 INFO  network.client.Client 173 receiveMsg - {"Statusupdate":{"Spieler":{"Status":"Warten","Rittermacht":0,"Farbe":"Rot","Längste Handelsstraße":false,"Siegpunkte":1,"Rohstoffe":{"Getreide":0,"Wolle":0,"Holz":0,"Lehm":0,"Erz":0},"id":2,"Entwicklungskarten":{"Straßenbau":0,"Erfindung":0,"Monopol":0,"Ritter":0,"Siegpunkt":0},"Name":"KI (2)","Größte Rittermacht":false}}}
2017-02-13 08:47:59.016 INFO  network.client.Client 173 receiveMsg - {"Statusupdate":{"Spieler":{"Status":"Dorf bauen","Rittermacht":0,"Längste Handelsstraße":false,"Siegpunkte":0,"Rohstoffe":{"Unbekannt":0},"id":4,"Entwicklungskarten":{"Unbekannt":0},"Größte Rittermacht":false}}}
2017-02-13 08:48:09.510 INFO  network.server.ClientThread 59 run -  < 4   {"Spiel starten":{}}
2017-02-13 08:48:09.511 INFO  network.server.ClientThread 126 msgThisClient -    4 > {"Chatnachricht":{"Nachricht":"You have to build a settlement first."}}
2017-02-13 08:48:09.512 INFO  network.server.ClientThread 126 msgThisClient -    4 > {"Serverantwort":"Illegal action."}
2017-02-13 08:48:14.125 INFO  network.server.Server 136 run - 4
2017-02-13 08:48:14.125 INFO  network.server.Server 148 run - Kicked: 6, Socket[addr=/192.168.2.106,port=49884,localport=10003]
2017-02-13 08:48:54.315 INFO  network.server.Server 166 setServerStatus - 4
2017-02-13 08:48:54.315 INFO  network.server.Server 170 setServerStatus - Server stopped.
2017-02-13 08:48:54.315 ERROR network.server.Server 153 run - Catching java.net.SocketException: Socket closed
	at java.net.PlainSocketImpl.socketAccept(Native Method) ~[?:1.8.0_112]
	at java.net.AbstractPlainSocketImpl.accept(AbstractPlainSocketImpl.java:409) ~[?:1.8.0_112]
	at java.net.ServerSocket.implAccept(ServerSocket.java:545) ~[?:1.8.0_112]
	at java.net.ServerSocket.accept(ServerSocket.java:513) ~[?:1.8.0_112]
	at network.server.Server.run(Server.java:129) [DichteFideleLurche/:?]
	at java.lang.Thread.run(Thread.java:745) [?:1.8.0_112]

2017-02-13 08:48:54.315 ERROR network.server.Server 153 run - Catching java.net.SocketException: Socket closed
	at java.net.PlainSocketImpl.socketAccept(Native Method) ~[?:1.8.0_112]
	at java.net.AbstractPlainSocketImpl.accept(AbstractPlainSocketImpl.java:409) ~[?:1.8.0_112]
	at java.net.ServerSocket.implAccept(ServerSocket.java:545) ~[?:1.8.0_112]
	at java.net.ServerSocket.accept(ServerSocket.java:513) ~[?:1.8.0_112]
	at network.server.Server.run(Server.java:129) [DichteFideleLurche/:?]
	at java.lang.Thread.run(Thread.java:745) [?:1.8.0_112]

