2017-02-12 18:44:52.024 TRACE model.players.Human 11 <init> - Enter model.players.Human@39389a05
2017-02-12 18:44:52.027 DEBUG model.players.Player 62 printPlayer - model.players.Human@39389a05
id        4         color     NULL      name                status    null      
vp        0         road      false     army      false     
dev       0         dice      0         
res       0         lumber    0         brick     0         grain     0         wool      0         ore       0         
dev       []
dev BLOCK []
Harbors   []
Roads          left      15        built     []
Settlements    left      5         built     []
Cities         left      4         built     []
2017-02-12 18:44:52.028 DEBUG model.players.Player 62 printPlayer - model.players.Human@39389a05
id        4         color     NULL      name                status    START_GAME
vp        0         road      false     army      false     
dev       0         dice      0         
res       0         lumber    0         brick     0         grain     0         wool      0         ore       0         
dev       []
dev BLOCK []
Harbors   []
Roads          left      15        built     []
Settlements    left      5         built     []
Cities         left      4         built     []
2017-02-12 18:44:52.111 DEBUG model.players.Player 62 printPlayer - model.players.Human@39389a05
id        4         color     NULL      name                status    START_GAME
vp        0         road      false     army      false     
dev       0         dice      0         
res       0         lumber    0         brick     0         grain     0         wool      0         ore       0         
dev       []
dev BLOCK []
Harbors   []
Roads          left      15        built     []
Settlements    left      5         built     []
Cities         left      4         built     []
2017-02-12 18:44:52.114 DEBUG model.players.Player 233 setGrain - model.players.Human@39389a05 [ id: 4 ] old: 0, new: 0
2017-02-12 18:44:52.115 DEBUG model.players.Player 255 setWool - model.players.Human@39389a05 [ id: 4 ] old: 0, new: 0
2017-02-12 18:44:52.115 DEBUG model.players.Player 189 setLumber - model.players.Human@39389a05 [ id: 4 ] old: 0, new: 0
2017-02-12 18:44:52.115 DEBUG model.players.Player 167 setBrick - model.players.Human@39389a05 [ id: 4 ] old: 0, new: 0
2017-02-12 18:44:52.115 DEBUG model.players.Player 211 setOre - model.players.Human@39389a05 [ id: 4 ] old: 0, new: 0
2017-02-12 18:44:52.115 INFO  model.players.Player 489 setKnightsDev - 0, 0 old and new value of knightDev Card. Knight card which is on the hand of ClientName: 
2017-02-12 18:44:52.118 TRACE model.players.Human 11 <init> - Enter model.players.Human@37ff6352
2017-02-12 18:44:52.119 DEBUG model.players.Player 62 printPlayer - model.players.Human@37ff6352
id        1         color     BLUE      name      KI (1)    status    null      
vp        0         road      false     army      false     
dev       0         dice      0         
res       0         lumber    0         brick     0         grain     0         wool      0         ore       0         
dev       []
dev BLOCK []
Harbors   []
Roads          left      15        built     []
Settlements    left      5         built     []
Cities         left      4         built     []
2017-02-12 18:44:52.120 DEBUG model.players.Player 62 printPlayer - model.players.Human@37ff6352
id        1         color     BLUE      name      KI (1)    status    WAIT_FOR_GAME_START
vp        0         road      false     army      false     
dev       0         dice      0         
res       0         lumber    0         brick     0         grain     0         wool      0         ore       0         
dev       []
dev BLOCK []
Harbors   []
Roads          left      15        built     []
Settlements    left      5         built     []
Cities         left      4         built     []
2017-02-12 18:44:52.204 TRACE model.players.Human 11 <init> - Enter model.players.Human@beac662
2017-02-12 18:44:52.206 DEBUG model.players.Player 62 printPlayer - model.players.Human@beac662
id        2         color     RED       name      KI (2)    status    null      
vp        0         road      false     army      false     
dev       0         dice      0         
res       0         lumber    0         brick     0         grain     0         wool      0         ore       0         
dev       []
dev BLOCK []
Harbors   []
Roads          left      15        built     []
Settlements    left      5         built     []
Cities         left      4         built     []
2017-02-12 18:44:52.207 DEBUG model.players.Player 62 printPlayer - model.players.Human@beac662
id        2         color     RED       name      KI (2)    status    WAIT_FOR_GAME_START
vp        0         road      false     army      false     
dev       0         dice      0         
res       0         lumber    0         brick     0         grain     0         wool      0         ore       0         
dev       []
dev BLOCK []
Harbors   []
Roads          left      15        built     []
Settlements    left      5         built     []
Cities         left      4         built     []
2017-02-12 18:44:52.210 TRACE model.players.Human 11 <init> - Enter model.players.Human@33c0f175
2017-02-12 18:44:52.211 DEBUG model.players.Player 62 printPlayer - model.players.Human@33c0f175
id        3         color     ORANGE    name      KI (3)    status    null      
vp        0         road      false     army      false     
dev       0         dice      0         
res       0         lumber    0         brick     0         grain     0         wool      0         ore       0         
dev       []
dev BLOCK []
Harbors   []
Roads          left      15        built     []
Settlements    left      5         built     []
Cities         left      4         built     []
2017-02-12 18:44:52.212 DEBUG model.players.Player 62 printPlayer - model.players.Human@33c0f175
id        3         color     ORANGE    name      KI (3)    status    WAIT_FOR_GAME_START
vp        0         road      false     army      false     
dev       0         dice      0         
res       0         lumber    0         brick     0         grain     0         wool      0         ore       0         
dev       []
dev BLOCK []
Harbors   []
Roads          left      15        built     []
Settlements    left      5         built     []
Cities         left      4         built     []
2017-02-12 18:44:55.590 DEBUG model.players.Player 62 printPlayer - model.players.Human@39389a05
id        4         color     RED       name      chris     status    START_GAME
vp        0         road      false     army      false     
dev       0         dice      0         
res       0         lumber    0         brick     0         grain     0         wool      0         ore       0         
dev       []
dev BLOCK []
Harbors   []
Roads          left      15        built     []
Settlements    left      5         built     []
Cities         left      4         built     []
2017-02-12 18:44:55.590 DEBUG model.players.Player 233 setGrain - model.players.Human@39389a05 [ id: 4 ] old: 0, new: 0
2017-02-12 18:44:55.590 DEBUG model.players.Player 255 setWool - model.players.Human@39389a05 [ id: 4 ] old: 0, new: 0
2017-02-12 18:44:55.590 DEBUG model.players.Player 189 setLumber - model.players.Human@39389a05 [ id: 4 ] old: 0, new: 0
2017-02-12 18:44:55.591 DEBUG model.players.Player 167 setBrick - model.players.Human@39389a05 [ id: 4 ] old: 0, new: 0
2017-02-12 18:44:55.591 DEBUG model.players.Player 211 setOre - model.players.Human@39389a05 [ id: 4 ] old: 0, new: 0
2017-02-12 18:44:55.591 INFO  model.players.Player 489 setKnightsDev - 0, 0 old and new value of knightDev Card. Knight card which is on the hand of ClientName: chris
2017-02-12 18:45:01.878 DEBUG model.players.Player 62 printPlayer - model.players.Human@39389a05
id        4         color     WHITE     name      chris     status    START_GAME
vp        0         road      false     army      false     
dev       0         dice      0         
res       0         lumber    0         brick     0         grain     0         wool      0         ore       0         
dev       []
dev BLOCK []
Harbors   []
Roads          left      15        built     []
Settlements    left      5         built     []
Cities         left      4         built     []
2017-02-12 18:45:01.879 DEBUG model.players.Player 233 setGrain - model.players.Human@39389a05 [ id: 4 ] old: 0, new: 0
2017-02-12 18:45:01.879 DEBUG model.players.Player 255 setWool - model.players.Human@39389a05 [ id: 4 ] old: 0, new: 0
2017-02-12 18:45:01.879 DEBUG model.players.Player 189 setLumber - model.players.Human@39389a05 [ id: 4 ] old: 0, new: 0
2017-02-12 18:45:01.879 DEBUG model.players.Player 167 setBrick - model.players.Human@39389a05 [ id: 4 ] old: 0, new: 0
2017-02-12 18:45:01.880 DEBUG model.players.Player 211 setOre - model.players.Human@39389a05 [ id: 4 ] old: 0, new: 0
2017-02-12 18:45:01.880 INFO  model.players.Player 489 setKnightsDev - 0, 0 old and new value of knightDev Card. Knight card which is on the hand of ClientName: chris
2017-02-12 18:45:03.175 DEBUG model.players.Player 62 printPlayer - model.players.Human@39389a05
id        4         color     WHITE     name      chris     status    WAIT_FOR_GAME_START
vp        0         road      false     army      false     
dev       0         dice      0         
res       0         lumber    0         brick     0         grain     0         wool      0         ore       0         
dev       []
dev BLOCK []
Harbors   []
Roads          left      15        built     []
Settlements    left      5         built     []
Cities         left      4         built     []
2017-02-12 18:45:03.176 DEBUG model.players.Player 233 setGrain - model.players.Human@39389a05 [ id: 4 ] old: 0, new: 0
2017-02-12 18:45:03.176 DEBUG model.players.Player 255 setWool - model.players.Human@39389a05 [ id: 4 ] old: 0, new: 0
2017-02-12 18:45:03.176 DEBUG model.players.Player 189 setLumber - model.players.Human@39389a05 [ id: 4 ] old: 0, new: 0
2017-02-12 18:45:03.176 DEBUG model.players.Player 167 setBrick - model.players.Human@39389a05 [ id: 4 ] old: 0, new: 0
2017-02-12 18:45:03.176 DEBUG model.players.Player 211 setOre - model.players.Human@39389a05 [ id: 4 ] old: 0, new: 0
2017-02-12 18:45:03.176 INFO  model.players.Player 489 setKnightsDev - 0, 0 old and new value of knightDev Card. Knight card which is on the hand of ClientName: chris
2017-02-12 18:45:03.276 INFO  model.board.Board 262 printBoardIDs - 
  null  null  null   {0}   {1}   {2}   {3}
  null  null   {4}   {5}   {6}   {7}   {8}
  null   {9}  {10}  {11}  {12}  {13}  {14}
  {15}  {16}  {17}  {18}  {19}  {20}  {21}
  {22}  {23}  {24}  {25}  {26}  {27}  null
  {28}  {29}  {30}  {31}  {32}  null  null
  {33}  {34}  {35}  {36}  null  null  null

2017-02-12 18:45:03.277 INFO  model.board.Board 339 printNumberTokens - 
  null  null  null  null  null  null  null
  null  null  null     3     6     0  null
  null  null     8     4     9     2  null
  null    10     5    11    10     5  null
  null     9     6     3     8  null  null
  null    12    11     4  null  null  null
  null  null  null  null  null  null  null

2017-02-12 18:45:03.278 INFO  model.board.Board 280 printBoardSpecialCo - 
(     )(     )(     )( 0,-3)( 1,-3)( 2,-3)( 3,-3)
(     )(     )(-1,-2)( 0,-2)( 1,-2)( 2,-2)( 3,-2)
(     )(-2,-1)(-1,-1)( 0,-1)( 1,-1)( 2,-1)( 3,-1)
(-3, 0)(-2, 0)(-1, 0)( 0, 0)( 1, 0)( 2, 0)( 3, 0)
(-3, 1)(-2, 1)(-1, 1)( 0, 1)( 1, 1)( 2, 1)(     )
(-3, 2)(-2, 2)(-1, 2)( 0, 2)( 1, 2)(     )(     )
(-3, 3)(-2, 3)(-1, 3)( 0, 3)(     )(     )(     )

2017-02-12 18:45:03.281 INFO  model.board.Board 300 printTileNeighbors - 
Row: 0
                          null : 
                          null : 
                          null : 
      model.board.Sea@4b3b9e66 : [model.board.Sea@55a8e786, model.board.Hill@3c117354, model.board.Sea@61957b62]
      model.board.Sea@55a8e786 : [model.board.Pasture@76ca1198, model.board.Hill@3c117354, model.board.Sea@4b3b9e66, model.board.Sea@64cc4c10]
      model.board.Sea@64cc4c10 : [model.board.Sea@55a8e786, model.board.Desert@53f0180e, model.board.Pasture@76ca1198, model.board.Sea@19742779]
      model.board.Sea@19742779 : [model.board.Sea@3f94b31e, model.board.Desert@53f0180e, model.board.Sea@64cc4c10]
Row: 1
                          null : 
                          null : 
      model.board.Sea@61957b62 : [model.board.Hill@3c117354, model.board.Field@393ec430, model.board.Sea@6a5d8b71, model.board.Sea@4b3b9e66]
     model.board.Hill@3c117354 : [model.board.Sea@55a8e786, model.board.Pasture@76ca1198, model.board.Forest@52aa36ac, model.board.Field@393ec430, model.board.Sea@61957b62, model.board.Sea@4b3b9e66]
  model.board.Pasture@76ca1198 : [model.board.Sea@55a8e786, model.board.Desert@53f0180e, model.board.Mountain@48bc73a4, model.board.Forest@52aa36ac, model.board.Hill@3c117354, model.board.Sea@64cc4c10]
   model.board.Desert@53f0180e : [model.board.Sea@3f94b31e, model.board.Field@7ec21c7, model.board.Mountain@48bc73a4, model.board.Pasture@76ca1198, model.board.Sea@64cc4c10, model.board.Sea@19742779]
      model.board.Sea@3f94b31e : [model.board.Sea@1ec2448, model.board.Field@7ec21c7, model.board.Desert@53f0180e, model.board.Sea@19742779]
Row: 2
                          null : 
      model.board.Sea@6a5d8b71 : [model.board.Sea@61957b62, model.board.Field@393ec430, model.board.Sea@2f06d8f, model.board.Forest@297a1f26]
    model.board.Field@393ec430 : [model.board.Pasture@4ffef1d7, model.board.Sea@61957b62, model.board.Hill@3c117354, model.board.Forest@52aa36ac, model.board.Sea@6a5d8b71, model.board.Forest@297a1f26]
   model.board.Forest@52aa36ac : [model.board.Pasture@4ffef1d7, model.board.Hill@3c117354, model.board.Pasture@76ca1198, model.board.Mountain@48bc73a4, model.board.Field@393ec430, model.board.Pasture@2f504204]
 model.board.Mountain@48bc73a4 : [model.board.Pasture@76ca1198, model.board.Desert@53f0180e, model.board.Field@7ec21c7, model.board.Forest@52aa36ac, model.board.Pasture@2f504204, model.board.Field@2e4dde74]
     model.board.Field@7ec21c7 : [model.board.Desert@53f0180e, model.board.Sea@3f94b31e, model.board.Sea@1ec2448, model.board.Mountain@57b777b4, model.board.Mountain@48bc73a4, model.board.Field@2e4dde74]
       model.board.Sea@1ec2448 : [model.board.Sea@3f94b31e, model.board.Sea@6fff44dc, model.board.Mountain@57b777b4, model.board.Field@7ec21c7]
Row: 3
       model.board.Sea@2f06d8f : [model.board.Sea@6a5d8b71, model.board.Sea@42926b45, model.board.Forest@297a1f26]
   model.board.Forest@297a1f26 : [model.board.Pasture@4ffef1d7, model.board.Sea@6a5d8b71, model.board.Field@393ec430, model.board.Forest@26ca31d, model.board.Sea@42926b45, model.board.Sea@2f06d8f]
  model.board.Pasture@4ffef1d7 : [model.board.Field@393ec430, model.board.Forest@52aa36ac, model.board.Pasture@6e8a7e33, model.board.Forest@26ca31d, model.board.Forest@297a1f26, model.board.Pasture@2f504204]
  model.board.Pasture@2f504204 : [model.board.Pasture@4ffef1d7, model.board.Forest@52aa36ac, model.board.Mountain@48bc73a4, model.board.Forest@7bc61e9a, model.board.Pasture@6e8a7e33, model.board.Field@2e4dde74]
    model.board.Field@2e4dde74 : [model.board.Mountain@48bc73a4, model.board.Field@7ec21c7, model.board.Mountain@57b777b4, model.board.Field@2adf9ae4, model.board.Forest@7bc61e9a, model.board.Pasture@2f504204]
 model.board.Mountain@57b777b4 : [model.board.Field@7ec21c7, model.board.Sea@1ec2448, model.board.Sea@6fff44dc, model.board.Sea@4dccb0e9, model.board.Field@2adf9ae4, model.board.Field@2e4dde74]
      model.board.Sea@6fff44dc : [model.board.Sea@1ec2448, model.board.Sea@4dccb0e9, model.board.Mountain@57b777b4]
Row: 4
      model.board.Sea@42926b45 : [model.board.Sea@2f06d8f, model.board.Forest@26ca31d, model.board.Sea@700a3485, model.board.Forest@297a1f26]
    model.board.Forest@26ca31d : [model.board.Pasture@4ffef1d7, model.board.Pasture@6e8a7e33, model.board.Mountain@3b73c6d0, model.board.Sea@700a3485, model.board.Sea@42926b45, model.board.Forest@297a1f26]
  model.board.Pasture@6e8a7e33 : [model.board.Pasture@4ffef1d7, model.board.Forest@7bc61e9a, model.board.Hill@6d2d73e0, model.board.Mountain@3b73c6d0, model.board.Forest@26ca31d, model.board.Pasture@2f504204]
   model.board.Forest@7bc61e9a : [model.board.Field@2adf9ae4, model.board.Hill@45cecd54, model.board.Hill@6d2d73e0, model.board.Pasture@6e8a7e33, model.board.Pasture@2f504204, model.board.Field@2e4dde74]
    model.board.Field@2adf9ae4 : [model.board.Mountain@57b777b4, model.board.Sea@4dccb0e9, model.board.Hill@45cecd54, model.board.Forest@7bc61e9a, model.board.Sea@64416774, model.board.Field@2e4dde74]
      model.board.Sea@4dccb0e9 : [model.board.Mountain@57b777b4, model.board.Sea@6fff44dc, model.board.Field@2adf9ae4, model.board.Sea@64416774]
                          null : 
Row: 5
      model.board.Sea@700a3485 : [model.board.Sea@41a1786a, model.board.Sea@42926b45, model.board.Forest@26ca31d, model.board.Mountain@3b73c6d0]
 model.board.Mountain@3b73c6d0 : [model.board.Sea@41a1786a, model.board.Forest@26ca31d, model.board.Pasture@6e8a7e33, model.board.Hill@6d2d73e0, model.board.Sea@700a3485, model.board.Sea@4715b1cd]
     model.board.Hill@6d2d73e0 : [model.board.Pasture@6e8a7e33, model.board.Forest@7bc61e9a, model.board.Hill@45cecd54, model.board.Mountain@3b73c6d0, model.board.Sea@4715b1cd, model.board.Sea@74027016]
     model.board.Hill@45cecd54 : [model.board.Forest@7bc61e9a, model.board.Field@2adf9ae4, model.board.Sea@1b97d325, model.board.Hill@6d2d73e0, model.board.Sea@64416774, model.board.Sea@74027016]
      model.board.Sea@64416774 : [model.board.Field@2adf9ae4, model.board.Sea@4dccb0e9, model.board.Sea@1b97d325, model.board.Hill@45cecd54]
                          null : 
                          null : 
Row: 6
      model.board.Sea@41a1786a : [model.board.Sea@700a3485, model.board.Mountain@3b73c6d0, model.board.Sea@4715b1cd]
      model.board.Sea@4715b1cd : [model.board.Sea@41a1786a, model.board.Mountain@3b73c6d0, model.board.Hill@6d2d73e0, model.board.Sea@74027016]
      model.board.Sea@74027016 : [model.board.Hill@6d2d73e0, model.board.Hill@45cecd54, model.board.Sea@1b97d325, model.board.Sea@4715b1cd]
      model.board.Sea@1b97d325 : [model.board.Hill@45cecd54, model.board.Sea@64416774, model.board.Sea@74027016]
                          null : 
                          null : 
                          null : 

2017-02-12 18:45:03.282 INFO  model.board.Board 321 printPorts - 
        {33} : GENERIC
         {9} : BRICK
        {22} : WOOL
         {8} : GENERIC
         {0} : GRAIN
        {32} : LUMBER
         {2} : GENERIC
        {35} : ORE
        {21} : GENERIC

{15, 16, 22} : WOOL
{16, 22, 23} : WOOL
   {2, 6, 7} : GENERIC
{31, 35, 36} : ORE
{28, 29, 33} : GENERIC
  {7, 8, 13} : GENERIC
 {8, 13, 14} : GENERIC
 {9, 10, 16} : BRICK
 {9, 15, 16} : BRICK
{26, 27, 32} : LUMBER
{26, 31, 32} : LUMBER
{29, 33, 34} : GENERIC
{30, 31, 35} : ORE
   {2, 3, 7} : GENERIC
{14, 20, 21} : GENERIC
{20, 21, 27} : GENERIC
   {0, 4, 5} : GRAIN
   {0, 1, 5} : GRAIN

2017-02-12 18:45:06.284 DEBUG model.players.Player 62 printPlayer - model.players.Human@beac662
id        2         color     RED       name      KI (2)    status    WAIT      
vp        0         road      false     army      false     
dev       0         dice      9         
res       0         lumber    0         brick     0         grain     0         wool      0         ore       0         
dev       []
dev BLOCK []
Harbors   []
Roads          left      15        built     []
Settlements    left      5         built     []
Cities         left      4         built     []
2017-02-12 18:45:06.285 DEBUG model.Management 42 printManagement - model.Management@51bf9a15
KI (1)    sum       0         lumber    0         brick     0         grain     0         wool      0         ore       0         
KI (2)    sum       0         lumber    0         brick     0         grain     0         wool      0         ore       0         
KI (3)    sum       0         lumber    0         brick     0         grain     0         wool      0         ore       0         
chris     sum       0         lumber    0         brick     0         grain     0         wool      0         ore       0         
[ M ]     sum       95        lumber    19        brick     19        grain     19        wool      19        ore       19        
2017-02-12 18:45:06.371 DEBUG model.players.Player 62 printPlayer - model.players.Human@33c0f175
id        3         color     ORANGE    name      KI (3)    status    WAIT      
vp        0         road      false     army      false     
dev       0         dice      8         
res       0         lumber    0         brick     0         grain     0         wool      0         ore       0         
dev       []
dev BLOCK []
Harbors   []
Roads          left      15        built     []
Settlements    left      5         built     []
Cities         left      4         built     []
2017-02-12 18:45:06.372 DEBUG model.Management 42 printManagement - model.Management@51bf9a15
KI (1)    sum       0         lumber    0         brick     0         grain     0         wool      0         ore       0         
KI (2)    sum       0         lumber    0         brick     0         grain     0         wool      0         ore       0         
KI (3)    sum       0         lumber    0         brick     0         grain     0         wool      0         ore       0         
chris     sum       0         lumber    0         brick     0         grain     0         wool      0         ore       0         
[ M ]     sum       95        lumber    19        brick     19        grain     19        wool      19        ore       19        
2017-02-12 18:45:06.374 DEBUG model.players.Player 62 printPlayer - model.players.Human@39389a05
id        4         color     WHITE     name      chris     status    WAIT      
vp        0         road      false     army      false     
dev       0         dice      3         
res       0         lumber    0         brick     0         grain     0         wool      0         ore       0         
dev       []
dev BLOCK []
Harbors   []
Roads          left      15        built     []
Settlements    left      5         built     []
Cities         left      4         built     []
2017-02-12 18:45:06.375 DEBUG model.Management 42 printManagement - model.Management@51bf9a15
KI (1)    sum       0         lumber    0         brick     0         grain     0         wool      0         ore       0         
KI (2)    sum       0         lumber    0         brick     0         grain     0         wool      0         ore       0         
KI (3)    sum       0         lumber    0         brick     0         grain     0         wool      0         ore       0         
chris     sum       0         lumber    0         brick     0         grain     0         wool      0         ore       0         
[ M ]     sum       95        lumber    19        brick     19        grain     19        wool      19        ore       19        
2017-02-12 18:45:06.375 DEBUG model.players.Player 233 setGrain - model.players.Human@39389a05 [ id: 4 ] old: 0, new: 0
2017-02-12 18:45:06.375 DEBUG model.players.Player 255 setWool - model.players.Human@39389a05 [ id: 4 ] old: 0, new: 0
2017-02-12 18:45:06.376 DEBUG model.players.Player 189 setLumber - model.players.Human@39389a05 [ id: 4 ] old: 0, new: 0
2017-02-12 18:45:06.376 DEBUG model.players.Player 167 setBrick - model.players.Human@39389a05 [ id: 4 ] old: 0, new: 0
2017-02-12 18:45:06.376 DEBUG model.players.Player 211 setOre - model.players.Human@39389a05 [ id: 4 ] old: 0, new: 0
2017-02-12 18:45:06.376 INFO  model.players.Player 489 setKnightsDev - 0, 0 old and new value of knightDev Card. Knight card which is on the hand of ClientName: chris
2017-02-12 18:45:06.460 DEBUG model.players.Player 62 printPlayer - model.players.Human@37ff6352
id        1         color     BLUE      name      KI (1)    status    BUILD_SETTLEMENT
vp        0         road      false     army      false     
dev       0         dice      10        
res       0         lumber    0         brick     0         grain     0         wool      0         ore       0         
dev       []
dev BLOCK []
Harbors   []
Roads          left      15        built     []
Settlements    left      5         built     []
Cities         left      4         built     []
2017-02-12 18:45:06.460 DEBUG model.Management 42 printManagement - model.Management@51bf9a15
KI (1)    sum       0         lumber    0         brick     0         grain     0         wool      0         ore       0         
KI (2)    sum       0         lumber    0         brick     0         grain     0         wool      0         ore       0         
KI (3)    sum       0         lumber    0         brick     0         grain     0         wool      0         ore       0         
chris     sum       0         lumber    0         brick     0         grain     0         wool      0         ore       0         
[ M ]     sum       95        lumber    19        brick     19        grain     19        wool      19        ore       19        
2017-02-12 18:45:06.467 INFO  model.players.Player 945 buildSettlementFORCE - KI (1): {5, 6, 11}
2017-02-12 18:45:06.550 DEBUG model.players.Player 62 printPlayer - model.players.Human@37ff6352
id        1         color     BLUE      name      KI (1)    status    BUILD_STREET
vp        0         road      false     army      false     
dev       0         dice      10        
res       0         lumber    0         brick     0         grain     0         wool      0         ore       0         
dev       []
dev BLOCK []
Harbors   []
Roads          left      15        built     []
Settlements    left      4         built     [{5, 6, 11}]
Cities         left      4         built     []
2017-02-12 18:45:06.551 DEBUG model.Management 42 printManagement - model.Management@51bf9a15
KI (1)    sum       0         lumber    0         brick     0         grain     0         wool      0         ore       0         
KI (2)    sum       0         lumber    0         brick     0         grain     0         wool      0         ore       0         
KI (3)    sum       0         lumber    0         brick     0         grain     0         wool      0         ore       0         
chris     sum       0         lumber    0         brick     0         grain     0         wool      0         ore       0         
[ M ]     sum       95        lumber    19        brick     19        grain     19        wool      19        ore       19        
2017-02-12 18:45:06.556 INFO  model.players.Player 979 buildStreetFORCE - KI (1): {5, 6}
2017-02-12 18:45:06.641 DEBUG model.players.Player 62 printPlayer - model.players.Human@37ff6352
id        1         color     BLUE      name      KI (1)    status    WAIT      
vp        1         road      false     army      false     
dev       0         dice      10        
res       0         lumber    0         brick     0         grain     0         wool      0         ore       0         
dev       []
dev BLOCK []
Harbors   []
Roads          left      14        built     [{5, 6}]
Settlements    left      4         built     [{5, 6, 11}]
Cities         left      4         built     []
2017-02-12 18:45:06.641 DEBUG model.Management 42 printManagement - model.Management@51bf9a15
KI (1)    sum       0         lumber    0         brick     0         grain     0         wool      0         ore       0         
KI (2)    sum       0         lumber    0         brick     0         grain     0         wool      0         ore       0         
KI (3)    sum       0         lumber    0         brick     0         grain     0         wool      0         ore       0         
chris     sum       0         lumber    0         brick     0         grain     0         wool      0         ore       0         
[ M ]     sum       95        lumber    19        brick     19        grain     19        wool      19        ore       19        
2017-02-12 18:45:06.645 DEBUG model.players.Player 62 printPlayer - model.players.Human@beac662
id        2         color     RED       name      KI (2)    status    BUILD_SETTLEMENT
vp        0         road      false     army      false     
dev       0         dice      9         
res       0         lumber    0         brick     0         grain     0         wool      0         ore       0         
dev       []
dev BLOCK []
Harbors   []
Roads          left      15        built     []
Settlements    left      5         built     []
Cities         left      4         built     []
2017-02-12 18:45:06.646 DEBUG model.Management 42 printManagement - model.Management@51bf9a15
KI (1)    sum       0         lumber    0         brick     0         grain     0         wool      0         ore       0         
KI (2)    sum       0         lumber    0         brick     0         grain     0         wool      0         ore       0         
KI (3)    sum       0         lumber    0         brick     0         grain     0         wool      0         ore       0         
chris     sum       0         lumber    0         brick     0         grain     0         wool      0         ore       0         
[ M ]     sum       95        lumber    19        brick     19        grain     19        wool      19        ore       19        
2017-02-12 18:45:06.731 INFO  model.players.Player 945 buildSettlementFORCE - KI (2): {24, 25, 30}
2017-02-12 18:45:06.732 DEBUG model.players.Player 62 printPlayer - model.players.Human@beac662
id        2         color     RED       name      KI (2)    status    BUILD_STREET
vp        0         road      false     army      false     
dev       0         dice      9         
res       0         lumber    0         brick     0         grain     0         wool      0         ore       0         
dev       []
dev BLOCK []
Harbors   []
Roads          left      15        built     []
Settlements    left      4         built     [{24, 25, 30}]
Cities         left      4         built     []
2017-02-12 18:45:06.732 DEBUG model.Management 42 printManagement - model.Management@51bf9a15
KI (1)    sum       0         lumber    0         brick     0         grain     0         wool      0         ore       0         
KI (2)    sum       0         lumber    0         brick     0         grain     0         wool      0         ore       0         
KI (3)    sum       0         lumber    0         brick     0         grain     0         wool      0         ore       0         
chris     sum       0         lumber    0         brick     0         grain     0         wool      0         ore       0         
[ M ]     sum       95        lumber    19        brick     19        grain     19        wool      19        ore       19        
2017-02-12 18:45:06.819 INFO  model.players.Player 979 buildStreetFORCE - KI (2): {24, 25}
2017-02-12 18:45:06.823 DEBUG model.players.Player 62 printPlayer - model.players.Human@beac662
id        2         color     RED       name      KI (2)    status    WAIT      
vp        1         road      false     army      false     
dev       0         dice      9         
res       0         lumber    0         brick     0         grain     0         wool      0         ore       0         
dev       []
dev BLOCK []
Harbors   []
Roads          left      14        built     [{24, 25}]
Settlements    left      4         built     [{24, 25, 30}]
Cities         left      4         built     []
2017-02-12 18:45:06.824 DEBUG model.Management 42 printManagement - model.Management@51bf9a15
KI (1)    sum       0         lumber    0         brick     0         grain     0         wool      0         ore       0         
KI (2)    sum       0         lumber    0         brick     0         grain     0         wool      0         ore       0         
KI (3)    sum       0         lumber    0         brick     0         grain     0         wool      0         ore       0         
chris     sum       0         lumber    0         brick     0         grain     0         wool      0         ore       0         
[ M ]     sum       95        lumber    19        brick     19        grain     19        wool      19        ore       19        
2017-02-12 18:45:06.910 DEBUG model.players.Player 62 printPlayer - model.players.Human@33c0f175
id        3         color     ORANGE    name      KI (3)    status    BUILD_SETTLEMENT
vp        0         road      false     army      false     
dev       0         dice      8         
res       0         lumber    0         brick     0         grain     0         wool      0         ore       0         
dev       []
dev BLOCK []
Harbors   []
Roads          left      15        built     []
Settlements    left      5         built     []
Cities         left      4         built     []
2017-02-12 18:45:06.910 INFO  model.players.Player 945 buildSettlementFORCE - KI (3): {23, 24, 29}
2017-02-12 18:45:06.910 DEBUG model.Management 42 printManagement - model.Management@51bf9a15
KI (1)    sum       0         lumber    0         brick     0         grain     0         wool      0         ore       0         
KI (2)    sum       0         lumber    0         brick     0         grain     0         wool      0         ore       0         
KI (3)    sum       0         lumber    0         brick     0         grain     0         wool      0         ore       0         
chris     sum       0         lumber    0         brick     0         grain     0         wool      0         ore       0         
[ M ]     sum       95        lumber    19        brick     19        grain     19        wool      19        ore       19        
2017-02-12 18:45:07.000 INFO  model.players.Player 979 buildStreetFORCE - KI (3): {23, 24}
2017-02-12 18:45:07.000 DEBUG model.players.Player 62 printPlayer - model.players.Human@33c0f175
id        3         color     ORANGE    name      KI (3)    status    BUILD_STREET
vp        0         road      false     army      false     
dev       0         dice      8         
res       0         lumber    0         brick     0         grain     0         wool      0         ore       0         
dev       []
dev BLOCK []
Harbors   []
Roads          left      15        built     []
Settlements    left      4         built     [{23, 24, 29}]
Cities         left      4         built     []
2017-02-12 18:45:07.001 DEBUG model.Management 42 printManagement - model.Management@51bf9a15
KI (1)    sum       0         lumber    0         brick     0         grain     0         wool      0         ore       0         
KI (2)    sum       0         lumber    0         brick     0         grain     0         wool      0         ore       0         
KI (3)    sum       0         lumber    0         brick     0         grain     0         wool      0         ore       0         
chris     sum       0         lumber    0         brick     0         grain     0         wool      0         ore       0         
[ M ]     sum       95        lumber    19        brick     19        grain     19        wool      19        ore       19        
2017-02-12 18:45:07.091 DEBUG model.players.Player 62 printPlayer - model.players.Human@39389a05
id        4         color     WHITE     name      chris     status    BUILD_SETTLEMENT
vp        0         road      false     army      false     
dev       0         dice      3         
res       0         lumber    0         brick     0         grain     0         wool      0         ore       0         
dev       []
dev BLOCK []
Harbors   []
Roads          left      15        built     []
Settlements    left      5         built     []
Cities         left      4         built     []
2017-02-12 18:45:07.091 DEBUG model.players.Player 62 printPlayer - model.players.Human@33c0f175
id        3         color     ORANGE    name      KI (3)    status    WAIT      
vp        1         road      false     army      false     
dev       0         dice      8         
res       0         lumber    0         brick     0         grain     0         wool      0         ore       0         
dev       []
dev BLOCK []
Harbors   []
Roads          left      14        built     [{23, 24}]
Settlements    left      4         built     [{23, 24, 29}]
Cities         left      4         built     []
2017-02-12 18:45:07.092 DEBUG model.Management 42 printManagement - model.Management@51bf9a15
KI (1)    sum       0         lumber    0         brick     0         grain     0         wool      0         ore       0         
KI (2)    sum       0         lumber    0         brick     0         grain     0         wool      0         ore       0         
KI (3)    sum       0         lumber    0         brick     0         grain     0         wool      0         ore       0         
chris     sum       0         lumber    0         brick     0         grain     0         wool      0         ore       0         
[ M ]     sum       95        lumber    19        brick     19        grain     19        wool      19        ore       19        
2017-02-12 18:45:07.092 DEBUG model.Management 42 printManagement - model.Management@51bf9a15
KI (1)    sum       0         lumber    0         brick     0         grain     0         wool      0         ore       0         
KI (2)    sum       0         lumber    0         brick     0         grain     0         wool      0         ore       0         
KI (3)    sum       0         lumber    0         brick     0         grain     0         wool      0         ore       0         
chris     sum       0         lumber    0         brick     0         grain     0         wool      0         ore       0         
[ M ]     sum       95        lumber    19        brick     19        grain     19        wool      19        ore       19        
2017-02-12 18:45:07.094 DEBUG model.players.Player 233 setGrain - model.players.Human@39389a05 [ id: 4 ] old: 0, new: 0
2017-02-12 18:45:07.094 DEBUG model.players.Player 255 setWool - model.players.Human@39389a05 [ id: 4 ] old: 0, new: 0
2017-02-12 18:45:07.094 DEBUG model.players.Player 189 setLumber - model.players.Human@39389a05 [ id: 4 ] old: 0, new: 0
2017-02-12 18:45:07.094 DEBUG model.players.Player 167 setBrick - model.players.Human@39389a05 [ id: 4 ] old: 0, new: 0
2017-02-12 18:45:07.095 DEBUG model.players.Player 211 setOre - model.players.Human@39389a05 [ id: 4 ] old: 0, new: 0
2017-02-12 18:45:07.095 INFO  model.players.Player 489 setKnightsDev - 0, 0 old and new value of knightDev Card. Knight card which is on the hand of ClientName: chris
2017-02-12 18:45:07.097 INFO  model.players.Player 892 getBuildableSettlements - start settlement 43
2017-02-12 18:45:07.098 INFO  model.players.Player 892 getBuildableSettlements - start settlement 43
