2017-02-12 18:44:51.996 INFO  network.client.Client 93 connect - Socket[addr=localhost/127.0.0.1,port=10003,localport=55984]
2017-02-12 18:44:52.000 INFO  network.client.Client 104 connect - Connected to localhost, 10003
2017-02-12 18:44:52.018 INFO  network.client.Client 153 sendMsg - {"Hallo":{"Version":"JavaFXClient 1.0 (DichteFideleLurche)"}}
2017-02-12 18:44:52.019 INFO  network.client.Client 180 receiveMsg - {"Hallo":{"Protokoll":"1.0","Version":"Catan-Server (DichteFideleForste"}}
2017-02-12 18:44:52.020 INFO  network.client.ClientListener 504 myId - Human.
2017-02-12 18:44:52.029 INFO  network.client.Client 180 receiveMsg - {"Willkommen":{"id":4}}
2017-02-12 18:44:52.115 INFO  network.client.Client 180 receiveMsg - {"Statusupdate":{"Spieler":{"Status":"Spiel starten","Rittermacht":0,"Längste Handelsstraße":false,"Siegpunkte":0,"Rohstoffe":{"Getreide":0,"Wolle":0,"Holz":0,"Lehm":0,"Erz":0},"id":4,"Entwicklungskarten":{"Straßenbau":0,"Erfindung":0,"Monopol":0,"Ritter":0,"Siegpunkt":0},"Größte Rittermacht":false}}}
2017-02-12 18:44:52.121 INFO  network.client.Client 180 receiveMsg - {"Statusupdate":{"Spieler":{"Status":"Wartet auf Spielbeginn","Rittermacht":0,"Farbe":"Blau","Längste Handelsstraße":false,"Siegpunkte":0,"Rohstoffe":{"Unbekannt":0},"id":1,"Entwicklungskarten":{"Unbekannt":0},"Name":"KI (1)","Größte Rittermacht":false}}}
2017-02-12 18:44:52.207 INFO  network.client.Client 180 receiveMsg - {"Statusupdate":{"Spieler":{"Status":"Wartet auf Spielbeginn","Rittermacht":0,"Farbe":"Rot","Längste Handelsstraße":false,"Siegpunkte":0,"Rohstoffe":{"Unbekannt":0},"id":2,"Entwicklungskarten":{"Unbekannt":0},"Name":"KI (2)","Größte Rittermacht":false}}}
2017-02-12 18:44:52.212 INFO  network.client.Client 180 receiveMsg - {"Statusupdate":{"Spieler":{"Status":"Wartet auf Spielbeginn","Rittermacht":0,"Farbe":"Orange","Längste Handelsstraße":false,"Siegpunkte":0,"Rohstoffe":{"Unbekannt":0},"id":3,"Entwicklungskarten":{"Unbekannt":0},"Name":"KI (3)","Größte Rittermacht":false}}}
2017-02-12 18:44:55.587 INFO  network.client.Client 153 sendMsg - {"Spieler":{"Farbe":"Rot","Name":"chris"}}
2017-02-12 18:44:55.588 INFO  network.client.Client 180 receiveMsg - {"Serverantwort":"OK"}
2017-02-12 18:44:55.591 INFO  network.client.Client 180 receiveMsg - {"Statusupdate":{"Spieler":{"Status":"Spiel starten","Rittermacht":0,"Farbe":"Rot","Längste Handelsstraße":false,"Siegpunkte":0,"Rohstoffe":{"Getreide":0,"Wolle":0,"Holz":0,"Lehm":0,"Erz":0},"id":4,"Entwicklungskarten":{"Straßenbau":0,"Erfindung":0,"Monopol":0,"Ritter":0,"Siegpunkt":0},"Name":"chris","Größte Rittermacht":false}}}
2017-02-12 18:44:56.709 INFO  network.client.Client 153 sendMsg - {"Spiel starten":{}}
2017-02-12 18:44:56.710 INFO  network.client.ClientListener 547 error - Farbe bereits vergeben
2017-02-12 18:44:56.710 INFO  network.client.Client 180 receiveMsg - {"Fehler":{"Meldung":"Farbe bereits vergeben"}}
2017-02-12 18:45:01.875 INFO  network.client.Client 153 sendMsg - {"Spieler":{"Farbe":"Weiß","Name":"chris"}}
2017-02-12 18:45:01.876 INFO  network.client.Client 180 receiveMsg - {"Serverantwort":"OK"}
2017-02-12 18:45:01.880 INFO  network.client.Client 180 receiveMsg - {"Statusupdate":{"Spieler":{"Status":"Spiel starten","Rittermacht":0,"Farbe":"Weiß","Längste Handelsstraße":false,"Siegpunkte":0,"Rohstoffe":{"Getreide":0,"Wolle":0,"Holz":0,"Lehm":0,"Erz":0},"id":4,"Entwicklungskarten":{"Straßenbau":0,"Erfindung":0,"Monopol":0,"Ritter":0,"Siegpunkt":0},"Name":"chris","Größte Rittermacht":false}}}
2017-02-12 18:45:03.171 INFO  network.client.Client 153 sendMsg - {"Spiel starten":{}}
2017-02-12 18:45:03.173 INFO  network.client.Client 180 receiveMsg - {"Serverantwort":"OK"}
2017-02-12 18:45:03.177 INFO  network.client.Client 180 receiveMsg - {"Statusupdate":{"Spieler":{"Status":"Wartet auf Spielbeginn","Rittermacht":0,"Farbe":"Weiß","Längste Handelsstraße":false,"Siegpunkte":0,"Rohstoffe":{"Getreide":0,"Wolle":0,"Holz":0,"Lehm":0,"Erz":0},"id":4,"Entwicklungskarten":{"Straßenbau":0,"Erfindung":0,"Monopol":0,"Ritter":0,"Siegpunkt":0},"Name":"chris","Größte Rittermacht":false}}}
2017-02-12 18:45:03.267 INFO  network.client.Client 180 receiveMsg - {"Würfelwurf":{"Spieler":1,"Wurf":[5,5]}}
2017-02-12 18:45:03.272 INFO  network.Interpreter 328 axialToEdgeOrCorner - [{"x":0,"y":-2},{"x":0,"y":-3}]. {29, 33}
2017-02-12 18:45:03.273 INFO  network.Interpreter 328 axialToEdgeOrCorner - [{"x":-3,"y":1},{"x":-2,"y":0}]. {9, 16}
2017-02-12 18:45:03.273 INFO  network.Interpreter 328 axialToEdgeOrCorner - [{"x":1,"y":2},{"x":1,"y":1}]. {8, 13}
2017-02-12 18:45:03.273 INFO  network.Interpreter 328 axialToEdgeOrCorner - [{"x":-2,"y":0},{"x":-2,"y":-1}]. {16, 22}
2017-02-12 18:45:03.274 INFO  network.Interpreter 328 axialToEdgeOrCorner - [{"x":-3,"y":3},{"x":-2,"y":2}]. {0, 5}
2017-02-12 18:45:03.274 INFO  network.Interpreter 328 axialToEdgeOrCorner - [{"x":2,"y":-1},{"x":3,"y":-2}]. {26, 32}
2017-02-12 18:45:03.274 INFO  network.Interpreter 328 axialToEdgeOrCorner - [{"x":-1,"y":3},{"x":0,"y":2}]. {2, 7}
2017-02-12 18:45:03.275 INFO  network.Interpreter 328 axialToEdgeOrCorner - [{"x":2,"y":-2},{"x":2,"y":-3}]. {31, 35}
2017-02-12 18:45:03.275 INFO  network.Interpreter 328 axialToEdgeOrCorner - [{"x":2,"y":0},{"x":3,"y":0}]. {20, 21}
2017-02-12 18:45:03.291 INFO  network.client.Client 180 receiveMsg - {"Spiel gestartet":{"Karte":{"Felder":[{"Ort":{"x":-3,"y":2},"Typ":"Meer"},{"Ort":{"x":2,"y":0},"Zahl":5,"Typ":"Gebirge"},{"Ort":{"x":3,"y":-3},"Typ":"Meer"},{"Ort":{"x":-2,"y":3},"Typ":"Meer"},{"Ort":{"x":-1,"y":0},"Zahl":5,"Typ":"Weideland"},{"Ort":{"x":0,"y":-3},"Typ":"Meer"},{"Ort":{"x":2,"y":1},"Typ":"Meer"},{"Ort":{"x":-3,"y":1},"Typ":"Meer"},{"Ort":{"x":-1,"y":2},"Zahl":6,"Typ":"Weideland"},{"Ort":{"x":0,"y":2},"Typ":"Wüste"},{"Ort":{"x":1,"y":2},"Typ":"Meer"},{"Ort":{"x":-2,"y":1},"Zahl":8,"Typ":"Ackerland"},{"Ort":{"x":2,"y":-2},"Zahl":4,"Typ":"Hügelland"},{"Ort":{"x":-1,"y":1},"Zahl":4,"Typ":"Wald"},{"Ort":{"x":0,"y":1},"Zahl":9,"Typ":"Gebirge"},{"Ort":{"x":1,"y":1},"Zahl":2,"Typ":"Ackerland"},{"Ort":{"x":-3,"y":0},"Typ":"Meer"},{"Ort":{"x":-2,"y":-1},"Typ":"Meer"},{"Ort":{"x":-1,"y":-1},"Zahl":9,"Typ":"Wald"},{"Ort":{"x":0,"y":-1},"Zahl":6,"Typ":"Weideland"},{"Ort":{"x":1,"y":-1},"Zahl":3,"Typ":"Wald"},{"Ort":{"x":2,"y":-1},"Zahl":8,"Typ":"Ackerland"},{"Ort":{"x":3,"y":-1},"Typ":"Meer"},{"Ort":{"x":-1,"y":-2},"Typ":"Meer"},{"Ort":{"x":0,"y":-2},"Zahl":12,"Typ":"Gebirge"},{"Ort":{"x":1,"y":-2},"Zahl":11,"Typ":"Hügelland"},{"Ort":{"x":-3,"y":3},"Typ":"Meer"},{"Ort":{"x":-2,"y":0},"Zahl":10,"Typ":"Wald"},{"Ort":{"x":3,"y":-2},"Typ":"Meer"},{"Ort":{"x":-1,"y":3},"Typ":"Meer"},{"Ort":{"x":0,"y":0},"Zahl":11,"Typ":"Weideland"},{"Ort":{"x":1,"y":-3},"Typ":"Meer"},{"Ort":{"x":0,"y":3},"Typ":"Meer"},{"Ort":{"x":1,"y":0},"Zahl":10,"Typ":"Ackerland"},{"Ort":{"x":2,"y":-3},"Typ":"Meer"},{"Ort":{"x":-2,"y":2},"Zahl":3,"Typ":"Hügelland"},{"Ort":{"x":3,"y":0},"Typ":"Meer"}],"Gebäude":[],"Häfen":[{"Ort":[{"x":0,"y":-2},{"x":0,"y":-3}],"Typ":"Hafen"},{"Ort":[{"x":-3,"y":1},{"x":-2,"y":0}],"Typ":"Lehm Hafen"},{"Ort":[{"x":1,"y":2},{"x":1,"y":1}],"Typ":"Hafen"},{"Ort":[{"x":-2,"y":0},{"x":-2,"y":-1}],"Typ":"Wolle Hafen"},{"Ort":[{"x":-3,"y":3},{"x":-2,"y":2}],"Typ":"Getreide Hafen"},{"Ort":[{"x":2,"y":-1},{"x":3,"y":-2}],"Typ":"Holz Hafen"},{"Ort":[{"x":-1,"y":3},{"x":0,"y":2}],"Typ":"Hafen"},{"Ort":[{"x":2,"y":-2},{"x":2,"y":-3}],"Typ":"Erz Hafen"},{"Ort":[{"x":2,"y":0},{"x":3,"y":0}],"Typ":"Hafen"}],"Räuber":{"x":0,"y":2}}}}
2017-02-12 18:45:06.196 INFO  network.client.Client 180 receiveMsg - {"Würfelwurf":{"Spieler":2,"Wurf":[3,6]}}
2017-02-12 18:45:06.196 INFO  network.client.Client 180 receiveMsg - {"Würfelwurf":{"Spieler":3,"Wurf":[4,4]}}
2017-02-12 18:45:06.284 INFO  network.client.Client 180 receiveMsg - {"Würfelwurf":{"Spieler":4,"Wurf":[1,2]}}
2017-02-12 18:45:06.287 INFO  network.client.Client 180 receiveMsg - {"Statusupdate":{"Spieler":{"Status":"Warten","Rittermacht":0,"Farbe":"Rot","Längste Handelsstraße":false,"Siegpunkte":0,"Rohstoffe":{"Unbekannt":0},"id":2,"Entwicklungskarten":{"Unbekannt":0},"Name":"KI (2)","Größte Rittermacht":false}}}
2017-02-12 18:45:06.372 INFO  network.client.Client 180 receiveMsg - {"Statusupdate":{"Spieler":{"Status":"Warten","Rittermacht":0,"Farbe":"Orange","Längste Handelsstraße":false,"Siegpunkte":0,"Rohstoffe":{"Unbekannt":0},"id":3,"Entwicklungskarten":{"Unbekannt":0},"Name":"KI (3)","Größte Rittermacht":false}}}
2017-02-12 18:45:06.377 INFO  network.client.Client 180 receiveMsg - {"Statusupdate":{"Spieler":{"Status":"Warten","Rittermacht":0,"Farbe":"Weiß","Längste Handelsstraße":false,"Siegpunkte":0,"Rohstoffe":{"Getreide":0,"Wolle":0,"Holz":0,"Lehm":0,"Erz":0},"id":4,"Entwicklungskarten":{"Straßenbau":0,"Erfindung":0,"Monopol":0,"Ritter":0,"Siegpunkt":0},"Name":"chris","Größte Rittermacht":false}}}
2017-02-12 18:45:06.461 INFO  network.client.Client 180 receiveMsg - {"Statusupdate":{"Spieler":{"Status":"Dorf bauen","Rittermacht":0,"Farbe":"Blau","Längste Handelsstraße":false,"Siegpunkte":0,"Rohstoffe":{"Unbekannt":0},"id":1,"Entwicklungskarten":{"Unbekannt":0},"Name":"KI (1)","Größte Rittermacht":false}}}
2017-02-12 18:45:06.466 INFO  network.Interpreter 328 axialToEdgeOrCorner - [{"x":-2,"y":2},{"x":-1,"y":2},{"x":-1,"y":1}]. {5, 6, 11}
2017-02-12 18:45:06.467 INFO  network.Interpreter 328 axialToEdgeOrCorner - [{"x":-2,"y":2},{"x":-1,"y":2},{"x":-1,"y":1}]. {5, 6, 11}
2017-02-12 18:45:06.467 INFO  network.client.ClientListener 1102 build - Dorf - [{"x":-2,"y":2},{"x":-1,"y":2},{"x":-1,"y":1}] - {5, 6, 11}
2017-02-12 18:45:06.467 INFO  network.client.Client 180 receiveMsg - {"Bauvorgang":{"Gebäude":{"Ort":[{"x":-2,"y":2},{"x":-1,"y":2},{"x":-1,"y":1}],"Eigentümer":1,"Typ":"Dorf"}}}
2017-02-12 18:45:06.551 INFO  network.client.Client 180 receiveMsg - {"Statusupdate":{"Spieler":{"Status":"Straße bauen","Rittermacht":0,"Farbe":"Blau","Längste Handelsstraße":false,"Siegpunkte":1,"Rohstoffe":{"Unbekannt":0},"id":1,"Entwicklungskarten":{"Unbekannt":0},"Name":"KI (1)","Größte Rittermacht":false}}}
2017-02-12 18:45:06.556 INFO  network.Interpreter 328 axialToEdgeOrCorner - [{"x":-2,"y":2},{"x":-1,"y":2}]. {5, 6}
2017-02-12 18:45:06.557 INFO  network.Interpreter 328 axialToEdgeOrCorner - [{"x":-2,"y":2},{"x":-1,"y":2}]. {5, 6}
2017-02-12 18:45:06.557 INFO  network.client.ClientListener 1102 build - Straße - [{"x":-2,"y":2},{"x":-1,"y":2}] - {5, 6}
2017-02-12 18:45:06.557 INFO  network.client.Client 180 receiveMsg - {"Bauvorgang":{"Gebäude":{"Ort":[{"x":-2,"y":2},{"x":-1,"y":2}],"Eigentümer":1,"Typ":"Straße"}}}
2017-02-12 18:45:06.641 INFO  network.client.Client 180 receiveMsg - {"Statusupdate":{"Spieler":{"Status":"Warten","Rittermacht":0,"Farbe":"Blau","Längste Handelsstraße":false,"Siegpunkte":1,"Rohstoffe":{"Unbekannt":0},"id":1,"Entwicklungskarten":{"Unbekannt":0},"Name":"KI (1)","Größte Rittermacht":false}}}
2017-02-12 18:45:06.646 INFO  network.client.Client 180 receiveMsg - {"Statusupdate":{"Spieler":{"Status":"Dorf bauen","Rittermacht":0,"Farbe":"Rot","Längste Handelsstraße":false,"Siegpunkte":0,"Rohstoffe":{"Unbekannt":0},"id":2,"Entwicklungskarten":{"Unbekannt":0},"Name":"KI (2)","Größte Rittermacht":false}}}
2017-02-12 18:45:06.730 INFO  network.Interpreter 328 axialToEdgeOrCorner - [{"x":0,"y":-1},{"x":1,"y":-1},{"x":1,"y":-2}]. {24, 25, 30}
2017-02-12 18:45:06.731 INFO  network.Interpreter 328 axialToEdgeOrCorner - [{"x":0,"y":-1},{"x":1,"y":-1},{"x":1,"y":-2}]. {24, 25, 30}
2017-02-12 18:45:06.731 INFO  network.client.ClientListener 1102 build - Dorf - [{"x":0,"y":-1},{"x":1,"y":-1},{"x":1,"y":-2}] - {24, 25, 30}
2017-02-12 18:45:06.732 INFO  network.client.Client 180 receiveMsg - {"Bauvorgang":{"Gebäude":{"Ort":[{"x":0,"y":-1},{"x":1,"y":-1},{"x":1,"y":-2}],"Eigentümer":2,"Typ":"Dorf"}}}
2017-02-12 18:45:06.733 INFO  network.client.Client 180 receiveMsg - {"Statusupdate":{"Spieler":{"Status":"Straße bauen","Rittermacht":0,"Farbe":"Rot","Längste Handelsstraße":false,"Siegpunkte":1,"Rohstoffe":{"Unbekannt":0},"id":2,"Entwicklungskarten":{"Unbekannt":0},"Name":"KI (2)","Größte Rittermacht":false}}}
2017-02-12 18:45:06.818 INFO  network.Interpreter 328 axialToEdgeOrCorner - [{"x":0,"y":-1},{"x":1,"y":-1}]. {24, 25}
2017-02-12 18:45:06.819 INFO  network.Interpreter 328 axialToEdgeOrCorner - [{"x":0,"y":-1},{"x":1,"y":-1}]. {24, 25}
2017-02-12 18:45:06.819 INFO  network.client.ClientListener 1102 build - Straße - [{"x":0,"y":-1},{"x":1,"y":-1}] - {24, 25}
2017-02-12 18:45:06.820 INFO  network.client.Client 180 receiveMsg - {"Bauvorgang":{"Gebäude":{"Ort":[{"x":0,"y":-1},{"x":1,"y":-1}],"Eigentümer":2,"Typ":"Straße"}}}
2017-02-12 18:45:06.824 INFO  network.client.Client 180 receiveMsg - {"Statusupdate":{"Spieler":{"Status":"Warten","Rittermacht":0,"Farbe":"Rot","Längste Handelsstraße":false,"Siegpunkte":1,"Rohstoffe":{"Unbekannt":0},"id":2,"Entwicklungskarten":{"Unbekannt":0},"Name":"KI (2)","Größte Rittermacht":false}}}
2017-02-12 18:45:06.910 INFO  network.Interpreter 328 axialToEdgeOrCorner - [{"x":-1,"y":-1},{"x":0,"y":-1},{"x":0,"y":-2}]. {23, 24, 29}
2017-02-12 18:45:06.910 INFO  network.Interpreter 328 axialToEdgeOrCorner - [{"x":-1,"y":-1},{"x":0,"y":-1},{"x":0,"y":-2}]. {23, 24, 29}
2017-02-12 18:45:06.910 INFO  network.client.ClientListener 1102 build - Dorf - [{"x":-1,"y":-1},{"x":0,"y":-1},{"x":0,"y":-2}] - {23, 24, 29}
2017-02-12 18:45:06.910 INFO  network.client.Client 180 receiveMsg - {"Statusupdate":{"Spieler":{"Status":"Dorf bauen","Rittermacht":0,"Farbe":"Orange","Längste Handelsstraße":false,"Siegpunkte":0,"Rohstoffe":{"Unbekannt":0},"id":3,"Entwicklungskarten":{"Unbekannt":0},"Name":"KI (3)","Größte Rittermacht":false}}}
2017-02-12 18:45:06.911 INFO  network.client.Client 180 receiveMsg - {"Bauvorgang":{"Gebäude":{"Ort":[{"x":-1,"y":-1},{"x":0,"y":-1},{"x":0,"y":-2}],"Eigentümer":3,"Typ":"Dorf"}}}
2017-02-12 18:45:06.999 INFO  network.Interpreter 328 axialToEdgeOrCorner - [{"x":-1,"y":-1},{"x":0,"y":-1}]. {23, 24}
2017-02-12 18:45:07.000 INFO  network.Interpreter 328 axialToEdgeOrCorner - [{"x":-1,"y":-1},{"x":0,"y":-1}]. {23, 24}
2017-02-12 18:45:07.000 INFO  network.client.ClientListener 1102 build - Straße - [{"x":-1,"y":-1},{"x":0,"y":-1}] - {23, 24}
2017-02-12 18:45:07.001 INFO  network.client.Client 180 receiveMsg - {"Bauvorgang":{"Gebäude":{"Ort":[{"x":-1,"y":-1},{"x":0,"y":-1}],"Eigentümer":3,"Typ":"Straße"}}}
2017-02-12 18:45:07.001 INFO  network.client.Client 180 receiveMsg - {"Statusupdate":{"Spieler":{"Status":"Straße bauen","Rittermacht":0,"Farbe":"Orange","Längste Handelsstraße":false,"Siegpunkte":1,"Rohstoffe":{"Unbekannt":0},"id":3,"Entwicklungskarten":{"Unbekannt":0},"Name":"KI (3)","Größte Rittermacht":false}}}
2017-02-12 18:45:07.093 INFO  network.client.Client 180 receiveMsg - {"Statusupdate":{"Spieler":{"Status":"Warten","Rittermacht":0,"Farbe":"Orange","Längste Handelsstraße":false,"Siegpunkte":1,"Rohstoffe":{"Unbekannt":0},"id":3,"Entwicklungskarten":{"Unbekannt":0},"Name":"KI (3)","Größte Rittermacht":false}}}
2017-02-12 18:45:07.095 INFO  network.client.Client 180 receiveMsg - {"Statusupdate":{"Spieler":{"Status":"Dorf bauen","Rittermacht":0,"Farbe":"Weiß","Längste Handelsstraße":false,"Siegpunkte":0,"Rohstoffe":{"Getreide":0,"Wolle":0,"Holz":0,"Lehm":0,"Erz":0},"id":4,"Entwicklungskarten":{"Straßenbau":0,"Erfindung":0,"Monopol":0,"Ritter":0,"Siegpunkt":0},"Name":"chris","Größte Rittermacht":false}}}
