2017-02-12 16:36:04.734 TRACE model.players.Human 11 <init> - Enter model.players.Human@7c64842a
2017-02-12 16:36:04.737 DEBUG model.players.Player 62 printPlayer - model.players.Human@7c64842a
id        3         color     NULL      name                status    null      
vp        0         road      false     army      false     
dev       0         dice      0         
res       0         lumber    0         brick     0         grain     0         wool      0         ore       0         
dev       []
dev BLOCK []
Harbors   []
Roads          left      15        built     []
Settlements    left      5         built     []
Cities         left      4         built     []
2017-02-12 16:36:04.739 DEBUG model.players.Player 62 printPlayer - model.players.Human@7c64842a
id        3         color     NULL      name                status    START_GAME
vp        0         road      false     army      false     
dev       0         dice      0         
res       0         lumber    0         brick     0         grain     0         wool      0         ore       0         
dev       []
dev BLOCK []
Harbors   []
Roads          left      15        built     []
Settlements    left      5         built     []
Cities         left      4         built     []
2017-02-12 16:36:04.823 DEBUG model.players.Player 62 printPlayer - model.players.Human@7c64842a
id        3         color     NULL      name                status    START_GAME
vp        0         road      false     army      false     
dev       0         dice      0         
res       0         lumber    0         brick     0         grain     0         wool      0         ore       0         
dev       []
dev BLOCK []
Harbors   []
Roads          left      15        built     []
Settlements    left      5         built     []
Cities         left      4         built     []
2017-02-12 16:36:04.826 DEBUG model.players.Player 233 setGrain - model.players.Human@7c64842a [ id: 3 ] old: 0, new: 0
2017-02-12 16:36:04.827 TRACE model.players.Human 11 <init> - Enter model.players.Human@72a375d6
2017-02-12 16:36:04.827 DEBUG model.players.Player 255 setWool - model.players.Human@7c64842a [ id: 3 ] old: 0, new: 0
2017-02-12 16:36:04.827 DEBUG model.players.Player 189 setLumber - model.players.Human@7c64842a [ id: 3 ] old: 0, new: 0
2017-02-12 16:36:04.827 DEBUG model.players.Player 167 setBrick - model.players.Human@7c64842a [ id: 3 ] old: 0, new: 0
2017-02-12 16:36:04.828 DEBUG model.players.Player 211 setOre - model.players.Human@7c64842a [ id: 3 ] old: 0, new: 0
2017-02-12 16:36:04.828 INFO  model.players.Player 489 setKnightsDev - 0, 0 old and new value of knightDev Card. Knight card which is on the hand of ClientName: 
2017-02-12 16:36:04.828 DEBUG model.players.Player 62 printPlayer - model.players.Human@72a375d6
id        1         color     BLUE      name      KI (1)    status    null      
vp        0         road      false     army      false     
dev       0         dice      0         
res       0         lumber    0         brick     0         grain     0         wool      0         ore       0         
dev       []
dev BLOCK []
Harbors   []
Roads          left      15        built     []
Settlements    left      5         built     []
Cities         left      4         built     []
2017-02-12 16:36:04.829 DEBUG model.players.Player 62 printPlayer - model.players.Human@72a375d6
id        1         color     BLUE      name      KI (1)    status    WAIT_FOR_GAME_START
vp        0         road      false     army      false     
dev       0         dice      0         
res       0         lumber    0         brick     0         grain     0         wool      0         ore       0         
dev       []
dev BLOCK []
Harbors   []
Roads          left      15        built     []
Settlements    left      5         built     []
Cities         left      4         built     []
2017-02-12 16:36:04.914 TRACE model.players.Human 11 <init> - Enter model.players.Human@6463250e
2017-02-12 16:36:04.916 DEBUG model.players.Player 62 printPlayer - model.players.Human@6463250e
id        2         color     RED       name      KI (2)    status    null      
vp        0         road      false     army      false     
dev       0         dice      0         
res       0         lumber    0         brick     0         grain     0         wool      0         ore       0         
dev       []
dev BLOCK []
Harbors   []
Roads          left      15        built     []
Settlements    left      5         built     []
Cities         left      4         built     []
2017-02-12 16:36:04.917 DEBUG model.players.Player 62 printPlayer - model.players.Human@6463250e
id        2         color     RED       name      KI (2)    status    WAIT_FOR_GAME_START
vp        0         road      false     army      false     
dev       0         dice      0         
res       0         lumber    0         brick     0         grain     0         wool      0         ore       0         
dev       []
dev BLOCK []
Harbors   []
Roads          left      15        built     []
Settlements    left      5         built     []
Cities         left      4         built     []
2017-02-12 16:36:09.877 DEBUG model.players.Player 62 printPlayer - model.players.Human@7c64842a
id        3         color     WHITE     name      chris     status    START_GAME
vp        0         road      false     army      false     
dev       0         dice      0         
res       0         lumber    0         brick     0         grain     0         wool      0         ore       0         
dev       []
dev BLOCK []
Harbors   []
Roads          left      15        built     []
Settlements    left      5         built     []
Cities         left      4         built     []
2017-02-12 16:36:09.878 DEBUG model.players.Player 233 setGrain - model.players.Human@7c64842a [ id: 3 ] old: 0, new: 0
2017-02-12 16:36:09.878 DEBUG model.players.Player 255 setWool - model.players.Human@7c64842a [ id: 3 ] old: 0, new: 0
2017-02-12 16:36:09.878 DEBUG model.players.Player 189 setLumber - model.players.Human@7c64842a [ id: 3 ] old: 0, new: 0
2017-02-12 16:36:09.878 DEBUG model.players.Player 167 setBrick - model.players.Human@7c64842a [ id: 3 ] old: 0, new: 0
2017-02-12 16:36:09.878 DEBUG model.players.Player 211 setOre - model.players.Human@7c64842a [ id: 3 ] old: 0, new: 0
2017-02-12 16:36:09.878 INFO  model.players.Player 489 setKnightsDev - 0, 0 old and new value of knightDev Card. Knight card which is on the hand of ClientName: chris
2017-02-12 16:36:10.954 DEBUG model.players.Player 62 printPlayer - model.players.Human@7c64842a
id        3         color     WHITE     name      chris     status    WAIT_FOR_GAME_START
vp        0         road      false     army      false     
dev       0         dice      0         
res       0         lumber    0         brick     0         grain     0         wool      0         ore       0         
dev       []
dev BLOCK []
Harbors   []
Roads          left      15        built     []
Settlements    left      5         built     []
Cities         left      4         built     []
2017-02-12 16:36:10.955 DEBUG model.players.Player 233 setGrain - model.players.Human@7c64842a [ id: 3 ] old: 0, new: 0
2017-02-12 16:36:10.955 DEBUG model.players.Player 255 setWool - model.players.Human@7c64842a [ id: 3 ] old: 0, new: 0
2017-02-12 16:36:10.956 DEBUG model.players.Player 189 setLumber - model.players.Human@7c64842a [ id: 3 ] old: 0, new: 0
2017-02-12 16:36:10.956 DEBUG model.players.Player 167 setBrick - model.players.Human@7c64842a [ id: 3 ] old: 0, new: 0
2017-02-12 16:36:10.956 DEBUG model.players.Player 211 setOre - model.players.Human@7c64842a [ id: 3 ] old: 0, new: 0
2017-02-12 16:36:10.956 INFO  model.players.Player 489 setKnightsDev - 0, 0 old and new value of knightDev Card. Knight card which is on the hand of ClientName: chris
2017-02-12 16:36:11.060 INFO  model.board.Board 262 printBoardIDs - 
  null  null  null   {0}   {1}   {2}   {3}
  null  null   {4}   {5}   {6}   {7}   {8}
  null   {9}  {10}  {11}  {12}  {13}  {14}
  {15}  {16}  {17}  {18}  {19}  {20}  {21}
  {22}  {23}  {24}  {25}  {26}  {27}  null
  {28}  {29}  {30}  {31}  {32}  null  null
  {33}  {34}  {35}  {36}  null  null  null

2017-02-12 16:36:11.061 INFO  model.board.Board 339 printNumberTokens - 
  null  null  null  null  null  null  null
  null  null  null    10     2     9  null
  null  null    12     6     4    10  null
  null     9    11     0     3     8  null
  null     8     3     4     5  null  null
  null     5     6    11  null  null  null
  null  null  null  null  null  null  null

2017-02-12 16:36:11.064 INFO  model.board.Board 280 printBoardSpecialCo - 
(     )(     )(     )( 0,-3)( 1,-3)( 2,-3)( 3,-3)
(     )(     )(-1,-2)( 0,-2)( 1,-2)( 2,-2)( 3,-2)
(     )(-2,-1)(-1,-1)( 0,-1)( 1,-1)( 2,-1)( 3,-1)
(-3, 0)(-2, 0)(-1, 0)( 0, 0)( 1, 0)( 2, 0)( 3, 0)
(-3, 1)(-2, 1)(-1, 1)( 0, 1)( 1, 1)( 2, 1)(     )
(-3, 2)(-2, 2)(-1, 2)( 0, 2)( 1, 2)(     )(     )
(-3, 3)(-2, 3)(-1, 3)( 0, 3)(     )(     )(     )

2017-02-12 16:36:11.069 INFO  model.board.Board 300 printTileNeighbors - 
Row: 0
                          null : 
                          null : 
                          null : 
      model.board.Sea@769cef5a : [model.board.Sea@339e7fed, model.board.Mountain@6b83f860, model.board.Sea@2672d03]
      model.board.Sea@339e7fed : [model.board.Pasture@1390f42a, model.board.Mountain@6b83f860, model.board.Sea@769cef5a, model.board.Sea@53b180a2]
      model.board.Sea@53b180a2 : [model.board.Sea@339e7fed, model.board.Forest@2705324c, model.board.Pasture@1390f42a, model.board.Sea@1c311c9a]
      model.board.Sea@1c311c9a : [model.board.Sea@8949a92, model.board.Forest@2705324c, model.board.Sea@53b180a2]
Row: 1
                          null : 
                          null : 
       model.board.Sea@2672d03 : [model.board.Mountain@6b83f860, model.board.Field@57ffbfb2, model.board.Sea@59e66053, model.board.Sea@769cef5a]
 model.board.Mountain@6b83f860 : [model.board.Sea@339e7fed, model.board.Pasture@1390f42a, model.board.Hill@4d277239, model.board.Field@57ffbfb2, model.board.Sea@2672d03, model.board.Sea@769cef5a]
  model.board.Pasture@1390f42a : [model.board.Sea@339e7fed, model.board.Forest@2705324c, model.board.Pasture@61cb3105, model.board.Hill@4d277239, model.board.Mountain@6b83f860, model.board.Sea@53b180a2]
   model.board.Forest@2705324c : [model.board.Sea@8949a92, model.board.Hill@4be300a1, model.board.Pasture@61cb3105, model.board.Pasture@1390f42a, model.board.Sea@53b180a2, model.board.Sea@1c311c9a]
       model.board.Sea@8949a92 : [model.board.Sea@216d0576, model.board.Hill@4be300a1, model.board.Forest@2705324c, model.board.Sea@1c311c9a]
Row: 2
                          null : 
      model.board.Sea@59e66053 : [model.board.Sea@2672d03, model.board.Field@57ffbfb2, model.board.Sea@57ad1dd8, model.board.Field@6f565d31]
    model.board.Field@57ffbfb2 : [model.board.Forest@3c63be72, model.board.Sea@2672d03, model.board.Mountain@6b83f860, model.board.Hill@4d277239, model.board.Sea@59e66053, model.board.Field@6f565d31]
     model.board.Hill@4d277239 : [model.board.Forest@3c63be72, model.board.Mountain@6b83f860, model.board.Pasture@1390f42a, model.board.Pasture@61cb3105, model.board.Field@57ffbfb2, model.board.Desert@75ec5a3d]
  model.board.Pasture@61cb3105 : [model.board.Pasture@1390f42a, model.board.Forest@2705324c, model.board.Hill@4be300a1, model.board.Hill@4d277239, model.board.Desert@75ec5a3d, model.board.Forest@4a10ca85]
     model.board.Hill@4be300a1 : [model.board.Forest@2705324c, model.board.Sea@8949a92, model.board.Sea@216d0576, model.board.Mountain@1772b923, model.board.Pasture@61cb3105, model.board.Forest@4a10ca85]
      model.board.Sea@216d0576 : [model.board.Sea@8949a92, model.board.Sea@36430591, model.board.Mountain@1772b923, model.board.Hill@4be300a1]
Row: 3
      model.board.Sea@57ad1dd8 : [model.board.Sea@59e66053, model.board.Sea@21699cd6, model.board.Field@6f565d31]
    model.board.Field@6f565d31 : [model.board.Forest@3c63be72, model.board.Sea@59e66053, model.board.Field@57ffbfb2, model.board.Forest@6d612e9c, model.board.Sea@21699cd6, model.board.Sea@57ad1dd8]
   model.board.Forest@3c63be72 : [model.board.Field@57ffbfb2, model.board.Hill@4d277239, model.board.Mountain@6f5829b2, model.board.Forest@6d612e9c, model.board.Field@6f565d31, model.board.Desert@75ec5a3d]
   model.board.Desert@75ec5a3d : [model.board.Forest@3c63be72, model.board.Hill@4d277239, model.board.Pasture@61cb3105, model.board.Field@4199c645, model.board.Mountain@6f5829b2, model.board.Forest@4a10ca85]
   model.board.Forest@4a10ca85 : [model.board.Pasture@61cb3105, model.board.Hill@4be300a1, model.board.Mountain@1772b923, model.board.Pasture@2cfb7d8c, model.board.Field@4199c645, model.board.Desert@75ec5a3d]
 model.board.Mountain@1772b923 : [model.board.Hill@4be300a1, model.board.Sea@216d0576, model.board.Sea@36430591, model.board.Sea@480aa341, model.board.Pasture@2cfb7d8c, model.board.Forest@4a10ca85]
      model.board.Sea@36430591 : [model.board.Sea@216d0576, model.board.Sea@480aa341, model.board.Mountain@1772b923]
Row: 4
      model.board.Sea@21699cd6 : [model.board.Sea@57ad1dd8, model.board.Forest@6d612e9c, model.board.Sea@66b1164b, model.board.Field@6f565d31]
   model.board.Forest@6d612e9c : [model.board.Forest@3c63be72, model.board.Mountain@6f5829b2, model.board.Hill@69155f36, model.board.Sea@66b1164b, model.board.Sea@21699cd6, model.board.Field@6f565d31]
 model.board.Mountain@6f5829b2 : [model.board.Forest@3c63be72, model.board.Field@4199c645, model.board.Field@1ef55885, model.board.Hill@69155f36, model.board.Forest@6d612e9c, model.board.Desert@75ec5a3d]
    model.board.Field@4199c645 : [model.board.Pasture@2cfb7d8c, model.board.Pasture@378f0b1, model.board.Field@1ef55885, model.board.Mountain@6f5829b2, model.board.Desert@75ec5a3d, model.board.Forest@4a10ca85]
  model.board.Pasture@2cfb7d8c : [model.board.Mountain@1772b923, model.board.Sea@480aa341, model.board.Pasture@378f0b1, model.board.Field@4199c645, model.board.Sea@6d95bddb, model.board.Forest@4a10ca85]
      model.board.Sea@480aa341 : [model.board.Mountain@1772b923, model.board.Sea@36430591, model.board.Pasture@2cfb7d8c, model.board.Sea@6d95bddb]
                          null : 
Row: 5
      model.board.Sea@66b1164b : [model.board.Sea@2ebaa3b0, model.board.Sea@21699cd6, model.board.Forest@6d612e9c, model.board.Hill@69155f36]
     model.board.Hill@69155f36 : [model.board.Sea@2ebaa3b0, model.board.Forest@6d612e9c, model.board.Mountain@6f5829b2, model.board.Field@1ef55885, model.board.Sea@66b1164b, model.board.Sea@1abfe792]
    model.board.Field@1ef55885 : [model.board.Mountain@6f5829b2, model.board.Field@4199c645, model.board.Pasture@378f0b1, model.board.Hill@69155f36, model.board.Sea@1abfe792, model.board.Sea@5e86610c]
   model.board.Pasture@378f0b1 : [model.board.Field@4199c645, model.board.Pasture@2cfb7d8c, model.board.Sea@1ebd6462, model.board.Field@1ef55885, model.board.Sea@6d95bddb, model.board.Sea@5e86610c]
      model.board.Sea@6d95bddb : [model.board.Pasture@2cfb7d8c, model.board.Sea@480aa341, model.board.Sea@1ebd6462, model.board.Pasture@378f0b1]
                          null : 
                          null : 
Row: 6
      model.board.Sea@2ebaa3b0 : [model.board.Sea@66b1164b, model.board.Hill@69155f36, model.board.Sea@1abfe792]
      model.board.Sea@1abfe792 : [model.board.Sea@2ebaa3b0, model.board.Hill@69155f36, model.board.Field@1ef55885, model.board.Sea@5e86610c]
      model.board.Sea@5e86610c : [model.board.Field@1ef55885, model.board.Pasture@378f0b1, model.board.Sea@1ebd6462, model.board.Sea@1abfe792]
      model.board.Sea@1ebd6462 : [model.board.Pasture@378f0b1, model.board.Sea@6d95bddb, model.board.Sea@5e86610c]
                          null : 
                          null : 
                          null : 

2017-02-12 16:36:11.071 INFO  model.board.Board 321 printPorts - 
        {33} : GENERIC
         {9} : LUMBER
        {22} : BRICK
         {8} : ORE
         {0} : GENERIC
        {32} : WOOL
         {2} : GRAIN
        {35} : GENERIC
        {21} : GENERIC

{22, 23, 28} : BRICK
{16, 22, 23} : BRICK
   {1, 2, 6} : GRAIN
   {2, 6, 7} : GRAIN
  {4, 9, 10} : LUMBER
{28, 29, 33} : GENERIC
  {7, 8, 13} : ORE
 {8, 13, 14} : ORE
 {9, 10, 16} : LUMBER
{26, 27, 32} : WOOL
{26, 31, 32} : WOOL
{29, 33, 34} : GENERIC
{30, 31, 35} : GENERIC
{30, 34, 35} : GENERIC
{14, 20, 21} : GENERIC
{20, 21, 27} : GENERIC
   {0, 4, 5} : GENERIC
   {0, 1, 5} : GENERIC

2017-02-12 16:36:14.273 DEBUG model.players.Player 62 printPlayer - model.players.Human@7c64842a
id        3         color     WHITE     name      chris     status    WAIT      
vp        0         road      false     army      false     
dev       0         dice      6         
res       0         lumber    0         brick     0         grain     0         wool      0         ore       0         
dev       []
dev BLOCK []
Harbors   []
Roads          left      15        built     []
Settlements    left      5         built     []
Cities         left      4         built     []
2017-02-12 16:36:14.273 DEBUG model.players.Player 62 printPlayer - model.players.Human@6463250e
id        2         color     RED       name      KI (2)    status    WAIT      
vp        0         road      false     army      false     
dev       0         dice      5         
res       0         lumber    0         brick     0         grain     0         wool      0         ore       0         
dev       []
dev BLOCK []
Harbors   []
Roads          left      15        built     []
Settlements    left      5         built     []
Cities         left      4         built     []
2017-02-12 16:36:14.274 DEBUG model.Management 42 printManagement - model.Management@65e1f326
KI (1)    sum       0         lumber    0         brick     0         grain     0         wool      0         ore       0         
KI (2)    sum       0         lumber    0         brick     0         grain     0         wool      0         ore       0         
chris     sum       0         lumber    0         brick     0         grain     0         wool      0         ore       0         
[ M ]     sum       95        lumber    19        brick     19        grain     19        wool      19        ore       19        
2017-02-12 16:36:14.274 DEBUG model.Management 42 printManagement - model.Management@65e1f326
KI (1)    sum       0         lumber    0         brick     0         grain     0         wool      0         ore       0         
KI (2)    sum       0         lumber    0         brick     0         grain     0         wool      0         ore       0         
chris     sum       0         lumber    0         brick     0         grain     0         wool      0         ore       0         
[ M ]     sum       95        lumber    19        brick     19        grain     19        wool      19        ore       19        
2017-02-12 16:36:14.275 DEBUG model.players.Player 233 setGrain - model.players.Human@7c64842a [ id: 3 ] old: 0, new: 0
2017-02-12 16:36:14.275 DEBUG model.players.Player 255 setWool - model.players.Human@7c64842a [ id: 3 ] old: 0, new: 0
2017-02-12 16:36:14.275 DEBUG model.players.Player 189 setLumber - model.players.Human@7c64842a [ id: 3 ] old: 0, new: 0
2017-02-12 16:36:14.275 DEBUG model.players.Player 167 setBrick - model.players.Human@7c64842a [ id: 3 ] old: 0, new: 0
2017-02-12 16:36:14.275 DEBUG model.players.Player 211 setOre - model.players.Human@7c64842a [ id: 3 ] old: 0, new: 0
2017-02-12 16:36:14.276 INFO  model.players.Player 489 setKnightsDev - 0, 0 old and new value of knightDev Card. Knight card which is on the hand of ClientName: chris
2017-02-12 16:36:14.366 INFO  model.players.Player 945 buildSettlementFORCE - KI (1): {10, 11, 17}
2017-02-12 16:36:14.366 DEBUG model.players.Player 62 printPlayer - model.players.Human@72a375d6
id        1         color     BLUE      name      KI (1)    status    BUILD_SETTLEMENT
vp        0         road      false     army      false     
dev       0         dice      7         
res       0         lumber    0         brick     0         grain     0         wool      0         ore       0         
dev       []
dev BLOCK []
Harbors   []
Roads          left      15        built     []
Settlements    left      5         built     []
Cities         left      4         built     []
2017-02-12 16:36:14.366 DEBUG model.Management 42 printManagement - model.Management@65e1f326
KI (1)    sum       0         lumber    0         brick     0         grain     0         wool      0         ore       0         
KI (2)    sum       0         lumber    0         brick     0         grain     0         wool      0         ore       0         
chris     sum       0         lumber    0         brick     0         grain     0         wool      0         ore       0         
[ M ]     sum       95        lumber    19        brick     19        grain     19        wool      19        ore       19        
2017-02-12 16:36:14.456 INFO  model.players.Player 979 buildStreetFORCE - KI (1): {10, 17}
2017-02-12 16:36:14.456 DEBUG model.players.Player 62 printPlayer - model.players.Human@72a375d6
id        1         color     BLUE      name      KI (1)    status    BUILD_STREET
vp        0         road      false     army      false     
dev       0         dice      7         
res       0         lumber    0         brick     0         grain     0         wool      0         ore       0         
dev       []
dev BLOCK []
Harbors   []
Roads          left      15        built     []
Settlements    left      4         built     [{10, 11, 17}]
Cities         left      4         built     []
2017-02-12 16:36:14.457 DEBUG model.Management 42 printManagement - model.Management@65e1f326
KI (1)    sum       0         lumber    0         brick     0         grain     0         wool      0         ore       0         
KI (2)    sum       0         lumber    0         brick     0         grain     0         wool      0         ore       0         
chris     sum       0         lumber    0         brick     0         grain     0         wool      0         ore       0         
[ M ]     sum       95        lumber    19        brick     19        grain     19        wool      19        ore       19        
2017-02-12 16:36:14.547 DEBUG model.players.Player 62 printPlayer - model.players.Human@7c64842a
id        3         color     WHITE     name      chris     status    BUILD_SETTLEMENT
vp        0         road      false     army      false     
dev       0         dice      6         
res       0         lumber    0         brick     0         grain     0         wool      0         ore       0         
dev       []
dev BLOCK []
Harbors   []
Roads          left      15        built     []
Settlements    left      5         built     []
Cities         left      4         built     []
2017-02-12 16:36:14.547 DEBUG model.players.Player 62 printPlayer - model.players.Human@72a375d6
id        1         color     BLUE      name      KI (1)    status    WAIT      
vp        1         road      false     army      false     
dev       0         dice      7         
res       0         lumber    0         brick     0         grain     0         wool      0         ore       0         
dev       []
dev BLOCK []
Harbors   []
Roads          left      14        built     [{10, 17}]
Settlements    left      4         built     [{10, 11, 17}]
Cities         left      4         built     []
2017-02-12 16:36:14.548 DEBUG model.Management 42 printManagement - model.Management@65e1f326
KI (1)    sum       0         lumber    0         brick     0         grain     0         wool      0         ore       0         
KI (2)    sum       0         lumber    0         brick     0         grain     0         wool      0         ore       0         
chris     sum       0         lumber    0         brick     0         grain     0         wool      0         ore       0         
[ M ]     sum       95        lumber    19        brick     19        grain     19        wool      19        ore       19        
2017-02-12 16:36:14.548 DEBUG model.Management 42 printManagement - model.Management@65e1f326
KI (1)    sum       0         lumber    0         brick     0         grain     0         wool      0         ore       0         
KI (2)    sum       0         lumber    0         brick     0         grain     0         wool      0         ore       0         
chris     sum       0         lumber    0         brick     0         grain     0         wool      0         ore       0         
[ M ]     sum       95        lumber    19        brick     19        grain     19        wool      19        ore       19        
2017-02-12 16:36:14.550 DEBUG model.players.Player 233 setGrain - model.players.Human@7c64842a [ id: 3 ] old: 0, new: 0
2017-02-12 16:36:14.550 DEBUG model.players.Player 255 setWool - model.players.Human@7c64842a [ id: 3 ] old: 0, new: 0
2017-02-12 16:36:14.550 DEBUG model.players.Player 189 setLumber - model.players.Human@7c64842a [ id: 3 ] old: 0, new: 0
2017-02-12 16:36:14.550 DEBUG model.players.Player 167 setBrick - model.players.Human@7c64842a [ id: 3 ] old: 0, new: 0
2017-02-12 16:36:14.550 DEBUG model.players.Player 211 setOre - model.players.Human@7c64842a [ id: 3 ] old: 0, new: 0
2017-02-12 16:36:14.551 INFO  model.players.Player 489 setKnightsDev - 0, 0 old and new value of knightDev Card. Knight card which is on the hand of ClientName: chris
2017-02-12 16:36:14.629 INFO  model.players.Player 892 getBuildableSettlements - start settlement 50
2017-02-12 16:36:14.632 INFO  model.players.Player 892 getBuildableSettlements - start settlement 50
2017-02-12 16:36:16.844 INFO  model.players.Player 892 getBuildableSettlements - start settlement 50
2017-02-12 16:36:16.877 INFO  model.players.Player 945 buildSettlementFORCE - chris: {24, 29, 30}
2017-02-12 16:36:16.954 DEBUG model.players.Player 62 printPlayer - model.players.Human@7c64842a
id        3         color     WHITE     name      chris     status    BUILD_STREET
vp        0         road      false     army      false     
dev       0         dice      6         
res       0         lumber    0         brick     0         grain     0         wool      0         ore       0         
dev       []
dev BLOCK []
Harbors   []
Roads          left      15        built     []
Settlements    left      4         built     [{24, 29, 30}]
Cities         left      4         built     []
2017-02-12 16:36:16.954 DEBUG model.Management 42 printManagement - model.Management@65e1f326
KI (1)    sum       0         lumber    0         brick     0         grain     0         wool      0         ore       0         
KI (2)    sum       0         lumber    0         brick     0         grain     0         wool      0         ore       0         
chris     sum       0         lumber    0         brick     0         grain     0         wool      0         ore       0         
[ M ]     sum       95        lumber    19        brick     19        grain     19        wool      19        ore       19        
2017-02-12 16:36:16.955 DEBUG model.players.Player 233 setGrain - model.players.Human@7c64842a [ id: 3 ] old: 0, new: 0
2017-02-12 16:36:16.956 DEBUG model.players.Player 255 setWool - model.players.Human@7c64842a [ id: 3 ] old: 0, new: 0
2017-02-12 16:36:16.956 DEBUG model.players.Player 189 setLumber - model.players.Human@7c64842a [ id: 3 ] old: 0, new: 0
2017-02-12 16:36:16.956 DEBUG model.players.Player 167 setBrick - model.players.Human@7c64842a [ id: 3 ] old: 0, new: 0
2017-02-12 16:36:16.956 DEBUG model.players.Player 211 setOre - model.players.Human@7c64842a [ id: 3 ] old: 0, new: 0
2017-02-12 16:36:16.957 INFO  model.players.Player 489 setKnightsDev - 0, 0 old and new value of knightDev Card. Knight card which is on the hand of ClientName: chris
2017-02-12 16:36:17.765 INFO  model.players.Player 979 buildStreetFORCE - chris: {24, 29}
2017-02-12 16:36:17.840 DEBUG model.players.Player 62 printPlayer - model.players.Human@7c64842a
id        3         color     WHITE     name      chris     status    WAIT      
vp        1         road      false     army      false     
dev       0         dice      6         
res       0         lumber    0         brick     0         grain     0         wool      0         ore       0         
dev       []
dev BLOCK []
Harbors   []
Roads          left      14        built     [{24, 29}]
Settlements    left      4         built     [{24, 29, 30}]
Cities         left      4         built     []
2017-02-12 16:36:17.840 DEBUG model.Management 42 printManagement - model.Management@65e1f326
KI (1)    sum       0         lumber    0         brick     0         grain     0         wool      0         ore       0         
KI (2)    sum       0         lumber    0         brick     0         grain     0         wool      0         ore       0         
chris     sum       0         lumber    0         brick     0         grain     0         wool      0         ore       0         
[ M ]     sum       95        lumber    19        brick     19        grain     19        wool      19        ore       19        
2017-02-12 16:36:17.840 DEBUG model.players.Player 233 setGrain - model.players.Human@7c64842a [ id: 3 ] old: 0, new: 0
2017-02-12 16:36:17.841 DEBUG model.players.Player 255 setWool - model.players.Human@7c64842a [ id: 3 ] old: 0, new: 0
2017-02-12 16:36:17.841 DEBUG model.players.Player 189 setLumber - model.players.Human@7c64842a [ id: 3 ] old: 0, new: 0
2017-02-12 16:36:17.841 DEBUG model.players.Player 167 setBrick - model.players.Human@7c64842a [ id: 3 ] old: 0, new: 0
2017-02-12 16:36:17.841 DEBUG model.players.Player 211 setOre - model.players.Human@7c64842a [ id: 3 ] old: 0, new: 0
2017-02-12 16:36:17.842 INFO  model.players.Player 489 setKnightsDev - 0, 0 old and new value of knightDev Card. Knight card which is on the hand of ClientName: chris
2017-02-12 16:36:17.856 DEBUG model.players.Player 62 printPlayer - model.players.Human@6463250e
id        2         color     RED       name      KI (2)    status    BUILD_SETTLEMENT
vp        0         road      false     army      false     
dev       0         dice      5         
res       0         lumber    0         brick     0         grain     0         wool      0         ore       0         
dev       []
dev BLOCK []
Harbors   []
Roads          left      15        built     []
Settlements    left      5         built     []
Cities         left      4         built     []
2017-02-12 16:36:17.856 DEBUG model.Management 42 printManagement - model.Management@65e1f326
KI (1)    sum       0         lumber    0         brick     0         grain     0         wool      0         ore       0         
KI (2)    sum       0         lumber    0         brick     0         grain     0         wool      0         ore       0         
chris     sum       0         lumber    0         brick     0         grain     0         wool      0         ore       0         
[ M ]     sum       95        lumber    19        brick     19        grain     19        wool      19        ore       19        
2017-02-12 16:36:18.050 INFO  model.players.Player 945 buildSettlementFORCE - KI (2): {19, 20, 26}
2017-02-12 16:36:18.063 DEBUG model.players.Player 62 printPlayer - model.players.Human@6463250e
id        2         color     RED       name      KI (2)    status    BUILD_STREET
vp        0         road      false     army      false     
dev       0         dice      5         
res       0         lumber    0         brick     0         grain     0         wool      0         ore       0         
dev       []
dev BLOCK []
Harbors   []
Roads          left      15        built     []
Settlements    left      4         built     [{19, 20, 26}]
Cities         left      4         built     []
2017-02-12 16:36:18.064 DEBUG model.Management 42 printManagement - model.Management@65e1f326
KI (1)    sum       0         lumber    0         brick     0         grain     0         wool      0         ore       0         
KI (2)    sum       0         lumber    0         brick     0         grain     0         wool      0         ore       0         
chris     sum       0         lumber    0         brick     0         grain     0         wool      0         ore       0         
[ M ]     sum       95        lumber    19        brick     19        grain     19        wool      19        ore       19        
2017-02-12 16:36:18.404 INFO  model.players.Player 979 buildStreetFORCE - KI (2): {19, 20}
2017-02-12 16:36:18.418 DEBUG model.players.Player 62 printPlayer - model.players.Human@6463250e
id        2         color     RED       name      KI (2)    status    BUILD_SETTLEMENT
vp        1         road      false     army      false     
dev       0         dice      5         
res       0         lumber    0         brick     0         grain     0         wool      0         ore       0         
dev       []
dev BLOCK []
Harbors   []
Roads          left      14        built     [{19, 20}]
Settlements    left      4         built     [{19, 20, 26}]
Cities         left      4         built     []
2017-02-12 16:36:18.418 DEBUG model.Management 42 printManagement - model.Management@65e1f326
KI (1)    sum       0         lumber    0         brick     0         grain     0         wool      0         ore       0         
KI (2)    sum       0         lumber    0         brick     0         grain     0         wool      0         ore       0         
chris     sum       0         lumber    0         brick     0         grain     0         wool      0         ore       0         
[ M ]     sum       95        lumber    19        brick     19        grain     19        wool      19        ore       19        
2017-02-12 16:36:18.775 INFO  model.players.Player 945 buildSettlementFORCE - KI (2): {5, 6, 11}
2017-02-12 16:36:18.865 DEBUG model.players.Player 62 printPlayer - model.players.Human@6463250e
id        2         color     RED       name      KI (2)    status    BUILD_STREET
vp        1         road      false     army      false     
dev       0         dice      5         
res       3         lumber    0         brick     0         grain     0         wool      0         ore       0         
dev       []
dev BLOCK []
Harbors   []
Roads          left      14        built     [{19, 20}]
Settlements    left      3         built     [{19, 20, 26}, {5, 6, 11}]
Cities         left      4         built     []
2017-02-12 16:36:18.866 DEBUG model.Management 42 printManagement - model.Management@65e1f326
KI (1)    sum       0         lumber    0         brick     0         grain     0         wool      0         ore       0         
KI (2)    sum       3         lumber    0         brick     0         grain     0         wool      0         ore       0         
chris     sum       0         lumber    0         brick     0         grain     0         wool      0         ore       0         
[ M ]     sum       95        lumber    19        brick     19        grain     19        wool      19        ore       19        
2017-02-12 16:36:19.207 INFO  model.players.Player 979 buildStreetFORCE - KI (2): {5, 11}
2017-02-12 16:36:19.220 DEBUG model.players.Player 62 printPlayer - model.players.Human@6463250e
id        2         color     RED       name      KI (2)    status    WAIT      
vp        2         road      false     army      false     
dev       0         dice      5         
res       3         lumber    0         brick     0         grain     0         wool      0         ore       0         
dev       []
dev BLOCK []
Harbors   []
Roads          left      13        built     [{19, 20}, {5, 11}]
Settlements    left      3         built     [{19, 20, 26}, {5, 6, 11}]
Cities         left      4         built     []
2017-02-12 16:36:19.221 DEBUG model.Management 42 printManagement - model.Management@65e1f326
KI (1)    sum       0         lumber    0         brick     0         grain     0         wool      0         ore       0         
KI (2)    sum       3         lumber    0         brick     0         grain     0         wool      0         ore       0         
chris     sum       0         lumber    0         brick     0         grain     0         wool      0         ore       0         
[ M ]     sum       95        lumber    19        brick     19        grain     19        wool      19        ore       19        
2017-02-12 16:36:19.297 DEBUG model.players.Player 62 printPlayer - model.players.Human@7c64842a
id        3         color     WHITE     name      chris     status    BUILD_SETTLEMENT
vp        1         road      false     army      false     
dev       0         dice      6         
res       0         lumber    0         brick     0         grain     0         wool      0         ore       0         
dev       []
dev BLOCK []
Harbors   []
Roads          left      14        built     [{24, 29}]
Settlements    left      4         built     [{24, 29, 30}]
Cities         left      4         built     []
2017-02-12 16:36:19.297 DEBUG model.Management 42 printManagement - model.Management@65e1f326
KI (1)    sum       0         lumber    0         brick     0         grain     0         wool      0         ore       0         
KI (2)    sum       3         lumber    0         brick     0         grain     0         wool      0         ore       0         
chris     sum       0         lumber    0         brick     0         grain     0         wool      0         ore       0         
[ M ]     sum       95        lumber    19        brick     19        grain     19        wool      19        ore       19        
2017-02-12 16:36:19.298 DEBUG model.players.Player 233 setGrain - model.players.Human@7c64842a [ id: 3 ] old: 0, new: 0
2017-02-12 16:36:19.298 DEBUG model.players.Player 255 setWool - model.players.Human@7c64842a [ id: 3 ] old: 0, new: 0
2017-02-12 16:36:19.298 DEBUG model.players.Player 189 setLumber - model.players.Human@7c64842a [ id: 3 ] old: 0, new: 0
2017-02-12 16:36:19.298 INFO  model.players.Player 892 getBuildableSettlements - start settlement 39
2017-02-12 16:36:19.298 DEBUG model.players.Player 167 setBrick - model.players.Human@7c64842a [ id: 3 ] old: 0, new: 0
2017-02-12 16:36:19.298 DEBUG model.players.Player 211 setOre - model.players.Human@7c64842a [ id: 3 ] old: 0, new: 0
2017-02-12 16:36:19.298 INFO  model.players.Player 489 setKnightsDev - 0, 0 old and new value of knightDev Card. Knight card which is on the hand of ClientName: chris
2017-02-12 16:36:19.299 INFO  model.players.Player 892 getBuildableSettlements - start settlement 39
2017-02-12 16:36:21.069 INFO  model.players.Player 892 getBuildableSettlements - start settlement 39
2017-02-12 16:36:21.099 INFO  model.players.Player 945 buildSettlementFORCE - chris: {17, 23, 24}
2017-02-12 16:36:21.176 DEBUG model.players.Player 189 setLumber - model.players.Human@7c64842a [ id: 3 ] old: 0, new: 2
2017-02-12 16:36:21.176 DEBUG model.players.Player 211 setOre - model.players.Human@7c64842a [ id: 3 ] old: 0, new: 1
2017-02-12 16:36:21.190 DEBUG model.players.Player 62 printPlayer - model.players.Human@7c64842a
id        3         color     WHITE     name      chris     status    BUILD_STREET
vp        1         road      false     army      false     
dev       0         dice      6         
res       3         lumber    2         brick     0         grain     0         wool      0         ore       1         
dev       []
dev BLOCK []
Harbors   []
Roads          left      14        built     [{24, 29}]
Settlements    left      3         built     [{24, 29, 30}, {17, 23, 24}]
Cities         left      4         built     []
2017-02-12 16:36:21.190 DEBUG model.Management 42 printManagement - model.Management@65e1f326
KI (1)    sum       0         lumber    0         brick     0         grain     0         wool      0         ore       0         
KI (2)    sum       3         lumber    0         brick     0         grain     0         wool      0         ore       0         
chris     sum       3         lumber    2         brick     0         grain     0         wool      0         ore       1         
[ M ]     sum       95        lumber    19        brick     19        grain     19        wool      19        ore       19        
2017-02-12 16:36:21.190 DEBUG model.players.Player 233 setGrain - model.players.Human@7c64842a [ id: 3 ] old: 0, new: 0
2017-02-12 16:36:21.190 DEBUG model.players.Player 255 setWool - model.players.Human@7c64842a [ id: 3 ] old: 0, new: 0
2017-02-12 16:36:21.190 DEBUG model.players.Player 189 setLumber - model.players.Human@7c64842a [ id: 3 ] old: 2, new: 2
2017-02-12 16:36:21.190 DEBUG model.players.Player 167 setBrick - model.players.Human@7c64842a [ id: 3 ] old: 0, new: 0
2017-02-12 16:36:21.190 DEBUG model.players.Player 211 setOre - model.players.Human@7c64842a [ id: 3 ] old: 1, new: 1
2017-02-12 16:36:21.191 INFO  model.players.Player 489 setKnightsDev - 0, 0 old and new value of knightDev Card. Knight card which is on the hand of ClientName: chris
2017-02-12 16:36:22.042 INFO  model.players.Player 979 buildStreetFORCE - chris: {23, 24}
2017-02-12 16:36:22.116 DEBUG model.players.Player 62 printPlayer - model.players.Human@7c64842a
id        3         color     WHITE     name      chris     status    WAIT      
vp        2         road      false     army      false     
dev       0         dice      6         
res       3         lumber    2         brick     0         grain     0         wool      0         ore       1         
dev       []
dev BLOCK []
Harbors   []
Roads          left      13        built     [{24, 29}, {23, 24}]
Settlements    left      3         built     [{24, 29, 30}, {17, 23, 24}]
Cities         left      4         built     []
2017-02-12 16:36:22.116 DEBUG model.Management 42 printManagement - model.Management@65e1f326
KI (1)    sum       0         lumber    0         brick     0         grain     0         wool      0         ore       0         
KI (2)    sum       3         lumber    0         brick     0         grain     0         wool      0         ore       0         
chris     sum       3         lumber    2         brick     0         grain     0         wool      0         ore       1         
[ M ]     sum       95        lumber    19        brick     19        grain     19        wool      19        ore       19        
2017-02-12 16:36:22.116 DEBUG model.players.Player 233 setGrain - model.players.Human@7c64842a [ id: 3 ] old: 0, new: 0
2017-02-12 16:36:22.116 DEBUG model.players.Player 255 setWool - model.players.Human@7c64842a [ id: 3 ] old: 0, new: 0
2017-02-12 16:36:22.116 DEBUG model.players.Player 189 setLumber - model.players.Human@7c64842a [ id: 3 ] old: 2, new: 2
2017-02-12 16:36:22.116 DEBUG model.players.Player 167 setBrick - model.players.Human@7c64842a [ id: 3 ] old: 0, new: 0
2017-02-12 16:36:22.117 DEBUG model.players.Player 211 setOre - model.players.Human@7c64842a [ id: 3 ] old: 1, new: 1
2017-02-12 16:36:22.117 INFO  model.players.Player 489 setKnightsDev - 0, 0 old and new value of knightDev Card. Knight card which is on the hand of ClientName: chris
2017-02-12 16:36:22.131 DEBUG model.players.Player 62 printPlayer - model.players.Human@72a375d6
id        1         color     BLUE      name      KI (1)    status    BUILD_SETTLEMENT
vp        1         road      false     army      false     
dev       0         dice      7         
res       0         lumber    0         brick     0         grain     0         wool      0         ore       0         
dev       []
dev BLOCK []
Harbors   []
Roads          left      14        built     [{10, 17}]
Settlements    left      4         built     [{10, 11, 17}]
Cities         left      4         built     []
2017-02-12 16:36:22.132 DEBUG model.Management 42 printManagement - model.Management@65e1f326
KI (1)    sum       0         lumber    0         brick     0         grain     0         wool      0         ore       0         
KI (2)    sum       3         lumber    0         brick     0         grain     0         wool      0         ore       0         
chris     sum       3         lumber    2         brick     0         grain     0         wool      0         ore       1         
[ M ]     sum       95        lumber    19        brick     19        grain     19        wool      19        ore       19        
2017-02-12 16:36:22.316 INFO  model.players.Player 945 buildSettlementFORCE - KI (1): {7, 12, 13}
2017-02-12 16:36:22.407 DEBUG model.players.Player 62 printPlayer - model.players.Human@72a375d6
id        1         color     BLUE      name      KI (1)    status    BUILD_STREET
vp        1         road      false     army      false     
dev       0         dice      7         
res       3         lumber    0         brick     0         grain     0         wool      0         ore       0         
dev       []
dev BLOCK []
Harbors   []
Roads          left      14        built     [{10, 17}]
Settlements    left      3         built     [{10, 11, 17}, {7, 12, 13}]
Cities         left      4         built     []
2017-02-12 16:36:22.407 DEBUG model.Management 42 printManagement - model.Management@65e1f326
KI (1)    sum       3         lumber    0         brick     0         grain     0         wool      0         ore       0         
KI (2)    sum       3         lumber    0         brick     0         grain     0         wool      0         ore       0         
chris     sum       3         lumber    2         brick     0         grain     0         wool      0         ore       1         
[ M ]     sum       95        lumber    19        brick     19        grain     19        wool      19        ore       19        
2017-02-12 16:36:22.745 INFO  model.players.Player 979 buildStreetFORCE - KI (1): {7, 13}
2017-02-12 16:36:22.758 DEBUG model.players.Player 62 printPlayer - model.players.Human@72a375d6
id        1         color     BLUE      name      KI (1)    status    ROLL_DICE 
vp        2         road      false     army      false     
dev       0         dice      7         
res       3         lumber    0         brick     0         grain     0         wool      0         ore       0         
dev       []
dev BLOCK []
Harbors   []
Roads          left      13        built     [{10, 17}, {7, 13}]
Settlements    left      3         built     [{10, 11, 17}, {7, 12, 13}]
Cities         left      4         built     []
2017-02-12 16:36:22.758 DEBUG model.Management 42 printManagement - model.Management@65e1f326
KI (1)    sum       3         lumber    0         brick     0         grain     0         wool      0         ore       0         
KI (2)    sum       3         lumber    0         brick     0         grain     0         wool      0         ore       0         
chris     sum       3         lumber    2         brick     0         grain     0         wool      0         ore       1         
[ M ]     sum       95        lumber    19        brick     19        grain     19        wool      19        ore       19        
2017-02-12 16:36:23.106 DEBUG model.players.Player 62 printPlayer - model.players.Human@72a375d6
id        1         color     BLUE      name      KI (1)    status    TRADE_OR_BUILD
vp        2         road      false     army      false     
dev       0         dice      10        
res       4         lumber    0         brick     0         grain     0         wool      0         ore       0         
dev       []
dev BLOCK []
Harbors   []
Roads          left      13        built     [{10, 17}, {7, 13}]
Settlements    left      3         built     [{10, 11, 17}, {7, 12, 13}]
Cities         left      4         built     []
2017-02-12 16:36:23.107 DEBUG model.Management 42 printManagement - model.Management@65e1f326
KI (1)    sum       4         lumber    0         brick     0         grain     0         wool      0         ore       0         
KI (2)    sum       4         lumber    0         brick     0         grain     0         wool      0         ore       0         
chris     sum       3         lumber    2         brick     0         grain     0         wool      0         ore       1         
[ M ]     sum       95        lumber    19        brick     19        grain     19        wool      19        ore       19        
2017-02-12 16:36:24.140 INFO  model.players.Player 979 buildStreetFORCE - KI (1): {8, 13}
2017-02-12 16:36:24.230 DEBUG model.players.Player 62 printPlayer - model.players.Human@72a375d6
id        1         color     BLUE      name      KI (1)    status    TRADE_OR_BUILD
vp        2         road      false     army      false     
dev       0         dice      10        
res       2         lumber    0         brick     0         grain     0         wool      0         ore       0         
dev       []
dev BLOCK []
Harbors   []
Roads          left      12        built     [{10, 17}, {7, 13}, {8, 13}]
Settlements    left      3         built     [{10, 11, 17}, {7, 12, 13}]
Cities         left      4         built     []
2017-02-12 16:36:24.231 DEBUG model.Management 42 printManagement - model.Management@65e1f326
KI (1)    sum       2         lumber    0         brick     0         grain     0         wool      0         ore       0         
KI (2)    sum       4         lumber    0         brick     0         grain     0         wool      0         ore       0         
chris     sum       3         lumber    2         brick     0         grain     0         wool      0         ore       1         
[ M ]     sum       95        lumber    19        brick     19        grain     19        wool      19        ore       19        
2017-02-12 16:36:24.633 DEBUG model.players.Player 62 printPlayer - model.players.Human@72a375d6
id        1         color     BLUE      name      KI (1)    status    WAIT      
vp        2         road      false     army      false     
dev       0         dice      10        
res       2         lumber    0         brick     0         grain     0         wool      0         ore       0         
dev       []
dev BLOCK []
Harbors   []
Roads          left      12        built     [{10, 17}, {7, 13}, {8, 13}]
Settlements    left      3         built     [{10, 11, 17}, {7, 12, 13}]
Cities         left      4         built     []
2017-02-12 16:36:24.633 DEBUG model.Management 42 printManagement - model.Management@65e1f326
KI (1)    sum       2         lumber    0         brick     0         grain     0         wool      0         ore       0         
KI (2)    sum       4         lumber    0         brick     0         grain     0         wool      0         ore       0         
chris     sum       3         lumber    2         brick     0         grain     0         wool      0         ore       1         
[ M ]     sum       95        lumber    19        brick     19        grain     19        wool      19        ore       19        
2017-02-12 16:36:24.641 DEBUG model.players.Player 62 printPlayer - model.players.Human@7c64842a
id        3         color     WHITE     name      chris     status    ROLL_DICE 
vp        2         road      false     army      false     
dev       0         dice      6         
res       3         lumber    2         brick     0         grain     0         wool      0         ore       1         
dev       []
dev BLOCK []
Harbors   []
Roads          left      13        built     [{24, 29}, {23, 24}]
Settlements    left      3         built     [{24, 29, 30}, {17, 23, 24}]
Cities         left      4         built     []
2017-02-12 16:36:24.641 DEBUG model.Management 42 printManagement - model.Management@65e1f326
KI (1)    sum       2         lumber    0         brick     0         grain     0         wool      0         ore       0         
KI (2)    sum       4         lumber    0         brick     0         grain     0         wool      0         ore       0         
chris     sum       3         lumber    2         brick     0         grain     0         wool      0         ore       1         
[ M ]     sum       95        lumber    19        brick     19        grain     19        wool      19        ore       19        
2017-02-12 16:36:24.641 DEBUG model.players.Player 233 setGrain - model.players.Human@7c64842a [ id: 3 ] old: 0, new: 0
2017-02-12 16:36:24.641 DEBUG model.players.Player 255 setWool - model.players.Human@7c64842a [ id: 3 ] old: 0, new: 0
2017-02-12 16:36:24.641 DEBUG model.players.Player 189 setLumber - model.players.Human@7c64842a [ id: 3 ] old: 2, new: 2
2017-02-12 16:36:24.641 DEBUG model.players.Player 167 setBrick - model.players.Human@7c64842a [ id: 3 ] old: 0, new: 0
2017-02-12 16:36:24.642 DEBUG model.players.Player 211 setOre - model.players.Human@7c64842a [ id: 3 ] old: 1, new: 1
2017-02-12 16:36:24.642 INFO  model.players.Player 489 setKnightsDev - 0, 0 old and new value of knightDev Card. Knight card which is on the hand of ClientName: chris
2017-02-12 16:36:25.900 DEBUG model.players.Player 62 printPlayer - model.players.Human@7c64842a
id        3         color     WHITE     name      chris     status    TRADE_OR_BUILD
vp        2         road      false     army      false     
dev       0         dice      9         
res       3         lumber    2         brick     0         grain     0         wool      0         ore       1         
dev       []
dev BLOCK []
Harbors   []
Roads          left      13        built     [{24, 29}, {23, 24}]
Settlements    left      3         built     [{24, 29, 30}, {17, 23, 24}]
Cities         left      4         built     []
2017-02-12 16:36:25.900 DEBUG model.Management 42 printManagement - model.Management@65e1f326
KI (1)    sum       3         lumber    0         brick     0         grain     0         wool      0         ore       0         
KI (2)    sum       4         lumber    0         brick     0         grain     0         wool      0         ore       0         
chris     sum       3         lumber    2         brick     0         grain     0         wool      0         ore       1         
[ M ]     sum       95        lumber    19        brick     19        grain     19        wool      19        ore       19        
2017-02-12 16:36:25.900 DEBUG model.players.Player 233 setGrain - model.players.Human@7c64842a [ id: 3 ] old: 0, new: 0
2017-02-12 16:36:25.901 DEBUG model.players.Player 255 setWool - model.players.Human@7c64842a [ id: 3 ] old: 0, new: 0
2017-02-12 16:36:25.901 DEBUG model.players.Player 189 setLumber - model.players.Human@7c64842a [ id: 3 ] old: 2, new: 2
2017-02-12 16:36:25.901 DEBUG model.players.Player 167 setBrick - model.players.Human@7c64842a [ id: 3 ] old: 0, new: 0
2017-02-12 16:36:25.901 DEBUG model.players.Player 211 setOre - model.players.Human@7c64842a [ id: 3 ] old: 1, new: 1
2017-02-12 16:36:25.901 INFO  model.players.Player 489 setKnightsDev - 0, 0 old and new value of knightDev Card. Knight card which is on the hand of ClientName: chris
