2017-02-12 16:36:04.712 INFO  network.client.Client 93 connect - Socket[addr=ChrisMacBookPro2016/192.168.2.106,port=10003,localport=54194]
2017-02-12 16:36:04.717 INFO  network.client.Client 104 connect - Connected to ChrisMacBookPro2016, 10003
2017-02-12 16:36:04.728 INFO  network.client.Client 153 sendMsg - {"Hallo":{"Version":"JavaFXClient 1.0 (DichteFideleLurche)"}}
2017-02-12 16:36:04.729 INFO  network.client.Client 180 receiveMsg - {"Hallo":{"Protokoll":"1.0","Version":"Catan-Server (DichteFideleForste"}}
2017-02-12 16:36:04.730 INFO  network.client.ClientListener 504 myId - Human.
2017-02-12 16:36:04.739 INFO  network.client.Client 180 receiveMsg - {"Willkommen":{"id":3}}
2017-02-12 16:36:04.828 INFO  network.client.Client 180 receiveMsg - {"Statusupdate":{"Spieler":{"Status":"Spiel starten","Rittermacht":0,"Längste Handelsstraße":false,"Siegpunkte":0,"Rohstoffe":{"Getreide":0,"Wolle":0,"Holz":0,"Lehm":0,"Erz":0},"id":3,"Entwicklungskarten":{"Straßenbau":0,"Erfindung":0,"Monopol":0,"Ritter":0,"Siegpunkt":0},"Größte Rittermacht":false}}}
2017-02-12 16:36:04.830 INFO  network.client.Client 180 receiveMsg - {"Statusupdate":{"Spieler":{"Status":"Wartet auf Spielbeginn","Rittermacht":0,"Farbe":"Blau","Längste Handelsstraße":false,"Siegpunkte":0,"Rohstoffe":{"Unbekannt":0},"id":1,"Entwicklungskarten":{"Unbekannt":0},"Name":"KI (1)","Größte Rittermacht":false}}}
2017-02-12 16:36:04.918 INFO  network.client.Client 180 receiveMsg - {"Statusupdate":{"Spieler":{"Status":"Wartet auf Spielbeginn","Rittermacht":0,"Farbe":"Rot","Längste Handelsstraße":false,"Siegpunkte":0,"Rohstoffe":{"Unbekannt":0},"id":2,"Entwicklungskarten":{"Unbekannt":0},"Name":"KI (2)","Größte Rittermacht":false}}}
2017-02-12 16:36:09.875 INFO  network.client.Client 153 sendMsg - {"Spieler":{"Farbe":"Weiß","Name":"chris"}}
2017-02-12 16:36:09.876 INFO  network.client.Client 180 receiveMsg - {"Serverantwort":"OK"}
2017-02-12 16:36:09.879 INFO  network.client.Client 180 receiveMsg - {"Statusupdate":{"Spieler":{"Status":"Spiel starten","Rittermacht":0,"Farbe":"Weiß","Längste Handelsstraße":false,"Siegpunkte":0,"Rohstoffe":{"Getreide":0,"Wolle":0,"Holz":0,"Lehm":0,"Erz":0},"id":3,"Entwicklungskarten":{"Straßenbau":0,"Erfindung":0,"Monopol":0,"Ritter":0,"Siegpunkt":0},"Name":"chris","Größte Rittermacht":false}}}
2017-02-12 16:36:10.947 INFO  network.client.Client 153 sendMsg - {"Spiel starten":{}}
2017-02-12 16:36:10.951 INFO  network.client.Client 180 receiveMsg - {"Serverantwort":"OK"}
2017-02-12 16:36:10.956 INFO  network.client.Client 180 receiveMsg - {"Statusupdate":{"Spieler":{"Status":"Wartet auf Spielbeginn","Rittermacht":0,"Farbe":"Weiß","Längste Handelsstraße":false,"Siegpunkte":0,"Rohstoffe":{"Getreide":0,"Wolle":0,"Holz":0,"Lehm":0,"Erz":0},"id":3,"Entwicklungskarten":{"Straßenbau":0,"Erfindung":0,"Monopol":0,"Ritter":0,"Siegpunkt":0},"Name":"chris","Größte Rittermacht":false}}}
2017-02-12 16:36:11.043 INFO  network.client.Client 180 receiveMsg - {"Würfelwurf":{"Spieler":1,"Wurf":[6,1]}}
2017-02-12 16:36:11.054 INFO  network.Interpreter 328 axialToEdgeOrCorner - [{"x":0,"y":-2},{"x":0,"y":-3}]. {29, 33}
2017-02-12 16:36:11.056 INFO  network.Interpreter 328 axialToEdgeOrCorner - [{"x":-3,"y":1},{"x":-2,"y":1}]. {9, 10}
2017-02-12 16:36:11.056 INFO  network.Interpreter 328 axialToEdgeOrCorner - [{"x":1,"y":2},{"x":1,"y":1}]. {8, 13}
2017-02-12 16:36:11.057 INFO  network.Interpreter 328 axialToEdgeOrCorner - [{"x":-2,"y":-1},{"x":-1,"y":-1}]. {22, 23}
2017-02-12 16:36:11.057 INFO  network.Interpreter 328 axialToEdgeOrCorner - [{"x":-3,"y":3},{"x":-2,"y":2}]. {0, 5}
2017-02-12 16:36:11.057 INFO  network.Interpreter 328 axialToEdgeOrCorner - [{"x":2,"y":-1},{"x":3,"y":-2}]. {26, 32}
2017-02-12 16:36:11.058 INFO  network.Interpreter 328 axialToEdgeOrCorner - [{"x":-1,"y":3},{"x":-1,"y":2}]. {2, 6}
2017-02-12 16:36:11.058 INFO  network.Interpreter 328 axialToEdgeOrCorner - [{"x":1,"y":-2},{"x":2,"y":-3}]. {30, 35}
2017-02-12 16:36:11.059 INFO  network.Interpreter 328 axialToEdgeOrCorner - [{"x":2,"y":0},{"x":3,"y":0}]. {20, 21}
2017-02-12 16:36:11.080 INFO  network.client.Client 180 receiveMsg - {"Spiel gestartet":{"Karte":{"Felder":[{"Ort":{"x":-3,"y":2},"Typ":"Meer"},{"Ort":{"x":2,"y":0},"Zahl":8,"Typ":"Gebirge"},{"Ort":{"x":3,"y":-3},"Typ":"Meer"},{"Ort":{"x":-2,"y":3},"Typ":"Meer"},{"Ort":{"x":-1,"y":0},"Zahl":11,"Typ":"Wald"},{"Ort":{"x":0,"y":-3},"Typ":"Meer"},{"Ort":{"x":2,"y":1},"Typ":"Meer"},{"Ort":{"x":-3,"y":1},"Typ":"Meer"},{"Ort":{"x":-1,"y":2},"Zahl":2,"Typ":"Weideland"},{"Ort":{"x":0,"y":2},"Zahl":9,"Typ":"Wald"},{"Ort":{"x":1,"y":2},"Typ":"Meer"},{"Ort":{"x":-2,"y":1},"Zahl":12,"Typ":"Ackerland"},{"Ort":{"x":2,"y":-2},"Zahl":11,"Typ":"Weideland"},{"Ort":{"x":-1,"y":1},"Zahl":6,"Typ":"Hügelland"},{"Ort":{"x":0,"y":1},"Zahl":4,"Typ":"Weideland"},{"Ort":{"x":1,"y":1},"Zahl":10,"Typ":"Hügelland"},{"Ort":{"x":-3,"y":0},"Typ":"Meer"},{"Ort":{"x":-2,"y":-1},"Typ":"Meer"},{"Ort":{"x":-1,"y":-1},"Zahl":8,"Typ":"Wald"},{"Ort":{"x":0,"y":-1},"Zahl":3,"Typ":"Gebirge"},{"Ort":{"x":1,"y":-1},"Zahl":4,"Typ":"Ackerland"},{"Ort":{"x":2,"y":-1},"Zahl":5,"Typ":"Weideland"},{"Ort":{"x":3,"y":-1},"Typ":"Meer"},{"Ort":{"x":-1,"y":-2},"Typ":"Meer"},{"Ort":{"x":0,"y":-2},"Zahl":5,"Typ":"Hügelland"},{"Ort":{"x":1,"y":-2},"Zahl":6,"Typ":"Ackerland"},{"Ort":{"x":-3,"y":3},"Typ":"Meer"},{"Ort":{"x":-2,"y":0},"Zahl":9,"Typ":"Ackerland"},{"Ort":{"x":3,"y":-2},"Typ":"Meer"},{"Ort":{"x":-1,"y":3},"Typ":"Meer"},{"Ort":{"x":0,"y":0},"Typ":"Wüste"},{"Ort":{"x":1,"y":-3},"Typ":"Meer"},{"Ort":{"x":0,"y":3},"Typ":"Meer"},{"Ort":{"x":1,"y":0},"Zahl":3,"Typ":"Wald"},{"Ort":{"x":2,"y":-3},"Typ":"Meer"},{"Ort":{"x":-2,"y":2},"Zahl":10,"Typ":"Gebirge"},{"Ort":{"x":3,"y":0},"Typ":"Meer"}],"Gebäude":[],"Häfen":[{"Ort":[{"x":0,"y":-2},{"x":0,"y":-3}],"Typ":"Hafen"},{"Ort":[{"x":-3,"y":1},{"x":-2,"y":1}],"Typ":"Holz Hafen"},{"Ort":[{"x":1,"y":2},{"x":1,"y":1}],"Typ":"Erz Hafen"},{"Ort":[{"x":-2,"y":-1},{"x":-1,"y":-1}],"Typ":"Lehm Hafen"},{"Ort":[{"x":-3,"y":3},{"x":-2,"y":2}],"Typ":"Hafen"},{"Ort":[{"x":2,"y":-1},{"x":3,"y":-2}],"Typ":"Wolle Hafen"},{"Ort":[{"x":-1,"y":3},{"x":-1,"y":2}],"Typ":"Getreide Hafen"},{"Ort":[{"x":1,"y":-2},{"x":2,"y":-3}],"Typ":"Hafen"},{"Ort":[{"x":2,"y":0},{"x":3,"y":0}],"Typ":"Hafen"}],"Räuber":{"x":0,"y":0}}}}
2017-02-12 16:36:14.183 INFO  network.client.Client 180 receiveMsg - {"Würfelwurf":{"Spieler":3,"Wurf":[5,1]}}
2017-02-12 16:36:14.183 INFO  network.client.Client 180 receiveMsg - {"Würfelwurf":{"Spieler":2,"Wurf":[3,2]}}
2017-02-12 16:36:14.276 INFO  network.client.Client 180 receiveMsg - {"Statusupdate":{"Spieler":{"Status":"Warten","Rittermacht":0,"Farbe":"Rot","Längste Handelsstraße":false,"Siegpunkte":0,"Rohstoffe":{"Unbekannt":0},"id":2,"Entwicklungskarten":{"Unbekannt":0},"Name":"KI (2)","Größte Rittermacht":false}}}
2017-02-12 16:36:14.276 INFO  network.client.Client 180 receiveMsg - {"Statusupdate":{"Spieler":{"Status":"Warten","Rittermacht":0,"Farbe":"Weiß","Längste Handelsstraße":false,"Siegpunkte":0,"Rohstoffe":{"Getreide":0,"Wolle":0,"Holz":0,"Lehm":0,"Erz":0},"id":3,"Entwicklungskarten":{"Straßenbau":0,"Erfindung":0,"Monopol":0,"Ritter":0,"Siegpunkt":0},"Name":"chris","Größte Rittermacht":false}}}
2017-02-12 16:36:14.365 INFO  network.Interpreter 328 axialToEdgeOrCorner - [{"x":-2,"y":1},{"x":-1,"y":1},{"x":-1,"y":0}]. {10, 11, 17}
2017-02-12 16:36:14.366 INFO  network.Interpreter 328 axialToEdgeOrCorner - [{"x":-2,"y":1},{"x":-1,"y":1},{"x":-1,"y":0}]. {10, 11, 17}
2017-02-12 16:36:14.367 INFO  network.client.ClientListener 1102 build - Dorf - [{"x":-2,"y":1},{"x":-1,"y":1},{"x":-1,"y":0}] - {10, 11, 17}
2017-02-12 16:36:14.367 INFO  network.client.Client 180 receiveMsg - {"Bauvorgang":{"Gebäude":{"Ort":[{"x":-2,"y":1},{"x":-1,"y":1},{"x":-1,"y":0}],"Eigentümer":1,"Typ":"Dorf"}}}
2017-02-12 16:36:14.367 INFO  network.client.Client 180 receiveMsg - {"Statusupdate":{"Spieler":{"Status":"Dorf bauen","Rittermacht":0,"Farbe":"Blau","Längste Handelsstraße":false,"Siegpunkte":0,"Rohstoffe":{"Unbekannt":0},"id":1,"Entwicklungskarten":{"Unbekannt":0},"Name":"KI (1)","Größte Rittermacht":false}}}
2017-02-12 16:36:14.456 INFO  network.Interpreter 328 axialToEdgeOrCorner - [{"x":-2,"y":1},{"x":-1,"y":0}]. {10, 17}
2017-02-12 16:36:14.456 INFO  network.Interpreter 328 axialToEdgeOrCorner - [{"x":-2,"y":1},{"x":-1,"y":0}]. {10, 17}
2017-02-12 16:36:14.457 INFO  network.client.ClientListener 1102 build - Straße - [{"x":-2,"y":1},{"x":-1,"y":0}] - {10, 17}
2017-02-12 16:36:14.457 INFO  network.client.Client 180 receiveMsg - {"Bauvorgang":{"Gebäude":{"Ort":[{"x":-2,"y":1},{"x":-1,"y":0}],"Eigentümer":1,"Typ":"Straße"}}}
2017-02-12 16:36:14.457 INFO  network.client.Client 180 receiveMsg - {"Statusupdate":{"Spieler":{"Status":"Straße bauen","Rittermacht":0,"Farbe":"Blau","Längste Handelsstraße":false,"Siegpunkte":1,"Rohstoffe":{"Unbekannt":0},"id":1,"Entwicklungskarten":{"Unbekannt":0},"Name":"KI (1)","Größte Rittermacht":false}}}
2017-02-12 16:36:14.548 INFO  network.client.Client 180 receiveMsg - {"Statusupdate":{"Spieler":{"Status":"Warten","Rittermacht":0,"Farbe":"Blau","Längste Handelsstraße":false,"Siegpunkte":1,"Rohstoffe":{"Unbekannt":0},"id":1,"Entwicklungskarten":{"Unbekannt":0},"Name":"KI (1)","Größte Rittermacht":false}}}
2017-02-12 16:36:14.551 INFO  network.client.Client 180 receiveMsg - {"Statusupdate":{"Spieler":{"Status":"Dorf bauen","Rittermacht":0,"Farbe":"Weiß","Längste Handelsstraße":false,"Siegpunkte":0,"Rohstoffe":{"Getreide":0,"Wolle":0,"Holz":0,"Lehm":0,"Erz":0},"id":3,"Entwicklungskarten":{"Straßenbau":0,"Erfindung":0,"Monopol":0,"Ritter":0,"Siegpunkt":0},"Name":"chris","Größte Rittermacht":false}}}
2017-02-12 16:36:16.861 INFO  network.client.Client 153 sendMsg - {"Bauen":{"Ort":[{"x":0,"y":-1},{"x":0,"y":-2},{"x":1,"y":-2}],"Typ":"Dorf"}}
2017-02-12 16:36:16.864 INFO  network.client.Client 180 receiveMsg - {"Serverantwort":"OK"}
2017-02-12 16:36:16.877 INFO  network.Interpreter 328 axialToEdgeOrCorner - [{"x":0,"y":-1},{"x":0,"y":-2},{"x":1,"y":-2}]. {24, 29, 30}
2017-02-12 16:36:16.878 INFO  network.Interpreter 328 axialToEdgeOrCorner - [{"x":0,"y":-1},{"x":0,"y":-2},{"x":1,"y":-2}]. {24, 29, 30}
2017-02-12 16:36:16.878 INFO  network.client.ClientListener 1102 build - Dorf - [{"x":0,"y":-1},{"x":0,"y":-2},{"x":1,"y":-2}] - {24, 29, 30}
2017-02-12 16:36:16.878 INFO  network.client.Client 180 receiveMsg - {"Bauvorgang":{"Gebäude":{"Ort":[{"x":0,"y":-1},{"x":0,"y":-2},{"x":1,"y":-2}],"Eigentümer":3,"Typ":"Dorf"}}}
2017-02-12 16:36:16.958 INFO  network.client.Client 180 receiveMsg - {"Statusupdate":{"Spieler":{"Status":"Straße bauen","Rittermacht":0,"Farbe":"Weiß","Längste Handelsstraße":false,"Siegpunkte":1,"Rohstoffe":{"Getreide":0,"Wolle":0,"Holz":0,"Lehm":0,"Erz":0},"id":3,"Entwicklungskarten":{"Straßenbau":0,"Erfindung":0,"Monopol":0,"Ritter":0,"Siegpunkt":0},"Name":"chris","Größte Rittermacht":false}}}
2017-02-12 16:36:17.751 INFO  network.client.Client 153 sendMsg - {"Bauen":{"Ort":[{"x":0,"y":-1},{"x":0,"y":-2}],"Typ":"Straße"}}
2017-02-12 16:36:17.753 INFO  network.client.Client 180 receiveMsg - {"Serverantwort":"OK"}
2017-02-12 16:36:17.765 INFO  network.Interpreter 328 axialToEdgeOrCorner - [{"x":0,"y":-1},{"x":0,"y":-2}]. {24, 29}
2017-02-12 16:36:17.765 INFO  network.Interpreter 328 axialToEdgeOrCorner - [{"x":0,"y":-1},{"x":0,"y":-2}]. {24, 29}
2017-02-12 16:36:17.766 INFO  network.client.ClientListener 1102 build - Straße - [{"x":0,"y":-1},{"x":0,"y":-2}] - {24, 29}
2017-02-12 16:36:17.766 INFO  network.client.Client 180 receiveMsg - {"Bauvorgang":{"Gebäude":{"Ort":[{"x":0,"y":-1},{"x":0,"y":-2}],"Eigentümer":3,"Typ":"Straße"}}}
2017-02-12 16:36:17.842 INFO  network.client.Client 180 receiveMsg - {"Statusupdate":{"Spieler":{"Status":"Warten","Rittermacht":0,"Farbe":"Weiß","Längste Handelsstraße":false,"Siegpunkte":1,"Rohstoffe":{"Getreide":0,"Wolle":0,"Holz":0,"Lehm":0,"Erz":0},"id":3,"Entwicklungskarten":{"Straßenbau":0,"Erfindung":0,"Monopol":0,"Ritter":0,"Siegpunkt":0},"Name":"chris","Größte Rittermacht":false}}}
2017-02-12 16:36:17.857 INFO  network.client.Client 180 receiveMsg - {"Statusupdate":{"Spieler":{"Status":"Dorf bauen","Rittermacht":0,"Farbe":"Rot","Längste Handelsstraße":false,"Siegpunkte":0,"Rohstoffe":{"Unbekannt":0},"id":2,"Entwicklungskarten":{"Unbekannt":0},"Name":"KI (2)","Größte Rittermacht":false}}}
2017-02-12 16:36:18.050 INFO  network.Interpreter 328 axialToEdgeOrCorner - [{"x":1,"y":0},{"x":2,"y":0},{"x":2,"y":-1}]. {19, 20, 26}
2017-02-12 16:36:18.051 INFO  network.Interpreter 328 axialToEdgeOrCorner - [{"x":1,"y":0},{"x":2,"y":0},{"x":2,"y":-1}]. {19, 20, 26}
2017-02-12 16:36:18.051 INFO  network.client.ClientListener 1102 build - Dorf - [{"x":1,"y":0},{"x":2,"y":0},{"x":2,"y":-1}] - {19, 20, 26}
2017-02-12 16:36:18.051 INFO  network.client.Client 180 receiveMsg - {"Bauvorgang":{"Gebäude":{"Ort":[{"x":1,"y":0},{"x":2,"y":0},{"x":2,"y":-1}],"Eigentümer":2,"Typ":"Dorf"}}}
2017-02-12 16:36:18.064 INFO  network.client.Client 180 receiveMsg - {"Statusupdate":{"Spieler":{"Status":"Straße bauen","Rittermacht":0,"Farbe":"Rot","Längste Handelsstraße":false,"Siegpunkte":1,"Rohstoffe":{"Unbekannt":0},"id":2,"Entwicklungskarten":{"Unbekannt":0},"Name":"KI (2)","Größte Rittermacht":false}}}
2017-02-12 16:36:18.404 INFO  network.Interpreter 328 axialToEdgeOrCorner - [{"x":1,"y":0},{"x":2,"y":0}]. {19, 20}
2017-02-12 16:36:18.404 INFO  network.Interpreter 328 axialToEdgeOrCorner - [{"x":1,"y":0},{"x":2,"y":0}]. {19, 20}
2017-02-12 16:36:18.405 INFO  network.client.ClientListener 1102 build - Straße - [{"x":1,"y":0},{"x":2,"y":0}] - {19, 20}
2017-02-12 16:36:18.405 INFO  network.client.Client 180 receiveMsg - {"Bauvorgang":{"Gebäude":{"Ort":[{"x":1,"y":0},{"x":2,"y":0}],"Eigentümer":2,"Typ":"Straße"}}}
2017-02-12 16:36:18.418 INFO  network.client.Client 180 receiveMsg - {"Statusupdate":{"Spieler":{"Status":"Dorf bauen","Rittermacht":0,"Farbe":"Rot","Längste Handelsstraße":false,"Siegpunkte":1,"Rohstoffe":{"Unbekannt":0},"id":2,"Entwicklungskarten":{"Unbekannt":0},"Name":"KI (2)","Größte Rittermacht":false}}}
2017-02-12 16:36:18.775 INFO  network.Interpreter 328 axialToEdgeOrCorner - [{"x":-2,"y":2},{"x":-1,"y":2},{"x":-1,"y":1}]. {5, 6, 11}
2017-02-12 16:36:18.775 INFO  network.Interpreter 328 axialToEdgeOrCorner - [{"x":-2,"y":2},{"x":-1,"y":2},{"x":-1,"y":1}]. {5, 6, 11}
2017-02-12 16:36:18.775 INFO  network.client.ClientListener 1102 build - Dorf - [{"x":-2,"y":2},{"x":-1,"y":2},{"x":-1,"y":1}] - {5, 6, 11}
2017-02-12 16:36:18.776 INFO  network.client.Client 180 receiveMsg - {"Bauvorgang":{"Gebäude":{"Ort":[{"x":-2,"y":2},{"x":-1,"y":2},{"x":-1,"y":1}],"Eigentümer":2,"Typ":"Dorf"}}}
2017-02-12 16:36:18.795 INFO  network.client.Client 180 receiveMsg - {"Ertrag":{"Rohstoffe":{"Wolle":1,"Lehm":1,"Erz":1},"Spieler":2}}
2017-02-12 16:36:18.866 INFO  network.client.Client 180 receiveMsg - {"Statusupdate":{"Spieler":{"Status":"Straße bauen","Rittermacht":0,"Farbe":"Rot","Längste Handelsstraße":false,"Siegpunkte":2,"Rohstoffe":{"Unbekannt":3},"id":2,"Entwicklungskarten":{"Unbekannt":0},"Name":"KI (2)","Größte Rittermacht":false}}}
2017-02-12 16:36:19.206 INFO  network.Interpreter 328 axialToEdgeOrCorner - [{"x":-2,"y":2},{"x":-1,"y":1}]. {5, 11}
2017-02-12 16:36:19.207 INFO  network.Interpreter 328 axialToEdgeOrCorner - [{"x":-2,"y":2},{"x":-1,"y":1}]. {5, 11}
2017-02-12 16:36:19.207 INFO  network.client.ClientListener 1102 build - Straße - [{"x":-2,"y":2},{"x":-1,"y":1}] - {5, 11}
2017-02-12 16:36:19.208 INFO  network.client.Client 180 receiveMsg - {"Bauvorgang":{"Gebäude":{"Ort":[{"x":-2,"y":2},{"x":-1,"y":1}],"Eigentümer":2,"Typ":"Straße"}}}
2017-02-12 16:36:19.221 INFO  network.client.Client 180 receiveMsg - {"Statusupdate":{"Spieler":{"Status":"Warten","Rittermacht":0,"Farbe":"Rot","Längste Handelsstraße":false,"Siegpunkte":2,"Rohstoffe":{"Unbekannt":3},"id":2,"Entwicklungskarten":{"Unbekannt":0},"Name":"KI (2)","Größte Rittermacht":false}}}
2017-02-12 16:36:19.299 INFO  network.client.Client 180 receiveMsg - {"Statusupdate":{"Spieler":{"Status":"Dorf bauen","Rittermacht":0,"Farbe":"Weiß","Längste Handelsstraße":false,"Siegpunkte":1,"Rohstoffe":{"Getreide":0,"Wolle":0,"Holz":0,"Lehm":0,"Erz":0},"id":3,"Entwicklungskarten":{"Straßenbau":0,"Erfindung":0,"Monopol":0,"Ritter":0,"Siegpunkt":0},"Name":"chris","Größte Rittermacht":false}}}
2017-02-12 16:36:21.084 INFO  network.client.Client 153 sendMsg - {"Bauen":{"Ort":[{"x":-1,"y":0},{"x":-1,"y":-1},{"x":0,"y":-1}],"Typ":"Dorf"}}
2017-02-12 16:36:21.086 INFO  network.client.Client 180 receiveMsg - {"Serverantwort":"OK"}
2017-02-12 16:36:21.099 INFO  network.Interpreter 328 axialToEdgeOrCorner - [{"x":-1,"y":0},{"x":-1,"y":-1},{"x":0,"y":-1}]. {17, 23, 24}
2017-02-12 16:36:21.100 INFO  network.Interpreter 328 axialToEdgeOrCorner - [{"x":-1,"y":0},{"x":-1,"y":-1},{"x":0,"y":-1}]. {17, 23, 24}
2017-02-12 16:36:21.100 INFO  network.client.ClientListener 1102 build - Dorf - [{"x":-1,"y":0},{"x":-1,"y":-1},{"x":0,"y":-1}] - {17, 23, 24}
2017-02-12 16:36:21.100 INFO  network.client.Client 180 receiveMsg - {"Bauvorgang":{"Gebäude":{"Ort":[{"x":-1,"y":0},{"x":-1,"y":-1},{"x":0,"y":-1}],"Eigentümer":3,"Typ":"Dorf"}}}
2017-02-12 16:36:21.178 INFO  network.client.Client 180 receiveMsg - {"Ertrag":{"Rohstoffe":{"Holz":2,"Erz":1},"Spieler":3}}
2017-02-12 16:36:21.191 INFO  network.client.Client 180 receiveMsg - {"Statusupdate":{"Spieler":{"Status":"Straße bauen","Rittermacht":0,"Farbe":"Weiß","Längste Handelsstraße":false,"Siegpunkte":2,"Rohstoffe":{"Getreide":0,"Wolle":0,"Holz":2,"Lehm":0,"Erz":1},"id":3,"Entwicklungskarten":{"Straßenbau":0,"Erfindung":0,"Monopol":0,"Ritter":0,"Siegpunkt":0},"Name":"chris","Größte Rittermacht":false}}}
2017-02-12 16:36:22.028 INFO  network.client.Client 153 sendMsg - {"Bauen":{"Ort":[{"x":-1,"y":-1},{"x":0,"y":-1}],"Typ":"Straße"}}
2017-02-12 16:36:22.030 INFO  network.client.Client 180 receiveMsg - {"Serverantwort":"OK"}
2017-02-12 16:36:22.042 INFO  network.Interpreter 328 axialToEdgeOrCorner - [{"x":-1,"y":-1},{"x":0,"y":-1}]. {23, 24}
2017-02-12 16:36:22.042 INFO  network.Interpreter 328 axialToEdgeOrCorner - [{"x":-1,"y":-1},{"x":0,"y":-1}]. {23, 24}
2017-02-12 16:36:22.043 INFO  network.client.ClientListener 1102 build - Straße - [{"x":-1,"y":-1},{"x":0,"y":-1}] - {23, 24}
2017-02-12 16:36:22.043 INFO  network.client.Client 180 receiveMsg - {"Bauvorgang":{"Gebäude":{"Ort":[{"x":-1,"y":-1},{"x":0,"y":-1}],"Eigentümer":3,"Typ":"Straße"}}}
2017-02-12 16:36:22.117 INFO  network.client.Client 180 receiveMsg - {"Statusupdate":{"Spieler":{"Status":"Warten","Rittermacht":0,"Farbe":"Weiß","Längste Handelsstraße":false,"Siegpunkte":2,"Rohstoffe":{"Getreide":0,"Wolle":0,"Holz":2,"Lehm":0,"Erz":1},"id":3,"Entwicklungskarten":{"Straßenbau":0,"Erfindung":0,"Monopol":0,"Ritter":0,"Siegpunkt":0},"Name":"chris","Größte Rittermacht":false}}}
2017-02-12 16:36:22.132 INFO  network.client.Client 180 receiveMsg - {"Statusupdate":{"Spieler":{"Status":"Dorf bauen","Rittermacht":0,"Farbe":"Blau","Längste Handelsstraße":false,"Siegpunkte":1,"Rohstoffe":{"Unbekannt":0},"id":1,"Entwicklungskarten":{"Unbekannt":0},"Name":"KI (1)","Größte Rittermacht":false}}}
2017-02-12 16:36:22.316 INFO  network.Interpreter 328 axialToEdgeOrCorner - [{"x":0,"y":2},{"x":0,"y":1},{"x":1,"y":1}]. {7, 12, 13}
2017-02-12 16:36:22.317 INFO  network.Interpreter 328 axialToEdgeOrCorner - [{"x":0,"y":2},{"x":0,"y":1},{"x":1,"y":1}]. {7, 12, 13}
2017-02-12 16:36:22.317 INFO  network.client.ClientListener 1102 build - Dorf - [{"x":0,"y":2},{"x":0,"y":1},{"x":1,"y":1}] - {7, 12, 13}
2017-02-12 16:36:22.317 INFO  network.client.Client 180 receiveMsg - {"Bauvorgang":{"Gebäude":{"Ort":[{"x":0,"y":2},{"x":0,"y":1},{"x":1,"y":1}],"Eigentümer":1,"Typ":"Dorf"}}}
2017-02-12 16:36:22.334 INFO  network.client.Client 180 receiveMsg - {"Ertrag":{"Rohstoffe":{"Wolle":1,"Holz":1,"Lehm":1},"Spieler":1}}
2017-02-12 16:36:22.407 INFO  network.client.Client 180 receiveMsg - {"Statusupdate":{"Spieler":{"Status":"Straße bauen","Rittermacht":0,"Farbe":"Blau","Längste Handelsstraße":false,"Siegpunkte":2,"Rohstoffe":{"Unbekannt":3},"id":1,"Entwicklungskarten":{"Unbekannt":0},"Name":"KI (1)","Größte Rittermacht":false}}}
2017-02-12 16:36:22.745 INFO  network.Interpreter 328 axialToEdgeOrCorner - [{"x":0,"y":2},{"x":1,"y":1}]. {7, 13}
2017-02-12 16:36:22.745 INFO  network.Interpreter 328 axialToEdgeOrCorner - [{"x":0,"y":2},{"x":1,"y":1}]. {7, 13}
2017-02-12 16:36:22.745 INFO  network.client.ClientListener 1102 build - Straße - [{"x":0,"y":2},{"x":1,"y":1}] - {7, 13}
2017-02-12 16:36:22.746 INFO  network.client.Client 180 receiveMsg - {"Bauvorgang":{"Gebäude":{"Ort":[{"x":0,"y":2},{"x":1,"y":1}],"Eigentümer":1,"Typ":"Straße"}}}
2017-02-12 16:36:22.758 INFO  network.client.Client 180 receiveMsg - {"Statusupdate":{"Spieler":{"Status":"Würfeln","Rittermacht":0,"Farbe":"Blau","Längste Handelsstraße":false,"Siegpunkte":2,"Rohstoffe":{"Unbekannt":3},"id":1,"Entwicklungskarten":{"Unbekannt":0},"Name":"KI (1)","Größte Rittermacht":false}}}
2017-02-12 16:36:23.000 INFO  network.client.Client 180 receiveMsg - {"Würfelwurf":{"Spieler":1,"Wurf":[6,4]}}
2017-02-12 16:36:23.017 INFO  network.client.Client 180 receiveMsg - {"Ertrag":{"Rohstoffe":{"Lehm":1},"Spieler":1}}
2017-02-12 16:36:23.089 INFO  network.client.Client 180 receiveMsg - {"Ertrag":{"Rohstoffe":{"Erz":1},"Spieler":2}}
2017-02-12 16:36:23.107 INFO  network.client.Client 180 receiveMsg - {"Statusupdate":{"Spieler":{"Status":"Handeln oder Bauen","Rittermacht":0,"Farbe":"Blau","Längste Handelsstraße":false,"Siegpunkte":2,"Rohstoffe":{"Unbekannt":4},"id":1,"Entwicklungskarten":{"Unbekannt":0},"Name":"KI (1)","Größte Rittermacht":false}}}
2017-02-12 16:36:24.140 INFO  network.Interpreter 328 axialToEdgeOrCorner - [{"x":1,"y":2},{"x":1,"y":1}]. {8, 13}
2017-02-12 16:36:24.141 INFO  network.Interpreter 328 axialToEdgeOrCorner - [{"x":1,"y":2},{"x":1,"y":1}]. {8, 13}
2017-02-12 16:36:24.141 INFO  network.client.ClientListener 1102 build - Straße - [{"x":1,"y":2},{"x":1,"y":1}] - {8, 13}
2017-02-12 16:36:24.141 INFO  network.client.Client 180 receiveMsg - {"Bauvorgang":{"Gebäude":{"Ort":[{"x":1,"y":2},{"x":1,"y":1}],"Eigentümer":1,"Typ":"Straße"}}}
2017-02-12 16:36:24.151 INFO  network.client.Client 180 receiveMsg - {"Kosten":{"Rohstoffe":{"Unbekannt":2},"Spieler":1}}
2017-02-12 16:36:24.231 INFO  network.client.Client 180 receiveMsg - {"Statusupdate":{"Spieler":{"Status":"Handeln oder Bauen","Rittermacht":0,"Farbe":"Blau","Längste Handelsstraße":false,"Siegpunkte":2,"Rohstoffe":{"Unbekannt":2},"id":1,"Entwicklungskarten":{"Unbekannt":0},"Name":"KI (1)","Größte Rittermacht":false}}}
2017-02-12 16:36:24.634 INFO  network.client.Client 180 receiveMsg - {"Statusupdate":{"Spieler":{"Status":"Warten","Rittermacht":0,"Farbe":"Blau","Längste Handelsstraße":false,"Siegpunkte":2,"Rohstoffe":{"Unbekannt":2},"id":1,"Entwicklungskarten":{"Unbekannt":0},"Name":"KI (1)","Größte Rittermacht":false}}}
2017-02-12 16:36:24.642 INFO  network.client.Client 180 receiveMsg - {"Statusupdate":{"Spieler":{"Status":"Würfeln","Rittermacht":0,"Farbe":"Weiß","Längste Handelsstraße":false,"Siegpunkte":2,"Rohstoffe":{"Getreide":0,"Wolle":0,"Holz":2,"Lehm":0,"Erz":1},"id":3,"Entwicklungskarten":{"Straßenbau":0,"Erfindung":0,"Monopol":0,"Ritter":0,"Siegpunkt":0},"Name":"chris","Größte Rittermacht":false}}}
2017-02-12 16:36:25.799 INFO  network.client.Client 153 sendMsg - {"Würfeln":{}}
2017-02-12 16:36:25.800 INFO  network.client.Client 180 receiveMsg - {"Serverantwort":"OK"}
2017-02-12 16:36:25.811 INFO  network.client.Client 180 receiveMsg - {"Würfelwurf":{"Spieler":3,"Wurf":[6,3]}}
2017-02-12 16:36:25.890 INFO  network.client.Client 180 receiveMsg - {"Ertrag":{"Rohstoffe":{"Holz":1},"Spieler":1}}
2017-02-12 16:36:25.901 INFO  network.client.Client 180 receiveMsg - {"Statusupdate":{"Spieler":{"Status":"Handeln oder Bauen","Rittermacht":0,"Farbe":"Weiß","Längste Handelsstraße":false,"Siegpunkte":2,"Rohstoffe":{"Getreide":0,"Wolle":0,"Holz":2,"Lehm":0,"Erz":1},"id":3,"Entwicklungskarten":{"Straßenbau":0,"Erfindung":0,"Monopol":0,"Ritter":0,"Siegpunkt":0},"Name":"chris","Größte Rittermacht":false}}}
