2017-02-12 16:09:50.795 INFO  model.board.RandomBoard 129 setNumberTokensRandom - 
 outerTerrains :
{{20}=model.board.Forest@3584d01f, {13}=model.board.Hill@52197096, {6}=model.board.Hill@4c6f7850, {7}=model.board.Forest@2c1a4e29, {10}=model.board.Field@3f8d779d, {23}=model.board.Desert@26092d3a, {26}=model.board.Hill@11937c53, {29}=model.board.Mountain@6f86134e, {30}=model.board.Mountain@3be3b0bc, {16}=model.board.Forest@54ec2a07, {5}=model.board.Pasture@5e17b52d}
2017-02-12 16:09:50.799 INFO  model.board.Board 262 printBoardIDs - 
  null  null  null   {0}   {1}   {2}   {3}
  null  null   {4}   {5}   {6}   {7}   {8}
  null   {9}  {10}  {11}  {12}  {13}  {14}
  {15}  {16}  {17}  {18}  {19}  {20}  {21}
  {22}  {23}  {24}  {25}  {26}  {27}  null
  {28}  {29}  {30}  {31}  {32}  null  null
  {33}  {34}  {35}  {36}  null  null  null

2017-02-12 16:09:50.801 INFO  model.board.Board 339 printNumberTokens - 
  null  null  null  null  null  null  null
  null  null  null     9    10     8  null
  null  null    12     5     4     3  null
  null    11     6    11     9     6  null
  null     0     3    10     2  null  null
  null     4     8     5  null  null  null
  null  null  null  null  null  null  null

2017-02-12 16:09:50.804 INFO  model.board.Board 280 printBoardSpecialCo - 
(     )(     )(     )( 0,-3)( 1,-3)( 2,-3)( 3,-3)
(     )(     )(-1,-2)( 0,-2)( 1,-2)( 2,-2)( 3,-2)
(     )(-2,-1)(-1,-1)( 0,-1)( 1,-1)( 2,-1)( 3,-1)
(-3, 0)(-2, 0)(-1, 0)( 0, 0)( 1, 0)( 2, 0)( 3, 0)
(-3, 1)(-2, 1)(-1, 1)( 0, 1)( 1, 1)( 2, 1)(     )
(-3, 2)(-2, 2)(-1, 2)( 0, 2)( 1, 2)(     )(     )
(-3, 3)(-2, 3)(-1, 3)( 0, 3)(     )(     )(     )

2017-02-12 16:09:50.807 INFO  model.board.Board 300 printTileNeighbors - 
Row: 0
                          null : 
                          null : 
                          null : 
       model.board.Sea@154d1c2 : [model.board.Sea@2714f704, model.board.Pasture@5e17b52d, model.board.Sea@129d4df3]
      model.board.Sea@2714f704 : [model.board.Hill@4c6f7850, model.board.Pasture@5e17b52d, model.board.Sea@154d1c2, model.board.Sea@71403c50]
      model.board.Sea@71403c50 : [model.board.Sea@2714f704, model.board.Forest@2c1a4e29, model.board.Hill@4c6f7850, model.board.Sea@56bd397b]
      model.board.Sea@56bd397b : [model.board.Sea@5611587f, model.board.Forest@2c1a4e29, model.board.Sea@71403c50]
Row: 1
                          null : 
                          null : 
      model.board.Sea@129d4df3 : [model.board.Pasture@5e17b52d, model.board.Field@3f8d779d, model.board.Sea@2e9b659b, model.board.Sea@154d1c2]
  model.board.Pasture@5e17b52d : [model.board.Sea@2714f704, model.board.Hill@4c6f7850, model.board.Mountain@5ec96ea4, model.board.Field@3f8d779d, model.board.Sea@129d4df3, model.board.Sea@154d1c2]
     model.board.Hill@4c6f7850 : [model.board.Sea@2714f704, model.board.Forest@2c1a4e29, model.board.Field@6180f2e7, model.board.Mountain@5ec96ea4, model.board.Pasture@5e17b52d, model.board.Sea@71403c50]
   model.board.Forest@2c1a4e29 : [model.board.Sea@5611587f, model.board.Hill@52197096, model.board.Field@6180f2e7, model.board.Hill@4c6f7850, model.board.Sea@71403c50, model.board.Sea@56bd397b]
      model.board.Sea@5611587f : [model.board.Sea@3d0e8c08, model.board.Hill@52197096, model.board.Forest@2c1a4e29, model.board.Sea@56bd397b]
Row: 2
                          null : 
      model.board.Sea@2e9b659b : [model.board.Sea@129d4df3, model.board.Field@3f8d779d, model.board.Sea@48cc818f, model.board.Forest@54ec2a07]
    model.board.Field@3f8d779d : [model.board.Pasture@5d657a7c, model.board.Sea@129d4df3, model.board.Pasture@5e17b52d, model.board.Mountain@5ec96ea4, model.board.Sea@2e9b659b, model.board.Forest@54ec2a07]
 model.board.Mountain@5ec96ea4 : [model.board.Pasture@5d657a7c, model.board.Pasture@5e17b52d, model.board.Hill@4c6f7850, model.board.Field@6180f2e7, model.board.Field@3f8d779d, model.board.Forest@3b14acfd]
    model.board.Field@6180f2e7 : [model.board.Hill@4c6f7850, model.board.Forest@2c1a4e29, model.board.Hill@52197096, model.board.Mountain@5ec96ea4, model.board.Forest@3b14acfd, model.board.Field@7233095b]
     model.board.Hill@52197096 : [model.board.Forest@2c1a4e29, model.board.Sea@5611587f, model.board.Sea@3d0e8c08, model.board.Forest@3584d01f, model.board.Field@6180f2e7, model.board.Field@7233095b]
      model.board.Sea@3d0e8c08 : [model.board.Sea@5611587f, model.board.Sea@5edf3e6b, model.board.Forest@3584d01f, model.board.Hill@52197096]
Row: 3
      model.board.Sea@48cc818f : [model.board.Sea@2e9b659b, model.board.Sea@281f1956, model.board.Forest@54ec2a07]
   model.board.Forest@54ec2a07 : [model.board.Pasture@5d657a7c, model.board.Sea@2e9b659b, model.board.Field@3f8d779d, model.board.Desert@26092d3a, model.board.Sea@281f1956, model.board.Sea@48cc818f]
  model.board.Pasture@5d657a7c : [model.board.Field@3f8d779d, model.board.Mountain@5ec96ea4, model.board.Pasture@36f22bec, model.board.Desert@26092d3a, model.board.Forest@54ec2a07, model.board.Forest@3b14acfd]
   model.board.Forest@3b14acfd : [model.board.Pasture@5d657a7c, model.board.Mountain@5ec96ea4, model.board.Field@6180f2e7, model.board.Pasture@5c6195b8, model.board.Pasture@36f22bec, model.board.Field@7233095b]
    model.board.Field@7233095b : [model.board.Field@6180f2e7, model.board.Hill@52197096, model.board.Forest@3584d01f, model.board.Hill@11937c53, model.board.Pasture@5c6195b8, model.board.Forest@3b14acfd]
   model.board.Forest@3584d01f : [model.board.Hill@52197096, model.board.Sea@3d0e8c08, model.board.Sea@5edf3e6b, model.board.Sea@7bead439, model.board.Hill@11937c53, model.board.Field@7233095b]
      model.board.Sea@5edf3e6b : [model.board.Sea@3d0e8c08, model.board.Sea@7bead439, model.board.Forest@3584d01f]
Row: 4
      model.board.Sea@281f1956 : [model.board.Sea@48cc818f, model.board.Desert@26092d3a, model.board.Sea@2befb7bb, model.board.Forest@54ec2a07]
   model.board.Desert@26092d3a : [model.board.Pasture@5d657a7c, model.board.Pasture@36f22bec, model.board.Mountain@6f86134e, model.board.Sea@2befb7bb, model.board.Sea@281f1956, model.board.Forest@54ec2a07]
  model.board.Pasture@36f22bec : [model.board.Pasture@5d657a7c, model.board.Pasture@5c6195b8, model.board.Mountain@3be3b0bc, model.board.Mountain@6f86134e, model.board.Desert@26092d3a, model.board.Forest@3b14acfd]
  model.board.Pasture@5c6195b8 : [model.board.Hill@11937c53, model.board.Field@c655461, model.board.Mountain@3be3b0bc, model.board.Pasture@36f22bec, model.board.Forest@3b14acfd, model.board.Field@7233095b]
     model.board.Hill@11937c53 : [model.board.Forest@3584d01f, model.board.Sea@7bead439, model.board.Field@c655461, model.board.Pasture@5c6195b8, model.board.Sea@5cf9cc00, model.board.Field@7233095b]
      model.board.Sea@7bead439 : [model.board.Forest@3584d01f, model.board.Sea@5edf3e6b, model.board.Hill@11937c53, model.board.Sea@5cf9cc00]
                          null : 
Row: 5
      model.board.Sea@2befb7bb : [model.board.Sea@711f90ba, model.board.Sea@281f1956, model.board.Desert@26092d3a, model.board.Mountain@6f86134e]
 model.board.Mountain@6f86134e : [model.board.Sea@711f90ba, model.board.Desert@26092d3a, model.board.Pasture@36f22bec, model.board.Mountain@3be3b0bc, model.board.Sea@2befb7bb, model.board.Sea@271bb34d]
 model.board.Mountain@3be3b0bc : [model.board.Pasture@36f22bec, model.board.Pasture@5c6195b8, model.board.Field@c655461, model.board.Mountain@6f86134e, model.board.Sea@271bb34d, model.board.Sea@1fb3d93]
     model.board.Field@c655461 : [model.board.Pasture@5c6195b8, model.board.Hill@11937c53, model.board.Sea@13f07860, model.board.Mountain@3be3b0bc, model.board.Sea@5cf9cc00, model.board.Sea@1fb3d93]
      model.board.Sea@5cf9cc00 : [model.board.Hill@11937c53, model.board.Sea@7bead439, model.board.Sea@13f07860, model.board.Field@c655461]
                          null : 
                          null : 
Row: 6
      model.board.Sea@711f90ba : [model.board.Sea@2befb7bb, model.board.Mountain@6f86134e, model.board.Sea@271bb34d]
      model.board.Sea@271bb34d : [model.board.Sea@711f90ba, model.board.Mountain@6f86134e, model.board.Mountain@3be3b0bc, model.board.Sea@1fb3d93]
       model.board.Sea@1fb3d93 : [model.board.Mountain@3be3b0bc, model.board.Field@c655461, model.board.Sea@13f07860, model.board.Sea@271bb34d]
      model.board.Sea@13f07860 : [model.board.Field@c655461, model.board.Sea@5cf9cc00, model.board.Sea@1fb3d93]
                          null : 
                          null : 
                          null : 

2017-02-12 16:09:50.809 INFO  model.board.Board 321 printPorts - 
         {4} : GENERIC
        {36} : WOOL
         {1} : GENERIC
        {14} : BRICK
        {15} : ORE
        {27} : GENERIC
        {28} : GRAIN
        {34} : GENERIC
         {3} : LUMBER

{22, 23, 28} : GRAIN
{15, 16, 22} : ORE
   {1, 2, 6} : GENERIC
   {1, 5, 6} : GENERIC
  {4, 9, 10} : GENERIC
{13, 14, 20} : BRICK
{20, 26, 27} : GENERIC
{31, 32, 36} : WOOL
{31, 35, 36} : WOOL
 {8, 13, 14} : BRICK
{23, 28, 29} : GRAIN
 {9, 15, 16} : ORE
{26, 27, 32} : GENERIC
{29, 33, 34} : GENERIC
{29, 30, 34} : GENERIC
   {3, 7, 8} : LUMBER
   {2, 3, 7} : LUMBER
  {4, 5, 10} : GENERIC

2017-02-12 16:09:50.842 TRACE model.players.Ai 33 <init> - Enter model.players.Ai@1b98b6ed
2017-02-12 16:09:50.844 DEBUG model.players.Player 62 printPlayer - model.players.Ai@1b98b6ed
id        1         color     NULL      name                status    null      
vp        0         road      false     army      false     
dev       0         dice      0         
res       0         lumber    0         brick     0         grain     0         wool      0         ore       0         
dev       []
dev BLOCK []
Harbors   []
Roads          left      15        built     []
Settlements    left      5         built     []
Cities         left      4         built     []
2017-02-12 16:09:50.845 DEBUG model.players.Player 62 printPlayer - model.players.Ai@1b98b6ed
id        1         color     NULL      name                status    START_GAME
vp        0         road      false     army      false     
dev       0         dice      0         
res       0         lumber    0         brick     0         grain     0         wool      0         ore       0         
dev       []
dev BLOCK []
Harbors   []
Roads          left      15        built     []
Settlements    left      5         built     []
Cities         left      4         built     []
2017-02-12 16:09:50.912 TRACE model.players.Ai 33 <init> - Enter model.players.Ai@76771a70
2017-02-12 16:09:50.913 DEBUG model.players.Player 62 printPlayer - model.players.Ai@76771a70
id        2         color     NULL      name                status    null      
vp        0         road      false     army      false     
dev       0         dice      0         
res       0         lumber    0         brick     0         grain     0         wool      0         ore       0         
dev       []
dev BLOCK []
Harbors   []
Roads          left      15        built     []
Settlements    left      5         built     []
Cities         left      4         built     []
2017-02-12 16:09:50.914 DEBUG model.players.Player 62 printPlayer - model.players.Ai@76771a70
id        2         color     NULL      name                status    START_GAME
vp        0         road      false     army      false     
dev       0         dice      0         
res       0         lumber    0         brick     0         grain     0         wool      0         ore       0         
dev       []
dev BLOCK []
Harbors   []
Roads          left      15        built     []
Settlements    left      5         built     []
Cities         left      4         built     []
2017-02-12 16:09:51.339 DEBUG model.players.Player 62 printPlayer - model.players.Ai@1b98b6ed
id        1         color     BLUE      name      KI (1)    status    WAIT_FOR_GAME_START
vp        0         road      false     army      false     
dev       0         dice      0         
res       0         lumber    0         brick     0         grain     0         wool      0         ore       0         
dev       []
dev BLOCK []
Harbors   []
Roads          left      15        built     []
Settlements    left      5         built     []
Cities         left      4         built     []
2017-02-12 16:09:51.340 DEBUG model.Management 42 printManagement - model.Management@1e67a0e4
KI (1)    sum       0         lumber    0         brick     0         grain     0         wool      0         ore       0         
KI (2)    sum       0         lumber    0         brick     0         grain     0         wool      0         ore       0         
[ M ]     sum       95        lumber    19        brick     19        grain     19        wool      19        ore       19        
2017-02-12 16:09:51.503 DEBUG model.players.Player 62 printPlayer - model.players.Ai@76771a70
id        2         color     RED       name      KI (2)    status    WAIT_FOR_GAME_START
vp        0         road      false     army      false     
dev       0         dice      0         
res       0         lumber    0         brick     0         grain     0         wool      0         ore       0         
dev       []
dev BLOCK []
Harbors   []
Roads          left      15        built     []
Settlements    left      5         built     []
Cities         left      4         built     []
2017-02-12 16:09:51.504 DEBUG model.Management 42 printManagement - model.Management@1e67a0e4
KI (1)    sum       0         lumber    0         brick     0         grain     0         wool      0         ore       0         
KI (2)    sum       0         lumber    0         brick     0         grain     0         wool      0         ore       0         
[ M ]     sum       95        lumber    19        brick     19        grain     19        wool      19        ore       19        
2017-02-12 16:10:00.051 TRACE model.players.Human 11 <init> - Enter model.players.Human@2ec889b4
2017-02-12 16:10:00.052 DEBUG model.players.Player 62 printPlayer - model.players.Human@2ec889b4
id        3         color     NULL      name                status    null      
vp        0         road      false     army      false     
dev       0         dice      0         
res       0         lumber    0         brick     0         grain     0         wool      0         ore       0         
dev       []
dev BLOCK []
Harbors   []
Roads          left      15        built     []
Settlements    left      5         built     []
Cities         left      4         built     []
2017-02-12 16:10:00.053 DEBUG model.players.Player 62 printPlayer - model.players.Human@2ec889b4
id        3         color     NULL      name                status    START_GAME
vp        0         road      false     army      false     
dev       0         dice      0         
res       0         lumber    0         brick     0         grain     0         wool      0         ore       0         
dev       []
dev BLOCK []
Harbors   []
Roads          left      15        built     []
Settlements    left      5         built     []
Cities         left      4         built     []
2017-02-12 16:10:08.835 DEBUG model.players.Player 62 printPlayer - model.players.Human@2ec889b4
id        3         color     ORANGE    name      chrus     status    WAIT_FOR_GAME_START
vp        0         road      false     army      false     
dev       0         dice      0         
res       0         lumber    0         brick     0         grain     0         wool      0         ore       0         
dev       []
dev BLOCK []
Harbors   []
Roads          left      15        built     []
Settlements    left      5         built     []
Cities         left      4         built     []
2017-02-12 16:10:08.836 DEBUG model.Management 42 printManagement - model.Management@1e67a0e4
KI (1)    sum       0         lumber    0         brick     0         grain     0         wool      0         ore       0         
KI (2)    sum       0         lumber    0         brick     0         grain     0         wool      0         ore       0         
chrus     sum       0         lumber    0         brick     0         grain     0         wool      0         ore       0         
[ M ]     sum       95        lumber    19        brick     19        grain     19        wool      19        ore       19        
2017-02-12 16:10:08.869 INFO  model.Management 58 rollDices - 
 Dice [ 6, 3 ]
 Resources [ BRICK 19, LUMBER 19, ORE 19, GRAIN 19, WOOL 19 ]
2017-02-12 16:10:08.887 INFO  model.Management 58 rollDices - 
 Dice [ 5, 4 ]
 Resources [ BRICK 19, LUMBER 19, ORE 19, GRAIN 19, WOOL 19 ]
2017-02-12 16:10:08.905 INFO  model.Management 58 rollDices - 
 Dice [ 3, 5 ]
 Resources [ BRICK 19, LUMBER 19, ORE 19, GRAIN 19, WOOL 19 ]
2017-02-12 16:10:08.923 INFO  model.Management 58 rollDices - 
 Dice [ 1, 4 ]
 Resources [ BRICK 19, LUMBER 19, ORE 19, GRAIN 19, WOOL 19 ]
2017-02-12 16:10:08.942 INFO  model.Management 58 rollDices - 
 Dice [ 6, 4 ]
 Resources [ BRICK 19, LUMBER 19, ORE 19, GRAIN 19, WOOL 19 ]
2017-02-12 16:10:08.962 DEBUG model.players.Player 62 printPlayer - model.players.Human@2ec889b4
id        3         color     ORANGE    name      chrus     status    BUILD_SETTLEMENT
vp        0         road      false     army      false     
dev       0         dice      0         
res       0         lumber    0         brick     0         grain     0         wool      0         ore       0         
dev       []
dev BLOCK []
Harbors   []
Roads          left      15        built     []
Settlements    left      5         built     []
Cities         left      4         built     []
2017-02-12 16:10:08.963 DEBUG model.Management 42 printManagement - model.Management@1e67a0e4
KI (1)    sum       0         lumber    0         brick     0         grain     0         wool      0         ore       0         
KI (2)    sum       0         lumber    0         brick     0         grain     0         wool      0         ore       0         
chrus     sum       0         lumber    0         brick     0         grain     0         wool      0         ore       0         
[ M ]     sum       95        lumber    19        brick     19        grain     19        wool      19        ore       19        
2017-02-12 16:10:08.964 DEBUG model.players.Player 62 printPlayer - model.players.Ai@1b98b6ed
id        1         color     BLUE      name      KI (1)    status    WAIT      
vp        0         road      false     army      false     
dev       0         dice      0         
res       0         lumber    0         brick     0         grain     0         wool      0         ore       0         
dev       []
dev BLOCK []
Harbors   []
Roads          left      15        built     []
Settlements    left      5         built     []
Cities         left      4         built     []
2017-02-12 16:10:08.964 DEBUG model.Management 42 printManagement - model.Management@1e67a0e4
KI (1)    sum       0         lumber    0         brick     0         grain     0         wool      0         ore       0         
KI (2)    sum       0         lumber    0         brick     0         grain     0         wool      0         ore       0         
chrus     sum       0         lumber    0         brick     0         grain     0         wool      0         ore       0         
[ M ]     sum       95        lumber    19        brick     19        grain     19        wool      19        ore       19        
2017-02-12 16:10:08.978 DEBUG model.players.Player 62 printPlayer - model.players.Ai@76771a70
id        2         color     RED       name      KI (2)    status    WAIT      
vp        0         road      false     army      false     
dev       0         dice      0         
res       0         lumber    0         brick     0         grain     0         wool      0         ore       0         
dev       []
dev BLOCK []
Harbors   []
Roads          left      15        built     []
Settlements    left      5         built     []
Cities         left      4         built     []
2017-02-12 16:10:08.978 DEBUG model.Management 42 printManagement - model.Management@1e67a0e4
KI (1)    sum       0         lumber    0         brick     0         grain     0         wool      0         ore       0         
KI (2)    sum       0         lumber    0         brick     0         grain     0         wool      0         ore       0         
chrus     sum       0         lumber    0         brick     0         grain     0         wool      0         ore       0         
[ M ]     sum       95        lumber    19        brick     19        grain     19        wool      19        ore       19        
2017-02-12 16:11:49.123 DEBUG model.players.Player 62 printPlayer - model.players.Human@2ec889b4
id        3         color     ORANGE    name      chrus     status    CONNECTION_LOST
vp        0         road      false     army      false     
dev       0         dice      0         
res       0         lumber    0         brick     0         grain     0         wool      0         ore       0         
dev       []
dev BLOCK []
Harbors   []
Roads          left      15        built     []
Settlements    left      5         built     []
Cities         left      4         built     []
2017-02-12 16:11:49.124 DEBUG model.Management 42 printManagement - model.Management@1e67a0e4
KI (1)    sum       0         lumber    0         brick     0         grain     0         wool      0         ore       0         
KI (2)    sum       0         lumber    0         brick     0         grain     0         wool      0         ore       0         
chrus     sum       0         lumber    0         brick     0         grain     0         wool      0         ore       0         
[ M ]     sum       95        lumber    19        brick     19        grain     19        wool      19        ore       19        
