2017-02-12 16:09:50.816 INFO  network.server.Server 112 startUp - Started server...
hostname:   ChrisMacBookPro2016
ip:         192.168.2.106
port:       10003
2017-02-12 16:09:50.822 INFO  network.server.Server 136 run - 0
2017-02-12 16:09:50.822 INFO  network.client.Client 93 connect - Socket[addr=localhost/127.0.0.1,port=10003,localport=53870]
2017-02-12 16:09:50.824 INFO  network.server.ClientThread 221 setClientID - clientID: 1
2017-02-12 16:09:50.824 INFO  network.server.Server 142 run - Id: 1, Socket: Socket[addr=/127.0.0.1,port=53870,localport=10003]
2017-02-12 16:09:50.824 TRACE network.server.ClientThread 42 run - Enter
2017-02-12 16:09:50.826 WARN  network.client.ClientListener 386 writeToConsole - Case not covered!
2017-02-12 16:09:50.826 INFO  network.client.Client 104 connect - Connected to localhost, 10003
2017-02-12 16:09:50.833 INFO  network.server.ClientThread 126 msgThisClient -    1 > {"Hallo":{"Protokoll":"1.0","Version":"Catan-Server (DichteFideleForste"}}
2017-02-12 16:09:50.835 INFO  network.server.ClientThread 59 run -  < 1   {"Hallo":{"Version":"JavaFXClient 1.0 (DichteFideleLurche) (KI)"}}
2017-02-12 16:09:50.835 INFO  network.client.Client 153 sendMsg - {"Hallo":{"Version":"JavaFXClient 1.0 (DichteFideleLurche) (KI)"}}
2017-02-12 16:09:50.836 INFO  network.client.Client 169 receiveMsg - {"Hallo":{"Protokoll":"1.0","Version":"Catan-Server (DichteFideleForste"}}
2017-02-12 16:09:50.838 INFO  network.server.ClientThread 126 msgThisClient -    1 > {"Willkommen":{"id":1}}
2017-02-12 16:09:50.846 INFO  network.server.ClientThread 126 msgThisClient -    1 > {"Statusupdate":{"Spieler":{"Status":"Spiel starten","Rittermacht":0,"Längste Handelsstraße":false,"Siegpunkte":0,"Rohstoffe":{"Getreide":0,"Wolle":0,"Holz":0,"Lehm":0,"Erz":0},"id":1,"Entwicklungskarten":{"Straßenbau":0,"Erfindung":0,"Monopol":0,"Ritter":0,"Siegpunkt":0},"Größte Rittermacht":false}}}
2017-02-12 16:09:50.908 INFO  network.server.Server 136 run - 1
2017-02-12 16:09:50.908 INFO  network.client.Client 93 connect - Socket[addr=localhost/127.0.0.1,port=10003,localport=53871]
2017-02-12 16:09:50.909 INFO  network.server.ClientThread 221 setClientID - clientID: 2
2017-02-12 16:09:50.909 WARN  network.client.ClientListener 386 writeToConsole - Case not covered!
2017-02-12 16:09:50.909 INFO  network.server.Server 142 run - Id: 2, Socket: Socket[addr=/127.0.0.1,port=53871,localport=10003]
2017-02-12 16:09:50.909 INFO  network.client.Client 104 connect - Connected to localhost, 10003
2017-02-12 16:09:50.909 TRACE network.server.ClientThread 42 run - Enter
2017-02-12 16:09:50.910 INFO  network.server.ClientThread 126 msgThisClient -    2 > {"Hallo":{"Protokoll":"1.0","Version":"Catan-Server (DichteFideleForste"}}
2017-02-12 16:09:50.910 INFO  network.client.Client 153 sendMsg - {"Hallo":{"Version":"JavaFXClient 1.0 (DichteFideleLurche) (KI)"}}
2017-02-12 16:09:50.911 INFO  network.server.ClientThread 59 run -  < 2   {"Hallo":{"Version":"JavaFXClient 1.0 (DichteFideleLurche) (KI)"}}
2017-02-12 16:09:50.911 INFO  network.client.Client 169 receiveMsg - {"Hallo":{"Protokoll":"1.0","Version":"Catan-Server (DichteFideleForste"}}
2017-02-12 16:09:50.911 INFO  network.server.ClientThread 126 msgThisClient -    2 > {"Willkommen":{"id":2}}
2017-02-12 16:09:50.914 INFO  network.server.ClientThread 126 msgThisClient -    2 > {"Statusupdate":{"Spieler":{"Status":"Spiel starten","Rittermacht":0,"Längste Handelsstraße":false,"Siegpunkte":0,"Rohstoffe":{"Getreide":0,"Wolle":0,"Holz":0,"Lehm":0,"Erz":0},"id":2,"Entwicklungskarten":{"Straßenbau":0,"Erfindung":0,"Monopol":0,"Ritter":0,"Siegpunkt":0},"Größte Rittermacht":false}}}
2017-02-12 16:09:50.915 INFO  network.server.ClientThread 186 msgAllButThisClient -    1 > {"Statusupdate":{"Spieler":{"Status":"Spiel starten","Rittermacht":0,"Längste Handelsstraße":false,"Siegpunkte":0,"Rohstoffe":{"Unbekannt":0},"id":2,"Entwicklungskarten":{"Unbekannt":0},"Größte Rittermacht":false}}}
2017-02-12 16:09:50.922 INFO  network.server.ClientThread 126 msgThisClient -    2 > {"Statusupdate":{"Spieler":{"Status":"Spiel starten","Rittermacht":0,"Längste Handelsstraße":false,"Siegpunkte":0,"Rohstoffe":{"Unbekannt":0},"id":1,"Entwicklungskarten":{"Unbekannt":0},"Größte Rittermacht":false}}}
2017-02-12 16:09:51.004 INFO  network.client.Client 169 receiveMsg - {"Willkommen":{"id":1}}
2017-02-12 16:09:51.079 INFO  network.client.Client 169 receiveMsg - {"Willkommen":{"id":2}}
2017-02-12 16:09:51.088 INFO  network.server.ClientThread 59 run -  < 1   {"Spieler":{"Farbe":"Blau","Name":"KI (1)"}}
2017-02-12 16:09:51.088 INFO  network.client.Client 153 sendMsg - {"Spieler":{"Farbe":"Blau","Name":"KI (1)"}}
2017-02-12 16:09:51.089 INFO  network.client.Client 169 receiveMsg - {"Statusupdate":{"Spieler":{"Status":"Spiel starten","Rittermacht":0,"Längste Handelsstraße":false,"Siegpunkte":0,"Rohstoffe":{"Getreide":0,"Wolle":0,"Holz":0,"Lehm":0,"Erz":0},"id":1,"Entwicklungskarten":{"Straßenbau":0,"Erfindung":0,"Monopol":0,"Ritter":0,"Siegpunkt":0},"Größte Rittermacht":false}}}
2017-02-12 16:09:51.089 INFO  network.server.ClientThread 126 msgThisClient -    1 > {"Serverantwort":"OK"}
2017-02-12 16:09:51.090 INFO  network.server.ClientThread 126 msgThisClient -    1 > {"Statusupdate":{"Spieler":{"Status":"Spiel starten","Rittermacht":0,"Farbe":"Blau","Längste Handelsstraße":false,"Siegpunkte":0,"Rohstoffe":{"Getreide":0,"Wolle":0,"Holz":0,"Lehm":0,"Erz":0},"id":1,"Entwicklungskarten":{"Straßenbau":0,"Erfindung":0,"Monopol":0,"Ritter":0,"Siegpunkt":0},"Name":"KI (1)","Größte Rittermacht":false}}}
2017-02-12 16:09:51.090 INFO  network.server.ClientThread 186 msgAllButThisClient -    2 > {"Statusupdate":{"Spieler":{"Status":"Spiel starten","Rittermacht":0,"Farbe":"Blau","Längste Handelsstraße":false,"Siegpunkte":0,"Rohstoffe":{"Unbekannt":0},"id":1,"Entwicklungskarten":{"Unbekannt":0},"Name":"KI (1)","Größte Rittermacht":false}}}
2017-02-12 16:09:51.162 INFO  network.server.ClientThread 59 run -  < 2   {"Spieler":{"Farbe":"Rot","Name":"KI (2)"}}
2017-02-12 16:09:51.162 INFO  network.client.Client 153 sendMsg - {"Spieler":{"Farbe":"Rot","Name":"KI (2)"}}
2017-02-12 16:09:51.163 INFO  network.client.Client 169 receiveMsg - {"Statusupdate":{"Spieler":{"Status":"Spiel starten","Rittermacht":0,"Längste Handelsstraße":false,"Siegpunkte":0,"Rohstoffe":{"Getreide":0,"Wolle":0,"Holz":0,"Lehm":0,"Erz":0},"id":2,"Entwicklungskarten":{"Straßenbau":0,"Erfindung":0,"Monopol":0,"Ritter":0,"Siegpunkt":0},"Größte Rittermacht":false}}}
2017-02-12 16:09:51.164 INFO  network.server.ClientThread 126 msgThisClient -    2 > {"Serverantwort":"OK"}
2017-02-12 16:09:51.164 INFO  network.server.ClientThread 126 msgThisClient -    2 > {"Statusupdate":{"Spieler":{"Status":"Spiel starten","Rittermacht":0,"Farbe":"Rot","Längste Handelsstraße":false,"Siegpunkte":0,"Rohstoffe":{"Getreide":0,"Wolle":0,"Holz":0,"Lehm":0,"Erz":0},"id":2,"Entwicklungskarten":{"Straßenbau":0,"Erfindung":0,"Monopol":0,"Ritter":0,"Siegpunkt":0},"Name":"KI (2)","Größte Rittermacht":false}}}
2017-02-12 16:09:51.165 INFO  network.server.ClientThread 186 msgAllButThisClient -    1 > {"Statusupdate":{"Spieler":{"Status":"Spiel starten","Rittermacht":0,"Farbe":"Rot","Längste Handelsstraße":false,"Siegpunkte":0,"Rohstoffe":{"Unbekannt":0},"id":2,"Entwicklungskarten":{"Unbekannt":0},"Name":"KI (2)","Größte Rittermacht":false}}}
2017-02-12 16:09:51.171 INFO  network.client.Client 169 receiveMsg - {"Statusupdate":{"Spieler":{"Status":"Spiel starten","Rittermacht":0,"Längste Handelsstraße":false,"Siegpunkte":0,"Rohstoffe":{"Unbekannt":0},"id":2,"Entwicklungskarten":{"Unbekannt":0},"Größte Rittermacht":false}}}
2017-02-12 16:09:51.248 INFO  network.client.Client 169 receiveMsg - {"Statusupdate":{"Spieler":{"Status":"Spiel starten","Rittermacht":0,"Längste Handelsstraße":false,"Siegpunkte":0,"Rohstoffe":{"Unbekannt":0},"id":1,"Entwicklungskarten":{"Unbekannt":0},"Größte Rittermacht":false}}}
2017-02-12 16:09:51.253 WARN  network.client.ClientListener 249 handleMsg - Case not covered!
2017-02-12 16:09:51.253 INFO  network.client.Client 169 receiveMsg - {"Serverantwort":"OK"}
2017-02-12 16:09:51.333 INFO  network.client.Client 169 receiveMsg - {"Statusupdate":{"Spieler":{"Status":"Spiel starten","Rittermacht":0,"Farbe":"Blau","Längste Handelsstraße":false,"Siegpunkte":0,"Rohstoffe":{"Unbekannt":0},"id":1,"Entwicklungskarten":{"Unbekannt":0},"Name":"KI (1)","Größte Rittermacht":false}}}
2017-02-12 16:09:51.337 INFO  network.client.Client 153 sendMsg - {"Spiel starten":{}}
2017-02-12 16:09:51.337 INFO  network.server.ClientThread 59 run -  < 1   {"Spiel starten":{}}
2017-02-12 16:09:51.337 INFO  network.client.Client 169 receiveMsg - {"Statusupdate":{"Spieler":{"Status":"Spiel starten","Rittermacht":0,"Farbe":"Blau","Längste Handelsstraße":false,"Siegpunkte":0,"Rohstoffe":{"Getreide":0,"Wolle":0,"Holz":0,"Lehm":0,"Erz":0},"id":1,"Entwicklungskarten":{"Straßenbau":0,"Erfindung":0,"Monopol":0,"Ritter":0,"Siegpunkt":0},"Name":"KI (1)","Größte Rittermacht":false}}}
2017-02-12 16:09:51.340 INFO  network.server.ClientThread 126 msgThisClient -    1 > {"Serverantwort":"OK"}
2017-02-12 16:09:51.341 INFO  network.server.ClientThread 126 msgThisClient -    1 > {"Statusupdate":{"Spieler":{"Status":"Wartet auf Spielbeginn","Rittermacht":0,"Farbe":"Blau","Längste Handelsstraße":false,"Siegpunkte":0,"Rohstoffe":{"Getreide":0,"Wolle":0,"Holz":0,"Lehm":0,"Erz":0},"id":1,"Entwicklungskarten":{"Straßenbau":0,"Erfindung":0,"Monopol":0,"Ritter":0,"Siegpunkt":0},"Name":"KI (1)","Größte Rittermacht":false}}}
2017-02-12 16:09:51.341 INFO  network.server.ClientThread 186 msgAllButThisClient -    2 > {"Statusupdate":{"Spieler":{"Status":"Wartet auf Spielbeginn","Rittermacht":0,"Farbe":"Blau","Längste Handelsstraße":false,"Siegpunkte":0,"Rohstoffe":{"Unbekannt":0},"id":1,"Entwicklungskarten":{"Unbekannt":0},"Name":"KI (1)","Größte Rittermacht":false}}}
2017-02-12 16:09:51.416 WARN  network.client.ClientListener 249 handleMsg - Case not covered!
2017-02-12 16:09:51.416 INFO  network.client.Client 169 receiveMsg - {"Serverantwort":"OK"}
2017-02-12 16:09:51.422 INFO  network.client.Client 169 receiveMsg - {"Statusupdate":{"Spieler":{"Status":"Spiel starten","Rittermacht":0,"Farbe":"Rot","Längste Handelsstraße":false,"Siegpunkte":0,"Rohstoffe":{"Unbekannt":0},"id":2,"Entwicklungskarten":{"Unbekannt":0},"Name":"KI (2)","Größte Rittermacht":false}}}
2017-02-12 16:09:51.501 INFO  network.client.Client 153 sendMsg - {"Spiel starten":{}}
2017-02-12 16:09:51.501 INFO  network.server.ClientThread 59 run -  < 2   {"Spiel starten":{}}
2017-02-12 16:09:51.501 INFO  network.client.Client 169 receiveMsg - {"Statusupdate":{"Spieler":{"Status":"Spiel starten","Rittermacht":0,"Farbe":"Rot","Längste Handelsstraße":false,"Siegpunkte":0,"Rohstoffe":{"Getreide":0,"Wolle":0,"Holz":0,"Lehm":0,"Erz":0},"id":2,"Entwicklungskarten":{"Straßenbau":0,"Erfindung":0,"Monopol":0,"Ritter":0,"Siegpunkt":0},"Name":"KI (2)","Größte Rittermacht":false}}}
2017-02-12 16:09:51.504 INFO  network.server.ClientThread 126 msgThisClient -    2 > {"Serverantwort":"OK"}
2017-02-12 16:09:51.504 INFO  network.server.ClientThread 126 msgThisClient -    2 > {"Statusupdate":{"Spieler":{"Status":"Wartet auf Spielbeginn","Rittermacht":0,"Farbe":"Rot","Längste Handelsstraße":false,"Siegpunkte":0,"Rohstoffe":{"Getreide":0,"Wolle":0,"Holz":0,"Lehm":0,"Erz":0},"id":2,"Entwicklungskarten":{"Straßenbau":0,"Erfindung":0,"Monopol":0,"Ritter":0,"Siegpunkt":0},"Name":"KI (2)","Größte Rittermacht":false}}}
2017-02-12 16:09:51.505 INFO  network.server.ClientThread 186 msgAllButThisClient -    1 > {"Statusupdate":{"Spieler":{"Status":"Wartet auf Spielbeginn","Rittermacht":0,"Farbe":"Rot","Längste Handelsstraße":false,"Siegpunkte":0,"Rohstoffe":{"Unbekannt":0},"id":2,"Entwicklungskarten":{"Unbekannt":0},"Name":"KI (2)","Größte Rittermacht":false}}}
2017-02-12 16:09:51.506 WARN  network.client.ClientListener 249 handleMsg - Case not covered!
2017-02-12 16:09:51.506 INFO  network.client.Client 169 receiveMsg - {"Serverantwort":"OK"}
2017-02-12 16:09:51.587 WARN  network.client.ClientListener 766 internalAi - Case not covered!
2017-02-12 16:09:51.587 INFO  network.client.Client 169 receiveMsg - {"Statusupdate":{"Spieler":{"Status":"Wartet auf Spielbeginn","Rittermacht":0,"Farbe":"Blau","Längste Handelsstraße":false,"Siegpunkte":0,"Rohstoffe":{"Unbekannt":0},"id":1,"Entwicklungskarten":{"Unbekannt":0},"Name":"KI (1)","Größte Rittermacht":false}}}
2017-02-12 16:09:51.591 WARN  network.client.ClientListener 766 internalAi - Case not covered!
2017-02-12 16:09:51.592 INFO  network.client.Client 169 receiveMsg - {"Statusupdate":{"Spieler":{"Status":"Wartet auf Spielbeginn","Rittermacht":0,"Farbe":"Blau","Längste Handelsstraße":false,"Siegpunkte":0,"Rohstoffe":{"Getreide":0,"Wolle":0,"Holz":0,"Lehm":0,"Erz":0},"id":1,"Entwicklungskarten":{"Straßenbau":0,"Erfindung":0,"Monopol":0,"Ritter":0,"Siegpunkt":0},"Name":"KI (1)","Größte Rittermacht":false}}}
2017-02-12 16:09:51.671 WARN  network.client.ClientListener 249 handleMsg - Case not covered!
2017-02-12 16:09:51.672 INFO  network.client.Client 169 receiveMsg - {"Serverantwort":"OK"}
2017-02-12 16:09:51.676 WARN  network.client.ClientListener 766 internalAi - Case not covered!
2017-02-12 16:09:51.677 INFO  network.client.Client 169 receiveMsg - {"Statusupdate":{"Spieler":{"Status":"Wartet auf Spielbeginn","Rittermacht":0,"Farbe":"Rot","Längste Handelsstraße":false,"Siegpunkte":0,"Rohstoffe":{"Unbekannt":0},"id":2,"Entwicklungskarten":{"Unbekannt":0},"Name":"KI (2)","Größte Rittermacht":false}}}
2017-02-12 16:09:51.755 WARN  network.client.ClientListener 766 internalAi - Case not covered!
2017-02-12 16:09:51.755 INFO  network.client.Client 169 receiveMsg - {"Statusupdate":{"Spieler":{"Status":"Wartet auf Spielbeginn","Rittermacht":0,"Farbe":"Rot","Längste Handelsstraße":false,"Siegpunkte":0,"Rohstoffe":{"Getreide":0,"Wolle":0,"Holz":0,"Lehm":0,"Erz":0},"id":2,"Entwicklungskarten":{"Straßenbau":0,"Erfindung":0,"Monopol":0,"Ritter":0,"Siegpunkt":0},"Name":"KI (2)","Größte Rittermacht":false}}}
2017-02-12 16:10:00.032 INFO  network.server.Server 136 run - 2
2017-02-12 16:10:00.032 INFO  network.server.ClientThread 221 setClientID - clientID: 3
2017-02-12 16:10:00.033 INFO  network.server.Server 142 run - Id: 3, Socket: Socket[addr=/192.168.2.106,port=53872,localport=10003]
2017-02-12 16:10:00.033 TRACE network.server.ClientThread 42 run - Enter
2017-02-12 16:10:00.033 INFO  network.server.ClientThread 126 msgThisClient -    3 > {"Hallo":{"Protokoll":"1.0","Version":"Catan-Server (DichteFideleForste"}}
2017-02-12 16:10:00.049 INFO  network.server.ClientThread 59 run -  < 3   {"Hallo":{"Version":"JavaFXClient 1.0 (DichteFideleLurche)"}}
2017-02-12 16:10:00.050 INFO  network.server.ClientThread 126 msgThisClient -    3 > {"Willkommen":{"id":3}}
2017-02-12 16:10:00.054 INFO  network.server.ClientThread 126 msgThisClient -    3 > {"Statusupdate":{"Spieler":{"Status":"Spiel starten","Rittermacht":0,"Längste Handelsstraße":false,"Siegpunkte":0,"Rohstoffe":{"Getreide":0,"Wolle":0,"Holz":0,"Lehm":0,"Erz":0},"id":3,"Entwicklungskarten":{"Straßenbau":0,"Erfindung":0,"Monopol":0,"Ritter":0,"Siegpunkt":0},"Größte Rittermacht":false}}}
2017-02-12 16:10:00.054 INFO  network.server.ClientThread 186 msgAllButThisClient -    1 > {"Statusupdate":{"Spieler":{"Status":"Spiel starten","Rittermacht":0,"Längste Handelsstraße":false,"Siegpunkte":0,"Rohstoffe":{"Unbekannt":0},"id":3,"Entwicklungskarten":{"Unbekannt":0},"Größte Rittermacht":false}}}
2017-02-12 16:10:00.054 INFO  network.client.Client 169 receiveMsg - {"Statusupdate":{"Spieler":{"Status":"Spiel starten","Rittermacht":0,"Längste Handelsstraße":false,"Siegpunkte":0,"Rohstoffe":{"Unbekannt":0},"id":3,"Entwicklungskarten":{"Unbekannt":0},"Größte Rittermacht":false}}}
2017-02-12 16:10:00.061 INFO  network.server.ClientThread 186 msgAllButThisClient -    2 > {"Statusupdate":{"Spieler":{"Status":"Spiel starten","Rittermacht":0,"Längste Handelsstraße":false,"Siegpunkte":0,"Rohstoffe":{"Unbekannt":0},"id":3,"Entwicklungskarten":{"Unbekannt":0},"Größte Rittermacht":false}}}
2017-02-12 16:10:00.061 INFO  network.client.Client 169 receiveMsg - {"Statusupdate":{"Spieler":{"Status":"Spiel starten","Rittermacht":0,"Längste Handelsstraße":false,"Siegpunkte":0,"Rohstoffe":{"Unbekannt":0},"id":3,"Entwicklungskarten":{"Unbekannt":0},"Größte Rittermacht":false}}}
2017-02-12 16:10:00.067 INFO  network.server.ClientThread 126 msgThisClient -    3 > {"Statusupdate":{"Spieler":{"Status":"Wartet auf Spielbeginn","Rittermacht":0,"Farbe":"Blau","Längste Handelsstraße":false,"Siegpunkte":0,"Rohstoffe":{"Unbekannt":0},"id":1,"Entwicklungskarten":{"Unbekannt":0},"Name":"KI (1)","Größte Rittermacht":false}}}
2017-02-12 16:10:00.067 INFO  network.server.ClientThread 126 msgThisClient -    3 > {"Statusupdate":{"Spieler":{"Status":"Wartet auf Spielbeginn","Rittermacht":0,"Farbe":"Rot","Längste Handelsstraße":false,"Siegpunkte":0,"Rohstoffe":{"Unbekannt":0},"id":2,"Entwicklungskarten":{"Unbekannt":0},"Name":"KI (2)","Größte Rittermacht":false}}}
2017-02-12 16:10:07.520 INFO  network.server.ClientThread 59 run -  < 3   {"Spieler":{"Farbe":"Orange","Name":"chrus"}}
2017-02-12 16:10:07.521 INFO  network.server.ClientThread 126 msgThisClient -    3 > {"Serverantwort":"OK"}
2017-02-12 16:10:07.522 INFO  network.server.ClientThread 126 msgThisClient -    3 > {"Statusupdate":{"Spieler":{"Status":"Spiel starten","Rittermacht":0,"Farbe":"Orange","Längste Handelsstraße":false,"Siegpunkte":0,"Rohstoffe":{"Getreide":0,"Wolle":0,"Holz":0,"Lehm":0,"Erz":0},"id":3,"Entwicklungskarten":{"Straßenbau":0,"Erfindung":0,"Monopol":0,"Ritter":0,"Siegpunkt":0},"Name":"chrus","Größte Rittermacht":false}}}
2017-02-12 16:10:07.522 INFO  network.server.ClientThread 186 msgAllButThisClient -    1 > {"Statusupdate":{"Spieler":{"Status":"Spiel starten","Rittermacht":0,"Farbe":"Orange","Längste Handelsstraße":false,"Siegpunkte":0,"Rohstoffe":{"Unbekannt":0},"id":3,"Entwicklungskarten":{"Unbekannt":0},"Name":"chrus","Größte Rittermacht":false}}}
2017-02-12 16:10:07.522 INFO  network.client.Client 169 receiveMsg - {"Statusupdate":{"Spieler":{"Status":"Spiel starten","Rittermacht":0,"Farbe":"Orange","Längste Handelsstraße":false,"Siegpunkte":0,"Rohstoffe":{"Unbekannt":0},"id":3,"Entwicklungskarten":{"Unbekannt":0},"Name":"chrus","Größte Rittermacht":false}}}
2017-02-12 16:10:07.528 INFO  network.server.ClientThread 186 msgAllButThisClient -    2 > {"Statusupdate":{"Spieler":{"Status":"Spiel starten","Rittermacht":0,"Farbe":"Orange","Längste Handelsstraße":false,"Siegpunkte":0,"Rohstoffe":{"Unbekannt":0},"id":3,"Entwicklungskarten":{"Unbekannt":0},"Name":"chrus","Größte Rittermacht":false}}}
2017-02-12 16:10:07.528 INFO  network.client.Client 169 receiveMsg - {"Statusupdate":{"Spieler":{"Status":"Spiel starten","Rittermacht":0,"Farbe":"Orange","Längste Handelsstraße":false,"Siegpunkte":0,"Rohstoffe":{"Unbekannt":0},"id":3,"Entwicklungskarten":{"Unbekannt":0},"Name":"chrus","Größte Rittermacht":false}}}
2017-02-12 16:10:08.833 INFO  network.server.ClientThread 59 run -  < 3   {"Spiel starten":{}}
2017-02-12 16:10:08.836 INFO  network.server.ClientThread 126 msgThisClient -    3 > {"Serverantwort":"OK"}
2017-02-12 16:10:08.837 INFO  network.server.ClientThread 126 msgThisClient -    3 > {"Statusupdate":{"Spieler":{"Status":"Wartet auf Spielbeginn","Rittermacht":0,"Farbe":"Orange","Längste Handelsstraße":false,"Siegpunkte":0,"Rohstoffe":{"Getreide":0,"Wolle":0,"Holz":0,"Lehm":0,"Erz":0},"id":3,"Entwicklungskarten":{"Straßenbau":0,"Erfindung":0,"Monopol":0,"Ritter":0,"Siegpunkt":0},"Name":"chrus","Größte Rittermacht":false}}}
2017-02-12 16:10:08.837 INFO  network.server.ClientThread 186 msgAllButThisClient -    1 > {"Statusupdate":{"Spieler":{"Status":"Wartet auf Spielbeginn","Rittermacht":0,"Farbe":"Orange","Längste Handelsstraße":false,"Siegpunkte":0,"Rohstoffe":{"Unbekannt":0},"id":3,"Entwicklungskarten":{"Unbekannt":0},"Name":"chrus","Größte Rittermacht":false}}}
2017-02-12 16:10:08.838 WARN  network.client.ClientListener 766 internalAi - Case not covered!
2017-02-12 16:10:08.838 INFO  network.client.Client 169 receiveMsg - {"Statusupdate":{"Spieler":{"Status":"Wartet auf Spielbeginn","Rittermacht":0,"Farbe":"Orange","Längste Handelsstraße":false,"Siegpunkte":0,"Rohstoffe":{"Unbekannt":0},"id":3,"Entwicklungskarten":{"Unbekannt":0},"Name":"chrus","Größte Rittermacht":false}}}
2017-02-12 16:10:08.843 WARN  network.client.ClientListener 766 internalAi - Case not covered!
2017-02-12 16:10:08.843 INFO  network.server.ClientThread 186 msgAllButThisClient -    2 > {"Statusupdate":{"Spieler":{"Status":"Wartet auf Spielbeginn","Rittermacht":0,"Farbe":"Orange","Längste Handelsstraße":false,"Siegpunkte":0,"Rohstoffe":{"Unbekannt":0},"id":3,"Entwicklungskarten":{"Unbekannt":0},"Name":"chrus","Größte Rittermacht":false}}}
2017-02-12 16:10:08.844 INFO  network.client.Client 169 receiveMsg - {"Statusupdate":{"Spieler":{"Status":"Wartet auf Spielbeginn","Rittermacht":0,"Farbe":"Orange","Längste Handelsstraße":false,"Siegpunkte":0,"Rohstoffe":{"Unbekannt":0},"id":3,"Entwicklungskarten":{"Unbekannt":0},"Name":"chrus","Größte Rittermacht":false}}}
2017-02-12 16:10:08.852 INFO  network.server.ClientThread 153 msgAll -    1 > {"Spiel gestartet":{"Karte":{"Felder":[{"Ort":{"x":-3,"y":2},"Typ":"Meer"},{"Ort":{"x":2,"y":0},"Zahl":6,"Typ":"Wald"},{"Ort":{"x":3,"y":-3},"Typ":"Meer"},{"Ort":{"x":-2,"y":3},"Typ":"Meer"},{"Ort":{"x":-1,"y":0},"Zahl":6,"Typ":"Weideland"},{"Ort":{"x":0,"y":-3},"Typ":"Meer"},{"Ort":{"x":2,"y":1},"Typ":"Meer"},{"Ort":{"x":-3,"y":1},"Typ":"Meer"},{"Ort":{"x":-1,"y":2},"Zahl":10,"Typ":"Hügelland"},{"Ort":{"x":0,"y":2},"Zahl":8,"Typ":"Wald"},{"Ort":{"x":1,"y":2},"Typ":"Meer"},{"Ort":{"x":-2,"y":1},"Zahl":12,"Typ":"Ackerland"},{"Ort":{"x":2,"y":-2},"Zahl":5,"Typ":"Ackerland"},{"Ort":{"x":-1,"y":1},"Zahl":5,"Typ":"Gebirge"},{"Ort":{"x":0,"y":1},"Zahl":4,"Typ":"Ackerland"},{"Ort":{"x":1,"y":1},"Zahl":3,"Typ":"Hügelland"},{"Ort":{"x":-3,"y":0},"Typ":"Meer"},{"Ort":{"x":-2,"y":-1},"Typ":"Meer"},{"Ort":{"x":-1,"y":-1},"Typ":"Wüste"},{"Ort":{"x":0,"y":-1},"Zahl":3,"Typ":"Weideland"},{"Ort":{"x":1,"y":-1},"Zahl":10,"Typ":"Weideland"},{"Ort":{"x":2,"y":-1},"Zahl":2,"Typ":"Hügelland"},{"Ort":{"x":3,"y":-1},"Typ":"Meer"},{"Ort":{"x":-1,"y":-2},"Typ":"Meer"},{"Ort":{"x":0,"y":-2},"Zahl":4,"Typ":"Gebirge"},{"Ort":{"x":1,"y":-2},"Zahl":8,"Typ":"Gebirge"},{"Ort":{"x":-3,"y":3},"Typ":"Meer"},{"Ort":{"x":-2,"y":0},"Zahl":11,"Typ":"Wald"},{"Ort":{"x":3,"y":-2},"Typ":"Meer"},{"Ort":{"x":-1,"y":3},"Typ":"Meer"},{"Ort":{"x":0,"y":0},"Zahl":11,"Typ":"Wald"},{"Ort":{"x":1,"y":-3},"Typ":"Meer"},{"Ort":{"x":0,"y":3},"Typ":"Meer"},{"Ort":{"x":1,"y":0},"Zahl":9,"Typ":"Ackerland"},{"Ort":{"x":2,"y":-3},"Typ":"Meer"},{"Ort":{"x":-2,"y":2},"Zahl":9,"Typ":"Weideland"},{"Ort":{"x":3,"y":0},"Typ":"Meer"}],"Gebäude":[],"Häfen":[{"Ort":[{"x":-3,"y":2},{"x":-2,"y":1}],"Typ":"Hafen"},{"Ort":[{"x":2,"y":-2},{"x":3,"y":-3}],"Typ":"Wolle Hafen"},{"Ort":[{"x":-2,"y":3},{"x":-1,"y":2}],"Typ":"Hafen"},{"Ort":[{"x":1,"y":1},{"x":2,"y":1}],"Typ":"Lehm Hafen"},{"Ort":[{"x":-3,"y":0},{"x":-2,"y":0}],"Typ":"Erz Hafen"},{"Ort":[{"x":2,"y":-1},{"x":3,"y":-1}],"Typ":"Hafen"},{"Ort":[{"x":-1,"y":-1},{"x":-1,"y":-2}],"Typ":"Getreide Hafen"},{"Ort":[{"x":0,"y":-2},{"x":1,"y":-3}],"Typ":"Hafen"},{"Ort":[{"x":0,"y":3},{"x":0,"y":2}],"Typ":"Holz Hafen"}],"Räuber":{"x":-1,"y":-1}}}}
2017-02-12 16:10:08.858 INFO  network.server.ClientThread 153 msgAll -    2 > {"Spiel gestartet":{"Karte":{"Felder":[{"Ort":{"x":-3,"y":2},"Typ":"Meer"},{"Ort":{"x":2,"y":0},"Zahl":6,"Typ":"Wald"},{"Ort":{"x":3,"y":-3},"Typ":"Meer"},{"Ort":{"x":-2,"y":3},"Typ":"Meer"},{"Ort":{"x":-1,"y":0},"Zahl":6,"Typ":"Weideland"},{"Ort":{"x":0,"y":-3},"Typ":"Meer"},{"Ort":{"x":2,"y":1},"Typ":"Meer"},{"Ort":{"x":-3,"y":1},"Typ":"Meer"},{"Ort":{"x":-1,"y":2},"Zahl":10,"Typ":"Hügelland"},{"Ort":{"x":0,"y":2},"Zahl":8,"Typ":"Wald"},{"Ort":{"x":1,"y":2},"Typ":"Meer"},{"Ort":{"x":-2,"y":1},"Zahl":12,"Typ":"Ackerland"},{"Ort":{"x":2,"y":-2},"Zahl":5,"Typ":"Ackerland"},{"Ort":{"x":-1,"y":1},"Zahl":5,"Typ":"Gebirge"},{"Ort":{"x":0,"y":1},"Zahl":4,"Typ":"Ackerland"},{"Ort":{"x":1,"y":1},"Zahl":3,"Typ":"Hügelland"},{"Ort":{"x":-3,"y":0},"Typ":"Meer"},{"Ort":{"x":-2,"y":-1},"Typ":"Meer"},{"Ort":{"x":-1,"y":-1},"Typ":"Wüste"},{"Ort":{"x":0,"y":-1},"Zahl":3,"Typ":"Weideland"},{"Ort":{"x":1,"y":-1},"Zahl":10,"Typ":"Weideland"},{"Ort":{"x":2,"y":-1},"Zahl":2,"Typ":"Hügelland"},{"Ort":{"x":3,"y":-1},"Typ":"Meer"},{"Ort":{"x":-1,"y":-2},"Typ":"Meer"},{"Ort":{"x":0,"y":-2},"Zahl":4,"Typ":"Gebirge"},{"Ort":{"x":1,"y":-2},"Zahl":8,"Typ":"Gebirge"},{"Ort":{"x":-3,"y":3},"Typ":"Meer"},{"Ort":{"x":-2,"y":0},"Zahl":11,"Typ":"Wald"},{"Ort":{"x":3,"y":-2},"Typ":"Meer"},{"Ort":{"x":-1,"y":3},"Typ":"Meer"},{"Ort":{"x":0,"y":0},"Zahl":11,"Typ":"Wald"},{"Ort":{"x":1,"y":-3},"Typ":"Meer"},{"Ort":{"x":0,"y":3},"Typ":"Meer"},{"Ort":{"x":1,"y":0},"Zahl":9,"Typ":"Ackerland"},{"Ort":{"x":2,"y":-3},"Typ":"Meer"},{"Ort":{"x":-2,"y":2},"Zahl":9,"Typ":"Weideland"},{"Ort":{"x":3,"y":0},"Typ":"Meer"}],"Gebäude":[],"Häfen":[{"Ort":[{"x":-3,"y":2},{"x":-2,"y":1}],"Typ":"Hafen"},{"Ort":[{"x":2,"y":-2},{"x":3,"y":-3}],"Typ":"Wolle Hafen"},{"Ort":[{"x":-2,"y":3},{"x":-1,"y":2}],"Typ":"Hafen"},{"Ort":[{"x":1,"y":1},{"x":2,"y":1}],"Typ":"Lehm Hafen"},{"Ort":[{"x":-3,"y":0},{"x":-2,"y":0}],"Typ":"Erz Hafen"},{"Ort":[{"x":2,"y":-1},{"x":3,"y":-1}],"Typ":"Hafen"},{"Ort":[{"x":-1,"y":-1},{"x":-1,"y":-2}],"Typ":"Getreide Hafen"},{"Ort":[{"x":0,"y":-2},{"x":1,"y":-3}],"Typ":"Hafen"},{"Ort":[{"x":0,"y":3},{"x":0,"y":2}],"Typ":"Holz Hafen"}],"Räuber":{"x":-1,"y":-1}}}}
2017-02-12 16:10:08.863 INFO  network.server.ClientThread 153 msgAll -    3 > {"Spiel gestartet":{"Karte":{"Felder":[{"Ort":{"x":-3,"y":2},"Typ":"Meer"},{"Ort":{"x":2,"y":0},"Zahl":6,"Typ":"Wald"},{"Ort":{"x":3,"y":-3},"Typ":"Meer"},{"Ort":{"x":-2,"y":3},"Typ":"Meer"},{"Ort":{"x":-1,"y":0},"Zahl":6,"Typ":"Weideland"},{"Ort":{"x":0,"y":-3},"Typ":"Meer"},{"Ort":{"x":2,"y":1},"Typ":"Meer"},{"Ort":{"x":-3,"y":1},"Typ":"Meer"},{"Ort":{"x":-1,"y":2},"Zahl":10,"Typ":"Hügelland"},{"Ort":{"x":0,"y":2},"Zahl":8,"Typ":"Wald"},{"Ort":{"x":1,"y":2},"Typ":"Meer"},{"Ort":{"x":-2,"y":1},"Zahl":12,"Typ":"Ackerland"},{"Ort":{"x":2,"y":-2},"Zahl":5,"Typ":"Ackerland"},{"Ort":{"x":-1,"y":1},"Zahl":5,"Typ":"Gebirge"},{"Ort":{"x":0,"y":1},"Zahl":4,"Typ":"Ackerland"},{"Ort":{"x":1,"y":1},"Zahl":3,"Typ":"Hügelland"},{"Ort":{"x":-3,"y":0},"Typ":"Meer"},{"Ort":{"x":-2,"y":-1},"Typ":"Meer"},{"Ort":{"x":-1,"y":-1},"Typ":"Wüste"},{"Ort":{"x":0,"y":-1},"Zahl":3,"Typ":"Weideland"},{"Ort":{"x":1,"y":-1},"Zahl":10,"Typ":"Weideland"},{"Ort":{"x":2,"y":-1},"Zahl":2,"Typ":"Hügelland"},{"Ort":{"x":3,"y":-1},"Typ":"Meer"},{"Ort":{"x":-1,"y":-2},"Typ":"Meer"},{"Ort":{"x":0,"y":-2},"Zahl":4,"Typ":"Gebirge"},{"Ort":{"x":1,"y":-2},"Zahl":8,"Typ":"Gebirge"},{"Ort":{"x":-3,"y":3},"Typ":"Meer"},{"Ort":{"x":-2,"y":0},"Zahl":11,"Typ":"Wald"},{"Ort":{"x":3,"y":-2},"Typ":"Meer"},{"Ort":{"x":-1,"y":3},"Typ":"Meer"},{"Ort":{"x":0,"y":0},"Zahl":11,"Typ":"Wald"},{"Ort":{"x":1,"y":-3},"Typ":"Meer"},{"Ort":{"x":0,"y":3},"Typ":"Meer"},{"Ort":{"x":1,"y":0},"Zahl":9,"Typ":"Ackerland"},{"Ort":{"x":2,"y":-3},"Typ":"Meer"},{"Ort":{"x":-2,"y":2},"Zahl":9,"Typ":"Weideland"},{"Ort":{"x":3,"y":0},"Typ":"Meer"}],"Gebäude":[],"Häfen":[{"Ort":[{"x":-3,"y":2},{"x":-2,"y":1}],"Typ":"Hafen"},{"Ort":[{"x":2,"y":-2},{"x":3,"y":-3}],"Typ":"Wolle Hafen"},{"Ort":[{"x":-2,"y":3},{"x":-1,"y":2}],"Typ":"Hafen"},{"Ort":[{"x":1,"y":1},{"x":2,"y":1}],"Typ":"Lehm Hafen"},{"Ort":[{"x":-3,"y":0},{"x":-2,"y":0}],"Typ":"Erz Hafen"},{"Ort":[{"x":2,"y":-1},{"x":3,"y":-1}],"Typ":"Hafen"},{"Ort":[{"x":-1,"y":-1},{"x":-1,"y":-2}],"Typ":"Getreide Hafen"},{"Ort":[{"x":0,"y":-2},{"x":1,"y":-3}],"Typ":"Hafen"},{"Ort":[{"x":0,"y":3},{"x":0,"y":2}],"Typ":"Holz Hafen"}],"Räuber":{"x":-1,"y":-1}}}}
2017-02-12 16:10:08.870 INFO  network.server.ClientThread 153 msgAll -    1 > {"Würfelwurf":{"Spieler":1,"Wurf":[6,3]}}
2017-02-12 16:10:08.876 INFO  network.server.ClientThread 153 msgAll -    2 > {"Würfelwurf":{"Spieler":1,"Wurf":[6,3]}}
2017-02-12 16:10:08.881 INFO  network.server.ClientThread 153 msgAll -    3 > {"Würfelwurf":{"Spieler":1,"Wurf":[6,3]}}
2017-02-12 16:10:08.887 INFO  network.server.ClientThread 153 msgAll -    1 > {"Würfelwurf":{"Spieler":2,"Wurf":[5,4]}}
2017-02-12 16:10:08.893 INFO  network.server.ClientThread 153 msgAll -    2 > {"Würfelwurf":{"Spieler":2,"Wurf":[5,4]}}
2017-02-12 16:10:08.899 INFO  network.server.ClientThread 153 msgAll -    3 > {"Würfelwurf":{"Spieler":2,"Wurf":[5,4]}}
2017-02-12 16:10:08.905 INFO  network.server.ClientThread 153 msgAll -    1 > {"Würfelwurf":{"Spieler":1,"Wurf":[3,5]}}
2017-02-12 16:10:08.912 INFO  network.server.ClientThread 153 msgAll -    2 > {"Würfelwurf":{"Spieler":1,"Wurf":[3,5]}}
2017-02-12 16:10:08.918 INFO  network.server.ClientThread 153 msgAll -    3 > {"Würfelwurf":{"Spieler":1,"Wurf":[3,5]}}
2017-02-12 16:10:08.923 INFO  network.server.ClientThread 153 msgAll -    1 > {"Würfelwurf":{"Spieler":2,"Wurf":[1,4]}}
2017-02-12 16:10:08.925 WARN  network.client.ClientListener 249 handleMsg - Case not covered!
2017-02-12 16:10:08.925 INFO  network.client.Client 169 receiveMsg - {"Spiel gestartet":{"Karte":{"Felder":[{"Ort":{"x":-3,"y":2},"Typ":"Meer"},{"Ort":{"x":2,"y":0},"Zahl":6,"Typ":"Wald"},{"Ort":{"x":3,"y":-3},"Typ":"Meer"},{"Ort":{"x":-2,"y":3},"Typ":"Meer"},{"Ort":{"x":-1,"y":0},"Zahl":6,"Typ":"Weideland"},{"Ort":{"x":0,"y":-3},"Typ":"Meer"},{"Ort":{"x":2,"y":1},"Typ":"Meer"},{"Ort":{"x":-3,"y":1},"Typ":"Meer"},{"Ort":{"x":-1,"y":2},"Zahl":10,"Typ":"Hügelland"},{"Ort":{"x":0,"y":2},"Zahl":8,"Typ":"Wald"},{"Ort":{"x":1,"y":2},"Typ":"Meer"},{"Ort":{"x":-2,"y":1},"Zahl":12,"Typ":"Ackerland"},{"Ort":{"x":2,"y":-2},"Zahl":5,"Typ":"Ackerland"},{"Ort":{"x":-1,"y":1},"Zahl":5,"Typ":"Gebirge"},{"Ort":{"x":0,"y":1},"Zahl":4,"Typ":"Ackerland"},{"Ort":{"x":1,"y":1},"Zahl":3,"Typ":"Hügelland"},{"Ort":{"x":-3,"y":0},"Typ":"Meer"},{"Ort":{"x":-2,"y":-1},"Typ":"Meer"},{"Ort":{"x":-1,"y":-1},"Typ":"Wüste"},{"Ort":{"x":0,"y":-1},"Zahl":3,"Typ":"Weideland"},{"Ort":{"x":1,"y":-1},"Zahl":10,"Typ":"Weideland"},{"Ort":{"x":2,"y":-1},"Zahl":2,"Typ":"Hügelland"},{"Ort":{"x":3,"y":-1},"Typ":"Meer"},{"Ort":{"x":-1,"y":-2},"Typ":"Meer"},{"Ort":{"x":0,"y":-2},"Zahl":4,"Typ":"Gebirge"},{"Ort":{"x":1,"y":-2},"Zahl":8,"Typ":"Gebirge"},{"Ort":{"x":-3,"y":3},"Typ":"Meer"},{"Ort":{"x":-2,"y":0},"Zahl":11,"Typ":"Wald"},{"Ort":{"x":3,"y":-2},"Typ":"Meer"},{"Ort":{"x":-1,"y":3},"Typ":"Meer"},{"Ort":{"x":0,"y":0},"Zahl":11,"Typ":"Wald"},{"Ort":{"x":1,"y":-3},"Typ":"Meer"},{"Ort":{"x":0,"y":3},"Typ":"Meer"},{"Ort":{"x":1,"y":0},"Zahl":9,"Typ":"Ackerland"},{"Ort":{"x":2,"y":-3},"Typ":"Meer"},{"Ort":{"x":-2,"y":2},"Zahl":9,"Typ":"Weideland"},{"Ort":{"x":3,"y":0},"Typ":"Meer"}],"Gebäude":[],"Häfen":[{"Ort":[{"x":-3,"y":2},{"x":-2,"y":1}],"Typ":"Hafen"},{"Ort":[{"x":2,"y":-2},{"x":3,"y":-3}],"Typ":"Wolle Hafen"},{"Ort":[{"x":-2,"y":3},{"x":-1,"y":2}],"Typ":"Hafen"},{"Ort":[{"x":1,"y":1},{"x":2,"y":1}],"Typ":"Lehm Hafen"},{"Ort":[{"x":-3,"y":0},{"x":-2,"y":0}],"Typ":"Erz Hafen"},{"Ort":[{"x":2,"y":-1},{"x":3,"y":-1}],"Typ":"Hafen"},{"Ort":[{"x":-1,"y":-1},{"x":-1,"y":-2}],"Typ":"Getreide Hafen"},{"Ort":[{"x":0,"y":-2},{"x":1,"y":-3}],"Typ":"Hafen"},{"Ort":[{"x":0,"y":3},{"x":0,"y":2}],"Typ":"Holz Hafen"}],"Räuber":{"x":-1,"y":-1}}}}
2017-02-12 16:10:08.929 INFO  network.server.ClientThread 153 msgAll -    2 > {"Würfelwurf":{"Spieler":2,"Wurf":[1,4]}}
2017-02-12 16:10:08.929 WARN  network.client.ClientListener 249 handleMsg - Case not covered!
2017-02-12 16:10:08.930 INFO  network.client.Client 169 receiveMsg - {"Spiel gestartet":{"Karte":{"Felder":[{"Ort":{"x":-3,"y":2},"Typ":"Meer"},{"Ort":{"x":2,"y":0},"Zahl":6,"Typ":"Wald"},{"Ort":{"x":3,"y":-3},"Typ":"Meer"},{"Ort":{"x":-2,"y":3},"Typ":"Meer"},{"Ort":{"x":-1,"y":0},"Zahl":6,"Typ":"Weideland"},{"Ort":{"x":0,"y":-3},"Typ":"Meer"},{"Ort":{"x":2,"y":1},"Typ":"Meer"},{"Ort":{"x":-3,"y":1},"Typ":"Meer"},{"Ort":{"x":-1,"y":2},"Zahl":10,"Typ":"Hügelland"},{"Ort":{"x":0,"y":2},"Zahl":8,"Typ":"Wald"},{"Ort":{"x":1,"y":2},"Typ":"Meer"},{"Ort":{"x":-2,"y":1},"Zahl":12,"Typ":"Ackerland"},{"Ort":{"x":2,"y":-2},"Zahl":5,"Typ":"Ackerland"},{"Ort":{"x":-1,"y":1},"Zahl":5,"Typ":"Gebirge"},{"Ort":{"x":0,"y":1},"Zahl":4,"Typ":"Ackerland"},{"Ort":{"x":1,"y":1},"Zahl":3,"Typ":"Hügelland"},{"Ort":{"x":-3,"y":0},"Typ":"Meer"},{"Ort":{"x":-2,"y":-1},"Typ":"Meer"},{"Ort":{"x":-1,"y":-1},"Typ":"Wüste"},{"Ort":{"x":0,"y":-1},"Zahl":3,"Typ":"Weideland"},{"Ort":{"x":1,"y":-1},"Zahl":10,"Typ":"Weideland"},{"Ort":{"x":2,"y":-1},"Zahl":2,"Typ":"Hügelland"},{"Ort":{"x":3,"y":-1},"Typ":"Meer"},{"Ort":{"x":-1,"y":-2},"Typ":"Meer"},{"Ort":{"x":0,"y":-2},"Zahl":4,"Typ":"Gebirge"},{"Ort":{"x":1,"y":-2},"Zahl":8,"Typ":"Gebirge"},{"Ort":{"x":-3,"y":3},"Typ":"Meer"},{"Ort":{"x":-2,"y":0},"Zahl":11,"Typ":"Wald"},{"Ort":{"x":3,"y":-2},"Typ":"Meer"},{"Ort":{"x":-1,"y":3},"Typ":"Meer"},{"Ort":{"x":0,"y":0},"Zahl":11,"Typ":"Wald"},{"Ort":{"x":1,"y":-3},"Typ":"Meer"},{"Ort":{"x":0,"y":3},"Typ":"Meer"},{"Ort":{"x":1,"y":0},"Zahl":9,"Typ":"Ackerland"},{"Ort":{"x":2,"y":-3},"Typ":"Meer"},{"Ort":{"x":-2,"y":2},"Zahl":9,"Typ":"Weideland"},{"Ort":{"x":3,"y":0},"Typ":"Meer"}],"Gebäude":[],"Häfen":[{"Ort":[{"x":-3,"y":2},{"x":-2,"y":1}],"Typ":"Hafen"},{"Ort":[{"x":2,"y":-2},{"x":3,"y":-3}],"Typ":"Wolle Hafen"},{"Ort":[{"x":-2,"y":3},{"x":-1,"y":2}],"Typ":"Hafen"},{"Ort":[{"x":1,"y":1},{"x":2,"y":1}],"Typ":"Lehm Hafen"},{"Ort":[{"x":-3,"y":0},{"x":-2,"y":0}],"Typ":"Erz Hafen"},{"Ort":[{"x":2,"y":-1},{"x":3,"y":-1}],"Typ":"Hafen"},{"Ort":[{"x":-1,"y":-1},{"x":-1,"y":-2}],"Typ":"Getreide Hafen"},{"Ort":[{"x":0,"y":-2},{"x":1,"y":-3}],"Typ":"Hafen"},{"Ort":[{"x":0,"y":3},{"x":0,"y":2}],"Typ":"Holz Hafen"}],"Räuber":{"x":-1,"y":-1}}}}
2017-02-12 16:10:08.935 INFO  network.server.ClientThread 153 msgAll -    3 > {"Würfelwurf":{"Spieler":2,"Wurf":[1,4]}}
2017-02-12 16:10:08.942 INFO  network.server.ClientThread 153 msgAll -    1 > {"Würfelwurf":{"Spieler":3,"Wurf":[6,4]}}
2017-02-12 16:10:08.948 INFO  network.server.ClientThread 153 msgAll -    2 > {"Würfelwurf":{"Spieler":3,"Wurf":[6,4]}}
2017-02-12 16:10:08.954 INFO  network.server.ClientThread 153 msgAll -    3 > {"Würfelwurf":{"Spieler":3,"Wurf":[6,4]}}
2017-02-12 16:10:08.961 INFO  network.server.ClientThreadSequence 126 setSequence - Player sequence [3, 1, 2]
2017-02-12 16:10:08.965 INFO  network.server.ClientThread 126 msgThisClient -    1 > {"Statusupdate":{"Spieler":{"Status":"Warten","Rittermacht":0,"Farbe":"Blau","Längste Handelsstraße":false,"Siegpunkte":0,"Rohstoffe":{"Getreide":0,"Wolle":0,"Holz":0,"Lehm":0,"Erz":0},"id":1,"Entwicklungskarten":{"Straßenbau":0,"Erfindung":0,"Monopol":0,"Ritter":0,"Siegpunkt":0},"Name":"KI (1)","Größte Rittermacht":false}}}
2017-02-12 16:10:08.965 INFO  network.server.ClientThread 186 msgAllButThisClient -    2 > {"Statusupdate":{"Spieler":{"Status":"Warten","Rittermacht":0,"Farbe":"Blau","Längste Handelsstraße":false,"Siegpunkte":0,"Rohstoffe":{"Unbekannt":0},"id":1,"Entwicklungskarten":{"Unbekannt":0},"Name":"KI (1)","Größte Rittermacht":false}}}
2017-02-12 16:10:08.972 INFO  network.server.ClientThread 186 msgAllButThisClient -    3 > {"Statusupdate":{"Spieler":{"Status":"Warten","Rittermacht":0,"Farbe":"Blau","Längste Handelsstraße":false,"Siegpunkte":0,"Rohstoffe":{"Unbekannt":0},"id":1,"Entwicklungskarten":{"Unbekannt":0},"Name":"KI (1)","Größte Rittermacht":false}}}
2017-02-12 16:10:08.978 INFO  network.server.ClientThread 126 msgThisClient -    2 > {"Statusupdate":{"Spieler":{"Status":"Warten","Rittermacht":0,"Farbe":"Rot","Längste Handelsstraße":false,"Siegpunkte":0,"Rohstoffe":{"Getreide":0,"Wolle":0,"Holz":0,"Lehm":0,"Erz":0},"id":2,"Entwicklungskarten":{"Straßenbau":0,"Erfindung":0,"Monopol":0,"Ritter":0,"Siegpunkt":0},"Name":"KI (2)","Größte Rittermacht":false}}}
2017-02-12 16:10:08.979 INFO  network.server.ClientThread 186 msgAllButThisClient -    1 > {"Statusupdate":{"Spieler":{"Status":"Warten","Rittermacht":0,"Farbe":"Rot","Längste Handelsstraße":false,"Siegpunkte":0,"Rohstoffe":{"Unbekannt":0},"id":2,"Entwicklungskarten":{"Unbekannt":0},"Name":"KI (2)","Größte Rittermacht":false}}}
2017-02-12 16:10:08.985 INFO  network.server.ClientThread 186 msgAllButThisClient -    3 > {"Statusupdate":{"Spieler":{"Status":"Warten","Rittermacht":0,"Farbe":"Rot","Längste Handelsstraße":false,"Siegpunkte":0,"Rohstoffe":{"Unbekannt":0},"id":2,"Entwicklungskarten":{"Unbekannt":0},"Name":"KI (2)","Größte Rittermacht":false}}}
2017-02-12 16:10:08.992 INFO  network.server.ClientThread 126 msgThisClient -    3 > {"Statusupdate":{"Spieler":{"Status":"Dorf bauen","Rittermacht":0,"Farbe":"Orange","Längste Handelsstraße":false,"Siegpunkte":0,"Rohstoffe":{"Getreide":0,"Wolle":0,"Holz":0,"Lehm":0,"Erz":0},"id":3,"Entwicklungskarten":{"Straßenbau":0,"Erfindung":0,"Monopol":0,"Ritter":0,"Siegpunkt":0},"Name":"chrus","Größte Rittermacht":false}}}
2017-02-12 16:10:08.992 INFO  network.server.ClientThread 186 msgAllButThisClient -    1 > {"Statusupdate":{"Spieler":{"Status":"Dorf bauen","Rittermacht":0,"Farbe":"Orange","Längste Handelsstraße":false,"Siegpunkte":0,"Rohstoffe":{"Unbekannt":0},"id":3,"Entwicklungskarten":{"Unbekannt":0},"Name":"chrus","Größte Rittermacht":false}}}
2017-02-12 16:10:09.000 INFO  network.server.ClientThread 186 msgAllButThisClient -    2 > {"Statusupdate":{"Spieler":{"Status":"Dorf bauen","Rittermacht":0,"Farbe":"Orange","Längste Handelsstraße":false,"Siegpunkte":0,"Rohstoffe":{"Unbekannt":0},"id":3,"Entwicklungskarten":{"Unbekannt":0},"Name":"chrus","Größte Rittermacht":false}}}
2017-02-12 16:10:09.006 WARN  network.client.ClientListener 249 handleMsg - Case not covered!
2017-02-12 16:10:09.006 INFO  network.client.Client 169 receiveMsg - {"Würfelwurf":{"Spieler":1,"Wurf":[6,3]}}
2017-02-12 16:10:09.012 WARN  network.client.ClientListener 249 handleMsg - Case not covered!
2017-02-12 16:10:09.012 INFO  network.client.Client 169 receiveMsg - {"Würfelwurf":{"Spieler":1,"Wurf":[6,3]}}
2017-02-12 16:10:09.087 WARN  network.client.ClientListener 249 handleMsg - Case not covered!
2017-02-12 16:10:09.087 INFO  network.client.Client 169 receiveMsg - {"Würfelwurf":{"Spieler":2,"Wurf":[5,4]}}
2017-02-12 16:10:09.095 WARN  network.client.ClientListener 249 handleMsg - Case not covered!
2017-02-12 16:10:09.095 INFO  network.client.Client 169 receiveMsg - {"Würfelwurf":{"Spieler":2,"Wurf":[5,4]}}
2017-02-12 16:10:09.172 WARN  network.client.ClientListener 249 handleMsg - Case not covered!
2017-02-12 16:10:09.172 INFO  network.client.Client 169 receiveMsg - {"Würfelwurf":{"Spieler":1,"Wurf":[3,5]}}
2017-02-12 16:10:09.180 WARN  network.client.ClientListener 249 handleMsg - Case not covered!
2017-02-12 16:10:09.180 INFO  network.client.Client 169 receiveMsg - {"Würfelwurf":{"Spieler":1,"Wurf":[3,5]}}
2017-02-12 16:10:09.253 WARN  network.client.ClientListener 249 handleMsg - Case not covered!
2017-02-12 16:10:09.254 INFO  network.client.Client 169 receiveMsg - {"Würfelwurf":{"Spieler":2,"Wurf":[1,4]}}
2017-02-12 16:10:09.265 WARN  network.client.ClientListener 249 handleMsg - Case not covered!
2017-02-12 16:10:09.265 INFO  network.client.Client 169 receiveMsg - {"Würfelwurf":{"Spieler":2,"Wurf":[1,4]}}
2017-02-12 16:10:09.335 WARN  network.client.ClientListener 249 handleMsg - Case not covered!
2017-02-12 16:10:09.335 INFO  network.client.Client 169 receiveMsg - {"Würfelwurf":{"Spieler":3,"Wurf":[6,4]}}
2017-02-12 16:10:09.347 WARN  network.client.ClientListener 249 handleMsg - Case not covered!
2017-02-12 16:10:09.347 INFO  network.client.Client 169 receiveMsg - {"Würfelwurf":{"Spieler":3,"Wurf":[6,4]}}
2017-02-12 16:10:09.419 WARN  network.client.ClientListener 766 internalAi - Case not covered!
2017-02-12 16:10:09.419 INFO  network.client.Client 169 receiveMsg - {"Statusupdate":{"Spieler":{"Status":"Warten","Rittermacht":0,"Farbe":"Blau","Längste Handelsstraße":false,"Siegpunkte":0,"Rohstoffe":{"Getreide":0,"Wolle":0,"Holz":0,"Lehm":0,"Erz":0},"id":1,"Entwicklungskarten":{"Straßenbau":0,"Erfindung":0,"Monopol":0,"Ritter":0,"Siegpunkt":0},"Name":"KI (1)","Größte Rittermacht":false}}}
2017-02-12 16:10:09.432 WARN  network.client.ClientListener 766 internalAi - Case not covered!
2017-02-12 16:10:09.432 INFO  network.client.Client 169 receiveMsg - {"Statusupdate":{"Spieler":{"Status":"Warten","Rittermacht":0,"Farbe":"Blau","Längste Handelsstraße":false,"Siegpunkte":0,"Rohstoffe":{"Unbekannt":0},"id":1,"Entwicklungskarten":{"Unbekannt":0},"Name":"KI (1)","Größte Rittermacht":false}}}
2017-02-12 16:10:09.501 WARN  network.client.ClientListener 766 internalAi - Case not covered!
2017-02-12 16:10:09.502 INFO  network.client.Client 169 receiveMsg - {"Statusupdate":{"Spieler":{"Status":"Warten","Rittermacht":0,"Farbe":"Rot","Längste Handelsstraße":false,"Siegpunkte":0,"Rohstoffe":{"Unbekannt":0},"id":2,"Entwicklungskarten":{"Unbekannt":0},"Name":"KI (2)","Größte Rittermacht":false}}}
2017-02-12 16:10:09.516 WARN  network.client.ClientListener 766 internalAi - Case not covered!
2017-02-12 16:10:09.516 INFO  network.client.Client 169 receiveMsg - {"Statusupdate":{"Spieler":{"Status":"Warten","Rittermacht":0,"Farbe":"Rot","Längste Handelsstraße":false,"Siegpunkte":0,"Rohstoffe":{"Getreide":0,"Wolle":0,"Holz":0,"Lehm":0,"Erz":0},"id":2,"Entwicklungskarten":{"Straßenbau":0,"Erfindung":0,"Monopol":0,"Ritter":0,"Siegpunkt":0},"Name":"KI (2)","Größte Rittermacht":false}}}
2017-02-12 16:10:09.586 INFO  network.client.Client 169 receiveMsg - {"Statusupdate":{"Spieler":{"Status":"Dorf bauen","Rittermacht":0,"Farbe":"Orange","Längste Handelsstraße":false,"Siegpunkte":0,"Rohstoffe":{"Unbekannt":0},"id":3,"Entwicklungskarten":{"Unbekannt":0},"Name":"chrus","Größte Rittermacht":false}}}
2017-02-12 16:10:09.597 INFO  network.client.Client 169 receiveMsg - {"Statusupdate":{"Spieler":{"Status":"Dorf bauen","Rittermacht":0,"Farbe":"Orange","Längste Handelsstraße":false,"Siegpunkte":0,"Rohstoffe":{"Unbekannt":0},"id":3,"Entwicklungskarten":{"Unbekannt":0},"Name":"chrus","Größte Rittermacht":false}}}
2017-02-12 16:11:49.122 WARN  network.server.ClientThread 64 run - Lost connection.
2017-02-12 16:11:49.124 INFO  network.server.ClientThread 186 msgAllButThisClient -    1 > {"Statusupdate":{"Spieler":{"Status":"Verbindung verloren","Rittermacht":0,"Farbe":"Orange","Längste Handelsstraße":false,"Siegpunkte":0,"Rohstoffe":{"Getreide":0,"Wolle":0,"Holz":0,"Lehm":0,"Erz":0},"id":3,"Entwicklungskarten":{"Straßenbau":0,"Erfindung":0,"Monopol":0,"Ritter":0,"Siegpunkt":0},"Name":"chrus","Größte Rittermacht":false}}}
2017-02-12 16:11:49.124 WARN  network.client.ClientListener 766 internalAi - Case not covered!
2017-02-12 16:11:49.125 INFO  network.client.Client 169 receiveMsg - {"Statusupdate":{"Spieler":{"Status":"Verbindung verloren","Rittermacht":0,"Farbe":"Orange","Längste Handelsstraße":false,"Siegpunkte":0,"Rohstoffe":{"Getreide":0,"Wolle":0,"Holz":0,"Lehm":0,"Erz":0},"id":3,"Entwicklungskarten":{"Straßenbau":0,"Erfindung":0,"Monopol":0,"Ritter":0,"Siegpunkt":0},"Name":"chrus","Größte Rittermacht":false}}}
2017-02-12 16:11:49.131 INFO  network.server.ClientThread 186 msgAllButThisClient -    2 > {"Statusupdate":{"Spieler":{"Status":"Verbindung verloren","Rittermacht":0,"Farbe":"Orange","Längste Handelsstraße":false,"Siegpunkte":0,"Rohstoffe":{"Getreide":0,"Wolle":0,"Holz":0,"Lehm":0,"Erz":0},"id":3,"Entwicklungskarten":{"Straßenbau":0,"Erfindung":0,"Monopol":0,"Ritter":0,"Siegpunkt":0},"Name":"chrus","Größte Rittermacht":false}}}
2017-02-12 16:11:49.131 WARN  network.client.ClientListener 766 internalAi - Case not covered!
2017-02-12 16:11:49.132 INFO  network.client.Client 169 receiveMsg - {"Statusupdate":{"Spieler":{"Status":"Verbindung verloren","Rittermacht":0,"Farbe":"Orange","Längste Handelsstraße":false,"Siegpunkte":0,"Rohstoffe":{"Getreide":0,"Wolle":0,"Holz":0,"Lehm":0,"Erz":0},"id":3,"Entwicklungskarten":{"Straßenbau":0,"Erfindung":0,"Monopol":0,"Ritter":0,"Siegpunkt":0},"Name":"chrus","Größte Rittermacht":false}}}
2017-02-12 16:11:49.137 INFO  network.server.ClientThread 186 msgAllButThisClient -    1 > {"Spiel beendet":{"Nachricht":"Verbindung zu einem Spieler verloren","Sieger":-1}}
2017-02-12 16:11:49.143 INFO  network.server.ClientThread 186 msgAllButThisClient -    2 > {"Spiel beendet":{"Nachricht":"Verbindung zu einem Spieler verloren","Sieger":-1}}
2017-02-12 16:11:49.149 TRACE network.server.ClientThread 100 disconnect - Enter
2017-02-12 16:11:49.205 TRACE network.client.ClientListener 1036 endGame - Enter
2017-02-12 16:11:49.205 INFO  network.client.Client 169 receiveMsg - {"Spiel beendet":{"Nachricht":"Verbindung zu einem Spieler verloren","Sieger":-1}}
2017-02-12 16:11:49.217 TRACE network.client.ClientListener 1036 endGame - Enter
2017-02-12 16:11:49.217 INFO  network.client.Client 169 receiveMsg - {"Spiel beendet":{"Nachricht":"Verbindung zu einem Spieler verloren","Sieger":-1}}
