2017-02-12 16:19:30.644 TRACE model.players.Human 11 <init> - Enter model.players.Human@6b1a8e4f
2017-02-12 16:19:30.646 DEBUG model.players.Player 62 printPlayer - model.players.Human@6b1a8e4f
id        4         color     NULL      name                status    null      
vp        0         road      false     army      false     
dev       0         dice      0         
res       0         lumber    0         brick     0         grain     0         wool      0         ore       0         
dev       []
dev BLOCK []
Harbors   []
Roads          left      15        built     []
Settlements    left      5         built     []
Cities         left      4         built     []
2017-02-12 16:19:30.648 DEBUG model.players.Player 62 printPlayer - model.players.Human@6b1a8e4f
id        4         color     NULL      name                status    START_GAME
vp        0         road      false     army      false     
dev       0         dice      0         
res       0         lumber    0         brick     0         grain     0         wool      0         ore       0         
dev       []
dev BLOCK []
Harbors   []
Roads          left      15        built     []
Settlements    left      5         built     []
Cities         left      4         built     []
2017-02-12 16:19:30.729 DEBUG model.players.Player 62 printPlayer - model.players.Human@6b1a8e4f
id        4         color     NULL      name                status    START_GAME
vp        0         road      false     army      false     
dev       0         dice      0         
res       0         lumber    0         brick     0         grain     0         wool      0         ore       0         
dev       []
dev BLOCK []
Harbors   []
Roads          left      15        built     []
Settlements    left      5         built     []
Cities         left      4         built     []
2017-02-12 16:19:30.732 DEBUG model.players.Player 233 setGrain - model.players.Human@6b1a8e4f [ id: 4 ] old: 0, new: 0
2017-02-12 16:19:30.733 DEBUG model.players.Player 255 setWool - model.players.Human@6b1a8e4f [ id: 4 ] old: 0, new: 0
2017-02-12 16:19:30.733 DEBUG model.players.Player 189 setLumber - model.players.Human@6b1a8e4f [ id: 4 ] old: 0, new: 0
2017-02-12 16:19:30.733 DEBUG model.players.Player 167 setBrick - model.players.Human@6b1a8e4f [ id: 4 ] old: 0, new: 0
2017-02-12 16:19:30.733 DEBUG model.players.Player 211 setOre - model.players.Human@6b1a8e4f [ id: 4 ] old: 0, new: 0
2017-02-12 16:19:30.733 INFO  model.players.Player 489 setKnightsDev - 0, 0 old and new value of knightDev Card. Knight card which is on the hand of ClientName: 
2017-02-12 16:19:30.737 TRACE model.players.Human 11 <init> - Enter model.players.Human@65dd6d5c
2017-02-12 16:19:30.739 DEBUG model.players.Player 62 printPlayer - model.players.Human@65dd6d5c
id        1         color     BLUE      name      KI (1)    status    null      
vp        0         road      false     army      false     
dev       0         dice      0         
res       0         lumber    0         brick     0         grain     0         wool      0         ore       0         
dev       []
dev BLOCK []
Harbors   []
Roads          left      15        built     []
Settlements    left      5         built     []
Cities         left      4         built     []
2017-02-12 16:19:30.740 DEBUG model.players.Player 62 printPlayer - model.players.Human@65dd6d5c
id        1         color     BLUE      name      KI (1)    status    WAIT_FOR_GAME_START
vp        0         road      false     army      false     
dev       0         dice      0         
res       0         lumber    0         brick     0         grain     0         wool      0         ore       0         
dev       []
dev BLOCK []
Harbors   []
Roads          left      15        built     []
Settlements    left      5         built     []
Cities         left      4         built     []
2017-02-12 16:19:30.821 TRACE model.players.Human 11 <init> - Enter model.players.Human@63bbffc
2017-02-12 16:19:30.822 DEBUG model.players.Player 62 printPlayer - model.players.Human@63bbffc
id        2         color     RED       name      KI (2)    status    null      
vp        0         road      false     army      false     
dev       0         dice      0         
res       0         lumber    0         brick     0         grain     0         wool      0         ore       0         
dev       []
dev BLOCK []
Harbors   []
Roads          left      15        built     []
Settlements    left      5         built     []
Cities         left      4         built     []
2017-02-12 16:19:30.824 DEBUG model.players.Player 62 printPlayer - model.players.Human@63bbffc
id        2         color     RED       name      KI (2)    status    WAIT_FOR_GAME_START
vp        0         road      false     army      false     
dev       0         dice      0         
res       0         lumber    0         brick     0         grain     0         wool      0         ore       0         
dev       []
dev BLOCK []
Harbors   []
Roads          left      15        built     []
Settlements    left      5         built     []
Cities         left      4         built     []
2017-02-12 16:19:30.830 TRACE model.players.Human 11 <init> - Enter model.players.Human@61e2e53f
2017-02-12 16:19:30.832 DEBUG model.players.Player 62 printPlayer - model.players.Human@61e2e53f
id        3         color     ORANGE    name      KI (3)    status    null      
vp        0         road      false     army      false     
dev       0         dice      0         
res       0         lumber    0         brick     0         grain     0         wool      0         ore       0         
dev       []
dev BLOCK []
Harbors   []
Roads          left      15        built     []
Settlements    left      5         built     []
Cities         left      4         built     []
2017-02-12 16:19:30.833 DEBUG model.players.Player 62 printPlayer - model.players.Human@61e2e53f
id        3         color     ORANGE    name      KI (3)    status    WAIT_FOR_GAME_START
vp        0         road      false     army      false     
dev       0         dice      0         
res       0         lumber    0         brick     0         grain     0         wool      0         ore       0         
dev       []
dev BLOCK []
Harbors   []
Roads          left      15        built     []
Settlements    left      5         built     []
Cities         left      4         built     []
2017-02-12 16:19:32.410 DEBUG model.players.Player 62 printPlayer - model.players.Human@6b1a8e4f
id        4         color     ORANGE    name      sdv       status    START_GAME
vp        0         road      false     army      false     
dev       0         dice      0         
res       0         lumber    0         brick     0         grain     0         wool      0         ore       0         
dev       []
dev BLOCK []
Harbors   []
Roads          left      15        built     []
Settlements    left      5         built     []
Cities         left      4         built     []
2017-02-12 16:19:32.410 DEBUG model.players.Player 233 setGrain - model.players.Human@6b1a8e4f [ id: 4 ] old: 0, new: 0
2017-02-12 16:19:32.411 DEBUG model.players.Player 255 setWool - model.players.Human@6b1a8e4f [ id: 4 ] old: 0, new: 0
2017-02-12 16:19:32.411 DEBUG model.players.Player 189 setLumber - model.players.Human@6b1a8e4f [ id: 4 ] old: 0, new: 0
2017-02-12 16:19:32.411 DEBUG model.players.Player 167 setBrick - model.players.Human@6b1a8e4f [ id: 4 ] old: 0, new: 0
2017-02-12 16:19:32.411 DEBUG model.players.Player 211 setOre - model.players.Human@6b1a8e4f [ id: 4 ] old: 0, new: 0
2017-02-12 16:19:32.411 INFO  model.players.Player 489 setKnightsDev - 0, 0 old and new value of knightDev Card. Knight card which is on the hand of ClientName: sdv
2017-02-12 16:19:35.717 DEBUG model.players.Player 62 printPlayer - model.players.Human@6b1a8e4f
id        4         color     WHITE     name      sdv       status    START_GAME
vp        0         road      false     army      false     
dev       0         dice      0         
res       0         lumber    0         brick     0         grain     0         wool      0         ore       0         
dev       []
dev BLOCK []
Harbors   []
Roads          left      15        built     []
Settlements    left      5         built     []
Cities         left      4         built     []
2017-02-12 16:19:35.717 DEBUG model.players.Player 233 setGrain - model.players.Human@6b1a8e4f [ id: 4 ] old: 0, new: 0
2017-02-12 16:19:35.718 DEBUG model.players.Player 255 setWool - model.players.Human@6b1a8e4f [ id: 4 ] old: 0, new: 0
2017-02-12 16:19:35.718 DEBUG model.players.Player 189 setLumber - model.players.Human@6b1a8e4f [ id: 4 ] old: 0, new: 0
2017-02-12 16:19:35.718 DEBUG model.players.Player 167 setBrick - model.players.Human@6b1a8e4f [ id: 4 ] old: 0, new: 0
2017-02-12 16:19:35.718 DEBUG model.players.Player 211 setOre - model.players.Human@6b1a8e4f [ id: 4 ] old: 0, new: 0
2017-02-12 16:19:35.718 INFO  model.players.Player 489 setKnightsDev - 0, 0 old and new value of knightDev Card. Knight card which is on the hand of ClientName: sdv
2017-02-12 16:19:36.751 DEBUG model.players.Player 62 printPlayer - model.players.Human@6b1a8e4f
id        4         color     WHITE     name      sdv       status    WAIT_FOR_GAME_START
vp        0         road      false     army      false     
dev       0         dice      0         
res       0         lumber    0         brick     0         grain     0         wool      0         ore       0         
dev       []
dev BLOCK []
Harbors   []
Roads          left      15        built     []
Settlements    left      5         built     []
Cities         left      4         built     []
2017-02-12 16:19:36.751 DEBUG model.players.Player 233 setGrain - model.players.Human@6b1a8e4f [ id: 4 ] old: 0, new: 0
2017-02-12 16:19:36.751 DEBUG model.players.Player 255 setWool - model.players.Human@6b1a8e4f [ id: 4 ] old: 0, new: 0
2017-02-12 16:19:36.751 DEBUG model.players.Player 189 setLumber - model.players.Human@6b1a8e4f [ id: 4 ] old: 0, new: 0
2017-02-12 16:19:36.752 DEBUG model.players.Player 167 setBrick - model.players.Human@6b1a8e4f [ id: 4 ] old: 0, new: 0
2017-02-12 16:19:36.752 DEBUG model.players.Player 211 setOre - model.players.Human@6b1a8e4f [ id: 4 ] old: 0, new: 0
2017-02-12 16:19:36.752 INFO  model.players.Player 489 setKnightsDev - 0, 0 old and new value of knightDev Card. Knight card which is on the hand of ClientName: sdv
2017-02-12 16:19:36.857 INFO  model.board.Board 262 printBoardIDs - 
  null  null  null   {0}   {1}   {2}   {3}
  null  null   {4}   {5}   {6}   {7}   {8}
  null   {9}  {10}  {11}  {12}  {13}  {14}
  {15}  {16}  {17}  {18}  {19}  {20}  {21}
  {22}  {23}  {24}  {25}  {26}  {27}  null
  {28}  {29}  {30}  {31}  {32}  null  null
  {33}  {34}  {35}  {36}  null  null  null

2017-02-12 16:19:36.858 INFO  model.board.Board 339 printNumberTokens - 
  null  null  null  null  null  null  null
  null  null  null    10     8     0  null
  null  null     9     5     4     3  null
  null    12     6    11     9     6  null
  null    11     3    10     2  null  null
  null     4     8     5  null  null  null
  null  null  null  null  null  null  null

2017-02-12 16:19:36.861 INFO  model.board.Board 280 printBoardSpecialCo - 
(     )(     )(     )( 0,-3)( 1,-3)( 2,-3)( 3,-3)
(     )(     )(-1,-2)( 0,-2)( 1,-2)( 2,-2)( 3,-2)
(     )(-2,-1)(-1,-1)( 0,-1)( 1,-1)( 2,-1)( 3,-1)
(-3, 0)(-2, 0)(-1, 0)( 0, 0)( 1, 0)( 2, 0)( 3, 0)
(-3, 1)(-2, 1)(-1, 1)( 0, 1)( 1, 1)( 2, 1)(     )
(-3, 2)(-2, 2)(-1, 2)( 0, 2)( 1, 2)(     )(     )
(-3, 3)(-2, 3)(-1, 3)( 0, 3)(     )(     )(     )

2017-02-12 16:19:36.865 INFO  model.board.Board 300 printTileNeighbors - 
Row: 0
                          null : 
                          null : 
                          null : 
      model.board.Sea@53b6e6b3 : [model.board.Sea@7802104b, model.board.Field@4a71621c, model.board.Sea@11eee0f1]
      model.board.Sea@7802104b : [model.board.Mountain@75090f01, model.board.Field@4a71621c, model.board.Sea@53b6e6b3, model.board.Sea@1de1d9a3]
      model.board.Sea@1de1d9a3 : [model.board.Sea@7802104b, model.board.Desert@5cc12981, model.board.Mountain@75090f01, model.board.Sea@3aceb380]
      model.board.Sea@3aceb380 : [model.board.Sea@702c2df, model.board.Desert@5cc12981, model.board.Sea@1de1d9a3]
Row: 1
                          null : 
                          null : 
      model.board.Sea@11eee0f1 : [model.board.Field@4a71621c, model.board.Pasture@14bd3f5d, model.board.Sea@41e5916a, model.board.Sea@53b6e6b3]
    model.board.Field@4a71621c : [model.board.Sea@7802104b, model.board.Mountain@75090f01, model.board.Pasture@ef86865, model.board.Pasture@14bd3f5d, model.board.Sea@11eee0f1, model.board.Sea@53b6e6b3]
 model.board.Mountain@75090f01 : [model.board.Sea@7802104b, model.board.Desert@5cc12981, model.board.Forest@1f7d575f, model.board.Pasture@ef86865, model.board.Field@4a71621c, model.board.Sea@1de1d9a3]
   model.board.Desert@5cc12981 : [model.board.Sea@702c2df, model.board.Mountain@62c7c43a, model.board.Forest@1f7d575f, model.board.Mountain@75090f01, model.board.Sea@1de1d9a3, model.board.Sea@3aceb380]
       model.board.Sea@702c2df : [model.board.Sea@f4477c9, model.board.Mountain@62c7c43a, model.board.Desert@5cc12981, model.board.Sea@3aceb380]
Row: 2
                          null : 
      model.board.Sea@41e5916a : [model.board.Sea@11eee0f1, model.board.Pasture@14bd3f5d, model.board.Sea@42b28d04, model.board.Forest@3780eda2]
  model.board.Pasture@14bd3f5d : [model.board.Field@6bba097c, model.board.Sea@11eee0f1, model.board.Field@4a71621c, model.board.Pasture@ef86865, model.board.Sea@41e5916a, model.board.Forest@3780eda2]
   model.board.Pasture@ef86865 : [model.board.Field@6bba097c, model.board.Field@4a71621c, model.board.Mountain@75090f01, model.board.Forest@1f7d575f, model.board.Pasture@14bd3f5d, model.board.Hill@476cc1fd]
   model.board.Forest@1f7d575f : [model.board.Mountain@75090f01, model.board.Desert@5cc12981, model.board.Mountain@62c7c43a, model.board.Pasture@ef86865, model.board.Hill@476cc1fd, model.board.Hill@1160beb9]
 model.board.Mountain@62c7c43a : [model.board.Desert@5cc12981, model.board.Sea@702c2df, model.board.Sea@f4477c9, model.board.Pasture@213dbcca, model.board.Forest@1f7d575f, model.board.Hill@1160beb9]
       model.board.Sea@f4477c9 : [model.board.Sea@702c2df, model.board.Sea@1a77a078, model.board.Pasture@213dbcca, model.board.Mountain@62c7c43a]
Row: 3
      model.board.Sea@42b28d04 : [model.board.Sea@41e5916a, model.board.Sea@3b35f9e2, model.board.Forest@3780eda2]
   model.board.Forest@3780eda2 : [model.board.Field@6bba097c, model.board.Sea@41e5916a, model.board.Pasture@14bd3f5d, model.board.Pasture@2f340d4b, model.board.Sea@3b35f9e2, model.board.Sea@42b28d04]
    model.board.Field@6bba097c : [model.board.Pasture@14bd3f5d, model.board.Pasture@ef86865, model.board.Field@63233f8b, model.board.Pasture@2f340d4b, model.board.Forest@3780eda2, model.board.Hill@476cc1fd]
     model.board.Hill@476cc1fd : [model.board.Field@6bba097c, model.board.Pasture@ef86865, model.board.Forest@1f7d575f, model.board.Hill@447037f7, model.board.Field@63233f8b, model.board.Hill@1160beb9]
     model.board.Hill@1160beb9 : [model.board.Forest@1f7d575f, model.board.Mountain@62c7c43a, model.board.Pasture@213dbcca, model.board.Forest@509e3c72, model.board.Hill@447037f7, model.board.Hill@476cc1fd]
  model.board.Pasture@213dbcca : [model.board.Mountain@62c7c43a, model.board.Sea@f4477c9, model.board.Sea@1a77a078, model.board.Sea@5f4f2d7f, model.board.Forest@509e3c72, model.board.Hill@1160beb9]
      model.board.Sea@1a77a078 : [model.board.Sea@f4477c9, model.board.Sea@5f4f2d7f, model.board.Pasture@213dbcca]
Row: 4
      model.board.Sea@3b35f9e2 : [model.board.Sea@42b28d04, model.board.Pasture@2f340d4b, model.board.Sea@256a9e7a, model.board.Forest@3780eda2]
  model.board.Pasture@2f340d4b : [model.board.Field@6bba097c, model.board.Field@63233f8b, model.board.Field@60e0caaf, model.board.Sea@256a9e7a, model.board.Sea@3b35f9e2, model.board.Forest@3780eda2]
    model.board.Field@63233f8b : [model.board.Field@6bba097c, model.board.Hill@447037f7, model.board.Mountain@41bc076d, model.board.Field@60e0caaf, model.board.Pasture@2f340d4b, model.board.Hill@476cc1fd]
     model.board.Hill@447037f7 : [model.board.Forest@509e3c72, model.board.Forest@67beeef0, model.board.Mountain@41bc076d, model.board.Field@63233f8b, model.board.Hill@476cc1fd, model.board.Hill@1160beb9]
   model.board.Forest@509e3c72 : [model.board.Pasture@213dbcca, model.board.Sea@5f4f2d7f, model.board.Forest@67beeef0, model.board.Hill@447037f7, model.board.Sea@16d62533, model.board.Hill@1160beb9]
      model.board.Sea@5f4f2d7f : [model.board.Pasture@213dbcca, model.board.Sea@1a77a078, model.board.Forest@509e3c72, model.board.Sea@16d62533]
                          null : 
Row: 5
      model.board.Sea@256a9e7a : [model.board.Sea@708520f4, model.board.Sea@3b35f9e2, model.board.Pasture@2f340d4b, model.board.Field@60e0caaf]
    model.board.Field@60e0caaf : [model.board.Sea@708520f4, model.board.Pasture@2f340d4b, model.board.Field@63233f8b, model.board.Mountain@41bc076d, model.board.Sea@256a9e7a, model.board.Sea@5123d6e6]
 model.board.Mountain@41bc076d : [model.board.Field@63233f8b, model.board.Hill@447037f7, model.board.Forest@67beeef0, model.board.Field@60e0caaf, model.board.Sea@5123d6e6, model.board.Sea@41fa6b5c]
   model.board.Forest@67beeef0 : [model.board.Hill@447037f7, model.board.Forest@509e3c72, model.board.Sea@66a231ed, model.board.Mountain@41bc076d, model.board.Sea@16d62533, model.board.Sea@41fa6b5c]
      model.board.Sea@16d62533 : [model.board.Forest@509e3c72, model.board.Sea@5f4f2d7f, model.board.Sea@66a231ed, model.board.Forest@67beeef0]
                          null : 
                          null : 
Row: 6
      model.board.Sea@708520f4 : [model.board.Sea@256a9e7a, model.board.Field@60e0caaf, model.board.Sea@5123d6e6]
      model.board.Sea@5123d6e6 : [model.board.Sea@708520f4, model.board.Field@60e0caaf, model.board.Mountain@41bc076d, model.board.Sea@41fa6b5c]
      model.board.Sea@41fa6b5c : [model.board.Mountain@41bc076d, model.board.Forest@67beeef0, model.board.Sea@66a231ed, model.board.Sea@5123d6e6]
      model.board.Sea@66a231ed : [model.board.Forest@67beeef0, model.board.Sea@16d62533, model.board.Sea@41fa6b5c]
                          null : 
                          null : 
                          null : 

2017-02-12 16:19:36.867 INFO  model.board.Board 321 printPorts - 
         {4} : LUMBER
        {36} : GENERIC
         {1} : ORE
        {14} : GENERIC
        {15} : GRAIN
        {27} : WOOL
        {28} : GENERIC
        {34} : GENERIC
         {3} : BRICK

{15, 16, 22} : GRAIN
   {1, 5, 6} : ORE
  {4, 9, 10} : LUMBER
{13, 14, 20} : GENERIC
{20, 26, 27} : WOOL
{31, 32, 36} : GENERIC
{31, 35, 36} : GENERIC
{28, 29, 33} : GENERIC
{23, 28, 29} : GENERIC
 {9, 15, 16} : GRAIN
{29, 30, 34} : GENERIC
   {3, 7, 8} : BRICK
   {2, 3, 7} : BRICK
{30, 34, 35} : GENERIC
  {4, 5, 10} : LUMBER
{14, 20, 21} : GENERIC
{20, 21, 27} : WOOL
   {0, 1, 5} : ORE

2017-02-12 16:19:40.080 DEBUG model.players.Player 62 printPlayer - model.players.Human@65dd6d5c
id        1         color     BLUE      name      KI (1)    status    WAIT      
vp        0         road      false     army      false     
dev       0         dice      7         
res       0         lumber    0         brick     0         grain     0         wool      0         ore       0         
dev       []
dev BLOCK []
Harbors   []
Roads          left      15        built     []
Settlements    left      5         built     []
Cities         left      4         built     []
2017-02-12 16:19:40.081 DEBUG model.Management 42 printManagement - model.Management@3ff93f4d
KI (1)    sum       0         lumber    0         brick     0         grain     0         wool      0         ore       0         
KI (2)    sum       0         lumber    0         brick     0         grain     0         wool      0         ore       0         
KI (3)    sum       0         lumber    0         brick     0         grain     0         wool      0         ore       0         
sdv       sum       0         lumber    0         brick     0         grain     0         wool      0         ore       0         
[ M ]     sum       95        lumber    19        brick     19        grain     19        wool      19        ore       19        
2017-02-12 16:19:40.168 DEBUG model.players.Player 62 printPlayer - model.players.Human@63bbffc
id        2         color     RED       name      KI (2)    status    WAIT      
vp        0         road      false     army      false     
dev       0         dice      5         
res       0         lumber    0         brick     0         grain     0         wool      0         ore       0         
dev       []
dev BLOCK []
Harbors   []
Roads          left      15        built     []
Settlements    left      5         built     []
Cities         left      4         built     []
2017-02-12 16:19:40.169 DEBUG model.Management 42 printManagement - model.Management@3ff93f4d
KI (1)    sum       0         lumber    0         brick     0         grain     0         wool      0         ore       0         
KI (2)    sum       0         lumber    0         brick     0         grain     0         wool      0         ore       0         
KI (3)    sum       0         lumber    0         brick     0         grain     0         wool      0         ore       0         
sdv       sum       0         lumber    0         brick     0         grain     0         wool      0         ore       0         
[ M ]     sum       95        lumber    19        brick     19        grain     19        wool      19        ore       19        
2017-02-12 16:19:40.171 DEBUG model.players.Player 62 printPlayer - model.players.Human@61e2e53f
id        3         color     ORANGE    name      KI (3)    status    WAIT      
vp        0         road      false     army      false     
dev       0         dice      6         
res       0         lumber    0         brick     0         grain     0         wool      0         ore       0         
dev       []
dev BLOCK []
Harbors   []
Roads          left      15        built     []
Settlements    left      5         built     []
Cities         left      4         built     []
2017-02-12 16:19:40.172 DEBUG model.Management 42 printManagement - model.Management@3ff93f4d
KI (1)    sum       0         lumber    0         brick     0         grain     0         wool      0         ore       0         
KI (2)    sum       0         lumber    0         brick     0         grain     0         wool      0         ore       0         
KI (3)    sum       0         lumber    0         brick     0         grain     0         wool      0         ore       0         
sdv       sum       0         lumber    0         brick     0         grain     0         wool      0         ore       0         
[ M ]     sum       95        lumber    19        brick     19        grain     19        wool      19        ore       19        
2017-02-12 16:19:40.257 DEBUG model.players.Player 62 printPlayer - model.players.Human@6b1a8e4f
id        4         color     WHITE     name      sdv       status    BUILD_SETTLEMENT
vp        0         road      false     army      false     
dev       0         dice      11        
res       0         lumber    0         brick     0         grain     0         wool      0         ore       0         
dev       []
dev BLOCK []
Harbors   []
Roads          left      15        built     []
Settlements    left      5         built     []
Cities         left      4         built     []
2017-02-12 16:19:40.257 DEBUG model.Management 42 printManagement - model.Management@3ff93f4d
KI (1)    sum       0         lumber    0         brick     0         grain     0         wool      0         ore       0         
KI (2)    sum       0         lumber    0         brick     0         grain     0         wool      0         ore       0         
KI (3)    sum       0         lumber    0         brick     0         grain     0         wool      0         ore       0         
sdv       sum       0         lumber    0         brick     0         grain     0         wool      0         ore       0         
[ M ]     sum       95        lumber    19        brick     19        grain     19        wool      19        ore       19        
2017-02-12 16:19:40.258 DEBUG model.players.Player 233 setGrain - model.players.Human@6b1a8e4f [ id: 4 ] old: 0, new: 0
2017-02-12 16:19:40.259 DEBUG model.players.Player 255 setWool - model.players.Human@6b1a8e4f [ id: 4 ] old: 0, new: 0
2017-02-12 16:19:40.259 DEBUG model.players.Player 189 setLumber - model.players.Human@6b1a8e4f [ id: 4 ] old: 0, new: 0
2017-02-12 16:19:40.259 DEBUG model.players.Player 167 setBrick - model.players.Human@6b1a8e4f [ id: 4 ] old: 0, new: 0
2017-02-12 16:19:40.259 DEBUG model.players.Player 211 setOre - model.players.Human@6b1a8e4f [ id: 4 ] old: 0, new: 0
2017-02-12 16:19:40.259 INFO  model.players.Player 489 setKnightsDev - 0, 0 old and new value of knightDev Card. Knight card which is on the hand of ClientName: sdv
2017-02-12 16:19:40.272 INFO  model.players.Player 892 getBuildableSettlements - start settlement 54
2017-02-12 16:19:40.275 INFO  model.players.Player 892 getBuildableSettlements - start settlement 54
