2017-02-13 15:55:22.479 INFO  view.client.CanvasBoard 824 lambda$setRobber$8 - Robber is drawn at new position: 7
2017-02-13 15:55:22.590 INFO  view.client.build.BuildController 105 lambda$deactivateButtons$0 - Case not covered!
2017-02-13 15:55:22.703 INFO  view.client.build.BuildController 105 lambda$deactivateButtons$0 - Case not covered!
2017-02-13 15:55:22.786 INFO  view.client.build.BuildController 105 lambda$deactivateButtons$0 - Case not covered!
2017-02-13 15:55:22.793 INFO  view.client.build.BuildController 105 lambda$deactivateButtons$0 - Case not covered!
2017-02-13 15:55:22.872 INFO  view.client.build.BuildController 105 lambda$deactivateButtons$0 - Case not covered!
2017-02-13 15:55:22.959 INFO  view.client.build.BuildController 105 lambda$deactivateButtons$0 - Case not covered!
2017-02-13 15:55:23.040 INFO  view.client.build.BuildController 105 lambda$deactivateButtons$0 - Case not covered!
2017-02-13 15:55:23.050 INFO  view.client.build.BuildController 105 lambda$deactivateButtons$0 - Case not covered!
2017-02-13 15:55:23.795 INFO  view.client.build.BuildController 105 lambda$deactivateButtons$0 - Case not covered!
2017-02-13 15:55:23.986 INFO  view.client.build.BuildController 105 lambda$deactivateButtons$0 - Case not covered!
2017-02-13 15:55:24.049 INFO  view.client.build.BuildController 105 lambda$deactivateButtons$0 - Case not covered!
2017-02-13 15:55:24.270 INFO  view.client.build.BuildController 105 lambda$deactivateButtons$0 - Case not covered!
2017-02-13 15:55:24.460 INFO  view.client.build.BuildController 105 lambda$deactivateButtons$0 - Case not covered!
2017-02-13 15:55:24.538 INFO  view.client.build.BuildController 105 lambda$deactivateButtons$0 - Case not covered!
2017-02-13 15:55:24.697 INFO  view.client.build.BuildController 105 lambda$deactivateButtons$0 - Case not covered!
2017-02-13 15:55:25.050 INFO  view.client.build.BuildController 105 lambda$deactivateButtons$0 - Case not covered!
2017-02-13 15:55:25.481 INFO  view.client.build.BuildController 105 lambda$deactivateButtons$0 - Case not covered!
2017-02-13 15:55:25.845 INFO  view.client.build.BuildController 105 lambda$deactivateButtons$0 - Case not covered!
2017-02-13 15:55:25.908 INFO  view.client.build.BuildController 105 lambda$deactivateButtons$0 - Case not covered!
2017-02-13 15:55:26.102 INFO  view.client.Controller 1611 lambda$triggerFading$33 - Fade in Resources
2017-02-13 15:55:26.184 INFO  view.client.build.BuildController 105 lambda$deactivateButtons$0 - Case not covered!
2017-02-13 15:55:26.373 INFO  view.client.build.BuildController 105 lambda$deactivateButtons$0 - Case not covered!
2017-02-13 15:55:26.451 INFO  view.client.build.BuildController 105 lambda$deactivateButtons$0 - Case not covered!
2017-02-13 15:55:26.599 INFO  view.client.build.BuildController 105 lambda$deactivateButtons$0 - Case not covered!
2017-02-13 15:55:26.804 INFO  view.client.build.BuildController 105 lambda$deactivateButtons$0 - Case not covered!
2017-02-13 15:55:26.870 INFO  view.client.build.BuildController 105 lambda$deactivateButtons$0 - Case not covered!
2017-02-13 15:55:27.187 INFO  view.client.build.BuildController 105 lambda$deactivateButtons$0 - Case not covered!
2017-02-13 15:55:27.558 INFO  view.client.build.BuildController 105 lambda$deactivateButtons$0 - Case not covered!
2017-02-13 15:55:27.808 INFO  view.client.Controller 1611 lambda$triggerFading$33 - Fade in Resources
2017-02-13 15:55:27.870 INFO  view.client.build.BuildController 105 lambda$deactivateButtons$0 - Case not covered!
2017-02-13 15:55:28.280 INFO  view.client.build.BuildController 105 lambda$deactivateButtons$0 - Case not covered!
2017-02-13 15:55:28.298 INFO  view.client.build.BuildController 105 lambda$deactivateButtons$0 - Case not covered!
2017-02-13 15:55:28.382 INFO  view.client.build.BuildController 105 lambda$deactivateButtons$0 - Case not covered!
2017-02-13 15:55:28.447 INFO  view.client.build.BuildController 105 lambda$deactivateButtons$0 - Case not covered!
2017-02-13 15:55:28.468 INFO  view.client.build.BuildController 105 lambda$deactivateButtons$0 - Case not covered!
2017-02-13 15:55:28.531 INFO  view.client.build.BuildController 105 lambda$deactivateButtons$0 - Case not covered!
2017-02-13 15:55:28.549 INFO  view.client.build.BuildController 105 lambda$deactivateButtons$0 - Case not covered!
2017-02-13 15:55:28.699 INFO  view.client.Controller 1611 lambda$triggerFading$33 - Fade in Resources
2017-02-13 15:55:28.791 INFO  view.client.CanvasBoard 824 lambda$setRobber$8 - Robber is drawn at new position: 11
2017-02-13 15:55:28.816 INFO  view.client.build.BuildController 105 lambda$deactivateButtons$0 - Case not covered!
2017-02-13 15:55:29.172 INFO  view.client.build.BuildController 105 lambda$deactivateButtons$0 - Case not covered!
2017-02-13 15:55:29.418 INFO  view.client.build.BuildController 105 lambda$deactivateButtons$0 - Case not covered!
2017-02-13 15:55:29.425 INFO  view.client.build.BuildController 105 lambda$deactivateButtons$0 - Case not covered!
2017-02-13 15:55:29.598 INFO  view.client.build.BuildController 105 lambda$deactivateButtons$0 - Case not covered!
2017-02-13 15:55:29.598 INFO  view.client.build.BuildController 105 lambda$deactivateButtons$0 - Case not covered!
2017-02-13 15:55:29.684 INFO  view.client.build.BuildController 105 lambda$deactivateButtons$0 - Case not covered!
2017-02-13 15:55:29.684 INFO  view.client.build.BuildController 105 lambda$deactivateButtons$0 - Case not covered!
2017-02-13 15:55:29.765 INFO  view.client.build.BuildController 105 lambda$deactivateButtons$0 - Case not covered!
2017-02-13 15:55:29.936 INFO  view.client.Controller 1611 lambda$triggerFading$33 - Fade in Resources
2017-02-13 15:55:30.027 INFO  view.client.CanvasBoard 824 lambda$setRobber$8 - Robber is drawn at new position: 18
2017-02-13 15:55:30.032 INFO  view.client.build.BuildController 105 lambda$deactivateButtons$0 - Case not covered!
2017-02-13 15:55:30.212 INFO  view.client.Controller 1611 lambda$triggerFading$33 - Fade in Resources
2017-02-13 15:55:30.295 INFO  view.client.build.BuildController 105 lambda$deactivateButtons$0 - Case not covered!
2017-02-13 15:55:30.468 INFO  view.client.build.BuildController 105 lambda$deactivateButtons$0 - Case not covered!
2017-02-13 15:55:30.550 INFO  view.client.build.BuildController 105 lambda$deactivateButtons$0 - Case not covered!
2017-02-13 15:55:30.979 INFO  view.client.Controller 1611 lambda$triggerFading$33 - Fade in Resources
2017-02-13 15:55:31.036 INFO  view.client.build.BuildController 105 lambda$deactivateButtons$0 - Case not covered!
2017-02-13 15:55:31.527 INFO  view.client.build.BuildController 105 lambda$deactivateButtons$0 - Case not covered!
2017-02-13 15:55:31.547 INFO  view.client.build.BuildController 105 lambda$deactivateButtons$0 - Case not covered!
2017-02-13 15:55:31.646 INFO  view.client.Controller 1611 lambda$triggerFading$33 - Fade in Resources
2017-02-13 15:55:31.731 INFO  view.client.build.BuildController 105 lambda$deactivateButtons$0 - Case not covered!
2017-02-13 15:55:32.195 INFO  view.client.build.BuildController 105 lambda$deactivateButtons$0 - Case not covered!
2017-02-13 15:55:32.212 INFO  view.client.build.BuildController 105 lambda$deactivateButtons$0 - Case not covered!
2017-02-13 15:55:32.380 INFO  view.client.Controller 1611 lambda$triggerFading$33 - Fade in Resources
2017-02-13 15:55:32.446 INFO  view.client.build.BuildController 105 lambda$deactivateButtons$0 - Case not covered!
2017-02-13 15:55:32.725 INFO  view.client.build.BuildController 105 lambda$deactivateButtons$0 - Case not covered!
2017-02-13 15:55:32.731 INFO  view.client.build.BuildController 105 lambda$deactivateButtons$0 - Case not covered!
2017-02-13 15:55:32.974 INFO  view.client.Controller 1611 lambda$triggerFading$33 - Fade in Resources
2017-02-13 15:55:32.985 INFO  view.client.build.BuildController 105 lambda$deactivateButtons$0 - Case not covered!
2017-02-13 15:55:33.156 INFO  view.client.build.BuildController 105 lambda$deactivateButtons$0 - Case not covered!
2017-02-13 15:55:33.235 INFO  view.client.build.BuildController 105 lambda$deactivateButtons$0 - Case not covered!
2017-02-13 15:55:33.465 INFO  view.client.build.BuildController 105 lambda$deactivateButtons$0 - Case not covered!
2017-02-13 15:55:33.531 INFO  view.client.build.BuildController 105 lambda$deactivateButtons$0 - Case not covered!
2017-02-13 15:55:33.548 INFO  view.client.build.BuildController 105 lambda$deactivateButtons$0 - Case not covered!
2017-02-13 15:55:33.615 INFO  view.client.build.BuildController 105 lambda$deactivateButtons$0 - Case not covered!
2017-02-13 15:55:33.631 INFO  view.client.build.BuildController 105 lambda$deactivateButtons$0 - Case not covered!
2017-02-13 15:55:34.099 INFO  view.client.Controller 1611 lambda$triggerFading$33 - Fade in Resources
2017-02-13 15:55:34.191 INFO  view.client.CanvasBoard 824 lambda$setRobber$8 - Robber is drawn at new position: 17
2017-02-13 15:55:34.213 INFO  view.client.build.BuildController 105 lambda$deactivateButtons$0 - Case not covered!
2017-02-13 15:55:34.696 INFO  view.client.build.BuildController 105 lambda$deactivateButtons$0 - Case not covered!
2017-02-13 15:55:35.026 INFO  view.client.build.BuildController 105 lambda$deactivateButtons$0 - Case not covered!
2017-02-13 15:55:35.047 INFO  view.client.build.BuildController 105 lambda$deactivateButtons$0 - Case not covered!
2017-02-13 15:55:35.227 INFO  view.client.Controller 1611 lambda$triggerFading$33 - Fade in Resources
2017-02-13 15:55:35.286 INFO  view.client.build.BuildController 105 lambda$deactivateButtons$0 - Case not covered!
2017-02-13 15:55:35.780 INFO  view.client.build.BuildController 105 lambda$deactivateButtons$0 - Case not covered!
2017-02-13 15:55:35.798 INFO  view.client.build.BuildController 105 lambda$deactivateButtons$0 - Case not covered!
2017-02-13 15:55:36.032 INFO  view.client.build.BuildController 105 lambda$deactivateButtons$0 - Case not covered!
2017-02-13 15:55:36.304 INFO  view.client.build.BuildController 105 lambda$deactivateButtons$0 - Case not covered!
2017-02-13 15:55:36.614 INFO  view.client.build.BuildController 105 lambda$deactivateButtons$0 - Case not covered!
2017-02-13 15:55:36.862 INFO  view.client.build.BuildController 105 lambda$deactivateButtons$0 - Case not covered!
2017-02-13 15:55:36.868 INFO  view.client.build.BuildController 105 lambda$deactivateButtons$0 - Case not covered!
2017-02-13 15:55:37.032 INFO  view.client.build.BuildController 105 lambda$deactivateButtons$0 - Case not covered!
2017-02-13 15:55:37.202 INFO  view.client.build.BuildController 105 lambda$deactivateButtons$0 - Case not covered!
2017-02-13 15:55:37.280 INFO  view.client.build.BuildController 105 lambda$deactivateButtons$0 - Case not covered!
2017-02-13 15:55:37.453 INFO  view.client.build.BuildController 105 lambda$deactivateButtons$0 - Case not covered!
2017-02-13 15:55:37.873 INFO  view.client.CanvasBoard 824 lambda$setRobber$8 - Robber is drawn at new position: 11
2017-02-13 15:55:37.885 INFO  view.client.build.BuildController 105 lambda$deactivateButtons$0 - Case not covered!
2017-02-13 15:55:37.947 INFO  view.client.build.BuildController 105 lambda$deactivateButtons$0 - Case not covered!
2017-02-13 15:55:37.970 INFO  view.client.build.BuildController 105 lambda$deactivateButtons$0 - Case not covered!
2017-02-13 15:55:38.232 INFO  view.client.Controller 1611 lambda$triggerFading$33 - Fade in Resources
2017-02-13 15:55:38.292 INFO  view.client.build.BuildController 105 lambda$deactivateButtons$0 - Case not covered!
2017-02-13 15:55:38.701 INFO  view.client.build.BuildController 105 lambda$deactivateButtons$0 - Case not covered!
2017-02-13 15:55:38.722 INFO  view.client.build.BuildController 105 lambda$deactivateButtons$0 - Case not covered!
2017-02-13 15:55:38.867 INFO  view.client.build.BuildController 105 lambda$deactivateButtons$0 - Case not covered!
2017-02-13 15:55:39.145 INFO  view.client.build.BuildController 105 lambda$deactivateButtons$0 - Case not covered!
2017-02-13 15:55:39.151 INFO  view.client.build.BuildController 105 lambda$deactivateButtons$0 - Case not covered!
2017-02-13 15:55:39.319 INFO  view.client.build.BuildController 105 lambda$deactivateButtons$0 - Case not covered!
2017-02-13 15:55:39.505 INFO  view.client.Controller 1611 lambda$triggerFading$33 - Fade in Resources
2017-02-13 15:55:39.586 INFO  view.client.build.BuildController 105 lambda$deactivateButtons$0 - Case not covered!
2017-02-13 15:55:39.757 INFO  view.client.build.BuildController 105 lambda$deactivateButtons$0 - Case not covered!
2017-02-13 15:55:39.836 INFO  view.client.build.BuildController 105 lambda$deactivateButtons$0 - Case not covered!
2017-02-13 15:55:40.217 INFO  view.client.build.BuildController 105 lambda$deactivateButtons$0 - Case not covered!
2017-02-13 15:55:40.283 INFO  view.client.build.BuildController 105 lambda$deactivateButtons$0 - Case not covered!
2017-02-13 15:55:40.297 INFO  view.client.build.BuildController 105 lambda$deactivateButtons$0 - Case not covered!
2017-02-13 15:55:40.369 INFO  view.client.build.BuildController 105 lambda$deactivateButtons$0 - Case not covered!
2017-02-13 15:55:40.381 INFO  view.client.build.BuildController 105 lambda$deactivateButtons$0 - Case not covered!
2017-02-13 15:55:40.848 INFO  view.client.Controller 1611 lambda$triggerFading$33 - Fade in Resources
2017-02-13 15:55:40.939 INFO  view.client.CanvasBoard 824 lambda$setRobber$8 - Robber is drawn at new position: 17
2017-02-13 15:55:40.964 INFO  view.client.build.BuildController 105 lambda$deactivateButtons$0 - Case not covered!
2017-02-13 15:55:41.442 INFO  view.client.build.BuildController 105 lambda$deactivateButtons$0 - Case not covered!
2017-02-13 15:55:41.460 INFO  view.client.build.BuildController 105 lambda$deactivateButtons$0 - Case not covered!
2017-02-13 15:55:41.550 INFO  view.client.build.BuildController 105 lambda$deactivateButtons$0 - Case not covered!
2017-02-13 15:55:41.618 INFO  view.client.build.BuildController 105 lambda$deactivateButtons$0 - Case not covered!
2017-02-13 15:55:41.635 INFO  view.client.build.BuildController 105 lambda$deactivateButtons$0 - Case not covered!
2017-02-13 15:55:41.703 INFO  view.client.build.BuildController 105 lambda$deactivateButtons$0 - Case not covered!
2017-02-13 15:55:41.963 INFO  view.client.build.BuildController 105 lambda$deactivateButtons$0 - Case not covered!
2017-02-13 15:55:42.029 INFO  view.client.build.BuildController 105 lambda$deactivateButtons$0 - Case not covered!
2017-02-13 15:55:42.354 INFO  view.client.Controller 1611 lambda$triggerFading$33 - Fade in Resources
2017-02-13 15:55:42.447 INFO  view.client.CanvasBoard 824 lambda$setRobber$8 - Robber is drawn at new position: 19
2017-02-13 15:55:42.473 INFO  view.client.build.BuildController 105 lambda$deactivateButtons$0 - Case not covered!
2017-02-13 15:55:42.954 INFO  view.client.build.BuildController 105 lambda$deactivateButtons$0 - Case not covered!
2017-02-13 15:55:42.973 INFO  view.client.build.BuildController 105 lambda$deactivateButtons$0 - Case not covered!
2017-02-13 15:55:43.053 INFO  view.client.Controller 1611 lambda$triggerFading$33 - Fade in Resources
2017-02-13 15:55:43.120 INFO  view.client.build.BuildController 105 lambda$deactivateButtons$0 - Case not covered!
2017-02-13 15:55:43.392 INFO  view.client.build.BuildController 105 lambda$deactivateButtons$0 - Case not covered!
2017-02-13 15:55:43.397 INFO  view.client.build.BuildController 105 lambda$deactivateButtons$0 - Case not covered!
2017-02-13 15:55:43.562 INFO  view.client.build.BuildController 105 lambda$deactivateButtons$0 - Case not covered!
2017-02-13 15:55:43.564 INFO  view.client.build.BuildController 105 lambda$deactivateButtons$0 - Case not covered!
2017-02-13 15:55:43.646 INFO  view.client.build.BuildController 105 lambda$deactivateButtons$0 - Case not covered!
2017-02-13 15:55:43.649 INFO  view.client.build.BuildController 105 lambda$deactivateButtons$0 - Case not covered!
2017-02-13 15:55:43.730 INFO  view.client.build.BuildController 105 lambda$deactivateButtons$0 - Case not covered!
2017-02-13 15:55:43.900 INFO  view.client.Controller 1611 lambda$triggerFading$33 - Fade in Resources
2017-02-13 15:55:43.992 INFO  view.client.CanvasBoard 824 lambda$setRobber$8 - Robber is drawn at new position: 25
2017-02-13 15:55:43.994 INFO  view.client.build.BuildController 105 lambda$deactivateButtons$0 - Case not covered!
2017-02-13 15:55:44.157 INFO  view.client.build.BuildController 105 lambda$deactivateButtons$0 - Case not covered!
2017-02-13 15:55:44.237 INFO  view.client.build.BuildController 105 lambda$deactivateButtons$0 - Case not covered!
2017-02-13 15:55:44.512 INFO  view.client.Controller 1611 lambda$triggerFading$33 - Fade in Resources
2017-02-13 15:55:44.573 INFO  view.client.build.BuildController 105 lambda$deactivateButtons$0 - Case not covered!
2017-02-13 15:55:44.985 INFO  view.client.build.BuildController 105 lambda$deactivateButtons$0 - Case not covered!
2017-02-13 15:55:45.317 INFO  view.client.build.BuildController 105 lambda$deactivateButtons$0 - Case not covered!
2017-02-13 15:55:45.335 INFO  view.client.build.BuildController 105 lambda$deactivateButtons$0 - Case not covered!
2017-02-13 15:55:45.493 INFO  view.client.build.BuildController 105 lambda$deactivateButtons$0 - Case not covered!
2017-02-13 15:55:45.901 INFO  view.client.build.BuildController 105 lambda$deactivateButtons$0 - Case not covered!
2017-02-13 15:55:45.919 INFO  view.client.build.BuildController 105 lambda$deactivateButtons$0 - Case not covered!
2017-02-13 15:55:46.003 INFO  view.client.build.BuildController 105 lambda$deactivateButtons$0 - Case not covered!
2017-02-13 15:55:46.069 INFO  view.client.build.BuildController 105 lambda$deactivateButtons$0 - Case not covered!
2017-02-13 15:55:46.088 INFO  view.client.build.BuildController 105 lambda$deactivateButtons$0 - Case not covered!
2017-02-13 15:55:46.154 INFO  view.client.build.BuildController 105 lambda$deactivateButtons$0 - Case not covered!
2017-02-13 15:55:46.171 INFO  view.client.build.BuildController 105 lambda$deactivateButtons$0 - Case not covered!
2017-02-13 15:55:46.319 INFO  view.client.Controller 1611 lambda$triggerFading$33 - Fade in Resources
2017-02-13 15:55:46.407 INFO  view.client.CanvasBoard 824 lambda$setRobber$8 - Robber is drawn at new position: 19
2017-02-13 15:55:46.431 INFO  view.client.build.BuildController 105 lambda$deactivateButtons$0 - Case not covered!
2017-02-13 15:55:46.752 INFO  view.client.build.BuildController 105 lambda$deactivateButtons$0 - Case not covered!
2017-02-13 15:55:46.758 INFO  view.client.build.BuildController 105 lambda$deactivateButtons$0 - Case not covered!
2017-02-13 15:55:46.927 INFO  view.client.Controller 1611 lambda$triggerFading$33 - Fade in Resources
2017-02-13 15:55:47.001 INFO  view.client.build.BuildController 105 lambda$deactivateButtons$0 - Case not covered!
2017-02-13 15:55:47.172 INFO  view.client.build.BuildController 105 lambda$deactivateButtons$0 - Case not covered!
2017-02-13 15:55:47.252 INFO  view.client.build.BuildController 105 lambda$deactivateButtons$0 - Case not covered!
2017-02-13 15:55:47.504 INFO  view.client.build.BuildController 105 lambda$deactivateButtons$0 - Case not covered!
2017-02-13 15:55:47.569 INFO  view.client.build.BuildController 105 lambda$deactivateButtons$0 - Case not covered!
2017-02-13 15:55:47.587 INFO  view.client.build.BuildController 105 lambda$deactivateButtons$0 - Case not covered!
2017-02-13 15:55:47.652 INFO  view.client.build.BuildController 105 lambda$deactivateButtons$0 - Case not covered!
2017-02-13 15:55:47.837 INFO  view.client.build.BuildController 105 lambda$deactivateButtons$0 - Case not covered!
2017-02-13 15:55:47.902 INFO  view.client.build.BuildController 105 lambda$deactivateButtons$0 - Case not covered!
2017-02-13 15:55:48.304 INFO  view.client.Controller 1611 lambda$triggerFading$33 - Fade in Resources
2017-02-13 15:55:48.395 INFO  view.client.CanvasBoard 824 lambda$setRobber$8 - Robber is drawn at new position: 17
2017-02-13 15:55:48.418 INFO  view.client.build.BuildController 105 lambda$deactivateButtons$0 - Case not covered!
2017-02-13 15:55:48.901 INFO  view.client.build.BuildController 105 lambda$deactivateButtons$0 - Case not covered!
2017-02-13 15:55:48.919 INFO  view.client.build.BuildController 105 lambda$deactivateButtons$0 - Case not covered!
2017-02-13 15:55:49.079 INFO  view.client.build.BuildController 105 lambda$deactivateButtons$0 - Case not covered!
2017-02-13 15:55:49.496 INFO  view.client.build.BuildController 105 lambda$deactivateButtons$0 - Case not covered!
2017-02-13 15:55:49.827 INFO  view.client.build.BuildController 105 lambda$deactivateButtons$0 - Case not covered!
2017-02-13 15:55:49.845 INFO  view.client.build.BuildController 105 lambda$deactivateButtons$0 - Case not covered!
2017-02-13 15:55:49.928 INFO  view.client.Controller 1611 lambda$triggerFading$33 - Fade in Resources
2017-02-13 15:55:50.012 INFO  view.client.build.BuildController 105 lambda$deactivateButtons$0 - Case not covered!
2017-02-13 15:55:50.332 INFO  view.client.build.BuildController 105 lambda$deactivateButtons$0 - Case not covered!
2017-02-13 15:55:50.339 INFO  view.client.build.BuildController 105 lambda$deactivateButtons$0 - Case not covered!
2017-02-13 15:55:50.496 INFO  view.client.Controller 1611 lambda$triggerFading$33 - Fade in Resources
2017-02-13 15:55:50.581 INFO  view.client.build.BuildController 105 lambda$deactivateButtons$0 - Case not covered!
2017-02-13 15:55:50.769 INFO  view.client.Controller 1611 lambda$triggerFading$33 - Fade in Resources
2017-02-13 15:55:50.851 INFO  view.client.build.BuildController 105 lambda$deactivateButtons$0 - Case not covered!
2017-02-13 15:55:51.041 INFO  view.client.Controller 1611 lambda$triggerFading$33 - Fade in Resources
2017-02-13 15:55:51.123 INFO  view.client.build.BuildController 105 lambda$deactivateButtons$0 - Case not covered!
2017-02-13 15:55:51.296 INFO  view.client.build.BuildController 105 lambda$deactivateButtons$0 - Case not covered!
2017-02-13 15:55:51.374 INFO  view.client.build.BuildController 105 lambda$deactivateButtons$0 - Case not covered!
2017-02-13 15:55:51.518 INFO  view.client.build.BuildController 105 lambda$deactivateButtons$0 - Case not covered!
2017-02-13 15:55:51.929 INFO  view.client.build.BuildController 105 lambda$deactivateButtons$0 - Case not covered!
2017-02-13 15:55:51.947 INFO  view.client.build.BuildController 105 lambda$deactivateButtons$0 - Case not covered!
2017-02-13 15:55:52.038 INFO  view.client.build.BuildController 105 lambda$deactivateButtons$0 - Case not covered!
2017-02-13 15:55:52.104 INFO  view.client.build.BuildController 105 lambda$deactivateButtons$0 - Case not covered!
2017-02-13 15:55:52.119 INFO  view.client.build.BuildController 105 lambda$deactivateButtons$0 - Case not covered!
2017-02-13 15:55:52.188 INFO  view.client.build.BuildController 105 lambda$deactivateButtons$0 - Case not covered!
2017-02-13 15:55:52.453 INFO  view.client.build.BuildController 105 lambda$deactivateButtons$0 - Case not covered!
2017-02-13 15:55:52.519 INFO  view.client.build.BuildController 105 lambda$deactivateButtons$0 - Case not covered!
2017-02-13 15:55:52.941 INFO  view.client.CanvasBoard 824 lambda$setRobber$8 - Robber is drawn at new position: 19
2017-02-13 15:55:52.957 INFO  view.client.build.BuildController 105 lambda$deactivateButtons$0 - Case not covered!
2017-02-13 15:55:53.443 INFO  view.client.CanvasBoard 824 lambda$setRobber$8 - Robber is drawn at new position: 25
2017-02-13 15:55:53.454 INFO  view.client.build.BuildController 105 lambda$deactivateButtons$0 - Case not covered!
2017-02-13 15:55:53.519 INFO  view.client.build.BuildController 105 lambda$deactivateButtons$0 - Case not covered!
2017-02-13 15:55:53.539 INFO  view.client.build.BuildController 105 lambda$deactivateButtons$0 - Case not covered!
2017-02-13 15:55:53.708 INFO  view.client.build.BuildController 105 lambda$deactivateButtons$0 - Case not covered!
2017-02-13 15:55:54.015 INFO  view.client.build.BuildController 105 lambda$deactivateButtons$0 - Case not covered!
2017-02-13 15:55:54.021 INFO  view.client.build.BuildController 105 lambda$deactivateButtons$0 - Case not covered!
2017-02-13 15:55:54.181 INFO  view.client.Controller 1611 lambda$triggerFading$33 - Fade in Resources
2017-02-13 15:55:54.266 INFO  view.client.build.BuildController 105 lambda$deactivateButtons$0 - Case not covered!
2017-02-13 15:55:54.436 INFO  view.client.build.BuildController 105 lambda$deactivateButtons$0 - Case not covered!
2017-02-13 15:55:54.518 INFO  view.client.build.BuildController 105 lambda$deactivateButtons$0 - Case not covered!
2017-02-13 15:55:54.887 INFO  view.client.build.BuildController 105 lambda$deactivateButtons$0 - Case not covered!
2017-02-13 15:55:55.362 INFO  view.client.build.BuildController 105 lambda$deactivateButtons$0 - Case not covered!
2017-02-13 15:55:55.379 INFO  view.client.build.BuildController 105 lambda$deactivateButtons$0 - Case not covered!
2017-02-13 15:55:55.962 INFO  view.client.build.BuildController 105 lambda$deactivateButtons$0 - Case not covered!
2017-02-13 15:55:56.428 INFO  view.client.build.BuildController 105 lambda$deactivateButtons$0 - Case not covered!
2017-02-13 15:55:56.446 INFO  view.client.build.BuildController 105 lambda$deactivateButtons$0 - Case not covered!
2017-02-13 15:55:56.613 INFO  view.client.build.BuildController 105 lambda$deactivateButtons$0 - Case not covered!
2017-02-13 15:55:56.933 INFO  view.client.build.BuildController 105 lambda$deactivateButtons$0 - Case not covered!
2017-02-13 15:55:56.940 INFO  view.client.build.BuildController 105 lambda$deactivateButtons$0 - Case not covered!
2017-02-13 15:55:57.111 INFO  view.client.Controller 1611 lambda$triggerFading$33 - Fade in Resources
2017-02-13 15:55:57.185 INFO  view.client.build.BuildController 105 lambda$deactivateButtons$0 - Case not covered!
2017-02-13 15:55:57.270 INFO  view.client.Controller 1737 lambda$devCardAnimation$35 - activate animation
2017-02-13 15:55:57.350 INFO  view.client.Controller 1611 lambda$triggerFading$33 - Fade in Resources
2017-02-13 15:55:57.355 INFO  view.client.build.BuildController 105 lambda$deactivateButtons$0 - Case not covered!
2017-02-13 15:55:57.528 INFO  view.client.build.BuildController 105 lambda$deactivateButtons$0 - Case not covered!
2017-02-13 15:55:57.608 INFO  view.client.build.BuildController 105 lambda$deactivateButtons$0 - Case not covered!
2017-02-13 15:55:57.885 INFO  view.client.Controller 1611 lambda$triggerFading$33 - Fade in Resources
2017-02-13 15:55:57.946 INFO  view.client.build.BuildController 105 lambda$deactivateButtons$0 - Case not covered!
2017-02-13 15:55:58.444 INFO  view.client.build.BuildController 105 lambda$deactivateButtons$0 - Case not covered!
2017-02-13 15:55:58.460 INFO  view.client.build.BuildController 105 lambda$deactivateButtons$0 - Case not covered!
2017-02-13 15:55:58.647 INFO  view.client.Controller 1611 lambda$triggerFading$33 - Fade in Resources
2017-02-13 15:55:58.712 INFO  view.client.build.BuildController 105 lambda$deactivateButtons$0 - Case not covered!
2017-02-13 15:55:59.201 INFO  view.client.build.BuildController 105 lambda$deactivateButtons$0 - Case not covered!
2017-02-13 15:55:59.220 INFO  view.client.build.BuildController 105 lambda$deactivateButtons$0 - Case not covered!
2017-02-13 15:55:59.385 INFO  view.client.Controller 1611 lambda$triggerFading$33 - Fade in Resources
2017-02-13 15:55:59.451 INFO  view.client.build.BuildController 105 lambda$deactivateButtons$0 - Case not covered!
2017-02-13 15:55:59.729 INFO  view.client.build.BuildController 105 lambda$deactivateButtons$0 - Case not covered!
2017-02-13 15:56:00.008 INFO  view.client.build.BuildController 105 lambda$deactivateButtons$0 - Case not covered!
2017-02-13 15:56:00.248 INFO  view.client.build.BuildController 105 lambda$deactivateButtons$0 - Case not covered!
2017-02-13 15:56:00.253 INFO  view.client.build.BuildController 105 lambda$deactivateButtons$0 - Case not covered!
2017-02-13 15:56:00.416 INFO  view.client.build.BuildController 105 lambda$deactivateButtons$0 - Case not covered!
2017-02-13 15:56:00.420 INFO  view.client.build.BuildController 105 lambda$deactivateButtons$0 - Case not covered!
2017-02-13 15:56:00.499 INFO  view.client.build.BuildController 105 lambda$deactivateButtons$0 - Case not covered!
2017-02-13 15:56:00.504 INFO  view.client.build.BuildController 105 lambda$deactivateButtons$0 - Case not covered!
2017-02-13 15:56:00.594 INFO  view.client.Controller 1611 lambda$triggerFading$33 - Fade in Resources
2017-02-13 15:56:00.677 INFO  view.client.build.BuildController 105 lambda$deactivateButtons$0 - Case not covered!
2017-02-13 15:56:00.762 INFO  view.client.build.BuildController 105 lambda$deactivateButtons$0 - Case not covered!
2017-02-13 15:56:00.783 INFO  view.client.Controller 1859 lambda$clearAnimation$39 - 
Cleared Animation
2017-02-13 15:56:00.843 INFO  view.client.build.BuildController 105 lambda$deactivateButtons$0 - Case not covered!
2017-02-13 15:56:01.013 INFO  view.client.Controller 1611 lambda$triggerFading$33 - Fade in Resources
2017-02-13 15:56:01.106 INFO  view.client.CanvasBoard 824 lambda$setRobber$8 - Robber is drawn at new position: 18
2017-02-13 15:56:01.107 INFO  view.client.build.BuildController 105 lambda$deactivateButtons$0 - Case not covered!
2017-02-13 15:56:01.354 INFO  view.client.CanvasBoard 824 lambda$setRobber$8 - Robber is drawn at new position: 26
2017-02-13 15:56:01.356 INFO  view.client.Controller 1611 lambda$triggerFading$33 - Fade in Resources
2017-02-13 15:56:01.430 INFO  view.client.build.BuildController 105 lambda$deactivateButtons$0 - Case not covered!
2017-02-13 15:56:01.432 INFO  view.client.build.BuildController 105 lambda$deactivateButtons$0 - Case not covered!
2017-02-13 15:56:01.516 INFO  view.client.build.BuildController 105 lambda$deactivateButtons$0 - Case not covered!
2017-02-13 15:56:02.054 INFO  view.client.build.BuildController 105 lambda$deactivateButtons$0 - Case not covered!
2017-02-13 15:56:02.449 INFO  view.client.build.BuildController 105 lambda$deactivateButtons$0 - Case not covered!
2017-02-13 15:56:02.468 INFO  view.client.build.BuildController 105 lambda$deactivateButtons$0 - Case not covered!
2017-02-13 15:56:02.642 INFO  view.client.build.BuildController 105 lambda$deactivateButtons$0 - Case not covered!
2017-02-13 15:56:02.706 INFO  view.client.build.BuildController 105 lambda$deactivateButtons$0 - Case not covered!
2017-02-13 15:56:02.724 INFO  view.client.build.BuildController 105 lambda$deactivateButtons$0 - Case not covered!
2017-02-13 15:56:02.790 INFO  view.client.build.BuildController 105 lambda$deactivateButtons$0 - Case not covered!
2017-02-13 15:56:02.806 INFO  view.client.build.BuildController 105 lambda$deactivateButtons$0 - Case not covered!
2017-02-13 15:56:03.265 INFO  view.client.Controller 1611 lambda$triggerFading$33 - Fade in Resources
2017-02-13 15:56:03.357 INFO  view.client.CanvasBoard 824 lambda$setRobber$8 - Robber is drawn at new position: 19
2017-02-13 15:56:03.381 INFO  view.client.build.BuildController 105 lambda$deactivateButtons$0 - Case not covered!
2017-02-13 15:56:03.860 INFO  view.client.build.BuildController 105 lambda$deactivateButtons$0 - Case not covered!
2017-02-13 15:56:04.194 INFO  view.client.build.BuildController 105 lambda$deactivateButtons$0 - Case not covered!
2017-02-13 15:56:04.212 INFO  view.client.build.BuildController 105 lambda$deactivateButtons$0 - Case not covered!
2017-02-13 15:56:04.380 INFO  view.client.build.BuildController 105 lambda$deactivateButtons$0 - Case not covered!
2017-02-13 15:56:04.617 INFO  view.client.build.BuildController 105 lambda$deactivateButtons$0 - Case not covered!
2017-02-13 15:56:04.624 INFO  view.client.build.BuildController 105 lambda$deactivateButtons$0 - Case not covered!
2017-02-13 15:56:04.870 INFO  view.client.build.BuildController 105 lambda$deactivateButtons$0 - Case not covered!
2017-02-13 15:56:05.041 INFO  view.client.build.BuildController 105 lambda$deactivateButtons$0 - Case not covered!
2017-02-13 15:56:05.121 INFO  view.client.build.BuildController 105 lambda$deactivateButtons$0 - Case not covered!
2017-02-13 15:56:05.445 INFO  view.client.build.BuildController 105 lambda$deactivateButtons$0 - Case not covered!
2017-02-13 15:56:05.966 INFO  view.client.build.BuildController 105 lambda$deactivateButtons$0 - Case not covered!
2017-02-13 15:56:06.375 INFO  view.client.build.BuildController 105 lambda$deactivateButtons$0 - Case not covered!
2017-02-13 15:56:06.395 INFO  view.client.build.BuildController 105 lambda$deactivateButtons$0 - Case not covered!
2017-02-13 15:56:06.486 INFO  view.client.build.BuildController 105 lambda$deactivateButtons$0 - Case not covered!
2017-02-13 15:56:06.549 INFO  view.client.build.BuildController 105 lambda$deactivateButtons$0 - Case not covered!
2017-02-13 15:56:06.566 INFO  view.client.build.BuildController 105 lambda$deactivateButtons$0 - Case not covered!
2017-02-13 15:56:06.633 INFO  view.client.build.BuildController 105 lambda$deactivateButtons$0 - Case not covered!
2017-02-13 15:56:06.651 INFO  view.client.build.BuildController 105 lambda$deactivateButtons$0 - Case not covered!
2017-02-13 15:56:07.218 INFO  view.client.CanvasBoard 824 lambda$setRobber$8 - Robber is drawn at new position: 26
2017-02-13 15:56:07.229 INFO  view.client.build.BuildController 105 lambda$deactivateButtons$0 - Case not covered!
2017-02-13 15:56:07.742 INFO  view.client.build.BuildController 105 lambda$deactivateButtons$0 - Case not covered!
2017-02-13 15:56:08.158 INFO  view.client.CanvasBoard 824 lambda$setRobber$8 - Robber is drawn at new position: 25
2017-02-13 15:56:08.166 INFO  view.client.build.BuildController 105 lambda$deactivateButtons$0 - Case not covered!
2017-02-13 15:56:08.234 INFO  view.client.build.BuildController 105 lambda$deactivateButtons$0 - Case not covered!
2017-02-13 15:56:08.247 INFO  view.client.build.BuildController 105 lambda$deactivateButtons$0 - Case not covered!
2017-02-13 15:56:08.333 INFO  view.client.build.BuildController 105 lambda$deactivateButtons$0 - Case not covered!
2017-02-13 15:56:08.405 INFO  view.client.build.BuildController 105 lambda$deactivateButtons$0 - Case not covered!
2017-02-13 15:56:08.419 INFO  view.client.build.BuildController 105 lambda$deactivateButtons$0 - Case not covered!
2017-02-13 15:56:08.492 INFO  view.client.build.BuildController 105 lambda$deactivateButtons$0 - Case not covered!
2017-02-13 15:56:08.504 INFO  view.client.build.BuildController 105 lambda$deactivateButtons$0 - Case not covered!
2017-02-13 15:56:08.646 INFO  view.client.Controller 1611 lambda$triggerFading$33 - Fade in Resources
2017-02-13 15:56:08.741 INFO  view.client.CanvasBoard 824 lambda$setRobber$8 - Robber is drawn at new position: 19
2017-02-13 15:56:08.776 INFO  view.client.build.BuildController 105 lambda$deactivateButtons$0 - Case not covered!
2017-02-13 15:56:09.024 INFO  view.client.build.BuildController 105 lambda$deactivateButtons$0 - Case not covered!
2017-02-13 15:56:09.269 INFO  view.client.build.BuildController 105 lambda$deactivateButtons$0 - Case not covered!
2017-02-13 15:56:09.275 INFO  view.client.build.BuildController 105 lambda$deactivateButtons$0 - Case not covered!
2017-02-13 15:56:09.522 INFO  view.client.build.BuildController 105 lambda$deactivateButtons$0 - Case not covered!
2017-02-13 15:56:09.694 INFO  view.client.build.BuildController 105 lambda$deactivateButtons$0 - Case not covered!
2017-02-13 15:56:09.774 INFO  view.client.build.BuildController 105 lambda$deactivateButtons$0 - Case not covered!
2017-02-13 15:56:10.367 INFO  view.client.build.BuildController 105 lambda$deactivateButtons$0 - Case not covered!
2017-02-13 15:56:10.834 INFO  view.client.build.BuildController 105 lambda$deactivateButtons$0 - Case not covered!
2017-02-13 15:56:10.852 INFO  view.client.build.BuildController 105 lambda$deactivateButtons$0 - Case not covered!
2017-02-13 15:56:11.442 INFO  view.client.build.BuildController 105 lambda$deactivateButtons$0 - Case not covered!
2017-02-13 15:56:11.910 INFO  view.client.build.BuildController 105 lambda$deactivateButtons$0 - Case not covered!
2017-02-13 15:56:11.928 INFO  view.client.build.BuildController 105 lambda$deactivateButtons$0 - Case not covered!
2017-02-13 15:56:12.096 INFO  view.client.Controller 1611 lambda$triggerFading$33 - Fade in Resources
2017-02-13 15:56:12.180 INFO  view.client.build.BuildController 105 lambda$deactivateButtons$0 - Case not covered!
2017-02-13 15:56:12.448 INFO  view.client.build.BuildController 105 lambda$deactivateButtons$0 - Case not covered!
2017-02-13 15:56:12.533 INFO  view.client.build.BuildController 105 lambda$deactivateButtons$0 - Case not covered!
2017-02-13 15:56:12.695 INFO  view.client.build.BuildController 105 lambda$deactivateButtons$0 - Case not covered!
2017-02-13 15:56:12.701 INFO  view.client.build.BuildController 105 lambda$deactivateButtons$0 - Case not covered!
2017-02-13 15:56:12.944 INFO  view.client.Controller 1611 lambda$triggerFading$33 - Fade in Resources
2017-02-13 15:56:13.027 INFO  view.client.build.BuildController 105 lambda$deactivateButtons$0 - Case not covered!
2017-02-13 15:56:13.197 INFO  view.client.build.BuildController 105 lambda$deactivateButtons$0 - Case not covered!
2017-02-13 15:56:13.279 INFO  view.client.build.BuildController 105 lambda$deactivateButtons$0 - Case not covered!
2017-02-13 15:56:13.777 INFO  view.client.Controller 1611 lambda$triggerFading$33 - Fade in Resources
2017-02-13 15:56:13.837 INFO  view.client.build.BuildController 105 lambda$deactivateButtons$0 - Case not covered!
2017-02-13 15:56:14.245 INFO  view.client.build.BuildController 105 lambda$deactivateButtons$0 - Case not covered!
2017-02-13 15:56:14.575 INFO  view.client.build.BuildController 105 lambda$deactivateButtons$0 - Case not covered!
2017-02-13 15:56:14.593 INFO  view.client.build.BuildController 105 lambda$deactivateButtons$0 - Case not covered!
2017-02-13 15:56:14.687 INFO  view.client.Controller 1611 lambda$triggerFading$33 - Fade in Resources
2017-02-13 15:56:14.747 INFO  view.client.build.BuildController 105 lambda$deactivateButtons$0 - Case not covered!
2017-02-13 15:56:15.185 INFO  view.client.build.BuildController 105 lambda$deactivateButtons$0 - Case not covered!
2017-02-13 15:56:15.594 INFO  view.client.build.BuildController 105 lambda$deactivateButtons$0 - Case not covered!
2017-02-13 15:56:15.613 INFO  view.client.build.BuildController 105 lambda$deactivateButtons$0 - Case not covered!
2017-02-13 15:56:15.847 INFO  view.client.build.BuildController 105 lambda$deactivateButtons$0 - Case not covered!
2017-02-13 15:56:16.026 INFO  view.client.build.BuildController 105 lambda$deactivateButtons$0 - Case not covered!
2017-02-13 15:56:16.032 INFO  view.client.build.BuildController 105 lambda$deactivateButtons$0 - Case not covered!
2017-02-13 15:56:16.278 INFO  view.client.build.BuildController 105 lambda$deactivateButtons$0 - Case not covered!
2017-02-13 15:56:16.464 INFO  view.client.Controller 1611 lambda$triggerFading$33 - Fade in Resources
2017-02-13 15:56:16.547 INFO  view.client.build.BuildController 105 lambda$deactivateButtons$0 - Case not covered!
2017-02-13 15:56:16.636 INFO  view.client.Controller 1737 lambda$devCardAnimation$35 - activate animation
2017-02-13 15:56:16.718 INFO  view.client.Controller 1611 lambda$triggerFading$33 - Fade in Resources
2017-02-13 15:56:16.719 INFO  view.client.build.BuildController 105 lambda$deactivateButtons$0 - Case not covered!
2017-02-13 15:56:16.884 INFO  view.client.build.BuildController 105 lambda$deactivateButtons$0 - Case not covered!
2017-02-13 15:56:16.965 INFO  view.client.build.BuildController 105 lambda$deactivateButtons$0 - Case not covered!
2017-02-13 15:56:17.281 INFO  view.client.build.BuildController 105 lambda$deactivateButtons$0 - Case not covered!
2017-02-13 15:56:17.348 INFO  view.client.build.BuildController 105 lambda$deactivateButtons$0 - Case not covered!
2017-02-13 15:56:17.367 INFO  view.client.build.BuildController 105 lambda$deactivateButtons$0 - Case not covered!
2017-02-13 15:56:17.431 INFO  view.client.build.BuildController 105 lambda$deactivateButtons$0 - Case not covered!
2017-02-13 15:56:17.517 INFO  view.client.build.BuildController 105 lambda$deactivateButtons$0 - Case not covered!
2017-02-13 15:56:17.615 INFO  view.client.build.BuildController 105 lambda$deactivateButtons$0 - Case not covered!
2017-02-13 15:56:17.677 INFO  view.client.build.BuildController 105 lambda$deactivateButtons$0 - Case not covered!
2017-02-13 15:56:18.350 INFO  view.client.CanvasBoard 824 lambda$setRobber$8 - Robber is drawn at new position: 17
2017-02-13 15:56:18.361 INFO  view.client.build.BuildController 105 lambda$deactivateButtons$0 - Case not covered!
2017-02-13 15:56:18.875 INFO  view.client.build.BuildController 105 lambda$deactivateButtons$0 - Case not covered!
2017-02-13 15:56:19.284 INFO  view.client.build.BuildController 105 lambda$deactivateButtons$0 - Case not covered!
2017-02-13 15:56:19.303 INFO  view.client.build.BuildController 105 lambda$deactivateButtons$0 - Case not covered!
2017-02-13 15:56:19.482 INFO  view.client.build.BuildController 105 lambda$deactivateButtons$0 - Case not covered!
2017-02-13 15:56:19.950 INFO  view.client.build.BuildController 105 lambda$deactivateButtons$0 - Case not covered!
2017-02-13 15:56:19.967 INFO  view.client.build.BuildController 105 lambda$deactivateButtons$0 - Case not covered!
2017-02-13 15:56:20.116 INFO  view.client.build.BuildController 105 lambda$deactivateButtons$0 - Case not covered!
2017-02-13 15:56:20.144 INFO  view.client.Controller 1859 lambda$clearAnimation$39 - 
Cleared Animation
2017-02-13 15:56:20.298 INFO  view.client.build.BuildController 105 lambda$deactivateButtons$0 - Case not covered!
2017-02-13 15:56:20.304 INFO  view.client.build.BuildController 105 lambda$deactivateButtons$0 - Case not covered!
2017-02-13 15:56:20.546 INFO  view.client.Controller 1611 lambda$triggerFading$33 - Fade in Resources
2017-02-13 15:56:20.558 INFO  view.client.build.BuildController 105 lambda$deactivateButtons$0 - Case not covered!
2017-02-13 15:56:20.818 INFO  view.client.CanvasBoard 824 lambda$setRobber$8 - Robber is drawn at new position: 25
2017-02-13 15:56:20.819 INFO  view.client.Controller 1611 lambda$triggerFading$33 - Fade in Resources
2017-02-13 15:56:20.897 INFO  view.client.build.BuildController 105 lambda$deactivateButtons$0 - Case not covered!
2017-02-13 15:56:20.898 INFO  view.client.build.BuildController 105 lambda$deactivateButtons$0 - Case not covered!
2017-02-13 15:56:20.980 INFO  view.client.build.BuildController 105 lambda$deactivateButtons$0 - Case not covered!
2017-02-13 15:56:21.399 INFO  view.client.Controller 1611 lambda$triggerFading$33 - Fade in Resources
2017-02-13 15:56:21.480 INFO  view.client.build.BuildController 105 lambda$deactivateButtons$0 - Case not covered!
2017-02-13 15:56:21.951 INFO  view.client.build.BuildController 105 lambda$deactivateButtons$0 - Case not covered!
2017-02-13 15:56:21.968 INFO  view.client.build.BuildController 105 lambda$deactivateButtons$0 - Case not covered!
2017-02-13 15:56:22.121 INFO  view.client.Controller 1611 lambda$triggerFading$33 - Fade in Resources
2017-02-13 15:56:22.147 INFO  view.client.build.BuildController 105 lambda$deactivateButtons$0 - Case not covered!
2017-02-13 15:56:22.613 INFO  view.client.build.BuildController 105 lambda$deactivateButtons$0 - Case not covered!
2017-02-13 15:56:22.632 INFO  view.client.build.BuildController 105 lambda$deactivateButtons$0 - Case not covered!
2017-02-13 15:56:22.719 INFO  view.client.build.BuildController 105 lambda$deactivateButtons$0 - Case not covered!
2017-02-13 15:56:22.780 INFO  view.client.build.BuildController 105 lambda$deactivateButtons$0 - Case not covered!
2017-02-13 15:56:22.804 INFO  view.client.build.BuildController 105 lambda$deactivateButtons$0 - Case not covered!
2017-02-13 15:56:22.863 INFO  view.client.build.BuildController 105 lambda$deactivateButtons$0 - Case not covered!
2017-02-13 15:56:22.950 INFO  view.client.Controller 1611 lambda$triggerFading$33 - Fade in Resources
2017-02-13 15:56:23.034 INFO  view.client.build.BuildController 105 lambda$deactivateButtons$0 - Case not covered!
2017-02-13 15:56:23.118 INFO  view.client.build.BuildController 105 lambda$deactivateButtons$0 - Case not covered!
2017-02-13 15:56:23.234 INFO  view.client.CanvasBoard 824 lambda$setRobber$8 - Robber is drawn at new position: 18
2017-02-13 15:56:23.284 INFO  view.client.build.BuildController 105 lambda$deactivateButtons$0 - Case not covered!
2017-02-13 15:56:23.481 INFO  view.client.build.BuildController 105 lambda$deactivateButtons$0 - Case not covered!
2017-02-13 15:56:23.648 INFO  view.client.build.BuildController 105 lambda$deactivateButtons$0 - Case not covered!
2017-02-13 15:56:23.653 INFO  view.client.build.BuildController 105 lambda$deactivateButtons$0 - Case not covered!
2017-02-13 15:56:23.898 INFO  view.client.build.BuildController 105 lambda$deactivateButtons$0 - Case not covered!
2017-02-13 15:56:23.983 INFO  view.client.Controller 1737 lambda$devCardAnimation$35 - activate animation
2017-02-13 15:56:24.064 INFO  view.client.Controller 1611 lambda$triggerFading$33 - Fade in Resources
2017-02-13 15:56:24.065 INFO  view.client.build.BuildController 105 lambda$deactivateButtons$0 - Case not covered!
2017-02-13 15:56:24.234 INFO  view.client.build.BuildController 105 lambda$deactivateButtons$0 - Case not covered!
2017-02-13 15:56:24.314 INFO  view.client.build.BuildController 105 lambda$deactivateButtons$0 - Case not covered!
2017-02-13 15:56:24.886 INFO  view.client.build.BuildController 105 lambda$deactivateButtons$0 - Case not covered!
2017-02-13 15:56:24.951 INFO  view.client.build.BuildController 105 lambda$deactivateButtons$0 - Case not covered!
2017-02-13 15:56:24.970 INFO  view.client.build.BuildController 105 lambda$deactivateButtons$0 - Case not covered!
2017-02-13 15:56:25.032 INFO  view.client.build.BuildController 105 lambda$deactivateButtons$0 - Case not covered!
2017-02-13 15:56:25.054 INFO  view.client.build.BuildController 105 lambda$deactivateButtons$0 - Case not covered!
2017-02-13 15:56:25.616 INFO  view.client.CanvasBoard 824 lambda$setRobber$8 - Robber is drawn at new position: 17
2017-02-13 15:56:25.630 INFO  view.client.build.BuildController 105 lambda$deactivateButtons$0 - Case not covered!
2017-02-13 15:56:26.131 INFO  view.client.build.BuildController 105 lambda$deactivateButtons$0 - Case not covered!
2017-02-13 15:56:26.546 INFO  view.client.build.BuildController 105 lambda$deactivateButtons$0 - Case not covered!
2017-02-13 15:56:26.562 INFO  view.client.build.BuildController 105 lambda$deactivateButtons$0 - Case not covered!
2017-02-13 15:56:26.741 INFO  view.client.build.BuildController 105 lambda$deactivateButtons$0 - Case not covered!
2017-02-13 15:56:27.211 INFO  view.client.build.BuildController 105 lambda$deactivateButtons$0 - Case not covered!
2017-02-13 15:56:27.229 INFO  view.client.build.BuildController 105 lambda$deactivateButtons$0 - Case not covered!
2017-02-13 15:56:27.398 INFO  view.client.build.BuildController 105 lambda$deactivateButtons$0 - Case not covered!
2017-02-13 15:56:27.489 INFO  view.client.Controller 1859 lambda$clearAnimation$39 - 
Cleared Animation
2017-02-13 15:56:27.641 INFO  view.client.CanvasBoard 824 lambda$setRobber$8 - Robber is drawn at new position: 18
2017-02-13 15:56:27.652 INFO  view.client.build.BuildController 105 lambda$deactivateButtons$0 - Case not covered!
2017-02-13 15:56:27.718 INFO  view.client.build.BuildController 105 lambda$deactivateButtons$0 - Case not covered!
2017-02-13 15:56:27.734 INFO  view.client.build.BuildController 105 lambda$deactivateButtons$0 - Case not covered!
2017-02-13 15:56:27.885 INFO  view.client.Controller 1611 lambda$triggerFading$33 - Fade in Resources
2017-02-13 15:56:27.901 INFO  view.client.build.BuildController 105 lambda$deactivateButtons$0 - Case not covered!
2017-02-13 15:56:28.088 INFO  view.client.Controller 1611 lambda$triggerFading$33 - Fade in Resources
2017-02-13 15:56:28.183 INFO  view.client.build.BuildController 105 lambda$deactivateButtons$0 - Case not covered!
2017-02-13 15:56:28.250 INFO  view.client.build.BuildController 105 lambda$deactivateButtons$0 - Case not covered!
2017-02-13 15:56:28.502 INFO  view.client.Controller 1611 lambda$triggerFading$33 - Fade in Resources
2017-02-13 15:56:28.591 INFO  view.client.CanvasBoard 824 lambda$setRobber$8 - Robber is drawn at new position: 26
2017-02-13 15:56:28.667 INFO  view.client.build.BuildController 105 lambda$deactivateButtons$0 - Case not covered!
2017-02-13 15:56:28.668 INFO  view.client.build.BuildController 105 lambda$deactivateButtons$0 - Case not covered!
2017-02-13 15:56:28.755 INFO  view.client.build.BuildController 105 lambda$deactivateButtons$0 - Case not covered!
2017-02-13 15:56:29.403 INFO  view.client.build.BuildController 105 lambda$deactivateButtons$0 - Case not covered!
2017-02-13 15:56:29.469 INFO  view.client.build.BuildController 105 lambda$deactivateButtons$0 - Case not covered!
2017-02-13 15:56:29.486 INFO  view.client.build.BuildController 105 lambda$deactivateButtons$0 - Case not covered!
2017-02-13 15:56:29.550 INFO  view.client.build.BuildController 105 lambda$deactivateButtons$0 - Case not covered!
2017-02-13 15:56:29.569 INFO  view.client.build.BuildController 105 lambda$deactivateButtons$0 - Case not covered!
2017-02-13 15:56:30.137 INFO  view.client.CanvasBoard 824 lambda$setRobber$8 - Robber is drawn at new position: 17
2017-02-13 15:56:30.147 INFO  view.client.build.BuildController 105 lambda$deactivateButtons$0 - Case not covered!
2017-02-13 15:56:30.634 INFO  view.client.build.BuildController 105 lambda$deactivateButtons$0 - Case not covered!
2017-02-13 15:56:30.653 INFO  view.client.build.BuildController 105 lambda$deactivateButtons$0 - Case not covered!
2017-02-13 15:56:30.805 INFO  view.client.build.BuildController 105 lambda$deactivateButtons$0 - Case not covered!
2017-02-13 15:56:31.217 INFO  view.client.build.BuildController 105 lambda$deactivateButtons$0 - Case not covered!
2017-02-13 15:56:31.236 INFO  view.client.build.BuildController 105 lambda$deactivateButtons$0 - Case not covered!
2017-02-13 15:56:31.320 INFO  view.client.Controller 1611 lambda$triggerFading$33 - Fade in Resources
2017-02-13 15:56:31.402 INFO  view.client.build.BuildController 105 lambda$deactivateButtons$0 - Case not covered!
2017-02-13 15:56:31.644 INFO  view.client.build.BuildController 105 lambda$deactivateButtons$0 - Case not covered!
2017-02-13 15:56:31.648 INFO  view.client.build.BuildController 105 lambda$deactivateButtons$0 - Case not covered!
2017-02-13 15:56:31.814 INFO  view.client.build.BuildController 105 lambda$deactivateButtons$0 - Case not covered!
2017-02-13 15:56:31.990 INFO  view.client.build.BuildController 105 lambda$deactivateButtons$0 - Case not covered!
2017-02-13 15:56:32.070 INFO  view.client.build.BuildController 105 lambda$deactivateButtons$0 - Case not covered!
2017-02-13 15:56:32.328 INFO  view.client.Controller 1611 lambda$triggerFading$33 - Fade in Resources
2017-02-13 15:56:32.387 INFO  view.client.build.BuildController 105 lambda$deactivateButtons$0 - Case not covered!
2017-02-13 15:56:32.882 INFO  view.client.build.BuildController 105 lambda$deactivateButtons$0 - Case not covered!
2017-02-13 15:56:32.900 INFO  view.client.build.BuildController 105 lambda$deactivateButtons$0 - Case not covered!
2017-02-13 15:56:33.079 INFO  view.client.Controller 1611 lambda$triggerFading$33 - Fade in Resources
2017-02-13 15:56:33.164 INFO  view.client.build.BuildController 105 lambda$deactivateButtons$0 - Case not covered!
2017-02-13 15:56:33.185 INFO  view.client.Controller 1859 lambda$clearAnimation$39 - 
Cleared Animation
2017-02-13 15:56:33.610 INFO  view.client.Controller 1859 lambda$clearAnimation$39 - 
Cleared Animation
2017-02-13 15:56:33.730 INFO  view.client.build.BuildController 105 lambda$deactivateButtons$0 - Case not covered!
2017-02-13 15:56:34.144 INFO  view.client.build.BuildController 105 lambda$deactivateButtons$0 - Case not covered!
2017-02-13 15:56:34.162 INFO  view.client.build.BuildController 105 lambda$deactivateButtons$0 - Case not covered!
2017-02-13 15:56:34.312 INFO  view.client.build.BuildController 105 lambda$deactivateButtons$0 - Case not covered!
2017-02-13 15:56:34.500 INFO  view.client.build.BuildController 105 lambda$deactivateButtons$0 - Case not covered!
2017-02-13 15:56:34.506 INFO  view.client.build.BuildController 105 lambda$deactivateButtons$0 - Case not covered!
2017-02-13 15:56:34.668 INFO  view.client.build.BuildController 105 lambda$deactivateButtons$0 - Case not covered!
2017-02-13 15:56:34.754 INFO  view.client.Controller 1737 lambda$devCardAnimation$35 - activate animation
2017-02-13 15:56:34.835 INFO  view.client.Controller 1611 lambda$triggerFading$33 - Fade in Resources
2017-02-13 15:56:34.836 INFO  view.client.build.BuildController 105 lambda$deactivateButtons$0 - Case not covered!
2017-02-13 15:56:35.007 INFO  view.client.build.BuildController 105 lambda$deactivateButtons$0 - Case not covered!
2017-02-13 15:56:35.087 INFO  view.client.build.BuildController 105 lambda$deactivateButtons$0 - Case not covered!
2017-02-13 15:56:35.313 INFO  view.client.build.BuildController 105 lambda$deactivateButtons$0 - Case not covered!
2017-02-13 15:56:35.728 INFO  view.client.build.BuildController 105 lambda$deactivateButtons$0 - Case not covered!
2017-02-13 15:56:36.059 INFO  view.client.build.BuildController 105 lambda$deactivateButtons$0 - Case not covered!
2017-02-13 15:56:36.078 INFO  view.client.build.BuildController 105 lambda$deactivateButtons$0 - Case not covered!
2017-02-13 15:56:36.253 INFO  view.client.build.BuildController 105 lambda$deactivateButtons$0 - Case not covered!
2017-02-13 15:56:36.728 INFO  view.client.build.BuildController 105 lambda$deactivateButtons$0 - Case not covered!
2017-02-13 15:56:36.744 INFO  view.client.build.BuildController 105 lambda$deactivateButtons$0 - Case not covered!
2017-02-13 15:56:36.829 INFO  view.client.build.BuildController 105 lambda$deactivateButtons$0 - Case not covered!
2017-02-13 15:56:36.896 INFO  view.client.build.BuildController 105 lambda$deactivateButtons$0 - Case not covered!
2017-02-13 15:56:36.911 INFO  view.client.build.BuildController 105 lambda$deactivateButtons$0 - Case not covered!
2017-02-13 15:56:36.979 INFO  view.client.build.BuildController 105 lambda$deactivateButtons$0 - Case not covered!
2017-02-13 15:56:37.089 INFO  view.client.build.BuildController 105 lambda$deactivateButtons$0 - Case not covered!
2017-02-13 15:56:37.170 INFO  view.client.build.BuildController 105 lambda$deactivateButtons$0 - Case not covered!
2017-02-13 15:56:37.236 INFO  view.client.build.BuildController 105 lambda$deactivateButtons$0 - Case not covered!
2017-02-13 15:56:37.487 INFO  view.client.CanvasBoard 824 lambda$setRobber$8 - Robber is drawn at new position: 18
2017-02-13 15:56:37.500 INFO  view.client.build.BuildController 105 lambda$deactivateButtons$0 - Case not covered!
2017-02-13 15:56:37.762 INFO  view.client.build.BuildController 105 lambda$deactivateButtons$0 - Case not covered!
2017-02-13 15:56:38.010 INFO  view.client.build.BuildController 105 lambda$deactivateButtons$0 - Case not covered!
2017-02-13 15:56:38.014 INFO  view.client.build.BuildController 105 lambda$deactivateButtons$0 - Case not covered!
2017-02-13 15:56:38.261 INFO  view.client.build.BuildController 105 lambda$deactivateButtons$0 - Case not covered!
2017-02-13 15:56:38.261 INFO  view.client.Controller 1859 lambda$clearAnimation$39 - 
Cleared Animation
2017-02-13 15:56:38.599 INFO  view.client.build.BuildController 105 lambda$deactivateButtons$0 - Case not covered!
2017-02-13 15:56:38.792 INFO  view.client.Controller 1611 lambda$triggerFading$33 - Fade in Resources
2017-02-13 15:56:38.874 INFO  view.client.build.BuildController 105 lambda$deactivateButtons$0 - Case not covered!
2017-02-13 15:56:39.048 INFO  view.client.build.BuildController 105 lambda$deactivateButtons$0 - Case not covered!
2017-02-13 15:56:39.128 INFO  view.client.build.BuildController 105 lambda$deactivateButtons$0 - Case not covered!
2017-02-13 15:56:39.740 INFO  view.client.Controller 1611 lambda$triggerFading$33 - Fade in Resources
2017-02-13 15:56:39.767 INFO  view.client.build.BuildController 105 lambda$deactivateButtons$0 - Case not covered!
2017-02-13 15:56:40.152 INFO  view.client.Controller 1611 lambda$triggerFading$33 - Fade in Resources
2017-02-13 15:56:40.230 INFO  view.client.build.BuildController 105 lambda$deactivateButtons$0 - Case not covered!
2017-02-13 15:56:40.235 INFO  view.client.build.BuildController 105 lambda$deactivateButtons$0 - Case not covered!
2017-02-13 15:56:40.314 INFO  view.client.build.BuildController 105 lambda$deactivateButtons$0 - Case not covered!
2017-02-13 15:56:40.509 INFO  view.client.build.BuildController 105 lambda$deactivateButtons$0 - Case not covered!
2017-02-13 15:56:40.976 INFO  view.client.build.BuildController 105 lambda$deactivateButtons$0 - Case not covered!
2017-02-13 15:56:40.995 INFO  view.client.build.BuildController 105 lambda$deactivateButtons$0 - Case not covered!
2017-02-13 15:56:41.079 INFO  view.client.build.BuildController 105 lambda$deactivateButtons$0 - Case not covered!
2017-02-13 15:56:41.144 INFO  view.client.build.BuildController 105 lambda$deactivateButtons$0 - Case not covered!
2017-02-13 15:56:41.161 INFO  view.client.build.BuildController 105 lambda$deactivateButtons$0 - Case not covered!
2017-02-13 15:56:41.229 INFO  view.client.build.BuildController 105 lambda$deactivateButtons$0 - Case not covered!
2017-02-13 15:56:41.412 INFO  view.client.build.BuildController 105 lambda$deactivateButtons$0 - Case not covered!
2017-02-13 15:56:41.930 INFO  view.client.build.BuildController 105 lambda$deactivateButtons$0 - Case not covered!
2017-02-13 15:56:41.994 INFO  view.client.build.BuildController 105 lambda$deactivateButtons$0 - Case not covered!
2017-02-13 15:56:42.174 INFO  view.client.CanvasBoard 824 lambda$setRobber$8 - Robber is drawn at new position: 5
2017-02-13 15:56:42.184 INFO  view.client.build.BuildController 105 lambda$deactivateButtons$0 - Case not covered!
2017-02-13 15:56:42.447 INFO  view.client.build.BuildController 105 lambda$deactivateButtons$0 - Case not covered!
2017-02-13 15:56:42.693 INFO  view.client.build.BuildController 105 lambda$deactivateButtons$0 - Case not covered!
2017-02-13 15:56:42.699 INFO  view.client.build.BuildController 105 lambda$deactivateButtons$0 - Case not covered!
2017-02-13 15:56:42.945 INFO  view.client.Controller 1611 lambda$triggerFading$33 - Fade in Resources
2017-02-13 15:56:43.033 INFO  view.client.build.BuildController 105 lambda$deactivateButtons$0 - Case not covered!
2017-02-13 15:56:43.204 INFO  view.client.build.BuildController 105 lambda$deactivateButtons$0 - Case not covered!
2017-02-13 15:56:43.285 INFO  view.client.build.BuildController 105 lambda$deactivateButtons$0 - Case not covered!
2017-02-13 15:56:44.114 INFO  view.client.Controller 1611 lambda$triggerFading$33 - Fade in Resources
2017-02-13 15:56:44.177 INFO  view.client.build.BuildController 105 lambda$deactivateButtons$0 - Case not covered!
2017-02-13 15:56:44.670 INFO  view.client.build.BuildController 105 lambda$deactivateButtons$0 - Case not covered!
2017-02-13 15:56:44.690 INFO  view.client.build.BuildController 105 lambda$deactivateButtons$0 - Case not covered!
2017-02-13 15:56:44.871 INFO  view.client.Controller 1611 lambda$triggerFading$33 - Fade in Resources
2017-02-13 15:56:44.953 INFO  view.client.build.BuildController 105 lambda$deactivateButtons$0 - Case not covered!
2017-02-13 15:56:45.535 INFO  view.client.build.BuildController 105 lambda$deactivateButtons$0 - Case not covered!
2017-02-13 15:56:45.941 INFO  view.client.build.BuildController 105 lambda$deactivateButtons$0 - Case not covered!
2017-02-13 15:56:45.958 INFO  view.client.build.BuildController 105 lambda$deactivateButtons$0 - Case not covered!
2017-02-13 15:56:46.110 INFO  view.client.Controller 1611 lambda$triggerFading$33 - Fade in Resources
2017-02-13 15:56:46.127 INFO  view.client.build.BuildController 105 lambda$deactivateButtons$0 - Case not covered!
2017-02-13 15:56:46.388 INFO  view.client.build.BuildController 105 lambda$deactivateButtons$0 - Case not covered!
2017-02-13 15:56:46.628 INFO  view.client.build.BuildController 105 lambda$deactivateButtons$0 - Case not covered!
2017-02-13 15:56:46.634 INFO  view.client.build.BuildController 105 lambda$deactivateButtons$0 - Case not covered!
2017-02-13 15:56:46.879 INFO  view.client.Controller 1611 lambda$triggerFading$33 - Fade in Resources
2017-02-13 15:56:46.962 INFO  view.client.build.BuildController 105 lambda$deactivateButtons$0 - Case not covered!
2017-02-13 15:56:47.139 INFO  view.client.build.BuildController 105 lambda$deactivateButtons$0 - Case not covered!
2017-02-13 15:56:47.219 INFO  view.client.build.BuildController 105 lambda$deactivateButtons$0 - Case not covered!
2017-02-13 15:56:47.530 INFO  view.client.Controller 1611 lambda$triggerFading$33 - Fade in Resources
2017-02-13 15:56:47.557 INFO  view.client.build.BuildController 105 lambda$deactivateButtons$0 - Case not covered!
2017-02-13 15:56:48.047 INFO  view.client.build.BuildController 105 lambda$deactivateButtons$0 - Case not covered!
2017-02-13 15:56:48.461 INFO  view.client.build.BuildController 105 lambda$deactivateButtons$0 - Case not covered!
2017-02-13 15:56:48.480 INFO  view.client.build.BuildController 105 lambda$deactivateButtons$0 - Case not covered!
2017-02-13 15:56:48.660 INFO  view.client.build.BuildController 105 lambda$deactivateButtons$0 - Case not covered!
2017-02-13 15:56:49.128 INFO  view.client.build.BuildController 105 lambda$deactivateButtons$0 - Case not covered!
2017-02-13 15:56:49.146 INFO  view.client.build.BuildController 105 lambda$deactivateButtons$0 - Case not covered!
2017-02-13 15:56:49.310 INFO  view.client.Controller 1611 lambda$triggerFading$33 - Fade in Resources
2017-02-13 15:56:49.395 INFO  view.client.build.BuildController 105 lambda$deactivateButtons$0 - Case not covered!
2017-02-13 15:56:49.667 INFO  view.client.build.BuildController 105 lambda$deactivateButtons$0 - Case not covered!
2017-02-13 15:56:49.912 INFO  view.client.build.BuildController 105 lambda$deactivateButtons$0 - Case not covered!
2017-02-13 15:56:50.079 INFO  view.client.build.BuildController 105 lambda$deactivateButtons$0 - Case not covered!
2017-02-13 15:56:50.083 INFO  view.client.build.BuildController 105 lambda$deactivateButtons$0 - Case not covered!
2017-02-13 15:56:50.247 INFO  view.client.build.BuildController 105 lambda$deactivateButtons$0 - Case not covered!
2017-02-13 15:56:50.251 INFO  view.client.build.BuildController 105 lambda$deactivateButtons$0 - Case not covered!
2017-02-13 15:56:50.331 INFO  view.client.build.BuildController 105 lambda$deactivateButtons$0 - Case not covered!
2017-02-13 15:56:50.334 INFO  view.client.build.BuildController 105 lambda$deactivateButtons$0 - Case not covered!
2017-02-13 15:56:50.419 INFO  view.client.Controller 1611 lambda$triggerFading$33 - Fade in Resources
2017-02-13 15:56:50.502 INFO  view.client.build.BuildController 105 lambda$deactivateButtons$0 - Case not covered!
2017-02-13 15:56:50.786 INFO  view.client.build.BuildController 105 lambda$deactivateButtons$0 - Case not covered!
2017-02-13 15:56:50.795 INFO  view.client.build.BuildController 105 lambda$deactivateButtons$0 - Case not covered!
2017-02-13 15:56:50.868 INFO  view.client.build.BuildController 105 lambda$deactivateButtons$0 - Case not covered!
2017-02-13 15:56:51.036 INFO  view.client.Controller 1611 lambda$triggerFading$33 - Fade in Resources
2017-02-13 15:56:51.129 INFO  view.client.CanvasBoard 824 lambda$setRobber$8 - Robber is drawn at new position: 26
2017-02-13 15:56:51.131 INFO  view.client.build.BuildController 105 lambda$deactivateButtons$0 - Case not covered!
2017-02-13 15:56:51.291 INFO  view.client.build.BuildController 105 lambda$deactivateButtons$0 - Case not covered!
2017-02-13 15:56:51.369 INFO  view.client.build.BuildController 105 lambda$deactivateButtons$0 - Case not covered!
2017-02-13 15:56:52.075 INFO  view.client.Controller 1611 lambda$triggerFading$33 - Fade in Resources
2017-02-13 15:56:52.161 INFO  view.client.build.BuildController 105 lambda$deactivateButtons$0 - Case not covered!
2017-02-13 15:56:52.653 INFO  view.client.build.BuildController 105 lambda$deactivateButtons$0 - Case not covered!
2017-02-13 15:56:53.061 INFO  view.client.build.BuildController 105 lambda$deactivateButtons$0 - Case not covered!
2017-02-13 15:56:53.080 INFO  view.client.build.BuildController 105 lambda$deactivateButtons$0 - Case not covered!
2017-02-13 15:56:53.168 INFO  view.client.build.BuildController 105 lambda$deactivateButtons$0 - Case not covered!
2017-02-13 15:56:53.235 INFO  view.client.build.BuildController 105 lambda$deactivateButtons$0 - Case not covered!
2017-02-13 15:56:53.252 INFO  view.client.build.BuildController 105 lambda$deactivateButtons$0 - Case not covered!
2017-02-13 15:56:53.316 INFO  view.client.build.BuildController 105 lambda$deactivateButtons$0 - Case not covered!
2017-02-13 15:56:53.405 INFO  view.client.Controller 1611 lambda$triggerFading$33 - Fade in Resources
2017-02-13 15:56:53.491 INFO  view.client.build.BuildController 105 lambda$deactivateButtons$0 - Case not covered!
2017-02-13 15:56:53.568 INFO  view.client.build.BuildController 105 lambda$deactivateButtons$0 - Case not covered!
2017-02-13 15:56:53.964 INFO  view.client.Controller 1611 lambda$triggerFading$33 - Fade in Resources
2017-02-13 15:56:54.055 INFO  view.client.CanvasBoard 824 lambda$setRobber$8 - Robber is drawn at new position: 19
2017-02-13 15:56:54.079 INFO  view.client.build.BuildController 105 lambda$deactivateButtons$0 - Case not covered!
2017-02-13 15:56:54.561 INFO  view.client.build.BuildController 105 lambda$deactivateButtons$0 - Case not covered!
2017-02-13 15:56:54.579 INFO  view.client.build.BuildController 105 lambda$deactivateButtons$0 - Case not covered!
2017-02-13 15:56:54.745 INFO  view.client.build.BuildController 105 lambda$deactivateButtons$0 - Case not covered!
2017-02-13 15:56:55.023 INFO  view.client.build.BuildController 105 lambda$deactivateButtons$0 - Case not covered!
2017-02-13 15:56:55.262 INFO  view.client.build.BuildController 105 lambda$deactivateButtons$0 - Case not covered!
2017-02-13 15:56:55.268 INFO  view.client.build.BuildController 105 lambda$deactivateButtons$0 - Case not covered!
2017-02-13 15:56:55.435 INFO  view.client.Controller 1611 lambda$triggerFading$33 - Fade in Resources
2017-02-13 15:56:55.512 INFO  view.client.build.BuildController 105 lambda$deactivateButtons$0 - Case not covered!
2017-02-13 15:56:55.684 INFO  view.client.build.BuildController 105 lambda$deactivateButtons$0 - Case not covered!
2017-02-13 15:56:55.766 INFO  view.client.build.BuildController 105 lambda$deactivateButtons$0 - Case not covered!
2017-02-13 15:56:56.013 INFO  view.client.build.BuildController 105 lambda$deactivateButtons$0 - Case not covered!
2017-02-13 15:56:56.481 INFO  view.client.build.BuildController 105 lambda$deactivateButtons$0 - Case not covered!
2017-02-13 15:56:56.500 INFO  view.client.build.BuildController 105 lambda$deactivateButtons$0 - Case not covered!
2017-02-13 15:56:56.594 INFO  view.client.build.BuildController 105 lambda$deactivateButtons$0 - Case not covered!
2017-02-13 15:56:56.659 INFO  view.client.build.BuildController 105 lambda$deactivateButtons$0 - Case not covered!
2017-02-13 15:56:56.678 INFO  view.client.build.BuildController 105 lambda$deactivateButtons$0 - Case not covered!
2017-02-13 15:56:56.742 INFO  view.client.build.BuildController 105 lambda$deactivateButtons$0 - Case not covered!
2017-02-13 15:56:56.828 INFO  view.client.build.BuildController 105 lambda$deactivateButtons$0 - Case not covered!
2017-02-13 15:56:56.920 INFO  view.client.build.BuildController 105 lambda$deactivateButtons$0 - Case not covered!
2017-02-13 15:56:57.740 INFO  view.client.CanvasBoard 824 lambda$setRobber$8 - Robber is drawn at new position: 25
2017-02-13 15:56:57.752 INFO  view.client.build.BuildController 105 lambda$deactivateButtons$0 - Case not covered!
2017-02-13 15:56:58.259 INFO  view.client.build.BuildController 105 lambda$deactivateButtons$0 - Case not covered!
2017-02-13 15:56:58.667 INFO  view.client.build.BuildController 105 lambda$deactivateButtons$0 - Case not covered!
2017-02-13 15:56:58.685 INFO  view.client.build.BuildController 105 lambda$deactivateButtons$0 - Case not covered!
2017-02-13 15:56:58.835 INFO  view.client.Controller 1611 lambda$triggerFading$33 - Fade in Resources
2017-02-13 15:56:58.849 INFO  view.client.build.BuildController 105 lambda$deactivateButtons$0 - Case not covered!
2017-02-13 15:56:59.096 INFO  view.client.build.BuildController 105 lambda$deactivateButtons$0 - Case not covered!
2017-02-13 15:56:59.101 INFO  view.client.build.BuildController 105 lambda$deactivateButtons$0 - Case not covered!
2017-02-13 15:56:59.269 INFO  view.client.Controller 1611 lambda$triggerFading$33 - Fade in Resources
2017-02-13 15:56:59.348 INFO  view.client.build.BuildController 105 lambda$deactivateButtons$0 - Case not covered!
2017-02-13 15:56:59.524 INFO  view.client.build.BuildController 105 lambda$deactivateButtons$0 - Case not covered!
2017-02-13 15:56:59.605 INFO  view.client.build.BuildController 105 lambda$deactivateButtons$0 - Case not covered!
2017-02-13 15:56:59.873 INFO  view.client.Controller 1611 lambda$triggerFading$33 - Fade in Resources
2017-02-13 15:56:59.930 INFO  view.client.build.BuildController 105 lambda$deactivateButtons$0 - Case not covered!
2017-02-13 15:57:00.426 INFO  view.client.build.BuildController 105 lambda$deactivateButtons$0 - Case not covered!
2017-02-13 15:57:00.445 INFO  view.client.build.BuildController 105 lambda$deactivateButtons$0 - Case not covered!
2017-02-13 15:57:00.537 INFO  view.client.build.BuildController 105 lambda$deactivateButtons$0 - Case not covered!
2017-02-13 15:57:00.602 INFO  view.client.build.BuildController 105 lambda$deactivateButtons$0 - Case not covered!
2017-02-13 15:57:00.624 INFO  view.client.build.BuildController 105 lambda$deactivateButtons$0 - Case not covered!
2017-02-13 15:57:00.685 INFO  view.client.build.BuildController 105 lambda$deactivateButtons$0 - Case not covered!
2017-02-13 15:57:00.800 INFO  view.client.build.BuildController 105 lambda$deactivateButtons$0 - Case not covered!
2017-02-13 15:57:00.851 INFO  view.client.Controller 1611 lambda$triggerFading$33 - Fade in Resources
2017-02-13 15:57:00.935 INFO  view.client.build.BuildController 105 lambda$deactivateButtons$0 - Case not covered!
2017-02-13 15:57:00.965 INFO  view.client.build.BuildController 105 lambda$deactivateButtons$0 - Case not covered!
2017-02-13 15:57:01.496 INFO  view.client.Controller 1611 lambda$triggerFading$33 - Fade in Resources
2017-02-13 15:57:01.586 INFO  view.client.CanvasBoard 824 lambda$setRobber$8 - Robber is drawn at new position: 19
2017-02-13 15:57:01.609 INFO  view.client.build.BuildController 105 lambda$deactivateButtons$0 - Case not covered!
2017-02-13 15:57:02.118 INFO  view.client.build.BuildController 105 lambda$deactivateButtons$0 - Case not covered!
2017-02-13 15:57:02.528 INFO  view.client.build.BuildController 105 lambda$deactivateButtons$0 - Case not covered!
2017-02-13 15:57:02.545 INFO  view.client.build.BuildController 105 lambda$deactivateButtons$0 - Case not covered!
2017-02-13 15:57:02.712 INFO  view.client.Controller 1611 lambda$triggerFading$33 - Fade in Resources
2017-02-13 15:57:02.779 INFO  view.client.build.BuildController 105 lambda$deactivateButtons$0 - Case not covered!
2017-02-13 15:57:02.997 INFO  view.client.build.BuildController 105 lambda$deactivateButtons$0 - Case not covered!
2017-02-13 15:57:03.080 INFO  view.client.build.BuildController 105 lambda$deactivateButtons$0 - Case not covered!
2017-02-13 15:57:03.243 INFO  view.client.build.BuildController 105 lambda$deactivateButtons$0 - Case not covered!
2017-02-13 15:57:03.247 INFO  view.client.build.BuildController 105 lambda$deactivateButtons$0 - Case not covered!
2017-02-13 15:57:03.493 INFO  view.client.Controller 1611 lambda$triggerFading$33 - Fade in Resources
2017-02-13 15:57:03.501 INFO  view.client.build.BuildController 105 lambda$deactivateButtons$0 - Case not covered!
2017-02-13 15:57:03.689 INFO  view.client.Controller 1611 lambda$triggerFading$33 - Fade in Resources
2017-02-13 15:57:03.767 INFO  view.client.build.BuildController 105 lambda$deactivateButtons$0 - Case not covered!
2017-02-13 15:57:03.857 INFO  view.client.Controller 1737 lambda$devCardAnimation$35 - activate animation
2017-02-13 15:57:03.938 INFO  view.client.Controller 1611 lambda$triggerFading$33 - Fade in Resources
2017-02-13 15:57:03.938 INFO  view.client.build.BuildController 105 lambda$deactivateButtons$0 - Case not covered!
2017-02-13 15:57:04.108 INFO  view.client.build.BuildController 105 lambda$deactivateButtons$0 - Case not covered!
2017-02-13 15:57:04.188 INFO  view.client.build.BuildController 105 lambda$deactivateButtons$0 - Case not covered!
2017-02-13 15:57:04.823 INFO  view.client.Controller 1611 lambda$triggerFading$33 - Fade in Resources
2017-02-13 15:57:04.904 INFO  view.client.build.BuildController 105 lambda$deactivateButtons$0 - Case not covered!
2017-02-13 15:57:05.461 INFO  view.client.build.BuildController 105 lambda$deactivateButtons$0 - Case not covered!
2017-02-13 15:57:05.479 INFO  view.client.build.BuildController 105 lambda$deactivateButtons$0 - Case not covered!
2017-02-13 15:57:05.634 INFO  view.client.Controller 1611 lambda$triggerFading$33 - Fade in Resources
2017-02-13 15:57:05.659 INFO  view.client.build.BuildController 105 lambda$deactivateButtons$0 - Case not covered!
2017-02-13 15:57:06.130 INFO  view.client.build.BuildController 105 lambda$deactivateButtons$0 - Case not covered!
2017-02-13 15:57:06.148 INFO  view.client.build.BuildController 105 lambda$deactivateButtons$0 - Case not covered!
2017-02-13 15:57:06.295 INFO  view.client.Controller 1611 lambda$triggerFading$33 - Fade in Resources
2017-02-13 15:57:06.313 INFO  view.client.build.BuildController 105 lambda$deactivateButtons$0 - Case not covered!
2017-02-13 15:57:06.556 INFO  view.client.build.BuildController 105 lambda$deactivateButtons$0 - Case not covered!
2017-02-13 15:57:06.562 INFO  view.client.build.BuildController 105 lambda$deactivateButtons$0 - Case not covered!
2017-02-13 15:57:06.805 INFO  view.client.build.BuildController 105 lambda$deactivateButtons$0 - Case not covered!
2017-02-13 15:57:06.997 INFO  view.client.Controller 1611 lambda$triggerFading$33 - Fade in Resources
2017-02-13 15:57:07.096 INFO  view.client.build.BuildController 105 lambda$deactivateButtons$0 - Case not covered!
2017-02-13 15:57:07.163 INFO  view.client.build.BuildController 105 lambda$deactivateButtons$0 - Case not covered!
2017-02-13 15:57:07.363 INFO  view.client.Controller 1859 lambda$clearAnimation$39 - 
Cleared Animation
2017-02-13 15:57:07.413 INFO  view.client.Controller 1611 lambda$triggerFading$33 - Fade in Resources
2017-02-13 15:57:07.503 INFO  view.client.CanvasBoard 824 lambda$setRobber$8 - Robber is drawn at new position: 24
2017-02-13 15:57:07.504 INFO  view.client.build.BuildController 105 lambda$deactivateButtons$0 - Case not covered!
2017-02-13 15:57:07.576 INFO  view.client.build.BuildController 105 lambda$deactivateButtons$0 - Case not covered!
2017-02-13 15:57:07.666 INFO  view.client.build.BuildController 105 lambda$deactivateButtons$0 - Case not covered!
2017-02-13 15:57:08.083 INFO  view.client.Controller 1611 lambda$triggerFading$33 - Fade in Resources
2017-02-13 15:57:08.167 INFO  view.client.build.BuildController 105 lambda$deactivateButtons$0 - Case not covered!
2017-02-13 15:57:08.727 INFO  view.client.build.BuildController 105 lambda$deactivateButtons$0 - Case not covered!
2017-02-13 15:57:09.059 INFO  view.client.build.BuildController 105 lambda$deactivateButtons$0 - Case not covered!
2017-02-13 15:57:09.076 INFO  view.client.build.BuildController 105 lambda$deactivateButtons$0 - Case not covered!
2017-02-13 15:57:09.174 INFO  view.client.Controller 1611 lambda$triggerFading$33 - Fade in Resources
2017-02-13 15:57:09.257 INFO  view.client.build.BuildController 105 lambda$deactivateButtons$0 - Case not covered!
2017-02-13 15:57:09.728 INFO  view.client.build.BuildController 105 lambda$deactivateButtons$0 - Case not covered!
2017-02-13 15:57:10.061 INFO  view.client.build.BuildController 105 lambda$deactivateButtons$0 - Case not covered!
2017-02-13 15:57:10.079 INFO  view.client.build.BuildController 105 lambda$deactivateButtons$0 - Case not covered!
2017-02-13 15:57:10.246 INFO  view.client.build.BuildController 105 lambda$deactivateButtons$0 - Case not covered!
2017-02-13 15:57:10.513 INFO  view.client.build.BuildController 105 lambda$deactivateButtons$0 - Case not covered!
2017-02-13 15:57:10.760 INFO  view.client.build.BuildController 105 lambda$deactivateButtons$0 - Case not covered!
2017-02-13 15:57:10.765 INFO  view.client.build.BuildController 105 lambda$deactivateButtons$0 - Case not covered!
2017-02-13 15:57:10.935 INFO  view.client.Controller 1611 lambda$triggerFading$33 - Fade in Resources
2017-02-13 15:57:11.010 INFO  view.client.build.BuildController 105 lambda$deactivateButtons$0 - Case not covered!
2017-02-13 15:57:11.197 INFO  view.client.Controller 1611 lambda$triggerFading$33 - Fade in Resources
2017-02-13 15:57:11.279 INFO  view.client.build.BuildController 105 lambda$deactivateButtons$0 - Case not covered!
2017-02-13 15:57:11.366 INFO  view.client.Controller 1737 lambda$devCardAnimation$35 - activate animation
2017-02-13 15:57:11.448 INFO  view.client.Controller 1611 lambda$triggerFading$33 - Fade in Resources
2017-02-13 15:57:11.449 INFO  view.client.build.BuildController 105 lambda$deactivateButtons$0 - Case not covered!
2017-02-13 15:57:11.618 INFO  view.client.build.BuildController 105 lambda$deactivateButtons$0 - Case not covered!
2017-02-13 15:57:11.696 INFO  view.client.build.BuildController 105 lambda$deactivateButtons$0 - Case not covered!
2017-02-13 15:57:11.916 INFO  view.client.build.BuildController 105 lambda$deactivateButtons$0 - Case not covered!
2017-02-13 15:57:12.099 INFO  view.client.Controller 1859 lambda$clearAnimation$39 - 
Cleared Animation
2017-02-13 15:57:12.315 INFO  view.client.build.BuildController 105 lambda$deactivateButtons$0 - Case not covered!
2017-02-13 15:57:12.335 INFO  view.client.build.BuildController 105 lambda$deactivateButtons$0 - Case not covered!
2017-02-13 15:57:12.397 INFO  view.client.build.BuildController 105 lambda$deactivateButtons$0 - Case not covered!
2017-02-13 15:57:12.668 INFO  view.client.Controller 1611 lambda$triggerFading$33 - Fade in Resources
2017-02-13 15:57:12.755 INFO  view.client.build.BuildController 105 lambda$deactivateButtons$0 - Case not covered!
2017-02-13 15:57:13.336 INFO  view.client.build.BuildController 105 lambda$deactivateButtons$0 - Case not covered!
2017-02-13 15:57:13.775 INFO  view.client.build.BuildController 105 lambda$deactivateButtons$0 - Case not covered!
2017-02-13 15:57:14.325 INFO  view.client.build.BuildController 105 lambda$deactivateButtons$0 - Case not covered!
2017-02-13 15:57:14.342 INFO  view.client.build.BuildController 105 lambda$deactivateButtons$0 - Case not covered!
2017-02-13 15:57:14.512 INFO  view.client.build.BuildController 105 lambda$deactivateButtons$0 - Case not covered!
2017-02-13 15:57:14.742 INFO  view.client.build.BuildController 105 lambda$deactivateButtons$0 - Case not covered!
2017-02-13 15:57:14.746 INFO  view.client.build.BuildController 105 lambda$deactivateButtons$0 - Case not covered!
2017-02-13 15:57:14.874 INFO  view.client.Controller 1859 lambda$clearAnimation$39 - 
Cleared Animation
2017-02-13 15:57:14.992 INFO  view.client.build.BuildController 105 lambda$deactivateButtons$0 - Case not covered!
2017-02-13 15:57:15.253 INFO  view.client.CanvasBoard 824 lambda$setRobber$8 - Robber is drawn at new position: 26
2017-02-13 15:57:15.255 INFO  view.client.Controller 1611 lambda$triggerFading$33 - Fade in Resources
2017-02-13 15:57:15.332 INFO  view.client.build.BuildController 105 lambda$deactivateButtons$0 - Case not covered!
2017-02-13 15:57:15.333 INFO  view.client.build.BuildController 105 lambda$deactivateButtons$0 - Case not covered!
2017-02-13 15:57:15.419 INFO  view.client.build.BuildController 105 lambda$deactivateButtons$0 - Case not covered!
2017-02-13 15:57:15.764 INFO  view.client.Controller 1611 lambda$triggerFading$33 - Fade in Resources
2017-02-13 15:57:15.852 INFO  view.client.build.BuildController 105 lambda$deactivateButtons$0 - Case not covered!
2017-02-13 15:57:16.317 INFO  view.client.build.BuildController 105 lambda$deactivateButtons$0 - Case not covered!
2017-02-13 15:57:16.647 INFO  view.client.build.BuildController 105 lambda$deactivateButtons$0 - Case not covered!
2017-02-13 15:57:16.664 INFO  view.client.build.BuildController 105 lambda$deactivateButtons$0 - Case not covered!
2017-02-13 15:57:16.845 INFO  view.client.Controller 1611 lambda$triggerFading$33 - Fade in Resources
2017-02-13 15:57:16.930 INFO  view.client.build.BuildController 105 lambda$deactivateButtons$0 - Case not covered!
2017-02-13 15:57:17.477 INFO  view.client.build.BuildController 105 lambda$deactivateButtons$0 - Case not covered!
2017-02-13 15:57:17.495 INFO  view.client.build.BuildController 105 lambda$deactivateButtons$0 - Case not covered!
2017-02-13 15:57:17.659 INFO  view.client.Controller 1611 lambda$triggerFading$33 - Fade in Resources
2017-02-13 15:57:17.746 INFO  view.client.build.BuildController 105 lambda$deactivateButtons$0 - Case not covered!
2017-02-13 15:57:18.012 INFO  view.client.build.BuildController 105 lambda$deactivateButtons$0 - Case not covered!
2017-02-13 15:57:18.262 INFO  view.client.build.BuildController 105 lambda$deactivateButtons$0 - Case not covered!
2017-02-13 15:57:18.423 INFO  view.client.build.BuildController 105 lambda$deactivateButtons$0 - Case not covered!
2017-02-13 15:57:18.430 INFO  view.client.build.BuildController 105 lambda$deactivateButtons$0 - Case not covered!
2017-02-13 15:57:18.592 INFO  view.client.build.BuildController 105 lambda$deactivateButtons$0 - Case not covered!
2017-02-13 15:57:18.786 INFO  view.client.Controller 1611 lambda$triggerFading$33 - Fade in Resources
2017-02-13 15:57:18.866 INFO  view.client.build.BuildController 105 lambda$deactivateButtons$0 - Case not covered!
2017-02-13 15:57:19.040 INFO  view.client.build.BuildController 105 lambda$deactivateButtons$0 - Case not covered!
2017-02-13 15:57:19.116 INFO  view.client.build.BuildController 105 lambda$deactivateButtons$0 - Case not covered!
2017-02-13 15:57:19.428 INFO  view.client.build.BuildController 105 lambda$deactivateButtons$0 - Case not covered!
2017-02-13 15:57:19.918 INFO  view.client.build.BuildController 105 lambda$deactivateButtons$0 - Case not covered!
2017-02-13 15:57:20.256 INFO  view.client.Controller 1611 lambda$triggerFading$33 - Fade in Resources
2017-02-13 15:57:20.330 INFO  view.client.build.BuildController 105 lambda$deactivateButtons$0 - Case not covered!
2017-02-13 15:57:20.342 INFO  view.client.build.BuildController 105 lambda$deactivateButtons$0 - Case not covered!
2017-02-13 15:57:20.413 INFO  view.client.build.BuildController 105 lambda$deactivateButtons$0 - Case not covered!
2017-02-13 15:57:20.516 INFO  view.client.build.BuildController 105 lambda$deactivateButtons$0 - Case not covered!
2017-02-13 15:57:20.909 INFO  view.client.build.BuildController 105 lambda$deactivateButtons$0 - Case not covered!
2017-02-13 15:57:20.929 INFO  view.client.build.BuildController 105 lambda$deactivateButtons$0 - Case not covered!
2017-02-13 15:57:21.012 INFO  view.client.build.BuildController 105 lambda$deactivateButtons$0 - Case not covered!
2017-02-13 15:57:21.276 INFO  view.client.build.BuildController 105 lambda$deactivateButtons$0 - Case not covered!
2017-02-13 15:57:21.530 INFO  view.client.build.BuildController 105 lambda$deactivateButtons$0 - Case not covered!
2017-02-13 15:57:21.548 INFO  view.client.build.BuildController 105 lambda$deactivateButtons$0 - Case not covered!
2017-02-13 15:57:21.612 INFO  view.client.build.BuildController 105 lambda$deactivateButtons$0 - Case not covered!
2017-02-13 15:57:21.779 INFO  view.client.build.BuildController 105 lambda$deactivateButtons$0 - Case not covered!
2017-02-13 15:57:21.970 INFO  view.client.Controller 1611 lambda$triggerFading$33 - Fade in Resources
2017-02-13 15:57:22.049 INFO  view.client.build.BuildController 105 lambda$deactivateButtons$0 - Case not covered!
2017-02-13 15:57:22.227 INFO  view.client.build.BuildController 105 lambda$deactivateButtons$0 - Case not covered!
2017-02-13 15:57:22.308 INFO  view.client.build.BuildController 105 lambda$deactivateButtons$0 - Case not covered!
2017-02-13 15:57:23.125 INFO  view.client.Controller 1611 lambda$triggerFading$33 - Fade in Resources
2017-02-13 15:57:23.212 INFO  view.client.build.BuildController 105 lambda$deactivateButtons$0 - Case not covered!
2017-02-13 15:57:23.762 INFO  view.client.build.BuildController 105 lambda$deactivateButtons$0 - Case not covered!
2017-02-13 15:57:23.779 INFO  view.client.build.BuildController 105 lambda$deactivateButtons$0 - Case not covered!
2017-02-13 15:57:23.935 INFO  view.client.build.BuildController 105 lambda$deactivateButtons$0 - Case not covered!
2017-02-13 15:57:24.364 INFO  view.client.build.BuildController 105 lambda$deactivateButtons$0 - Case not covered!
2017-02-13 15:57:24.776 INFO  view.client.build.BuildController 105 lambda$deactivateButtons$0 - Case not covered!
2017-02-13 15:57:24.795 INFO  view.client.build.BuildController 105 lambda$deactivateButtons$0 - Case not covered!
2017-02-13 15:57:24.945 INFO  view.client.build.BuildController 105 lambda$deactivateButtons$0 - Case not covered!
2017-02-13 15:57:25.131 INFO  view.client.build.BuildController 105 lambda$deactivateButtons$0 - Case not covered!
2017-02-13 15:57:25.296 INFO  view.client.build.BuildController 105 lambda$deactivateButtons$0 - Case not covered!
2017-02-13 15:57:25.301 INFO  view.client.build.BuildController 105 lambda$deactivateButtons$0 - Case not covered!
2017-02-13 15:57:25.545 INFO  view.client.Controller 1611 lambda$triggerFading$33 - Fade in Resources
2017-02-13 15:57:25.552 INFO  view.client.build.BuildController 105 lambda$deactivateButtons$0 - Case not covered!
2017-02-13 15:57:25.745 INFO  view.client.Controller 1611 lambda$triggerFading$33 - Fade in Resources
2017-02-13 15:57:25.825 INFO  view.client.build.BuildController 105 lambda$deactivateButtons$0 - Case not covered!
2017-02-13 15:57:26.001 INFO  view.client.build.BuildController 105 lambda$deactivateButtons$0 - Case not covered!
2017-02-13 15:57:26.080 INFO  view.client.build.BuildController 105 lambda$deactivateButtons$0 - Case not covered!
2017-02-13 15:57:26.477 INFO  view.client.Controller 1611 lambda$triggerFading$33 - Fade in Resources
2017-02-13 15:57:26.563 INFO  view.client.build.BuildController 105 lambda$deactivateButtons$0 - Case not covered!
2017-02-13 15:57:27.135 INFO  view.client.build.BuildController 105 lambda$deactivateButtons$0 - Case not covered!
2017-02-13 15:57:27.540 INFO  view.client.build.BuildController 105 lambda$deactivateButtons$0 - Case not covered!
2017-02-13 15:57:27.559 INFO  view.client.build.BuildController 105 lambda$deactivateButtons$0 - Case not covered!
2017-02-13 15:57:27.742 INFO  view.client.Controller 1611 lambda$triggerFading$33 - Fade in Resources
2017-02-13 15:57:27.828 INFO  view.client.build.BuildController 105 lambda$deactivateButtons$0 - Case not covered!
2017-02-13 15:57:28.381 INFO  view.client.build.BuildController 105 lambda$deactivateButtons$0 - Case not covered!
2017-02-13 15:57:28.711 INFO  view.client.build.BuildController 105 lambda$deactivateButtons$0 - Case not covered!
2017-02-13 15:57:28.728 INFO  view.client.build.BuildController 105 lambda$deactivateButtons$0 - Case not covered!
2017-02-13 15:57:28.895 INFO  view.client.Controller 1611 lambda$triggerFading$33 - Fade in Resources
2017-02-13 15:57:28.980 INFO  view.client.build.BuildController 105 lambda$deactivateButtons$0 - Case not covered!
2017-02-13 15:57:29.250 INFO  view.client.build.BuildController 105 lambda$deactivateButtons$0 - Case not covered!
2017-02-13 15:57:29.492 INFO  view.client.build.BuildController 105 lambda$deactivateButtons$0 - Case not covered!
2017-02-13 15:57:29.497 INFO  view.client.build.BuildController 105 lambda$deactivateButtons$0 - Case not covered!
2017-02-13 15:57:29.744 INFO  view.client.build.BuildController 105 lambda$deactivateButtons$0 - Case not covered!
2017-02-13 15:57:29.933 INFO  view.client.Controller 1611 lambda$triggerFading$33 - Fade in Resources
2017-02-13 15:57:30.101 INFO  view.client.build.BuildController 105 lambda$deactivateButtons$0 - Case not covered!
