2017-02-12 20:10:02.041 INFO  network.client.Client 93 connect - Socket[addr=ChrisMacBookPro2016/192.168.2.106,port=10003,localport=56768]
2017-02-12 20:10:02.045 INFO  network.client.Client 104 connect - Connected to ChrisMacBookPro2016, 10003
2017-02-12 20:10:02.056 INFO  network.client.Client 153 sendMsg - {"Hallo":{"Version":"JavaFXClient 1.0 (DichteFideleLurche)"}}
2017-02-12 20:10:02.057 INFO  network.client.Client 180 receiveMsg - {"Hallo":{"Protokoll":"1.0","Version":"Catan-Server (DichteFideleForste"}}
2017-02-12 20:10:02.058 INFO  network.client.ClientListener 504 myId - Human.
2017-02-12 20:10:02.067 INFO  network.client.Client 180 receiveMsg - {"Willkommen":{"id":4}}
2017-02-12 20:10:02.154 INFO  network.client.Client 180 receiveMsg - {"Statusupdate":{"Spieler":{"Status":"Spiel starten","Rittermacht":0,"Längste Handelsstraße":false,"Siegpunkte":0,"Rohstoffe":{"Getreide":0,"Wolle":0,"Holz":0,"Lehm":0,"Erz":0},"id":4,"Entwicklungskarten":{"Straßenbau":0,"Erfindung":0,"Monopol":0,"Ritter":0,"Siegpunkt":0},"Größte Rittermacht":false}}}
2017-02-12 20:10:02.157 INFO  network.client.Client 180 receiveMsg - {"Statusupdate":{"Spieler":{"Status":"Wartet auf Spielbeginn","Rittermacht":0,"Farbe":"Blau","Längste Handelsstraße":false,"Siegpunkte":0,"Rohstoffe":{"Unbekannt":0},"id":1,"Entwicklungskarten":{"Unbekannt":0},"Name":"KI (1)","Größte Rittermacht":false}}}
2017-02-12 20:10:02.245 INFO  network.client.Client 180 receiveMsg - {"Statusupdate":{"Spieler":{"Status":"Wartet auf Spielbeginn","Rittermacht":0,"Farbe":"Rot","Längste Handelsstraße":false,"Siegpunkte":0,"Rohstoffe":{"Unbekannt":0},"id":2,"Entwicklungskarten":{"Unbekannt":0},"Name":"KI (2)","Größte Rittermacht":false}}}
2017-02-12 20:10:02.250 INFO  network.client.Client 180 receiveMsg - {"Statusupdate":{"Spieler":{"Status":"Wartet auf Spielbeginn","Rittermacht":0,"Farbe":"Orange","Längste Handelsstraße":false,"Siegpunkte":0,"Rohstoffe":{"Unbekannt":0},"id":3,"Entwicklungskarten":{"Unbekannt":0},"Name":"KI (3)","Größte Rittermacht":false}}}
2017-02-12 20:10:09.868 INFO  network.client.Client 153 sendMsg - {"Spieler":{"Farbe":"Weiß","Name":"chris"}}
2017-02-12 20:10:09.869 INFO  network.client.Client 180 receiveMsg - {"Serverantwort":"OK"}
2017-02-12 20:10:09.873 INFO  network.client.Client 180 receiveMsg - {"Statusupdate":{"Spieler":{"Status":"Spiel starten","Rittermacht":0,"Farbe":"Weiß","Längste Handelsstraße":false,"Siegpunkte":0,"Rohstoffe":{"Getreide":0,"Wolle":0,"Holz":0,"Lehm":0,"Erz":0},"id":4,"Entwicklungskarten":{"Straßenbau":0,"Erfindung":0,"Monopol":0,"Ritter":0,"Siegpunkt":0},"Name":"chris","Größte Rittermacht":false}}}
2017-02-12 20:10:11.067 INFO  network.client.Client 153 sendMsg - {"Spiel starten":{}}
2017-02-12 20:10:11.074 INFO  network.client.Client 180 receiveMsg - {"Serverantwort":"OK"}
2017-02-12 20:10:11.078 INFO  network.client.Client 180 receiveMsg - {"Statusupdate":{"Spieler":{"Status":"Wartet auf Spielbeginn","Rittermacht":0,"Farbe":"Weiß","Längste Handelsstraße":false,"Siegpunkte":0,"Rohstoffe":{"Getreide":0,"Wolle":0,"Holz":0,"Lehm":0,"Erz":0},"id":4,"Entwicklungskarten":{"Straßenbau":0,"Erfindung":0,"Monopol":0,"Ritter":0,"Siegpunkt":0},"Name":"chris","Größte Rittermacht":false}}}
2017-02-12 20:10:11.164 INFO  network.client.Client 180 receiveMsg - {"Würfelwurf":{"Spieler":1,"Wurf":[2,2]}}
2017-02-12 20:10:11.175 INFO  network.Interpreter 328 axialToEdgeOrCorner - [{"x":-3,"y":2},{"x":-2,"y":1}]. {4, 10}
2017-02-12 20:10:11.177 INFO  network.Interpreter 328 axialToEdgeOrCorner - [{"x":2,"y":-2},{"x":3,"y":-3}]. {31, 36}
2017-02-12 20:10:11.177 INFO  network.Interpreter 328 axialToEdgeOrCorner - [{"x":-2,"y":3},{"x":-2,"y":2}]. {1, 5}
2017-02-12 20:10:11.178 INFO  network.Interpreter 328 axialToEdgeOrCorner - [{"x":1,"y":1},{"x":2,"y":1}]. {13, 14}
2017-02-12 20:10:11.178 INFO  network.Interpreter 328 axialToEdgeOrCorner - [{"x":-3,"y":0},{"x":-2,"y":0}]. {15, 16}
2017-02-12 20:10:11.179 INFO  network.Interpreter 328 axialToEdgeOrCorner - [{"x":2,"y":0},{"x":3,"y":-1}]. {20, 27}
2017-02-12 20:10:11.179 INFO  network.Interpreter 328 axialToEdgeOrCorner - [{"x":-1,"y":-2},{"x":0,"y":-2}]. {28, 29}
2017-02-12 20:10:11.180 INFO  network.Interpreter 328 axialToEdgeOrCorner - [{"x":1,"y":-2},{"x":1,"y":-3}]. {30, 34}
2017-02-12 20:10:11.180 INFO  network.Interpreter 328 axialToEdgeOrCorner - [{"x":0,"y":3},{"x":0,"y":2}]. {3, 7}
2017-02-12 20:10:11.206 INFO  network.client.Client 180 receiveMsg - {"Spiel gestartet":{"Karte":{"Felder":[{"Ort":{"x":-3,"y":2},"Typ":"Meer"},{"Ort":{"x":2,"y":0},"Zahl":12,"Typ":"Weideland"},{"Ort":{"x":3,"y":-3},"Typ":"Meer"},{"Ort":{"x":-2,"y":3},"Typ":"Meer"},{"Ort":{"x":-1,"y":0},"Zahl":9,"Typ":"Ackerland"},{"Ort":{"x":0,"y":-3},"Typ":"Meer"},{"Ort":{"x":2,"y":1},"Typ":"Meer"},{"Ort":{"x":-3,"y":1},"Typ":"Meer"},{"Ort":{"x":-1,"y":2},"Zahl":8,"Typ":"Hügelland"},{"Ort":{"x":0,"y":2},"Zahl":4,"Typ":"Gebirge"},{"Ort":{"x":1,"y":2},"Typ":"Meer"},{"Ort":{"x":-2,"y":1},"Zahl":2,"Typ":"Gebirge"},{"Ort":{"x":2,"y":-2},"Zahl":10,"Typ":"Weideland"},{"Ort":{"x":-1,"y":1},"Zahl":10,"Typ":"Wald"},{"Ort":{"x":0,"y":1},"Zahl":3,"Typ":"Wald"},{"Ort":{"x":1,"y":1},"Zahl":11,"Typ":"Ackerland"},{"Ort":{"x":-3,"y":0},"Typ":"Meer"},{"Ort":{"x":-2,"y":-1},"Typ":"Meer"},{"Ort":{"x":-1,"y":-1},"Zahl":3,"Typ":"Gebirge"},{"Ort":{"x":0,"y":-1},"Zahl":4,"Typ":"Ackerland"},{"Ort":{"x":1,"y":-1},"Zahl":5,"Typ":"Wald"},{"Ort":{"x":2,"y":-1},"Zahl":9,"Typ":"Ackerland"},{"Ort":{"x":3,"y":-1},"Typ":"Meer"},{"Ort":{"x":-1,"y":-2},"Typ":"Meer"},{"Ort":{"x":0,"y":-2},"Zahl":8,"Typ":"Hügelland"},{"Ort":{"x":1,"y":-2},"Typ":"Wüste"},{"Ort":{"x":-3,"y":3},"Typ":"Meer"},{"Ort":{"x":-2,"y":0},"Zahl":6,"Typ":"Weideland"},{"Ort":{"x":3,"y":-2},"Typ":"Meer"},{"Ort":{"x":-1,"y":3},"Typ":"Meer"},{"Ort":{"x":0,"y":0},"Zahl":11,"Typ":"Weideland"},{"Ort":{"x":1,"y":-3},"Typ":"Meer"},{"Ort":{"x":0,"y":3},"Typ":"Meer"},{"Ort":{"x":1,"y":0},"Zahl":6,"Typ":"Hügelland"},{"Ort":{"x":2,"y":-3},"Typ":"Meer"},{"Ort":{"x":-2,"y":2},"Zahl":5,"Typ":"Wald"},{"Ort":{"x":3,"y":0},"Typ":"Meer"}],"Gebäude":[],"Häfen":[{"Ort":[{"x":-3,"y":2},{"x":-2,"y":1}],"Typ":"Holz Hafen"},{"Ort":[{"x":2,"y":-2},{"x":3,"y":-3}],"Typ":"Wolle Hafen"},{"Ort":[{"x":-2,"y":3},{"x":-2,"y":2}],"Typ":"Getreide Hafen"},{"Ort":[{"x":1,"y":1},{"x":2,"y":1}],"Typ":"Hafen"},{"Ort":[{"x":-3,"y":0},{"x":-2,"y":0}],"Typ":"Hafen"},{"Ort":[{"x":2,"y":0},{"x":3,"y":-1}],"Typ":"Hafen"},{"Ort":[{"x":-1,"y":-2},{"x":0,"y":-2}],"Typ":"Hafen"},{"Ort":[{"x":1,"y":-2},{"x":1,"y":-3}],"Typ":"Lehm Hafen"},{"Ort":[{"x":0,"y":3},{"x":0,"y":2}],"Typ":"Erz Hafen"}],"Räuber":{"x":1,"y":-2}}}}
2017-02-12 20:10:14.557 INFO  network.client.Client 180 receiveMsg - {"Würfelwurf":{"Spieler":3,"Wurf":[4,5]}}
2017-02-12 20:10:14.557 INFO  network.client.Client 180 receiveMsg - {"Würfelwurf":{"Spieler":2,"Wurf":[6,4]}}
2017-02-12 20:10:14.645 INFO  network.client.Client 180 receiveMsg - {"Würfelwurf":{"Spieler":4,"Wurf":[5,2]}}
2017-02-12 20:10:14.649 INFO  network.client.Client 180 receiveMsg - {"Statusupdate":{"Spieler":{"Status":"Warten","Rittermacht":0,"Farbe":"Blau","Längste Handelsstraße":false,"Siegpunkte":0,"Rohstoffe":{"Unbekannt":0},"id":1,"Entwicklungskarten":{"Unbekannt":0},"Name":"KI (1)","Größte Rittermacht":false}}}
2017-02-12 20:10:14.732 INFO  network.client.Client 180 receiveMsg - {"Statusupdate":{"Spieler":{"Status":"Warten","Rittermacht":0,"Farbe":"Orange","Längste Handelsstraße":false,"Siegpunkte":0,"Rohstoffe":{"Unbekannt":0},"id":3,"Entwicklungskarten":{"Unbekannt":0},"Name":"KI (3)","Größte Rittermacht":false}}}
2017-02-12 20:10:14.738 INFO  network.client.Client 180 receiveMsg - {"Statusupdate":{"Spieler":{"Status":"Warten","Rittermacht":0,"Farbe":"Weiß","Längste Handelsstraße":false,"Siegpunkte":0,"Rohstoffe":{"Getreide":0,"Wolle":0,"Holz":0,"Lehm":0,"Erz":0},"id":4,"Entwicklungskarten":{"Straßenbau":0,"Erfindung":0,"Monopol":0,"Ritter":0,"Siegpunkt":0},"Name":"chris","Größte Rittermacht":false}}}
2017-02-12 20:10:14.820 INFO  network.client.Client 180 receiveMsg - {"Statusupdate":{"Spieler":{"Status":"Dorf bauen","Rittermacht":0,"Farbe":"Rot","Längste Handelsstraße":false,"Siegpunkte":0,"Rohstoffe":{"Unbekannt":0},"id":2,"Entwicklungskarten":{"Unbekannt":0},"Name":"KI (2)","Größte Rittermacht":false}}}
2017-02-12 20:10:14.826 INFO  network.Interpreter 328 axialToEdgeOrCorner - [{"x":0,"y":1},{"x":0,"y":0},{"x":1,"y":0}]. {12, 18, 19}
2017-02-12 20:10:14.832 INFO  network.Interpreter 328 axialToEdgeOrCorner - [{"x":0,"y":1},{"x":0,"y":0},{"x":1,"y":0}]. {12, 18, 19}
2017-02-12 20:10:14.834 INFO  network.client.ClientListener 1102 build - Dorf - [{"x":0,"y":1},{"x":0,"y":0},{"x":1,"y":0}] - {12, 18, 19}
2017-02-12 20:10:14.834 INFO  network.client.Client 180 receiveMsg - {"Bauvorgang":{"Gebäude":{"Ort":[{"x":0,"y":1},{"x":0,"y":0},{"x":1,"y":0}],"Eigentümer":2,"Typ":"Dorf"}}}
2017-02-12 20:10:14.907 INFO  network.client.Client 180 receiveMsg - {"Statusupdate":{"Spieler":{"Status":"Straße bauen","Rittermacht":0,"Farbe":"Rot","Längste Handelsstraße":false,"Siegpunkte":1,"Rohstoffe":{"Unbekannt":0},"id":2,"Entwicklungskarten":{"Unbekannt":0},"Name":"KI (2)","Größte Rittermacht":false}}}
2017-02-12 20:10:14.924 INFO  network.Interpreter 328 axialToEdgeOrCorner - [{"x":0,"y":1},{"x":1,"y":0}]. {12, 19}
2017-02-12 20:10:14.924 INFO  network.Interpreter 328 axialToEdgeOrCorner - [{"x":0,"y":1},{"x":1,"y":0}]. {12, 19}
2017-02-12 20:10:14.925 INFO  network.client.ClientListener 1102 build - Straße - [{"x":0,"y":1},{"x":1,"y":0}] - {12, 19}
2017-02-12 20:10:14.925 INFO  network.client.Client 180 receiveMsg - {"Bauvorgang":{"Gebäude":{"Ort":[{"x":0,"y":1},{"x":1,"y":0}],"Eigentümer":2,"Typ":"Straße"}}}
2017-02-12 20:10:14.996 INFO  network.client.Client 180 receiveMsg - {"Statusupdate":{"Spieler":{"Status":"Warten","Rittermacht":0,"Farbe":"Rot","Längste Handelsstraße":false,"Siegpunkte":1,"Rohstoffe":{"Unbekannt":0},"id":2,"Entwicklungskarten":{"Unbekannt":0},"Name":"KI (2)","Größte Rittermacht":false}}}
2017-02-12 20:10:15.015 INFO  network.client.Client 180 receiveMsg - {"Statusupdate":{"Spieler":{"Status":"Dorf bauen","Rittermacht":0,"Farbe":"Orange","Längste Handelsstraße":false,"Siegpunkte":0,"Rohstoffe":{"Unbekannt":0},"id":3,"Entwicklungskarten":{"Unbekannt":0},"Name":"KI (3)","Größte Rittermacht":false}}}
2017-02-12 20:10:15.081 INFO  network.Interpreter 328 axialToEdgeOrCorner - [{"x":1,"y":0},{"x":1,"y":-1},{"x":2,"y":-1}]. {19, 25, 26}
2017-02-12 20:10:15.083 INFO  network.Interpreter 328 axialToEdgeOrCorner - [{"x":1,"y":0},{"x":1,"y":-1},{"x":2,"y":-1}]. {19, 25, 26}
2017-02-12 20:10:15.083 INFO  network.client.ClientListener 1102 build - Dorf - [{"x":1,"y":0},{"x":1,"y":-1},{"x":2,"y":-1}] - {19, 25, 26}
2017-02-12 20:10:15.083 INFO  network.client.Client 180 receiveMsg - {"Bauvorgang":{"Gebäude":{"Ort":[{"x":1,"y":0},{"x":1,"y":-1},{"x":2,"y":-1}],"Eigentümer":3,"Typ":"Dorf"}}}
2017-02-12 20:10:15.109 INFO  network.client.Client 180 receiveMsg - {"Statusupdate":{"Spieler":{"Status":"Straße bauen","Rittermacht":0,"Farbe":"Orange","Längste Handelsstraße":false,"Siegpunkte":1,"Rohstoffe":{"Unbekannt":0},"id":3,"Entwicklungskarten":{"Unbekannt":0},"Name":"KI (3)","Größte Rittermacht":false}}}
2017-02-12 20:10:15.173 INFO  network.Interpreter 328 axialToEdgeOrCorner - [{"x":1,"y":0},{"x":1,"y":-1}]. {19, 25}
2017-02-12 20:10:15.174 INFO  network.Interpreter 328 axialToEdgeOrCorner - [{"x":1,"y":0},{"x":1,"y":-1}]. {19, 25}
2017-02-12 20:10:15.174 INFO  network.client.ClientListener 1102 build - Straße - [{"x":1,"y":0},{"x":1,"y":-1}] - {19, 25}
2017-02-12 20:10:15.174 INFO  network.client.Client 180 receiveMsg - {"Bauvorgang":{"Gebäude":{"Ort":[{"x":1,"y":0},{"x":1,"y":-1}],"Eigentümer":3,"Typ":"Straße"}}}
2017-02-12 20:10:15.199 INFO  network.client.Client 180 receiveMsg - {"Statusupdate":{"Spieler":{"Status":"Warten","Rittermacht":0,"Farbe":"Orange","Längste Handelsstraße":false,"Siegpunkte":1,"Rohstoffe":{"Unbekannt":0},"id":3,"Entwicklungskarten":{"Unbekannt":0},"Name":"KI (3)","Größte Rittermacht":false}}}
2017-02-12 20:10:15.267 INFO  network.client.Client 180 receiveMsg - {"Statusupdate":{"Spieler":{"Status":"Dorf bauen","Rittermacht":0,"Farbe":"Weiß","Längste Handelsstraße":false,"Siegpunkte":0,"Rohstoffe":{"Getreide":0,"Wolle":0,"Holz":0,"Lehm":0,"Erz":0},"id":4,"Entwicklungskarten":{"Straßenbau":0,"Erfindung":0,"Monopol":0,"Ritter":0,"Siegpunkt":0},"Name":"chris","Größte Rittermacht":false}}}
2017-02-12 20:10:18.361 INFO  network.client.Client 153 sendMsg - {"Bauen":{"Ort":[{"x":-1,"y":-1},{"x":0,"y":-1},{"x":0,"y":-2}],"Typ":"Dorf"}}
2017-02-12 20:10:18.362 INFO  network.client.Client 180 receiveMsg - {"Serverantwort":"OK"}
2017-02-12 20:10:18.383 INFO  network.Interpreter 328 axialToEdgeOrCorner - [{"x":-1,"y":-1},{"x":0,"y":-1},{"x":0,"y":-2}]. {23, 24, 29}
2017-02-12 20:10:18.384 INFO  network.Interpreter 328 axialToEdgeOrCorner - [{"x":-1,"y":-1},{"x":0,"y":-1},{"x":0,"y":-2}]. {23, 24, 29}
2017-02-12 20:10:18.384 INFO  network.client.ClientListener 1102 build - Dorf - [{"x":-1,"y":-1},{"x":0,"y":-1},{"x":0,"y":-2}] - {23, 24, 29}
2017-02-12 20:10:18.385 INFO  network.client.Client 180 receiveMsg - {"Bauvorgang":{"Gebäude":{"Ort":[{"x":-1,"y":-1},{"x":0,"y":-1},{"x":0,"y":-2}],"Eigentümer":4,"Typ":"Dorf"}}}
2017-02-12 20:10:18.456 INFO  network.client.Client 180 receiveMsg - {"Statusupdate":{"Spieler":{"Status":"Straße bauen","Rittermacht":0,"Farbe":"Weiß","Längste Handelsstraße":false,"Siegpunkte":1,"Rohstoffe":{"Getreide":0,"Wolle":0,"Holz":0,"Lehm":0,"Erz":0},"id":4,"Entwicklungskarten":{"Straßenbau":0,"Erfindung":0,"Monopol":0,"Ritter":0,"Siegpunkt":0},"Name":"chris","Größte Rittermacht":false}}}
2017-02-12 20:10:20.228 INFO  network.client.Client 153 sendMsg - {"Bauen":{"Ort":[{"x":-1,"y":-1},{"x":0,"y":-1}],"Typ":"Straße"}}
2017-02-12 20:10:20.230 INFO  network.client.Client 180 receiveMsg - {"Serverantwort":"OK"}
2017-02-12 20:10:20.248 INFO  network.Interpreter 328 axialToEdgeOrCorner - [{"x":-1,"y":-1},{"x":0,"y":-1}]. {23, 24}
2017-02-12 20:10:20.248 INFO  network.Interpreter 328 axialToEdgeOrCorner - [{"x":-1,"y":-1},{"x":0,"y":-1}]. {23, 24}
2017-02-12 20:10:20.248 INFO  network.client.ClientListener 1102 build - Straße - [{"x":-1,"y":-1},{"x":0,"y":-1}] - {23, 24}
2017-02-12 20:10:20.248 INFO  network.client.Client 180 receiveMsg - {"Bauvorgang":{"Gebäude":{"Ort":[{"x":-1,"y":-1},{"x":0,"y":-1}],"Eigentümer":4,"Typ":"Straße"}}}
2017-02-12 20:10:20.318 INFO  network.client.Client 180 receiveMsg - {"Statusupdate":{"Spieler":{"Status":"Warten","Rittermacht":0,"Farbe":"Weiß","Längste Handelsstraße":false,"Siegpunkte":1,"Rohstoffe":{"Getreide":0,"Wolle":0,"Holz":0,"Lehm":0,"Erz":0},"id":4,"Entwicklungskarten":{"Straßenbau":0,"Erfindung":0,"Monopol":0,"Ritter":0,"Siegpunkt":0},"Name":"chris","Größte Rittermacht":false}}}
2017-02-12 20:10:20.338 INFO  network.client.Client 180 receiveMsg - {"Statusupdate":{"Spieler":{"Status":"Dorf bauen","Rittermacht":0,"Farbe":"Blau","Längste Handelsstraße":false,"Siegpunkte":0,"Rohstoffe":{"Unbekannt":0},"id":1,"Entwicklungskarten":{"Unbekannt":0},"Name":"KI (1)","Größte Rittermacht":false}}}
2017-02-12 20:10:20.522 INFO  network.Interpreter 328 axialToEdgeOrCorner - [{"x":-1,"y":2},{"x":0,"y":2},{"x":0,"y":1}]. {6, 7, 12}
2017-02-12 20:10:20.522 INFO  network.Interpreter 328 axialToEdgeOrCorner - [{"x":-1,"y":2},{"x":0,"y":2},{"x":0,"y":1}]. {6, 7, 12}
2017-02-12 20:10:20.522 INFO  network.client.ClientListener 1102 build - Dorf - [{"x":-1,"y":2},{"x":0,"y":2},{"x":0,"y":1}] - {6, 7, 12}
2017-02-12 20:10:20.523 INFO  network.client.Client 180 receiveMsg - {"Bauvorgang":{"Gebäude":{"Ort":[{"x":-1,"y":2},{"x":0,"y":2},{"x":0,"y":1}],"Eigentümer":1,"Typ":"Dorf"}}}
2017-02-12 20:10:20.548 INFO  network.client.Client 180 receiveMsg - {"Statusupdate":{"Spieler":{"Status":"Straße bauen","Rittermacht":0,"Farbe":"Blau","Längste Handelsstraße":false,"Siegpunkte":1,"Rohstoffe":{"Unbekannt":0},"id":1,"Entwicklungskarten":{"Unbekannt":0},"Name":"KI (1)","Größte Rittermacht":false}}}
2017-02-12 20:10:20.871 INFO  network.Interpreter 328 axialToEdgeOrCorner - [{"x":-1,"y":2},{"x":0,"y":1}]. {6, 12}
2017-02-12 20:10:20.872 INFO  network.Interpreter 328 axialToEdgeOrCorner - [{"x":-1,"y":2},{"x":0,"y":1}]. {6, 12}
2017-02-12 20:10:20.872 INFO  network.client.ClientListener 1102 build - Straße - [{"x":-1,"y":2},{"x":0,"y":1}] - {6, 12}
2017-02-12 20:10:20.872 INFO  network.client.Client 180 receiveMsg - {"Bauvorgang":{"Gebäude":{"Ort":[{"x":-1,"y":2},{"x":0,"y":1}],"Eigentümer":1,"Typ":"Straße"}}}
2017-02-12 20:10:20.892 INFO  network.client.Client 180 receiveMsg - {"Statusupdate":{"Spieler":{"Status":"Dorf bauen","Rittermacht":0,"Farbe":"Blau","Längste Handelsstraße":false,"Siegpunkte":1,"Rohstoffe":{"Unbekannt":0},"id":1,"Entwicklungskarten":{"Unbekannt":0},"Name":"KI (1)","Größte Rittermacht":false}}}
2017-02-12 20:10:21.229 INFO  network.Interpreter 328 axialToEdgeOrCorner - [{"x":-2,"y":1},{"x":-2,"y":0},{"x":-1,"y":0}]. {10, 16, 17}
2017-02-12 20:10:21.230 INFO  network.Interpreter 328 axialToEdgeOrCorner - [{"x":-2,"y":1},{"x":-2,"y":0},{"x":-1,"y":0}]. {10, 16, 17}
2017-02-12 20:10:21.230 INFO  network.client.ClientListener 1102 build - Dorf - [{"x":-2,"y":1},{"x":-2,"y":0},{"x":-1,"y":0}] - {10, 16, 17}
2017-02-12 20:10:21.230 INFO  network.client.Client 180 receiveMsg - {"Bauvorgang":{"Gebäude":{"Ort":[{"x":-2,"y":1},{"x":-2,"y":0},{"x":-1,"y":0}],"Eigentümer":1,"Typ":"Dorf"}}}
2017-02-12 20:10:21.255 INFO  network.client.Client 180 receiveMsg - {"Ertrag":{"Rohstoffe":{"Getreide":1,"Wolle":1,"Erz":1},"Spieler":1}}
2017-02-12 20:10:21.319 INFO  network.client.Client 180 receiveMsg - {"Statusupdate":{"Spieler":{"Status":"Straße bauen","Rittermacht":0,"Farbe":"Blau","Längste Handelsstraße":false,"Siegpunkte":2,"Rohstoffe":{"Unbekannt":3},"id":1,"Entwicklungskarten":{"Unbekannt":0},"Name":"KI (1)","Größte Rittermacht":false}}}
2017-02-12 20:10:21.661 INFO  network.Interpreter 328 axialToEdgeOrCorner - [{"x":-2,"y":0},{"x":-1,"y":0}]. {16, 17}
2017-02-12 20:10:21.661 INFO  network.Interpreter 328 axialToEdgeOrCorner - [{"x":-2,"y":0},{"x":-1,"y":0}]. {16, 17}
2017-02-12 20:10:21.662 INFO  network.client.ClientListener 1102 build - Straße - [{"x":-2,"y":0},{"x":-1,"y":0}] - {16, 17}
2017-02-12 20:10:21.662 INFO  network.client.Client 180 receiveMsg - {"Bauvorgang":{"Gebäude":{"Ort":[{"x":-2,"y":0},{"x":-1,"y":0}],"Eigentümer":1,"Typ":"Straße"}}}
2017-02-12 20:10:21.681 INFO  network.client.Client 180 receiveMsg - {"Statusupdate":{"Spieler":{"Status":"Warten","Rittermacht":0,"Farbe":"Blau","Längste Handelsstraße":false,"Siegpunkte":2,"Rohstoffe":{"Unbekannt":3},"id":1,"Entwicklungskarten":{"Unbekannt":0},"Name":"KI (1)","Größte Rittermacht":false}}}
2017-02-12 20:10:21.753 INFO  network.client.Client 180 receiveMsg - {"Statusupdate":{"Spieler":{"Status":"Dorf bauen","Rittermacht":0,"Farbe":"Weiß","Längste Handelsstraße":false,"Siegpunkte":1,"Rohstoffe":{"Getreide":0,"Wolle":0,"Holz":0,"Lehm":0,"Erz":0},"id":4,"Entwicklungskarten":{"Straßenbau":0,"Erfindung":0,"Monopol":0,"Ritter":0,"Siegpunkt":0},"Name":"chris","Größte Rittermacht":false}}}
2017-02-12 20:10:23.164 INFO  network.client.Client 153 sendMsg - {"Bauen":{"Ort":[{"x":1,"y":1},{"x":1,"y":0},{"x":2,"y":0}],"Typ":"Dorf"}}
2017-02-12 20:10:23.165 INFO  network.client.Client 180 receiveMsg - {"Serverantwort":"OK"}
2017-02-12 20:10:23.184 INFO  network.Interpreter 328 axialToEdgeOrCorner - [{"x":1,"y":1},{"x":1,"y":0},{"x":2,"y":0}]. {13, 19, 20}
2017-02-12 20:10:23.185 INFO  network.Interpreter 328 axialToEdgeOrCorner - [{"x":1,"y":1},{"x":1,"y":0},{"x":2,"y":0}]. {13, 19, 20}
2017-02-12 20:10:23.185 INFO  network.client.ClientListener 1102 build - Dorf - [{"x":1,"y":1},{"x":1,"y":0},{"x":2,"y":0}] - {13, 19, 20}
2017-02-12 20:10:23.185 INFO  network.client.Client 180 receiveMsg - {"Bauvorgang":{"Gebäude":{"Ort":[{"x":1,"y":1},{"x":1,"y":0},{"x":2,"y":0}],"Eigentümer":4,"Typ":"Dorf"}}}
2017-02-12 20:10:23.256 INFO  network.client.Client 180 receiveMsg - {"Ertrag":{"Rohstoffe":{"Getreide":1,"Wolle":1,"Lehm":1},"Spieler":4}}
2017-02-12 20:10:23.272 INFO  network.client.Client 180 receiveMsg - {"Statusupdate":{"Spieler":{"Status":"Straße bauen","Rittermacht":0,"Farbe":"Weiß","Längste Handelsstraße":false,"Siegpunkte":2,"Rohstoffe":{"Getreide":1,"Wolle":1,"Holz":0,"Lehm":1,"Erz":0},"id":4,"Entwicklungskarten":{"Straßenbau":0,"Erfindung":0,"Monopol":0,"Ritter":0,"Siegpunkt":0},"Name":"chris","Größte Rittermacht":false}}}
2017-02-12 20:10:24.067 INFO  network.client.Client 153 sendMsg - {"Bauen":{"Ort":[{"x":1,"y":1},{"x":2,"y":0}],"Typ":"Straße"}}
2017-02-12 20:10:24.068 INFO  network.client.Client 180 receiveMsg - {"Serverantwort":"OK"}
2017-02-12 20:10:24.086 INFO  network.Interpreter 328 axialToEdgeOrCorner - [{"x":1,"y":1},{"x":2,"y":0}]. {13, 20}
2017-02-12 20:10:24.089 INFO  network.Interpreter 328 axialToEdgeOrCorner - [{"x":1,"y":1},{"x":2,"y":0}]. {13, 20}
2017-02-12 20:10:24.090 INFO  network.client.ClientListener 1102 build - Straße - [{"x":1,"y":1},{"x":2,"y":0}] - {13, 20}
2017-02-12 20:10:24.091 INFO  network.client.Client 180 receiveMsg - {"Bauvorgang":{"Gebäude":{"Ort":[{"x":1,"y":1},{"x":2,"y":0}],"Eigentümer":4,"Typ":"Straße"}}}
2017-02-12 20:10:24.164 INFO  network.client.Client 180 receiveMsg - {"Statusupdate":{"Spieler":{"Status":"Warten","Rittermacht":0,"Farbe":"Weiß","Längste Handelsstraße":false,"Siegpunkte":2,"Rohstoffe":{"Getreide":1,"Wolle":1,"Holz":0,"Lehm":1,"Erz":0},"id":4,"Entwicklungskarten":{"Straßenbau":0,"Erfindung":0,"Monopol":0,"Ritter":0,"Siegpunkt":0},"Name":"chris","Größte Rittermacht":false}}}
2017-02-12 20:10:24.184 INFO  network.client.Client 180 receiveMsg - {"Statusupdate":{"Spieler":{"Status":"Dorf bauen","Rittermacht":0,"Farbe":"Orange","Längste Handelsstraße":false,"Siegpunkte":1,"Rohstoffe":{"Unbekannt":0},"id":3,"Entwicklungskarten":{"Unbekannt":0},"Name":"KI (3)","Größte Rittermacht":false}}}
2017-02-12 20:10:24.372 INFO  network.Interpreter 328 axialToEdgeOrCorner - [{"x":-1,"y":1},{"x":-1,"y":0},{"x":0,"y":0}]. {11, 17, 18}
2017-02-12 20:10:24.372 INFO  network.Interpreter 328 axialToEdgeOrCorner - [{"x":-1,"y":1},{"x":-1,"y":0},{"x":0,"y":0}]. {11, 17, 18}
2017-02-12 20:10:24.372 INFO  network.client.ClientListener 1102 build - Dorf - [{"x":-1,"y":1},{"x":-1,"y":0},{"x":0,"y":0}] - {11, 17, 18}
2017-02-12 20:10:24.372 INFO  network.client.Client 180 receiveMsg - {"Bauvorgang":{"Gebäude":{"Ort":[{"x":-1,"y":1},{"x":-1,"y":0},{"x":0,"y":0}],"Eigentümer":3,"Typ":"Dorf"}}}
2017-02-12 20:10:24.396 INFO  network.client.Client 180 receiveMsg - {"Ertrag":{"Rohstoffe":{"Getreide":1,"Wolle":1,"Holz":1},"Spieler":3}}
2017-02-12 20:10:24.462 INFO  network.client.Client 180 receiveMsg - {"Statusupdate":{"Spieler":{"Status":"Straße bauen","Rittermacht":0,"Farbe":"Orange","Längste Handelsstraße":false,"Siegpunkte":2,"Rohstoffe":{"Unbekannt":3},"id":3,"Entwicklungskarten":{"Unbekannt":0},"Name":"KI (3)","Größte Rittermacht":false}}}
2017-02-12 20:10:24.800 INFO  network.Interpreter 328 axialToEdgeOrCorner - [{"x":-1,"y":1},{"x":-1,"y":0}]. {11, 17}
2017-02-12 20:10:24.801 INFO  network.Interpreter 328 axialToEdgeOrCorner - [{"x":-1,"y":1},{"x":-1,"y":0}]. {11, 17}
2017-02-12 20:10:24.801 INFO  network.client.ClientListener 1102 build - Straße - [{"x":-1,"y":1},{"x":-1,"y":0}] - {11, 17}
2017-02-12 20:10:24.801 INFO  network.client.Client 180 receiveMsg - {"Bauvorgang":{"Gebäude":{"Ort":[{"x":-1,"y":1},{"x":-1,"y":0}],"Eigentümer":3,"Typ":"Straße"}}}
2017-02-12 20:10:24.822 INFO  network.client.Client 180 receiveMsg - {"Statusupdate":{"Spieler":{"Status":"Warten","Rittermacht":0,"Farbe":"Orange","Längste Handelsstraße":false,"Siegpunkte":2,"Rohstoffe":{"Unbekannt":3},"id":3,"Entwicklungskarten":{"Unbekannt":0},"Name":"KI (3)","Größte Rittermacht":false}}}
2017-02-12 20:10:24.890 INFO  network.client.Client 180 receiveMsg - {"Statusupdate":{"Spieler":{"Status":"Dorf bauen","Rittermacht":0,"Farbe":"Rot","Längste Handelsstraße":false,"Siegpunkte":1,"Rohstoffe":{"Unbekannt":0},"id":2,"Entwicklungskarten":{"Unbekannt":0},"Name":"KI (2)","Größte Rittermacht":false}}}
2017-02-12 20:10:25.088 INFO  network.Interpreter 328 axialToEdgeOrCorner - [{"x":0,"y":0},{"x":0,"y":-1},{"x":1,"y":-1}]. {18, 24, 25}
2017-02-12 20:10:25.089 INFO  network.Interpreter 328 axialToEdgeOrCorner - [{"x":0,"y":0},{"x":0,"y":-1},{"x":1,"y":-1}]. {18, 24, 25}
2017-02-12 20:10:25.089 INFO  network.client.ClientListener 1102 build - Dorf - [{"x":0,"y":0},{"x":0,"y":-1},{"x":1,"y":-1}] - {18, 24, 25}
2017-02-12 20:10:25.089 INFO  network.client.Client 180 receiveMsg - {"Bauvorgang":{"Gebäude":{"Ort":[{"x":0,"y":0},{"x":0,"y":-1},{"x":1,"y":-1}],"Eigentümer":2,"Typ":"Dorf"}}}
2017-02-12 20:10:25.111 INFO  network.client.Client 180 receiveMsg - {"Ertrag":{"Rohstoffe":{"Getreide":1,"Wolle":1,"Holz":1},"Spieler":2}}
2017-02-12 20:10:25.180 INFO  network.client.Client 180 receiveMsg - {"Statusupdate":{"Spieler":{"Status":"Straße bauen","Rittermacht":0,"Farbe":"Rot","Längste Handelsstraße":false,"Siegpunkte":2,"Rohstoffe":{"Unbekannt":3},"id":2,"Entwicklungskarten":{"Unbekannt":0},"Name":"KI (2)","Größte Rittermacht":false}}}
2017-02-12 20:10:25.519 INFO  network.Interpreter 328 axialToEdgeOrCorner - [{"x":0,"y":-1},{"x":1,"y":-1}]. {24, 25}
2017-02-12 20:10:25.520 INFO  network.Interpreter 328 axialToEdgeOrCorner - [{"x":0,"y":-1},{"x":1,"y":-1}]. {24, 25}
2017-02-12 20:10:25.520 INFO  network.client.ClientListener 1102 build - Straße - [{"x":0,"y":-1},{"x":1,"y":-1}] - {24, 25}
2017-02-12 20:10:25.520 INFO  network.client.Client 180 receiveMsg - {"Bauvorgang":{"Gebäude":{"Ort":[{"x":0,"y":-1},{"x":1,"y":-1}],"Eigentümer":2,"Typ":"Straße"}}}
2017-02-12 20:10:25.539 INFO  network.client.Client 180 receiveMsg - {"Statusupdate":{"Spieler":{"Status":"Würfeln","Rittermacht":0,"Farbe":"Rot","Längste Handelsstraße":false,"Siegpunkte":2,"Rohstoffe":{"Unbekannt":3},"id":2,"Entwicklungskarten":{"Unbekannt":0},"Name":"KI (2)","Größte Rittermacht":false}}}
2017-02-12 20:10:25.775 INFO  network.client.Client 180 receiveMsg - {"Würfelwurf":{"Spieler":2,"Wurf":[1,2]}}
2017-02-12 20:10:25.810 INFO  network.client.Client 180 receiveMsg - {"Ertrag":{"Rohstoffe":{"Holz":1},"Spieler":1}}
2017-02-12 20:10:25.861 INFO  network.client.Client 180 receiveMsg - {"Ertrag":{"Rohstoffe":{"Holz":1},"Spieler":2}}
2017-02-12 20:10:25.896 INFO  network.client.Client 180 receiveMsg - {"Ertrag":{"Rohstoffe":{"Erz":1},"Spieler":4}}
2017-02-12 20:10:25.951 INFO  network.client.Client 180 receiveMsg - {"Statusupdate":{"Spieler":{"Status":"Handeln oder Bauen","Rittermacht":0,"Farbe":"Rot","Längste Handelsstraße":false,"Siegpunkte":2,"Rohstoffe":{"Unbekannt":4},"id":2,"Entwicklungskarten":{"Unbekannt":0},"Name":"KI (2)","Größte Rittermacht":false}}}
2017-02-12 20:10:26.520 INFO  network.client.Client 180 receiveMsg - {"Statusupdate":{"Spieler":{"Status":"Warten","Rittermacht":0,"Farbe":"Rot","Längste Handelsstraße":false,"Siegpunkte":2,"Rohstoffe":{"Unbekannt":4},"id":2,"Entwicklungskarten":{"Unbekannt":0},"Name":"KI (2)","Größte Rittermacht":false}}}
2017-02-12 20:10:26.537 INFO  network.client.Client 180 receiveMsg - {"Statusupdate":{"Spieler":{"Status":"Würfeln","Rittermacht":0,"Farbe":"Orange","Längste Handelsstraße":false,"Siegpunkte":2,"Rohstoffe":{"Unbekannt":3},"id":3,"Entwicklungskarten":{"Unbekannt":0},"Name":"KI (3)","Größte Rittermacht":false}}}
2017-02-12 20:10:26.615 INFO  network.client.Client 180 receiveMsg - {"Würfelwurf":{"Spieler":3,"Wurf":[4,6]}}
2017-02-12 20:10:26.640 INFO  network.client.Client 180 receiveMsg - {"Ertrag":{"Rohstoffe":{"Holz":1},"Spieler":3}}
2017-02-12 20:10:26.706 INFO  network.client.Client 180 receiveMsg - {"Statusupdate":{"Spieler":{"Status":"Handeln oder Bauen","Rittermacht":0,"Farbe":"Orange","Längste Handelsstraße":false,"Siegpunkte":2,"Rohstoffe":{"Unbekannt":4},"id":3,"Entwicklungskarten":{"Unbekannt":0},"Name":"KI (3)","Größte Rittermacht":false}}}
2017-02-12 20:10:27.188 INFO  network.client.Client 180 receiveMsg - {"Statusupdate":{"Spieler":{"Status":"Warten","Rittermacht":0,"Farbe":"Orange","Längste Handelsstraße":false,"Siegpunkte":2,"Rohstoffe":{"Unbekannt":4},"id":3,"Entwicklungskarten":{"Unbekannt":0},"Name":"KI (3)","Größte Rittermacht":false}}}
2017-02-12 20:10:27.195 INFO  network.client.Client 180 receiveMsg - {"Statusupdate":{"Spieler":{"Status":"Würfeln","Rittermacht":0,"Farbe":"Weiß","Längste Handelsstraße":false,"Siegpunkte":2,"Rohstoffe":{"Getreide":1,"Wolle":1,"Holz":0,"Lehm":1,"Erz":1},"id":4,"Entwicklungskarten":{"Straßenbau":0,"Erfindung":0,"Monopol":0,"Ritter":0,"Siegpunkt":0},"Name":"chris","Größte Rittermacht":false}}}
2017-02-12 20:10:31.378 INFO  network.client.Client 153 sendMsg - {"Würfeln":{}}
2017-02-12 20:10:31.379 INFO  network.client.Client 180 receiveMsg - {"Serverantwort":"OK"}
2017-02-12 20:10:31.398 INFO  network.client.Client 180 receiveMsg - {"Würfelwurf":{"Spieler":4,"Wurf":[2,2]}}
2017-02-12 20:10:31.465 INFO  network.client.Client 180 receiveMsg - {"Ertrag":{"Rohstoffe":{"Erz":1},"Spieler":1}}
2017-02-12 20:10:31.488 INFO  network.client.Client 180 receiveMsg - {"Ertrag":{"Rohstoffe":{"Getreide":1},"Spieler":2}}
2017-02-12 20:10:31.556 INFO  network.client.Client 180 receiveMsg - {"Ertrag":{"Rohstoffe":{"Getreide":1},"Spieler":4}}
2017-02-12 20:10:31.580 INFO  network.client.Client 180 receiveMsg - {"Statusupdate":{"Spieler":{"Status":"Handeln oder Bauen","Rittermacht":0,"Farbe":"Weiß","Längste Handelsstraße":false,"Siegpunkte":2,"Rohstoffe":{"Getreide":2,"Wolle":1,"Holz":0,"Lehm":1,"Erz":1},"id":4,"Entwicklungskarten":{"Straßenbau":0,"Erfindung":0,"Monopol":0,"Ritter":0,"Siegpunkt":0},"Name":"chris","Größte Rittermacht":false}}}
2017-02-12 20:10:35.054 INFO  network.client.Client 153 sendMsg - {"Zug beenden":{}}
2017-02-12 20:10:35.057 INFO  network.client.Client 180 receiveMsg - {"Statusupdate":{"Spieler":{"Status":"Warten","Rittermacht":0,"Farbe":"Weiß","Längste Handelsstraße":false,"Siegpunkte":2,"Rohstoffe":{"Getreide":2,"Wolle":1,"Holz":0,"Lehm":1,"Erz":1},"id":4,"Entwicklungskarten":{"Straßenbau":0,"Erfindung":0,"Monopol":0,"Ritter":0,"Siegpunkt":0},"Name":"chris","Größte Rittermacht":false}}}
2017-02-12 20:10:35.085 INFO  network.client.Client 180 receiveMsg - {"Statusupdate":{"Spieler":{"Status":"Würfeln","Rittermacht":0,"Farbe":"Blau","Längste Handelsstraße":false,"Siegpunkte":2,"Rohstoffe":{"Unbekannt":5},"id":1,"Entwicklungskarten":{"Unbekannt":0},"Name":"KI (1)","Größte Rittermacht":false}}}
2017-02-12 20:10:35.159 INFO  network.client.Client 180 receiveMsg - {"Würfelwurf":{"Spieler":1,"Wurf":[1,3]}}
2017-02-12 20:10:35.183 INFO  network.client.Client 180 receiveMsg - {"Ertrag":{"Rohstoffe":{"Erz":1},"Spieler":1}}
2017-02-12 20:10:35.249 INFO  network.client.Client 180 receiveMsg - {"Ertrag":{"Rohstoffe":{"Getreide":1},"Spieler":2}}
2017-02-12 20:10:35.272 INFO  network.client.Client 180 receiveMsg - {"Ertrag":{"Rohstoffe":{"Getreide":1},"Spieler":4}}
2017-02-12 20:10:35.340 INFO  network.client.Client 180 receiveMsg - {"Statusupdate":{"Spieler":{"Status":"Handeln oder Bauen","Rittermacht":0,"Farbe":"Blau","Längste Handelsstraße":false,"Siegpunkte":2,"Rohstoffe":{"Unbekannt":6},"id":1,"Entwicklungskarten":{"Unbekannt":0},"Name":"KI (1)","Größte Rittermacht":false}}}
2017-02-12 20:10:35.739 INFO  network.JsonLib 259 dev - Case not covered!
2017-02-12 20:10:35.739 INFO  network.client.Client 180 receiveMsg - {"Entwicklungskarte gekauft":{"Entwicklungskarte":"Unbekannt","Spieler":1}}
2017-02-12 20:10:35.756 INFO  network.client.Client 180 receiveMsg - {"Kosten":{"Rohstoffe":{"Unbekannt":3},"Spieler":1}}
2017-02-12 20:10:35.830 INFO  network.client.Client 180 receiveMsg - {"Statusupdate":{"Spieler":{"Status":"Handeln oder Bauen","Rittermacht":0,"Farbe":"Blau","Längste Handelsstraße":false,"Siegpunkte":2,"Rohstoffe":{"Unbekannt":3},"id":1,"Entwicklungskarten":{"Unbekannt":1},"Name":"KI (1)","Größte Rittermacht":false}}}
2017-02-12 20:10:36.152 INFO  network.client.Client 180 receiveMsg - {"Statusupdate":{"Spieler":{"Status":"Warten","Rittermacht":0,"Farbe":"Blau","Längste Handelsstraße":false,"Siegpunkte":2,"Rohstoffe":{"Unbekannt":3},"id":1,"Entwicklungskarten":{"Unbekannt":1},"Name":"KI (1)","Größte Rittermacht":false}}}
2017-02-12 20:10:36.170 INFO  network.client.Client 180 receiveMsg - {"Statusupdate":{"Spieler":{"Status":"Würfeln","Rittermacht":0,"Farbe":"Rot","Längste Handelsstraße":false,"Siegpunkte":2,"Rohstoffe":{"Unbekannt":6},"id":2,"Entwicklungskarten":{"Unbekannt":0},"Name":"KI (2)","Größte Rittermacht":false}}}
2017-02-12 20:10:36.241 INFO  network.client.Client 180 receiveMsg - {"Würfelwurf":{"Spieler":2,"Wurf":[5,5]}}
2017-02-12 20:10:36.265 INFO  network.client.Client 180 receiveMsg - {"Ertrag":{"Rohstoffe":{"Holz":1},"Spieler":3}}
2017-02-12 20:10:36.330 INFO  network.client.Client 180 receiveMsg - {"Statusupdate":{"Spieler":{"Status":"Handeln oder Bauen","Rittermacht":0,"Farbe":"Rot","Längste Handelsstraße":false,"Siegpunkte":2,"Rohstoffe":{"Unbekannt":6},"id":2,"Entwicklungskarten":{"Unbekannt":0},"Name":"KI (2)","Größte Rittermacht":false}}}
2017-02-12 20:10:36.823 INFO  network.client.Client 180 receiveMsg - {"Statusupdate":{"Spieler":{"Status":"Warten","Rittermacht":0,"Farbe":"Rot","Längste Handelsstraße":false,"Siegpunkte":2,"Rohstoffe":{"Unbekannt":6},"id":2,"Entwicklungskarten":{"Unbekannt":0},"Name":"KI (2)","Größte Rittermacht":false}}}
2017-02-12 20:10:36.841 INFO  network.client.Client 180 receiveMsg - {"Statusupdate":{"Spieler":{"Status":"Würfeln","Rittermacht":0,"Farbe":"Orange","Längste Handelsstraße":false,"Siegpunkte":2,"Rohstoffe":{"Unbekannt":5},"id":3,"Entwicklungskarten":{"Unbekannt":0},"Name":"KI (3)","Größte Rittermacht":false}}}
2017-02-12 20:10:36.920 INFO  network.client.Client 180 receiveMsg - {"Würfelwurf":{"Spieler":3,"Wurf":[1,1]}}
2017-02-12 20:10:36.944 INFO  network.client.Client 180 receiveMsg - {"Ertrag":{"Rohstoffe":{"Erz":1},"Spieler":1}}
2017-02-12 20:10:37.011 INFO  network.client.Client 180 receiveMsg - {"Statusupdate":{"Spieler":{"Status":"Handeln oder Bauen","Rittermacht":0,"Farbe":"Orange","Längste Handelsstraße":false,"Siegpunkte":2,"Rohstoffe":{"Unbekannt":5},"id":3,"Entwicklungskarten":{"Unbekannt":0},"Name":"KI (3)","Größte Rittermacht":false}}}
2017-02-12 20:10:37.504 INFO  network.client.Client 180 receiveMsg - {"Statusupdate":{"Spieler":{"Status":"Warten","Rittermacht":0,"Farbe":"Orange","Längste Handelsstraße":false,"Siegpunkte":2,"Rohstoffe":{"Unbekannt":5},"id":3,"Entwicklungskarten":{"Unbekannt":0},"Name":"KI (3)","Größte Rittermacht":false}}}
2017-02-12 20:10:37.511 INFO  network.client.Client 180 receiveMsg - {"Statusupdate":{"Spieler":{"Status":"Würfeln","Rittermacht":0,"Farbe":"Weiß","Längste Handelsstraße":false,"Siegpunkte":2,"Rohstoffe":{"Getreide":3,"Wolle":1,"Holz":0,"Lehm":1,"Erz":1},"id":4,"Entwicklungskarten":{"Straßenbau":0,"Erfindung":0,"Monopol":0,"Ritter":0,"Siegpunkt":0},"Name":"chris","Größte Rittermacht":false}}}
2017-02-12 20:10:38.231 INFO  network.client.Client 153 sendMsg - {"Würfeln":{}}
2017-02-12 20:10:38.232 INFO  network.client.Client 180 receiveMsg - {"Serverantwort":"OK"}
2017-02-12 20:10:38.248 INFO  network.client.Client 180 receiveMsg - {"Würfelwurf":{"Spieler":4,"Wurf":[5,5]}}
2017-02-12 20:10:38.322 INFO  network.client.Client 180 receiveMsg - {"Ertrag":{"Rohstoffe":{"Holz":1},"Spieler":3}}
2017-02-12 20:10:38.340 INFO  network.client.Client 180 receiveMsg - {"Statusupdate":{"Spieler":{"Status":"Handeln oder Bauen","Rittermacht":0,"Farbe":"Weiß","Längste Handelsstraße":false,"Siegpunkte":2,"Rohstoffe":{"Getreide":3,"Wolle":1,"Holz":0,"Lehm":1,"Erz":1},"id":4,"Entwicklungskarten":{"Straßenbau":0,"Erfindung":0,"Monopol":0,"Ritter":0,"Siegpunkt":0},"Name":"chris","Größte Rittermacht":false}}}
2017-02-12 20:10:40.406 INFO  network.client.Client 153 sendMsg - {"Entwicklungskarte kaufen":{}}
2017-02-12 20:10:40.411 INFO  network.client.Client 180 receiveMsg - {"Entwicklungskarte gekauft":{"Entwicklungskarte":"Siegpunkt","Spieler":4}}
2017-02-12 20:10:40.428 INFO  network.client.Client 180 receiveMsg - {"Kosten":{"Rohstoffe":{"Getreide":1,"Wolle":1,"Erz":1},"Spieler":4}}
2017-02-12 20:10:40.502 INFO  network.client.Client 180 receiveMsg - {"Statusupdate":{"Spieler":{"Status":"Handeln oder Bauen","Rittermacht":0,"Farbe":"Weiß","Längste Handelsstraße":false,"Siegpunkte":3,"Rohstoffe":{"Getreide":2,"Wolle":0,"Holz":0,"Lehm":1,"Erz":0},"id":4,"Entwicklungskarten":{"Straßenbau":0,"Erfindung":0,"Monopol":0,"Ritter":0,"Siegpunkt":1},"Name":"chris","Größte Rittermacht":false}}}
2017-02-12 20:10:43.296 INFO  network.client.Client 153 sendMsg - {"Zug beenden":{}}
2017-02-12 20:10:43.299 INFO  network.client.Client 180 receiveMsg - {"Statusupdate":{"Spieler":{"Status":"Warten","Rittermacht":0,"Farbe":"Weiß","Längste Handelsstraße":false,"Siegpunkte":3,"Rohstoffe":{"Getreide":2,"Wolle":0,"Holz":0,"Lehm":1,"Erz":0},"id":4,"Entwicklungskarten":{"Straßenbau":0,"Erfindung":0,"Monopol":0,"Ritter":0,"Siegpunkt":1},"Name":"chris","Größte Rittermacht":false}}}
2017-02-12 20:10:43.327 INFO  network.client.Client 180 receiveMsg - {"Statusupdate":{"Spieler":{"Status":"Würfeln","Rittermacht":0,"Farbe":"Blau","Längste Handelsstraße":false,"Siegpunkte":2,"Rohstoffe":{"Unbekannt":4},"id":1,"Entwicklungskarten":{"Unbekannt":1},"Name":"KI (1)","Größte Rittermacht":false}}}
2017-02-12 20:10:43.399 INFO  network.client.Client 180 receiveMsg - {"Würfelwurf":{"Spieler":1,"Wurf":[5,1]}}
2017-02-12 20:10:43.424 INFO  network.client.Client 180 receiveMsg - {"Ertrag":{"Rohstoffe":{"Wolle":1},"Spieler":1}}
2017-02-12 20:10:43.488 INFO  network.client.Client 180 receiveMsg - {"Ertrag":{"Rohstoffe":{"Lehm":1},"Spieler":3}}
2017-02-12 20:10:43.509 INFO  network.client.Client 180 receiveMsg - {"Ertrag":{"Rohstoffe":{"Lehm":1},"Spieler":2}}
2017-02-12 20:10:43.575 INFO  network.client.Client 180 receiveMsg - {"Ertrag":{"Rohstoffe":{"Lehm":1},"Spieler":4}}
2017-02-12 20:10:43.600 INFO  network.client.Client 180 receiveMsg - {"Statusupdate":{"Spieler":{"Status":"Handeln oder Bauen","Rittermacht":0,"Farbe":"Blau","Längste Handelsstraße":false,"Siegpunkte":2,"Rohstoffe":{"Unbekannt":5},"id":1,"Entwicklungskarten":{"Unbekannt":1},"Name":"KI (1)","Größte Rittermacht":false}}}
2017-02-12 20:10:44.062 INFO  network.client.Client 180 receiveMsg - {"Straßenbaukarte ausspielen":{"Straße 2":[{"x":-3,"y":1},{"x":-2,"y":0}],"Spieler":1,"Straße 1":[{"x":-2,"y":1},{"x":-2,"y":0}]}}
2017-02-12 20:10:44.085 INFO  network.Interpreter 328 axialToEdgeOrCorner - [{"x":-2,"y":1},{"x":-2,"y":0}]. {10, 16}
2017-02-12 20:10:44.086 INFO  network.Interpreter 328 axialToEdgeOrCorner - [{"x":-2,"y":1},{"x":-2,"y":0}]. {10, 16}
2017-02-12 20:10:44.086 INFO  network.client.ClientListener 1102 build - Straße - [{"x":-2,"y":1},{"x":-2,"y":0}] - {10, 16}
2017-02-12 20:10:44.086 INFO  network.client.Client 180 receiveMsg - {"Bauvorgang":{"Gebäude":{"Ort":[{"x":-2,"y":1},{"x":-2,"y":0}],"Eigentümer":1,"Typ":"Straße"}}}
2017-02-12 20:10:44.151 INFO  network.Interpreter 328 axialToEdgeOrCorner - [{"x":-3,"y":1},{"x":-2,"y":0}]. {9, 16}
2017-02-12 20:10:44.153 INFO  network.Interpreter 328 axialToEdgeOrCorner - [{"x":-3,"y":1},{"x":-2,"y":0}]. {9, 16}
2017-02-12 20:10:44.154 INFO  network.client.ClientListener 1102 build - Straße - [{"x":-3,"y":1},{"x":-2,"y":0}] - {9, 16}
2017-02-12 20:10:44.154 INFO  network.client.Client 180 receiveMsg - {"Bauvorgang":{"Gebäude":{"Ort":[{"x":-3,"y":1},{"x":-2,"y":0}],"Eigentümer":1,"Typ":"Straße"}}}
2017-02-12 20:10:44.176 INFO  network.client.Client 180 receiveMsg - {"Statusupdate":{"Spieler":{"Status":"Handeln oder Bauen","Rittermacht":0,"Farbe":"Blau","Längste Handelsstraße":false,"Siegpunkte":2,"Rohstoffe":{"Unbekannt":5},"id":1,"Entwicklungskarten":{"Unbekannt":0},"Name":"KI (1)","Größte Rittermacht":false}}}
2017-02-12 20:10:44.720 INFO  network.client.Client 180 receiveMsg - {"Statusupdate":{"Spieler":{"Status":"Warten","Rittermacht":0,"Farbe":"Blau","Längste Handelsstraße":false,"Siegpunkte":2,"Rohstoffe":{"Unbekannt":5},"id":1,"Entwicklungskarten":{"Unbekannt":0},"Name":"KI (1)","Größte Rittermacht":false}}}
2017-02-12 20:10:44.738 INFO  network.client.Client 180 receiveMsg - {"Statusupdate":{"Spieler":{"Status":"Würfeln","Rittermacht":0,"Farbe":"Rot","Längste Handelsstraße":false,"Siegpunkte":2,"Rohstoffe":{"Unbekannt":7},"id":2,"Entwicklungskarten":{"Unbekannt":0},"Name":"KI (2)","Größte Rittermacht":false}}}
2017-02-12 20:10:44.810 INFO  network.client.Client 180 receiveMsg - {"Würfelwurf":{"Spieler":2,"Wurf":[6,5]}}
2017-02-12 20:10:44.833 INFO  network.client.Client 180 receiveMsg - {"Ertrag":{"Rohstoffe":{"Wolle":1},"Spieler":3}}
2017-02-12 20:10:44.898 INFO  network.client.Client 180 receiveMsg - {"Ertrag":{"Rohstoffe":{"Wolle":2},"Spieler":2}}
2017-02-12 20:10:44.922 INFO  network.client.Client 180 receiveMsg - {"Ertrag":{"Rohstoffe":{"Getreide":1},"Spieler":4}}
2017-02-12 20:10:44.990 INFO  network.client.Client 180 receiveMsg - {"Statusupdate":{"Spieler":{"Status":"Handeln oder Bauen","Rittermacht":0,"Farbe":"Rot","Längste Handelsstraße":false,"Siegpunkte":2,"Rohstoffe":{"Unbekannt":9},"id":2,"Entwicklungskarten":{"Unbekannt":0},"Name":"KI (2)","Größte Rittermacht":false}}}
2017-02-12 20:10:45.454 INFO  network.Interpreter 328 axialToEdgeOrCorner - [{"x":0,"y":1},{"x":1,"y":1}]. {12, 13}
2017-02-12 20:10:45.455 INFO  network.Interpreter 328 axialToEdgeOrCorner - [{"x":0,"y":1},{"x":1,"y":1}]. {12, 13}
2017-02-12 20:10:45.455 INFO  network.client.ClientListener 1102 build - Straße - [{"x":0,"y":1},{"x":1,"y":1}] - {12, 13}
2017-02-12 20:10:45.455 INFO  network.client.Client 180 receiveMsg - {"Bauvorgang":{"Gebäude":{"Ort":[{"x":0,"y":1},{"x":1,"y":1}],"Eigentümer":2,"Typ":"Straße"}}}
2017-02-12 20:10:45.472 INFO  network.client.Client 180 receiveMsg - {"Kosten":{"Rohstoffe":{"Unbekannt":2},"Spieler":2}}
2017-02-12 20:10:45.543 INFO  network.client.Client 180 receiveMsg - {"Statusupdate":{"Spieler":{"Status":"Handeln oder Bauen","Rittermacht":0,"Farbe":"Rot","Längste Handelsstraße":false,"Siegpunkte":2,"Rohstoffe":{"Unbekannt":7},"id":2,"Entwicklungskarten":{"Unbekannt":0},"Name":"KI (2)","Größte Rittermacht":false}}}
2017-02-12 20:10:45.942 INFO  network.client.Client 180 receiveMsg - {"Statusupdate":{"Spieler":{"Status":"Warten","Rittermacht":0,"Farbe":"Rot","Längste Handelsstraße":false,"Siegpunkte":2,"Rohstoffe":{"Unbekannt":7},"id":2,"Entwicklungskarten":{"Unbekannt":0},"Name":"KI (2)","Größte Rittermacht":false}}}
2017-02-12 20:10:45.959 INFO  network.client.Client 180 receiveMsg - {"Statusupdate":{"Spieler":{"Status":"Würfeln","Rittermacht":0,"Farbe":"Orange","Längste Handelsstraße":false,"Siegpunkte":2,"Rohstoffe":{"Unbekannt":8},"id":3,"Entwicklungskarten":{"Unbekannt":0},"Name":"KI (3)","Größte Rittermacht":false}}}
2017-02-12 20:10:46.042 INFO  network.client.Client 180 receiveMsg - {"Würfelwurf":{"Spieler":3,"Wurf":[6,3]}}
2017-02-12 20:10:46.067 INFO  network.client.Client 180 receiveMsg - {"Ertrag":{"Rohstoffe":{"Getreide":1},"Spieler":1}}
2017-02-12 20:10:46.131 INFO  network.client.Client 180 receiveMsg - {"Ertrag":{"Rohstoffe":{"Getreide":2},"Spieler":3}}
2017-02-12 20:10:46.155 INFO  network.client.Client 180 receiveMsg - {"Statusupdate":{"Spieler":{"Status":"Handeln oder Bauen","Rittermacht":0,"Farbe":"Orange","Längste Handelsstraße":false,"Siegpunkte":2,"Rohstoffe":{"Unbekannt":10},"id":3,"Entwicklungskarten":{"Unbekannt":0},"Name":"KI (3)","Größte Rittermacht":false}}}
2017-02-12 20:10:46.602 INFO  network.Interpreter 328 axialToEdgeOrCorner - [{"x":-2,"y":1},{"x":-1,"y":1}]. {10, 11}
2017-02-12 20:10:46.603 INFO  network.Interpreter 328 axialToEdgeOrCorner - [{"x":-2,"y":1},{"x":-1,"y":1}]. {10, 11}
2017-02-12 20:10:46.603 INFO  network.client.ClientListener 1102 build - Straße - [{"x":-2,"y":1},{"x":-1,"y":1}] - {10, 11}
2017-02-12 20:10:46.603 INFO  network.client.Client 180 receiveMsg - {"Bauvorgang":{"Gebäude":{"Ort":[{"x":-2,"y":1},{"x":-1,"y":1}],"Eigentümer":3,"Typ":"Straße"}}}
2017-02-12 20:10:46.619 INFO  network.client.Client 180 receiveMsg - {"Kosten":{"Rohstoffe":{"Unbekannt":2},"Spieler":3}}
2017-02-12 20:10:46.689 INFO  network.client.Client 180 receiveMsg - {"Statusupdate":{"Spieler":{"Status":"Handeln oder Bauen","Rittermacht":0,"Farbe":"Orange","Längste Handelsstraße":false,"Siegpunkte":2,"Rohstoffe":{"Unbekannt":8},"id":3,"Entwicklungskarten":{"Unbekannt":0},"Name":"KI (3)","Größte Rittermacht":false}}}
2017-02-12 20:10:47.096 INFO  network.client.Client 180 receiveMsg - {"Statusupdate":{"Spieler":{"Status":"Warten","Rittermacht":0,"Farbe":"Orange","Längste Handelsstraße":false,"Siegpunkte":2,"Rohstoffe":{"Unbekannt":8},"id":3,"Entwicklungskarten":{"Unbekannt":0},"Name":"KI (3)","Größte Rittermacht":false}}}
2017-02-12 20:10:47.103 INFO  network.client.Client 180 receiveMsg - {"Statusupdate":{"Spieler":{"Status":"Würfeln","Rittermacht":0,"Farbe":"Weiß","Längste Handelsstraße":false,"Siegpunkte":3,"Rohstoffe":{"Getreide":3,"Wolle":0,"Holz":0,"Lehm":2,"Erz":0},"id":4,"Entwicklungskarten":{"Straßenbau":0,"Erfindung":0,"Monopol":0,"Ritter":0,"Siegpunkt":1},"Name":"chris","Größte Rittermacht":false}}}
2017-02-12 20:10:47.625 INFO  network.client.Client 153 sendMsg - {"Würfeln":{}}
2017-02-12 20:10:47.626 INFO  network.client.Client 180 receiveMsg - {"Serverantwort":"OK"}
2017-02-12 20:10:47.643 INFO  network.client.Client 180 receiveMsg - {"Würfelwurf":{"Spieler":4,"Wurf":[6,4]}}
2017-02-12 20:10:47.712 INFO  network.client.Client 180 receiveMsg - {"Ertrag":{"Rohstoffe":{"Holz":1},"Spieler":3}}
2017-02-12 20:10:47.734 INFO  network.client.Client 180 receiveMsg - {"Statusupdate":{"Spieler":{"Status":"Handeln oder Bauen","Rittermacht":0,"Farbe":"Weiß","Längste Handelsstraße":false,"Siegpunkte":3,"Rohstoffe":{"Getreide":3,"Wolle":0,"Holz":0,"Lehm":2,"Erz":0},"id":4,"Entwicklungskarten":{"Straßenbau":0,"Erfindung":0,"Monopol":0,"Ritter":0,"Siegpunkt":1},"Name":"chris","Größte Rittermacht":false}}}
2017-02-12 20:11:30.716 INFO  network.client.Client 153 sendMsg - {"Seehandel":{"Nachfrage":{},"Angebot":{}}}
2017-02-12 20:11:30.717 WARN  network.client.ClientListener 566 serverResponse - Case not covered!
2017-02-12 20:11:30.717 INFO  network.client.Client 180 receiveMsg - {"Serverantwort":"Ratio of resources is wrong."}
